2024-09-04 11:22:00,100 [INFO] Activator:176 - 


2024-09-04 11:22:00,110 [INFO] Activator:177 - !SESSION log4j initialized
2024-09-04 11:22:08,337 [INFO] LogOutputStream:77 - [STDOUT_REDIRECT] 
2024-09-04 11:22:11,461 [INFO] ApplicationProperties:184 - Using Application install path: D:\STM32CubeIDE_1.13.0\STM32CubeIDE\plugins\com.st.stm32cube.common.mx_6.11.0.202403141607
2024-09-04 11:22:11,484 [INFO] DbMcusXml:78 - Set database path to: D:\STM32CubeIDE_1.13.0\STM32CubeIDE\plugins\com.st.stm32cube.common.mx_6.11.0.202403141607\\db\/mcu/
2024-09-04 11:22:11,484 [INFO] ApiDb:274 - Set plugin database path to: D:\STM32CubeIDE_1.13.0\STM32CubeIDE\plugins\com.st.stm32cube.common.mx_6.11.0.202403141607\\db\/plugins/boardmanager/
2024-09-04 11:22:11,485 [WARN] ApiDb:259 - Overriding images path with different value:  => D:\STM32CubeIDE_1.13.0\STM32CubeIDE\plugins\com.st.stm32cube.common.mx_6.11.0.202403141607\\db\/plugins/mcufinder/images/
2024-09-04 11:22:11,500 [INFO] ApiDb:250 - Set database path to: C:\Users\66405\.stmcufinder\plugins\mcufinder//mcu/
2024-09-04 11:22:11,502 [INFO] DbMcusAds:125 - Set database path to: C:\Users\66405\.stmcufinder\plugins\mcufinder//mcu/
2024-09-04 11:22:11,505 [INFO] CrossReferenceDbSqlite:203 - Set database path to: C:\Users\66405\.stmcufinder\plugins\mcufinder//mcu/cs/
2024-09-04 11:22:11,679 [INFO] RulesReader:64 - Compatibility file has been processed (297 Rules)
2024-09-04 11:22:11,837 [INFO] DbMcusXml:78 - Set database path to: D:\STM32CubeIDE_1.13.0\STM32CubeIDE\plugins\com.st.stm32cube.common.mx_6.11.0.202403141607\\db\/mcu/
2024-09-04 11:22:11,838 [INFO] ApiDb:274 - Set plugin database path to: D:\STM32CubeIDE_1.13.0\STM32CubeIDE\plugins\com.st.stm32cube.common.mx_6.11.0.202403141607\\db\/plugins/boardmanager/
2024-09-04 11:22:11,838 [INFO] ApiDb:261 - Set plugin images path to: D:\STM32CubeIDE_1.13.0\STM32CubeIDE\plugins\com.st.stm32cube.common.mx_6.11.0.202403141607\\db\/plugins/mcufinder/images/
2024-09-04 11:22:11,839 [WARN] DbFile:41 - Overriding database path with different value: C:\Users\66405\.stmcufinder\plugins\mcufinder/ => C:\Users\66405\.stmcufinder\plugins\mcufinder
2024-09-04 11:22:11,839 [INFO] ApiDb:250 - Set database path to: C:\Users\66405\.stmcufinder\plugins\mcufinder//mcu/
2024-09-04 11:22:11,839 [WARN] DbFile:41 - Overriding database path with different value: C:\Users\66405\.stmcufinder\plugins\mcufinder/ => C:\Users\66405\.stmcufinder\plugins\mcufinder
2024-09-04 11:22:11,839 [INFO] DbMcusAds:125 - Set database path to: C:\Users\66405\.stmcufinder\plugins\mcufinder//mcu/
2024-09-04 11:22:11,839 [WARN] DbFile:41 - Overriding database path with different value: C:\Users\66405\.stmcufinder\plugins\mcufinder/ => C:\Users\66405\.stmcufinder\plugins\mcufinder
2024-09-04 11:22:11,839 [WARN] DbFile:41 - Overriding database path with different value: C:\Users\66405\.stmcufinder\plugins\mcufinder/ => C:\Users\66405\.stmcufinder\plugins\mcufinder
2024-09-04 11:22:11,840 [INFO] CrossReferenceDbSqlite:203 - Set database path to: C:\Users\66405\.stmcufinder\plugins\mcufinder//mcu/cs/
2024-09-04 11:22:11,964 [INFO] MainPanel:264 - HeapMemory: 268435456
2024-09-04 11:22:12,114 [INFO] DbMcusXml:78 - Set database path to: D:\STM32CubeIDE_1.13.0\STM32CubeIDE\plugins\com.st.stm32cube.common.mx_6.11.0.202403141607\\db\/mcu/
2024-09-04 11:22:12,114 [INFO] ApiDb:274 - Set plugin database path to: D:\STM32CubeIDE_1.13.0\STM32CubeIDE\plugins\com.st.stm32cube.common.mx_6.11.0.202403141607\\db\/plugins/boardmanager/
2024-09-04 11:22:12,114 [INFO] ApiDb:261 - Set plugin images path to: D:\STM32CubeIDE_1.13.0\STM32CubeIDE\plugins\com.st.stm32cube.common.mx_6.11.0.202403141607\\db\/plugins/mcufinder/images/
2024-09-04 11:22:12,115 [WARN] DbFile:41 - Overriding database path with different value: C:\Users\66405\.stmcufinder\plugins\mcufinder/ => C:\Users\66405\.stmcufinder\plugins\mcufinder
2024-09-04 11:22:12,115 [INFO] ApiDb:250 - Set database path to: C:\Users\66405\.stmcufinder\plugins\mcufinder//mcu/
2024-09-04 11:22:12,115 [WARN] DbFile:41 - Overriding database path with different value: C:\Users\66405\.stmcufinder\plugins\mcufinder/ => C:\Users\66405\.stmcufinder\plugins\mcufinder
2024-09-04 11:22:12,115 [INFO] DbMcusAds:125 - Set database path to: C:\Users\66405\.stmcufinder\plugins\mcufinder//mcu/
2024-09-04 11:22:12,115 [WARN] DbFile:41 - Overriding database path with different value: C:\Users\66405\.stmcufinder\plugins\mcufinder/ => C:\Users\66405\.stmcufinder\plugins\mcufinder
2024-09-04 11:22:12,115 [WARN] DbFile:41 - Overriding database path with different value: C:\Users\66405\.stmcufinder\plugins\mcufinder/ => C:\Users\66405\.stmcufinder\plugins\mcufinder
2024-09-04 11:22:12,115 [INFO] CrossReferenceDbSqlite:203 - Set database path to: C:\Users\66405\.stmcufinder\plugins\mcufinder//mcu/cs/
2024-09-04 11:22:12,145 [INFO] ApplicationProperties:184 - Using Application install path: D:\STM32CubeIDE_1.13.0\STM32CubeIDE\plugins\com.st.stm32cube.common.mx_6.11.0.202403141607
2024-09-04 11:22:12,147 [INFO] PluginManage:196 - Search for loadable plugins [exclusion list=, ]
2024-09-04 11:22:12,150 [INFO] PluginManage:310 - Check plugin analytics
2024-09-04 11:22:12,395 [INFO] AnalyticsPlugin:253 - Accepted Software Licenses: 
2024-09-04 11:22:12,395 [INFO] AnalyticsPlugin:255 - Accepted CMSIS Pack Licenses: 
2024-09-04 11:22:12,395 [INFO] AnalyticsPlugin:257 - Accepted Firmware Licenses: FW.L4.1.18.0
2024-09-04 11:22:12,399 [INFO] PluginManage:359 - Loaded plugin analytics (category:tool,tabindex:-1)
2024-09-04 11:22:12,399 [INFO] PluginManage:310 - Check plugin cadmodel
2024-09-04 11:22:12,408 [INFO] CADModel:105 - Init CAD model plugin
2024-09-04 11:22:12,408 [INFO] PluginManage:359 - Loaded plugin cadmodel (category:power,tabindex:5)
2024-09-04 11:22:12,408 [INFO] PluginManage:310 - Check plugin clock
2024-09-04 11:22:12,427 [INFO] PluginManage:359 - Loaded plugin clock (category:base,tabindex:2)
2024-09-04 11:22:12,428 [INFO] PluginManage:310 - Check plugin ddr
2024-09-04 11:22:12,432 [INFO] PluginManage:359 - Loaded plugin ddr (category:tool,tabindex:6)
2024-09-04 11:22:12,432 [INFO] PluginManage:310 - Check plugin filemanager
2024-09-04 11:22:12,634 [INFO] PluginManage:359 - Loaded plugin filemanager (category:base,tabindex:10)
2024-09-04 11:22:12,634 [INFO] PluginManage:310 - Check plugin ipmanager
2024-09-04 11:22:12,646 [INFO] PluginManage:359 - Loaded plugin ipmanager (category:base,tabindex:5)
2024-09-04 11:22:12,647 [INFO] PluginManage:310 - Check plugin lpbam
2024-09-04 11:22:12,660 [INFO] PluginManage:359 - Loaded plugin lpbam (category:base,tabindex:0)
2024-09-04 11:22:12,660 [INFO] PluginManage:310 - Check plugin memorymap
2024-09-04 11:22:12,685 [INFO] PluginManage:359 - Loaded plugin memorymap (category:base,tabindex:4)
2024-09-04 11:22:12,685 [INFO] PluginManage:310 - Check plugin pinoutandconfiguration
2024-09-04 11:22:12,707 [INFO] PluginManage:359 - Loaded plugin pinoutandconfiguration (category:base,tabindex:1)
2024-09-04 11:22:12,708 [INFO] PluginManage:310 - Check plugin pinoutconfig
2024-09-04 11:22:12,863 [WARN] SupportedApi:132 - Cannot load RTOS API schema: s4s-elt-must-match.1: The content of 'definitions' must match (annotation?, (simpleType | complexType)?, (unique | key | keyref)*)). A problem was found starting at: attribute.
2024-09-04 11:22:13,180 [INFO] PluginManage:359 - Loaded plugin pinoutconfig (category:base,tabindex:0)
2024-09-04 11:22:13,180 [INFO] PluginManage:310 - Check plugin power
2024-09-04 11:22:13,206 [INFO] PluginManage:359 - Loaded plugin power (category:power,tabindex:4)
2024-09-04 11:22:13,207 [INFO] PluginManage:310 - Check plugin projectmanager
2024-09-04 11:22:13,255 [INFO] PluginManage:359 - Loaded plugin projectmanager (category:projectmanager,tabindex:3)
2024-09-04 11:22:13,255 [INFO] PluginManage:310 - Check plugin thirdparty
2024-09-04 11:22:13,565 [INFO] PluginManage:359 - Loaded plugin thirdparty (category:base,tabindex:-1)
2024-09-04 11:22:13,565 [INFO] PluginManage:310 - Check plugin tools
2024-09-04 11:22:13,568 [WARN] IntegrityCheckThread:84 - waiting for thirdparty lock release [integrity check]
2024-09-04 11:22:13,569 [INFO] IntegrityCheckThread:86 - entering critical section [integrity check]
2024-09-04 11:22:13,570 [INFO] ThirdPartyUpdaterWithRetryManager:70 - Updater plugin not ready yet. [1/15]
2024-09-04 11:22:13,573 [INFO] PluginManage:359 - Loaded plugin tools (category:base,tabindex:7)
2024-09-04 11:22:13,573 [INFO] PluginManage:310 - Check plugin tutovideos
2024-09-04 11:22:13,898 [INFO] PluginManage:359 - Loaded plugin tutovideos (category:base,tabindex:-1)
2024-09-04 11:22:13,898 [INFO] PluginManage:310 - Check plugin updater
2024-09-04 11:22:13,915 [INFO] PluginManage:359 - Loaded plugin updater (category:base,tabindex:12)
2024-09-04 11:22:13,915 [INFO] PluginManage:310 - Check plugin userauth
2024-09-04 11:22:13,923 [INFO] UserAuth:114 - Init User Auth plugin
2024-09-04 11:22:13,924 [INFO] PluginManage:359 - Loaded plugin userauth (category:base,tabindex:14)
2024-09-04 11:22:13,924 [INFO] PluginManage:283 - PluginManage : Loaded plugins [17]
2024-09-04 11:22:14,390 [INFO] PinOutPanel:1561 - setPackage(No Configuration,No Configuration)
2024-09-04 11:22:14,547 [INFO] CADModel:165 - CPN selected for project level
2024-09-04 11:22:14,548 [INFO] CADModel:114 - Register for checkConnection events
2024-09-04 11:22:14,589 [INFO] IPUIPlugin:80 - create IPUIPlugin
2024-09-04 11:22:14,589 [INFO] PluginManager:220 - loadIPPluginJar : add adc
2024-09-04 11:22:14,595 [INFO] IPUIPlugin:80 - create IPUIPlugin
2024-09-04 11:22:14,596 [INFO] PluginManager:220 - loadIPPluginJar : add aes
2024-09-04 11:22:14,602 [INFO] IPUIPlugin:80 - create IPUIPlugin
2024-09-04 11:22:14,603 [INFO] PluginManager:220 - loadIPPluginJar : add can
2024-09-04 11:22:14,606 [INFO] IPUIPlugin:80 - create IPUIPlugin
2024-09-04 11:22:14,607 [INFO] PluginManager:220 - loadIPPluginJar : add comp
2024-09-04 11:22:14,611 [INFO] IPUIPlugin:80 - create IPUIPlugin
2024-09-04 11:22:14,621 [INFO] PluginManager:220 - loadIPPluginJar : add cryp
2024-09-04 11:22:14,631 [INFO] IPUIPlugin:80 - create IPUIPlugin
2024-09-04 11:22:14,632 [INFO] PluginManager:220 - loadIPPluginJar : add dfsdm
2024-09-04 11:22:14,642 [INFO] IPUIPlugin:80 - create IPUIPlugin
2024-09-04 11:22:14,643 [INFO] PluginManager:220 - loadIPPluginJar : add dma
2024-09-04 11:22:14,648 [INFO] IPUIPlugin:80 - create IPUIPlugin
2024-09-04 11:22:14,649 [INFO] PluginManager:220 - loadIPPluginJar : add dma3
2024-09-04 11:22:14,655 [INFO] IPUIPlugin:80 - create IPUIPlugin
2024-09-04 11:22:14,655 [INFO] PluginManager:220 - loadIPPluginJar : add extmemmanager
2024-09-04 11:22:14,660 [INFO] IPUIPlugin:80 - create IPUIPlugin
2024-09-04 11:22:14,660 [INFO] PluginManager:220 - loadIPPluginJar : add fatfs
2024-09-04 11:22:14,676 [INFO] IPUIPlugin:80 - create IPUIPlugin
2024-09-04 11:22:14,677 [INFO] PluginManager:220 - loadIPPluginJar : add fmc
2024-09-04 11:22:14,689 [INFO] IPUIPlugin:80 - create IPUIPlugin
2024-09-04 11:22:14,690 [INFO] PluginManager:220 - loadIPPluginJar : add freertos
2024-09-04 11:22:14,711 [INFO] IPUIPlugin:80 - create IPUIPlugin
2024-09-04 11:22:14,712 [INFO] PluginManager:220 - loadIPPluginJar : add genericplugin
2024-09-04 11:22:14,736 [INFO] IPUIPlugin:80 - create IPUIPlugin
2024-09-04 11:22:14,736 [INFO] PluginManager:220 - loadIPPluginJar : add gfxmmu
2024-09-04 11:22:14,752 [INFO] IPUIPlugin:80 - create IPUIPlugin
2024-09-04 11:22:14,753 [INFO] PluginManager:220 - loadIPPluginJar : add gic
2024-09-04 11:22:14,762 [INFO] IPUIPlugin:80 - create IPUIPlugin
2024-09-04 11:22:14,762 [INFO] PluginManager:220 - loadIPPluginJar : add gpio
2024-09-04 11:22:14,769 [INFO] IPUIPlugin:80 - create IPUIPlugin
2024-09-04 11:22:14,770 [INFO] PluginManager:220 - loadIPPluginJar : add gtzc
2024-09-04 11:22:14,777 [INFO] IPUIPlugin:80 - create IPUIPlugin
2024-09-04 11:22:14,777 [INFO] PluginManager:220 - loadIPPluginJar : add hash
2024-09-04 11:22:14,782 [INFO] IPUIPlugin:80 - create IPUIPlugin
2024-09-04 11:22:14,783 [INFO] PluginManager:220 - loadIPPluginJar : add i2c
2024-09-04 11:22:14,790 [INFO] IPUIPlugin:80 - create IPUIPlugin
2024-09-04 11:22:14,791 [INFO] PluginManager:220 - loadIPPluginJar : add i2s
2024-09-04 11:22:14,798 [INFO] IPUIPlugin:80 - create IPUIPlugin
2024-09-04 11:22:14,798 [INFO] PluginManager:220 - loadIPPluginJar : add i3c
2024-09-04 11:22:14,806 [INFO] IPUIPlugin:80 - create IPUIPlugin
2024-09-04 11:22:14,806 [INFO] PluginManager:220 - loadIPPluginJar : add ipddr
2024-09-04 11:22:14,819 [INFO] IPUIPlugin:80 - create IPUIPlugin
2024-09-04 11:22:14,820 [INFO] PluginManager:220 - loadIPPluginJar : add linkedlist
2024-09-04 11:22:14,824 [INFO] IPUIPlugin:80 - create IPUIPlugin
2024-09-04 11:22:14,824 [INFO] PluginManager:220 - loadIPPluginJar : add lorawan
2024-09-04 11:22:14,828 [INFO] IPUIPlugin:80 - create IPUIPlugin
2024-09-04 11:22:14,828 [INFO] PluginManager:220 - loadIPPluginJar : add ltdc
2024-09-04 11:22:14,837 [INFO] IPUIPlugin:80 - create IPUIPlugin
2024-09-04 11:22:14,838 [INFO] PluginManager:220 - loadIPPluginJar : add mdma
2024-09-04 11:22:14,846 [INFO] IPUIPlugin:80 - create IPUIPlugin
2024-09-04 11:22:14,847 [INFO] PluginManager:220 - loadIPPluginJar : add nvic
2024-09-04 11:22:14,853 [INFO] IPUIPlugin:80 - create IPUIPlugin
2024-09-04 11:22:14,853 [INFO] PluginManager:220 - loadIPPluginJar : add opamp
2024-09-04 11:22:14,859 [INFO] IPUIPlugin:80 - create IPUIPlugin
2024-09-04 11:22:14,859 [INFO] PluginManager:220 - loadIPPluginJar : add openamp
2024-09-04 11:22:14,865 [INFO] IPUIPlugin:80 - create IPUIPlugin
2024-09-04 11:22:14,866 [INFO] PluginManager:220 - loadIPPluginJar : add pdm2pcm
2024-09-04 11:22:14,879 [INFO] IPUIPlugin:80 - create IPUIPlugin
2024-09-04 11:22:14,885 [INFO] PluginManager:220 - loadIPPluginJar : add plateformsettings
2024-09-04 11:22:14,889 [INFO] IPUIPlugin:80 - create IPUIPlugin
2024-09-04 11:22:14,889 [INFO] PluginManager:220 - loadIPPluginJar : add quadspi
2024-09-04 11:22:14,896 [INFO] IPUIPlugin:80 - create IPUIPlugin
2024-09-04 11:22:14,897 [INFO] PluginManager:220 - loadIPPluginJar : add resmgrutility
2024-09-04 11:22:14,903 [INFO] IPUIPlugin:80 - create IPUIPlugin
2024-09-04 11:22:14,904 [INFO] PluginManager:220 - loadIPPluginJar : add sai
2024-09-04 11:22:14,912 [INFO] IPUIPlugin:80 - create IPUIPlugin
2024-09-04 11:22:14,913 [INFO] PluginManager:220 - loadIPPluginJar : add spi
2024-09-04 11:22:14,923 [INFO] IPUIPlugin:80 - create IPUIPlugin
2024-09-04 11:22:14,923 [INFO] PluginManager:220 - loadIPPluginJar : add stm32_wpan
2024-09-04 11:22:14,926 [INFO] IPUIPlugin:80 - create IPUIPlugin
2024-09-04 11:22:14,926 [INFO] PluginManager:220 - loadIPPluginJar : add tim
2024-09-04 11:22:14,932 [INFO] IPUIPlugin:80 - create IPUIPlugin
2024-09-04 11:22:14,932 [INFO] PluginManager:220 - loadIPPluginJar : add touchsensing
2024-09-04 11:22:14,943 [INFO] IPUIPlugin:80 - create IPUIPlugin
2024-09-04 11:22:14,943 [INFO] PluginManager:220 - loadIPPluginJar : add tracer_emb
2024-09-04 11:22:14,946 [INFO] IPUIPlugin:80 - create IPUIPlugin
2024-09-04 11:22:14,946 [INFO] PluginManager:220 - loadIPPluginJar : add ts
2024-09-04 11:22:14,949 [INFO] IPUIPlugin:80 - create IPUIPlugin
2024-09-04 11:22:14,950 [INFO] PluginManager:220 - loadIPPluginJar : add tsc
2024-09-04 11:22:14,953 [INFO] IPUIPlugin:80 - create IPUIPlugin
2024-09-04 11:22:14,953 [INFO] PluginManager:220 - loadIPPluginJar : add ucpd
2024-09-04 11:22:14,958 [INFO] IPUIPlugin:80 - create IPUIPlugin
2024-09-04 11:22:14,959 [INFO] PluginManager:220 - loadIPPluginJar : add usart
2024-09-04 11:22:14,964 [INFO] IPUIPlugin:80 - create IPUIPlugin
2024-09-04 11:22:14,964 [INFO] PluginManager:220 - loadIPPluginJar : add usbx
2024-09-04 11:22:15,137 [INFO] CADModel:165 - CPN selected for project level
2024-09-04 11:22:15,137 [INFO] CADModel:114 - Register for checkConnection events
2024-09-04 11:22:15,138 [FATAL] Updater:308 - Updater called before beeing initialized
2024-09-04 11:22:15,138 [ERROR] CADModel:125 - Updater not yet initialized, retry later 
2024-09-04 11:22:15,327 [INFO] CADModel:165 - CPN selected for project level
2024-09-04 11:22:15,327 [INFO] CADModel:114 - Register for checkConnection events
2024-09-04 11:22:15,327 [FATAL] Updater:308 - Updater called before beeing initialized
2024-09-04 11:22:15,327 [ERROR] CADModel:125 - Updater not yet initialized, retry later 
2024-09-04 11:22:15,331 [FATAL] Updater:308 - Updater called before beeing initialized
2024-09-04 11:22:15,478 [FATAL] Updater:308 - Updater called before beeing initialized
2024-09-04 11:22:15,482 [INFO] DbMcusAds:53 - JSON generation date=Thu May 16 10:22:00 IST 2024 (1715851320667)
2024-09-04 11:22:15,482 [FATAL] Updater:308 - Updater called before beeing initialized
2024-09-04 11:22:15,537 [WARN] DetailPanel:346 - Failed to get advertising image, set to default
2024-09-04 11:22:15,692 [FATAL] Updater:308 - Updater called before beeing initialized
2024-09-04 11:22:15,697 [FATAL] Updater:308 - Updater called before beeing initialized
2024-09-04 11:22:15,697 [FATAL] Updater:308 - Updater called before beeing initialized
2024-09-04 11:22:15,697 [WARN] DetailPanel:346 - Failed to get advertising image, set to default
2024-09-04 11:22:15,699 [FATAL] Updater:308 - Updater called before beeing initialized
2024-09-04 11:22:15,792 [ERROR] Updater:1120 - MainUpdater not yet initialized. External WinMGr cannot be set.
2024-09-04 11:22:15,798 [INFO] Updater:1056 - Updater Version found : 6.11.0
2024-09-04 11:22:15,837 [INFO] ApplicationProperties:184 - Using Application install path: D:\STM32CubeIDE_1.13.0\STM32CubeIDE\plugins\com.st.stm32cube.common.mx_6.11.0.202403141607
2024-09-04 11:22:16,572 [INFO] ThirdPartyUpdaterWithRetryManager:70 - Updater plugin not ready yet. [2/15]
2024-09-04 11:22:17,422 [ERROR] LogOutputStream:75 - [STDERR_REDIRECT] Sep 04, 2024 11:22:17 AM java.util.prefs.WindowsPreferences <init>
2024-09-04 11:22:17,423 [ERROR] LogOutputStream:75 - [STDERR_REDIRECT] WARNING: Could not open/create prefs root node Software\JavaSoft\Prefs at root 0xffffffff80000002. Windows RegCreateKeyEx(...) returned error code 5.
2024-09-04 11:22:17,424 [ERROR] LogOutputStream:75 - [STDERR_REDIRECT] 
2024-09-04 11:22:19,316 [INFO] MainUpdater:2873 - connection check result : 10
2024-09-04 11:22:19,318 [INFO] MainUpdater:290 - Updater Check For Update Now.
2024-09-04 11:22:19,319 [INFO] MicroXplorer:498 - Change Database Version : DB.6.0.110
2024-09-04 11:22:19,343 [INFO] McuFinderGlobals:63 - Set McuFinder mode to 2 (CubeIDE integrated)
2024-09-04 11:22:19,355 [INFO] UserAuth:415 - Internet connection configuration mode: 1
2024-09-04 11:22:19,393 [INFO] JxBrowserEngine:152 - Initiate JxBrowser Engine with user profile folder
2024-09-04 11:22:19,551 [INFO] CheckServerUpdateThread:120 - End of CheckServer Thread
2024-09-04 11:22:19,951 [WARN] PackLoader:240 - Cannot read IP mode file for STMicroelectronics.FP-SNS-MOTENVWB1.1.4.0
2024-09-04 11:22:19,967 [WARN] PackLoader:240 - Cannot read IP mode file for STMicroelectronics.X-CUBE-SMBUS.2.1.0
2024-09-04 11:22:19,976 [WARN] PackLoader:240 - Cannot read IP mode file for STMicroelectronics.X-CUBE-TOUCHGFX.4.23.1
2024-09-04 11:22:20,065 [WARN] PackLoader:240 - Cannot read IP mode file for STMicroelectronics.X-CUBE-TOUCHGFX.4.23.0
2024-09-04 11:22:20,131 [WARN] PackLoader:240 - Cannot read IP mode file for STMicroelectronics.X-CUBE-AZRTOS-F7.1.1.0
2024-09-04 11:22:20,148 [WARN] PackLoader:240 - Cannot read IP mode file for STMicroelectronics.FP-SNS-MOTENV1.4.3.2
2024-09-04 11:22:20,224 [WARN] PackLoader:240 - Cannot read IP mode file for STMicroelectronics.X-CUBE-MEMS1.11.0.0
2024-09-04 11:22:20,452 [WARN] PackLoader:240 - Cannot read IP mode file for STMicroelectronics.X-CUBE-BLE1.6.2.4
2024-09-04 11:22:20,460 [WARN] PackLoader:240 - Cannot read IP mode file for STMicroelectronics.FP-SNS-FLIGHT1.5.0.2
2024-09-04 11:22:20,468 [WARN] PackLoader:240 - Cannot read IP mode file for STMicroelectronics.X-CUBE-DISPLAY.3.0.0
2024-09-04 11:22:20,476 [WARN] PackLoader:240 - Cannot read IP mode file for STMicroelectronics.X-CUBE-BLE1.7.0.0
2024-09-04 11:22:20,483 [WARN] PackLoader:240 - Cannot read IP mode file for emotas.I-CUBE-CANOPEN.1.3.0
2024-09-04 11:22:20,489 [WARN] PackLoader:240 - Cannot read IP mode file for STMicroelectronics.X-CUBE-TOUCHGFX.4.22.0
2024-09-04 11:22:20,494 [WARN] PackLoader:240 - Cannot read IP mode file for STMicroelectronics.X-CUBE-TOUCHGFX.4.22.1
2024-09-04 11:22:20,508 [WARN] PackLoader:240 - Cannot read IP mode file for STMicroelectronics.X-CUBE-BLEMGR.3.1.0
2024-09-04 11:22:20,516 [WARN] PackLoader:240 - Cannot read IP mode file for STMicroelectronics.FP-SNS-SMARTAG2.1.2.0
2024-09-04 11:22:20,526 [INFO] LogOutputStream:77 - [STDOUT_REDIRECT] 1 : Invalid condition id : UX_CORESTACK_Condition cause : null
2024-09-04 11:22:20,527 [INFO] LogOutputStream:77 - [STDOUT_REDIRECT] 1 : Invalid condition id : UX_CORESTACK_Condition cause : null
2024-09-04 11:22:20,529 [INFO] LogOutputStream:77 - [STDOUT_REDIRECT] 1 : Invalid condition id : UX_CORESTACK_Condition cause : null
2024-09-04 11:22:20,530 [INFO] LogOutputStream:77 - [STDOUT_REDIRECT] 1 : Invalid condition id : UX_CORESTACK_Condition cause : null
2024-09-04 11:22:20,531 [INFO] LogOutputStream:77 - [STDOUT_REDIRECT] 1 : Invalid condition id : UX_CORESTACK_Condition cause : null
2024-09-04 11:22:20,534 [WARN] PackLoader:240 - Cannot read IP mode file for STMicroelectronics.X-CUBE-AZRTOS-WL.2.0.0
2024-09-04 11:22:20,541 [WARN] PackLoader:240 - Cannot read IP mode file for STMicroelectronics.FP-SNS-MOTENV1.5.0.0
2024-09-04 11:22:20,549 [WARN] PackLoader:240 - Cannot read IP mode file for wolfSSL.I-CUBE-wolfMQTT.1.19.0
2024-09-04 11:22:20,558 [WARN] PackLoader:240 - Cannot read IP mode file for WES.I-CUBE-Cesium.1.3.0
2024-09-04 11:22:20,565 [WARN] PackLoader:240 - Cannot read IP mode file for STMicroelectronics.X-CUBE-BLE2.3.3.0
2024-09-04 11:22:20,573 [WARN] PackLoader:240 - Cannot read IP mode file for STMicroelectronics.X-CUBE-TCPP.4.1.0
2024-09-04 11:22:20,581 [WARN] PackLoader:240 - Cannot read IP mode file for STMicroelectronics.X-CUBE-ALGOBUILD.1.3.0
2024-09-04 11:22:20,595 [WARN] PackLoader:240 - Cannot read IP mode file for STMicroelectronics.X-CUBE-AZRTOS-G0.1.1.0
2024-09-04 11:22:20,603 [WARN] PackLoader:240 - Cannot read IP mode file for STMicroelectronics.X-CUBE-SAFEA1.1.2.2
2024-09-04 11:22:20,611 [WARN] PackLoader:240 - Cannot read IP mode file for STMicroelectronics.X-CUBE-NFC4.3.0.0
2024-09-04 11:22:20,622 [WARN] PackLoader:240 - Cannot read IP mode file for EmbeddedOffice.I-CUBE-FS-RTOS.1.0.1
2024-09-04 11:22:20,622 [ERROR] ConditionMgr:805 - Attr not supported : Dmpu
2024-09-04 11:22:20,623 [ERROR] ConditionMgr:805 - Attr not supported : Dmpu
2024-09-04 11:22:20,623 [ERROR] ConditionMgr:805 - Attr not supported : Dmpu
2024-09-04 11:22:20,623 [ERROR] ConditionMgr:805 - Attr not supported : Dmpu
2024-09-04 11:22:20,623 [ERROR] ConditionMgr:805 - Attr not supported : Dmpu
2024-09-04 11:22:20,623 [ERROR] ConditionMgr:805 - Attr not supported : Dmpu
2024-09-04 11:22:20,623 [ERROR] ConditionMgr:805 - Attr not supported : Dmpu
2024-09-04 11:22:20,623 [ERROR] ConditionMgr:805 - Attr not supported : Dmpu
2024-09-04 11:22:20,623 [ERROR] ConditionMgr:805 - Attr not supported : Dmpu
2024-09-04 11:22:20,623 [ERROR] ConditionMgr:805 - Attr not supported : Dmpu
2024-09-04 11:22:20,623 [ERROR] ConditionMgr:805 - Attr not supported : Dmpu
2024-09-04 11:22:20,623 [ERROR] ConditionMgr:805 - Attr not supported : Dmpu
2024-09-04 11:22:20,623 [ERROR] ConditionMgr:805 - Attr not supported : Dmpu
2024-09-04 11:22:20,623 [ERROR] ConditionMgr:805 - Attr not supported : Dmpu
2024-09-04 11:22:20,624 [ERROR] ConditionMgr:805 - Attr not supported : Dmpu
2024-09-04 11:22:20,624 [ERROR] ConditionMgr:805 - Attr not supported : Dmpu
2024-09-04 11:22:20,624 [ERROR] ConditionMgr:805 - Attr not supported : Dmpu
2024-09-04 11:22:20,624 [ERROR] ConditionMgr:805 - Attr not supported : Dmpu
2024-09-04 11:22:20,624 [ERROR] ConditionMgr:805 - Attr not supported : Dmpu
2024-09-04 11:22:20,624 [ERROR] ConditionMgr:805 - Attr not supported : Dmpu
2024-09-04 11:22:20,624 [ERROR] ConditionMgr:805 - Attr not supported : Dmpu
2024-09-04 11:22:20,624 [ERROR] ConditionMgr:805 - Attr not supported : Dmpu
2024-09-04 11:22:20,624 [ERROR] ConditionMgr:805 - Attr not supported : Dmpu
2024-09-04 11:22:20,624 [ERROR] ConditionMgr:805 - Attr not supported : Dmpu
2024-09-04 11:22:20,624 [ERROR] ConditionMgr:805 - Attr not supported : Dmpu
2024-09-04 11:22:20,624 [ERROR] ConditionMgr:805 - Attr not supported : Dmpu
2024-09-04 11:22:20,624 [ERROR] ConditionMgr:805 - Attr not supported : Dmpu
2024-09-04 11:22:20,624 [ERROR] ConditionMgr:805 - Attr not supported : Dmpu
2024-09-04 11:22:20,625 [ERROR] ConditionMgr:805 - Attr not supported : Dmpu
2024-09-04 11:22:20,625 [ERROR] ConditionMgr:805 - Attr not supported : Dmpu
2024-09-04 11:22:20,625 [ERROR] ConditionMgr:805 - Attr not supported : Dmpu
2024-09-04 11:22:20,625 [ERROR] ConditionMgr:805 - Attr not supported : Dmpu
2024-09-04 11:22:20,625 [ERROR] ConditionMgr:805 - Attr not supported : Dmpu
2024-09-04 11:22:20,625 [ERROR] ConditionMgr:805 - Attr not supported : Dmpu
2024-09-04 11:22:20,625 [ERROR] ConditionMgr:805 - Attr not supported : Dmpu
2024-09-04 11:22:20,625 [ERROR] ConditionMgr:805 - Attr not supported : Dmpu
2024-09-04 11:22:20,625 [ERROR] ConditionMgr:805 - Attr not supported : Dmpu
2024-09-04 11:22:20,625 [ERROR] ConditionMgr:805 - Attr not supported : Dmpu
2024-09-04 11:22:20,625 [ERROR] ConditionMgr:805 - Attr not supported : Dmpu
2024-09-04 11:22:20,625 [ERROR] ConditionMgr:805 - Attr not supported : Dmpu
2024-09-04 11:22:20,625 [ERROR] ConditionMgr:805 - Attr not supported : Dmpu
2024-09-04 11:22:20,625 [ERROR] ConditionMgr:805 - Attr not supported : Dmpu
2024-09-04 11:22:20,626 [ERROR] ConditionMgr:805 - Attr not supported : Dmpu
2024-09-04 11:22:20,626 [ERROR] ConditionMgr:805 - Attr not supported : Dmpu
2024-09-04 11:22:20,626 [ERROR] ConditionMgr:805 - Attr not supported : Dmpu
2024-09-04 11:22:20,626 [ERROR] ConditionMgr:805 - Attr not supported : Dmpu
2024-09-04 11:22:20,626 [ERROR] ConditionMgr:805 - Attr not supported : Dmpu
2024-09-04 11:22:20,626 [ERROR] ConditionMgr:805 - Attr not supported : Dmpu
2024-09-04 11:22:20,626 [ERROR] ConditionMgr:805 - Attr not supported : Dmpu
2024-09-04 11:22:20,626 [ERROR] ConditionMgr:805 - Attr not supported : Dmpu
2024-09-04 11:22:20,626 [ERROR] ConditionMgr:805 - Attr not supported : Dmpu
2024-09-04 11:22:20,626 [ERROR] ConditionMgr:805 - Attr not supported : Dmpu
2024-09-04 11:22:20,626 [ERROR] ConditionMgr:805 - Attr not supported : Dmpu
2024-09-04 11:22:20,626 [ERROR] ConditionMgr:805 - Attr not supported : Dmpu
2024-09-04 11:22:20,626 [ERROR] ConditionMgr:805 - Attr not supported : Dmpu
2024-09-04 11:22:20,626 [ERROR] ConditionMgr:805 - Attr not supported : Dmpu
2024-09-04 11:22:20,626 [ERROR] ConditionMgr:805 - Attr not supported : Dmpu
2024-09-04 11:22:20,626 [ERROR] ConditionMgr:805 - Attr not supported : Dmpu
2024-09-04 11:22:20,626 [ERROR] ConditionMgr:805 - Attr not supported : Dmpu
2024-09-04 11:22:20,626 [ERROR] ConditionMgr:805 - Attr not supported : Dmpu
2024-09-04 11:22:20,626 [ERROR] ConditionMgr:805 - Attr not supported : Dmpu
2024-09-04 11:22:20,627 [ERROR] ConditionMgr:805 - Attr not supported : Dmpu
2024-09-04 11:22:20,627 [ERROR] ConditionMgr:805 - Attr not supported : Dmpu
2024-09-04 11:22:20,627 [ERROR] ConditionMgr:805 - Attr not supported : Dmpu
2024-09-04 11:22:20,634 [WARN] PackLoader:240 - Cannot read IP mode file for STMicroelectronics.X-CUBE-BLEMGR.3.0.0
2024-09-04 11:22:20,643 [WARN] PackLoader:240 - Cannot read IP mode file for RealThread.X-CUBE-RT-Thread_Nano.4.1.1
2024-09-04 11:22:20,648 [WARN] PackLoader:240 - Cannot read IP mode file for STMicroelectronics.FP-ATR-SIGFOX1.3.2.0
2024-09-04 11:22:20,655 [WARN] PackLoader:240 - Cannot read IP mode file for STMicroelectronics.X-CUBE-EEPRMA1.5.1.0
2024-09-04 11:22:20,660 [INFO] WebApp:161 - Instantiating new browser for Auth
2024-09-04 11:22:20,682 [WARN] PackLoader:240 - Cannot read IP mode file for SEGGER.I-CUBE-embOS.1.3.1
2024-09-04 11:22:20,773 [WARN] PackLoader:240 - Cannot read IP mode file for STMicroelectronics.X-CUBE-ALGOBUILD.1.4.0
2024-09-04 11:22:20,780 [WARN] PackLoader:240 - Cannot read IP mode file for STMicroelectronics.X-CUBE-GNSS1.6.0.0
2024-09-04 11:22:20,797 [WARN] PackLoader:240 - Cannot read IP mode file for STMicroelectronics.X-CUBE-AZRTOS-F4.1.1.0
2024-09-04 11:22:20,807 [WARN] PackLoader:240 - Cannot read IP mode file for wolfSSL.I-CUBE-wolfSSL.5.6.3
2024-09-04 11:22:20,816 [WARN] PackLoader:240 - Cannot read IP mode file for STMicroelectronics.X-CUBE-FREERTOS.1.2.0
2024-09-04 11:22:20,833 [WARN] PackLoader:240 - Cannot read IP mode file for STMicroelectronics.X-CUBE-AZRTOS-L5.2.0.0
2024-09-04 11:22:20,885 [WARN] PackLoader:240 - Cannot read IP mode file for STMicroelectronics.X-CUBE-MEMS1.9.6.0
2024-09-04 11:22:21,052 [WARN] PackLoader:240 - Cannot read IP mode file for STMicroelectronics.X-CUBE-EEPRMA1.4.2.0
2024-09-04 11:22:21,066 [WARN] PackLoader:240 - Cannot read IP mode file for STMicroelectronics.X-CUBE-NFC6.3.1.0
2024-09-04 11:22:21,080 [WARN] PackLoader:240 - Cannot read IP mode file for ITTIA_DB.I-CUBE-ITTIADB.8.8.0
2024-09-04 11:22:21,097 [WARN] PackLoader:240 - Cannot read IP mode file for STMicroelectronics.X-CUBE-BLEMGR.2.0.0
2024-09-04 11:22:21,107 [WARN] PackLoader:240 - Cannot read IP mode file for STMicroelectronics.X-CUBE-DPower.1.2.0
2024-09-04 11:22:21,118 [WARN] PackLoader:240 - Cannot read IP mode file for STMicroelectronics.X-CUBE-AI.9.0.0
2024-09-04 11:22:21,137 [WARN] ConditionMgr:438 - getConditionDescription Invalid condition id : UX DEVICE CLASS RTOS Condition cause : null
2024-09-04 11:22:21,137 [WARN] ConditionMgr:438 - getConditionDescription Invalid condition id : UX DEVICE CLASS RTOS Condition cause : null
2024-09-04 11:22:21,141 [WARN] PackLoader:240 - Cannot read IP mode file for STMicroelectronics.X-CUBE-AZRTOS-H7.3.1.0
2024-09-04 11:22:21,143 [WARN] ConditionMgr:1039 - genDependencies : Invalid condition id : UX DEVICE CLASS RTOS Condition cause : null
2024-09-04 11:22:21,143 [WARN] ConditionMgr:1039 - genDependencies : Invalid condition id : UX DEVICE CLASS RTOS Condition cause : null
2024-09-04 11:22:21,144 [WARN] ConditionMgr:1039 - genDependencies : Invalid condition id : UX DEVICE CLASS RTOS Condition cause : null
2024-09-04 11:22:21,145 [WARN] ConditionMgr:1039 - genDependencies : Invalid condition id : UX DEVICE CLASS RTOS Condition cause : null
2024-09-04 11:22:21,145 [WARN] ConditionMgr:1039 - genDependencies : Invalid condition id : UX DEVICE CLASS RTOS Condition cause : null
2024-09-04 11:22:21,152 [WARN] PackLoader:240 - Cannot read IP mode file for STMicroelectronics.X-CUBE-NFC7.1.0.1
2024-09-04 11:22:21,160 [WARN] PackLoader:240 - Cannot read IP mode file for STMicroelectronics.X-CUBE-NFC6.3.0.0
2024-09-04 11:22:21,166 [WARN] PackLoader:240 - Cannot read IP mode file for STMicroelectronics.X-CUBE-EEPRMA1.4.1.0
2024-09-04 11:22:21,171 [WARN] PackLoader:240 - Cannot read IP mode file for STMicroelectronics.X-CUBE-AI.8.1.0
2024-09-04 11:22:21,186 [WARN] ConditionMgr:438 - getConditionDescription Invalid condition id : LAN8742 Phy interface Condition cause : null
2024-09-04 11:22:21,188 [WARN] PackLoader:240 - Cannot read IP mode file for STMicroelectronics.X-CUBE-AZRTOS-L4.2.0.0
2024-09-04 11:22:21,189 [WARN] ConditionMgr:1039 - genDependencies : Invalid condition id : LAN8742 Phy interface Condition cause : null
2024-09-04 11:22:21,189 [WARN] ConditionMgr:1039 - genDependencies : Invalid condition id : LAN8742 Phy interface Condition cause : null
2024-09-04 11:22:21,189 [WARN] ConditionMgr:1039 - genDependencies : Invalid condition id : LAN8742 Phy interface Condition cause : null
2024-09-04 11:22:21,198 [WARN] PackLoader:240 - Cannot read IP mode file for STMicroelectronics.X-CUBE-SFXS2LP1.4.0.0
2024-09-04 11:22:21,203 [WARN] PackLoader:240 - Cannot read IP mode file for STMicroelectronics.X-CUBE-ISPU.1.1.0
2024-09-04 11:22:21,219 [WARN] PackLoader:240 - Cannot read IP mode file for STMicroelectronics.X-CUBE-AZRTOS-H7.3.3.0
2024-09-04 11:22:21,234 [WARN] ConditionMgr:438 - getConditionDescription Invalid condition id : UX DEVICE CLASS RTOS Condition cause : null
2024-09-04 11:22:21,234 [WARN] ConditionMgr:438 - getConditionDescription Invalid condition id : UX DEVICE CLASS RTOS Condition cause : null
2024-09-04 11:22:21,237 [WARN] PackLoader:240 - Cannot read IP mode file for STMicroelectronics.X-CUBE-AZRTOS-WB.2.0.0
2024-09-04 11:22:21,237 [WARN] ConditionMgr:1039 - genDependencies : Invalid condition id : UX DEVICE CLASS RTOS Condition cause : null
2024-09-04 11:22:21,238 [WARN] ConditionMgr:1039 - genDependencies : Invalid condition id : UX DEVICE CLASS RTOS Condition cause : null
2024-09-04 11:22:21,238 [WARN] ConditionMgr:1039 - genDependencies : Invalid condition id : UX DEVICE CLASS RTOS Condition cause : null
2024-09-04 11:22:21,239 [WARN] ConditionMgr:1039 - genDependencies : Invalid condition id : UX DEVICE CLASS RTOS Condition cause : null
2024-09-04 11:22:21,239 [WARN] ConditionMgr:1039 - genDependencies : Invalid condition id : UX DEVICE CLASS RTOS Condition cause : null
2024-09-04 11:22:21,245 [WARN] PackLoader:240 - Cannot read IP mode file for STMicroelectronics.X-CUBE-FREERTOS.1.0.1
2024-09-04 11:22:21,252 [WARN] PackLoader:240 - Cannot read IP mode file for STMicroelectronics.FP-SNS-STBOX1.2.0.0
2024-09-04 11:22:21,268 [WARN] PackLoader:240 - Cannot read IP mode file for STMicroelectronics.X-CUBE-AZRTOS-L5.1.1.0
2024-09-04 11:22:21,275 [WARN] PackLoader:240 - Cannot read IP mode file for STMicroelectronics.X-CUBE-AI.8.0.1
2024-09-04 11:22:21,285 [WARN] PackLoader:240 - Cannot read IP mode file for STMicroelectronics.X-CUBE-SUBG2.5.0.0
2024-09-04 11:22:21,296 [WARN] PackLoader:240 - Cannot read IP mode file for Cesanta.I-CUBE-Mongoose.7.13.0
2024-09-04 11:22:21,306 [WARN] PackLoader:240 - Cannot read IP mode file for STMicroelectronics.X-CUBE-TOF1.3.3.1
2024-09-04 11:22:21,326 [WARN] PackLoader:240 - Cannot read IP mode file for STMicroelectronics.X-CUBE-AZRTOS-G4.2.0.0
2024-09-04 11:22:21,340 [WARN] PackLoader:240 - Cannot read IP mode file for Infineon.AIROC-Wi-Fi-Bluetooth-STM32.1.5.1
2024-09-04 11:22:21,350 [WARN] PackLoader:240 - Cannot read IP mode file for STMicroelectronics.FP-SNS-MOTENVWB1.1.3.0
2024-09-04 11:22:21,357 [WARN] PackLoader:240 - Cannot read IP mode file for STMicroelectronics.FP-SNS-MOTENVWB1.1.3.1
2024-09-04 11:22:21,362 [WARN] PackLoader:240 - Cannot read IP mode file for STMicroelectronics.X-CUBE-ISPU.2.0.0
2024-09-04 11:22:21,368 [WARN] PackLoader:240 - Cannot read IP mode file for STMicroelectronics.X-CUBE-ALS.1.0.2
2024-09-04 11:22:21,399 [WARN] PackLoader:240 - Cannot read IP mode file for STMicroelectronics.X-CUBE-MEMS1.10.0.0
2024-09-04 11:22:21,509 [WARN] PackLoader:240 - Cannot read IP mode file for STMicroelectronics.X-CUBE-FREERTOS.1.1.0
2024-09-04 11:22:21,513 [WARN] PackLoader:240 - Cannot read IP mode file for STMicroelectronics.X-CUBE-TOUCHGFX.4.24.0
2024-09-04 11:22:21,517 [WARN] PackLoader:240 - Cannot read IP mode file for wolfSSL.I-CUBE-wolfTPM.3.4.0
2024-09-04 11:22:21,526 [WARN] PackLoader:240 - Cannot read IP mode file for portGmbH.I-Cube-SoM-uGOAL.1.1.0
2024-09-04 11:22:21,530 [WARN] PackLoader:240 - Cannot read IP mode file for STMicroelectronics.X-CUBE-ALS.1.0.1
2024-09-04 11:22:21,549 [WARN] PackLoader:240 - Cannot read IP mode file for STMicroelectronics.X-CUBE-AZRTOS-WB.1.1.0
2024-09-04 11:22:21,566 [WARN] PackLoader:240 - Cannot read IP mode file for STMicroelectronics.X-CUBE-AZRTOS-H7RS.1.0.0
2024-09-04 11:22:21,574 [WARN] PackLoader:240 - Cannot read IP mode file for STMicroelectronics.FP-ATR-ASTRA1.2.0.0
2024-09-04 11:22:21,578 [INFO] WebApp:779 - Register for checkConnection events
2024-09-04 11:22:21,578 [INFO] WebApp:414 - Apply proxy settings
2024-09-04 11:22:21,578 [INFO] WebApp:499 - Chromium requires no authentication
2024-09-04 11:22:21,583 [WARN] PackLoader:240 - Cannot read IP mode file for STMicroelectronics.X-CUBE-TOF1.3.4.2
2024-09-04 11:22:21,588 [INFO] WebApp:442 - Direct internet connection detected
2024-09-04 11:22:21,602 [WARN] PackLoader:240 - Cannot read IP mode file for STMicroelectronics.X-CUBE-TOF1.3.4.1
2024-09-04 11:22:21,625 [WARN] PackLoader:240 - Cannot read IP mode file for STMicroelectronics.X-CUBE-AZRTOS-H7.3.2.0
2024-09-04 11:22:21,632 [WARN] PackLoader:240 - Cannot read IP mode file for wolfSSL.I-CUBE-wolfSSH.1.4.17
2024-09-04 11:22:21,634 [INFO] ThirdParty:978 - Integrity check success = true
2024-09-04 11:22:21,634 [INFO] IntegrityCheckThread:100 - exiting critical section [integrity check]
2024-09-04 11:22:21,634 [INFO] IntegrityCheckThread:103 - End integrity checks thread
2024-09-04 11:22:21,836 [INFO] WebApp:192 - Starting web application
2024-09-04 11:22:21,836 [INFO] WebApp:544 - Web application path used D:\STM32CubeIDE_1.13.0\STM32CubeIDE\plugins\com.st.stm32cube.common.mx_6.11.0.202403141607\db\plugins\mcufinder\reactClient1\index.html
2024-09-04 13:50:07,110 [INFO] WebApp:354 - JxBrowser engine has been closed 
