2024-08-30 15:31:25,431 [INFO] Activator:176 - 


2024-08-30 15:31:25,443 [INFO] Activator:177 - !SESSION log4j initialized
2024-08-30 15:31:35,625 [INFO] LogOutputStream:77 - [STDOUT_REDIRECT] 
2024-08-30 15:31:41,785 [INFO] ApplicationProperties:184 - Using Application install path: D:\STM32CubeIDE_1.13.0\STM32CubeIDE\plugins\com.st.stm32cube.common.mx_6.11.0.202403141607
2024-08-30 15:31:41,820 [INFO] DbMcusXml:78 - Set database path to: D:\STM32CubeIDE_1.13.0\STM32CubeIDE\plugins\com.st.stm32cube.common.mx_6.11.0.202403141607\\db\/mcu/
2024-08-30 15:31:41,821 [INFO] ApiDb:274 - Set plugin database path to: D:\STM32CubeIDE_1.13.0\STM32CubeIDE\plugins\com.st.stm32cube.common.mx_6.11.0.202403141607\\db\/plugins/boardmanager/
2024-08-30 15:31:41,822 [WARN] ApiDb:259 - Overriding images path with different value:  => D:\STM32CubeIDE_1.13.0\STM32CubeIDE\plugins\com.st.stm32cube.common.mx_6.11.0.202403141607\\db\/plugins/mcufinder/images/
2024-08-30 15:31:41,877 [INFO] ApiDb:250 - Set database path to: C:\Users\66405\.stmcufinder\plugins\mcufinder//mcu/
2024-08-30 15:31:41,880 [INFO] DbMcusAds:125 - Set database path to: C:\Users\66405\.stmcufinder\plugins\mcufinder//mcu/
2024-08-30 15:31:41,885 [INFO] CrossReferenceDbSqlite:203 - Set database path to: C:\Users\66405\.stmcufinder\plugins\mcufinder//mcu/cs/
2024-08-30 15:31:42,105 [INFO] RulesReader:64 - Compatibility file has been processed (297 Rules)
2024-08-30 15:31:42,320 [INFO] DbMcusXml:78 - Set database path to: D:\STM32CubeIDE_1.13.0\STM32CubeIDE\plugins\com.st.stm32cube.common.mx_6.11.0.202403141607\\db\/mcu/
2024-08-30 15:31:42,320 [INFO] ApiDb:274 - Set plugin database path to: D:\STM32CubeIDE_1.13.0\STM32CubeIDE\plugins\com.st.stm32cube.common.mx_6.11.0.202403141607\\db\/plugins/boardmanager/
2024-08-30 15:31:42,320 [INFO] ApiDb:261 - Set plugin images path to: D:\STM32CubeIDE_1.13.0\STM32CubeIDE\plugins\com.st.stm32cube.common.mx_6.11.0.202403141607\\db\/plugins/mcufinder/images/
2024-08-30 15:31:42,320 [WARN] DbFile:41 - Overriding database path with different value: C:\Users\66405\.stmcufinder\plugins\mcufinder/ => C:\Users\66405\.stmcufinder\plugins\mcufinder
2024-08-30 15:31:42,321 [INFO] ApiDb:250 - Set database path to: C:\Users\66405\.stmcufinder\plugins\mcufinder//mcu/
2024-08-30 15:31:42,321 [WARN] DbFile:41 - Overriding database path with different value: C:\Users\66405\.stmcufinder\plugins\mcufinder/ => C:\Users\66405\.stmcufinder\plugins\mcufinder
2024-08-30 15:31:42,321 [INFO] DbMcusAds:125 - Set database path to: C:\Users\66405\.stmcufinder\plugins\mcufinder//mcu/
2024-08-30 15:31:42,321 [WARN] DbFile:41 - Overriding database path with different value: C:\Users\66405\.stmcufinder\plugins\mcufinder/ => C:\Users\66405\.stmcufinder\plugins\mcufinder
2024-08-30 15:31:42,321 [WARN] DbFile:41 - Overriding database path with different value: C:\Users\66405\.stmcufinder\plugins\mcufinder/ => C:\Users\66405\.stmcufinder\plugins\mcufinder
2024-08-30 15:31:42,321 [INFO] CrossReferenceDbSqlite:203 - Set database path to: C:\Users\66405\.stmcufinder\plugins\mcufinder//mcu/cs/
2024-08-30 15:31:42,471 [INFO] MainPanel:264 - HeapMemory: 268435456
2024-08-30 15:31:42,651 [INFO] DbMcusXml:78 - Set database path to: D:\STM32CubeIDE_1.13.0\STM32CubeIDE\plugins\com.st.stm32cube.common.mx_6.11.0.202403141607\\db\/mcu/
2024-08-30 15:31:42,652 [INFO] ApiDb:274 - Set plugin database path to: D:\STM32CubeIDE_1.13.0\STM32CubeIDE\plugins\com.st.stm32cube.common.mx_6.11.0.202403141607\\db\/plugins/boardmanager/
2024-08-30 15:31:42,652 [INFO] ApiDb:261 - Set plugin images path to: D:\STM32CubeIDE_1.13.0\STM32CubeIDE\plugins\com.st.stm32cube.common.mx_6.11.0.202403141607\\db\/plugins/mcufinder/images/
2024-08-30 15:31:42,652 [WARN] DbFile:41 - Overriding database path with different value: C:\Users\66405\.stmcufinder\plugins\mcufinder/ => C:\Users\66405\.stmcufinder\plugins\mcufinder
2024-08-30 15:31:42,652 [INFO] ApiDb:250 - Set database path to: C:\Users\66405\.stmcufinder\plugins\mcufinder//mcu/
2024-08-30 15:31:42,653 [WARN] DbFile:41 - Overriding database path with different value: C:\Users\66405\.stmcufinder\plugins\mcufinder/ => C:\Users\66405\.stmcufinder\plugins\mcufinder
2024-08-30 15:31:42,653 [INFO] DbMcusAds:125 - Set database path to: C:\Users\66405\.stmcufinder\plugins\mcufinder//mcu/
2024-08-30 15:31:42,653 [WARN] DbFile:41 - Overriding database path with different value: C:\Users\66405\.stmcufinder\plugins\mcufinder/ => C:\Users\66405\.stmcufinder\plugins\mcufinder
2024-08-30 15:31:42,653 [WARN] DbFile:41 - Overriding database path with different value: C:\Users\66405\.stmcufinder\plugins\mcufinder/ => C:\Users\66405\.stmcufinder\plugins\mcufinder
2024-08-30 15:31:42,653 [INFO] CrossReferenceDbSqlite:203 - Set database path to: C:\Users\66405\.stmcufinder\plugins\mcufinder//mcu/cs/
2024-08-30 15:31:42,724 [INFO] ApplicationProperties:184 - Using Application install path: D:\STM32CubeIDE_1.13.0\STM32CubeIDE\plugins\com.st.stm32cube.common.mx_6.11.0.202403141607
2024-08-30 15:31:42,727 [INFO] PluginManage:196 - Search for loadable plugins [exclusion list=, ]
2024-08-30 15:31:42,730 [INFO] PluginManage:310 - Check plugin analytics
2024-08-30 15:31:47,690 [INFO] AnalyticsPlugin:253 - Accepted Software Licenses: 
2024-08-30 15:31:47,691 [INFO] AnalyticsPlugin:255 - Accepted CMSIS Pack Licenses: 
2024-08-30 15:31:47,691 [INFO] AnalyticsPlugin:257 - Accepted Firmware Licenses: FW.L4.1.18.0
2024-08-30 15:31:47,697 [INFO] PluginManage:359 - Loaded plugin analytics (category:tool,tabindex:-1)
2024-08-30 15:31:47,698 [INFO] PluginManage:310 - Check plugin cadmodel
2024-08-30 15:31:47,710 [INFO] CADModel:105 - Init CAD model plugin
2024-08-30 15:31:47,711 [INFO] PluginManage:359 - Loaded plugin cadmodel (category:power,tabindex:5)
2024-08-30 15:31:47,711 [INFO] PluginManage:310 - Check plugin clock
2024-08-30 15:31:47,739 [INFO] PluginManage:359 - Loaded plugin clock (category:base,tabindex:2)
2024-08-30 15:31:47,740 [INFO] PluginManage:310 - Check plugin ddr
2024-08-30 15:31:47,747 [INFO] PluginManage:359 - Loaded plugin ddr (category:tool,tabindex:6)
2024-08-30 15:31:47,748 [INFO] PluginManage:310 - Check plugin filemanager
2024-08-30 15:31:48,061 [INFO] PluginManage:359 - Loaded plugin filemanager (category:base,tabindex:10)
2024-08-30 15:31:48,062 [INFO] PluginManage:310 - Check plugin ipmanager
2024-08-30 15:31:48,081 [INFO] PluginManage:359 - Loaded plugin ipmanager (category:base,tabindex:5)
2024-08-30 15:31:48,081 [INFO] PluginManage:310 - Check plugin lpbam
2024-08-30 15:31:48,099 [INFO] PluginManage:359 - Loaded plugin lpbam (category:base,tabindex:0)
2024-08-30 15:31:48,099 [INFO] PluginManage:310 - Check plugin memorymap
2024-08-30 15:31:48,134 [INFO] PluginManage:359 - Loaded plugin memorymap (category:base,tabindex:4)
2024-08-30 15:31:48,134 [INFO] PluginManage:310 - Check plugin pinoutandconfiguration
2024-08-30 15:31:48,153 [INFO] PluginManage:359 - Loaded plugin pinoutandconfiguration (category:base,tabindex:1)
2024-08-30 15:31:48,154 [INFO] PluginManage:310 - Check plugin pinoutconfig
2024-08-30 15:31:48,395 [WARN] SupportedApi:132 - Cannot load RTOS API schema: s4s-elt-must-match.1: The content of 'definitions' must match (annotation?, (simpleType | complexType)?, (unique | key | keyref)*)). A problem was found starting at: attribute.
2024-08-30 15:31:48,676 [INFO] PluginManage:359 - Loaded plugin pinoutconfig (category:base,tabindex:0)
2024-08-30 15:31:48,677 [INFO] PluginManage:310 - Check plugin power
2024-08-30 15:31:48,697 [INFO] PluginManage:359 - Loaded plugin power (category:power,tabindex:4)
2024-08-30 15:31:48,697 [INFO] PluginManage:310 - Check plugin projectmanager
2024-08-30 15:31:48,727 [INFO] PluginManage:359 - Loaded plugin projectmanager (category:projectmanager,tabindex:3)
2024-08-30 15:31:48,728 [INFO] PluginManage:310 - Check plugin thirdparty
2024-08-30 15:31:49,027 [INFO] PluginManage:359 - Loaded plugin thirdparty (category:base,tabindex:-1)
2024-08-30 15:31:49,026 [WARN] IntegrityCheckThread:84 - waiting for thirdparty lock release [integrity check]
2024-08-30 15:31:49,027 [INFO] IntegrityCheckThread:86 - entering critical section [integrity check]
2024-08-30 15:31:49,027 [INFO] PluginManage:310 - Check plugin tools
2024-08-30 15:31:49,028 [INFO] ThirdPartyUpdaterWithRetryManager:70 - Updater plugin not ready yet. [1/15]
2024-08-30 15:31:49,032 [INFO] PluginManage:359 - Loaded plugin tools (category:base,tabindex:7)
2024-08-30 15:31:49,032 [INFO] PluginManage:310 - Check plugin tutovideos
2024-08-30 15:31:49,467 [INFO] PluginManage:359 - Loaded plugin tutovideos (category:base,tabindex:-1)
2024-08-30 15:31:49,467 [INFO] PluginManage:310 - Check plugin updater
2024-08-30 15:31:49,486 [INFO] PluginManage:359 - Loaded plugin updater (category:base,tabindex:12)
2024-08-30 15:31:49,486 [INFO] PluginManage:310 - Check plugin userauth
2024-08-30 15:31:49,497 [INFO] UserAuth:114 - Init User Auth plugin
2024-08-30 15:31:49,497 [INFO] PluginManage:359 - Loaded plugin userauth (category:base,tabindex:14)
2024-08-30 15:31:49,498 [INFO] PluginManage:283 - PluginManage : Loaded plugins [17]
2024-08-30 15:31:49,985 [INFO] PinOutPanel:1561 - setPackage(No Configuration,No Configuration)
2024-08-30 15:31:50,131 [INFO] CADModel:165 - CPN selected for project level
2024-08-30 15:31:50,132 [INFO] CADModel:114 - Register for checkConnection events
2024-08-30 15:31:50,165 [INFO] IPUIPlugin:80 - create IPUIPlugin
2024-08-30 15:31:50,165 [INFO] PluginManager:220 - loadIPPluginJar : add adc
2024-08-30 15:31:50,172 [INFO] IPUIPlugin:80 - create IPUIPlugin
2024-08-30 15:31:50,172 [INFO] PluginManager:220 - loadIPPluginJar : add aes
2024-08-30 15:31:50,178 [INFO] IPUIPlugin:80 - create IPUIPlugin
2024-08-30 15:31:50,179 [INFO] PluginManager:220 - loadIPPluginJar : add can
2024-08-30 15:31:50,181 [INFO] IPUIPlugin:80 - create IPUIPlugin
2024-08-30 15:31:50,182 [INFO] PluginManager:220 - loadIPPluginJar : add comp
2024-08-30 15:31:50,186 [INFO] IPUIPlugin:80 - create IPUIPlugin
2024-08-30 15:31:50,186 [INFO] PluginManager:220 - loadIPPluginJar : add cryp
2024-08-30 15:31:50,191 [INFO] IPUIPlugin:80 - create IPUIPlugin
2024-08-30 15:31:50,191 [INFO] PluginManager:220 - loadIPPluginJar : add dfsdm
2024-08-30 15:31:50,202 [INFO] IPUIPlugin:80 - create IPUIPlugin
2024-08-30 15:31:50,202 [INFO] PluginManager:220 - loadIPPluginJar : add dma
2024-08-30 15:31:50,207 [INFO] IPUIPlugin:80 - create IPUIPlugin
2024-08-30 15:31:50,207 [INFO] PluginManager:220 - loadIPPluginJar : add dma3
2024-08-30 15:31:50,213 [INFO] IPUIPlugin:80 - create IPUIPlugin
2024-08-30 15:31:50,213 [INFO] PluginManager:220 - loadIPPluginJar : add extmemmanager
2024-08-30 15:31:50,216 [INFO] IPUIPlugin:80 - create IPUIPlugin
2024-08-30 15:31:50,216 [INFO] PluginManager:220 - loadIPPluginJar : add fatfs
2024-08-30 15:31:50,224 [INFO] IPUIPlugin:80 - create IPUIPlugin
2024-08-30 15:31:50,224 [INFO] PluginManager:220 - loadIPPluginJar : add fmc
2024-08-30 15:31:50,235 [INFO] IPUIPlugin:80 - create IPUIPlugin
2024-08-30 15:31:50,235 [INFO] PluginManager:220 - loadIPPluginJar : add freertos
2024-08-30 15:31:50,238 [INFO] IPUIPlugin:80 - create IPUIPlugin
2024-08-30 15:31:50,239 [INFO] PluginManager:220 - loadIPPluginJar : add genericplugin
2024-08-30 15:31:50,243 [INFO] IPUIPlugin:80 - create IPUIPlugin
2024-08-30 15:31:50,243 [INFO] PluginManager:220 - loadIPPluginJar : add gfxmmu
2024-08-30 15:31:50,254 [INFO] IPUIPlugin:80 - create IPUIPlugin
2024-08-30 15:31:50,254 [INFO] PluginManager:220 - loadIPPluginJar : add gic
2024-08-30 15:31:50,262 [INFO] IPUIPlugin:80 - create IPUIPlugin
2024-08-30 15:31:50,262 [INFO] PluginManager:220 - loadIPPluginJar : add gpio
2024-08-30 15:31:50,267 [INFO] IPUIPlugin:80 - create IPUIPlugin
2024-08-30 15:31:50,267 [INFO] PluginManager:220 - loadIPPluginJar : add gtzc
2024-08-30 15:31:50,271 [INFO] IPUIPlugin:80 - create IPUIPlugin
2024-08-30 15:31:50,272 [INFO] PluginManager:220 - loadIPPluginJar : add hash
2024-08-30 15:31:50,277 [INFO] IPUIPlugin:80 - create IPUIPlugin
2024-08-30 15:31:50,278 [INFO] PluginManager:220 - loadIPPluginJar : add i2c
2024-08-30 15:31:50,282 [INFO] IPUIPlugin:80 - create IPUIPlugin
2024-08-30 15:31:50,283 [INFO] PluginManager:220 - loadIPPluginJar : add i2s
2024-08-30 15:31:50,289 [INFO] IPUIPlugin:80 - create IPUIPlugin
2024-08-30 15:31:50,289 [INFO] PluginManager:220 - loadIPPluginJar : add i3c
2024-08-30 15:31:50,296 [INFO] IPUIPlugin:80 - create IPUIPlugin
2024-08-30 15:31:50,296 [INFO] PluginManager:220 - loadIPPluginJar : add ipddr
2024-08-30 15:31:50,309 [INFO] IPUIPlugin:80 - create IPUIPlugin
2024-08-30 15:31:50,309 [INFO] PluginManager:220 - loadIPPluginJar : add linkedlist
2024-08-30 15:31:50,314 [INFO] IPUIPlugin:80 - create IPUIPlugin
2024-08-30 15:31:50,314 [INFO] PluginManager:220 - loadIPPluginJar : add lorawan
2024-08-30 15:31:50,317 [INFO] IPUIPlugin:80 - create IPUIPlugin
2024-08-30 15:31:50,318 [INFO] PluginManager:220 - loadIPPluginJar : add ltdc
2024-08-30 15:31:50,329 [INFO] IPUIPlugin:80 - create IPUIPlugin
2024-08-30 15:31:50,329 [INFO] PluginManager:220 - loadIPPluginJar : add mdma
2024-08-30 15:31:50,336 [INFO] IPUIPlugin:80 - create IPUIPlugin
2024-08-30 15:31:50,336 [INFO] PluginManager:220 - loadIPPluginJar : add nvic
2024-08-30 15:31:50,342 [INFO] IPUIPlugin:80 - create IPUIPlugin
2024-08-30 15:31:50,342 [INFO] PluginManager:220 - loadIPPluginJar : add opamp
2024-08-30 15:31:50,348 [INFO] IPUIPlugin:80 - create IPUIPlugin
2024-08-30 15:31:50,349 [INFO] PluginManager:220 - loadIPPluginJar : add openamp
2024-08-30 15:31:50,354 [INFO] IPUIPlugin:80 - create IPUIPlugin
2024-08-30 15:31:50,354 [INFO] PluginManager:220 - loadIPPluginJar : add pdm2pcm
2024-08-30 15:31:50,365 [INFO] IPUIPlugin:80 - create IPUIPlugin
2024-08-30 15:31:50,370 [INFO] PluginManager:220 - loadIPPluginJar : add plateformsettings
2024-08-30 15:31:50,373 [INFO] IPUIPlugin:80 - create IPUIPlugin
2024-08-30 15:31:50,373 [INFO] PluginManager:220 - loadIPPluginJar : add quadspi
2024-08-30 15:31:50,380 [INFO] IPUIPlugin:80 - create IPUIPlugin
2024-08-30 15:31:50,380 [INFO] PluginManager:220 - loadIPPluginJar : add resmgrutility
2024-08-30 15:31:50,386 [INFO] IPUIPlugin:80 - create IPUIPlugin
2024-08-30 15:31:50,386 [INFO] PluginManager:220 - loadIPPluginJar : add sai
2024-08-30 15:31:50,391 [INFO] IPUIPlugin:80 - create IPUIPlugin
2024-08-30 15:31:50,391 [INFO] PluginManager:220 - loadIPPluginJar : add spi
2024-08-30 15:31:50,401 [INFO] IPUIPlugin:80 - create IPUIPlugin
2024-08-30 15:31:50,401 [INFO] PluginManager:220 - loadIPPluginJar : add stm32_wpan
2024-08-30 15:31:50,405 [INFO] IPUIPlugin:80 - create IPUIPlugin
2024-08-30 15:31:50,405 [INFO] PluginManager:220 - loadIPPluginJar : add tim
2024-08-30 15:31:50,411 [INFO] IPUIPlugin:80 - create IPUIPlugin
2024-08-30 15:31:50,412 [INFO] PluginManager:220 - loadIPPluginJar : add touchsensing
2024-08-30 15:31:50,416 [INFO] IPUIPlugin:80 - create IPUIPlugin
2024-08-30 15:31:50,416 [INFO] PluginManager:220 - loadIPPluginJar : add tracer_emb
2024-08-30 15:31:50,421 [INFO] IPUIPlugin:80 - create IPUIPlugin
2024-08-30 15:31:50,422 [INFO] PluginManager:220 - loadIPPluginJar : add ts
2024-08-30 15:31:50,425 [INFO] IPUIPlugin:80 - create IPUIPlugin
2024-08-30 15:31:50,425 [INFO] PluginManager:220 - loadIPPluginJar : add tsc
2024-08-30 15:31:50,430 [INFO] IPUIPlugin:80 - create IPUIPlugin
2024-08-30 15:31:50,430 [INFO] PluginManager:220 - loadIPPluginJar : add ucpd
2024-08-30 15:31:50,434 [INFO] IPUIPlugin:80 - create IPUIPlugin
2024-08-30 15:31:50,435 [INFO] PluginManager:220 - loadIPPluginJar : add usart
2024-08-30 15:31:50,441 [INFO] IPUIPlugin:80 - create IPUIPlugin
2024-08-30 15:31:50,441 [INFO] PluginManager:220 - loadIPPluginJar : add usbx
2024-08-30 15:31:50,675 [INFO] CADModel:165 - CPN selected for project level
2024-08-30 15:31:50,675 [INFO] CADModel:114 - Register for checkConnection events
2024-08-30 15:31:50,676 [FATAL] Updater:308 - Updater called before beeing initialized
2024-08-30 15:31:50,676 [ERROR] CADModel:125 - Updater not yet initialized, retry later 
2024-08-30 15:31:51,013 [INFO] CADModel:165 - CPN selected for project level
2024-08-30 15:31:51,013 [INFO] CADModel:114 - Register for checkConnection events
2024-08-30 15:31:51,014 [FATAL] Updater:308 - Updater called before beeing initialized
2024-08-30 15:31:51,014 [ERROR] CADModel:125 - Updater not yet initialized, retry later 
2024-08-30 15:31:51,020 [FATAL] Updater:308 - Updater called before beeing initialized
2024-08-30 15:31:51,232 [FATAL] Updater:308 - Updater called before beeing initialized
2024-08-30 15:31:51,239 [INFO] DbMcusAds:53 - JSON generation date=Thu May 16 10:22:00 IST 2024 (1715851320667)
2024-08-30 15:31:51,239 [FATAL] Updater:308 - Updater called before beeing initialized
2024-08-30 15:31:51,316 [WARN] DetailPanel:346 - Failed to get advertising image, set to default
2024-08-30 15:31:51,533 [FATAL] Updater:308 - Updater called before beeing initialized
2024-08-30 15:31:51,536 [FATAL] Updater:308 - Updater called before beeing initialized
2024-08-30 15:31:51,537 [FATAL] Updater:308 - Updater called before beeing initialized
2024-08-30 15:31:51,537 [WARN] DetailPanel:346 - Failed to get advertising image, set to default
2024-08-30 15:31:51,538 [FATAL] Updater:308 - Updater called before beeing initialized
2024-08-30 15:31:51,631 [ERROR] Updater:1120 - MainUpdater not yet initialized. External WinMGr cannot be set.
2024-08-30 15:31:51,635 [INFO] Updater:1056 - Updater Version found : 6.11.0
2024-08-30 15:31:51,671 [INFO] ApplicationProperties:184 - Using Application install path: D:\STM32CubeIDE_1.13.0\STM32CubeIDE\plugins\com.st.stm32cube.common.mx_6.11.0.202403141607
2024-08-30 15:31:52,030 [INFO] ThirdPartyUpdaterWithRetryManager:70 - Updater plugin not ready yet. [2/15]
2024-08-30 15:31:53,303 [ERROR] LogOutputStream:75 - [STDERR_REDIRECT] Aug 30, 2024 3:31:53 PM java.util.prefs.WindowsPreferences <init>
2024-08-30 15:31:53,306 [ERROR] LogOutputStream:75 - [STDERR_REDIRECT] WARNING: Could not open/create prefs root node Software\JavaSoft\Prefs at root 0xffffffff80000002. Windows RegCreateKeyEx(...) returned error code 5.
2024-08-30 15:31:53,306 [ERROR] LogOutputStream:75 - [STDERR_REDIRECT] 
2024-08-30 15:31:54,237 [INFO] MainUpdater:2873 - connection check result : 10
2024-08-30 15:31:54,237 [INFO] MainUpdater:3567 - Updater definition file requires update
2024-08-30 15:31:54,239 [INFO] MainUpdater:290 - Updater Check For Update Now.
2024-08-30 15:31:54,240 [INFO] MicroXplorer:498 - Change Database Version : DB.6.0.110
2024-08-30 15:31:54,297 [INFO] McuFinderGlobals:63 - Set McuFinder mode to 2 (CubeIDE integrated)
2024-08-30 15:31:54,309 [INFO] UserAuth:415 - Internet connection configuration mode: 1
2024-08-30 15:31:54,335 [INFO] JxBrowserEngine:152 - Initiate JxBrowser Engine with user profile folder
2024-08-30 15:31:54,511 [INFO] ServerAccessManage:473 - Download File updaters.zip
2024-08-30 15:31:54,666 [INFO] FileExtend:240 - Unzip File : updaters.zip
2024-08-30 15:31:54,667 [INFO] FileExtend:255 - Standard Zip Deflate
2024-08-30 15:31:55,030 [WARN] MainUpdater:1194 - Updater busy. Cannot search thirdparties
2024-08-30 15:31:55,030 [INFO] ThirdPartyUpdaterWithRetryManager:96 - Updater plugin is busy. [1/15]
2024-08-30 15:31:55,344 [INFO] ServerAccessManage:473 - Download File PacksControlFlags.xml
2024-08-30 15:31:55,566 [INFO] ServerAccessManage:473 - Download File cubemx.pidx
2024-08-30 15:31:55,799 [INFO] LoadServerUpdatesThread:375 - End of LoadServerUpdate Thread
2024-08-30 15:31:56,021 [INFO] CheckServerUpdateThread:120 - End of CheckServer Thread
2024-08-30 15:31:56,795 [INFO] WebApp:161 - Instantiating new browser for Auth
2024-08-30 15:31:57,969 [INFO] WebApp:779 - Register for checkConnection events
2024-08-30 15:31:57,969 [INFO] WebApp:414 - Apply proxy settings
2024-08-30 15:31:57,970 [INFO] WebApp:499 - Chromium requires no authentication
2024-08-30 15:31:57,987 [INFO] WebApp:442 - Direct internet connection detected
2024-08-30 15:31:58,364 [INFO] WebApp:192 - Starting web application
2024-08-30 15:31:58,364 [INFO] WebApp:544 - Web application path used D:\STM32CubeIDE_1.13.0\STM32CubeIDE\plugins\com.st.stm32cube.common.mx_6.11.0.202403141607\db\plugins\mcufinder\reactClient1\index.html
2024-08-30 15:31:58,626 [WARN] PackLoader:240 - Cannot read IP mode file for STMicroelectronics.FP-SNS-MOTENVWB1.1.4.0
2024-08-30 15:31:58,646 [WARN] PackLoader:240 - Cannot read IP mode file for STMicroelectronics.X-CUBE-SMBUS.2.1.0
2024-08-30 15:31:58,656 [WARN] PackLoader:240 - Cannot read IP mode file for STMicroelectronics.X-CUBE-TOUCHGFX.4.23.1
2024-08-30 15:31:58,662 [WARN] PackLoader:240 - Cannot read IP mode file for STMicroelectronics.X-CUBE-TOUCHGFX.4.23.0
2024-08-30 15:31:58,714 [WARN] PackLoader:240 - Cannot read IP mode file for STMicroelectronics.X-CUBE-AZRTOS-F7.1.1.0
2024-08-30 15:31:58,735 [WARN] PackLoader:240 - Cannot read IP mode file for STMicroelectronics.FP-SNS-MOTENV1.4.3.2
2024-08-30 15:31:58,851 [WARN] PackLoader:240 - Cannot read IP mode file for STMicroelectronics.X-CUBE-MEMS1.11.0.0
2024-08-30 15:31:59,121 [WARN] PackLoader:240 - Cannot read IP mode file for STMicroelectronics.X-CUBE-BLE1.6.2.4
2024-08-30 15:31:59,130 [WARN] PackLoader:240 - Cannot read IP mode file for STMicroelectronics.FP-SNS-FLIGHT1.5.0.2
2024-08-30 15:31:59,143 [WARN] PackLoader:240 - Cannot read IP mode file for STMicroelectronics.X-CUBE-DISPLAY.3.0.0
2024-08-30 15:31:59,157 [WARN] PackLoader:240 - Cannot read IP mode file for STMicroelectronics.X-CUBE-BLE1.7.0.0
2024-08-30 15:31:59,169 [WARN] PackLoader:240 - Cannot read IP mode file for emotas.I-CUBE-CANOPEN.1.3.0
2024-08-30 15:31:59,174 [WARN] PackLoader:240 - Cannot read IP mode file for STMicroelectronics.X-CUBE-TOUCHGFX.4.22.0
2024-08-30 15:31:59,180 [WARN] PackLoader:240 - Cannot read IP mode file for STMicroelectronics.X-CUBE-TOUCHGFX.4.22.1
2024-08-30 15:31:59,196 [WARN] PackLoader:240 - Cannot read IP mode file for STMicroelectronics.X-CUBE-BLEMGR.3.1.0
2024-08-30 15:31:59,207 [WARN] PackLoader:240 - Cannot read IP mode file for STMicroelectronics.FP-SNS-SMARTAG2.1.2.0
2024-08-30 15:31:59,224 [INFO] LogOutputStream:77 - [STDOUT_REDIRECT] 1 : Invalid condition id : UX_CORESTACK_Condition cause : null
2024-08-30 15:31:59,225 [INFO] LogOutputStream:77 - [STDOUT_REDIRECT] 1 : Invalid condition id : UX_CORESTACK_Condition cause : null
2024-08-30 15:31:59,227 [INFO] LogOutputStream:77 - [STDOUT_REDIRECT] 1 : Invalid condition id : UX_CORESTACK_Condition cause : null
2024-08-30 15:31:59,230 [INFO] LogOutputStream:77 - [STDOUT_REDIRECT] 1 : Invalid condition id : UX_CORESTACK_Condition cause : null
2024-08-30 15:31:59,233 [INFO] LogOutputStream:77 - [STDOUT_REDIRECT] 1 : Invalid condition id : UX_CORESTACK_Condition cause : null
2024-08-30 15:31:59,241 [WARN] PackLoader:240 - Cannot read IP mode file for STMicroelectronics.X-CUBE-AZRTOS-WL.2.0.0
2024-08-30 15:31:59,251 [WARN] PackLoader:240 - Cannot read IP mode file for STMicroelectronics.FP-SNS-MOTENV1.5.0.0
2024-08-30 15:31:59,264 [WARN] PackLoader:240 - Cannot read IP mode file for wolfSSL.I-CUBE-wolfMQTT.1.19.0
2024-08-30 15:31:59,275 [WARN] PackLoader:240 - Cannot read IP mode file for WES.I-CUBE-Cesium.1.3.0
2024-08-30 15:31:59,284 [WARN] PackLoader:240 - Cannot read IP mode file for STMicroelectronics.X-CUBE-BLE2.3.3.0
2024-08-30 15:31:59,296 [WARN] PackLoader:240 - Cannot read IP mode file for STMicroelectronics.X-CUBE-TCPP.4.1.0
2024-08-30 15:31:59,308 [WARN] PackLoader:240 - Cannot read IP mode file for STMicroelectronics.X-CUBE-ALGOBUILD.1.3.0
2024-08-30 15:31:59,340 [WARN] PackLoader:240 - Cannot read IP mode file for STMicroelectronics.X-CUBE-AZRTOS-G0.1.1.0
2024-08-30 15:31:59,355 [WARN] PackLoader:240 - Cannot read IP mode file for STMicroelectronics.X-CUBE-SAFEA1.1.2.2
2024-08-30 15:31:59,366 [WARN] PackLoader:240 - Cannot read IP mode file for STMicroelectronics.X-CUBE-NFC4.3.0.0
2024-08-30 15:31:59,385 [WARN] PackLoader:240 - Cannot read IP mode file for EmbeddedOffice.I-CUBE-FS-RTOS.1.0.1
2024-08-30 15:31:59,385 [ERROR] ConditionMgr:805 - Attr not supported : Dmpu
2024-08-30 15:31:59,385 [ERROR] ConditionMgr:805 - Attr not supported : Dmpu
2024-08-30 15:31:59,386 [ERROR] ConditionMgr:805 - Attr not supported : Dmpu
2024-08-30 15:31:59,386 [ERROR] ConditionMgr:805 - Attr not supported : Dmpu
2024-08-30 15:31:59,386 [ERROR] ConditionMgr:805 - Attr not supported : Dmpu
2024-08-30 15:31:59,386 [ERROR] ConditionMgr:805 - Attr not supported : Dmpu
2024-08-30 15:31:59,386 [ERROR] ConditionMgr:805 - Attr not supported : Dmpu
2024-08-30 15:31:59,386 [ERROR] ConditionMgr:805 - Attr not supported : Dmpu
2024-08-30 15:31:59,387 [ERROR] ConditionMgr:805 - Attr not supported : Dmpu
2024-08-30 15:31:59,387 [ERROR] ConditionMgr:805 - Attr not supported : Dmpu
2024-08-30 15:31:59,387 [ERROR] ConditionMgr:805 - Attr not supported : Dmpu
2024-08-30 15:31:59,387 [ERROR] ConditionMgr:805 - Attr not supported : Dmpu
2024-08-30 15:31:59,387 [ERROR] ConditionMgr:805 - Attr not supported : Dmpu
2024-08-30 15:31:59,387 [ERROR] ConditionMgr:805 - Attr not supported : Dmpu
2024-08-30 15:31:59,387 [ERROR] ConditionMgr:805 - Attr not supported : Dmpu
2024-08-30 15:31:59,388 [ERROR] ConditionMgr:805 - Attr not supported : Dmpu
2024-08-30 15:31:59,388 [ERROR] ConditionMgr:805 - Attr not supported : Dmpu
2024-08-30 15:31:59,388 [ERROR] ConditionMgr:805 - Attr not supported : Dmpu
2024-08-30 15:31:59,388 [ERROR] ConditionMgr:805 - Attr not supported : Dmpu
2024-08-30 15:31:59,388 [ERROR] ConditionMgr:805 - Attr not supported : Dmpu
2024-08-30 15:31:59,388 [ERROR] ConditionMgr:805 - Attr not supported : Dmpu
2024-08-30 15:31:59,388 [ERROR] ConditionMgr:805 - Attr not supported : Dmpu
2024-08-30 15:31:59,389 [ERROR] ConditionMgr:805 - Attr not supported : Dmpu
2024-08-30 15:31:59,389 [ERROR] ConditionMgr:805 - Attr not supported : Dmpu
2024-08-30 15:31:59,389 [ERROR] ConditionMgr:805 - Attr not supported : Dmpu
2024-08-30 15:31:59,389 [ERROR] ConditionMgr:805 - Attr not supported : Dmpu
2024-08-30 15:31:59,389 [ERROR] ConditionMgr:805 - Attr not supported : Dmpu
2024-08-30 15:31:59,389 [ERROR] ConditionMgr:805 - Attr not supported : Dmpu
2024-08-30 15:31:59,389 [ERROR] ConditionMgr:805 - Attr not supported : Dmpu
2024-08-30 15:31:59,389 [ERROR] ConditionMgr:805 - Attr not supported : Dmpu
2024-08-30 15:31:59,389 [ERROR] ConditionMgr:805 - Attr not supported : Dmpu
2024-08-30 15:31:59,390 [ERROR] ConditionMgr:805 - Attr not supported : Dmpu
2024-08-30 15:31:59,390 [ERROR] ConditionMgr:805 - Attr not supported : Dmpu
2024-08-30 15:31:59,390 [ERROR] ConditionMgr:805 - Attr not supported : Dmpu
2024-08-30 15:31:59,390 [ERROR] ConditionMgr:805 - Attr not supported : Dmpu
2024-08-30 15:31:59,390 [ERROR] ConditionMgr:805 - Attr not supported : Dmpu
2024-08-30 15:31:59,390 [ERROR] ConditionMgr:805 - Attr not supported : Dmpu
2024-08-30 15:31:59,390 [ERROR] ConditionMgr:805 - Attr not supported : Dmpu
2024-08-30 15:31:59,391 [ERROR] ConditionMgr:805 - Attr not supported : Dmpu
2024-08-30 15:31:59,391 [ERROR] ConditionMgr:805 - Attr not supported : Dmpu
2024-08-30 15:31:59,391 [ERROR] ConditionMgr:805 - Attr not supported : Dmpu
2024-08-30 15:31:59,391 [ERROR] ConditionMgr:805 - Attr not supported : Dmpu
2024-08-30 15:31:59,392 [ERROR] ConditionMgr:805 - Attr not supported : Dmpu
2024-08-30 15:31:59,392 [ERROR] ConditionMgr:805 - Attr not supported : Dmpu
2024-08-30 15:31:59,392 [ERROR] ConditionMgr:805 - Attr not supported : Dmpu
2024-08-30 15:31:59,392 [ERROR] ConditionMgr:805 - Attr not supported : Dmpu
2024-08-30 15:31:59,392 [ERROR] ConditionMgr:805 - Attr not supported : Dmpu
2024-08-30 15:31:59,392 [ERROR] ConditionMgr:805 - Attr not supported : Dmpu
2024-08-30 15:31:59,393 [ERROR] ConditionMgr:805 - Attr not supported : Dmpu
2024-08-30 15:31:59,393 [ERROR] ConditionMgr:805 - Attr not supported : Dmpu
2024-08-30 15:31:59,393 [ERROR] ConditionMgr:805 - Attr not supported : Dmpu
2024-08-30 15:31:59,394 [ERROR] ConditionMgr:805 - Attr not supported : Dmpu
2024-08-30 15:31:59,394 [ERROR] ConditionMgr:805 - Attr not supported : Dmpu
2024-08-30 15:31:59,394 [ERROR] ConditionMgr:805 - Attr not supported : Dmpu
2024-08-30 15:31:59,394 [ERROR] ConditionMgr:805 - Attr not supported : Dmpu
2024-08-30 15:31:59,394 [ERROR] ConditionMgr:805 - Attr not supported : Dmpu
2024-08-30 15:31:59,395 [ERROR] ConditionMgr:805 - Attr not supported : Dmpu
2024-08-30 15:31:59,395 [ERROR] ConditionMgr:805 - Attr not supported : Dmpu
2024-08-30 15:31:59,395 [ERROR] ConditionMgr:805 - Attr not supported : Dmpu
2024-08-30 15:31:59,395 [ERROR] ConditionMgr:805 - Attr not supported : Dmpu
2024-08-30 15:31:59,395 [ERROR] ConditionMgr:805 - Attr not supported : Dmpu
2024-08-30 15:31:59,395 [ERROR] ConditionMgr:805 - Attr not supported : Dmpu
2024-08-30 15:31:59,395 [ERROR] ConditionMgr:805 - Attr not supported : Dmpu
2024-08-30 15:31:59,396 [ERROR] ConditionMgr:805 - Attr not supported : Dmpu
2024-08-30 15:31:59,411 [WARN] PackLoader:240 - Cannot read IP mode file for STMicroelectronics.X-CUBE-BLEMGR.3.0.0
2024-08-30 15:31:59,425 [WARN] PackLoader:240 - Cannot read IP mode file for RealThread.X-CUBE-RT-Thread_Nano.4.1.1
2024-08-30 15:31:59,433 [WARN] PackLoader:240 - Cannot read IP mode file for STMicroelectronics.FP-ATR-SIGFOX1.3.2.0
2024-08-30 15:31:59,445 [WARN] PackLoader:240 - Cannot read IP mode file for STMicroelectronics.X-CUBE-EEPRMA1.5.1.0
2024-08-30 15:31:59,505 [WARN] PackLoader:240 - Cannot read IP mode file for SEGGER.I-CUBE-embOS.1.3.1
2024-08-30 15:31:59,613 [WARN] PackLoader:240 - Cannot read IP mode file for STMicroelectronics.X-CUBE-ALGOBUILD.1.4.0
2024-08-30 15:31:59,623 [WARN] PackLoader:240 - Cannot read IP mode file for STMicroelectronics.X-CUBE-GNSS1.6.0.0
2024-08-30 15:31:59,652 [WARN] PackLoader:240 - Cannot read IP mode file for STMicroelectronics.X-CUBE-AZRTOS-F4.1.1.0
2024-08-30 15:31:59,665 [WARN] PackLoader:240 - Cannot read IP mode file for wolfSSL.I-CUBE-wolfSSL.5.6.3
2024-08-30 15:31:59,673 [WARN] PackLoader:240 - Cannot read IP mode file for STMicroelectronics.X-CUBE-FREERTOS.1.2.0
2024-08-30 15:31:59,702 [WARN] PackLoader:240 - Cannot read IP mode file for STMicroelectronics.X-CUBE-AZRTOS-L5.2.0.0
2024-08-30 15:31:59,766 [WARN] PackLoader:240 - Cannot read IP mode file for STMicroelectronics.X-CUBE-MEMS1.9.6.0
2024-08-30 15:32:00,033 [WARN] PackLoader:240 - Cannot read IP mode file for STMicroelectronics.X-CUBE-EEPRMA1.4.2.0
2024-08-30 15:32:00,046 [WARN] PackLoader:240 - Cannot read IP mode file for STMicroelectronics.X-CUBE-NFC6.3.1.0
2024-08-30 15:32:00,059 [WARN] PackLoader:240 - Cannot read IP mode file for ITTIA_DB.I-CUBE-ITTIADB.8.8.0
2024-08-30 15:32:00,069 [WARN] PackLoader:240 - Cannot read IP mode file for STMicroelectronics.X-CUBE-BLEMGR.2.0.0
2024-08-30 15:32:00,081 [WARN] PackLoader:240 - Cannot read IP mode file for STMicroelectronics.X-CUBE-DPower.1.2.0
2024-08-30 15:32:00,089 [WARN] PackLoader:240 - Cannot read IP mode file for STMicroelectronics.X-CUBE-AI.9.0.0
2024-08-30 15:32:00,111 [WARN] ConditionMgr:438 - getConditionDescription Invalid condition id : UX DEVICE CLASS RTOS Condition cause : null
2024-08-30 15:32:00,112 [WARN] ConditionMgr:438 - getConditionDescription Invalid condition id : UX DEVICE CLASS RTOS Condition cause : null
2024-08-30 15:32:00,116 [WARN] PackLoader:240 - Cannot read IP mode file for STMicroelectronics.X-CUBE-AZRTOS-H7.3.1.0
2024-08-30 15:32:00,117 [WARN] ConditionMgr:1039 - genDependencies : Invalid condition id : UX DEVICE CLASS RTOS Condition cause : null
2024-08-30 15:32:00,117 [WARN] ConditionMgr:1039 - genDependencies : Invalid condition id : UX DEVICE CLASS RTOS Condition cause : null
2024-08-30 15:32:00,118 [WARN] ConditionMgr:1039 - genDependencies : Invalid condition id : UX DEVICE CLASS RTOS Condition cause : null
2024-08-30 15:32:00,119 [WARN] ConditionMgr:1039 - genDependencies : Invalid condition id : UX DEVICE CLASS RTOS Condition cause : null
2024-08-30 15:32:00,119 [WARN] ConditionMgr:1039 - genDependencies : Invalid condition id : UX DEVICE CLASS RTOS Condition cause : null
2024-08-30 15:32:00,130 [WARN] PackLoader:240 - Cannot read IP mode file for STMicroelectronics.X-CUBE-NFC7.1.0.1
2024-08-30 15:32:00,139 [WARN] PackLoader:240 - Cannot read IP mode file for STMicroelectronics.X-CUBE-NFC6.3.0.0
2024-08-30 15:32:00,151 [WARN] PackLoader:240 - Cannot read IP mode file for STMicroelectronics.X-CUBE-EEPRMA1.4.1.0
2024-08-30 15:32:00,158 [WARN] PackLoader:240 - Cannot read IP mode file for STMicroelectronics.X-CUBE-AI.8.1.0
2024-08-30 15:32:00,183 [WARN] ConditionMgr:438 - getConditionDescription Invalid condition id : LAN8742 Phy interface Condition cause : null
2024-08-30 15:32:00,185 [WARN] PackLoader:240 - Cannot read IP mode file for STMicroelectronics.X-CUBE-AZRTOS-L4.2.0.0
2024-08-30 15:32:00,186 [WARN] ConditionMgr:1039 - genDependencies : Invalid condition id : LAN8742 Phy interface Condition cause : null
2024-08-30 15:32:00,187 [WARN] ConditionMgr:1039 - genDependencies : Invalid condition id : LAN8742 Phy interface Condition cause : null
2024-08-30 15:32:00,187 [WARN] ConditionMgr:1039 - genDependencies : Invalid condition id : LAN8742 Phy interface Condition cause : null
2024-08-30 15:32:00,199 [WARN] PackLoader:240 - Cannot read IP mode file for STMicroelectronics.X-CUBE-SFXS2LP1.4.0.0
2024-08-30 15:32:00,208 [WARN] PackLoader:240 - Cannot read IP mode file for STMicroelectronics.X-CUBE-ISPU.1.1.0
2024-08-30 15:32:00,236 [WARN] PackLoader:240 - Cannot read IP mode file for STMicroelectronics.X-CUBE-AZRTOS-H7.3.3.0
2024-08-30 15:32:00,259 [WARN] ConditionMgr:438 - getConditionDescription Invalid condition id : UX DEVICE CLASS RTOS Condition cause : null
2024-08-30 15:32:00,260 [WARN] ConditionMgr:438 - getConditionDescription Invalid condition id : UX DEVICE CLASS RTOS Condition cause : null
2024-08-30 15:32:00,263 [WARN] PackLoader:240 - Cannot read IP mode file for STMicroelectronics.X-CUBE-AZRTOS-WB.2.0.0
2024-08-30 15:32:00,264 [WARN] ConditionMgr:1039 - genDependencies : Invalid condition id : UX DEVICE CLASS RTOS Condition cause : null
2024-08-30 15:32:00,265 [WARN] ConditionMgr:1039 - genDependencies : Invalid condition id : UX DEVICE CLASS RTOS Condition cause : null
2024-08-30 15:32:00,265 [WARN] ConditionMgr:1039 - genDependencies : Invalid condition id : UX DEVICE CLASS RTOS Condition cause : null
2024-08-30 15:32:00,265 [WARN] ConditionMgr:1039 - genDependencies : Invalid condition id : UX DEVICE CLASS RTOS Condition cause : null
2024-08-30 15:32:00,266 [WARN] ConditionMgr:1039 - genDependencies : Invalid condition id : UX DEVICE CLASS RTOS Condition cause : null
2024-08-30 15:32:00,273 [WARN] PackLoader:240 - Cannot read IP mode file for STMicroelectronics.X-CUBE-FREERTOS.1.0.1
2024-08-30 15:32:00,284 [WARN] PackLoader:240 - Cannot read IP mode file for STMicroelectronics.FP-SNS-STBOX1.2.0.0
2024-08-30 15:32:00,307 [WARN] PackLoader:240 - Cannot read IP mode file for STMicroelectronics.X-CUBE-AZRTOS-L5.1.1.0
2024-08-30 15:32:00,316 [WARN] PackLoader:240 - Cannot read IP mode file for STMicroelectronics.X-CUBE-AI.8.0.1
2024-08-30 15:32:00,330 [WARN] PackLoader:240 - Cannot read IP mode file for STMicroelectronics.X-CUBE-SUBG2.5.0.0
2024-08-30 15:32:00,343 [WARN] PackLoader:240 - Cannot read IP mode file for Cesanta.I-CUBE-Mongoose.7.13.0
2024-08-30 15:32:00,357 [WARN] PackLoader:240 - Cannot read IP mode file for STMicroelectronics.X-CUBE-TOF1.3.3.1
2024-08-30 15:32:00,391 [WARN] PackLoader:240 - Cannot read IP mode file for STMicroelectronics.X-CUBE-AZRTOS-G4.2.0.0
2024-08-30 15:32:00,412 [WARN] PackLoader:240 - Cannot read IP mode file for Infineon.AIROC-Wi-Fi-Bluetooth-STM32.1.5.1
2024-08-30 15:32:00,420 [WARN] PackLoader:240 - Cannot read IP mode file for STMicroelectronics.FP-SNS-MOTENVWB1.1.3.0
2024-08-30 15:32:00,426 [WARN] PackLoader:240 - Cannot read IP mode file for STMicroelectronics.FP-SNS-MOTENVWB1.1.3.1
2024-08-30 15:32:00,433 [WARN] PackLoader:240 - Cannot read IP mode file for STMicroelectronics.X-CUBE-ISPU.2.0.0
2024-08-30 15:32:00,440 [WARN] PackLoader:240 - Cannot read IP mode file for STMicroelectronics.X-CUBE-ALS.1.0.2
2024-08-30 15:32:00,492 [WARN] PackLoader:240 - Cannot read IP mode file for STMicroelectronics.X-CUBE-MEMS1.10.0.0
2024-08-30 15:32:00,646 [WARN] PackLoader:240 - Cannot read IP mode file for STMicroelectronics.X-CUBE-FREERTOS.1.1.0
2024-08-30 15:32:00,652 [WARN] PackLoader:240 - Cannot read IP mode file for STMicroelectronics.X-CUBE-TOUCHGFX.4.24.0
2024-08-30 15:32:00,659 [WARN] PackLoader:240 - Cannot read IP mode file for wolfSSL.I-CUBE-wolfTPM.3.4.0
2024-08-30 15:32:00,673 [WARN] PackLoader:240 - Cannot read IP mode file for portGmbH.I-Cube-SoM-uGOAL.1.1.0
2024-08-30 15:32:00,680 [WARN] PackLoader:240 - Cannot read IP mode file for STMicroelectronics.X-CUBE-ALS.1.0.1
2024-08-30 15:32:00,704 [WARN] PackLoader:240 - Cannot read IP mode file for STMicroelectronics.X-CUBE-AZRTOS-WB.1.1.0
2024-08-30 15:32:00,732 [WARN] PackLoader:240 - Cannot read IP mode file for STMicroelectronics.X-CUBE-AZRTOS-H7RS.1.0.0
2024-08-30 15:32:00,744 [WARN] PackLoader:240 - Cannot read IP mode file for STMicroelectronics.FP-ATR-ASTRA1.2.0.0
2024-08-30 15:32:00,758 [WARN] PackLoader:240 - Cannot read IP mode file for STMicroelectronics.X-CUBE-TOF1.3.4.2
2024-08-30 15:32:00,788 [WARN] PackLoader:240 - Cannot read IP mode file for STMicroelectronics.X-CUBE-TOF1.3.4.1
2024-08-30 15:32:00,827 [WARN] PackLoader:240 - Cannot read IP mode file for STMicroelectronics.X-CUBE-AZRTOS-H7.3.2.0
2024-08-30 15:32:00,838 [WARN] PackLoader:240 - Cannot read IP mode file for wolfSSL.I-CUBE-wolfSSH.1.4.17
2024-08-30 15:32:00,839 [INFO] ThirdParty:978 - Integrity check success = true
2024-08-30 15:32:00,839 [INFO] IntegrityCheckThread:100 - exiting critical section [integrity check]
2024-08-30 15:32:00,839 [INFO] IntegrityCheckThread:103 - End integrity checks thread
2024-08-30 17:02:53,235 [INFO] WebApp:354 - JxBrowser engine has been closed 
