2023-08-11 02:24:08,714 [INFO] Activator:176 - 


2023-08-11 02:24:08,722 [INFO] Activator:177 - !SESSION log4j initialized
2023-08-11 02:24:15,499 [INFO] LogOutputStream:77 - [STDOUT_REDIRECT] 
2023-08-11 02:24:17,234 [INFO] ApplicationProperties:184 - Using Application install path: D:\STM32CubeIDE_1.13.0\STM32CubeIDE\plugins\com.st.stm32cube.common.mx_6.9.0.202307051724
2023-08-11 02:24:17,258 [INFO] DbMcusXml:78 - Set database path to: D:\STM32CubeIDE_1.13.0\STM32CubeIDE\plugins\com.st.stm32cube.common.mx_6.9.0.202307051724\\db\/mcu/
2023-08-11 02:24:17,258 [INFO] ApiDb:274 - Set plugin database path to: D:\STM32CubeIDE_1.13.0\STM32CubeIDE\plugins\com.st.stm32cube.common.mx_6.9.0.202307051724\\db\/plugins/boardmanager/
2023-08-11 02:24:17,259 [WARN] ApiDb:259 - Overriding images path with different value:  => D:\STM32CubeIDE_1.13.0\STM32CubeIDE\plugins\com.st.stm32cube.common.mx_6.9.0.202307051724\\db\/plugins/mcufinder/images/
2023-08-11 02:24:17,274 [INFO] ApiDb:250 - Set database path to: C:\Users\66405\.stmcufinder\plugins\mcufinder//mcu/
2023-08-11 02:24:17,275 [INFO] DbMcusAds:125 - Set database path to: C:\Users\66405\.stmcufinder\plugins\mcufinder//mcu/
2023-08-11 02:24:17,278 [INFO] CrossReferenceDbSqlite:203 - Set database path to: C:\Users\66405\.stmcufinder\plugins\mcufinder//mcu/cs/
2023-08-11 02:24:17,397 [INFO] RulesReader:64 - Compatibility file has been processed (293 Rules)
2023-08-11 02:24:17,495 [INFO] DbMcusXml:78 - Set database path to: D:\STM32CubeIDE_1.13.0\STM32CubeIDE\plugins\com.st.stm32cube.common.mx_6.9.0.202307051724\\db\/mcu/
2023-08-11 02:24:17,495 [INFO] ApiDb:274 - Set plugin database path to: D:\STM32CubeIDE_1.13.0\STM32CubeIDE\plugins\com.st.stm32cube.common.mx_6.9.0.202307051724\\db\/plugins/boardmanager/
2023-08-11 02:24:17,496 [INFO] ApiDb:261 - Set plugin images path to: D:\STM32CubeIDE_1.13.0\STM32CubeIDE\plugins\com.st.stm32cube.common.mx_6.9.0.202307051724\\db\/plugins/mcufinder/images/
2023-08-11 02:24:17,496 [WARN] DbFile:41 - Overriding database path with different value: C:\Users\66405\.stmcufinder\plugins\mcufinder/ => C:\Users\66405\.stmcufinder\plugins\mcufinder
2023-08-11 02:24:17,496 [INFO] ApiDb:250 - Set database path to: C:\Users\66405\.stmcufinder\plugins\mcufinder//mcu/
2023-08-11 02:24:17,496 [WARN] DbFile:41 - Overriding database path with different value: C:\Users\66405\.stmcufinder\plugins\mcufinder/ => C:\Users\66405\.stmcufinder\plugins\mcufinder
2023-08-11 02:24:17,496 [INFO] DbMcusAds:125 - Set database path to: C:\Users\66405\.stmcufinder\plugins\mcufinder//mcu/
2023-08-11 02:24:17,496 [WARN] DbFile:41 - Overriding database path with different value: C:\Users\66405\.stmcufinder\plugins\mcufinder/ => C:\Users\66405\.stmcufinder\plugins\mcufinder
2023-08-11 02:24:17,496 [WARN] DbFile:41 - Overriding database path with different value: C:\Users\66405\.stmcufinder\plugins\mcufinder/ => C:\Users\66405\.stmcufinder\plugins\mcufinder
2023-08-11 02:24:17,496 [INFO] CrossReferenceDbSqlite:203 - Set database path to: C:\Users\66405\.stmcufinder\plugins\mcufinder//mcu/cs/
2023-08-11 02:24:17,586 [INFO] MainPanel:262 - HeapMemory: 268435456
2023-08-11 02:24:17,696 [INFO] DbMcusXml:78 - Set database path to: D:\STM32CubeIDE_1.13.0\STM32CubeIDE\plugins\com.st.stm32cube.common.mx_6.9.0.202307051724\\db\/mcu/
2023-08-11 02:24:17,696 [INFO] ApiDb:274 - Set plugin database path to: D:\STM32CubeIDE_1.13.0\STM32CubeIDE\plugins\com.st.stm32cube.common.mx_6.9.0.202307051724\\db\/plugins/boardmanager/
2023-08-11 02:24:17,697 [INFO] ApiDb:261 - Set plugin images path to: D:\STM32CubeIDE_1.13.0\STM32CubeIDE\plugins\com.st.stm32cube.common.mx_6.9.0.202307051724\\db\/plugins/mcufinder/images/
2023-08-11 02:24:17,698 [WARN] DbFile:41 - Overriding database path with different value: C:\Users\66405\.stmcufinder\plugins\mcufinder/ => C:\Users\66405\.stmcufinder\plugins\mcufinder
2023-08-11 02:24:17,698 [INFO] ApiDb:250 - Set database path to: C:\Users\66405\.stmcufinder\plugins\mcufinder//mcu/
2023-08-11 02:24:17,698 [WARN] DbFile:41 - Overriding database path with different value: C:\Users\66405\.stmcufinder\plugins\mcufinder/ => C:\Users\66405\.stmcufinder\plugins\mcufinder
2023-08-11 02:24:17,698 [INFO] DbMcusAds:125 - Set database path to: C:\Users\66405\.stmcufinder\plugins\mcufinder//mcu/
2023-08-11 02:24:17,698 [WARN] DbFile:41 - Overriding database path with different value: C:\Users\66405\.stmcufinder\plugins\mcufinder/ => C:\Users\66405\.stmcufinder\plugins\mcufinder
2023-08-11 02:24:17,698 [WARN] DbFile:41 - Overriding database path with different value: C:\Users\66405\.stmcufinder\plugins\mcufinder/ => C:\Users\66405\.stmcufinder\plugins\mcufinder
2023-08-11 02:24:17,698 [INFO] CrossReferenceDbSqlite:203 - Set database path to: C:\Users\66405\.stmcufinder\plugins\mcufinder//mcu/cs/
2023-08-11 02:24:17,718 [INFO] ApplicationProperties:184 - Using Application install path: D:\STM32CubeIDE_1.13.0\STM32CubeIDE\plugins\com.st.stm32cube.common.mx_6.9.0.202307051724
2023-08-11 02:24:17,720 [INFO] PluginManage:196 - Search for loadable plugins [exclusion list=, ]
2023-08-11 02:24:17,722 [INFO] PluginManage:310 - Check plugin analytics
2023-08-11 02:24:17,894 [INFO] AnalyticsPlugin:253 - Accepted Software Licenses: 
2023-08-11 02:24:17,894 [INFO] AnalyticsPlugin:255 - Accepted CMSIS Pack Licenses: 
2023-08-11 02:24:17,895 [INFO] AnalyticsPlugin:257 - Accepted Firmware Licenses: FW.L4.1.18.0
2023-08-11 02:24:17,898 [INFO] PluginManage:359 - Loaded plugin analytics (category:tool,tabindex:-1)
2023-08-11 02:24:17,898 [INFO] PluginManage:310 - Check plugin cadmodel
2023-08-11 02:24:17,907 [INFO] CADModel:105 - Init CAD model plugin
2023-08-11 02:24:17,908 [INFO] PluginManage:359 - Loaded plugin cadmodel (category:power,tabindex:5)
2023-08-11 02:24:17,908 [INFO] PluginManage:310 - Check plugin clock
2023-08-11 02:24:17,924 [INFO] PluginManage:359 - Loaded plugin clock (category:base,tabindex:2)
2023-08-11 02:24:17,924 [INFO] PluginManage:310 - Check plugin ddr
2023-08-11 02:24:17,928 [INFO] PluginManage:359 - Loaded plugin ddr (category:tool,tabindex:6)
2023-08-11 02:24:17,928 [INFO] PluginManage:310 - Check plugin filemanager
2023-08-11 02:24:18,083 [INFO] PluginManage:359 - Loaded plugin filemanager (category:base,tabindex:10)
2023-08-11 02:24:18,084 [INFO] PluginManage:310 - Check plugin ipmanager
2023-08-11 02:24:18,094 [INFO] PluginManage:359 - Loaded plugin ipmanager (category:base,tabindex:5)
2023-08-11 02:24:18,094 [INFO] PluginManage:310 - Check plugin lpbam
2023-08-11 02:24:18,102 [INFO] PluginManage:359 - Loaded plugin lpbam (category:base,tabindex:0)
2023-08-11 02:24:18,103 [INFO] PluginManage:310 - Check plugin memorymap
2023-08-11 02:24:18,122 [INFO] PluginManage:359 - Loaded plugin memorymap (category:base,tabindex:4)
2023-08-11 02:24:18,122 [INFO] PluginManage:310 - Check plugin pinoutandconfiguration
2023-08-11 02:24:18,135 [INFO] PluginManage:359 - Loaded plugin pinoutandconfiguration (category:base,tabindex:1)
2023-08-11 02:24:18,135 [INFO] PluginManage:310 - Check plugin pinoutconfig
2023-08-11 02:24:18,228 [WARN] SupportedApi:132 - Cannot load RTOS API schema: s4s-elt-must-match.1: The content of 'definitions' must match (annotation?, (simpleType | complexType)?, (unique | key | keyref)*)). A problem was found starting at: attribute.
2023-08-11 02:24:18,380 [INFO] PluginManage:359 - Loaded plugin pinoutconfig (category:base,tabindex:0)
2023-08-11 02:24:18,380 [INFO] PluginManage:310 - Check plugin power
2023-08-11 02:24:18,395 [INFO] PluginManage:359 - Loaded plugin power (category:power,tabindex:4)
2023-08-11 02:24:18,395 [INFO] PluginManage:310 - Check plugin projectmanager
2023-08-11 02:24:18,412 [INFO] PluginManage:359 - Loaded plugin projectmanager (category:projectmanager,tabindex:3)
2023-08-11 02:24:18,413 [INFO] PluginManage:310 - Check plugin thirdparty
2023-08-11 02:24:18,561 [INFO] PluginManage:359 - Loaded plugin thirdparty (category:base,tabindex:-1)
2023-08-11 02:24:18,561 [WARN] IntegrityCheckThread:84 - waiting for thirdparty lock release [integrity check]
2023-08-11 02:24:18,561 [INFO] IntegrityCheckThread:86 - entering critical section [integrity check]
2023-08-11 02:24:18,561 [INFO] PluginManage:310 - Check plugin tools
2023-08-11 02:24:18,562 [INFO] ThirdPartyUpdaterWithRetryManager:70 - Updater plugin not ready yet. [1/15]
2023-08-11 02:24:18,565 [INFO] PluginManage:359 - Loaded plugin tools (category:base,tabindex:7)
2023-08-11 02:24:18,565 [INFO] PluginManage:310 - Check plugin tutovideos
2023-08-11 02:24:18,763 [INFO] PluginManage:359 - Loaded plugin tutovideos (category:base,tabindex:-1)
2023-08-11 02:24:18,763 [INFO] PluginManage:310 - Check plugin updater
2023-08-11 02:24:18,776 [INFO] PluginManage:359 - Loaded plugin updater (category:base,tabindex:12)
2023-08-11 02:24:18,777 [INFO] PluginManage:310 - Check plugin userauth
2023-08-11 02:24:18,783 [INFO] UserAuth:113 - Init User Auth plugin
2023-08-11 02:24:18,783 [INFO] PluginManage:359 - Loaded plugin userauth (category:base,tabindex:14)
2023-08-11 02:24:18,784 [INFO] PluginManage:283 - PluginManage : Loaded plugins [17]
2023-08-11 02:24:19,026 [INFO] PinOutPanel:1499 - setPackage(No Configuration,No Configuration)
2023-08-11 02:24:19,150 [INFO] CADModel:165 - CPN selected for project level
2023-08-11 02:24:19,150 [INFO] CADModel:114 - Register for checkConnection events
2023-08-11 02:24:19,169 [INFO] IPUIPlugin:80 - create IPUIPlugin
2023-08-11 02:24:19,169 [INFO] PluginManager:220 - loadIPPluginJar : add adc
2023-08-11 02:24:19,172 [INFO] IPUIPlugin:80 - create IPUIPlugin
2023-08-11 02:24:19,172 [INFO] PluginManager:220 - loadIPPluginJar : add aes
2023-08-11 02:24:19,175 [INFO] IPUIPlugin:80 - create IPUIPlugin
2023-08-11 02:24:19,175 [INFO] PluginManager:220 - loadIPPluginJar : add can
2023-08-11 02:24:19,177 [INFO] IPUIPlugin:80 - create IPUIPlugin
2023-08-11 02:24:19,177 [INFO] PluginManager:220 - loadIPPluginJar : add comp
2023-08-11 02:24:19,180 [INFO] IPUIPlugin:80 - create IPUIPlugin
2023-08-11 02:24:19,180 [INFO] PluginManager:220 - loadIPPluginJar : add cryp
2023-08-11 02:24:19,183 [INFO] IPUIPlugin:80 - create IPUIPlugin
2023-08-11 02:24:19,183 [INFO] PluginManager:220 - loadIPPluginJar : add dfsdm
2023-08-11 02:24:19,190 [INFO] IPUIPlugin:80 - create IPUIPlugin
2023-08-11 02:24:19,192 [INFO] PluginManager:220 - loadIPPluginJar : add dma
2023-08-11 02:24:19,195 [INFO] IPUIPlugin:80 - create IPUIPlugin
2023-08-11 02:24:19,195 [INFO] PluginManager:220 - loadIPPluginJar : add dma3
2023-08-11 02:24:19,198 [INFO] IPUIPlugin:80 - create IPUIPlugin
2023-08-11 02:24:19,198 [INFO] PluginManager:220 - loadIPPluginJar : add fatfs
2023-08-11 02:24:19,203 [INFO] IPUIPlugin:80 - create IPUIPlugin
2023-08-11 02:24:19,204 [INFO] PluginManager:220 - loadIPPluginJar : add fmc
2023-08-11 02:24:19,210 [INFO] IPUIPlugin:80 - create IPUIPlugin
2023-08-11 02:24:19,210 [INFO] PluginManager:220 - loadIPPluginJar : add freertos
2023-08-11 02:24:19,211 [INFO] IPUIPlugin:80 - create IPUIPlugin
2023-08-11 02:24:19,212 [INFO] PluginManager:220 - loadIPPluginJar : add genericplugin
2023-08-11 02:24:19,214 [INFO] IPUIPlugin:80 - create IPUIPlugin
2023-08-11 02:24:19,214 [INFO] PluginManager:220 - loadIPPluginJar : add gfxmmu
2023-08-11 02:24:19,219 [INFO] IPUIPlugin:80 - create IPUIPlugin
2023-08-11 02:24:19,219 [INFO] PluginManager:220 - loadIPPluginJar : add gic
2023-08-11 02:24:19,223 [INFO] IPUIPlugin:80 - create IPUIPlugin
2023-08-11 02:24:19,223 [INFO] PluginManager:220 - loadIPPluginJar : add gpio
2023-08-11 02:24:19,227 [INFO] IPUIPlugin:80 - create IPUIPlugin
2023-08-11 02:24:19,227 [INFO] PluginManager:220 - loadIPPluginJar : add gtzc
2023-08-11 02:24:19,229 [INFO] IPUIPlugin:80 - create IPUIPlugin
2023-08-11 02:24:19,230 [INFO] PluginManager:220 - loadIPPluginJar : add hash
2023-08-11 02:24:19,233 [INFO] IPUIPlugin:80 - create IPUIPlugin
2023-08-11 02:24:19,233 [INFO] PluginManager:220 - loadIPPluginJar : add i2c
2023-08-11 02:24:19,235 [INFO] IPUIPlugin:80 - create IPUIPlugin
2023-08-11 02:24:19,236 [INFO] PluginManager:220 - loadIPPluginJar : add i2s
2023-08-11 02:24:19,239 [INFO] IPUIPlugin:80 - create IPUIPlugin
2023-08-11 02:24:19,239 [INFO] PluginManager:220 - loadIPPluginJar : add i3c
2023-08-11 02:24:19,242 [INFO] IPUIPlugin:80 - create IPUIPlugin
2023-08-11 02:24:19,242 [INFO] PluginManager:220 - loadIPPluginJar : add ipddr
2023-08-11 02:24:19,250 [INFO] IPUIPlugin:80 - create IPUIPlugin
2023-08-11 02:24:19,250 [INFO] PluginManager:220 - loadIPPluginJar : add linkedlist
2023-08-11 02:24:19,253 [INFO] IPUIPlugin:80 - create IPUIPlugin
2023-08-11 02:24:19,253 [INFO] PluginManager:220 - loadIPPluginJar : add lorawan
2023-08-11 02:24:19,255 [INFO] IPUIPlugin:80 - create IPUIPlugin
2023-08-11 02:24:19,255 [INFO] PluginManager:220 - loadIPPluginJar : add ltdc
2023-08-11 02:24:19,261 [INFO] IPUIPlugin:80 - create IPUIPlugin
2023-08-11 02:24:19,262 [INFO] PluginManager:220 - loadIPPluginJar : add mdma
2023-08-11 02:24:19,266 [INFO] IPUIPlugin:80 - create IPUIPlugin
2023-08-11 02:24:19,266 [INFO] PluginManager:220 - loadIPPluginJar : add nvic
2023-08-11 02:24:19,269 [INFO] IPUIPlugin:80 - create IPUIPlugin
2023-08-11 02:24:19,269 [INFO] PluginManager:220 - loadIPPluginJar : add opamp
2023-08-11 02:24:19,273 [INFO] IPUIPlugin:80 - create IPUIPlugin
2023-08-11 02:24:19,273 [INFO] PluginManager:220 - loadIPPluginJar : add openamp
2023-08-11 02:24:19,277 [INFO] IPUIPlugin:80 - create IPUIPlugin
2023-08-11 02:24:19,277 [INFO] PluginManager:220 - loadIPPluginJar : add pdm2pcm
2023-08-11 02:24:19,285 [INFO] IPUIPlugin:80 - create IPUIPlugin
2023-08-11 02:24:19,287 [INFO] PluginManager:220 - loadIPPluginJar : add plateformsettings
2023-08-11 02:24:19,290 [INFO] IPUIPlugin:80 - create IPUIPlugin
2023-08-11 02:24:19,290 [INFO] PluginManager:220 - loadIPPluginJar : add quadspi
2023-08-11 02:24:19,294 [INFO] IPUIPlugin:80 - create IPUIPlugin
2023-08-11 02:24:19,294 [INFO] PluginManager:220 - loadIPPluginJar : add resmgrutility
2023-08-11 02:24:19,298 [INFO] IPUIPlugin:80 - create IPUIPlugin
2023-08-11 02:24:19,298 [INFO] PluginManager:220 - loadIPPluginJar : add sai
2023-08-11 02:24:19,300 [INFO] IPUIPlugin:80 - create IPUIPlugin
2023-08-11 02:24:19,301 [INFO] PluginManager:220 - loadIPPluginJar : add spi
2023-08-11 02:24:19,306 [INFO] IPUIPlugin:80 - create IPUIPlugin
2023-08-11 02:24:19,306 [INFO] PluginManager:220 - loadIPPluginJar : add stm32_wpan
2023-08-11 02:24:19,308 [INFO] IPUIPlugin:80 - create IPUIPlugin
2023-08-11 02:24:19,308 [INFO] PluginManager:220 - loadIPPluginJar : add tim
2023-08-11 02:24:19,311 [INFO] IPUIPlugin:80 - create IPUIPlugin
2023-08-11 02:24:19,312 [INFO] PluginManager:220 - loadIPPluginJar : add touchsensing
2023-08-11 02:24:19,314 [INFO] IPUIPlugin:80 - create IPUIPlugin
2023-08-11 02:24:19,314 [INFO] PluginManager:220 - loadIPPluginJar : add tracer_emb
2023-08-11 02:24:19,316 [INFO] IPUIPlugin:80 - create IPUIPlugin
2023-08-11 02:24:19,316 [INFO] PluginManager:220 - loadIPPluginJar : add ts
2023-08-11 02:24:19,318 [INFO] IPUIPlugin:80 - create IPUIPlugin
2023-08-11 02:24:19,318 [INFO] PluginManager:220 - loadIPPluginJar : add tsc
2023-08-11 02:24:19,321 [INFO] IPUIPlugin:80 - create IPUIPlugin
2023-08-11 02:24:19,321 [INFO] PluginManager:220 - loadIPPluginJar : add ucpd
2023-08-11 02:24:19,325 [INFO] IPUIPlugin:80 - create IPUIPlugin
2023-08-11 02:24:19,325 [INFO] PluginManager:220 - loadIPPluginJar : add usart
2023-08-11 02:24:19,329 [INFO] IPUIPlugin:80 - create IPUIPlugin
2023-08-11 02:24:19,329 [INFO] PluginManager:220 - loadIPPluginJar : add usbx
2023-08-11 02:24:19,459 [INFO] CADModel:165 - CPN selected for project level
2023-08-11 02:24:19,459 [INFO] CADModel:114 - Register for checkConnection events
2023-08-11 02:24:19,459 [FATAL] Updater:308 - Updater called before beeing initialized
2023-08-11 02:24:19,459 [ERROR] CADModel:125 - Updater not yet initialized, retry later 
2023-08-11 02:24:19,608 [INFO] CADModel:165 - CPN selected for project level
2023-08-11 02:24:19,608 [INFO] CADModel:114 - Register for checkConnection events
2023-08-11 02:24:19,608 [FATAL] Updater:308 - Updater called before beeing initialized
2023-08-11 02:24:19,608 [ERROR] CADModel:125 - Updater not yet initialized, retry later 
2023-08-11 02:24:19,613 [FATAL] Updater:308 - Updater called before beeing initialized
2023-08-11 02:24:19,730 [FATAL] Updater:308 - Updater called before beeing initialized
2023-08-11 02:24:19,735 [INFO] DbMcusAds:53 - JSON generation date=Tue Mar 07 16:50:55 CST 2023 (1678179055114)
2023-08-11 02:24:19,735 [FATAL] Updater:308 - Updater called before beeing initialized
2023-08-11 02:24:19,777 [WARN] DetailPanel:346 - Failed to get advertising image, set to default
2023-08-11 02:24:19,877 [FATAL] Updater:308 - Updater called before beeing initialized
2023-08-11 02:24:19,879 [FATAL] Updater:308 - Updater called before beeing initialized
2023-08-11 02:24:19,880 [FATAL] Updater:308 - Updater called before beeing initialized
2023-08-11 02:24:19,880 [WARN] DetailPanel:346 - Failed to get advertising image, set to default
2023-08-11 02:24:19,880 [FATAL] Updater:308 - Updater called before beeing initialized
2023-08-11 02:24:19,925 [ERROR] Updater:1120 - MainUpdater not yet initialized. External WinMGr cannot be set.
2023-08-11 02:24:19,930 [INFO] Updater:1056 - Updater Version found : 6.9.0
2023-08-11 02:24:19,953 [INFO] ApplicationProperties:184 - Using Application install path: D:\STM32CubeIDE_1.13.0\STM32CubeIDE\plugins\com.st.stm32cube.common.mx_6.9.0.202307051724
2023-08-11 02:24:20,893 [INFO] MainUpdater:2868 - connection check result : 10
2023-08-11 02:24:20,893 [INFO] MainUpdater:285 - Updater Check For Update Now.
2023-08-11 02:24:20,893 [INFO] MicroXplorer:498 - Change Database Version : DB.6.0.90
2023-08-11 02:24:20,912 [INFO] McuFinderGlobals:63 - Set McuFinder mode to 2 (CubeIDE integrated)
2023-08-11 02:24:21,085 [INFO] CheckServerUpdateThread:120 - End of CheckServer Thread
2023-08-11 02:24:21,754 [WARN] PackLoader:240 - Cannot read IP mode file for STMicroelectronics.X-CUBE-SMBUS.2.1.0
2023-08-11 02:24:21,785 [WARN] PackLoader:240 - Cannot read IP mode file for STMicroelectronics.X-CUBE-AZRTOS-F7.1.1.0
2023-08-11 02:24:21,797 [WARN] PackLoader:240 - Cannot read IP mode file for STMicroelectronics.FP-SNS-MOTENV1.4.3.2
2023-08-11 02:24:21,808 [WARN] PackLoader:240 - Cannot read IP mode file for STMicroelectronics.X-CUBE-BLE1.6.2.4
2023-08-11 02:24:21,814 [WARN] PackLoader:240 - Cannot read IP mode file for STMicroelectronics.FP-SNS-FLIGHT1.5.0.2
2023-08-11 02:24:21,822 [WARN] PackLoader:240 - Cannot read IP mode file for STMicroelectronics.X-CUBE-DISPLAY.3.0.0
2023-08-11 02:24:21,833 [WARN] PackLoader:240 - Cannot read IP mode file for emotas.I-CUBE-CANOPEN.1.3.0
2023-08-11 02:24:21,839 [WARN] PackLoader:240 - Cannot read IP mode file for STMicroelectronics.X-CUBE-TOUCHGFX.4.22.0
2023-08-11 02:24:21,850 [INFO] LogOutputStream:77 - [STDOUT_REDIRECT] 1 : Invalid condition id : UX_CORESTACK_Condition cause : null
2023-08-11 02:24:21,851 [INFO] LogOutputStream:77 - [STDOUT_REDIRECT] 1 : Invalid condition id : UX_CORESTACK_Condition cause : null
2023-08-11 02:24:21,853 [INFO] LogOutputStream:77 - [STDOUT_REDIRECT] 1 : Invalid condition id : UX_CORESTACK_Condition cause : null
2023-08-11 02:24:21,854 [INFO] LogOutputStream:77 - [STDOUT_REDIRECT] 1 : Invalid condition id : UX_CORESTACK_Condition cause : null
2023-08-11 02:24:21,855 [INFO] LogOutputStream:77 - [STDOUT_REDIRECT] 1 : Invalid condition id : UX_CORESTACK_Condition cause : null
2023-08-11 02:24:21,859 [WARN] PackLoader:240 - Cannot read IP mode file for STMicroelectronics.X-CUBE-AZRTOS-WL.2.0.0
2023-08-11 02:24:21,870 [WARN] PackLoader:240 - Cannot read IP mode file for STMicroelectronics.X-CUBE-BLE2.3.3.0
2023-08-11 02:24:21,878 [WARN] PackLoader:240 - Cannot read IP mode file for STMicroelectronics.X-CUBE-ALGOBUILD.1.3.0
2023-08-11 02:24:21,894 [WARN] PackLoader:240 - Cannot read IP mode file for STMicroelectronics.X-CUBE-AZRTOS-G0.1.1.0
2023-08-11 02:24:21,904 [WARN] PackLoader:240 - Cannot read IP mode file for STMicroelectronics.X-CUBE-NFC4.3.0.0
2023-08-11 02:24:21,910 [WARN] PackLoader:240 - Cannot read IP mode file for STMicroelectronics.FP-ATR-SIGFOX1.3.2.0
2023-08-11 02:24:21,942 [WARN] PackLoader:240 - Cannot read IP mode file for SEGGER.I-CUBE-embOS.1.3.1
2023-08-11 02:24:21,981 [WARN] PackLoader:240 - Cannot read IP mode file for STMicroelectronics.X-CUBE-GNSS1.6.0.0
2023-08-11 02:24:22,004 [WARN] PackLoader:240 - Cannot read IP mode file for STMicroelectronics.X-CUBE-AZRTOS-F4.1.1.0
2023-08-11 02:24:22,011 [WARN] PackLoader:240 - Cannot read IP mode file for wolfSSL.I-CUBE-wolfSSL.5.6.3
2023-08-11 02:24:22,054 [WARN] PackLoader:240 - Cannot read IP mode file for STMicroelectronics.X-CUBE-MEMS1.9.6.0
2023-08-11 02:24:22,171 [WARN] PackLoader:240 - Cannot read IP mode file for STMicroelectronics.X-CUBE-BLEMGR.2.0.0
2023-08-11 02:24:22,189 [WARN] ConditionMgr:438 - getConditionDescription Invalid condition id : UX DEVICE CLASS RTOS Condition cause : null
2023-08-11 02:24:22,189 [WARN] ConditionMgr:438 - getConditionDescription Invalid condition id : UX DEVICE CLASS RTOS Condition cause : null
2023-08-11 02:24:22,192 [WARN] PackLoader:240 - Cannot read IP mode file for STMicroelectronics.X-CUBE-AZRTOS-H7.3.1.0
2023-08-11 02:24:22,194 [WARN] ConditionMgr:1039 - genDependencies : Invalid condition id : UX DEVICE CLASS RTOS Condition cause : null
2023-08-11 02:24:22,194 [WARN] ConditionMgr:1039 - genDependencies : Invalid condition id : UX DEVICE CLASS RTOS Condition cause : null
2023-08-11 02:24:22,195 [WARN] ConditionMgr:1039 - genDependencies : Invalid condition id : UX DEVICE CLASS RTOS Condition cause : null
2023-08-11 02:24:22,195 [WARN] ConditionMgr:1039 - genDependencies : Invalid condition id : UX DEVICE CLASS RTOS Condition cause : null
2023-08-11 02:24:22,195 [WARN] ConditionMgr:1039 - genDependencies : Invalid condition id : UX DEVICE CLASS RTOS Condition cause : null
2023-08-11 02:24:22,202 [WARN] PackLoader:240 - Cannot read IP mode file for STMicroelectronics.X-CUBE-NFC7.1.0.1
2023-08-11 02:24:22,209 [WARN] PackLoader:240 - Cannot read IP mode file for STMicroelectronics.X-CUBE-EEPRMA1.4.1.0
2023-08-11 02:24:22,227 [WARN] ConditionMgr:438 - getConditionDescription Invalid condition id : LAN8742 Phy interface Condition cause : null
2023-08-11 02:24:22,228 [WARN] PackLoader:240 - Cannot read IP mode file for STMicroelectronics.X-CUBE-AZRTOS-L4.2.0.0
2023-08-11 02:24:22,230 [WARN] ConditionMgr:1039 - genDependencies : Invalid condition id : LAN8742 Phy interface Condition cause : null
2023-08-11 02:24:22,230 [WARN] ConditionMgr:1039 - genDependencies : Invalid condition id : LAN8742 Phy interface Condition cause : null
2023-08-11 02:24:22,231 [WARN] ConditionMgr:1039 - genDependencies : Invalid condition id : LAN8742 Phy interface Condition cause : null
2023-08-11 02:24:22,241 [WARN] PackLoader:240 - Cannot read IP mode file for STMicroelectronics.X-CUBE-SFXS2LP1.4.0.0
2023-08-11 02:24:22,252 [WARN] PackLoader:240 - Cannot read IP mode file for STMicroelectronics.X-CUBE-ISPU.1.1.0
2023-08-11 02:24:22,259 [WARN] PackLoader:240 - Cannot read IP mode file for STMicroelectronics.X-CUBE-FREERTOS.1.0.1
2023-08-11 02:24:22,276 [WARN] PackLoader:240 - Cannot read IP mode file for STMicroelectronics.X-CUBE-AZRTOS-L5.1.1.0
2023-08-11 02:24:22,284 [WARN] PackLoader:240 - Cannot read IP mode file for STMicroelectronics.X-CUBE-AI.8.0.1
2023-08-11 02:24:22,295 [WARN] PackLoader:240 - Cannot read IP mode file for STMicroelectronics.X-CUBE-SUBG2.5.0.0
2023-08-11 02:24:22,312 [WARN] PackLoader:240 - Cannot read IP mode file for STMicroelectronics.X-CUBE-TOF1.3.3.1
2023-08-11 02:24:22,334 [WARN] PackLoader:240 - Cannot read IP mode file for STMicroelectronics.X-CUBE-AZRTOS-G4.2.0.0
2023-08-11 02:24:22,342 [WARN] PackLoader:240 - Cannot read IP mode file for portGmbH.I-Cube-SoM-uGOAL.1.1.0
2023-08-11 02:24:22,348 [WARN] PackLoader:240 - Cannot read IP mode file for STMicroelectronics.X-CUBE-ALS.1.0.1
2023-08-11 02:24:22,360 [WARN] PackLoader:240 - Cannot read IP mode file for STMicroelectronics.X-CUBE-AZRTOS-WB.1.1.0
2023-08-11 02:24:22,367 [WARN] PackLoader:240 - Cannot read IP mode file for STMicroelectronics.FP-ATR-ASTRA1.2.0.0
2023-08-11 02:24:22,368 [INFO] ThirdParty:978 - Integrity check success = true
2023-08-11 02:24:22,368 [INFO] IntegrityCheckThread:100 - exiting critical section [integrity check]
2023-08-11 02:24:22,368 [INFO] IntegrityCheckThread:103 - End integrity checks thread
2023-08-11 02:24:42,612 [ERROR] LogOutputStream:75 - [STDERR_REDIRECT] SLF4J: Failed to load class "org.slf4j.impl.StaticLoggerBinder".
2023-08-11 02:24:42,612 [ERROR] LogOutputStream:75 - [STDERR_REDIRECT] SLF4J: Defaulting to no-operation (NOP) logger implementation
2023-08-11 02:24:42,614 [ERROR] LogOutputStream:75 - [STDERR_REDIRECT] SLF4J: See http://www.slf4j.org/codes.html#StaticLoggerBinder for further details.
2023-08-11 08:16:30,146 [ERROR] LogOutputStream:75 - [STDERR_REDIRECT] [Fatal Error] :1:1: Premature end of file.
2023-08-11 08:16:30,148 [ERROR] LogOutputStream:75 - [STDERR_REDIRECT] 
2023-08-11 08:16:30,221 [ERROR] LogOutputStream:75 - [STDERR_REDIRECT] [Fatal Error] :1:1: Premature end of file.
2023-08-11 08:16:30,222 [ERROR] LogOutputStream:75 - [STDERR_REDIRECT] 
2023-08-11 08:16:30,288 [ERROR] LogOutputStream:75 - [STDERR_REDIRECT] [Fatal Error] :1:1: Premature end of file.
2023-08-11 08:16:30,289 [ERROR] LogOutputStream:75 - [STDERR_REDIRECT] 
2023-08-11 08:16:30,343 [ERROR] LogOutputStream:75 - [STDERR_REDIRECT] [Fatal Error] :1:1: Premature end of file.
2023-08-11 08:16:30,343 [ERROR] LogOutputStream:75 - [STDERR_REDIRECT] 
2023-08-11 08:16:30,398 [ERROR] LogOutputStream:75 - [STDERR_REDIRECT] [Fatal Error] :1:1: Premature end of file.
2023-08-11 08:16:30,399 [ERROR] LogOutputStream:75 - [STDERR_REDIRECT] 
2023-08-11 08:16:30,440 [ERROR] LogOutputStream:75 - [STDERR_REDIRECT] [Fatal Error] :1:1: Premature end of file.
2023-08-11 08:16:30,441 [ERROR] LogOutputStream:75 - [STDERR_REDIRECT] 
2023-08-11 08:16:30,480 [ERROR] LogOutputStream:75 - [STDERR_REDIRECT] [Fatal Error] :1:1: Premature end of file.
2023-08-11 08:16:30,480 [ERROR] LogOutputStream:75 - [STDERR_REDIRECT] 
2023-08-11 08:16:30,532 [ERROR] LogOutputStream:75 - [STDERR_REDIRECT] [Fatal Error] :1:1: Premature end of file.
2023-08-11 08:16:30,532 [ERROR] LogOutputStream:75 - [STDERR_REDIRECT] 
2023-08-11 08:16:30,578 [ERROR] LogOutputStream:75 - [STDERR_REDIRECT] [Fatal Error] :1:1: Premature end of file.
2023-08-11 08:16:30,579 [ERROR] LogOutputStream:75 - [STDERR_REDIRECT] 
2023-08-11 08:16:30,629 [ERROR] LogOutputStream:75 - [STDERR_REDIRECT] [Fatal Error] :1:1: Premature end of file.
2023-08-11 08:16:30,630 [ERROR] LogOutputStream:75 - [STDERR_REDIRECT] 
2023-08-11 08:16:30,677 [ERROR] LogOutputStream:75 - [STDERR_REDIRECT] [Fatal Error] :1:1: Premature end of file.
2023-08-11 08:16:30,678 [ERROR] LogOutputStream:75 - [STDERR_REDIRECT] 
2023-08-11 08:16:30,723 [ERROR] LogOutputStream:75 - [STDERR_REDIRECT] [Fatal Error] :1:1: Premature end of file.
2023-08-11 08:16:30,723 [ERROR] LogOutputStream:75 - [STDERR_REDIRECT] 
2023-08-11 08:16:30,769 [ERROR] LogOutputStream:75 - [STDERR_REDIRECT] [Fatal Error] :1:1: Premature end of file.
2023-08-11 08:16:30,770 [ERROR] LogOutputStream:75 - [STDERR_REDIRECT] 
2023-08-11 08:16:30,818 [ERROR] LogOutputStream:75 - [STDERR_REDIRECT] [Fatal Error] :1:1: Premature end of file.
2023-08-11 08:16:30,819 [ERROR] LogOutputStream:75 - [STDERR_REDIRECT] 
2023-08-11 08:16:31,067 [ERROR] LogOutputStream:75 - [STDERR_REDIRECT] [Fatal Error] :1:1: Premature end of file.
2023-08-11 08:16:31,067 [ERROR] LogOutputStream:75 - [STDERR_REDIRECT] 
2023-08-11 08:16:32,054 [ERROR] LogOutputStream:75 - [STDERR_REDIRECT] [Fatal Error] :1:1: Premature end of file.
2023-08-11 08:16:32,055 [ERROR] LogOutputStream:75 - [STDERR_REDIRECT] 
2023-08-11 08:16:33,061 [ERROR] LogOutputStream:75 - [STDERR_REDIRECT] [Fatal Error] :1:1: Premature end of file.
2023-08-11 08:16:33,061 [ERROR] LogOutputStream:75 - [STDERR_REDIRECT] 
2023-08-11 08:16:34,052 [ERROR] LogOutputStream:75 - [STDERR_REDIRECT] [Fatal Error] :1:1: Premature end of file.
2023-08-11 08:16:34,053 [ERROR] LogOutputStream:75 - [STDERR_REDIRECT] 
2023-08-11 08:16:35,057 [ERROR] LogOutputStream:75 - [STDERR_REDIRECT] [Fatal Error] :1:1: Premature end of file.
2023-08-11 08:16:35,057 [ERROR] LogOutputStream:75 - [STDERR_REDIRECT] 
2023-08-11 08:16:36,057 [ERROR] LogOutputStream:75 - [STDERR_REDIRECT] [Fatal Error] :1:1: Premature end of file.
2023-08-11 08:16:36,057 [ERROR] LogOutputStream:75 - [STDERR_REDIRECT] 
2023-08-11 08:16:37,056 [ERROR] LogOutputStream:75 - [STDERR_REDIRECT] [Fatal Error] :1:1: Premature end of file.
2023-08-11 08:16:37,056 [ERROR] LogOutputStream:75 - [STDERR_REDIRECT] 
2023-08-11 08:16:38,057 [ERROR] LogOutputStream:75 - [STDERR_REDIRECT] [Fatal Error] :1:1: Premature end of file.
2023-08-11 08:16:38,057 [ERROR] LogOutputStream:75 - [STDERR_REDIRECT] 
2023-08-11 08:16:39,056 [ERROR] LogOutputStream:75 - [STDERR_REDIRECT] [Fatal Error] :1:1: Premature end of file.
2023-08-11 08:16:39,056 [ERROR] LogOutputStream:75 - [STDERR_REDIRECT] 
2023-08-11 08:16:40,052 [ERROR] LogOutputStream:75 - [STDERR_REDIRECT] [Fatal Error] :1:1: Premature end of file.
2023-08-11 08:16:40,052 [ERROR] LogOutputStream:75 - [STDERR_REDIRECT] 
2023-08-11 08:16:41,051 [ERROR] LogOutputStream:75 - [STDERR_REDIRECT] [Fatal Error] :1:1: Premature end of file.
2023-08-11 08:16:41,052 [ERROR] LogOutputStream:75 - [STDERR_REDIRECT] 
2023-08-11 08:16:42,053 [ERROR] LogOutputStream:75 - [STDERR_REDIRECT] [Fatal Error] :1:1: Premature end of file.
2023-08-11 08:16:42,053 [ERROR] LogOutputStream:75 - [STDERR_REDIRECT] 
2023-08-11 08:16:43,051 [ERROR] LogOutputStream:75 - [STDERR_REDIRECT] [Fatal Error] :1:1: Premature end of file.
2023-08-11 08:16:43,051 [ERROR] LogOutputStream:75 - [STDERR_REDIRECT] 
2023-08-11 08:16:44,051 [ERROR] LogOutputStream:75 - [STDERR_REDIRECT] [Fatal Error] :1:1: Premature end of file.
2023-08-11 08:16:44,052 [ERROR] LogOutputStream:75 - [STDERR_REDIRECT] 
2023-08-11 08:16:45,050 [ERROR] LogOutputStream:75 - [STDERR_REDIRECT] [Fatal Error] :1:1: Premature end of file.
2023-08-11 08:16:45,051 [ERROR] LogOutputStream:75 - [STDERR_REDIRECT] 
2023-08-11 08:16:46,052 [ERROR] LogOutputStream:75 - [STDERR_REDIRECT] [Fatal Error] :1:1: Premature end of file.
2023-08-11 08:16:46,052 [ERROR] LogOutputStream:75 - [STDERR_REDIRECT] 
2023-08-11 08:16:47,052 [ERROR] LogOutputStream:75 - [STDERR_REDIRECT] [Fatal Error] :1:1: Premature end of file.
2023-08-11 08:16:47,053 [ERROR] LogOutputStream:75 - [STDERR_REDIRECT] 
2023-08-11 08:16:48,053 [ERROR] LogOutputStream:75 - [STDERR_REDIRECT] [Fatal Error] :1:1: Premature end of file.
2023-08-11 08:16:48,054 [ERROR] LogOutputStream:75 - [STDERR_REDIRECT] 
2023-08-11 08:16:49,051 [ERROR] LogOutputStream:75 - [STDERR_REDIRECT] [Fatal Error] :1:1: Premature end of file.
2023-08-11 08:16:49,052 [ERROR] LogOutputStream:75 - [STDERR_REDIRECT] 
2023-08-11 08:16:50,053 [ERROR] LogOutputStream:75 - [STDERR_REDIRECT] [Fatal Error] :1:1: Premature end of file.
2023-08-11 08:16:50,053 [ERROR] LogOutputStream:75 - [STDERR_REDIRECT] 
2023-08-11 08:16:51,055 [ERROR] LogOutputStream:75 - [STDERR_REDIRECT] [Fatal Error] :1:1: Premature end of file.
2023-08-11 08:16:51,055 [ERROR] LogOutputStream:75 - [STDERR_REDIRECT] 
2023-08-11 08:16:52,059 [ERROR] LogOutputStream:75 - [STDERR_REDIRECT] [Fatal Error] :1:1: Premature end of file.
2023-08-11 08:16:52,060 [ERROR] LogOutputStream:75 - [STDERR_REDIRECT] 
2023-08-11 08:16:53,053 [ERROR] LogOutputStream:75 - [STDERR_REDIRECT] [Fatal Error] :1:1: Premature end of file.
2023-08-11 08:16:53,053 [ERROR] LogOutputStream:75 - [STDERR_REDIRECT] 
2023-08-11 08:16:54,052 [ERROR] LogOutputStream:75 - [STDERR_REDIRECT] [Fatal Error] :1:1: Premature end of file.
2023-08-11 08:16:54,052 [ERROR] LogOutputStream:75 - [STDERR_REDIRECT] 
2023-08-11 08:16:55,052 [ERROR] LogOutputStream:75 - [STDERR_REDIRECT] [Fatal Error] :1:1: Premature end of file.
2023-08-11 08:16:55,052 [ERROR] LogOutputStream:75 - [STDERR_REDIRECT] 
2023-08-11 08:16:56,051 [ERROR] LogOutputStream:75 - [STDERR_REDIRECT] [Fatal Error] :1:1: Premature end of file.
2023-08-11 08:16:56,051 [ERROR] LogOutputStream:75 - [STDERR_REDIRECT] 
2023-08-11 08:16:57,051 [ERROR] LogOutputStream:75 - [STDERR_REDIRECT] [Fatal Error] :1:1: Premature end of file.
2023-08-11 08:16:57,052 [ERROR] LogOutputStream:75 - [STDERR_REDIRECT] 
2023-08-11 08:16:58,051 [ERROR] LogOutputStream:75 - [STDERR_REDIRECT] [Fatal Error] :1:1: Premature end of file.
2023-08-11 08:16:58,051 [ERROR] LogOutputStream:75 - [STDERR_REDIRECT] 
2023-08-11 08:16:59,053 [ERROR] LogOutputStream:75 - [STDERR_REDIRECT] [Fatal Error] :1:1: Premature end of file.
2023-08-11 08:16:59,053 [ERROR] LogOutputStream:75 - [STDERR_REDIRECT] 
2023-08-11 08:17:00,055 [ERROR] LogOutputStream:75 - [STDERR_REDIRECT] [Fatal Error] :1:1: Premature end of file.
2023-08-11 08:17:00,055 [ERROR] LogOutputStream:75 - [STDERR_REDIRECT] 
2023-08-11 08:17:01,052 [ERROR] LogOutputStream:75 - [STDERR_REDIRECT] [Fatal Error] :1:1: Premature end of file.
2023-08-11 08:17:01,052 [ERROR] LogOutputStream:75 - [STDERR_REDIRECT] 
2023-08-11 08:17:02,052 [ERROR] LogOutputStream:75 - [STDERR_REDIRECT] [Fatal Error] :1:1: Premature end of file.
2023-08-11 08:17:02,052 [ERROR] LogOutputStream:75 - [STDERR_REDIRECT] 
2023-08-11 08:17:03,052 [ERROR] LogOutputStream:75 - [STDERR_REDIRECT] [Fatal Error] :1:1: Premature end of file.
2023-08-11 08:17:03,052 [ERROR] LogOutputStream:75 - [STDERR_REDIRECT] 
2023-08-11 08:17:04,052 [ERROR] LogOutputStream:75 - [STDERR_REDIRECT] [Fatal Error] :1:1: Premature end of file.
2023-08-11 08:17:04,053 [ERROR] LogOutputStream:75 - [STDERR_REDIRECT] 
2023-08-11 08:17:05,051 [ERROR] LogOutputStream:75 - [STDERR_REDIRECT] [Fatal Error] :1:1: Premature end of file.
2023-08-11 08:17:05,051 [ERROR] LogOutputStream:75 - [STDERR_REDIRECT] 
2023-08-11 08:17:06,053 [ERROR] LogOutputStream:75 - [STDERR_REDIRECT] [Fatal Error] :1:1: Premature end of file.
2023-08-11 08:17:06,053 [ERROR] LogOutputStream:75 - [STDERR_REDIRECT] 
2023-08-11 08:17:07,052 [ERROR] LogOutputStream:75 - [STDERR_REDIRECT] [Fatal Error] :1:1: Premature end of file.
2023-08-11 08:17:07,052 [ERROR] LogOutputStream:75 - [STDERR_REDIRECT] 
2023-08-11 08:17:08,052 [ERROR] LogOutputStream:75 - [STDERR_REDIRECT] [Fatal Error] :1:1: Premature end of file.
2023-08-11 08:17:08,052 [ERROR] LogOutputStream:75 - [STDERR_REDIRECT] 
2023-08-11 08:17:09,052 [ERROR] LogOutputStream:75 - [STDERR_REDIRECT] [Fatal Error] :1:1: Premature end of file.
2023-08-11 08:17:09,052 [ERROR] LogOutputStream:75 - [STDERR_REDIRECT] 
2023-08-11 08:17:10,051 [ERROR] LogOutputStream:75 - [STDERR_REDIRECT] [Fatal Error] :1:1: Premature end of file.
2023-08-11 08:17:10,051 [ERROR] LogOutputStream:75 - [STDERR_REDIRECT] 
2023-08-11 08:17:11,052 [ERROR] LogOutputStream:75 - [STDERR_REDIRECT] [Fatal Error] :1:1: Premature end of file.
2023-08-11 08:17:11,052 [ERROR] LogOutputStream:75 - [STDERR_REDIRECT] 
2023-08-11 08:17:12,052 [ERROR] LogOutputStream:75 - [STDERR_REDIRECT] [Fatal Error] :1:1: Premature end of file.
2023-08-11 08:17:12,053 [ERROR] LogOutputStream:75 - [STDERR_REDIRECT] 
2023-08-11 08:17:13,051 [ERROR] LogOutputStream:75 - [STDERR_REDIRECT] [Fatal Error] :1:1: Premature end of file.
2023-08-11 08:17:13,051 [ERROR] LogOutputStream:75 - [STDERR_REDIRECT] 
2023-08-11 08:17:14,052 [ERROR] LogOutputStream:75 - [STDERR_REDIRECT] [Fatal Error] :1:1: Premature end of file.
2023-08-11 08:17:14,052 [ERROR] LogOutputStream:75 - [STDERR_REDIRECT] 
2023-08-11 08:17:15,052 [ERROR] LogOutputStream:75 - [STDERR_REDIRECT] [Fatal Error] :1:1: Premature end of file.
2023-08-11 08:17:15,053 [ERROR] LogOutputStream:75 - [STDERR_REDIRECT] 
2023-08-11 08:17:16,053 [ERROR] LogOutputStream:75 - [STDERR_REDIRECT] [Fatal Error] :1:1: Premature end of file.
2023-08-11 08:17:16,053 [ERROR] LogOutputStream:75 - [STDERR_REDIRECT] 
2023-08-11 08:17:17,051 [ERROR] LogOutputStream:75 - [STDERR_REDIRECT] [Fatal Error] :1:1: Premature end of file.
2023-08-11 08:17:17,052 [ERROR] LogOutputStream:75 - [STDERR_REDIRECT] 
2023-08-11 08:17:18,051 [ERROR] LogOutputStream:75 - [STDERR_REDIRECT] [Fatal Error] :1:1: Premature end of file.
2023-08-11 08:17:18,052 [ERROR] LogOutputStream:75 - [STDERR_REDIRECT] 
