2024-04-06 14:30:31,599 [INFO] Activator:176 - 


2024-04-06 14:30:31,609 [INFO] Activator:177 - !SESSION log4j initialized
2024-04-06 14:30:38,851 [INFO] LogOutputStream:77 - [STDOUT_REDIRECT] 
2024-04-06 14:30:40,673 [INFO] ApplicationProperties:184 - Using Application install path: D:\STM32CubeIDE_1.13.0\STM32CubeIDE\plugins\com.st.stm32cube.common.mx_6.11.0.202403141607
2024-04-06 14:30:40,702 [INFO] DbMcusXml:78 - Set database path to: D:\STM32CubeIDE_1.13.0\STM32CubeIDE\plugins\com.st.stm32cube.common.mx_6.11.0.202403141607\\db\/mcu/
2024-04-06 14:30:40,703 [INFO] ApiDb:274 - Set plugin database path to: D:\STM32CubeIDE_1.13.0\STM32CubeIDE\plugins\com.st.stm32cube.common.mx_6.11.0.202403141607\\db\/plugins/boardmanager/
2024-04-06 14:30:40,704 [WARN] ApiDb:259 - Overriding images path with different value:  => D:\STM32CubeIDE_1.13.0\STM32CubeIDE\plugins\com.st.stm32cube.common.mx_6.11.0.202403141607\\db\/plugins/mcufinder/images/
2024-04-06 14:30:40,718 [INFO] ApiDb:250 - Set database path to: C:\Users\66405\.stmcufinder\plugins\mcufinder//mcu/
2024-04-06 14:30:40,720 [INFO] DbMcusAds:125 - Set database path to: C:\Users\66405\.stmcufinder\plugins\mcufinder//mcu/
2024-04-06 14:30:40,722 [INFO] CrossReferenceDbSqlite:203 - Set database path to: C:\Users\66405\.stmcufinder\plugins\mcufinder//mcu/cs/
2024-04-06 14:30:40,877 [INFO] RulesReader:64 - Compatibility file has been processed (297 Rules)
2024-04-06 14:30:40,994 [INFO] DbMcusXml:78 - Set database path to: D:\STM32CubeIDE_1.13.0\STM32CubeIDE\plugins\com.st.stm32cube.common.mx_6.11.0.202403141607\\db\/mcu/
2024-04-06 14:30:40,994 [INFO] ApiDb:274 - Set plugin database path to: D:\STM32CubeIDE_1.13.0\STM32CubeIDE\plugins\com.st.stm32cube.common.mx_6.11.0.202403141607\\db\/plugins/boardmanager/
2024-04-06 14:30:40,994 [INFO] ApiDb:261 - Set plugin images path to: D:\STM32CubeIDE_1.13.0\STM32CubeIDE\plugins\com.st.stm32cube.common.mx_6.11.0.202403141607\\db\/plugins/mcufinder/images/
2024-04-06 14:30:40,995 [WARN] DbFile:41 - Overriding database path with different value: C:\Users\66405\.stmcufinder\plugins\mcufinder/ => C:\Users\66405\.stmcufinder\plugins\mcufinder
2024-04-06 14:30:40,995 [INFO] ApiDb:250 - Set database path to: C:\Users\66405\.stmcufinder\plugins\mcufinder//mcu/
2024-04-06 14:30:40,995 [WARN] DbFile:41 - Overriding database path with different value: C:\Users\66405\.stmcufinder\plugins\mcufinder/ => C:\Users\66405\.stmcufinder\plugins\mcufinder
2024-04-06 14:30:40,995 [INFO] DbMcusAds:125 - Set database path to: C:\Users\66405\.stmcufinder\plugins\mcufinder//mcu/
2024-04-06 14:30:40,995 [WARN] DbFile:41 - Overriding database path with different value: C:\Users\66405\.stmcufinder\plugins\mcufinder/ => C:\Users\66405\.stmcufinder\plugins\mcufinder
2024-04-06 14:30:40,995 [WARN] DbFile:41 - Overriding database path with different value: C:\Users\66405\.stmcufinder\plugins\mcufinder/ => C:\Users\66405\.stmcufinder\plugins\mcufinder
2024-04-06 14:30:40,995 [INFO] CrossReferenceDbSqlite:203 - Set database path to: C:\Users\66405\.stmcufinder\plugins\mcufinder//mcu/cs/
2024-04-06 14:30:41,097 [INFO] MainPanel:264 - HeapMemory: 268435456
2024-04-06 14:30:41,240 [INFO] DbMcusXml:78 - Set database path to: D:\STM32CubeIDE_1.13.0\STM32CubeIDE\plugins\com.st.stm32cube.common.mx_6.11.0.202403141607\\db\/mcu/
2024-04-06 14:30:41,240 [INFO] ApiDb:274 - Set plugin database path to: D:\STM32CubeIDE_1.13.0\STM32CubeIDE\plugins\com.st.stm32cube.common.mx_6.11.0.202403141607\\db\/plugins/boardmanager/
2024-04-06 14:30:41,240 [INFO] ApiDb:261 - Set plugin images path to: D:\STM32CubeIDE_1.13.0\STM32CubeIDE\plugins\com.st.stm32cube.common.mx_6.11.0.202403141607\\db\/plugins/mcufinder/images/
2024-04-06 14:30:41,240 [WARN] DbFile:41 - Overriding database path with different value: C:\Users\66405\.stmcufinder\plugins\mcufinder/ => C:\Users\66405\.stmcufinder\plugins\mcufinder
2024-04-06 14:30:41,241 [INFO] ApiDb:250 - Set database path to: C:\Users\66405\.stmcufinder\plugins\mcufinder//mcu/
2024-04-06 14:30:41,241 [WARN] DbFile:41 - Overriding database path with different value: C:\Users\66405\.stmcufinder\plugins\mcufinder/ => C:\Users\66405\.stmcufinder\plugins\mcufinder
2024-04-06 14:30:41,241 [INFO] DbMcusAds:125 - Set database path to: C:\Users\66405\.stmcufinder\plugins\mcufinder//mcu/
2024-04-06 14:30:41,241 [WARN] DbFile:41 - Overriding database path with different value: C:\Users\66405\.stmcufinder\plugins\mcufinder/ => C:\Users\66405\.stmcufinder\plugins\mcufinder
2024-04-06 14:30:41,241 [WARN] DbFile:41 - Overriding database path with different value: C:\Users\66405\.stmcufinder\plugins\mcufinder/ => C:\Users\66405\.stmcufinder\plugins\mcufinder
2024-04-06 14:30:41,241 [INFO] CrossReferenceDbSqlite:203 - Set database path to: C:\Users\66405\.stmcufinder\plugins\mcufinder//mcu/cs/
2024-04-06 14:30:41,265 [INFO] ApplicationProperties:184 - Using Application install path: D:\STM32CubeIDE_1.13.0\STM32CubeIDE\plugins\com.st.stm32cube.common.mx_6.11.0.202403141607
2024-04-06 14:30:41,267 [INFO] PluginManage:196 - Search for loadable plugins [exclusion list=, ]
2024-04-06 14:30:41,269 [INFO] PluginManage:310 - Check plugin analytics
2024-04-06 14:30:41,494 [INFO] AnalyticsPlugin:253 - Accepted Software Licenses: 
2024-04-06 14:30:41,495 [INFO] AnalyticsPlugin:255 - Accepted CMSIS Pack Licenses: 
2024-04-06 14:30:41,496 [INFO] AnalyticsPlugin:257 - Accepted Firmware Licenses: FW.L4.1.18.0
2024-04-06 14:30:41,498 [INFO] PluginManage:359 - Loaded plugin analytics (category:tool,tabindex:-1)
2024-04-06 14:30:41,498 [INFO] PluginManage:310 - Check plugin cadmodel
2024-04-06 14:30:41,506 [INFO] CADModel:105 - Init CAD model plugin
2024-04-06 14:30:41,506 [INFO] PluginManage:359 - Loaded plugin cadmodel (category:power,tabindex:5)
2024-04-06 14:30:41,507 [INFO] PluginManage:310 - Check plugin clock
2024-04-06 14:30:41,521 [INFO] PluginManage:359 - Loaded plugin clock (category:base,tabindex:2)
2024-04-06 14:30:41,521 [INFO] PluginManage:310 - Check plugin ddr
2024-04-06 14:30:41,525 [INFO] PluginManage:359 - Loaded plugin ddr (category:tool,tabindex:6)
2024-04-06 14:30:41,525 [INFO] PluginManage:310 - Check plugin filemanager
2024-04-06 14:30:41,717 [INFO] PluginManage:359 - Loaded plugin filemanager (category:base,tabindex:10)
2024-04-06 14:30:41,717 [INFO] PluginManage:310 - Check plugin ipmanager
2024-04-06 14:30:41,729 [INFO] PluginManage:359 - Loaded plugin ipmanager (category:base,tabindex:5)
2024-04-06 14:30:41,729 [INFO] PluginManage:310 - Check plugin lpbam
2024-04-06 14:30:41,744 [INFO] PluginManage:359 - Loaded plugin lpbam (category:base,tabindex:0)
2024-04-06 14:30:41,744 [INFO] PluginManage:310 - Check plugin memorymap
2024-04-06 14:30:41,767 [INFO] PluginManage:359 - Loaded plugin memorymap (category:base,tabindex:4)
2024-04-06 14:30:41,767 [INFO] PluginManage:310 - Check plugin pinoutandconfiguration
2024-04-06 14:30:41,779 [INFO] PluginManage:359 - Loaded plugin pinoutandconfiguration (category:base,tabindex:1)
2024-04-06 14:30:41,779 [INFO] PluginManage:310 - Check plugin pinoutconfig
2024-04-06 14:30:41,885 [WARN] SupportedApi:132 - Cannot load RTOS API schema: s4s-elt-must-match.1: The content of 'definitions' must match (annotation?, (simpleType | complexType)?, (unique | key | keyref)*)). A problem was found starting at: attribute.
2024-04-06 14:30:42,059 [INFO] PluginManage:359 - Loaded plugin pinoutconfig (category:base,tabindex:0)
2024-04-06 14:30:42,059 [INFO] PluginManage:310 - Check plugin power
2024-04-06 14:30:42,075 [INFO] PluginManage:359 - Loaded plugin power (category:power,tabindex:4)
2024-04-06 14:30:42,075 [INFO] PluginManage:310 - Check plugin projectmanager
2024-04-06 14:30:42,101 [INFO] PluginManage:359 - Loaded plugin projectmanager (category:projectmanager,tabindex:3)
2024-04-06 14:30:42,101 [INFO] PluginManage:310 - Check plugin thirdparty
2024-04-06 14:30:42,291 [INFO] PluginManage:359 - Loaded plugin thirdparty (category:base,tabindex:-1)
2024-04-06 14:30:42,291 [WARN] IntegrityCheckThread:84 - waiting for thirdparty lock release [integrity check]
2024-04-06 14:30:42,291 [INFO] IntegrityCheckThread:86 - entering critical section [integrity check]
2024-04-06 14:30:42,291 [INFO] PluginManage:310 - Check plugin tools
2024-04-06 14:30:42,292 [INFO] ThirdPartyUpdaterWithRetryManager:70 - Updater plugin not ready yet. [1/15]
2024-04-06 14:30:42,295 [INFO] PluginManage:359 - Loaded plugin tools (category:base,tabindex:7)
2024-04-06 14:30:42,295 [INFO] PluginManage:310 - Check plugin tutovideos
2024-04-06 14:30:42,546 [INFO] PluginManage:359 - Loaded plugin tutovideos (category:base,tabindex:-1)
2024-04-06 14:30:42,546 [INFO] PluginManage:310 - Check plugin updater
2024-04-06 14:30:42,561 [INFO] PluginManage:359 - Loaded plugin updater (category:base,tabindex:12)
2024-04-06 14:30:42,561 [INFO] PluginManage:310 - Check plugin userauth
2024-04-06 14:30:42,570 [INFO] UserAuth:114 - Init User Auth plugin
2024-04-06 14:30:42,570 [INFO] PluginManage:359 - Loaded plugin userauth (category:base,tabindex:14)
2024-04-06 14:30:42,570 [INFO] PluginManage:283 - PluginManage : Loaded plugins [17]
2024-04-06 14:30:42,852 [INFO] PinOutPanel:1561 - setPackage(No Configuration,No Configuration)
2024-04-06 14:30:42,954 [INFO] CADModel:165 - CPN selected for project level
2024-04-06 14:30:42,954 [INFO] CADModel:114 - Register for checkConnection events
2024-04-06 14:30:42,977 [INFO] IPUIPlugin:80 - create IPUIPlugin
2024-04-06 14:30:42,977 [INFO] PluginManager:220 - loadIPPluginJar : add adc
2024-04-06 14:30:42,981 [INFO] IPUIPlugin:80 - create IPUIPlugin
2024-04-06 14:30:42,981 [INFO] PluginManager:220 - loadIPPluginJar : add aes
2024-04-06 14:30:42,985 [INFO] IPUIPlugin:80 - create IPUIPlugin
2024-04-06 14:30:42,985 [INFO] PluginManager:220 - loadIPPluginJar : add can
2024-04-06 14:30:42,988 [INFO] IPUIPlugin:80 - create IPUIPlugin
2024-04-06 14:30:42,988 [INFO] PluginManager:220 - loadIPPluginJar : add comp
2024-04-06 14:30:42,992 [INFO] IPUIPlugin:80 - create IPUIPlugin
2024-04-06 14:30:42,992 [INFO] PluginManager:220 - loadIPPluginJar : add cryp
2024-04-06 14:30:42,996 [INFO] IPUIPlugin:80 - create IPUIPlugin
2024-04-06 14:30:42,996 [INFO] PluginManager:220 - loadIPPluginJar : add dfsdm
2024-04-06 14:30:43,004 [INFO] IPUIPlugin:80 - create IPUIPlugin
2024-04-06 14:30:43,005 [INFO] PluginManager:220 - loadIPPluginJar : add dma
2024-04-06 14:30:43,008 [INFO] IPUIPlugin:80 - create IPUIPlugin
2024-04-06 14:30:43,008 [INFO] PluginManager:220 - loadIPPluginJar : add dma3
2024-04-06 14:30:43,012 [INFO] IPUIPlugin:80 - create IPUIPlugin
2024-04-06 14:30:43,012 [INFO] PluginManager:220 - loadIPPluginJar : add extmemmanager
2024-04-06 14:30:43,014 [INFO] IPUIPlugin:80 - create IPUIPlugin
2024-04-06 14:30:43,015 [INFO] PluginManager:220 - loadIPPluginJar : add fatfs
2024-04-06 14:30:43,021 [INFO] IPUIPlugin:80 - create IPUIPlugin
2024-04-06 14:30:43,021 [INFO] PluginManager:220 - loadIPPluginJar : add fmc
2024-04-06 14:30:43,029 [INFO] IPUIPlugin:80 - create IPUIPlugin
2024-04-06 14:30:43,029 [INFO] PluginManager:220 - loadIPPluginJar : add freertos
2024-04-06 14:30:43,033 [INFO] IPUIPlugin:80 - create IPUIPlugin
2024-04-06 14:30:43,033 [INFO] PluginManager:220 - loadIPPluginJar : add genericplugin
2024-04-06 14:30:43,037 [INFO] IPUIPlugin:80 - create IPUIPlugin
2024-04-06 14:30:43,037 [INFO] PluginManager:220 - loadIPPluginJar : add gfxmmu
2024-04-06 14:30:43,043 [INFO] IPUIPlugin:80 - create IPUIPlugin
2024-04-06 14:30:43,043 [INFO] PluginManager:220 - loadIPPluginJar : add gic
2024-04-06 14:30:43,049 [INFO] IPUIPlugin:80 - create IPUIPlugin
2024-04-06 14:30:43,049 [INFO] PluginManager:220 - loadIPPluginJar : add gpio
2024-04-06 14:30:43,053 [INFO] IPUIPlugin:80 - create IPUIPlugin
2024-04-06 14:30:43,053 [INFO] PluginManager:220 - loadIPPluginJar : add gtzc
2024-04-06 14:30:43,056 [INFO] IPUIPlugin:80 - create IPUIPlugin
2024-04-06 14:30:43,057 [INFO] PluginManager:220 - loadIPPluginJar : add hash
2024-04-06 14:30:43,060 [INFO] IPUIPlugin:80 - create IPUIPlugin
2024-04-06 14:30:43,060 [INFO] PluginManager:220 - loadIPPluginJar : add i2c
2024-04-06 14:30:43,064 [INFO] IPUIPlugin:80 - create IPUIPlugin
2024-04-06 14:30:43,065 [INFO] PluginManager:220 - loadIPPluginJar : add i2s
2024-04-06 14:30:43,070 [INFO] IPUIPlugin:80 - create IPUIPlugin
2024-04-06 14:30:43,070 [INFO] PluginManager:220 - loadIPPluginJar : add i3c
2024-04-06 14:30:43,073 [INFO] IPUIPlugin:80 - create IPUIPlugin
2024-04-06 14:30:43,074 [INFO] PluginManager:220 - loadIPPluginJar : add ipddr
2024-04-06 14:30:43,083 [INFO] IPUIPlugin:80 - create IPUIPlugin
2024-04-06 14:30:43,083 [INFO] PluginManager:220 - loadIPPluginJar : add linkedlist
2024-04-06 14:30:43,086 [INFO] IPUIPlugin:80 - create IPUIPlugin
2024-04-06 14:30:43,086 [INFO] PluginManager:220 - loadIPPluginJar : add lorawan
2024-04-06 14:30:43,088 [INFO] IPUIPlugin:80 - create IPUIPlugin
2024-04-06 14:30:43,088 [INFO] PluginManager:220 - loadIPPluginJar : add ltdc
2024-04-06 14:30:43,094 [INFO] IPUIPlugin:80 - create IPUIPlugin
2024-04-06 14:30:43,094 [INFO] PluginManager:220 - loadIPPluginJar : add mdma
2024-04-06 14:30:43,099 [INFO] IPUIPlugin:80 - create IPUIPlugin
2024-04-06 14:30:43,099 [INFO] PluginManager:220 - loadIPPluginJar : add nvic
2024-04-06 14:30:43,103 [INFO] IPUIPlugin:80 - create IPUIPlugin
2024-04-06 14:30:43,103 [INFO] PluginManager:220 - loadIPPluginJar : add opamp
2024-04-06 14:30:43,107 [INFO] IPUIPlugin:80 - create IPUIPlugin
2024-04-06 14:30:43,107 [INFO] PluginManager:220 - loadIPPluginJar : add openamp
2024-04-06 14:30:43,112 [INFO] IPUIPlugin:80 - create IPUIPlugin
2024-04-06 14:30:43,112 [INFO] PluginManager:220 - loadIPPluginJar : add pdm2pcm
2024-04-06 14:30:43,121 [INFO] IPUIPlugin:80 - create IPUIPlugin
2024-04-06 14:30:43,124 [INFO] PluginManager:220 - loadIPPluginJar : add plateformsettings
2024-04-06 14:30:43,127 [INFO] IPUIPlugin:80 - create IPUIPlugin
2024-04-06 14:30:43,128 [INFO] PluginManager:220 - loadIPPluginJar : add quadspi
2024-04-06 14:30:43,134 [INFO] IPUIPlugin:80 - create IPUIPlugin
2024-04-06 14:30:43,134 [INFO] PluginManager:220 - loadIPPluginJar : add resmgrutility
2024-04-06 14:30:43,138 [INFO] IPUIPlugin:80 - create IPUIPlugin
2024-04-06 14:30:43,138 [INFO] PluginManager:220 - loadIPPluginJar : add sai
2024-04-06 14:30:43,141 [INFO] IPUIPlugin:80 - create IPUIPlugin
2024-04-06 14:30:43,141 [INFO] PluginManager:220 - loadIPPluginJar : add spi
2024-04-06 14:30:43,148 [INFO] IPUIPlugin:80 - create IPUIPlugin
2024-04-06 14:30:43,148 [INFO] PluginManager:220 - loadIPPluginJar : add stm32_wpan
2024-04-06 14:30:43,150 [INFO] IPUIPlugin:80 - create IPUIPlugin
2024-04-06 14:30:43,151 [INFO] PluginManager:220 - loadIPPluginJar : add tim
2024-04-06 14:30:43,155 [INFO] IPUIPlugin:80 - create IPUIPlugin
2024-04-06 14:30:43,155 [INFO] PluginManager:220 - loadIPPluginJar : add touchsensing
2024-04-06 14:30:43,158 [INFO] IPUIPlugin:80 - create IPUIPlugin
2024-04-06 14:30:43,159 [INFO] PluginManager:220 - loadIPPluginJar : add tracer_emb
2024-04-06 14:30:43,162 [INFO] IPUIPlugin:80 - create IPUIPlugin
2024-04-06 14:30:43,162 [INFO] PluginManager:220 - loadIPPluginJar : add ts
2024-04-06 14:30:43,164 [INFO] IPUIPlugin:80 - create IPUIPlugin
2024-04-06 14:30:43,165 [INFO] PluginManager:220 - loadIPPluginJar : add tsc
2024-04-06 14:30:43,168 [INFO] IPUIPlugin:80 - create IPUIPlugin
2024-04-06 14:30:43,168 [INFO] PluginManager:220 - loadIPPluginJar : add ucpd
2024-04-06 14:30:43,172 [INFO] IPUIPlugin:80 - create IPUIPlugin
2024-04-06 14:30:43,172 [INFO] PluginManager:220 - loadIPPluginJar : add usart
2024-04-06 14:30:43,175 [INFO] IPUIPlugin:80 - create IPUIPlugin
2024-04-06 14:30:43,175 [INFO] PluginManager:220 - loadIPPluginJar : add usbx
2024-04-06 14:30:43,324 [INFO] CADModel:165 - CPN selected for project level
2024-04-06 14:30:43,324 [INFO] CADModel:114 - Register for checkConnection events
2024-04-06 14:30:43,325 [FATAL] Updater:308 - Updater called before beeing initialized
2024-04-06 14:30:43,325 [ERROR] CADModel:125 - Updater not yet initialized, retry later 
2024-04-06 14:30:43,494 [INFO] CADModel:165 - CPN selected for project level
2024-04-06 14:30:43,494 [INFO] CADModel:114 - Register for checkConnection events
2024-04-06 14:30:43,494 [FATAL] Updater:308 - Updater called before beeing initialized
2024-04-06 14:30:43,494 [ERROR] CADModel:125 - Updater not yet initialized, retry later 
2024-04-06 14:30:43,498 [FATAL] Updater:308 - Updater called before beeing initialized
2024-04-06 14:30:43,635 [FATAL] Updater:308 - Updater called before beeing initialized
2024-04-06 14:30:43,639 [INFO] DbMcusAds:53 - JSON generation date=Wed Nov 29 10:52:27 GMT 2023 (1701255147349)
2024-04-06 14:30:43,639 [FATAL] Updater:308 - Updater called before beeing initialized
2024-04-06 14:30:43,680 [WARN] DetailPanel:346 - Failed to get advertising image, set to default
2024-04-06 14:30:43,789 [FATAL] Updater:308 - Updater called before beeing initialized
2024-04-06 14:30:43,792 [FATAL] Updater:308 - Updater called before beeing initialized
2024-04-06 14:30:43,793 [FATAL] Updater:308 - Updater called before beeing initialized
2024-04-06 14:30:43,793 [WARN] DetailPanel:346 - Failed to get advertising image, set to default
2024-04-06 14:30:43,794 [FATAL] Updater:308 - Updater called before beeing initialized
2024-04-06 14:30:43,875 [ERROR] Updater:1120 - MainUpdater not yet initialized. External WinMGr cannot be set.
2024-04-06 14:30:43,877 [INFO] Updater:1056 - Updater Version found : 6.11.0
2024-04-06 14:30:43,903 [INFO] ApplicationProperties:184 - Using Application install path: D:\STM32CubeIDE_1.13.0\STM32CubeIDE\plugins\com.st.stm32cube.common.mx_6.11.0.202403141607
2024-04-06 14:30:45,295 [INFO] ThirdPartyUpdaterWithRetryManager:70 - Updater plugin not ready yet. [2/15]
2024-04-06 14:30:45,499 [ERROR] LogOutputStream:75 - [STDERR_REDIRECT] Apr 06, 2024 2:30:45 PM java.util.prefs.WindowsPreferences <init>
2024-04-06 14:30:45,500 [ERROR] LogOutputStream:75 - [STDERR_REDIRECT] WARNING: Could not open/create prefs root node Software\JavaSoft\Prefs at root 0xffffffff80000002. Windows RegCreateKeyEx(...) returned error code 5.
2024-04-06 14:30:45,500 [ERROR] LogOutputStream:75 - [STDERR_REDIRECT] 
2024-04-06 14:30:46,219 [INFO] MainUpdater:2873 - connection check result : 10
2024-04-06 14:30:46,219 [INFO] MainUpdater:290 - Updater Check For Update Now.
2024-04-06 14:30:46,220 [INFO] MicroXplorer:498 - Change Database Version : DB.6.0.110
2024-04-06 14:30:46,225 [INFO] McuFinderGlobals:63 - Set McuFinder mode to 2 (CubeIDE integrated)
2024-04-06 14:30:46,234 [INFO] UserAuth:415 - Internet connection configuration mode: 1
2024-04-06 14:30:46,256 [INFO] JxBrowserEngine:152 - Initiate JxBrowser Engine with user profile folder
2024-04-06 14:30:46,399 [INFO] CheckServerUpdateThread:120 - End of CheckServer Thread
2024-04-06 14:30:47,958 [INFO] WebApp:161 - Instantiating new browser for Auth
2024-04-06 14:30:48,636 [WARN] PackLoader:240 - Cannot read IP mode file for STMicroelectronics.X-CUBE-SMBUS.2.1.0
2024-04-06 14:30:48,651 [WARN] PackLoader:240 - Cannot read IP mode file for STMicroelectronics.X-CUBE-TOUCHGFX.4.23.1
2024-04-06 14:30:48,658 [WARN] PackLoader:240 - Cannot read IP mode file for STMicroelectronics.X-CUBE-TOUCHGFX.4.23.0
2024-04-06 14:30:48,710 [WARN] PackLoader:240 - Cannot read IP mode file for STMicroelectronics.X-CUBE-AZRTOS-F7.1.1.0
2024-04-06 14:30:48,729 [WARN] PackLoader:240 - Cannot read IP mode file for STMicroelectronics.FP-SNS-MOTENV1.4.3.2
2024-04-06 14:30:48,763 [WARN] PackLoader:240 - Cannot read IP mode file for STMicroelectronics.X-CUBE-BLE1.6.2.4
2024-04-06 14:30:48,775 [WARN] PackLoader:240 - Cannot read IP mode file for STMicroelectronics.FP-SNS-FLIGHT1.5.0.2
2024-04-06 14:30:48,802 [WARN] PackLoader:240 - Cannot read IP mode file for STMicroelectronics.X-CUBE-DISPLAY.3.0.0
2024-04-06 14:30:48,823 [WARN] PackLoader:240 - Cannot read IP mode file for STMicroelectronics.X-CUBE-BLE1.7.0.0
2024-04-06 14:30:48,836 [WARN] PackLoader:240 - Cannot read IP mode file for emotas.I-CUBE-CANOPEN.1.3.0
2024-04-06 14:30:48,842 [WARN] PackLoader:240 - Cannot read IP mode file for STMicroelectronics.X-CUBE-TOUCHGFX.4.22.0
2024-04-06 14:30:48,847 [WARN] PackLoader:240 - Cannot read IP mode file for STMicroelectronics.X-CUBE-TOUCHGFX.4.22.1
2024-04-06 14:30:48,863 [WARN] PackLoader:240 - Cannot read IP mode file for STMicroelectronics.X-CUBE-BLEMGR.3.1.0
2024-04-06 14:30:48,875 [WARN] PackLoader:240 - Cannot read IP mode file for STMicroelectronics.FP-SNS-SMARTAG2.1.2.0
2024-04-06 14:30:48,893 [INFO] LogOutputStream:77 - [STDOUT_REDIRECT] 1 : Invalid condition id : UX_CORESTACK_Condition cause : null
2024-04-06 14:30:48,894 [INFO] LogOutputStream:77 - [STDOUT_REDIRECT] 1 : Invalid condition id : UX_CORESTACK_Condition cause : null
2024-04-06 14:30:48,896 [INFO] LogOutputStream:77 - [STDOUT_REDIRECT] 1 : Invalid condition id : UX_CORESTACK_Condition cause : null
2024-04-06 14:30:48,897 [INFO] LogOutputStream:77 - [STDOUT_REDIRECT] 1 : Invalid condition id : UX_CORESTACK_Condition cause : null
2024-04-06 14:30:48,899 [INFO] LogOutputStream:77 - [STDOUT_REDIRECT] 1 : Invalid condition id : UX_CORESTACK_Condition cause : null
2024-04-06 14:30:48,903 [WARN] PackLoader:240 - Cannot read IP mode file for STMicroelectronics.X-CUBE-AZRTOS-WL.2.0.0
2024-04-06 14:30:48,909 [WARN] PackLoader:240 - Cannot read IP mode file for STMicroelectronics.FP-SNS-MOTENV1.5.0.0
2024-04-06 14:30:48,921 [WARN] PackLoader:240 - Cannot read IP mode file for WES.I-CUBE-Cesium.1.3.0
2024-04-06 14:30:48,922 [INFO] WebApp:779 - Register for checkConnection events
2024-04-06 14:30:48,922 [INFO] WebApp:414 - Apply proxy settings
2024-04-06 14:30:48,922 [INFO] WebApp:499 - Chromium requires no authentication
2024-04-06 14:30:48,928 [WARN] PackLoader:240 - Cannot read IP mode file for STMicroelectronics.X-CUBE-BLE2.3.3.0
2024-04-06 14:30:48,936 [INFO] WebApp:442 - Direct internet connection detected
2024-04-06 14:30:48,938 [WARN] PackLoader:240 - Cannot read IP mode file for STMicroelectronics.X-CUBE-ALGOBUILD.1.3.0
2024-04-06 14:30:48,964 [WARN] PackLoader:240 - Cannot read IP mode file for STMicroelectronics.X-CUBE-AZRTOS-G0.1.1.0
2024-04-06 14:30:48,977 [WARN] PackLoader:240 - Cannot read IP mode file for STMicroelectronics.X-CUBE-SAFEA1.1.2.2
2024-04-06 14:30:48,987 [WARN] PackLoader:240 - Cannot read IP mode file for STMicroelectronics.X-CUBE-NFC4.3.0.0
2024-04-06 14:30:48,999 [WARN] PackLoader:240 - Cannot read IP mode file for STMicroelectronics.X-CUBE-BLEMGR.3.0.0
2024-04-06 14:30:49,010 [WARN] PackLoader:240 - Cannot read IP mode file for STMicroelectronics.FP-ATR-SIGFOX1.3.2.0
2024-04-06 14:30:49,021 [WARN] PackLoader:240 - Cannot read IP mode file for STMicroelectronics.X-CUBE-EEPRMA1.5.1.0
2024-04-06 14:30:49,066 [WARN] PackLoader:240 - Cannot read IP mode file for SEGGER.I-CUBE-embOS.1.3.1
2024-04-06 14:30:49,130 [WARN] PackLoader:240 - Cannot read IP mode file for STMicroelectronics.X-CUBE-GNSS1.6.0.0
2024-04-06 14:30:49,165 [WARN] PackLoader:240 - Cannot read IP mode file for STMicroelectronics.X-CUBE-AZRTOS-F4.1.1.0
2024-04-06 14:30:49,187 [WARN] PackLoader:240 - Cannot read IP mode file for wolfSSL.I-CUBE-wolfSSL.5.6.3
2024-04-06 14:30:49,250 [WARN] PackLoader:240 - Cannot read IP mode file for STMicroelectronics.X-CUBE-AZRTOS-L5.2.0.0
2024-04-06 14:30:49,323 [WARN] PackLoader:240 - Cannot read IP mode file for STMicroelectronics.X-CUBE-MEMS1.9.6.0
2024-04-06 14:30:49,406 [INFO] WebApp:192 - Starting web application
2024-04-06 14:30:49,406 [INFO] WebApp:544 - Web application path used D:\STM32CubeIDE_1.13.0\STM32CubeIDE\plugins\com.st.stm32cube.common.mx_6.11.0.202403141607\db\plugins\mcufinder\reactClient1\index.html
2024-04-06 14:30:49,522 [WARN] PackLoader:240 - Cannot read IP mode file for STMicroelectronics.X-CUBE-EEPRMA1.4.2.0
2024-04-06 14:30:49,533 [WARN] PackLoader:240 - Cannot read IP mode file for STMicroelectronics.X-CUBE-NFC6.3.1.0
2024-04-06 14:30:49,541 [WARN] PackLoader:240 - Cannot read IP mode file for ITTIA_DB.I-CUBE-ITTIADB.8.8.0
2024-04-06 14:30:49,549 [WARN] PackLoader:240 - Cannot read IP mode file for STMicroelectronics.X-CUBE-BLEMGR.2.0.0
2024-04-06 14:30:49,573 [WARN] ConditionMgr:438 - getConditionDescription Invalid condition id : UX DEVICE CLASS RTOS Condition cause : null
2024-04-06 14:30:49,574 [WARN] ConditionMgr:438 - getConditionDescription Invalid condition id : UX DEVICE CLASS RTOS Condition cause : null
2024-04-06 14:30:49,577 [WARN] PackLoader:240 - Cannot read IP mode file for STMicroelectronics.X-CUBE-AZRTOS-H7.3.1.0
2024-04-06 14:30:49,579 [WARN] ConditionMgr:1039 - genDependencies : Invalid condition id : UX DEVICE CLASS RTOS Condition cause : null
2024-04-06 14:30:49,580 [WARN] ConditionMgr:1039 - genDependencies : Invalid condition id : UX DEVICE CLASS RTOS Condition cause : null
2024-04-06 14:30:49,581 [WARN] ConditionMgr:1039 - genDependencies : Invalid condition id : UX DEVICE CLASS RTOS Condition cause : null
2024-04-06 14:30:49,582 [WARN] ConditionMgr:1039 - genDependencies : Invalid condition id : UX DEVICE CLASS RTOS Condition cause : null
2024-04-06 14:30:49,582 [WARN] ConditionMgr:1039 - genDependencies : Invalid condition id : UX DEVICE CLASS RTOS Condition cause : null
2024-04-06 14:30:49,594 [WARN] PackLoader:240 - Cannot read IP mode file for STMicroelectronics.X-CUBE-NFC7.1.0.1
2024-04-06 14:30:49,609 [WARN] PackLoader:240 - Cannot read IP mode file for STMicroelectronics.X-CUBE-NFC6.3.0.0
2024-04-06 14:30:49,684 [WARN] PackLoader:240 - Cannot read IP mode file for STMicroelectronics.X-CUBE-EEPRMA1.4.1.0
2024-04-06 14:30:49,708 [WARN] PackLoader:240 - Cannot read IP mode file for STMicroelectronics.X-CUBE-AI.8.1.0
2024-04-06 14:30:49,740 [WARN] ConditionMgr:438 - getConditionDescription Invalid condition id : LAN8742 Phy interface Condition cause : null
2024-04-06 14:30:49,741 [WARN] PackLoader:240 - Cannot read IP mode file for STMicroelectronics.X-CUBE-AZRTOS-L4.2.0.0
2024-04-06 14:30:49,742 [WARN] ConditionMgr:1039 - genDependencies : Invalid condition id : LAN8742 Phy interface Condition cause : null
2024-04-06 14:30:49,743 [WARN] ConditionMgr:1039 - genDependencies : Invalid condition id : LAN8742 Phy interface Condition cause : null
2024-04-06 14:30:49,743 [WARN] ConditionMgr:1039 - genDependencies : Invalid condition id : LAN8742 Phy interface Condition cause : null
2024-04-06 14:30:49,756 [WARN] PackLoader:240 - Cannot read IP mode file for STMicroelectronics.X-CUBE-SFXS2LP1.4.0.0
2024-04-06 14:30:49,769 [WARN] PackLoader:240 - Cannot read IP mode file for STMicroelectronics.X-CUBE-ISPU.1.1.0
2024-04-06 14:30:49,783 [WARN] ConditionMgr:438 - getConditionDescription Invalid condition id : UX DEVICE CLASS RTOS Condition cause : null
2024-04-06 14:30:49,784 [WARN] ConditionMgr:438 - getConditionDescription Invalid condition id : UX DEVICE CLASS RTOS Condition cause : null
2024-04-06 14:30:49,787 [WARN] PackLoader:240 - Cannot read IP mode file for STMicroelectronics.X-CUBE-AZRTOS-WB.2.0.0
2024-04-06 14:30:49,788 [WARN] ConditionMgr:1039 - genDependencies : Invalid condition id : UX DEVICE CLASS RTOS Condition cause : null
2024-04-06 14:30:49,789 [WARN] ConditionMgr:1039 - genDependencies : Invalid condition id : UX DEVICE CLASS RTOS Condition cause : null
2024-04-06 14:30:49,789 [WARN] ConditionMgr:1039 - genDependencies : Invalid condition id : UX DEVICE CLASS RTOS Condition cause : null
2024-04-06 14:30:49,790 [WARN] ConditionMgr:1039 - genDependencies : Invalid condition id : UX DEVICE CLASS RTOS Condition cause : null
2024-04-06 14:30:49,790 [WARN] ConditionMgr:1039 - genDependencies : Invalid condition id : UX DEVICE CLASS RTOS Condition cause : null
2024-04-06 14:30:49,797 [WARN] PackLoader:240 - Cannot read IP mode file for STMicroelectronics.X-CUBE-FREERTOS.1.0.1
2024-04-06 14:30:49,811 [WARN] PackLoader:240 - Cannot read IP mode file for STMicroelectronics.X-CUBE-AZRTOS-L5.1.1.0
2024-04-06 14:30:49,820 [WARN] PackLoader:240 - Cannot read IP mode file for STMicroelectronics.X-CUBE-AI.8.0.1
2024-04-06 14:30:49,833 [WARN] PackLoader:240 - Cannot read IP mode file for STMicroelectronics.X-CUBE-SUBG2.5.0.0
2024-04-06 14:30:49,849 [WARN] PackLoader:240 - Cannot read IP mode file for STMicroelectronics.X-CUBE-TOF1.3.3.1
2024-04-06 14:30:49,874 [WARN] PackLoader:240 - Cannot read IP mode file for STMicroelectronics.X-CUBE-AZRTOS-G4.2.0.0
2024-04-06 14:30:49,896 [WARN] PackLoader:240 - Cannot read IP mode file for Infineon.AIROC-Wi-Fi-Bluetooth-STM32.1.5.1
2024-04-06 14:30:49,909 [WARN] PackLoader:240 - Cannot read IP mode file for STMicroelectronics.FP-SNS-MOTENVWB1.1.3.0
2024-04-06 14:30:49,919 [WARN] PackLoader:240 - Cannot read IP mode file for STMicroelectronics.FP-SNS-MOTENVWB1.1.3.1
2024-04-06 14:30:49,932 [WARN] PackLoader:240 - Cannot read IP mode file for STMicroelectronics.X-CUBE-ISPU.2.0.0
2024-04-06 14:30:49,993 [WARN] PackLoader:240 - Cannot read IP mode file for STMicroelectronics.X-CUBE-MEMS1.10.0.0
2024-04-06 14:30:50,150 [WARN] PackLoader:240 - Cannot read IP mode file for STMicroelectronics.X-CUBE-FREERTOS.1.1.0
2024-04-06 14:30:50,157 [WARN] PackLoader:240 - Cannot read IP mode file for portGmbH.I-Cube-SoM-uGOAL.1.1.0
2024-04-06 14:30:50,165 [WARN] PackLoader:240 - Cannot read IP mode file for STMicroelectronics.X-CUBE-ALS.1.0.1
2024-04-06 14:30:50,184 [WARN] PackLoader:240 - Cannot read IP mode file for STMicroelectronics.X-CUBE-AZRTOS-WB.1.1.0
2024-04-06 14:30:50,197 [WARN] PackLoader:240 - Cannot read IP mode file for STMicroelectronics.FP-ATR-ASTRA1.2.0.0
2024-04-06 14:30:50,219 [WARN] PackLoader:240 - Cannot read IP mode file for STMicroelectronics.X-CUBE-TOF1.3.4.1
2024-04-06 14:30:50,269 [WARN] PackLoader:240 - Cannot read IP mode file for STMicroelectronics.X-CUBE-AZRTOS-H7.3.2.0
2024-04-06 14:30:50,274 [INFO] ThirdParty:978 - Integrity check success = true
2024-04-06 14:30:50,274 [INFO] IntegrityCheckThread:100 - exiting critical section [integrity check]
2024-04-06 14:30:50,274 [INFO] IntegrityCheckThread:103 - End integrity checks thread
2024-04-06 17:58:07,632 [ERROR] LogOutputStream:75 - [STDERR_REDIRECT] 
