2023-08-08 16:15:33,415 [INFO] Activator:176 - 


2023-08-08 16:15:33,421 [INFO] Activator:177 - !SESSION log4j initialized
2023-08-08 16:15:38,978 [INFO] LogOutputStream:77 - [STDOUT_REDIRECT] 
2023-08-08 16:15:43,874 [INFO] ApplicationProperties:184 - Using Application install path: D:\STM32CubeIDE_1.13.0\STM32CubeIDE\plugins\com.st.stm32cube.common.mx_6.9.0.202307051724
2023-08-08 16:15:43,896 [INFO] DbMcusXml:78 - Set database path to: D:\STM32CubeIDE_1.13.0\STM32CubeIDE\plugins\com.st.stm32cube.common.mx_6.9.0.202307051724\\db\/mcu/
2023-08-08 16:15:43,897 [INFO] ApiDb:274 - Set plugin database path to: D:\STM32CubeIDE_1.13.0\STM32CubeIDE\plugins\com.st.stm32cube.common.mx_6.9.0.202307051724\\db\/plugins/boardmanager/
2023-08-08 16:15:43,897 [WARN] ApiDb:259 - Overriding images path with different value:  => D:\STM32CubeIDE_1.13.0\STM32CubeIDE\plugins\com.st.stm32cube.common.mx_6.9.0.202307051724\\db\/plugins/mcufinder/images/
2023-08-08 16:15:43,924 [INFO] ApiDb:250 - Set database path to: C:\Users\66405\.stmcufinder\plugins\mcufinder//mcu/
2023-08-08 16:15:43,926 [INFO] DbMcusAds:125 - Set database path to: C:\Users\66405\.stmcufinder\plugins\mcufinder//mcu/
2023-08-08 16:15:43,928 [INFO] CrossReferenceDbSqlite:203 - Set database path to: C:\Users\66405\.stmcufinder\plugins\mcufinder//mcu/cs/
2023-08-08 16:15:44,041 [INFO] RulesReader:64 - Compatibility file has been processed (293 Rules)
2023-08-08 16:15:44,147 [INFO] DbMcusXml:78 - Set database path to: D:\STM32CubeIDE_1.13.0\STM32CubeIDE\plugins\com.st.stm32cube.common.mx_6.9.0.202307051724\\db\/mcu/
2023-08-08 16:15:44,147 [INFO] ApiDb:274 - Set plugin database path to: D:\STM32CubeIDE_1.13.0\STM32CubeIDE\plugins\com.st.stm32cube.common.mx_6.9.0.202307051724\\db\/plugins/boardmanager/
2023-08-08 16:15:44,148 [INFO] ApiDb:261 - Set plugin images path to: D:\STM32CubeIDE_1.13.0\STM32CubeIDE\plugins\com.st.stm32cube.common.mx_6.9.0.202307051724\\db\/plugins/mcufinder/images/
2023-08-08 16:15:44,148 [WARN] DbFile:41 - Overriding database path with different value: C:\Users\66405\.stmcufinder\plugins\mcufinder/ => C:\Users\66405\.stmcufinder\plugins\mcufinder
2023-08-08 16:15:44,148 [INFO] ApiDb:250 - Set database path to: C:\Users\66405\.stmcufinder\plugins\mcufinder//mcu/
2023-08-08 16:15:44,148 [WARN] DbFile:41 - Overriding database path with different value: C:\Users\66405\.stmcufinder\plugins\mcufinder/ => C:\Users\66405\.stmcufinder\plugins\mcufinder
2023-08-08 16:15:44,148 [INFO] DbMcusAds:125 - Set database path to: C:\Users\66405\.stmcufinder\plugins\mcufinder//mcu/
2023-08-08 16:15:44,148 [WARN] DbFile:41 - Overriding database path with different value: C:\Users\66405\.stmcufinder\plugins\mcufinder/ => C:\Users\66405\.stmcufinder\plugins\mcufinder
2023-08-08 16:15:44,148 [WARN] DbFile:41 - Overriding database path with different value: C:\Users\66405\.stmcufinder\plugins\mcufinder/ => C:\Users\66405\.stmcufinder\plugins\mcufinder
2023-08-08 16:15:44,148 [INFO] CrossReferenceDbSqlite:203 - Set database path to: C:\Users\66405\.stmcufinder\plugins\mcufinder//mcu/cs/
2023-08-08 16:15:44,238 [INFO] MainPanel:262 - HeapMemory: 268435456
2023-08-08 16:15:44,352 [INFO] DbMcusXml:78 - Set database path to: D:\STM32CubeIDE_1.13.0\STM32CubeIDE\plugins\com.st.stm32cube.common.mx_6.9.0.202307051724\\db\/mcu/
2023-08-08 16:15:44,352 [INFO] ApiDb:274 - Set plugin database path to: D:\STM32CubeIDE_1.13.0\STM32CubeIDE\plugins\com.st.stm32cube.common.mx_6.9.0.202307051724\\db\/plugins/boardmanager/
2023-08-08 16:15:44,353 [INFO] ApiDb:261 - Set plugin images path to: D:\STM32CubeIDE_1.13.0\STM32CubeIDE\plugins\com.st.stm32cube.common.mx_6.9.0.202307051724\\db\/plugins/mcufinder/images/
2023-08-08 16:15:44,353 [WARN] DbFile:41 - Overriding database path with different value: C:\Users\66405\.stmcufinder\plugins\mcufinder/ => C:\Users\66405\.stmcufinder\plugins\mcufinder
2023-08-08 16:15:44,353 [INFO] ApiDb:250 - Set database path to: C:\Users\66405\.stmcufinder\plugins\mcufinder//mcu/
2023-08-08 16:15:44,354 [WARN] DbFile:41 - Overriding database path with different value: C:\Users\66405\.stmcufinder\plugins\mcufinder/ => C:\Users\66405\.stmcufinder\plugins\mcufinder
2023-08-08 16:15:44,354 [INFO] DbMcusAds:125 - Set database path to: C:\Users\66405\.stmcufinder\plugins\mcufinder//mcu/
2023-08-08 16:15:44,354 [WARN] DbFile:41 - Overriding database path with different value: C:\Users\66405\.stmcufinder\plugins\mcufinder/ => C:\Users\66405\.stmcufinder\plugins\mcufinder
2023-08-08 16:15:44,354 [WARN] DbFile:41 - Overriding database path with different value: C:\Users\66405\.stmcufinder\plugins\mcufinder/ => C:\Users\66405\.stmcufinder\plugins\mcufinder
2023-08-08 16:15:44,354 [INFO] CrossReferenceDbSqlite:203 - Set database path to: C:\Users\66405\.stmcufinder\plugins\mcufinder//mcu/cs/
2023-08-08 16:15:44,376 [INFO] ApplicationProperties:184 - Using Application install path: D:\STM32CubeIDE_1.13.0\STM32CubeIDE\plugins\com.st.stm32cube.common.mx_6.9.0.202307051724
2023-08-08 16:15:44,378 [INFO] PluginManage:196 - Search for loadable plugins [exclusion list=, ]
2023-08-08 16:15:44,379 [INFO] PluginManage:310 - Check plugin analytics
2023-08-08 16:15:44,546 [INFO] AnalyticsPlugin:253 - Accepted Software Licenses: 
2023-08-08 16:15:44,547 [INFO] AnalyticsPlugin:255 - Accepted CMSIS Pack Licenses: 
2023-08-08 16:15:44,547 [INFO] AnalyticsPlugin:257 - Accepted Firmware Licenses: FW.L4.1.18.0
2023-08-08 16:15:44,549 [INFO] PluginManage:359 - Loaded plugin analytics (category:tool,tabindex:-1)
2023-08-08 16:15:44,549 [INFO] PluginManage:310 - Check plugin cadmodel
2023-08-08 16:15:44,556 [INFO] CADModel:105 - Init CAD model plugin
2023-08-08 16:15:44,556 [INFO] PluginManage:359 - Loaded plugin cadmodel (category:power,tabindex:5)
2023-08-08 16:15:44,556 [INFO] PluginManage:310 - Check plugin clock
2023-08-08 16:15:44,568 [INFO] PluginManage:359 - Loaded plugin clock (category:base,tabindex:2)
2023-08-08 16:15:44,568 [INFO] PluginManage:310 - Check plugin ddr
2023-08-08 16:15:44,571 [INFO] PluginManage:359 - Loaded plugin ddr (category:tool,tabindex:6)
2023-08-08 16:15:44,571 [INFO] PluginManage:310 - Check plugin filemanager
2023-08-08 16:15:44,726 [INFO] PluginManage:359 - Loaded plugin filemanager (category:base,tabindex:10)
2023-08-08 16:15:44,726 [INFO] PluginManage:310 - Check plugin ipmanager
2023-08-08 16:15:44,735 [INFO] PluginManage:359 - Loaded plugin ipmanager (category:base,tabindex:5)
2023-08-08 16:15:44,735 [INFO] PluginManage:310 - Check plugin lpbam
2023-08-08 16:15:44,744 [INFO] PluginManage:359 - Loaded plugin lpbam (category:base,tabindex:0)
2023-08-08 16:15:44,744 [INFO] PluginManage:310 - Check plugin memorymap
2023-08-08 16:15:44,759 [INFO] PluginManage:359 - Loaded plugin memorymap (category:base,tabindex:4)
2023-08-08 16:15:44,759 [INFO] PluginManage:310 - Check plugin pinoutandconfiguration
2023-08-08 16:15:44,767 [INFO] PluginManage:359 - Loaded plugin pinoutandconfiguration (category:base,tabindex:1)
2023-08-08 16:15:44,767 [INFO] PluginManage:310 - Check plugin pinoutconfig
2023-08-08 16:15:44,851 [WARN] SupportedApi:132 - Cannot load RTOS API schema: s4s-elt-must-match.1: The content of 'definitions' must match (annotation?, (simpleType | complexType)?, (unique | key | keyref)*)). A problem was found starting at: attribute.
2023-08-08 16:15:44,998 [INFO] PluginManage:359 - Loaded plugin pinoutconfig (category:base,tabindex:0)
2023-08-08 16:15:44,998 [INFO] PluginManage:310 - Check plugin power
2023-08-08 16:15:45,014 [INFO] PluginManage:359 - Loaded plugin power (category:power,tabindex:4)
2023-08-08 16:15:45,014 [INFO] PluginManage:310 - Check plugin projectmanager
2023-08-08 16:15:45,029 [INFO] PluginManage:359 - Loaded plugin projectmanager (category:projectmanager,tabindex:3)
2023-08-08 16:15:45,030 [INFO] PluginManage:310 - Check plugin thirdparty
2023-08-08 16:15:45,185 [INFO] PluginManage:359 - Loaded plugin thirdparty (category:base,tabindex:-1)
2023-08-08 16:15:45,185 [WARN] IntegrityCheckThread:84 - waiting for thirdparty lock release [integrity check]
2023-08-08 16:15:45,185 [INFO] PluginManage:310 - Check plugin tools
2023-08-08 16:15:45,185 [INFO] IntegrityCheckThread:86 - entering critical section [integrity check]
2023-08-08 16:15:45,186 [INFO] ThirdPartyUpdaterWithRetryManager:70 - Updater plugin not ready yet. [1/15]
2023-08-08 16:15:45,188 [INFO] PluginManage:359 - Loaded plugin tools (category:base,tabindex:7)
2023-08-08 16:15:45,189 [INFO] PluginManage:310 - Check plugin tutovideos
2023-08-08 16:15:45,383 [INFO] PluginManage:359 - Loaded plugin tutovideos (category:base,tabindex:-1)
2023-08-08 16:15:45,383 [INFO] PluginManage:310 - Check plugin updater
2023-08-08 16:15:45,395 [INFO] PluginManage:359 - Loaded plugin updater (category:base,tabindex:12)
2023-08-08 16:15:45,396 [INFO] PluginManage:310 - Check plugin userauth
2023-08-08 16:15:45,402 [INFO] UserAuth:113 - Init User Auth plugin
2023-08-08 16:15:45,402 [INFO] PluginManage:359 - Loaded plugin userauth (category:base,tabindex:14)
2023-08-08 16:15:45,402 [INFO] PluginManage:283 - PluginManage : Loaded plugins [17]
2023-08-08 16:15:45,648 [INFO] PinOutPanel:1499 - setPackage(No Configuration,No Configuration)
2023-08-08 16:15:45,764 [INFO] CADModel:165 - CPN selected for project level
2023-08-08 16:15:45,765 [INFO] CADModel:114 - Register for checkConnection events
2023-08-08 16:15:45,785 [INFO] IPUIPlugin:80 - create IPUIPlugin
2023-08-08 16:15:45,785 [INFO] PluginManager:220 - loadIPPluginJar : add adc
2023-08-08 16:15:45,787 [INFO] IPUIPlugin:80 - create IPUIPlugin
2023-08-08 16:15:45,788 [INFO] PluginManager:220 - loadIPPluginJar : add aes
2023-08-08 16:15:45,791 [INFO] IPUIPlugin:80 - create IPUIPlugin
2023-08-08 16:15:45,791 [INFO] PluginManager:220 - loadIPPluginJar : add can
2023-08-08 16:15:45,793 [INFO] IPUIPlugin:80 - create IPUIPlugin
2023-08-08 16:15:45,793 [INFO] PluginManager:220 - loadIPPluginJar : add comp
2023-08-08 16:15:45,796 [INFO] IPUIPlugin:80 - create IPUIPlugin
2023-08-08 16:15:45,796 [INFO] PluginManager:220 - loadIPPluginJar : add cryp
2023-08-08 16:15:45,798 [INFO] IPUIPlugin:80 - create IPUIPlugin
2023-08-08 16:15:45,799 [INFO] PluginManager:220 - loadIPPluginJar : add dfsdm
2023-08-08 16:15:45,804 [INFO] IPUIPlugin:80 - create IPUIPlugin
2023-08-08 16:15:45,805 [INFO] PluginManager:220 - loadIPPluginJar : add dma
2023-08-08 16:15:45,808 [INFO] IPUIPlugin:80 - create IPUIPlugin
2023-08-08 16:15:45,808 [INFO] PluginManager:220 - loadIPPluginJar : add dma3
2023-08-08 16:15:45,810 [INFO] IPUIPlugin:80 - create IPUIPlugin
2023-08-08 16:15:45,810 [INFO] PluginManager:220 - loadIPPluginJar : add fatfs
2023-08-08 16:15:45,814 [INFO] IPUIPlugin:80 - create IPUIPlugin
2023-08-08 16:15:45,814 [INFO] PluginManager:220 - loadIPPluginJar : add fmc
2023-08-08 16:15:45,820 [INFO] IPUIPlugin:80 - create IPUIPlugin
2023-08-08 16:15:45,820 [INFO] PluginManager:220 - loadIPPluginJar : add freertos
2023-08-08 16:15:45,822 [INFO] IPUIPlugin:80 - create IPUIPlugin
2023-08-08 16:15:45,822 [INFO] PluginManager:220 - loadIPPluginJar : add genericplugin
2023-08-08 16:15:45,825 [INFO] IPUIPlugin:80 - create IPUIPlugin
2023-08-08 16:15:45,825 [INFO] PluginManager:220 - loadIPPluginJar : add gfxmmu
2023-08-08 16:15:45,829 [INFO] IPUIPlugin:80 - create IPUIPlugin
2023-08-08 16:15:45,830 [INFO] PluginManager:220 - loadIPPluginJar : add gic
2023-08-08 16:15:45,834 [INFO] IPUIPlugin:80 - create IPUIPlugin
2023-08-08 16:15:45,834 [INFO] PluginManager:220 - loadIPPluginJar : add gpio
2023-08-08 16:15:45,837 [INFO] IPUIPlugin:80 - create IPUIPlugin
2023-08-08 16:15:45,838 [INFO] PluginManager:220 - loadIPPluginJar : add gtzc
2023-08-08 16:15:45,840 [INFO] IPUIPlugin:80 - create IPUIPlugin
2023-08-08 16:15:45,840 [INFO] PluginManager:220 - loadIPPluginJar : add hash
2023-08-08 16:15:45,843 [INFO] IPUIPlugin:80 - create IPUIPlugin
2023-08-08 16:15:45,843 [INFO] PluginManager:220 - loadIPPluginJar : add i2c
2023-08-08 16:15:45,845 [INFO] IPUIPlugin:80 - create IPUIPlugin
2023-08-08 16:15:45,846 [INFO] PluginManager:220 - loadIPPluginJar : add i2s
2023-08-08 16:15:45,849 [INFO] IPUIPlugin:80 - create IPUIPlugin
2023-08-08 16:15:45,849 [INFO] PluginManager:220 - loadIPPluginJar : add i3c
2023-08-08 16:15:45,852 [INFO] IPUIPlugin:80 - create IPUIPlugin
2023-08-08 16:15:45,852 [INFO] PluginManager:220 - loadIPPluginJar : add ipddr
2023-08-08 16:15:45,860 [INFO] IPUIPlugin:80 - create IPUIPlugin
2023-08-08 16:15:45,860 [INFO] PluginManager:220 - loadIPPluginJar : add linkedlist
2023-08-08 16:15:45,863 [INFO] IPUIPlugin:80 - create IPUIPlugin
2023-08-08 16:15:45,863 [INFO] PluginManager:220 - loadIPPluginJar : add lorawan
2023-08-08 16:15:45,866 [INFO] IPUIPlugin:80 - create IPUIPlugin
2023-08-08 16:15:45,866 [INFO] PluginManager:220 - loadIPPluginJar : add ltdc
2023-08-08 16:15:45,873 [INFO] IPUIPlugin:80 - create IPUIPlugin
2023-08-08 16:15:45,873 [INFO] PluginManager:220 - loadIPPluginJar : add mdma
2023-08-08 16:15:45,877 [INFO] IPUIPlugin:80 - create IPUIPlugin
2023-08-08 16:15:45,877 [INFO] PluginManager:220 - loadIPPluginJar : add nvic
2023-08-08 16:15:45,881 [INFO] IPUIPlugin:80 - create IPUIPlugin
2023-08-08 16:15:45,881 [INFO] PluginManager:220 - loadIPPluginJar : add opamp
2023-08-08 16:15:45,884 [INFO] IPUIPlugin:80 - create IPUIPlugin
2023-08-08 16:15:45,884 [INFO] PluginManager:220 - loadIPPluginJar : add openamp
2023-08-08 16:15:45,888 [INFO] IPUIPlugin:80 - create IPUIPlugin
2023-08-08 16:15:45,888 [INFO] PluginManager:220 - loadIPPluginJar : add pdm2pcm
2023-08-08 16:15:45,894 [INFO] IPUIPlugin:80 - create IPUIPlugin
2023-08-08 16:15:45,896 [INFO] PluginManager:220 - loadIPPluginJar : add plateformsettings
2023-08-08 16:15:45,899 [INFO] IPUIPlugin:80 - create IPUIPlugin
2023-08-08 16:15:45,899 [INFO] PluginManager:220 - loadIPPluginJar : add quadspi
2023-08-08 16:15:45,903 [INFO] IPUIPlugin:80 - create IPUIPlugin
2023-08-08 16:15:45,903 [INFO] PluginManager:220 - loadIPPluginJar : add resmgrutility
2023-08-08 16:15:45,906 [INFO] IPUIPlugin:80 - create IPUIPlugin
2023-08-08 16:15:45,907 [INFO] PluginManager:220 - loadIPPluginJar : add sai
2023-08-08 16:15:45,909 [INFO] IPUIPlugin:80 - create IPUIPlugin
2023-08-08 16:15:45,909 [INFO] PluginManager:220 - loadIPPluginJar : add spi
2023-08-08 16:15:45,915 [INFO] IPUIPlugin:80 - create IPUIPlugin
2023-08-08 16:15:45,915 [INFO] PluginManager:220 - loadIPPluginJar : add stm32_wpan
2023-08-08 16:15:45,917 [INFO] IPUIPlugin:80 - create IPUIPlugin
2023-08-08 16:15:45,917 [INFO] PluginManager:220 - loadIPPluginJar : add tim
2023-08-08 16:15:45,921 [INFO] IPUIPlugin:80 - create IPUIPlugin
2023-08-08 16:15:45,922 [INFO] PluginManager:220 - loadIPPluginJar : add touchsensing
2023-08-08 16:15:45,924 [INFO] IPUIPlugin:80 - create IPUIPlugin
2023-08-08 16:15:45,924 [INFO] PluginManager:220 - loadIPPluginJar : add tracer_emb
2023-08-08 16:15:45,927 [INFO] IPUIPlugin:80 - create IPUIPlugin
2023-08-08 16:15:45,927 [INFO] PluginManager:220 - loadIPPluginJar : add ts
2023-08-08 16:15:45,930 [INFO] IPUIPlugin:80 - create IPUIPlugin
2023-08-08 16:15:45,930 [INFO] PluginManager:220 - loadIPPluginJar : add tsc
2023-08-08 16:15:45,932 [INFO] IPUIPlugin:80 - create IPUIPlugin
2023-08-08 16:15:45,933 [INFO] PluginManager:220 - loadIPPluginJar : add ucpd
2023-08-08 16:15:45,936 [INFO] IPUIPlugin:80 - create IPUIPlugin
2023-08-08 16:15:45,936 [INFO] PluginManager:220 - loadIPPluginJar : add usart
2023-08-08 16:15:45,939 [INFO] IPUIPlugin:80 - create IPUIPlugin
2023-08-08 16:15:45,939 [INFO] PluginManager:220 - loadIPPluginJar : add usbx
2023-08-08 16:15:46,064 [INFO] CADModel:165 - CPN selected for project level
2023-08-08 16:15:46,064 [INFO] CADModel:114 - Register for checkConnection events
2023-08-08 16:15:46,064 [FATAL] Updater:308 - Updater called before beeing initialized
2023-08-08 16:15:46,064 [ERROR] CADModel:125 - Updater not yet initialized, retry later 
2023-08-08 16:15:46,231 [INFO] CADModel:165 - CPN selected for project level
2023-08-08 16:15:46,232 [INFO] CADModel:114 - Register for checkConnection events
2023-08-08 16:15:46,232 [FATAL] Updater:308 - Updater called before beeing initialized
2023-08-08 16:15:46,232 [ERROR] CADModel:125 - Updater not yet initialized, retry later 
2023-08-08 16:15:46,235 [FATAL] Updater:308 - Updater called before beeing initialized
2023-08-08 16:15:46,350 [FATAL] Updater:308 - Updater called before beeing initialized
2023-08-08 16:15:46,356 [INFO] DbMcusAds:53 - JSON generation date=Tue Mar 07 16:50:55 CST 2023 (1678179055114)
2023-08-08 16:15:46,356 [FATAL] Updater:308 - Updater called before beeing initialized
2023-08-08 16:15:46,393 [WARN] DetailPanel:346 - Failed to get advertising image, set to default
2023-08-08 16:15:46,490 [FATAL] Updater:308 - Updater called before beeing initialized
2023-08-08 16:15:46,492 [FATAL] Updater:308 - Updater called before beeing initialized
2023-08-08 16:15:46,492 [FATAL] Updater:308 - Updater called before beeing initialized
2023-08-08 16:15:46,492 [WARN] DetailPanel:346 - Failed to get advertising image, set to default
2023-08-08 16:15:46,493 [FATAL] Updater:308 - Updater called before beeing initialized
2023-08-08 16:15:46,534 [ERROR] Updater:1120 - MainUpdater not yet initialized. External WinMGr cannot be set.
2023-08-08 16:15:46,539 [INFO] Updater:1056 - Updater Version found : 6.9.0
2023-08-08 16:15:46,558 [INFO] ApplicationProperties:184 - Using Application install path: D:\STM32CubeIDE_1.13.0\STM32CubeIDE\plugins\com.st.stm32cube.common.mx_6.9.0.202307051724
2023-08-08 16:15:46,851 [INFO] MainUpdater:2868 - connection check result : 10
2023-08-08 16:15:46,852 [INFO] MainUpdater:285 - Updater Check For Update Now.
2023-08-08 16:15:46,852 [INFO] MicroXplorer:498 - Change Database Version : DB.6.0.90
2023-08-08 16:15:46,859 [INFO] McuFinderGlobals:63 - Set McuFinder mode to 2 (CubeIDE integrated)
2023-08-08 16:15:47,020 [INFO] CheckServerUpdateThread:120 - End of CheckServer Thread
2023-08-08 16:15:48,337 [WARN] PackLoader:240 - Cannot read IP mode file for STMicroelectronics.X-CUBE-SMBUS.2.1.0
2023-08-08 16:15:48,373 [WARN] PackLoader:240 - Cannot read IP mode file for STMicroelectronics.X-CUBE-AZRTOS-F7.1.1.0
2023-08-08 16:15:48,386 [WARN] PackLoader:240 - Cannot read IP mode file for STMicroelectronics.FP-SNS-MOTENV1.4.3.2
2023-08-08 16:15:48,401 [WARN] PackLoader:240 - Cannot read IP mode file for STMicroelectronics.X-CUBE-BLE1.6.2.4
2023-08-08 16:15:48,410 [WARN] PackLoader:240 - Cannot read IP mode file for STMicroelectronics.FP-SNS-FLIGHT1.5.0.2
2023-08-08 16:15:48,420 [WARN] PackLoader:240 - Cannot read IP mode file for STMicroelectronics.X-CUBE-DISPLAY.3.0.0
2023-08-08 16:15:48,432 [WARN] PackLoader:240 - Cannot read IP mode file for emotas.I-CUBE-CANOPEN.1.3.0
2023-08-08 16:15:48,439 [WARN] PackLoader:240 - Cannot read IP mode file for STMicroelectronics.X-CUBE-TOUCHGFX.4.22.0
2023-08-08 16:15:48,451 [INFO] LogOutputStream:77 - [STDOUT_REDIRECT] 1 : Invalid condition id : UX_CORESTACK_Condition cause : null
2023-08-08 16:15:48,452 [INFO] LogOutputStream:77 - [STDOUT_REDIRECT] 1 : Invalid condition id : UX_CORESTACK_Condition cause : null
2023-08-08 16:15:48,453 [INFO] LogOutputStream:77 - [STDOUT_REDIRECT] 1 : Invalid condition id : UX_CORESTACK_Condition cause : null
2023-08-08 16:15:48,454 [INFO] LogOutputStream:77 - [STDOUT_REDIRECT] 1 : Invalid condition id : UX_CORESTACK_Condition cause : null
2023-08-08 16:15:48,455 [INFO] LogOutputStream:77 - [STDOUT_REDIRECT] 1 : Invalid condition id : UX_CORESTACK_Condition cause : null
2023-08-08 16:15:48,465 [WARN] PackLoader:240 - Cannot read IP mode file for STMicroelectronics.X-CUBE-AZRTOS-WL.2.0.0
2023-08-08 16:15:48,474 [WARN] PackLoader:240 - Cannot read IP mode file for STMicroelectronics.X-CUBE-BLE2.3.3.0
2023-08-08 16:15:48,482 [WARN] PackLoader:240 - Cannot read IP mode file for STMicroelectronics.X-CUBE-ALGOBUILD.1.3.0
2023-08-08 16:15:48,506 [WARN] PackLoader:240 - Cannot read IP mode file for STMicroelectronics.X-CUBE-AZRTOS-G0.1.1.0
2023-08-08 16:15:48,516 [WARN] PackLoader:240 - Cannot read IP mode file for STMicroelectronics.X-CUBE-NFC4.3.0.0
2023-08-08 16:15:48,524 [WARN] PackLoader:240 - Cannot read IP mode file for STMicroelectronics.FP-ATR-SIGFOX1.3.2.0
2023-08-08 16:15:48,555 [WARN] PackLoader:240 - Cannot read IP mode file for SEGGER.I-CUBE-embOS.1.3.1
2023-08-08 16:15:48,602 [WARN] PackLoader:240 - Cannot read IP mode file for STMicroelectronics.X-CUBE-GNSS1.6.0.0
2023-08-08 16:15:48,619 [WARN] PackLoader:240 - Cannot read IP mode file for STMicroelectronics.X-CUBE-AZRTOS-F4.1.1.0
2023-08-08 16:15:48,628 [WARN] PackLoader:240 - Cannot read IP mode file for wolfSSL.I-CUBE-wolfSSL.5.6.3
2023-08-08 16:15:48,666 [WARN] PackLoader:240 - Cannot read IP mode file for STMicroelectronics.X-CUBE-MEMS1.9.6.0
2023-08-08 16:15:48,794 [WARN] PackLoader:240 - Cannot read IP mode file for STMicroelectronics.X-CUBE-BLEMGR.2.0.0
2023-08-08 16:15:48,814 [WARN] ConditionMgr:438 - getConditionDescription Invalid condition id : UX DEVICE CLASS RTOS Condition cause : null
2023-08-08 16:15:48,814 [WARN] ConditionMgr:438 - getConditionDescription Invalid condition id : UX DEVICE CLASS RTOS Condition cause : null
2023-08-08 16:15:48,817 [WARN] PackLoader:240 - Cannot read IP mode file for STMicroelectronics.X-CUBE-AZRTOS-H7.3.1.0
2023-08-08 16:15:48,819 [WARN] ConditionMgr:1039 - genDependencies : Invalid condition id : UX DEVICE CLASS RTOS Condition cause : null
2023-08-08 16:15:48,819 [WARN] ConditionMgr:1039 - genDependencies : Invalid condition id : UX DEVICE CLASS RTOS Condition cause : null
2023-08-08 16:15:48,820 [WARN] ConditionMgr:1039 - genDependencies : Invalid condition id : UX DEVICE CLASS RTOS Condition cause : null
2023-08-08 16:15:48,820 [WARN] ConditionMgr:1039 - genDependencies : Invalid condition id : UX DEVICE CLASS RTOS Condition cause : null
2023-08-08 16:15:48,821 [WARN] ConditionMgr:1039 - genDependencies : Invalid condition id : UX DEVICE CLASS RTOS Condition cause : null
2023-08-08 16:15:48,828 [WARN] PackLoader:240 - Cannot read IP mode file for STMicroelectronics.X-CUBE-NFC7.1.0.1
2023-08-08 16:15:48,837 [WARN] PackLoader:240 - Cannot read IP mode file for STMicroelectronics.X-CUBE-EEPRMA1.4.1.0
2023-08-08 16:15:48,856 [WARN] ConditionMgr:438 - getConditionDescription Invalid condition id : LAN8742 Phy interface Condition cause : null
2023-08-08 16:15:48,856 [WARN] PackLoader:240 - Cannot read IP mode file for STMicroelectronics.X-CUBE-AZRTOS-L4.2.0.0
2023-08-08 16:15:48,858 [WARN] ConditionMgr:1039 - genDependencies : Invalid condition id : LAN8742 Phy interface Condition cause : null
2023-08-08 16:15:48,858 [WARN] ConditionMgr:1039 - genDependencies : Invalid condition id : LAN8742 Phy interface Condition cause : null
2023-08-08 16:15:48,859 [WARN] ConditionMgr:1039 - genDependencies : Invalid condition id : LAN8742 Phy interface Condition cause : null
2023-08-08 16:15:48,869 [WARN] PackLoader:240 - Cannot read IP mode file for STMicroelectronics.X-CUBE-SFXS2LP1.4.0.0
2023-08-08 16:15:48,877 [WARN] PackLoader:240 - Cannot read IP mode file for STMicroelectronics.X-CUBE-ISPU.1.1.0
2023-08-08 16:15:48,886 [WARN] PackLoader:240 - Cannot read IP mode file for STMicroelectronics.X-CUBE-FREERTOS.1.0.1
2023-08-08 16:15:48,900 [WARN] PackLoader:240 - Cannot read IP mode file for STMicroelectronics.X-CUBE-AZRTOS-L5.1.1.0
2023-08-08 16:15:48,908 [WARN] PackLoader:240 - Cannot read IP mode file for STMicroelectronics.X-CUBE-AI.8.0.1
2023-08-08 16:15:48,919 [WARN] PackLoader:240 - Cannot read IP mode file for STMicroelectronics.X-CUBE-SUBG2.5.0.0
2023-08-08 16:15:48,940 [WARN] PackLoader:240 - Cannot read IP mode file for STMicroelectronics.X-CUBE-TOF1.3.3.1
2023-08-08 16:15:48,966 [WARN] PackLoader:240 - Cannot read IP mode file for STMicroelectronics.X-CUBE-AZRTOS-G4.2.0.0
2023-08-08 16:15:48,974 [WARN] PackLoader:240 - Cannot read IP mode file for portGmbH.I-Cube-SoM-uGOAL.1.1.0
2023-08-08 16:15:48,981 [WARN] PackLoader:240 - Cannot read IP mode file for STMicroelectronics.X-CUBE-ALS.1.0.1
2023-08-08 16:15:48,993 [WARN] PackLoader:240 - Cannot read IP mode file for STMicroelectronics.X-CUBE-AZRTOS-WB.1.1.0
2023-08-08 16:15:49,000 [WARN] PackLoader:240 - Cannot read IP mode file for STMicroelectronics.FP-ATR-ASTRA1.2.0.0
2023-08-08 16:15:49,001 [INFO] ThirdParty:978 - Integrity check success = true
2023-08-08 16:15:49,002 [INFO] IntegrityCheckThread:100 - exiting critical section [integrity check]
2023-08-08 16:15:49,002 [INFO] IntegrityCheckThread:103 - End integrity checks thread
2023-08-08 16:16:07,845 [ERROR] LogOutputStream:75 - [STDERR_REDIRECT] SLF4J: Failed to load class "org.slf4j.impl.StaticLoggerBinder".
2023-08-08 16:16:07,846 [ERROR] LogOutputStream:75 - [STDERR_REDIRECT] SLF4J: Defaulting to no-operation (NOP) logger implementation
2023-08-08 16:16:07,847 [ERROR] LogOutputStream:75 - [STDERR_REDIRECT] SLF4J: See http://www.slf4j.org/codes.html#StaticLoggerBinder for further details.
