2024-03-20 15:53:25,959 [INFO] Activator:176 - 


2024-03-20 15:53:25,967 [INFO] Activator:177 - !SESSION log4j initialized
2024-03-20 15:53:33,859 [INFO] LogOutputStream:77 - [STDOUT_REDIRECT] 
2024-03-20 15:53:38,696 [INFO] ApplicationProperties:184 - Using Application install path: D:\STM32CubeIDE_1.13.0\STM32CubeIDE\plugins\com.st.stm32cube.common.mx_6.9.2.202309101412
2024-03-20 15:53:38,721 [INFO] DbMcusXml:78 - Set database path to: D:\STM32CubeIDE_1.13.0\STM32CubeIDE\plugins\com.st.stm32cube.common.mx_6.9.2.202309101412\\db\/mcu/
2024-03-20 15:53:38,721 [INFO] ApiDb:274 - Set plugin database path to: D:\STM32CubeIDE_1.13.0\STM32CubeIDE\plugins\com.st.stm32cube.common.mx_6.9.2.202309101412\\db\/plugins/boardmanager/
2024-03-20 15:53:38,722 [WARN] ApiDb:259 - Overriding images path with different value:  => D:\STM32CubeIDE_1.13.0\STM32CubeIDE\plugins\com.st.stm32cube.common.mx_6.9.2.202309101412\\db\/plugins/mcufinder/images/
2024-03-20 15:53:38,739 [INFO] ApiDb:250 - Set database path to: C:\Users\66405\.stmcufinder\plugins\mcufinder//mcu/
2024-03-20 15:53:38,741 [INFO] DbMcusAds:125 - Set database path to: C:\Users\66405\.stmcufinder\plugins\mcufinder//mcu/
2024-03-20 15:53:38,744 [INFO] CrossReferenceDbSqlite:203 - Set database path to: C:\Users\66405\.stmcufinder\plugins\mcufinder//mcu/cs/
2024-03-20 15:53:38,892 [INFO] RulesReader:64 - Compatibility file has been processed (293 Rules)
2024-03-20 15:53:39,039 [INFO] DbMcusXml:78 - Set database path to: D:\STM32CubeIDE_1.13.0\STM32CubeIDE\plugins\com.st.stm32cube.common.mx_6.9.2.202309101412\\db\/mcu/
2024-03-20 15:53:39,039 [INFO] ApiDb:274 - Set plugin database path to: D:\STM32CubeIDE_1.13.0\STM32CubeIDE\plugins\com.st.stm32cube.common.mx_6.9.2.202309101412\\db\/plugins/boardmanager/
2024-03-20 15:53:39,039 [INFO] ApiDb:261 - Set plugin images path to: D:\STM32CubeIDE_1.13.0\STM32CubeIDE\plugins\com.st.stm32cube.common.mx_6.9.2.202309101412\\db\/plugins/mcufinder/images/
2024-03-20 15:53:39,039 [WARN] DbFile:41 - Overriding database path with different value: C:\Users\66405\.stmcufinder\plugins\mcufinder/ => C:\Users\66405\.stmcufinder\plugins\mcufinder
2024-03-20 15:53:39,039 [INFO] ApiDb:250 - Set database path to: C:\Users\66405\.stmcufinder\plugins\mcufinder//mcu/
2024-03-20 15:53:39,039 [WARN] DbFile:41 - Overriding database path with different value: C:\Users\66405\.stmcufinder\plugins\mcufinder/ => C:\Users\66405\.stmcufinder\plugins\mcufinder
2024-03-20 15:53:39,040 [INFO] DbMcusAds:125 - Set database path to: C:\Users\66405\.stmcufinder\plugins\mcufinder//mcu/
2024-03-20 15:53:39,040 [WARN] DbFile:41 - Overriding database path with different value: C:\Users\66405\.stmcufinder\plugins\mcufinder/ => C:\Users\66405\.stmcufinder\plugins\mcufinder
2024-03-20 15:53:39,040 [WARN] DbFile:41 - Overriding database path with different value: C:\Users\66405\.stmcufinder\plugins\mcufinder/ => C:\Users\66405\.stmcufinder\plugins\mcufinder
2024-03-20 15:53:39,040 [INFO] CrossReferenceDbSqlite:203 - Set database path to: C:\Users\66405\.stmcufinder\plugins\mcufinder//mcu/cs/
2024-03-20 15:53:39,171 [INFO] MainPanel:262 - HeapMemory: 268435456
2024-03-20 15:53:39,329 [INFO] DbMcusXml:78 - Set database path to: D:\STM32CubeIDE_1.13.0\STM32CubeIDE\plugins\com.st.stm32cube.common.mx_6.9.2.202309101412\\db\/mcu/
2024-03-20 15:53:39,329 [INFO] ApiDb:274 - Set plugin database path to: D:\STM32CubeIDE_1.13.0\STM32CubeIDE\plugins\com.st.stm32cube.common.mx_6.9.2.202309101412\\db\/plugins/boardmanager/
2024-03-20 15:53:39,329 [INFO] ApiDb:261 - Set plugin images path to: D:\STM32CubeIDE_1.13.0\STM32CubeIDE\plugins\com.st.stm32cube.common.mx_6.9.2.202309101412\\db\/plugins/mcufinder/images/
2024-03-20 15:53:39,330 [WARN] DbFile:41 - Overriding database path with different value: C:\Users\66405\.stmcufinder\plugins\mcufinder/ => C:\Users\66405\.stmcufinder\plugins\mcufinder
2024-03-20 15:53:39,330 [INFO] ApiDb:250 - Set database path to: C:\Users\66405\.stmcufinder\plugins\mcufinder//mcu/
2024-03-20 15:53:39,330 [WARN] DbFile:41 - Overriding database path with different value: C:\Users\66405\.stmcufinder\plugins\mcufinder/ => C:\Users\66405\.stmcufinder\plugins\mcufinder
2024-03-20 15:53:39,331 [INFO] DbMcusAds:125 - Set database path to: C:\Users\66405\.stmcufinder\plugins\mcufinder//mcu/
2024-03-20 15:53:39,331 [WARN] DbFile:41 - Overriding database path with different value: C:\Users\66405\.stmcufinder\plugins\mcufinder/ => C:\Users\66405\.stmcufinder\plugins\mcufinder
2024-03-20 15:53:39,331 [WARN] DbFile:41 - Overriding database path with different value: C:\Users\66405\.stmcufinder\plugins\mcufinder/ => C:\Users\66405\.stmcufinder\plugins\mcufinder
2024-03-20 15:53:39,331 [INFO] CrossReferenceDbSqlite:203 - Set database path to: C:\Users\66405\.stmcufinder\plugins\mcufinder//mcu/cs/
2024-03-20 15:53:39,362 [INFO] ApplicationProperties:184 - Using Application install path: D:\STM32CubeIDE_1.13.0\STM32CubeIDE\plugins\com.st.stm32cube.common.mx_6.9.2.202309101412
2024-03-20 15:53:39,364 [INFO] PluginManage:196 - Search for loadable plugins [exclusion list=, ]
2024-03-20 15:53:39,367 [INFO] PluginManage:310 - Check plugin analytics
2024-03-20 15:53:39,638 [INFO] AnalyticsPlugin:253 - Accepted Software Licenses: 
2024-03-20 15:53:39,638 [INFO] AnalyticsPlugin:255 - Accepted CMSIS Pack Licenses: 
2024-03-20 15:53:39,639 [INFO] AnalyticsPlugin:257 - Accepted Firmware Licenses: FW.L4.1.18.0
2024-03-20 15:53:39,644 [INFO] PluginManage:359 - Loaded plugin analytics (category:tool,tabindex:-1)
2024-03-20 15:53:39,645 [INFO] PluginManage:310 - Check plugin cadmodel
2024-03-20 15:53:39,654 [INFO] CADModel:105 - Init CAD model plugin
2024-03-20 15:53:39,655 [INFO] PluginManage:359 - Loaded plugin cadmodel (category:power,tabindex:5)
2024-03-20 15:53:39,656 [INFO] PluginManage:310 - Check plugin clock
2024-03-20 15:53:39,676 [INFO] PluginManage:359 - Loaded plugin clock (category:base,tabindex:2)
2024-03-20 15:53:39,677 [INFO] PluginManage:310 - Check plugin ddr
2024-03-20 15:53:39,681 [INFO] PluginManage:359 - Loaded plugin ddr (category:tool,tabindex:6)
2024-03-20 15:53:39,681 [INFO] PluginManage:310 - Check plugin filemanager
2024-03-20 15:53:39,890 [INFO] PluginManage:359 - Loaded plugin filemanager (category:base,tabindex:10)
2024-03-20 15:53:39,891 [INFO] PluginManage:310 - Check plugin ipmanager
2024-03-20 15:53:39,905 [INFO] PluginManage:359 - Loaded plugin ipmanager (category:base,tabindex:5)
2024-03-20 15:53:39,905 [INFO] PluginManage:310 - Check plugin lpbam
2024-03-20 15:53:39,918 [INFO] PluginManage:359 - Loaded plugin lpbam (category:base,tabindex:0)
2024-03-20 15:53:39,919 [INFO] PluginManage:310 - Check plugin memorymap
2024-03-20 15:53:39,943 [INFO] PluginManage:359 - Loaded plugin memorymap (category:base,tabindex:4)
2024-03-20 15:53:39,944 [INFO] PluginManage:310 - Check plugin pinoutandconfiguration
2024-03-20 15:53:39,957 [INFO] PluginManage:359 - Loaded plugin pinoutandconfiguration (category:base,tabindex:1)
2024-03-20 15:53:39,958 [INFO] PluginManage:310 - Check plugin pinoutconfig
2024-03-20 15:53:40,084 [WARN] SupportedApi:132 - Cannot load RTOS API schema: s4s-elt-must-match.1: The content of 'definitions' must match (annotation?, (simpleType | complexType)?, (unique | key | keyref)*)). A problem was found starting at: attribute.
2024-03-20 15:53:40,262 [INFO] PluginManage:359 - Loaded plugin pinoutconfig (category:base,tabindex:0)
2024-03-20 15:53:40,262 [INFO] PluginManage:310 - Check plugin power
2024-03-20 15:53:40,276 [INFO] PluginManage:359 - Loaded plugin power (category:power,tabindex:4)
2024-03-20 15:53:40,276 [INFO] PluginManage:310 - Check plugin projectmanager
2024-03-20 15:53:40,291 [INFO] PluginManage:359 - Loaded plugin projectmanager (category:projectmanager,tabindex:3)
2024-03-20 15:53:40,292 [INFO] PluginManage:310 - Check plugin thirdparty
2024-03-20 15:53:40,460 [INFO] PluginManage:359 - Loaded plugin thirdparty (category:base,tabindex:-1)
2024-03-20 15:53:40,459 [WARN] IntegrityCheckThread:84 - waiting for thirdparty lock release [integrity check]
2024-03-20 15:53:40,460 [INFO] PluginManage:310 - Check plugin tools
2024-03-20 15:53:40,460 [INFO] IntegrityCheckThread:86 - entering critical section [integrity check]
2024-03-20 15:53:40,461 [INFO] ThirdPartyUpdaterWithRetryManager:70 - Updater plugin not ready yet. [1/15]
2024-03-20 15:53:40,463 [INFO] PluginManage:359 - Loaded plugin tools (category:base,tabindex:7)
2024-03-20 15:53:40,464 [INFO] PluginManage:310 - Check plugin tutovideos
2024-03-20 15:53:40,677 [INFO] PluginManage:359 - Loaded plugin tutovideos (category:base,tabindex:-1)
2024-03-20 15:53:40,677 [INFO] PluginManage:310 - Check plugin updater
2024-03-20 15:53:40,692 [INFO] PluginManage:359 - Loaded plugin updater (category:base,tabindex:12)
2024-03-20 15:53:40,692 [INFO] PluginManage:310 - Check plugin userauth
2024-03-20 15:53:40,699 [INFO] UserAuth:113 - Init User Auth plugin
2024-03-20 15:53:40,700 [INFO] PluginManage:359 - Loaded plugin userauth (category:base,tabindex:14)
2024-03-20 15:53:40,700 [INFO] PluginManage:283 - PluginManage : Loaded plugins [17]
2024-03-20 15:53:40,984 [INFO] PinOutPanel:1499 - setPackage(No Configuration,No Configuration)
2024-03-20 15:53:41,115 [INFO] CADModel:165 - CPN selected for project level
2024-03-20 15:53:41,115 [INFO] CADModel:114 - Register for checkConnection events
2024-03-20 15:53:41,138 [INFO] IPUIPlugin:80 - create IPUIPlugin
2024-03-20 15:53:41,138 [INFO] PluginManager:220 - loadIPPluginJar : add adc
2024-03-20 15:53:41,141 [INFO] IPUIPlugin:80 - create IPUIPlugin
2024-03-20 15:53:41,141 [INFO] PluginManager:220 - loadIPPluginJar : add aes
2024-03-20 15:53:41,144 [INFO] IPUIPlugin:80 - create IPUIPlugin
2024-03-20 15:53:41,144 [INFO] PluginManager:220 - loadIPPluginJar : add can
2024-03-20 15:53:41,146 [INFO] IPUIPlugin:80 - create IPUIPlugin
2024-03-20 15:53:41,146 [INFO] PluginManager:220 - loadIPPluginJar : add comp
2024-03-20 15:53:41,149 [INFO] IPUIPlugin:80 - create IPUIPlugin
2024-03-20 15:53:41,149 [INFO] PluginManager:220 - loadIPPluginJar : add cryp
2024-03-20 15:53:41,153 [INFO] IPUIPlugin:80 - create IPUIPlugin
2024-03-20 15:53:41,153 [INFO] PluginManager:220 - loadIPPluginJar : add dfsdm
2024-03-20 15:53:41,160 [INFO] IPUIPlugin:80 - create IPUIPlugin
2024-03-20 15:53:41,160 [INFO] PluginManager:220 - loadIPPluginJar : add dma
2024-03-20 15:53:41,163 [INFO] IPUIPlugin:80 - create IPUIPlugin
2024-03-20 15:53:41,163 [INFO] PluginManager:220 - loadIPPluginJar : add dma3
2024-03-20 15:53:41,165 [INFO] IPUIPlugin:80 - create IPUIPlugin
2024-03-20 15:53:41,165 [INFO] PluginManager:220 - loadIPPluginJar : add fatfs
2024-03-20 15:53:41,171 [INFO] IPUIPlugin:80 - create IPUIPlugin
2024-03-20 15:53:41,171 [INFO] PluginManager:220 - loadIPPluginJar : add fmc
2024-03-20 15:53:41,178 [INFO] IPUIPlugin:80 - create IPUIPlugin
2024-03-20 15:53:41,179 [INFO] PluginManager:220 - loadIPPluginJar : add freertos
2024-03-20 15:53:41,181 [INFO] IPUIPlugin:80 - create IPUIPlugin
2024-03-20 15:53:41,181 [INFO] PluginManager:220 - loadIPPluginJar : add genericplugin
2024-03-20 15:53:41,184 [INFO] IPUIPlugin:80 - create IPUIPlugin
2024-03-20 15:53:41,184 [INFO] PluginManager:220 - loadIPPluginJar : add gfxmmu
2024-03-20 15:53:41,194 [INFO] IPUIPlugin:80 - create IPUIPlugin
2024-03-20 15:53:41,194 [INFO] PluginManager:220 - loadIPPluginJar : add gic
2024-03-20 15:53:41,199 [INFO] IPUIPlugin:80 - create IPUIPlugin
2024-03-20 15:53:41,199 [INFO] PluginManager:220 - loadIPPluginJar : add gpio
2024-03-20 15:53:41,203 [INFO] IPUIPlugin:80 - create IPUIPlugin
2024-03-20 15:53:41,203 [INFO] PluginManager:220 - loadIPPluginJar : add gtzc
2024-03-20 15:53:41,207 [INFO] IPUIPlugin:80 - create IPUIPlugin
2024-03-20 15:53:41,207 [INFO] PluginManager:220 - loadIPPluginJar : add hash
2024-03-20 15:53:41,210 [INFO] IPUIPlugin:80 - create IPUIPlugin
2024-03-20 15:53:41,210 [INFO] PluginManager:220 - loadIPPluginJar : add i2c
2024-03-20 15:53:41,214 [INFO] IPUIPlugin:80 - create IPUIPlugin
2024-03-20 15:53:41,214 [INFO] PluginManager:220 - loadIPPluginJar : add i2s
2024-03-20 15:53:41,217 [INFO] IPUIPlugin:80 - create IPUIPlugin
2024-03-20 15:53:41,218 [INFO] PluginManager:220 - loadIPPluginJar : add i3c
2024-03-20 15:53:41,223 [INFO] IPUIPlugin:80 - create IPUIPlugin
2024-03-20 15:53:41,223 [INFO] PluginManager:220 - loadIPPluginJar : add ipddr
2024-03-20 15:53:41,233 [INFO] IPUIPlugin:80 - create IPUIPlugin
2024-03-20 15:53:41,233 [INFO] PluginManager:220 - loadIPPluginJar : add linkedlist
2024-03-20 15:53:41,238 [INFO] IPUIPlugin:80 - create IPUIPlugin
2024-03-20 15:53:41,238 [INFO] PluginManager:220 - loadIPPluginJar : add lorawan
2024-03-20 15:53:41,241 [INFO] IPUIPlugin:80 - create IPUIPlugin
2024-03-20 15:53:41,241 [INFO] PluginManager:220 - loadIPPluginJar : add ltdc
2024-03-20 15:53:41,249 [INFO] IPUIPlugin:80 - create IPUIPlugin
2024-03-20 15:53:41,249 [INFO] PluginManager:220 - loadIPPluginJar : add mdma
2024-03-20 15:53:41,254 [INFO] IPUIPlugin:80 - create IPUIPlugin
2024-03-20 15:53:41,254 [INFO] PluginManager:220 - loadIPPluginJar : add nvic
2024-03-20 15:53:41,258 [INFO] IPUIPlugin:80 - create IPUIPlugin
2024-03-20 15:53:41,258 [INFO] PluginManager:220 - loadIPPluginJar : add opamp
2024-03-20 15:53:41,262 [INFO] IPUIPlugin:80 - create IPUIPlugin
2024-03-20 15:53:41,262 [INFO] PluginManager:220 - loadIPPluginJar : add openamp
2024-03-20 15:53:41,266 [INFO] IPUIPlugin:80 - create IPUIPlugin
2024-03-20 15:53:41,266 [INFO] PluginManager:220 - loadIPPluginJar : add pdm2pcm
2024-03-20 15:53:41,274 [INFO] IPUIPlugin:80 - create IPUIPlugin
2024-03-20 15:53:41,276 [INFO] PluginManager:220 - loadIPPluginJar : add plateformsettings
2024-03-20 15:53:41,278 [INFO] IPUIPlugin:80 - create IPUIPlugin
2024-03-20 15:53:41,278 [INFO] PluginManager:220 - loadIPPluginJar : add quadspi
2024-03-20 15:53:41,283 [INFO] IPUIPlugin:80 - create IPUIPlugin
2024-03-20 15:53:41,283 [INFO] PluginManager:220 - loadIPPluginJar : add resmgrutility
2024-03-20 15:53:41,288 [INFO] IPUIPlugin:80 - create IPUIPlugin
2024-03-20 15:53:41,288 [INFO] PluginManager:220 - loadIPPluginJar : add sai
2024-03-20 15:53:41,292 [INFO] IPUIPlugin:80 - create IPUIPlugin
2024-03-20 15:53:41,292 [INFO] PluginManager:220 - loadIPPluginJar : add spi
2024-03-20 15:53:41,297 [INFO] IPUIPlugin:80 - create IPUIPlugin
2024-03-20 15:53:41,297 [INFO] PluginManager:220 - loadIPPluginJar : add stm32_wpan
2024-03-20 15:53:41,299 [INFO] IPUIPlugin:80 - create IPUIPlugin
2024-03-20 15:53:41,299 [INFO] PluginManager:220 - loadIPPluginJar : add tim
2024-03-20 15:53:41,306 [INFO] IPUIPlugin:80 - create IPUIPlugin
2024-03-20 15:53:41,306 [INFO] PluginManager:220 - loadIPPluginJar : add touchsensing
2024-03-20 15:53:41,309 [INFO] IPUIPlugin:80 - create IPUIPlugin
2024-03-20 15:53:41,309 [INFO] PluginManager:220 - loadIPPluginJar : add tracer_emb
2024-03-20 15:53:41,314 [INFO] IPUIPlugin:80 - create IPUIPlugin
2024-03-20 15:53:41,314 [INFO] PluginManager:220 - loadIPPluginJar : add ts
2024-03-20 15:53:41,317 [INFO] IPUIPlugin:80 - create IPUIPlugin
2024-03-20 15:53:41,317 [INFO] PluginManager:220 - loadIPPluginJar : add tsc
2024-03-20 15:53:41,320 [INFO] IPUIPlugin:80 - create IPUIPlugin
2024-03-20 15:53:41,320 [INFO] PluginManager:220 - loadIPPluginJar : add ucpd
2024-03-20 15:53:41,324 [INFO] IPUIPlugin:80 - create IPUIPlugin
2024-03-20 15:53:41,324 [INFO] PluginManager:220 - loadIPPluginJar : add usart
2024-03-20 15:53:41,327 [INFO] IPUIPlugin:80 - create IPUIPlugin
2024-03-20 15:53:41,328 [INFO] PluginManager:220 - loadIPPluginJar : add usbx
2024-03-20 15:53:41,477 [INFO] CADModel:165 - CPN selected for project level
2024-03-20 15:53:41,477 [INFO] CADModel:114 - Register for checkConnection events
2024-03-20 15:53:41,477 [FATAL] Updater:308 - Updater called before beeing initialized
2024-03-20 15:53:41,477 [ERROR] CADModel:125 - Updater not yet initialized, retry later 
2024-03-20 15:53:41,637 [INFO] CADModel:165 - CPN selected for project level
2024-03-20 15:53:41,637 [INFO] CADModel:114 - Register for checkConnection events
2024-03-20 15:53:41,638 [FATAL] Updater:308 - Updater called before beeing initialized
2024-03-20 15:53:41,638 [ERROR] CADModel:125 - Updater not yet initialized, retry later 
2024-03-20 15:53:41,642 [FATAL] Updater:308 - Updater called before beeing initialized
2024-03-20 15:53:41,784 [FATAL] Updater:308 - Updater called before beeing initialized
2024-03-20 15:53:41,792 [INFO] DbMcusAds:53 - JSON generation date=Tue Mar 07 08:50:55 GMT 2023 (1678179055335)
2024-03-20 15:53:41,792 [FATAL] Updater:308 - Updater called before beeing initialized
2024-03-20 15:53:41,842 [WARN] DetailPanel:346 - Failed to get advertising image, set to default
2024-03-20 15:53:41,937 [FATAL] Updater:308 - Updater called before beeing initialized
2024-03-20 15:53:41,939 [FATAL] Updater:308 - Updater called before beeing initialized
2024-03-20 15:53:41,940 [FATAL] Updater:308 - Updater called before beeing initialized
2024-03-20 15:53:41,940 [WARN] DetailPanel:346 - Failed to get advertising image, set to default
2024-03-20 15:53:41,940 [FATAL] Updater:308 - Updater called before beeing initialized
2024-03-20 15:53:41,993 [ERROR] Updater:1120 - MainUpdater not yet initialized. External WinMGr cannot be set.
2024-03-20 15:53:41,995 [INFO] Updater:1056 - Updater Version found : 6.9.2
2024-03-20 15:53:42,018 [INFO] ApplicationProperties:184 - Using Application install path: D:\STM32CubeIDE_1.13.0\STM32CubeIDE\plugins\com.st.stm32cube.common.mx_6.9.2.202309101412
2024-03-20 15:53:42,560 [INFO] MainUpdater:2868 - connection check result : 10
2024-03-20 15:53:42,560 [INFO] MainUpdater:3562 - Updater definition file requires update
2024-03-20 15:53:42,561 [INFO] MainUpdater:285 - Updater Check For Update Now.
2024-03-20 15:53:42,562 [INFO] MicroXplorer:498 - Change Database Version : DB.6.0.92
2024-03-20 15:53:42,567 [INFO] McuFinderGlobals:63 - Set McuFinder mode to 2 (CubeIDE integrated)
2024-03-20 15:53:42,652 [INFO] ServerAccessManage:473 - Download File updaters.zip
2024-03-20 15:53:42,726 [INFO] FileExtend:240 - Unzip File : updaters.zip
2024-03-20 15:53:42,727 [INFO] FileExtend:255 - Standard Zip Deflate
2024-03-20 15:53:43,229 [INFO] ServerAccessManage:473 - Download File PacksControlFlags.xml
2024-03-20 15:53:43,369 [INFO] ServerAccessManage:473 - Download File cubemx.pidx
2024-03-20 15:53:43,462 [WARN] MainUpdater:1189 - Updater busy. Cannot search thirdparties
2024-03-20 15:53:43,463 [INFO] ThirdPartyUpdaterWithRetryManager:96 - Updater plugin is busy. [1/15]
2024-03-20 15:53:43,797 [INFO] ServerAccessManage:473 - Download File STMicroelectronics.FP-SNS-MOTENVWB1.pdsc
2024-03-20 15:53:44,164 [INFO] ServerAccessManage:473 - Download File STMicroelectronics.X-CUBE-BLEMGR.pdsc
2024-03-20 15:53:45,087 [INFO] ServerAccessManage:473 - Download File STMicroelectronics.X-CUBE-EEPRMA1.pdsc
2024-03-20 15:53:45,398 [ERROR] ServerAccessManage:1089 - Problem, file not found on Server
2024-03-20 15:53:45,778 [ERROR] ServerAccessManage:1089 - Problem, file not found on Server
2024-03-20 15:53:46,281 [INFO] ServerAccessManage:473 - Download File STMicroelectronics.X-CUBE-ISPU.pdsc
2024-03-20 15:53:46,463 [WARN] MainUpdater:1189 - Updater busy. Cannot search thirdparties
2024-03-20 15:53:46,463 [INFO] ThirdPartyUpdaterWithRetryManager:96 - Updater plugin is busy. [2/15]
2024-03-20 15:53:46,874 [INFO] ServerAccessManage:473 - Download File STMicroelectronics.X-CUBE-NFC6.pdsc
2024-03-20 15:53:47,439 [INFO] ServerAccessManage:473 - Download File STMicroelectronics.X-CUBE-TOF1.pdsc
2024-03-20 15:53:48,557 [ERROR] ServerAccessManage:1089 - Problem, file not found on Server
2024-03-20 15:53:48,798 [INFO] ServerAccessManage:473 - Download File STMicroelectronics.X-CUBE-TOUCHGFX.pdsc
2024-03-20 15:53:49,465 [WARN] MainUpdater:1189 - Updater busy. Cannot search thirdparties
2024-03-20 15:53:49,465 [INFO] ThirdPartyUpdaterWithRetryManager:96 - Updater plugin is busy. [3/15]
2024-03-20 15:53:51,191 [INFO] ServerAccessManage:473 - Download File STMicroelectronics.X-CUBE-AZRTOS-H7.pdsc
2024-03-20 15:53:52,429 [WARN] PackLoader:240 - Cannot read IP mode file for STMicroelectronics.FP-SNS-MOTENVWB1.1.3.1
2024-03-20 15:53:52,446 [WARN] PackLoader:240 - Cannot read IP mode file for STMicroelectronics.X-CUBE-BLEMGR.3.1.0
2024-03-20 15:53:52,459 [WARN] PackLoader:240 - Cannot read IP mode file for STMicroelectronics.X-CUBE-EEPRMA1.5.1.0
2024-03-20 15:53:52,466 [WARN] PackLoader:240 - Cannot read IP mode file for STMicroelectronics.X-CUBE-ISPU.2.0.0
2024-03-20 15:53:52,467 [WARN] MainUpdater:1189 - Updater busy. Cannot search thirdparties
2024-03-20 15:53:52,467 [INFO] ThirdPartyUpdaterWithRetryManager:96 - Updater plugin is busy. [4/15]
2024-03-20 15:53:52,475 [WARN] PackLoader:240 - Cannot read IP mode file for STMicroelectronics.X-CUBE-NFC6.3.1.0
2024-03-20 15:53:52,490 [WARN] PackLoader:240 - Cannot read IP mode file for STMicroelectronics.X-CUBE-TOF1.3.4.1
2024-03-20 15:53:52,508 [WARN] PackLoader:240 - Cannot read IP mode file for STMicroelectronics.X-CUBE-TOUCHGFX.4.23.0
2024-03-20 15:53:52,534 [WARN] PackLoader:240 - Cannot read IP mode file for STMicroelectronics.X-CUBE-AZRTOS-H7.3.2.0
2024-03-20 15:53:52,539 [INFO] PopulateThirdPartyThread:66 - Ending populate Thread
2024-03-20 15:53:52,542 [INFO] ThirdParty:1030 - CMSIS Pack Vendor :STMicroelectronics X-CUBE-EEPRMA1 5.1.0
2024-03-20 15:53:52,542 [INFO] ThirdParty:1030 - CMSIS Pack Vendor :STMicroelectronics X-CUBE-BLEMGR 3.1.0
2024-03-20 15:53:52,542 [INFO] ThirdParty:1030 - CMSIS Pack Vendor :STMicroelectronics FP-SNS-MOTENVWB1 1.3.1
2024-03-20 15:53:52,542 [INFO] ThirdParty:1030 - CMSIS Pack Vendor :STMicroelectronics X-CUBE-TOUCHGFX 4.23.0
2024-03-20 15:53:52,542 [INFO] ThirdParty:1030 - CMSIS Pack Vendor :STMicroelectronics X-CUBE-TOF1 3.4.1
2024-03-20 15:53:52,542 [INFO] ThirdParty:1030 - CMSIS Pack Vendor :STMicroelectronics X-CUBE-AZRTOS-H7 3.2.0
2024-03-20 15:53:52,542 [INFO] ThirdParty:1030 - CMSIS Pack Vendor :STMicroelectronics X-CUBE-ISPU 2.0.0
2024-03-20 15:53:52,542 [INFO] ThirdParty:1030 - CMSIS Pack Vendor :STMicroelectronics X-CUBE-NFC6 3.1.0
2024-03-20 15:53:52,543 [INFO] LoadServerUpdatesThread:373 - End of LoadServerUpdate Thread
2024-03-20 15:53:52,545 [INFO] CheckServerUpdateThread:120 - End of CheckServer Thread
2024-03-20 15:53:55,704 [WARN] PackLoader:240 - Cannot read IP mode file for STMicroelectronics.X-CUBE-SMBUS.2.1.0
2024-03-20 15:53:55,709 [WARN] PackLoader:240 - Cannot read IP mode file for STMicroelectronics.X-CUBE-TOUCHGFX.4.23.0
2024-03-20 15:53:55,727 [WARN] PackLoader:240 - Cannot read IP mode file for STMicroelectronics.X-CUBE-AZRTOS-F7.1.1.0
2024-03-20 15:53:55,738 [WARN] PackLoader:240 - Cannot read IP mode file for STMicroelectronics.FP-SNS-MOTENV1.4.3.2
2024-03-20 15:53:55,749 [WARN] PackLoader:240 - Cannot read IP mode file for STMicroelectronics.X-CUBE-BLE1.6.2.4
2024-03-20 15:53:55,756 [WARN] PackLoader:240 - Cannot read IP mode file for STMicroelectronics.FP-SNS-FLIGHT1.5.0.2
2024-03-20 15:53:55,764 [WARN] PackLoader:240 - Cannot read IP mode file for STMicroelectronics.X-CUBE-DISPLAY.3.0.0
2024-03-20 15:53:55,773 [WARN] PackLoader:240 - Cannot read IP mode file for STMicroelectronics.X-CUBE-BLE1.7.0.0
2024-03-20 15:53:55,780 [WARN] PackLoader:240 - Cannot read IP mode file for emotas.I-CUBE-CANOPEN.1.3.0
2024-03-20 15:53:55,785 [WARN] PackLoader:240 - Cannot read IP mode file for STMicroelectronics.X-CUBE-TOUCHGFX.4.22.0
2024-03-20 15:53:55,790 [WARN] PackLoader:240 - Cannot read IP mode file for STMicroelectronics.X-CUBE-TOUCHGFX.4.22.1
2024-03-20 15:53:55,800 [WARN] PackLoader:240 - Cannot read IP mode file for STMicroelectronics.X-CUBE-BLEMGR.3.1.0
2024-03-20 15:53:55,811 [WARN] PackLoader:240 - Cannot read IP mode file for STMicroelectronics.FP-SNS-SMARTAG2.1.2.0
2024-03-20 15:53:55,822 [INFO] LogOutputStream:77 - [STDOUT_REDIRECT] 1 : Invalid condition id : UX_CORESTACK_Condition cause : null
2024-03-20 15:53:55,823 [INFO] LogOutputStream:77 - [STDOUT_REDIRECT] 1 : Invalid condition id : UX_CORESTACK_Condition cause : null
2024-03-20 15:53:55,824 [INFO] LogOutputStream:77 - [STDOUT_REDIRECT] 1 : Invalid condition id : UX_CORESTACK_Condition cause : null
2024-03-20 15:53:55,825 [INFO] LogOutputStream:77 - [STDOUT_REDIRECT] 1 : Invalid condition id : UX_CORESTACK_Condition cause : null
2024-03-20 15:53:55,826 [INFO] LogOutputStream:77 - [STDOUT_REDIRECT] 1 : Invalid condition id : UX_CORESTACK_Condition cause : null
2024-03-20 15:53:55,828 [WARN] PackLoader:240 - Cannot read IP mode file for STMicroelectronics.X-CUBE-AZRTOS-WL.2.0.0
2024-03-20 15:53:55,837 [WARN] PackLoader:240 - Cannot read IP mode file for WES.I-CUBE-Cesium.1.3.0
2024-03-20 15:53:55,844 [WARN] PackLoader:240 - Cannot read IP mode file for STMicroelectronics.X-CUBE-BLE2.3.3.0
2024-03-20 15:53:55,853 [WARN] PackLoader:240 - Cannot read IP mode file for STMicroelectronics.X-CUBE-ALGOBUILD.1.3.0
2024-03-20 15:53:55,866 [WARN] PackLoader:240 - Cannot read IP mode file for STMicroelectronics.X-CUBE-AZRTOS-G0.1.1.0
2024-03-20 15:53:55,875 [WARN] PackLoader:240 - Cannot read IP mode file for STMicroelectronics.X-CUBE-NFC4.3.0.0
2024-03-20 15:53:55,882 [WARN] PackLoader:240 - Cannot read IP mode file for STMicroelectronics.X-CUBE-BLEMGR.3.0.0
2024-03-20 15:53:55,890 [WARN] PackLoader:240 - Cannot read IP mode file for STMicroelectronics.FP-ATR-SIGFOX1.3.2.0
2024-03-20 15:53:55,898 [WARN] PackLoader:240 - Cannot read IP mode file for STMicroelectronics.X-CUBE-EEPRMA1.5.1.0
2024-03-20 15:53:55,935 [WARN] PackLoader:240 - Cannot read IP mode file for SEGGER.I-CUBE-embOS.1.3.1
2024-03-20 15:53:55,978 [WARN] PackLoader:240 - Cannot read IP mode file for STMicroelectronics.X-CUBE-GNSS1.6.0.0
2024-03-20 15:53:55,993 [WARN] PackLoader:240 - Cannot read IP mode file for STMicroelectronics.X-CUBE-AZRTOS-F4.1.1.0
2024-03-20 15:53:56,002 [WARN] PackLoader:240 - Cannot read IP mode file for wolfSSL.I-CUBE-wolfSSL.5.6.3
2024-03-20 15:53:56,006 [ERROR] LogOutputStream:75 - [STDERR_REDIRECT] SLF4J: Failed to load class "org.slf4j.impl.StaticLoggerBinder".
2024-03-20 15:53:56,007 [ERROR] LogOutputStream:75 - [STDERR_REDIRECT] SLF4J: Defaulting to no-operation (NOP) logger implementation
2024-03-20 15:53:56,008 [ERROR] LogOutputStream:75 - [STDERR_REDIRECT] SLF4J: See http://www.slf4j.org/codes.html#StaticLoggerBinder for further details.
2024-03-20 15:53:56,016 [WARN] PackLoader:240 - Cannot read IP mode file for STMicroelectronics.X-CUBE-AZRTOS-L5.2.0.0
2024-03-20 15:53:56,058 [WARN] PackLoader:240 - Cannot read IP mode file for STMicroelectronics.X-CUBE-MEMS1.9.6.0
2024-03-20 15:53:56,207 [WARN] PackLoader:240 - Cannot read IP mode file for STMicroelectronics.X-CUBE-EEPRMA1.4.2.0
2024-03-20 15:53:56,216 [WARN] PackLoader:240 - Cannot read IP mode file for STMicroelectronics.X-CUBE-NFC6.3.1.0
2024-03-20 15:53:56,226 [WARN] PackLoader:240 - Cannot read IP mode file for ITTIA_DB.I-CUBE-ITTIADB.8.8.0
2024-03-20 15:53:56,233 [WARN] PackLoader:240 - Cannot read IP mode file for STMicroelectronics.X-CUBE-BLEMGR.2.0.0
2024-03-20 15:53:56,249 [WARN] ConditionMgr:438 - getConditionDescription Invalid condition id : UX DEVICE CLASS RTOS Condition cause : null
2024-03-20 15:53:56,249 [WARN] ConditionMgr:438 - getConditionDescription Invalid condition id : UX DEVICE CLASS RTOS Condition cause : null
2024-03-20 15:53:56,252 [WARN] PackLoader:240 - Cannot read IP mode file for STMicroelectronics.X-CUBE-AZRTOS-H7.3.1.0
2024-03-20 15:53:56,253 [WARN] ConditionMgr:1039 - genDependencies : Invalid condition id : UX DEVICE CLASS RTOS Condition cause : null
2024-03-20 15:53:56,254 [WARN] ConditionMgr:1039 - genDependencies : Invalid condition id : UX DEVICE CLASS RTOS Condition cause : null
2024-03-20 15:53:56,254 [WARN] ConditionMgr:1039 - genDependencies : Invalid condition id : UX DEVICE CLASS RTOS Condition cause : null
2024-03-20 15:53:56,254 [WARN] ConditionMgr:1039 - genDependencies : Invalid condition id : UX DEVICE CLASS RTOS Condition cause : null
2024-03-20 15:53:56,255 [WARN] ConditionMgr:1039 - genDependencies : Invalid condition id : UX DEVICE CLASS RTOS Condition cause : null
2024-03-20 15:53:56,262 [WARN] PackLoader:240 - Cannot read IP mode file for STMicroelectronics.X-CUBE-NFC7.1.0.1
2024-03-20 15:53:56,268 [WARN] PackLoader:240 - Cannot read IP mode file for STMicroelectronics.X-CUBE-NFC6.3.0.0
2024-03-20 15:53:56,277 [WARN] PackLoader:240 - Cannot read IP mode file for STMicroelectronics.X-CUBE-EEPRMA1.4.1.0
2024-03-20 15:53:56,294 [WARN] PackLoader:240 - Cannot read IP mode file for STMicroelectronics.X-CUBE-AI.8.1.0
2024-03-20 15:53:56,314 [WARN] ConditionMgr:438 - getConditionDescription Invalid condition id : LAN8742 Phy interface Condition cause : null
2024-03-20 15:53:56,315 [WARN] PackLoader:240 - Cannot read IP mode file for STMicroelectronics.X-CUBE-AZRTOS-L4.2.0.0
2024-03-20 15:53:56,316 [WARN] ConditionMgr:1039 - genDependencies : Invalid condition id : LAN8742 Phy interface Condition cause : null
2024-03-20 15:53:56,317 [WARN] ConditionMgr:1039 - genDependencies : Invalid condition id : LAN8742 Phy interface Condition cause : null
2024-03-20 15:53:56,317 [WARN] ConditionMgr:1039 - genDependencies : Invalid condition id : LAN8742 Phy interface Condition cause : null
2024-03-20 15:53:56,327 [WARN] PackLoader:240 - Cannot read IP mode file for STMicroelectronics.X-CUBE-SFXS2LP1.4.0.0
2024-03-20 15:53:56,335 [WARN] PackLoader:240 - Cannot read IP mode file for STMicroelectronics.X-CUBE-ISPU.1.1.0
2024-03-20 15:53:56,349 [WARN] ConditionMgr:438 - getConditionDescription Invalid condition id : UX DEVICE CLASS RTOS Condition cause : null
2024-03-20 15:53:56,350 [WARN] ConditionMgr:438 - getConditionDescription Invalid condition id : UX DEVICE CLASS RTOS Condition cause : null
2024-03-20 15:53:56,351 [WARN] PackLoader:240 - Cannot read IP mode file for STMicroelectronics.X-CUBE-AZRTOS-WB.2.0.0
2024-03-20 15:53:56,353 [WARN] ConditionMgr:1039 - genDependencies : Invalid condition id : UX DEVICE CLASS RTOS Condition cause : null
2024-03-20 15:53:56,353 [WARN] ConditionMgr:1039 - genDependencies : Invalid condition id : UX DEVICE CLASS RTOS Condition cause : null
2024-03-20 15:53:56,353 [WARN] ConditionMgr:1039 - genDependencies : Invalid condition id : UX DEVICE CLASS RTOS Condition cause : null
2024-03-20 15:53:56,353 [WARN] ConditionMgr:1039 - genDependencies : Invalid condition id : UX DEVICE CLASS RTOS Condition cause : null
2024-03-20 15:53:56,353 [WARN] ConditionMgr:1039 - genDependencies : Invalid condition id : UX DEVICE CLASS RTOS Condition cause : null
2024-03-20 15:53:56,376 [WARN] PackLoader:240 - Cannot read IP mode file for STMicroelectronics.X-CUBE-FREERTOS.1.0.1
2024-03-20 15:53:56,395 [WARN] PackLoader:240 - Cannot read IP mode file for STMicroelectronics.X-CUBE-AZRTOS-L5.1.1.0
2024-03-20 15:53:56,406 [WARN] PackLoader:240 - Cannot read IP mode file for STMicroelectronics.X-CUBE-AI.8.0.1
2024-03-20 15:53:56,418 [WARN] PackLoader:240 - Cannot read IP mode file for STMicroelectronics.X-CUBE-SUBG2.5.0.0
2024-03-20 15:53:56,436 [WARN] PackLoader:240 - Cannot read IP mode file for STMicroelectronics.X-CUBE-TOF1.3.3.1
2024-03-20 15:53:56,460 [WARN] PackLoader:240 - Cannot read IP mode file for STMicroelectronics.X-CUBE-AZRTOS-G4.2.0.0
2024-03-20 15:53:56,477 [WARN] PackLoader:240 - Cannot read IP mode file for Infineon.AIROC-Wi-Fi-Bluetooth-STM32.1.5.1
2024-03-20 15:53:56,485 [WARN] PackLoader:240 - Cannot read IP mode file for STMicroelectronics.FP-SNS-MOTENVWB1.1.3.0
2024-03-20 15:53:56,491 [WARN] PackLoader:240 - Cannot read IP mode file for STMicroelectronics.FP-SNS-MOTENVWB1.1.3.1
2024-03-20 15:53:56,496 [WARN] PackLoader:240 - Cannot read IP mode file for STMicroelectronics.X-CUBE-ISPU.2.0.0
2024-03-20 15:53:56,537 [WARN] PackLoader:240 - Cannot read IP mode file for STMicroelectronics.X-CUBE-MEMS1.10.0.0
2024-03-20 15:53:56,641 [WARN] PackLoader:240 - Cannot read IP mode file for STMicroelectronics.X-CUBE-FREERTOS.1.1.0
2024-03-20 15:53:56,647 [WARN] PackLoader:240 - Cannot read IP mode file for portGmbH.I-Cube-SoM-uGOAL.1.1.0
2024-03-20 15:53:56,653 [WARN] PackLoader:240 - Cannot read IP mode file for STMicroelectronics.X-CUBE-ALS.1.0.1
2024-03-20 15:53:56,665 [WARN] PackLoader:240 - Cannot read IP mode file for STMicroelectronics.X-CUBE-AZRTOS-WB.1.1.0
2024-03-20 15:53:56,672 [WARN] PackLoader:240 - Cannot read IP mode file for STMicroelectronics.FP-ATR-ASTRA1.2.0.0
2024-03-20 15:53:56,681 [WARN] PackLoader:240 - Cannot read IP mode file for STMicroelectronics.X-CUBE-TOF1.3.4.1
2024-03-20 15:53:56,707 [WARN] PackLoader:240 - Cannot read IP mode file for STMicroelectronics.X-CUBE-AZRTOS-H7.3.2.0
2024-03-20 15:53:56,711 [INFO] ThirdParty:978 - Integrity check success = true
2024-03-20 15:53:56,711 [INFO] IntegrityCheckThread:100 - exiting critical section [integrity check]
2024-03-20 15:53:56,711 [INFO] IntegrityCheckThread:103 - End integrity checks thread
