2024-09-27 18:51:27,205 [INFO] Activator:176 - 


2024-09-27 18:51:27,212 [INFO] Activator:177 - !SESSION log4j initialized
2024-09-27 18:51:33,287 [INFO] LogOutputStream:77 - [STDOUT_REDIRECT] 
2024-09-27 18:51:35,899 [INFO] ApplicationProperties:184 - Using Application install path: D:\STM32CubeIDE_1.13.0\STM32CubeIDE\plugins\com.st.stm32cube.common.mx_6.11.0.202403141607
2024-09-27 18:51:35,921 [INFO] DbMcusXml:78 - Set database path to: D:\STM32CubeIDE_1.13.0\STM32CubeIDE\plugins\com.st.stm32cube.common.mx_6.11.0.202403141607\\db\/mcu/
2024-09-27 18:51:35,921 [INFO] ApiDb:274 - Set plugin database path to: D:\STM32CubeIDE_1.13.0\STM32CubeIDE\plugins\com.st.stm32cube.common.mx_6.11.0.202403141607\\db\/plugins/boardmanager/
2024-09-27 18:51:35,922 [WARN] ApiDb:259 - Overriding images path with different value:  => D:\STM32CubeIDE_1.13.0\STM32CubeIDE\plugins\com.st.stm32cube.common.mx_6.11.0.202403141607\\db\/plugins/mcufinder/images/
2024-09-27 18:51:35,934 [INFO] ApiDb:250 - Set database path to: C:\Users\66405\.stmcufinder\plugins\mcufinder//mcu/
2024-09-27 18:51:35,935 [INFO] DbMcusAds:125 - Set database path to: C:\Users\66405\.stmcufinder\plugins\mcufinder//mcu/
2024-09-27 18:51:35,937 [INFO] CrossReferenceDbSqlite:203 - Set database path to: C:\Users\66405\.stmcufinder\plugins\mcufinder//mcu/cs/
2024-09-27 18:51:36,068 [INFO] RulesReader:64 - Compatibility file has been processed (297 Rules)
2024-09-27 18:51:36,184 [INFO] DbMcusXml:78 - Set database path to: D:\STM32CubeIDE_1.13.0\STM32CubeIDE\plugins\com.st.stm32cube.common.mx_6.11.0.202403141607\\db\/mcu/
2024-09-27 18:51:36,184 [INFO] ApiDb:274 - Set plugin database path to: D:\STM32CubeIDE_1.13.0\STM32CubeIDE\plugins\com.st.stm32cube.common.mx_6.11.0.202403141607\\db\/plugins/boardmanager/
2024-09-27 18:51:36,184 [INFO] ApiDb:261 - Set plugin images path to: D:\STM32CubeIDE_1.13.0\STM32CubeIDE\plugins\com.st.stm32cube.common.mx_6.11.0.202403141607\\db\/plugins/mcufinder/images/
2024-09-27 18:51:36,184 [WARN] DbFile:41 - Overriding database path with different value: C:\Users\66405\.stmcufinder\plugins\mcufinder/ => C:\Users\66405\.stmcufinder\plugins\mcufinder
2024-09-27 18:51:36,184 [INFO] ApiDb:250 - Set database path to: C:\Users\66405\.stmcufinder\plugins\mcufinder//mcu/
2024-09-27 18:51:36,185 [WARN] DbFile:41 - Overriding database path with different value: C:\Users\66405\.stmcufinder\plugins\mcufinder/ => C:\Users\66405\.stmcufinder\plugins\mcufinder
2024-09-27 18:51:36,185 [INFO] DbMcusAds:125 - Set database path to: C:\Users\66405\.stmcufinder\plugins\mcufinder//mcu/
2024-09-27 18:51:36,185 [WARN] DbFile:41 - Overriding database path with different value: C:\Users\66405\.stmcufinder\plugins\mcufinder/ => C:\Users\66405\.stmcufinder\plugins\mcufinder
2024-09-27 18:51:36,185 [WARN] DbFile:41 - Overriding database path with different value: C:\Users\66405\.stmcufinder\plugins\mcufinder/ => C:\Users\66405\.stmcufinder\plugins\mcufinder
2024-09-27 18:51:36,185 [INFO] CrossReferenceDbSqlite:203 - Set database path to: C:\Users\66405\.stmcufinder\plugins\mcufinder//mcu/cs/
2024-09-27 18:51:36,301 [INFO] MainPanel:264 - HeapMemory: 268435456
2024-09-27 18:51:36,441 [INFO] DbMcusXml:78 - Set database path to: D:\STM32CubeIDE_1.13.0\STM32CubeIDE\plugins\com.st.stm32cube.common.mx_6.11.0.202403141607\\db\/mcu/
2024-09-27 18:51:36,442 [INFO] ApiDb:274 - Set plugin database path to: D:\STM32CubeIDE_1.13.0\STM32CubeIDE\plugins\com.st.stm32cube.common.mx_6.11.0.202403141607\\db\/plugins/boardmanager/
2024-09-27 18:51:36,442 [INFO] ApiDb:261 - Set plugin images path to: D:\STM32CubeIDE_1.13.0\STM32CubeIDE\plugins\com.st.stm32cube.common.mx_6.11.0.202403141607\\db\/plugins/mcufinder/images/
2024-09-27 18:51:36,443 [WARN] DbFile:41 - Overriding database path with different value: C:\Users\66405\.stmcufinder\plugins\mcufinder/ => C:\Users\66405\.stmcufinder\plugins\mcufinder
2024-09-27 18:51:36,443 [INFO] ApiDb:250 - Set database path to: C:\Users\66405\.stmcufinder\plugins\mcufinder//mcu/
2024-09-27 18:51:36,443 [WARN] DbFile:41 - Overriding database path with different value: C:\Users\66405\.stmcufinder\plugins\mcufinder/ => C:\Users\66405\.stmcufinder\plugins\mcufinder
2024-09-27 18:51:36,443 [INFO] DbMcusAds:125 - Set database path to: C:\Users\66405\.stmcufinder\plugins\mcufinder//mcu/
2024-09-27 18:51:36,443 [WARN] DbFile:41 - Overriding database path with different value: C:\Users\66405\.stmcufinder\plugins\mcufinder/ => C:\Users\66405\.stmcufinder\plugins\mcufinder
2024-09-27 18:51:36,443 [WARN] DbFile:41 - Overriding database path with different value: C:\Users\66405\.stmcufinder\plugins\mcufinder/ => C:\Users\66405\.stmcufinder\plugins\mcufinder
2024-09-27 18:51:36,443 [INFO] CrossReferenceDbSqlite:203 - Set database path to: C:\Users\66405\.stmcufinder\plugins\mcufinder//mcu/cs/
2024-09-27 18:51:36,466 [INFO] ApplicationProperties:184 - Using Application install path: D:\STM32CubeIDE_1.13.0\STM32CubeIDE\plugins\com.st.stm32cube.common.mx_6.11.0.202403141607
2024-09-27 18:51:36,468 [INFO] PluginManage:196 - Search for loadable plugins [exclusion list=, ]
2024-09-27 18:51:36,470 [INFO] PluginManage:310 - Check plugin analytics
2024-09-27 18:51:36,685 [INFO] AnalyticsPlugin:253 - Accepted Software Licenses: 
2024-09-27 18:51:36,686 [INFO] AnalyticsPlugin:255 - Accepted CMSIS Pack Licenses: 
2024-09-27 18:51:36,686 [INFO] AnalyticsPlugin:257 - Accepted Firmware Licenses: FW.L4.1.18.0
2024-09-27 18:51:36,689 [INFO] PluginManage:359 - Loaded plugin analytics (category:tool,tabindex:-1)
2024-09-27 18:51:36,690 [INFO] PluginManage:310 - Check plugin cadmodel
2024-09-27 18:51:36,698 [INFO] CADModel:105 - Init CAD model plugin
2024-09-27 18:51:36,698 [INFO] PluginManage:359 - Loaded plugin cadmodel (category:power,tabindex:5)
2024-09-27 18:51:36,699 [INFO] PluginManage:310 - Check plugin clock
2024-09-27 18:51:36,715 [INFO] PluginManage:359 - Loaded plugin clock (category:base,tabindex:2)
2024-09-27 18:51:36,715 [INFO] PluginManage:310 - Check plugin ddr
2024-09-27 18:51:36,718 [INFO] PluginManage:359 - Loaded plugin ddr (category:tool,tabindex:6)
2024-09-27 18:51:36,718 [INFO] PluginManage:310 - Check plugin filemanager
2024-09-27 18:51:36,906 [INFO] PluginManage:359 - Loaded plugin filemanager (category:base,tabindex:10)
2024-09-27 18:51:36,906 [INFO] PluginManage:310 - Check plugin ipmanager
2024-09-27 18:51:36,922 [INFO] PluginManage:359 - Loaded plugin ipmanager (category:base,tabindex:5)
2024-09-27 18:51:36,923 [INFO] PluginManage:310 - Check plugin lpbam
2024-09-27 18:51:36,936 [INFO] PluginManage:359 - Loaded plugin lpbam (category:base,tabindex:0)
2024-09-27 18:51:36,936 [INFO] PluginManage:310 - Check plugin memorymap
2024-09-27 18:51:36,964 [INFO] PluginManage:359 - Loaded plugin memorymap (category:base,tabindex:4)
2024-09-27 18:51:36,964 [INFO] PluginManage:310 - Check plugin pinoutandconfiguration
2024-09-27 18:51:36,980 [INFO] PluginManage:359 - Loaded plugin pinoutandconfiguration (category:base,tabindex:1)
2024-09-27 18:51:36,980 [INFO] PluginManage:310 - Check plugin pinoutconfig
2024-09-27 18:51:37,107 [WARN] SupportedApi:132 - Cannot load RTOS API schema: s4s-elt-must-match.1: The content of 'definitions' must match (annotation?, (simpleType | complexType)?, (unique | key | keyref)*)). A problem was found starting at: attribute.
2024-09-27 18:51:37,255 [INFO] PluginManage:359 - Loaded plugin pinoutconfig (category:base,tabindex:0)
2024-09-27 18:51:37,255 [INFO] PluginManage:310 - Check plugin power
2024-09-27 18:51:37,267 [INFO] PluginManage:359 - Loaded plugin power (category:power,tabindex:4)
2024-09-27 18:51:37,267 [INFO] PluginManage:310 - Check plugin projectmanager
2024-09-27 18:51:37,285 [INFO] PluginManage:359 - Loaded plugin projectmanager (category:projectmanager,tabindex:3)
2024-09-27 18:51:37,285 [INFO] PluginManage:310 - Check plugin thirdparty
2024-09-27 18:51:37,426 [INFO] PluginManage:359 - Loaded plugin thirdparty (category:base,tabindex:-1)
2024-09-27 18:51:37,426 [WARN] IntegrityCheckThread:84 - waiting for thirdparty lock release [integrity check]
2024-09-27 18:51:37,427 [INFO] PluginManage:310 - Check plugin tools
2024-09-27 18:51:37,427 [INFO] IntegrityCheckThread:86 - entering critical section [integrity check]
2024-09-27 18:51:37,428 [INFO] ThirdPartyUpdaterWithRetryManager:70 - Updater plugin not ready yet. [1/15]
2024-09-27 18:51:37,430 [INFO] PluginManage:359 - Loaded plugin tools (category:base,tabindex:7)
2024-09-27 18:51:37,431 [INFO] PluginManage:310 - Check plugin tutovideos
2024-09-27 18:51:37,607 [INFO] PluginManage:359 - Loaded plugin tutovideos (category:base,tabindex:-1)
2024-09-27 18:51:37,607 [INFO] PluginManage:310 - Check plugin updater
2024-09-27 18:51:37,622 [INFO] PluginManage:359 - Loaded plugin updater (category:base,tabindex:12)
2024-09-27 18:51:37,622 [INFO] PluginManage:310 - Check plugin userauth
2024-09-27 18:51:37,627 [INFO] UserAuth:114 - Init User Auth plugin
2024-09-27 18:51:37,627 [INFO] PluginManage:359 - Loaded plugin userauth (category:base,tabindex:14)
2024-09-27 18:51:37,628 [INFO] PluginManage:283 - PluginManage : Loaded plugins [17]
2024-09-27 18:51:37,868 [INFO] PinOutPanel:1561 - setPackage(No Configuration,No Configuration)
2024-09-27 18:51:37,979 [INFO] CADModel:165 - CPN selected for project level
2024-09-27 18:51:37,979 [INFO] CADModel:114 - Register for checkConnection events
2024-09-27 18:51:38,000 [INFO] IPUIPlugin:80 - create IPUIPlugin
2024-09-27 18:51:38,001 [INFO] PluginManager:220 - loadIPPluginJar : add adc
2024-09-27 18:51:38,004 [INFO] IPUIPlugin:80 - create IPUIPlugin
2024-09-27 18:51:38,004 [INFO] PluginManager:220 - loadIPPluginJar : add aes
2024-09-27 18:51:38,008 [INFO] IPUIPlugin:80 - create IPUIPlugin
2024-09-27 18:51:38,008 [INFO] PluginManager:220 - loadIPPluginJar : add can
2024-09-27 18:51:38,011 [INFO] IPUIPlugin:80 - create IPUIPlugin
2024-09-27 18:51:38,011 [INFO] PluginManager:220 - loadIPPluginJar : add comp
2024-09-27 18:51:38,017 [INFO] IPUIPlugin:80 - create IPUIPlugin
2024-09-27 18:51:38,018 [INFO] PluginManager:220 - loadIPPluginJar : add cryp
2024-09-27 18:51:38,022 [INFO] IPUIPlugin:80 - create IPUIPlugin
2024-09-27 18:51:38,022 [INFO] PluginManager:220 - loadIPPluginJar : add dfsdm
2024-09-27 18:51:38,029 [INFO] IPUIPlugin:80 - create IPUIPlugin
2024-09-27 18:51:38,029 [INFO] PluginManager:220 - loadIPPluginJar : add dma
2024-09-27 18:51:38,034 [INFO] IPUIPlugin:80 - create IPUIPlugin
2024-09-27 18:51:38,034 [INFO] PluginManager:220 - loadIPPluginJar : add dma3
2024-09-27 18:51:38,037 [INFO] IPUIPlugin:80 - create IPUIPlugin
2024-09-27 18:51:38,037 [INFO] PluginManager:220 - loadIPPluginJar : add extmemmanager
2024-09-27 18:51:38,040 [INFO] IPUIPlugin:80 - create IPUIPlugin
2024-09-27 18:51:38,040 [INFO] PluginManager:220 - loadIPPluginJar : add fatfs
2024-09-27 18:51:38,046 [INFO] IPUIPlugin:80 - create IPUIPlugin
2024-09-27 18:51:38,046 [INFO] PluginManager:220 - loadIPPluginJar : add fmc
2024-09-27 18:51:38,053 [INFO] IPUIPlugin:80 - create IPUIPlugin
2024-09-27 18:51:38,054 [INFO] PluginManager:220 - loadIPPluginJar : add freertos
2024-09-27 18:51:38,056 [INFO] IPUIPlugin:80 - create IPUIPlugin
2024-09-27 18:51:38,056 [INFO] PluginManager:220 - loadIPPluginJar : add genericplugin
2024-09-27 18:51:38,060 [INFO] IPUIPlugin:80 - create IPUIPlugin
2024-09-27 18:51:38,061 [INFO] PluginManager:220 - loadIPPluginJar : add gfxmmu
2024-09-27 18:51:38,067 [INFO] IPUIPlugin:80 - create IPUIPlugin
2024-09-27 18:51:38,067 [INFO] PluginManager:220 - loadIPPluginJar : add gic
2024-09-27 18:51:38,071 [INFO] IPUIPlugin:80 - create IPUIPlugin
2024-09-27 18:51:38,071 [INFO] PluginManager:220 - loadIPPluginJar : add gpio
2024-09-27 18:51:38,074 [INFO] IPUIPlugin:80 - create IPUIPlugin
2024-09-27 18:51:38,074 [INFO] PluginManager:220 - loadIPPluginJar : add gtzc
2024-09-27 18:51:38,077 [INFO] IPUIPlugin:80 - create IPUIPlugin
2024-09-27 18:51:38,077 [INFO] PluginManager:220 - loadIPPluginJar : add hash
2024-09-27 18:51:38,081 [INFO] IPUIPlugin:80 - create IPUIPlugin
2024-09-27 18:51:38,081 [INFO] PluginManager:220 - loadIPPluginJar : add i2c
2024-09-27 18:51:38,084 [INFO] IPUIPlugin:80 - create IPUIPlugin
2024-09-27 18:51:38,084 [INFO] PluginManager:220 - loadIPPluginJar : add i2s
2024-09-27 18:51:38,086 [INFO] IPUIPlugin:80 - create IPUIPlugin
2024-09-27 18:51:38,087 [INFO] PluginManager:220 - loadIPPluginJar : add i3c
2024-09-27 18:51:38,090 [INFO] IPUIPlugin:80 - create IPUIPlugin
2024-09-27 18:51:38,090 [INFO] PluginManager:220 - loadIPPluginJar : add ipddr
2024-09-27 18:51:38,097 [INFO] IPUIPlugin:80 - create IPUIPlugin
2024-09-27 18:51:38,097 [INFO] PluginManager:220 - loadIPPluginJar : add linkedlist
2024-09-27 18:51:38,101 [INFO] IPUIPlugin:80 - create IPUIPlugin
2024-09-27 18:51:38,101 [INFO] PluginManager:220 - loadIPPluginJar : add lorawan
2024-09-27 18:51:38,102 [INFO] IPUIPlugin:80 - create IPUIPlugin
2024-09-27 18:51:38,103 [INFO] PluginManager:220 - loadIPPluginJar : add ltdc
2024-09-27 18:51:38,108 [INFO] IPUIPlugin:80 - create IPUIPlugin
2024-09-27 18:51:38,108 [INFO] PluginManager:220 - loadIPPluginJar : add mdma
2024-09-27 18:51:38,113 [INFO] IPUIPlugin:80 - create IPUIPlugin
2024-09-27 18:51:38,113 [INFO] PluginManager:220 - loadIPPluginJar : add nvic
2024-09-27 18:51:38,116 [INFO] IPUIPlugin:80 - create IPUIPlugin
2024-09-27 18:51:38,116 [INFO] PluginManager:220 - loadIPPluginJar : add opamp
2024-09-27 18:51:38,119 [INFO] IPUIPlugin:80 - create IPUIPlugin
2024-09-27 18:51:38,119 [INFO] PluginManager:220 - loadIPPluginJar : add openamp
2024-09-27 18:51:38,122 [INFO] IPUIPlugin:80 - create IPUIPlugin
2024-09-27 18:51:38,122 [INFO] PluginManager:220 - loadIPPluginJar : add pdm2pcm
2024-09-27 18:51:38,128 [INFO] IPUIPlugin:80 - create IPUIPlugin
2024-09-27 18:51:38,131 [INFO] PluginManager:220 - loadIPPluginJar : add plateformsettings
2024-09-27 18:51:38,133 [INFO] IPUIPlugin:80 - create IPUIPlugin
2024-09-27 18:51:38,133 [INFO] PluginManager:220 - loadIPPluginJar : add quadspi
2024-09-27 18:51:38,137 [INFO] IPUIPlugin:80 - create IPUIPlugin
2024-09-27 18:51:38,137 [INFO] PluginManager:220 - loadIPPluginJar : add resmgrutility
2024-09-27 18:51:38,141 [INFO] IPUIPlugin:80 - create IPUIPlugin
2024-09-27 18:51:38,141 [INFO] PluginManager:220 - loadIPPluginJar : add sai
2024-09-27 18:51:38,146 [INFO] IPUIPlugin:80 - create IPUIPlugin
2024-09-27 18:51:38,146 [INFO] PluginManager:220 - loadIPPluginJar : add spi
2024-09-27 18:51:38,154 [INFO] IPUIPlugin:80 - create IPUIPlugin
2024-09-27 18:51:38,154 [INFO] PluginManager:220 - loadIPPluginJar : add stm32_wpan
2024-09-27 18:51:38,157 [INFO] IPUIPlugin:80 - create IPUIPlugin
2024-09-27 18:51:38,158 [INFO] PluginManager:220 - loadIPPluginJar : add tim
2024-09-27 18:51:38,166 [INFO] IPUIPlugin:80 - create IPUIPlugin
2024-09-27 18:51:38,166 [INFO] PluginManager:220 - loadIPPluginJar : add touchsensing
2024-09-27 18:51:38,171 [INFO] IPUIPlugin:80 - create IPUIPlugin
2024-09-27 18:51:38,171 [INFO] PluginManager:220 - loadIPPluginJar : add tracer_emb
2024-09-27 18:51:38,175 [INFO] IPUIPlugin:80 - create IPUIPlugin
2024-09-27 18:51:38,175 [INFO] PluginManager:220 - loadIPPluginJar : add ts
2024-09-27 18:51:38,180 [INFO] IPUIPlugin:80 - create IPUIPlugin
2024-09-27 18:51:38,180 [INFO] PluginManager:220 - loadIPPluginJar : add tsc
2024-09-27 18:51:38,184 [INFO] IPUIPlugin:80 - create IPUIPlugin
2024-09-27 18:51:38,184 [INFO] PluginManager:220 - loadIPPluginJar : add ucpd
2024-09-27 18:51:38,189 [INFO] IPUIPlugin:80 - create IPUIPlugin
2024-09-27 18:51:38,189 [INFO] PluginManager:220 - loadIPPluginJar : add usart
2024-09-27 18:51:38,194 [INFO] IPUIPlugin:80 - create IPUIPlugin
2024-09-27 18:51:38,195 [INFO] PluginManager:220 - loadIPPluginJar : add usbx
2024-09-27 18:51:38,336 [INFO] CADModel:165 - CPN selected for project level
2024-09-27 18:51:38,336 [INFO] CADModel:114 - Register for checkConnection events
2024-09-27 18:51:38,337 [FATAL] Updater:308 - Updater called before beeing initialized
2024-09-27 18:51:38,337 [ERROR] CADModel:125 - Updater not yet initialized, retry later 
2024-09-27 18:51:38,486 [INFO] CADModel:165 - CPN selected for project level
2024-09-27 18:51:38,486 [INFO] CADModel:114 - Register for checkConnection events
2024-09-27 18:51:38,486 [FATAL] Updater:308 - Updater called before beeing initialized
2024-09-27 18:51:38,486 [ERROR] CADModel:125 - Updater not yet initialized, retry later 
2024-09-27 18:51:38,489 [FATAL] Updater:308 - Updater called before beeing initialized
2024-09-27 18:51:38,637 [FATAL] Updater:308 - Updater called before beeing initialized
2024-09-27 18:51:38,640 [INFO] DbMcusAds:53 - JSON generation date=Thu May 16 10:22:00 IST 2024 (1715851320667)
2024-09-27 18:51:38,641 [FATAL] Updater:308 - Updater called before beeing initialized
2024-09-27 18:51:38,680 [WARN] DetailPanel:346 - Failed to get advertising image, set to default
2024-09-27 18:51:38,782 [FATAL] Updater:308 - Updater called before beeing initialized
2024-09-27 18:51:38,784 [FATAL] Updater:308 - Updater called before beeing initialized
2024-09-27 18:51:38,784 [FATAL] Updater:308 - Updater called before beeing initialized
2024-09-27 18:51:38,784 [WARN] DetailPanel:346 - Failed to get advertising image, set to default
2024-09-27 18:51:38,785 [FATAL] Updater:308 - Updater called before beeing initialized
2024-09-27 18:51:38,859 [ERROR] Updater:1120 - MainUpdater not yet initialized. External WinMGr cannot be set.
2024-09-27 18:51:38,861 [INFO] Updater:1056 - Updater Version found : 6.11.0
2024-09-27 18:51:38,883 [INFO] ApplicationProperties:184 - Using Application install path: D:\STM32CubeIDE_1.13.0\STM32CubeIDE\plugins\com.st.stm32cube.common.mx_6.11.0.202403141607
2024-09-27 18:51:40,430 [INFO] ThirdPartyUpdaterWithRetryManager:70 - Updater plugin not ready yet. [2/15]
2024-09-27 18:51:40,472 [ERROR] LogOutputStream:75 - [STDERR_REDIRECT] Sep 27, 2024 6:51:40 PM java.util.prefs.WindowsPreferences <init>
2024-09-27 18:51:40,473 [ERROR] LogOutputStream:75 - [STDERR_REDIRECT] WARNING: Could not open/create prefs root node Software\JavaSoft\Prefs at root 0xffffffff80000002. Windows RegCreateKeyEx(...) returned error code 5.
2024-09-27 18:51:40,473 [ERROR] LogOutputStream:75 - [STDERR_REDIRECT] 
2024-09-27 18:51:41,080 [INFO] MainUpdater:2873 - connection check result : 10
2024-09-27 18:51:41,080 [INFO] MainUpdater:3567 - Updater definition file requires update
2024-09-27 18:51:41,082 [INFO] MainUpdater:290 - Updater Check For Update Now.
2024-09-27 18:51:41,082 [INFO] MicroXplorer:498 - Change Database Version : DB.6.0.110
2024-09-27 18:51:41,087 [INFO] McuFinderGlobals:63 - Set McuFinder mode to 2 (CubeIDE integrated)
2024-09-27 18:51:41,093 [INFO] UserAuth:415 - Internet connection configuration mode: 1
2024-09-27 18:51:41,119 [INFO] JxBrowserEngine:152 - Initiate JxBrowser Engine with user profile folder
2024-09-27 18:51:41,374 [INFO] ServerAccessManage:473 - Download File updaters.zip
2024-09-27 18:51:41,445 [INFO] FileExtend:240 - Unzip File : updaters.zip
2024-09-27 18:51:41,446 [INFO] FileExtend:255 - Standard Zip Deflate
2024-09-27 18:51:41,967 [INFO] ServerAccessManage:473 - Download File PacksControlFlags.xml
2024-09-27 18:51:42,132 [INFO] ServerAccessManage:473 - Download File cubemx.pidx
2024-09-27 18:51:42,890 [INFO] WebApp:161 - Instantiating new browser for Auth
2024-09-27 18:51:43,243 [INFO] ServerAccessManage:473 - Download File STMicroelectronics.X-CUBE-NFC9.pdsc
2024-09-27 18:51:43,431 [WARN] MainUpdater:1194 - Updater busy. Cannot search thirdparties
2024-09-27 18:51:43,431 [INFO] ThirdPartyUpdaterWithRetryManager:96 - Updater plugin is busy. [1/15]
2024-09-27 18:51:43,548 [INFO] ServerAccessManage:473 - Download File STMicroelectronics.X-CUBE-NFC10.pdsc
2024-09-27 18:51:43,793 [INFO] WebApp:779 - Register for checkConnection events
2024-09-27 18:51:43,793 [INFO] WebApp:414 - Apply proxy settings
2024-09-27 18:51:43,793 [INFO] WebApp:499 - Chromium requires no authentication
2024-09-27 18:51:43,807 [INFO] WebApp:442 - Direct internet connection detected
2024-09-27 18:51:44,103 [INFO] WebApp:192 - Starting web application
2024-09-27 18:51:44,103 [INFO] WebApp:544 - Web application path used D:\STM32CubeIDE_1.13.0\STM32CubeIDE\plugins\com.st.stm32cube.common.mx_6.11.0.202403141607\db\plugins\mcufinder\reactClient1\index.html
2024-09-27 18:51:44,421 [WARN] PackLoader:240 - Cannot read IP mode file for STMicroelectronics.X-CUBE-NFC9.1.0.0
2024-09-27 18:51:44,441 [WARN] PackLoader:240 - Cannot read IP mode file for STMicroelectronics.X-CUBE-NFC10.1.0.0
2024-09-27 18:51:44,446 [INFO] PopulateThirdPartyThread:66 - Ending populate Thread
2024-09-27 18:51:44,449 [INFO] ThirdParty:1030 - CMSIS Pack Vendor :STMicroelectronics X-CUBE-NFC9 1.0.0
2024-09-27 18:51:44,449 [INFO] ThirdParty:1030 - CMSIS Pack Vendor :STMicroelectronics X-CUBE-NFC10 1.0.0
2024-09-27 18:51:44,449 [INFO] LoadServerUpdatesThread:375 - End of LoadServerUpdate Thread
2024-09-27 18:51:44,528 [INFO] CheckServerUpdateThread:120 - End of CheckServer Thread
2024-09-27 18:51:46,742 [WARN] PackLoader:240 - Cannot read IP mode file for STMicroelectronics.FP-SNS-MOTENVWB1.1.4.0
2024-09-27 18:51:46,752 [WARN] PackLoader:240 - Cannot read IP mode file for STMicroelectronics.X-CUBE-SMBUS.2.1.0
2024-09-27 18:51:46,759 [WARN] PackLoader:240 - Cannot read IP mode file for STMicroelectronics.X-CUBE-TOUCHGFX.4.23.1
2024-09-27 18:51:46,763 [WARN] PackLoader:240 - Cannot read IP mode file for STMicroelectronics.X-CUBE-TOUCHGFX.4.23.0
2024-09-27 18:51:46,790 [WARN] PackLoader:240 - Cannot read IP mode file for STMicroelectronics.X-CUBE-AZRTOS-F7.1.1.0
2024-09-27 18:51:46,804 [WARN] PackLoader:240 - Cannot read IP mode file for STMicroelectronics.FP-SNS-MOTENV1.4.3.2
2024-09-27 18:51:46,866 [WARN] PackLoader:240 - Cannot read IP mode file for STMicroelectronics.X-CUBE-MEMS1.11.0.0
2024-09-27 18:51:47,040 [WARN] PackLoader:240 - Cannot read IP mode file for STMicroelectronics.X-CUBE-BLE1.6.2.4
2024-09-27 18:51:47,048 [WARN] PackLoader:240 - Cannot read IP mode file for STMicroelectronics.FP-SNS-FLIGHT1.5.0.2
2024-09-27 18:51:47,060 [WARN] PackLoader:240 - Cannot read IP mode file for STMicroelectronics.X-CUBE-DISPLAY.3.0.0
2024-09-27 18:51:47,070 [WARN] PackLoader:240 - Cannot read IP mode file for STMicroelectronics.X-CUBE-BLE1.7.0.0
2024-09-27 18:51:47,079 [WARN] PackLoader:240 - Cannot read IP mode file for STMicroelectronics.X-CUBE-NFC10.1.0.0
2024-09-27 18:51:47,094 [WARN] PackLoader:240 - Cannot read IP mode file for emotas.I-CUBE-CANOPEN.1.3.0
2024-09-27 18:51:47,100 [WARN] PackLoader:240 - Cannot read IP mode file for STMicroelectronics.X-CUBE-TOUCHGFX.4.22.0
2024-09-27 18:51:47,106 [WARN] PackLoader:240 - Cannot read IP mode file for STMicroelectronics.X-CUBE-TOUCHGFX.4.22.1
2024-09-27 18:51:47,116 [WARN] PackLoader:240 - Cannot read IP mode file for STMicroelectronics.X-CUBE-BLEMGR.3.1.0
2024-09-27 18:51:47,128 [WARN] PackLoader:240 - Cannot read IP mode file for STMicroelectronics.FP-SNS-SMARTAG2.1.2.0
2024-09-27 18:51:47,142 [INFO] LogOutputStream:77 - [STDOUT_REDIRECT] 1 : Invalid condition id : UX_CORESTACK_Condition cause : null
2024-09-27 18:51:47,143 [INFO] LogOutputStream:77 - [STDOUT_REDIRECT] 1 : Invalid condition id : UX_CORESTACK_Condition cause : null
2024-09-27 18:51:47,144 [INFO] LogOutputStream:77 - [STDOUT_REDIRECT] 1 : Invalid condition id : UX_CORESTACK_Condition cause : null
2024-09-27 18:51:47,145 [INFO] LogOutputStream:77 - [STDOUT_REDIRECT] 1 : Invalid condition id : UX_CORESTACK_Condition cause : null
2024-09-27 18:51:47,147 [INFO] LogOutputStream:77 - [STDOUT_REDIRECT] 1 : Invalid condition id : UX_CORESTACK_Condition cause : null
2024-09-27 18:51:47,151 [WARN] PackLoader:240 - Cannot read IP mode file for STMicroelectronics.X-CUBE-AZRTOS-WL.2.0.0
2024-09-27 18:51:47,164 [WARN] PackLoader:240 - Cannot read IP mode file for STMicroelectronics.FP-SNS-MOTENV1.5.0.0
2024-09-27 18:51:47,176 [WARN] PackLoader:240 - Cannot read IP mode file for wolfSSL.I-CUBE-wolfMQTT.1.19.0
2024-09-27 18:51:47,194 [WARN] PackLoader:240 - Cannot read IP mode file for WES.I-CUBE-Cesium.1.3.0
2024-09-27 18:51:47,208 [WARN] PackLoader:240 - Cannot read IP mode file for STMicroelectronics.X-CUBE-BLE2.3.3.0
2024-09-27 18:51:47,218 [WARN] PackLoader:240 - Cannot read IP mode file for STMicroelectronics.X-CUBE-NFC9.1.0.0
2024-09-27 18:51:47,228 [WARN] PackLoader:240 - Cannot read IP mode file for STMicroelectronics.X-CUBE-TCPP.4.1.0
2024-09-27 18:51:47,240 [WARN] PackLoader:240 - Cannot read IP mode file for STMicroelectronics.X-CUBE-ALGOBUILD.1.3.0
2024-09-27 18:51:47,260 [WARN] PackLoader:240 - Cannot read IP mode file for STMicroelectronics.X-CUBE-AZRTOS-G0.1.1.0
2024-09-27 18:51:47,272 [WARN] PackLoader:240 - Cannot read IP mode file for STMicroelectronics.X-CUBE-SAFEA1.1.2.2
2024-09-27 18:51:47,281 [WARN] PackLoader:240 - Cannot read IP mode file for STMicroelectronics.X-CUBE-NFC4.3.0.0
2024-09-27 18:51:47,295 [WARN] PackLoader:240 - Cannot read IP mode file for EmbeddedOffice.I-CUBE-FS-RTOS.1.0.1
2024-09-27 18:51:47,296 [ERROR] ConditionMgr:805 - Attr not supported : Dmpu
2024-09-27 18:51:47,296 [ERROR] ConditionMgr:805 - Attr not supported : Dmpu
2024-09-27 18:51:47,296 [ERROR] ConditionMgr:805 - Attr not supported : Dmpu
2024-09-27 18:51:47,296 [ERROR] ConditionMgr:805 - Attr not supported : Dmpu
2024-09-27 18:51:47,296 [ERROR] ConditionMgr:805 - Attr not supported : Dmpu
2024-09-27 18:51:47,296 [ERROR] ConditionMgr:805 - Attr not supported : Dmpu
2024-09-27 18:51:47,296 [ERROR] ConditionMgr:805 - Attr not supported : Dmpu
2024-09-27 18:51:47,296 [ERROR] ConditionMgr:805 - Attr not supported : Dmpu
2024-09-27 18:51:47,296 [ERROR] ConditionMgr:805 - Attr not supported : Dmpu
2024-09-27 18:51:47,296 [ERROR] ConditionMgr:805 - Attr not supported : Dmpu
2024-09-27 18:51:47,296 [ERROR] ConditionMgr:805 - Attr not supported : Dmpu
2024-09-27 18:51:47,296 [ERROR] ConditionMgr:805 - Attr not supported : Dmpu
2024-09-27 18:51:47,296 [ERROR] ConditionMgr:805 - Attr not supported : Dmpu
2024-09-27 18:51:47,296 [ERROR] ConditionMgr:805 - Attr not supported : Dmpu
2024-09-27 18:51:47,297 [ERROR] ConditionMgr:805 - Attr not supported : Dmpu
2024-09-27 18:51:47,297 [ERROR] ConditionMgr:805 - Attr not supported : Dmpu
2024-09-27 18:51:47,297 [ERROR] ConditionMgr:805 - Attr not supported : Dmpu
2024-09-27 18:51:47,297 [ERROR] ConditionMgr:805 - Attr not supported : Dmpu
2024-09-27 18:51:47,297 [ERROR] ConditionMgr:805 - Attr not supported : Dmpu
2024-09-27 18:51:47,297 [ERROR] ConditionMgr:805 - Attr not supported : Dmpu
2024-09-27 18:51:47,297 [ERROR] ConditionMgr:805 - Attr not supported : Dmpu
2024-09-27 18:51:47,297 [ERROR] ConditionMgr:805 - Attr not supported : Dmpu
2024-09-27 18:51:47,297 [ERROR] ConditionMgr:805 - Attr not supported : Dmpu
2024-09-27 18:51:47,297 [ERROR] ConditionMgr:805 - Attr not supported : Dmpu
2024-09-27 18:51:47,297 [ERROR] ConditionMgr:805 - Attr not supported : Dmpu
2024-09-27 18:51:47,297 [ERROR] ConditionMgr:805 - Attr not supported : Dmpu
2024-09-27 18:51:47,297 [ERROR] ConditionMgr:805 - Attr not supported : Dmpu
2024-09-27 18:51:47,297 [ERROR] ConditionMgr:805 - Attr not supported : Dmpu
2024-09-27 18:51:47,297 [ERROR] ConditionMgr:805 - Attr not supported : Dmpu
2024-09-27 18:51:47,297 [ERROR] ConditionMgr:805 - Attr not supported : Dmpu
2024-09-27 18:51:47,297 [ERROR] ConditionMgr:805 - Attr not supported : Dmpu
2024-09-27 18:51:47,297 [ERROR] ConditionMgr:805 - Attr not supported : Dmpu
2024-09-27 18:51:47,297 [ERROR] ConditionMgr:805 - Attr not supported : Dmpu
2024-09-27 18:51:47,297 [ERROR] ConditionMgr:805 - Attr not supported : Dmpu
2024-09-27 18:51:47,297 [ERROR] ConditionMgr:805 - Attr not supported : Dmpu
2024-09-27 18:51:47,297 [ERROR] ConditionMgr:805 - Attr not supported : Dmpu
2024-09-27 18:51:47,298 [ERROR] ConditionMgr:805 - Attr not supported : Dmpu
2024-09-27 18:51:47,298 [ERROR] ConditionMgr:805 - Attr not supported : Dmpu
2024-09-27 18:51:47,298 [ERROR] ConditionMgr:805 - Attr not supported : Dmpu
2024-09-27 18:51:47,298 [ERROR] ConditionMgr:805 - Attr not supported : Dmpu
2024-09-27 18:51:47,298 [ERROR] ConditionMgr:805 - Attr not supported : Dmpu
2024-09-27 18:51:47,298 [ERROR] ConditionMgr:805 - Attr not supported : Dmpu
2024-09-27 18:51:47,298 [ERROR] ConditionMgr:805 - Attr not supported : Dmpu
2024-09-27 18:51:47,298 [ERROR] ConditionMgr:805 - Attr not supported : Dmpu
2024-09-27 18:51:47,298 [ERROR] ConditionMgr:805 - Attr not supported : Dmpu
2024-09-27 18:51:47,298 [ERROR] ConditionMgr:805 - Attr not supported : Dmpu
2024-09-27 18:51:47,298 [ERROR] ConditionMgr:805 - Attr not supported : Dmpu
2024-09-27 18:51:47,298 [ERROR] ConditionMgr:805 - Attr not supported : Dmpu
2024-09-27 18:51:47,298 [ERROR] ConditionMgr:805 - Attr not supported : Dmpu
2024-09-27 18:51:47,298 [ERROR] ConditionMgr:805 - Attr not supported : Dmpu
2024-09-27 18:51:47,298 [ERROR] ConditionMgr:805 - Attr not supported : Dmpu
2024-09-27 18:51:47,298 [ERROR] ConditionMgr:805 - Attr not supported : Dmpu
2024-09-27 18:51:47,298 [ERROR] ConditionMgr:805 - Attr not supported : Dmpu
2024-09-27 18:51:47,299 [ERROR] ConditionMgr:805 - Attr not supported : Dmpu
2024-09-27 18:51:47,299 [ERROR] ConditionMgr:805 - Attr not supported : Dmpu
2024-09-27 18:51:47,299 [ERROR] ConditionMgr:805 - Attr not supported : Dmpu
2024-09-27 18:51:47,299 [ERROR] ConditionMgr:805 - Attr not supported : Dmpu
2024-09-27 18:51:47,299 [ERROR] ConditionMgr:805 - Attr not supported : Dmpu
2024-09-27 18:51:47,299 [ERROR] ConditionMgr:805 - Attr not supported : Dmpu
2024-09-27 18:51:47,299 [ERROR] ConditionMgr:805 - Attr not supported : Dmpu
2024-09-27 18:51:47,299 [ERROR] ConditionMgr:805 - Attr not supported : Dmpu
2024-09-27 18:51:47,299 [ERROR] ConditionMgr:805 - Attr not supported : Dmpu
2024-09-27 18:51:47,299 [ERROR] ConditionMgr:805 - Attr not supported : Dmpu
2024-09-27 18:51:47,299 [ERROR] ConditionMgr:805 - Attr not supported : Dmpu
2024-09-27 18:51:47,309 [WARN] PackLoader:240 - Cannot read IP mode file for STMicroelectronics.X-CUBE-BLEMGR.3.0.0
2024-09-27 18:51:47,318 [WARN] PackLoader:240 - Cannot read IP mode file for RealThread.X-CUBE-RT-Thread_Nano.4.1.1
2024-09-27 18:51:47,326 [WARN] PackLoader:240 - Cannot read IP mode file for STMicroelectronics.FP-ATR-SIGFOX1.3.2.0
2024-09-27 18:51:47,335 [WARN] PackLoader:240 - Cannot read IP mode file for STMicroelectronics.X-CUBE-EEPRMA1.5.1.0
2024-09-27 18:51:47,371 [WARN] PackLoader:240 - Cannot read IP mode file for SEGGER.I-CUBE-embOS.1.3.1
2024-09-27 18:51:47,426 [WARN] PackLoader:240 - Cannot read IP mode file for STMicroelectronics.X-CUBE-ALGOBUILD.1.4.0
2024-09-27 18:51:47,433 [WARN] PackLoader:240 - Cannot read IP mode file for STMicroelectronics.X-CUBE-GNSS1.6.0.0
2024-09-27 18:51:47,460 [WARN] PackLoader:240 - Cannot read IP mode file for STMicroelectronics.X-CUBE-AZRTOS-F4.1.1.0
2024-09-27 18:51:47,481 [WARN] PackLoader:240 - Cannot read IP mode file for wolfSSL.I-CUBE-wolfSSL.5.6.3
2024-09-27 18:51:47,491 [WARN] PackLoader:240 - Cannot read IP mode file for STMicroelectronics.X-CUBE-ISPU.2.1.0
2024-09-27 18:51:47,503 [WARN] PackLoader:240 - Cannot read IP mode file for STMicroelectronics.X-CUBE-FREERTOS.1.2.0
2024-09-27 18:51:47,526 [WARN] PackLoader:240 - Cannot read IP mode file for STMicroelectronics.X-CUBE-AZRTOS-L5.2.0.0
2024-09-27 18:51:47,589 [WARN] PackLoader:240 - Cannot read IP mode file for STMicroelectronics.X-CUBE-MEMS1.9.6.0
2024-09-27 18:51:47,733 [WARN] PackLoader:240 - Cannot read IP mode file for STMicroelectronics.X-CUBE-EEPRMA1.4.2.0
2024-09-27 18:51:47,743 [WARN] PackLoader:240 - Cannot read IP mode file for STMicroelectronics.X-CUBE-NFC6.3.1.0
2024-09-27 18:51:47,753 [WARN] PackLoader:240 - Cannot read IP mode file for ITTIA_DB.I-CUBE-ITTIADB.8.8.0
2024-09-27 18:51:47,763 [WARN] PackLoader:240 - Cannot read IP mode file for STMicroelectronics.X-CUBE-BLEMGR.2.0.0
2024-09-27 18:51:47,772 [WARN] PackLoader:240 - Cannot read IP mode file for STMicroelectronics.X-CUBE-DPower.1.2.0
2024-09-27 18:51:47,778 [WARN] PackLoader:240 - Cannot read IP mode file for STMicroelectronics.X-CUBE-AI.9.0.0
2024-09-27 18:51:47,796 [WARN] ConditionMgr:438 - getConditionDescription Invalid condition id : UX DEVICE CLASS RTOS Condition cause : null
2024-09-27 18:51:47,797 [WARN] ConditionMgr:438 - getConditionDescription Invalid condition id : UX DEVICE CLASS RTOS Condition cause : null
2024-09-27 18:51:47,800 [WARN] PackLoader:240 - Cannot read IP mode file for STMicroelectronics.X-CUBE-AZRTOS-H7.3.1.0
2024-09-27 18:51:47,801 [WARN] ConditionMgr:1039 - genDependencies : Invalid condition id : UX DEVICE CLASS RTOS Condition cause : null
2024-09-27 18:51:47,801 [WARN] ConditionMgr:1039 - genDependencies : Invalid condition id : UX DEVICE CLASS RTOS Condition cause : null
2024-09-27 18:51:47,803 [WARN] ConditionMgr:1039 - genDependencies : Invalid condition id : UX DEVICE CLASS RTOS Condition cause : null
2024-09-27 18:51:47,804 [WARN] ConditionMgr:1039 - genDependencies : Invalid condition id : UX DEVICE CLASS RTOS Condition cause : null
2024-09-27 18:51:47,805 [WARN] ConditionMgr:1039 - genDependencies : Invalid condition id : UX DEVICE CLASS RTOS Condition cause : null
2024-09-27 18:51:47,815 [WARN] PackLoader:240 - Cannot read IP mode file for STMicroelectronics.X-CUBE-NFC7.1.0.1
2024-09-27 18:51:47,823 [WARN] PackLoader:240 - Cannot read IP mode file for STMicroelectronics.X-CUBE-NFC6.3.0.0
2024-09-27 18:51:47,831 [WARN] PackLoader:240 - Cannot read IP mode file for STMicroelectronics.X-CUBE-EEPRMA1.4.1.0
2024-09-27 18:51:47,837 [WARN] PackLoader:240 - Cannot read IP mode file for STMicroelectronics.X-CUBE-AI.8.1.0
2024-09-27 18:51:47,857 [WARN] ConditionMgr:438 - getConditionDescription Invalid condition id : LAN8742 Phy interface Condition cause : null
2024-09-27 18:51:47,859 [WARN] PackLoader:240 - Cannot read IP mode file for STMicroelectronics.X-CUBE-AZRTOS-L4.2.0.0
2024-09-27 18:51:47,860 [WARN] ConditionMgr:1039 - genDependencies : Invalid condition id : LAN8742 Phy interface Condition cause : null
2024-09-27 18:51:47,861 [WARN] ConditionMgr:1039 - genDependencies : Invalid condition id : LAN8742 Phy interface Condition cause : null
2024-09-27 18:51:47,861 [WARN] ConditionMgr:1039 - genDependencies : Invalid condition id : LAN8742 Phy interface Condition cause : null
2024-09-27 18:51:47,870 [WARN] PackLoader:240 - Cannot read IP mode file for STMicroelectronics.X-CUBE-SFXS2LP1.4.0.0
2024-09-27 18:51:47,876 [WARN] PackLoader:240 - Cannot read IP mode file for STMicroelectronics.X-CUBE-ISPU.1.1.0
2024-09-27 18:51:47,898 [WARN] PackLoader:240 - Cannot read IP mode file for STMicroelectronics.X-CUBE-AZRTOS-H7.3.3.0
2024-09-27 18:51:47,912 [WARN] ConditionMgr:438 - getConditionDescription Invalid condition id : UX DEVICE CLASS RTOS Condition cause : null
2024-09-27 18:51:47,912 [WARN] ConditionMgr:438 - getConditionDescription Invalid condition id : UX DEVICE CLASS RTOS Condition cause : null
2024-09-27 18:51:47,914 [WARN] PackLoader:240 - Cannot read IP mode file for STMicroelectronics.X-CUBE-AZRTOS-WB.2.0.0
2024-09-27 18:51:47,915 [WARN] ConditionMgr:1039 - genDependencies : Invalid condition id : UX DEVICE CLASS RTOS Condition cause : null
2024-09-27 18:51:47,915 [WARN] ConditionMgr:1039 - genDependencies : Invalid condition id : UX DEVICE CLASS RTOS Condition cause : null
2024-09-27 18:51:47,916 [WARN] ConditionMgr:1039 - genDependencies : Invalid condition id : UX DEVICE CLASS RTOS Condition cause : null
2024-09-27 18:51:47,916 [WARN] ConditionMgr:1039 - genDependencies : Invalid condition id : UX DEVICE CLASS RTOS Condition cause : null
2024-09-27 18:51:47,916 [WARN] ConditionMgr:1039 - genDependencies : Invalid condition id : UX DEVICE CLASS RTOS Condition cause : null
2024-09-27 18:51:47,924 [WARN] PackLoader:240 - Cannot read IP mode file for STMicroelectronics.X-CUBE-FREERTOS.1.0.1
2024-09-27 18:51:47,930 [WARN] PackLoader:240 - Cannot read IP mode file for STMicroelectronics.X-CUBE-GNSS1.7.0.0
2024-09-27 18:51:47,938 [WARN] PackLoader:240 - Cannot read IP mode file for STMicroelectronics.FP-SNS-STBOX1.2.0.0
2024-09-27 18:51:47,952 [WARN] PackLoader:240 - Cannot read IP mode file for STMicroelectronics.X-CUBE-AZRTOS-L5.1.1.0
2024-09-27 18:51:47,960 [WARN] PackLoader:240 - Cannot read IP mode file for STMicroelectronics.X-CUBE-AI.8.0.1
2024-09-27 18:51:47,969 [WARN] PackLoader:240 - Cannot read IP mode file for STMicroelectronics.X-CUBE-SUBG2.5.0.0
2024-09-27 18:51:47,979 [WARN] PackLoader:240 - Cannot read IP mode file for Cesanta.I-CUBE-Mongoose.7.13.0
2024-09-27 18:51:47,990 [WARN] PackLoader:240 - Cannot read IP mode file for STMicroelectronics.X-CUBE-TOF1.3.3.1
2024-09-27 18:51:48,011 [WARN] PackLoader:240 - Cannot read IP mode file for STMicroelectronics.X-CUBE-AZRTOS-G4.2.0.0
2024-09-27 18:51:48,031 [WARN] PackLoader:240 - Cannot read IP mode file for Infineon.AIROC-Wi-Fi-Bluetooth-STM32.1.5.1
2024-09-27 18:51:48,041 [WARN] PackLoader:240 - Cannot read IP mode file for STMicroelectronics.FP-SNS-MOTENVWB1.1.3.0
2024-09-27 18:51:48,048 [WARN] PackLoader:240 - Cannot read IP mode file for STMicroelectronics.FP-SNS-MOTENVWB1.1.3.1
2024-09-27 18:51:48,055 [WARN] PackLoader:240 - Cannot read IP mode file for STMicroelectronics.X-CUBE-ISPU.2.0.0
2024-09-27 18:51:48,062 [WARN] PackLoader:240 - Cannot read IP mode file for STMicroelectronics.X-CUBE-ALS.1.0.2
2024-09-27 18:51:48,100 [WARN] PackLoader:240 - Cannot read IP mode file for STMicroelectronics.X-CUBE-MEMS1.10.0.0
2024-09-27 18:51:48,214 [WARN] PackLoader:240 - Cannot read IP mode file for STMicroelectronics.X-CUBE-FREERTOS.1.1.0
2024-09-27 18:51:48,218 [WARN] PackLoader:240 - Cannot read IP mode file for STMicroelectronics.X-CUBE-TOUCHGFX.4.24.0
2024-09-27 18:51:48,224 [WARN] PackLoader:240 - Cannot read IP mode file for STMicroelectronics.X-CUBE-TOUCHGFX.4.24.1
2024-09-27 18:51:48,228 [WARN] PackLoader:240 - Cannot read IP mode file for wolfSSL.I-CUBE-wolfTPM.3.4.0
2024-09-27 18:51:48,234 [WARN] PackLoader:240 - Cannot read IP mode file for portGmbH.I-Cube-SoM-uGOAL.1.1.0
2024-09-27 18:51:48,240 [WARN] PackLoader:240 - Cannot read IP mode file for STMicroelectronics.X-CUBE-ALS.1.0.1
2024-09-27 18:51:48,254 [WARN] PackLoader:240 - Cannot read IP mode file for STMicroelectronics.X-CUBE-AZRTOS-WB.1.1.0
2024-09-27 18:51:48,277 [WARN] PackLoader:240 - Cannot read IP mode file for STMicroelectronics.X-CUBE-AZRTOS-H7RS.1.0.0
2024-09-27 18:51:48,284 [WARN] PackLoader:240 - Cannot read IP mode file for STMicroelectronics.FP-ATR-ASTRA1.2.0.0
2024-09-27 18:51:48,295 [WARN] PackLoader:240 - Cannot read IP mode file for STMicroelectronics.X-CUBE-TOF1.3.4.2
2024-09-27 18:51:48,315 [WARN] PackLoader:240 - Cannot read IP mode file for STMicroelectronics.X-CUBE-TOF1.3.4.1
2024-09-27 18:51:48,342 [WARN] PackLoader:240 - Cannot read IP mode file for STMicroelectronics.X-CUBE-AZRTOS-H7.3.2.0
2024-09-27 18:51:48,354 [WARN] PackLoader:240 - Cannot read IP mode file for wolfSSL.I-CUBE-wolfSSH.1.4.17
2024-09-27 18:51:48,356 [INFO] ThirdParty:978 - Integrity check success = true
2024-09-27 18:51:48,356 [INFO] IntegrityCheckThread:100 - exiting critical section [integrity check]
2024-09-27 18:51:48,356 [INFO] IntegrityCheckThread:103 - End integrity checks thread
2024-09-27 19:38:41,622 [ERROR] LogOutputStream:75 - [STDERR_REDIRECT] 
