2023-08-23 09:04:30,664 [INFO] Activator:176 - 


2023-08-23 09:04:30,672 [INFO] Activator:177 - !SESSION log4j initialized
2023-08-23 09:04:36,390 [INFO] LogOutputStream:77 - [STDOUT_REDIRECT] 
2023-08-23 09:04:42,218 [INFO] ApplicationProperties:184 - Using Application install path: D:\STM32CubeIDE_1.13.0\STM32CubeIDE\plugins\com.st.stm32cube.common.mx_6.9.0.202307051724
2023-08-23 09:04:42,240 [INFO] DbMcusXml:78 - Set database path to: D:\STM32CubeIDE_1.13.0\STM32CubeIDE\plugins\com.st.stm32cube.common.mx_6.9.0.202307051724\\db\/mcu/
2023-08-23 09:04:42,240 [INFO] ApiDb:274 - Set plugin database path to: D:\STM32CubeIDE_1.13.0\STM32CubeIDE\plugins\com.st.stm32cube.common.mx_6.9.0.202307051724\\db\/plugins/boardmanager/
2023-08-23 09:04:42,240 [WARN] ApiDb:259 - Overriding images path with different value:  => D:\STM32CubeIDE_1.13.0\STM32CubeIDE\plugins\com.st.stm32cube.common.mx_6.9.0.202307051724\\db\/plugins/mcufinder/images/
2023-08-23 09:04:42,254 [INFO] ApiDb:250 - Set database path to: C:\Users\66405\.stmcufinder\plugins\mcufinder//mcu/
2023-08-23 09:04:42,255 [INFO] DbMcusAds:125 - Set database path to: C:\Users\66405\.stmcufinder\plugins\mcufinder//mcu/
2023-08-23 09:04:42,258 [INFO] CrossReferenceDbSqlite:203 - Set database path to: C:\Users\66405\.stmcufinder\plugins\mcufinder//mcu/cs/
2023-08-23 09:04:42,386 [INFO] RulesReader:64 - Compatibility file has been processed (293 Rules)
2023-08-23 09:04:42,505 [INFO] DbMcusXml:78 - Set database path to: D:\STM32CubeIDE_1.13.0\STM32CubeIDE\plugins\com.st.stm32cube.common.mx_6.9.0.202307051724\\db\/mcu/
2023-08-23 09:04:42,506 [INFO] ApiDb:274 - Set plugin database path to: D:\STM32CubeIDE_1.13.0\STM32CubeIDE\plugins\com.st.stm32cube.common.mx_6.9.0.202307051724\\db\/plugins/boardmanager/
2023-08-23 09:04:42,506 [INFO] ApiDb:261 - Set plugin images path to: D:\STM32CubeIDE_1.13.0\STM32CubeIDE\plugins\com.st.stm32cube.common.mx_6.9.0.202307051724\\db\/plugins/mcufinder/images/
2023-08-23 09:04:42,506 [WARN] DbFile:41 - Overriding database path with different value: C:\Users\66405\.stmcufinder\plugins\mcufinder/ => C:\Users\66405\.stmcufinder\plugins\mcufinder
2023-08-23 09:04:42,506 [INFO] ApiDb:250 - Set database path to: C:\Users\66405\.stmcufinder\plugins\mcufinder//mcu/
2023-08-23 09:04:42,506 [WARN] DbFile:41 - Overriding database path with different value: C:\Users\66405\.stmcufinder\plugins\mcufinder/ => C:\Users\66405\.stmcufinder\plugins\mcufinder
2023-08-23 09:04:42,506 [INFO] DbMcusAds:125 - Set database path to: C:\Users\66405\.stmcufinder\plugins\mcufinder//mcu/
2023-08-23 09:04:42,506 [WARN] DbFile:41 - Overriding database path with different value: C:\Users\66405\.stmcufinder\plugins\mcufinder/ => C:\Users\66405\.stmcufinder\plugins\mcufinder
2023-08-23 09:04:42,507 [WARN] DbFile:41 - Overriding database path with different value: C:\Users\66405\.stmcufinder\plugins\mcufinder/ => C:\Users\66405\.stmcufinder\plugins\mcufinder
2023-08-23 09:04:42,507 [INFO] CrossReferenceDbSqlite:203 - Set database path to: C:\Users\66405\.stmcufinder\plugins\mcufinder//mcu/cs/
2023-08-23 09:04:42,606 [INFO] MainPanel:262 - HeapMemory: 268435456
2023-08-23 09:04:42,715 [INFO] DbMcusXml:78 - Set database path to: D:\STM32CubeIDE_1.13.0\STM32CubeIDE\plugins\com.st.stm32cube.common.mx_6.9.0.202307051724\\db\/mcu/
2023-08-23 09:04:42,715 [INFO] ApiDb:274 - Set plugin database path to: D:\STM32CubeIDE_1.13.0\STM32CubeIDE\plugins\com.st.stm32cube.common.mx_6.9.0.202307051724\\db\/plugins/boardmanager/
2023-08-23 09:04:42,715 [INFO] ApiDb:261 - Set plugin images path to: D:\STM32CubeIDE_1.13.0\STM32CubeIDE\plugins\com.st.stm32cube.common.mx_6.9.0.202307051724\\db\/plugins/mcufinder/images/
2023-08-23 09:04:42,716 [WARN] DbFile:41 - Overriding database path with different value: C:\Users\66405\.stmcufinder\plugins\mcufinder/ => C:\Users\66405\.stmcufinder\plugins\mcufinder
2023-08-23 09:04:42,716 [INFO] ApiDb:250 - Set database path to: C:\Users\66405\.stmcufinder\plugins\mcufinder//mcu/
2023-08-23 09:04:42,716 [WARN] DbFile:41 - Overriding database path with different value: C:\Users\66405\.stmcufinder\plugins\mcufinder/ => C:\Users\66405\.stmcufinder\plugins\mcufinder
2023-08-23 09:04:42,716 [INFO] DbMcusAds:125 - Set database path to: C:\Users\66405\.stmcufinder\plugins\mcufinder//mcu/
2023-08-23 09:04:42,716 [WARN] DbFile:41 - Overriding database path with different value: C:\Users\66405\.stmcufinder\plugins\mcufinder/ => C:\Users\66405\.stmcufinder\plugins\mcufinder
2023-08-23 09:04:42,716 [WARN] DbFile:41 - Overriding database path with different value: C:\Users\66405\.stmcufinder\plugins\mcufinder/ => C:\Users\66405\.stmcufinder\plugins\mcufinder
2023-08-23 09:04:42,716 [INFO] CrossReferenceDbSqlite:203 - Set database path to: C:\Users\66405\.stmcufinder\plugins\mcufinder//mcu/cs/
2023-08-23 09:04:42,738 [INFO] ApplicationProperties:184 - Using Application install path: D:\STM32CubeIDE_1.13.0\STM32CubeIDE\plugins\com.st.stm32cube.common.mx_6.9.0.202307051724
2023-08-23 09:04:42,740 [INFO] PluginManage:196 - Search for loadable plugins [exclusion list=, ]
2023-08-23 09:04:42,742 [INFO] PluginManage:310 - Check plugin analytics
2023-08-23 09:04:47,458 [INFO] AnalyticsPlugin:253 - Accepted Software Licenses: 
2023-08-23 09:04:47,458 [INFO] AnalyticsPlugin:255 - Accepted CMSIS Pack Licenses: 
2023-08-23 09:04:47,458 [INFO] AnalyticsPlugin:257 - Accepted Firmware Licenses: FW.L4.1.18.0
2023-08-23 09:04:47,461 [INFO] PluginManage:359 - Loaded plugin analytics (category:tool,tabindex:-1)
2023-08-23 09:04:47,462 [INFO] PluginManage:310 - Check plugin cadmodel
2023-08-23 09:04:47,467 [INFO] CADModel:105 - Init CAD model plugin
2023-08-23 09:04:47,467 [INFO] PluginManage:359 - Loaded plugin cadmodel (category:power,tabindex:5)
2023-08-23 09:04:47,467 [INFO] PluginManage:310 - Check plugin clock
2023-08-23 09:04:47,480 [INFO] PluginManage:359 - Loaded plugin clock (category:base,tabindex:2)
2023-08-23 09:04:47,480 [INFO] PluginManage:310 - Check plugin ddr
2023-08-23 09:04:47,483 [INFO] PluginManage:359 - Loaded plugin ddr (category:tool,tabindex:6)
2023-08-23 09:04:47,484 [INFO] PluginManage:310 - Check plugin filemanager
2023-08-23 09:04:47,632 [INFO] PluginManage:359 - Loaded plugin filemanager (category:base,tabindex:10)
2023-08-23 09:04:47,632 [INFO] PluginManage:310 - Check plugin ipmanager
2023-08-23 09:04:47,642 [INFO] PluginManage:359 - Loaded plugin ipmanager (category:base,tabindex:5)
2023-08-23 09:04:47,642 [INFO] PluginManage:310 - Check plugin lpbam
2023-08-23 09:04:47,653 [INFO] PluginManage:359 - Loaded plugin lpbam (category:base,tabindex:0)
2023-08-23 09:04:47,653 [INFO] PluginManage:310 - Check plugin memorymap
2023-08-23 09:04:47,668 [INFO] PluginManage:359 - Loaded plugin memorymap (category:base,tabindex:4)
2023-08-23 09:04:47,668 [INFO] PluginManage:310 - Check plugin pinoutandconfiguration
2023-08-23 09:04:47,678 [INFO] PluginManage:359 - Loaded plugin pinoutandconfiguration (category:base,tabindex:1)
2023-08-23 09:04:47,679 [INFO] PluginManage:310 - Check plugin pinoutconfig
2023-08-23 09:04:47,774 [WARN] SupportedApi:132 - Cannot load RTOS API schema: s4s-elt-must-match.1: The content of 'definitions' must match (annotation?, (simpleType | complexType)?, (unique | key | keyref)*)). A problem was found starting at: attribute.
2023-08-23 09:04:47,906 [INFO] PluginManage:359 - Loaded plugin pinoutconfig (category:base,tabindex:0)
2023-08-23 09:04:47,906 [INFO] PluginManage:310 - Check plugin power
2023-08-23 09:04:47,918 [INFO] PluginManage:359 - Loaded plugin power (category:power,tabindex:4)
2023-08-23 09:04:47,918 [INFO] PluginManage:310 - Check plugin projectmanager
2023-08-23 09:04:47,932 [INFO] PluginManage:359 - Loaded plugin projectmanager (category:projectmanager,tabindex:3)
2023-08-23 09:04:47,932 [INFO] PluginManage:310 - Check plugin thirdparty
2023-08-23 09:04:48,085 [WARN] IntegrityCheckThread:84 - waiting for thirdparty lock release [integrity check]
2023-08-23 09:04:48,085 [INFO] PluginManage:359 - Loaded plugin thirdparty (category:base,tabindex:-1)
2023-08-23 09:04:48,085 [INFO] IntegrityCheckThread:86 - entering critical section [integrity check]
2023-08-23 09:04:48,085 [INFO] PluginManage:310 - Check plugin tools
2023-08-23 09:04:48,086 [INFO] ThirdPartyUpdaterWithRetryManager:70 - Updater plugin not ready yet. [1/15]
2023-08-23 09:04:48,088 [INFO] PluginManage:359 - Loaded plugin tools (category:base,tabindex:7)
2023-08-23 09:04:48,088 [INFO] PluginManage:310 - Check plugin tutovideos
2023-08-23 09:04:48,275 [INFO] PluginManage:359 - Loaded plugin tutovideos (category:base,tabindex:-1)
2023-08-23 09:04:48,275 [INFO] PluginManage:310 - Check plugin updater
2023-08-23 09:04:48,292 [INFO] PluginManage:359 - Loaded plugin updater (category:base,tabindex:12)
2023-08-23 09:04:48,292 [INFO] PluginManage:310 - Check plugin userauth
2023-08-23 09:04:48,300 [INFO] UserAuth:113 - Init User Auth plugin
2023-08-23 09:04:48,300 [INFO] PluginManage:359 - Loaded plugin userauth (category:base,tabindex:14)
2023-08-23 09:04:48,301 [INFO] PluginManage:283 - PluginManage : Loaded plugins [17]
2023-08-23 09:04:48,536 [INFO] PinOutPanel:1499 - setPackage(No Configuration,No Configuration)
2023-08-23 09:04:48,657 [INFO] CADModel:165 - CPN selected for project level
2023-08-23 09:04:48,657 [INFO] CADModel:114 - Register for checkConnection events
2023-08-23 09:04:48,679 [INFO] IPUIPlugin:80 - create IPUIPlugin
2023-08-23 09:04:48,679 [INFO] PluginManager:220 - loadIPPluginJar : add adc
2023-08-23 09:04:48,682 [INFO] IPUIPlugin:80 - create IPUIPlugin
2023-08-23 09:04:48,682 [INFO] PluginManager:220 - loadIPPluginJar : add aes
2023-08-23 09:04:48,686 [INFO] IPUIPlugin:80 - create IPUIPlugin
2023-08-23 09:04:48,686 [INFO] PluginManager:220 - loadIPPluginJar : add can
2023-08-23 09:04:48,688 [INFO] IPUIPlugin:80 - create IPUIPlugin
2023-08-23 09:04:48,688 [INFO] PluginManager:220 - loadIPPluginJar : add comp
2023-08-23 09:04:48,691 [INFO] IPUIPlugin:80 - create IPUIPlugin
2023-08-23 09:04:48,692 [INFO] PluginManager:220 - loadIPPluginJar : add cryp
2023-08-23 09:04:48,695 [INFO] IPUIPlugin:80 - create IPUIPlugin
2023-08-23 09:04:48,695 [INFO] PluginManager:220 - loadIPPluginJar : add dfsdm
2023-08-23 09:04:48,701 [INFO] IPUIPlugin:80 - create IPUIPlugin
2023-08-23 09:04:48,702 [INFO] PluginManager:220 - loadIPPluginJar : add dma
2023-08-23 09:04:48,705 [INFO] IPUIPlugin:80 - create IPUIPlugin
2023-08-23 09:04:48,705 [INFO] PluginManager:220 - loadIPPluginJar : add dma3
2023-08-23 09:04:48,707 [INFO] IPUIPlugin:80 - create IPUIPlugin
2023-08-23 09:04:48,707 [INFO] PluginManager:220 - loadIPPluginJar : add fatfs
2023-08-23 09:04:48,711 [INFO] IPUIPlugin:80 - create IPUIPlugin
2023-08-23 09:04:48,711 [INFO] PluginManager:220 - loadIPPluginJar : add fmc
2023-08-23 09:04:48,717 [INFO] IPUIPlugin:80 - create IPUIPlugin
2023-08-23 09:04:48,718 [INFO] PluginManager:220 - loadIPPluginJar : add freertos
2023-08-23 09:04:48,719 [INFO] IPUIPlugin:80 - create IPUIPlugin
2023-08-23 09:04:48,719 [INFO] PluginManager:220 - loadIPPluginJar : add genericplugin
2023-08-23 09:04:48,722 [INFO] IPUIPlugin:80 - create IPUIPlugin
2023-08-23 09:04:48,722 [INFO] PluginManager:220 - loadIPPluginJar : add gfxmmu
2023-08-23 09:04:48,726 [INFO] IPUIPlugin:80 - create IPUIPlugin
2023-08-23 09:04:48,726 [INFO] PluginManager:220 - loadIPPluginJar : add gic
2023-08-23 09:04:48,730 [INFO] IPUIPlugin:80 - create IPUIPlugin
2023-08-23 09:04:48,731 [INFO] PluginManager:220 - loadIPPluginJar : add gpio
2023-08-23 09:04:48,734 [INFO] IPUIPlugin:80 - create IPUIPlugin
2023-08-23 09:04:48,734 [INFO] PluginManager:220 - loadIPPluginJar : add gtzc
2023-08-23 09:04:48,737 [INFO] IPUIPlugin:80 - create IPUIPlugin
2023-08-23 09:04:48,737 [INFO] PluginManager:220 - loadIPPluginJar : add hash
2023-08-23 09:04:48,740 [INFO] IPUIPlugin:80 - create IPUIPlugin
2023-08-23 09:04:48,740 [INFO] PluginManager:220 - loadIPPluginJar : add i2c
2023-08-23 09:04:48,743 [INFO] IPUIPlugin:80 - create IPUIPlugin
2023-08-23 09:04:48,743 [INFO] PluginManager:220 - loadIPPluginJar : add i2s
2023-08-23 09:04:48,746 [INFO] IPUIPlugin:80 - create IPUIPlugin
2023-08-23 09:04:48,746 [INFO] PluginManager:220 - loadIPPluginJar : add i3c
2023-08-23 09:04:48,749 [INFO] IPUIPlugin:80 - create IPUIPlugin
2023-08-23 09:04:48,749 [INFO] PluginManager:220 - loadIPPluginJar : add ipddr
2023-08-23 09:04:48,756 [INFO] IPUIPlugin:80 - create IPUIPlugin
2023-08-23 09:04:48,756 [INFO] PluginManager:220 - loadIPPluginJar : add linkedlist
2023-08-23 09:04:48,759 [INFO] IPUIPlugin:80 - create IPUIPlugin
2023-08-23 09:04:48,759 [INFO] PluginManager:220 - loadIPPluginJar : add lorawan
2023-08-23 09:04:48,761 [INFO] IPUIPlugin:80 - create IPUIPlugin
2023-08-23 09:04:48,761 [INFO] PluginManager:220 - loadIPPluginJar : add ltdc
2023-08-23 09:04:48,769 [INFO] IPUIPlugin:80 - create IPUIPlugin
2023-08-23 09:04:48,769 [INFO] PluginManager:220 - loadIPPluginJar : add mdma
2023-08-23 09:04:48,773 [INFO] IPUIPlugin:80 - create IPUIPlugin
2023-08-23 09:04:48,773 [INFO] PluginManager:220 - loadIPPluginJar : add nvic
2023-08-23 09:04:48,776 [INFO] IPUIPlugin:80 - create IPUIPlugin
2023-08-23 09:04:48,776 [INFO] PluginManager:220 - loadIPPluginJar : add opamp
2023-08-23 09:04:48,781 [INFO] IPUIPlugin:80 - create IPUIPlugin
2023-08-23 09:04:48,781 [INFO] PluginManager:220 - loadIPPluginJar : add openamp
2023-08-23 09:04:48,784 [INFO] IPUIPlugin:80 - create IPUIPlugin
2023-08-23 09:04:48,785 [INFO] PluginManager:220 - loadIPPluginJar : add pdm2pcm
2023-08-23 09:04:48,792 [INFO] IPUIPlugin:80 - create IPUIPlugin
2023-08-23 09:04:48,795 [INFO] PluginManager:220 - loadIPPluginJar : add plateformsettings
2023-08-23 09:04:48,797 [INFO] IPUIPlugin:80 - create IPUIPlugin
2023-08-23 09:04:48,797 [INFO] PluginManager:220 - loadIPPluginJar : add quadspi
2023-08-23 09:04:48,802 [INFO] IPUIPlugin:80 - create IPUIPlugin
2023-08-23 09:04:48,802 [INFO] PluginManager:220 - loadIPPluginJar : add resmgrutility
2023-08-23 09:04:48,806 [INFO] IPUIPlugin:80 - create IPUIPlugin
2023-08-23 09:04:48,806 [INFO] PluginManager:220 - loadIPPluginJar : add sai
2023-08-23 09:04:48,809 [INFO] IPUIPlugin:80 - create IPUIPlugin
2023-08-23 09:04:48,809 [INFO] PluginManager:220 - loadIPPluginJar : add spi
2023-08-23 09:04:48,815 [INFO] IPUIPlugin:80 - create IPUIPlugin
2023-08-23 09:04:48,815 [INFO] PluginManager:220 - loadIPPluginJar : add stm32_wpan
2023-08-23 09:04:48,818 [INFO] IPUIPlugin:80 - create IPUIPlugin
2023-08-23 09:04:48,818 [INFO] PluginManager:220 - loadIPPluginJar : add tim
2023-08-23 09:04:48,821 [INFO] IPUIPlugin:80 - create IPUIPlugin
2023-08-23 09:04:48,821 [INFO] PluginManager:220 - loadIPPluginJar : add touchsensing
2023-08-23 09:04:48,824 [INFO] IPUIPlugin:80 - create IPUIPlugin
2023-08-23 09:04:48,824 [INFO] PluginManager:220 - loadIPPluginJar : add tracer_emb
2023-08-23 09:04:48,826 [INFO] IPUIPlugin:80 - create IPUIPlugin
2023-08-23 09:04:48,827 [INFO] PluginManager:220 - loadIPPluginJar : add ts
2023-08-23 09:04:48,829 [INFO] IPUIPlugin:80 - create IPUIPlugin
2023-08-23 09:04:48,829 [INFO] PluginManager:220 - loadIPPluginJar : add tsc
2023-08-23 09:04:48,831 [INFO] IPUIPlugin:80 - create IPUIPlugin
2023-08-23 09:04:48,832 [INFO] PluginManager:220 - loadIPPluginJar : add ucpd
2023-08-23 09:04:48,834 [INFO] IPUIPlugin:80 - create IPUIPlugin
2023-08-23 09:04:48,835 [INFO] PluginManager:220 - loadIPPluginJar : add usart
2023-08-23 09:04:48,838 [INFO] IPUIPlugin:80 - create IPUIPlugin
2023-08-23 09:04:48,838 [INFO] PluginManager:220 - loadIPPluginJar : add usbx
2023-08-23 09:04:48,963 [INFO] CADModel:165 - CPN selected for project level
2023-08-23 09:04:48,963 [INFO] CADModel:114 - Register for checkConnection events
2023-08-23 09:04:48,963 [FATAL] Updater:308 - Updater called before beeing initialized
2023-08-23 09:04:48,963 [ERROR] CADModel:125 - Updater not yet initialized, retry later 
2023-08-23 09:04:49,126 [INFO] CADModel:165 - CPN selected for project level
2023-08-23 09:04:49,127 [INFO] CADModel:114 - Register for checkConnection events
2023-08-23 09:04:49,127 [FATAL] Updater:308 - Updater called before beeing initialized
2023-08-23 09:04:49,127 [ERROR] CADModel:125 - Updater not yet initialized, retry later 
2023-08-23 09:04:49,130 [FATAL] Updater:308 - Updater called before beeing initialized
2023-08-23 09:04:49,248 [FATAL] Updater:308 - Updater called before beeing initialized
2023-08-23 09:04:49,254 [INFO] DbMcusAds:53 - JSON generation date=Tue Mar 07 08:50:55 GMT 2023 (1678179055114)
2023-08-23 09:04:49,254 [FATAL] Updater:308 - Updater called before beeing initialized
2023-08-23 09:04:49,300 [WARN] DetailPanel:346 - Failed to get advertising image, set to default
2023-08-23 09:04:49,394 [FATAL] Updater:308 - Updater called before beeing initialized
2023-08-23 09:04:49,396 [FATAL] Updater:308 - Updater called before beeing initialized
2023-08-23 09:04:49,396 [FATAL] Updater:308 - Updater called before beeing initialized
2023-08-23 09:04:49,396 [WARN] DetailPanel:346 - Failed to get advertising image, set to default
2023-08-23 09:04:49,397 [FATAL] Updater:308 - Updater called before beeing initialized
2023-08-23 09:04:49,441 [ERROR] Updater:1120 - MainUpdater not yet initialized. External WinMGr cannot be set.
2023-08-23 09:04:49,443 [INFO] Updater:1056 - Updater Version found : 6.9.0
2023-08-23 09:04:49,467 [INFO] ApplicationProperties:184 - Using Application install path: D:\STM32CubeIDE_1.13.0\STM32CubeIDE\plugins\com.st.stm32cube.common.mx_6.9.0.202307051724
2023-08-23 09:04:49,596 [INFO] MainUpdater:2868 - connection check result : 10
2023-08-23 09:04:49,596 [INFO] MainUpdater:3562 - Updater definition file requires update
2023-08-23 09:04:49,597 [INFO] MainUpdater:285 - Updater Check For Update Now.
2023-08-23 09:04:49,598 [INFO] MicroXplorer:498 - Change Database Version : DB.6.0.90
2023-08-23 09:04:49,604 [INFO] McuFinderGlobals:63 - Set McuFinder mode to 2 (CubeIDE integrated)
2023-08-23 09:04:49,670 [INFO] ServerAccessManage:473 - Download File updaters.zip
2023-08-23 09:04:49,735 [INFO] FileExtend:240 - Unzip File : updaters.zip
2023-08-23 09:04:49,735 [INFO] FileExtend:255 - Standard Zip Deflate
2023-08-23 09:04:50,153 [INFO] ServerAccessManage:473 - Download File PacksControlFlags.xml
2023-08-23 09:04:50,271 [INFO] ServerAccessManage:473 - Download File cubemx.pidx
2023-08-23 09:04:50,650 [INFO] ServerAccessManage:473 - Download File STMicroelectronics.X-CUBE-AI.pdsc
2023-08-23 09:04:51,087 [WARN] MainUpdater:1189 - Updater busy. Cannot search thirdparties
2023-08-23 09:04:51,087 [INFO] ThirdPartyUpdaterWithRetryManager:96 - Updater plugin is busy. [1/15]
2023-08-23 09:04:51,714 [INFO] ServerAccessManage:473 - Download File STMicroelectronics.X-CUBE-BLE1.pdsc
2023-08-23 09:04:52,456 [ERROR] ServerAccessManage:1089 - Problem, file not found on Server
2023-08-23 09:04:52,887 [INFO] ServerAccessManage:473 - Download File STMicroelectronics.X-CUBE-AZRTOS-L5.pdsc
2023-08-23 09:04:53,279 [INFO] ServerAccessManage:473 - Download File STMicroelectronics.X-CUBE-AZRTOS-WB.pdsc
2023-08-23 09:04:54,085 [ERROR] ServerAccessManage:1096 - Problem, Http access forbiden
2023-08-23 09:04:54,086 [ERROR] ServerAccessManage:651 - Problem, Http access forbiden : RoweBots.I-CUBE-UNISONRTOS.pdsc.
2023-08-23 09:04:54,088 [WARN] MainUpdater:1189 - Updater busy. Cannot search thirdparties
2023-08-23 09:04:54,088 [INFO] ThirdPartyUpdaterWithRetryManager:96 - Updater plugin is busy. [2/15]
2023-08-23 09:04:55,222 [INFO] ServerAccessManage:473 - Download File WES.I-CUBE-Cesium.pdsc
2023-08-23 09:04:57,053 [ERROR] ServerAccessManage:1089 - Problem, file not found on Server
2023-08-23 09:04:57,090 [WARN] MainUpdater:1189 - Updater busy. Cannot search thirdparties
2023-08-23 09:04:57,090 [INFO] ThirdPartyUpdaterWithRetryManager:96 - Updater plugin is busy. [3/15]
2023-08-23 09:04:57,693 [ERROR] ServerAccessManage:1089 - Problem, file not found on Server
2023-08-23 09:04:57,779 [WARN] PackLoader:240 - Cannot read IP mode file for STMicroelectronics.X-CUBE-AI.8.1.0
2023-08-23 09:04:57,786 [WARN] PackLoader:240 - Cannot read IP mode file for STMicroelectronics.X-CUBE-BLE1.7.0.0
2023-08-23 09:04:57,806 [WARN] PackLoader:240 - Cannot read IP mode file for STMicroelectronics.X-CUBE-AZRTOS-L5.2.0.0
2023-08-23 09:04:57,820 [WARN] ConditionMgr:438 - getConditionDescription Invalid condition id : UX DEVICE CLASS RTOS Condition cause : null
2023-08-23 09:04:57,821 [WARN] ConditionMgr:438 - getConditionDescription Invalid condition id : UX DEVICE CLASS RTOS Condition cause : null
2023-08-23 09:04:57,823 [WARN] PackLoader:240 - Cannot read IP mode file for STMicroelectronics.X-CUBE-AZRTOS-WB.2.0.0
2023-08-23 09:04:57,824 [WARN] ConditionMgr:1039 - genDependencies : Invalid condition id : UX DEVICE CLASS RTOS Condition cause : null
2023-08-23 09:04:57,824 [WARN] ConditionMgr:1039 - genDependencies : Invalid condition id : UX DEVICE CLASS RTOS Condition cause : null
2023-08-23 09:04:57,825 [WARN] ConditionMgr:1039 - genDependencies : Invalid condition id : UX DEVICE CLASS RTOS Condition cause : null
2023-08-23 09:04:57,826 [WARN] ConditionMgr:1039 - genDependencies : Invalid condition id : UX DEVICE CLASS RTOS Condition cause : null
2023-08-23 09:04:57,826 [WARN] ConditionMgr:1039 - genDependencies : Invalid condition id : UX DEVICE CLASS RTOS Condition cause : null
2023-08-23 09:04:57,837 [WARN] PackLoader:240 - Cannot read IP mode file for WES.I-CUBE-Cesium.1.3.0
2023-08-23 09:04:57,838 [INFO] PopulateThirdPartyThread:66 - Ending populate Thread
2023-08-23 09:04:57,839 [INFO] ThirdParty:1030 - CMSIS Pack Vendor :STMicroelectronics X-CUBE-AZRTOS-WB 2.0.0
2023-08-23 09:04:57,839 [INFO] ThirdParty:1030 - CMSIS Pack Vendor :WES I-CUBE-Cesium 1.3.0
2023-08-23 09:04:57,839 [INFO] ThirdParty:1030 - CMSIS Pack Vendor :STMicroelectronics X-CUBE-BLE1 7.0.0
2023-08-23 09:04:57,839 [INFO] ThirdParty:1030 - CMSIS Pack Vendor :STMicroelectronics X-CUBE-AZRTOS-L5 2.0.0
2023-08-23 09:04:57,839 [INFO] ThirdParty:1030 - CMSIS Pack Vendor :STMicroelectronics X-CUBE-AI 8.1.0
2023-08-23 09:04:57,840 [INFO] LoadServerUpdatesThread:373 - End of LoadServerUpdate Thread
2023-08-23 09:04:57,877 [INFO] CheckServerUpdateThread:120 - End of CheckServer Thread
2023-08-23 09:05:00,245 [WARN] PackLoader:240 - Cannot read IP mode file for STMicroelectronics.X-CUBE-SMBUS.2.1.0
2023-08-23 09:05:00,259 [WARN] PackLoader:240 - Cannot read IP mode file for STMicroelectronics.X-CUBE-AZRTOS-F7.1.1.0
2023-08-23 09:05:00,270 [WARN] PackLoader:240 - Cannot read IP mode file for STMicroelectronics.FP-SNS-MOTENV1.4.3.2
2023-08-23 09:05:00,278 [WARN] PackLoader:240 - Cannot read IP mode file for STMicroelectronics.X-CUBE-BLE1.6.2.4
2023-08-23 09:05:00,284 [WARN] PackLoader:240 - Cannot read IP mode file for STMicroelectronics.FP-SNS-FLIGHT1.5.0.2
2023-08-23 09:05:00,290 [WARN] PackLoader:240 - Cannot read IP mode file for STMicroelectronics.X-CUBE-DISPLAY.3.0.0
2023-08-23 09:05:00,297 [WARN] PackLoader:240 - Cannot read IP mode file for STMicroelectronics.X-CUBE-BLE1.7.0.0
2023-08-23 09:05:00,305 [WARN] PackLoader:240 - Cannot read IP mode file for emotas.I-CUBE-CANOPEN.1.3.0
2023-08-23 09:05:00,310 [WARN] PackLoader:240 - Cannot read IP mode file for STMicroelectronics.X-CUBE-TOUCHGFX.4.22.0
2023-08-23 09:05:00,317 [INFO] LogOutputStream:77 - [STDOUT_REDIRECT] 1 : Invalid condition id : UX_CORESTACK_Condition cause : null
2023-08-23 09:05:00,317 [INFO] LogOutputStream:77 - [STDOUT_REDIRECT] 1 : Invalid condition id : UX_CORESTACK_Condition cause : null
2023-08-23 09:05:00,318 [INFO] LogOutputStream:77 - [STDOUT_REDIRECT] 1 : Invalid condition id : UX_CORESTACK_Condition cause : null
2023-08-23 09:05:00,319 [INFO] LogOutputStream:77 - [STDOUT_REDIRECT] 1 : Invalid condition id : UX_CORESTACK_Condition cause : null
2023-08-23 09:05:00,320 [INFO] LogOutputStream:77 - [STDOUT_REDIRECT] 1 : Invalid condition id : UX_CORESTACK_Condition cause : null
2023-08-23 09:05:00,322 [WARN] PackLoader:240 - Cannot read IP mode file for STMicroelectronics.X-CUBE-AZRTOS-WL.2.0.0
2023-08-23 09:05:00,328 [WARN] PackLoader:240 - Cannot read IP mode file for WES.I-CUBE-Cesium.1.3.0
2023-08-23 09:05:00,334 [WARN] PackLoader:240 - Cannot read IP mode file for STMicroelectronics.X-CUBE-BLE2.3.3.0
2023-08-23 09:05:00,340 [WARN] PackLoader:240 - Cannot read IP mode file for STMicroelectronics.X-CUBE-ALGOBUILD.1.3.0
2023-08-23 09:05:00,354 [WARN] PackLoader:240 - Cannot read IP mode file for STMicroelectronics.X-CUBE-AZRTOS-G0.1.1.0
2023-08-23 09:05:00,360 [WARN] PackLoader:240 - Cannot read IP mode file for STMicroelectronics.X-CUBE-NFC4.3.0.0
2023-08-23 09:05:00,366 [WARN] PackLoader:240 - Cannot read IP mode file for STMicroelectronics.FP-ATR-SIGFOX1.3.2.0
2023-08-23 09:05:00,386 [WARN] PackLoader:240 - Cannot read IP mode file for SEGGER.I-CUBE-embOS.1.3.1
2023-08-23 09:05:00,420 [WARN] PackLoader:240 - Cannot read IP mode file for STMicroelectronics.X-CUBE-GNSS1.6.0.0
2023-08-23 09:05:00,432 [WARN] PackLoader:240 - Cannot read IP mode file for STMicroelectronics.X-CUBE-AZRTOS-F4.1.1.0
2023-08-23 09:05:00,441 [WARN] PackLoader:240 - Cannot read IP mode file for wolfSSL.I-CUBE-wolfSSL.5.6.3
2023-08-23 09:05:00,455 [WARN] PackLoader:240 - Cannot read IP mode file for STMicroelectronics.X-CUBE-AZRTOS-L5.2.0.0
2023-08-23 09:05:00,483 [WARN] PackLoader:240 - Cannot read IP mode file for STMicroelectronics.X-CUBE-MEMS1.9.6.0
2023-08-23 09:05:00,585 [WARN] PackLoader:240 - Cannot read IP mode file for STMicroelectronics.X-CUBE-BLEMGR.2.0.0
2023-08-23 09:05:00,597 [WARN] ConditionMgr:438 - getConditionDescription Invalid condition id : UX DEVICE CLASS RTOS Condition cause : null
2023-08-23 09:05:00,598 [WARN] ConditionMgr:438 - getConditionDescription Invalid condition id : UX DEVICE CLASS RTOS Condition cause : null
2023-08-23 09:05:00,600 [WARN] PackLoader:240 - Cannot read IP mode file for STMicroelectronics.X-CUBE-AZRTOS-H7.3.1.0
2023-08-23 09:05:00,601 [WARN] ConditionMgr:1039 - genDependencies : Invalid condition id : UX DEVICE CLASS RTOS Condition cause : null
2023-08-23 09:05:00,601 [WARN] ConditionMgr:1039 - genDependencies : Invalid condition id : UX DEVICE CLASS RTOS Condition cause : null
2023-08-23 09:05:00,601 [WARN] ConditionMgr:1039 - genDependencies : Invalid condition id : UX DEVICE CLASS RTOS Condition cause : null
2023-08-23 09:05:00,602 [WARN] ConditionMgr:1039 - genDependencies : Invalid condition id : UX DEVICE CLASS RTOS Condition cause : null
2023-08-23 09:05:00,602 [WARN] ConditionMgr:1039 - genDependencies : Invalid condition id : UX DEVICE CLASS RTOS Condition cause : null
2023-08-23 09:05:00,608 [WARN] PackLoader:240 - Cannot read IP mode file for STMicroelectronics.X-CUBE-NFC7.1.0.1
2023-08-23 09:05:00,615 [WARN] PackLoader:240 - Cannot read IP mode file for STMicroelectronics.X-CUBE-EEPRMA1.4.1.0
2023-08-23 09:05:00,619 [WARN] PackLoader:240 - Cannot read IP mode file for STMicroelectronics.X-CUBE-AI.8.1.0
2023-08-23 09:05:00,631 [WARN] ConditionMgr:438 - getConditionDescription Invalid condition id : LAN8742 Phy interface Condition cause : null
2023-08-23 09:05:00,632 [WARN] PackLoader:240 - Cannot read IP mode file for STMicroelectronics.X-CUBE-AZRTOS-L4.2.0.0
2023-08-23 09:05:00,633 [WARN] ConditionMgr:1039 - genDependencies : Invalid condition id : LAN8742 Phy interface Condition cause : null
2023-08-23 09:05:00,633 [WARN] ConditionMgr:1039 - genDependencies : Invalid condition id : LAN8742 Phy interface Condition cause : null
2023-08-23 09:05:00,633 [WARN] ConditionMgr:1039 - genDependencies : Invalid condition id : LAN8742 Phy interface Condition cause : null
2023-08-23 09:05:00,640 [WARN] PackLoader:240 - Cannot read IP mode file for STMicroelectronics.X-CUBE-SFXS2LP1.4.0.0
2023-08-23 09:05:00,645 [WARN] PackLoader:240 - Cannot read IP mode file for STMicroelectronics.X-CUBE-ISPU.1.1.0
2023-08-23 09:05:00,653 [WARN] ConditionMgr:438 - getConditionDescription Invalid condition id : UX DEVICE CLASS RTOS Condition cause : null
2023-08-23 09:05:00,653 [WARN] ConditionMgr:438 - getConditionDescription Invalid condition id : UX DEVICE CLASS RTOS Condition cause : null
2023-08-23 09:05:00,655 [WARN] PackLoader:240 - Cannot read IP mode file for STMicroelectronics.X-CUBE-AZRTOS-WB.2.0.0
2023-08-23 09:05:00,655 [WARN] ConditionMgr:1039 - genDependencies : Invalid condition id : UX DEVICE CLASS RTOS Condition cause : null
2023-08-23 09:05:00,655 [WARN] ConditionMgr:1039 - genDependencies : Invalid condition id : UX DEVICE CLASS RTOS Condition cause : null
2023-08-23 09:05:00,656 [WARN] ConditionMgr:1039 - genDependencies : Invalid condition id : UX DEVICE CLASS RTOS Condition cause : null
2023-08-23 09:05:00,656 [WARN] ConditionMgr:1039 - genDependencies : Invalid condition id : UX DEVICE CLASS RTOS Condition cause : null
2023-08-23 09:05:00,656 [WARN] ConditionMgr:1039 - genDependencies : Invalid condition id : UX DEVICE CLASS RTOS Condition cause : null
2023-08-23 09:05:00,661 [WARN] PackLoader:240 - Cannot read IP mode file for STMicroelectronics.X-CUBE-FREERTOS.1.0.1
2023-08-23 09:05:00,671 [WARN] PackLoader:240 - Cannot read IP mode file for STMicroelectronics.X-CUBE-AZRTOS-L5.1.1.0
2023-08-23 09:05:00,676 [WARN] PackLoader:240 - Cannot read IP mode file for STMicroelectronics.X-CUBE-AI.8.0.1
2023-08-23 09:05:00,684 [WARN] PackLoader:240 - Cannot read IP mode file for STMicroelectronics.X-CUBE-SUBG2.5.0.0
2023-08-23 09:05:00,696 [WARN] PackLoader:240 - Cannot read IP mode file for STMicroelectronics.X-CUBE-TOF1.3.3.1
2023-08-23 09:05:00,711 [WARN] PackLoader:240 - Cannot read IP mode file for STMicroelectronics.X-CUBE-AZRTOS-G4.2.0.0
2023-08-23 09:05:00,718 [WARN] PackLoader:240 - Cannot read IP mode file for portGmbH.I-Cube-SoM-uGOAL.1.1.0
2023-08-23 09:05:00,722 [WARN] PackLoader:240 - Cannot read IP mode file for STMicroelectronics.X-CUBE-ALS.1.0.1
2023-08-23 09:05:00,734 [WARN] PackLoader:240 - Cannot read IP mode file for STMicroelectronics.X-CUBE-AZRTOS-WB.1.1.0
2023-08-23 09:05:00,739 [WARN] PackLoader:240 - Cannot read IP mode file for STMicroelectronics.FP-ATR-ASTRA1.2.0.0
2023-08-23 09:05:00,740 [INFO] ThirdParty:978 - Integrity check success = true
2023-08-23 09:05:00,740 [INFO] IntegrityCheckThread:100 - exiting critical section [integrity check]
2023-08-23 09:05:00,740 [INFO] IntegrityCheckThread:103 - End integrity checks thread
2023-08-23 09:05:10,379 [ERROR] LogOutputStream:75 - [STDERR_REDIRECT] SLF4J: Failed to load class "org.slf4j.impl.StaticLoggerBinder".
2023-08-23 09:05:10,380 [ERROR] LogOutputStream:75 - [STDERR_REDIRECT] SLF4J: Defaulting to no-operation (NOP) logger implementation
2023-08-23 09:05:10,381 [ERROR] LogOutputStream:75 - [STDERR_REDIRECT] SLF4J: See http://www.slf4j.org/codes.html#StaticLoggerBinder for further details.
2023-08-23 09:05:48,453 [INFO] McuFinderGlobals:63 - Set McuFinder mode to 2 (CubeIDE integrated)
2023-08-23 09:05:48,459 [INFO] MainUpdater:2868 - connection check result : 10
2023-08-23 09:05:48,461 [INFO] MainUpdater:2868 - connection check result : 10
2023-08-23 09:05:48,501 [INFO] MicroXplorer:468 - Change Database Path : 
2023-08-23 09:05:48,501 [INFO] MicroXplorer:498 - Change Database Version : DB.6.0.90
2023-08-23 09:05:48,505 [WARN] ThirdParty:871 - waiting for thirdparty lock release [close project]
2023-08-23 09:05:48,505 [INFO] ThirdParty:873 - entering critical section [close project]
2023-08-23 09:05:48,506 [INFO] ThirdParty:883 - exiting critical section [close project]
2023-08-23 09:05:48,508 [INFO] PinOutPanel:1499 - setPackage(No Configuration,No Configuration)
2023-08-23 09:05:48,513 [INFO] UtilMem:75 - Begin LoadConfig() Used Memory: 637148688 Bytes (891289600)
2023-08-23 09:05:48,514 [INFO] MicroXplorer:468 - Change Database Path : 
2023-08-23 09:05:48,514 [INFO] MicroXplorer:498 - Change Database Version : DB.6.0.90
2023-08-23 09:05:48,515 [INFO] OpenFileManager:308 - Change cursor
2023-08-23 09:05:48,542 [INFO] Mcu:1946 - Initializing MCU STM32L476R(C-E-G)Tx STM32L476RGTx STM32L476RGT3
2023-08-23 09:05:50,621 [INFO] Context:659 - Trying to add GPIOservice into a context  which must be forbidden
2023-08-23 09:05:51,395 [INFO] RtosManager:555 - Registered RTOS mode: class=CMSIS, group=RTOS, mode=CMSIS_V1, owner=FREERTOS
2023-08-23 09:05:51,395 [INFO] RtosManager:555 - Registered RTOS mode: class=CMSIS, group=RTOS2, mode=CMSIS_V2, owner=FREERTOS
2023-08-23 09:05:51,395 [INFO] RtosManager:555 - Registered RTOS mode: class=RTOS, group=Core, mode=CMSIS_V1, owner=FREERTOS
2023-08-23 09:05:51,395 [INFO] RtosManager:555 - Registered RTOS mode: class=RTOS, group=Core, mode=CMSIS_V2, owner=FREERTOS
2023-08-23 09:05:51,396 [WARN] ModelIntegratedComponent:184 - Missing modes for component STMicroelectronics:FreeRTOS:0.0.1:STMicroelectronics:RTOS:FreeRTOS:Core:::10.2.0:
2023-08-23 09:05:51,405 [WARN] ModelIntegratedComponent:63 - No mode defined for component null
2023-08-23 09:05:51,405 [WARN] ModelIntegratedComponent:63 - No mode defined for component null
2023-08-23 09:05:51,405 [WARN] ModelIntegratedComponent:63 - No mode defined for component null
2023-08-23 09:05:51,405 [WARN] ModelIntegratedComponent:63 - No mode defined for component null
2023-08-23 09:05:51,405 [WARN] ModelIntegratedComponent:63 - No mode defined for component null
2023-08-23 09:05:51,405 [WARN] ModelIntegratedComponent:63 - No mode defined for component null
2023-08-23 09:05:51,405 [WARN] ModelIntegratedComponent:63 - No mode defined for component null
2023-08-23 09:05:51,405 [WARN] ModelIntegratedComponent:63 - No mode defined for component null
2023-08-23 09:05:51,405 [WARN] ModelIntegratedComponent:63 - No mode defined for component null
2023-08-23 09:05:51,405 [WARN] ModelIntegratedComponent:63 - No mode defined for component null
2023-08-23 09:05:51,405 [WARN] ModelIntegratedComponent:63 - No mode defined for component null
2023-08-23 09:05:51,405 [WARN] ModelIntegratedComponent:63 - No mode defined for component null
2023-08-23 09:05:51,405 [WARN] ModelIntegratedComponent:63 - No mode defined for component null
2023-08-23 09:05:51,405 [WARN] ModelIntegratedComponent:63 - No mode defined for component null
2023-08-23 09:05:51,406 [WARN] ModelIntegratedComponent:63 - No mode defined for component null
2023-08-23 09:05:51,406 [WARN] ModelIntegratedComponent:63 - No mode defined for component null
2023-08-23 09:05:51,406 [WARN] ModelIntegratedComponent:63 - No mode defined for component null
2023-08-23 09:05:51,406 [WARN] ModelIntegratedComponent:63 - No mode defined for component null
2023-08-23 09:05:51,406 [WARN] ModelIntegratedComponent:63 - No mode defined for component null
2023-08-23 09:05:51,406 [WARN] ModelIntegratedComponent:63 - No mode defined for component null
2023-08-23 09:05:51,406 [WARN] ModelIntegratedComponent:63 - No mode defined for component null
2023-08-23 09:05:51,406 [WARN] ModelIntegratedComponent:63 - No mode defined for component null
2023-08-23 09:05:51,406 [WARN] ModelIntegratedComponent:63 - No mode defined for component null
2023-08-23 09:05:51,406 [WARN] ModelIntegratedComponent:63 - No mode defined for component null
2023-08-23 09:05:51,406 [WARN] ModelIntegratedComponent:63 - No mode defined for component null
2023-08-23 09:05:51,406 [WARN] ModelIntegratedComponent:63 - No mode defined for component null
2023-08-23 09:05:51,406 [WARN] ModelIntegratedComponent:63 - No mode defined for component null
2023-08-23 09:05:51,406 [WARN] ModelIntegratedComponent:63 - No mode defined for component null
2023-08-23 09:05:51,406 [WARN] ModelIntegratedComponent:63 - No mode defined for component null
2023-08-23 09:05:51,406 [WARN] ModelIntegratedComponent:63 - No mode defined for component null
2023-08-23 09:05:51,406 [WARN] ModelIntegratedComponent:63 - No mode defined for component null
2023-08-23 09:05:51,406 [WARN] ModelIntegratedComponent:63 - No mode defined for component null
2023-08-23 09:05:51,406 [WARN] ModelIntegratedComponent:63 - No mode defined for component null
2023-08-23 09:05:51,426 [INFO] ThirdPartyModel:298 - Start build external matchings
2023-08-23 09:05:51,659 [INFO] ThirdPartyModel:316 - End build external matchings
2023-08-23 09:05:51,671 [INFO] ImportTextPane:194 - (OptionalMessage_ERROR) IP (RCC) : Invalid parameter (FamilyName)
2023-08-23 09:05:51,673 [INFO] ImportTextPane:194 - (OptionalMessage_ERROR) IP (RCC) : Parameter (RNGFreq_Value) has invalid value (64000000)
2023-08-23 09:05:51,673 [INFO] ImportTextPane:194 - (OptionalMessage_ERROR) IP (RCC) : Parameter (SDMMCFreq_Value) has invalid value (64000000)
2023-08-23 09:05:51,674 [INFO] ImportTextPane:194 - (OptionalMessage_ERROR) IP (RCC) : Parameter (USBFreq_Value) has invalid value (64000000)
2023-08-23 09:05:52,077 [INFO] UtilMem:75 - End LoadConfig() Used Memory: 551006432 Bytes (1017118720)
2023-08-23 09:05:52,178 [INFO] ApiDb:581 - Connected to CubeFinder SQLite database (C:\Users\66405\.stmcufinder\plugins\mcufinder\mcu\cube-finder-db.db)
2023-08-23 09:05:52,261 [INFO] ApiDb:668 - CubeFinder database Data Model version=2.1
2023-08-23 09:05:52,261 [INFO] ApiDb:669 - CubeFinder database Configuration version=3.0.37
2023-08-23 09:05:52,262 [INFO] ApiDb:670 - CubeFinder database generation date=2023-06-26 (1687786131)
2023-08-23 09:05:52,262 [INFO] ApiDb:671 - CubeFinder database FW Pack versions=[FP-ATR-ASTRA1_V2.0.0, FP-SNS-FLIGHT1_V5.0.1, FP-SNS-MOTENV1_V4.3.1, STM32Cube_FW_C0_V1.1.0, STM32Cube_FW_F4_V1.27.1, STM32Cube_FW_F7_V1.17.0, STM32Cube_FW_G0_V1.6.1, STM32Cube_FW_G4_V1.5.1, STM32Cube_FW_H5_V0.5.1, STM32Cube_FW_H5_V1.1.0, STM32Cube_FW_H7_V1.11.0, STM32Cube_FW_L0_V1.12.2, STM32Cube_FW_L5_V1.5.0, STM32Cube_FW_U5_V1.3.0, STM32Cube_FW_U5_V1.3.0RC4, STM32Cube_FW_WBA_V1.0.0RC1, STM32Cube_FW_WBA_V1.1.0, STM32Cube_FW_WBA_V1.1.0RC1, STM32Cube_FW_WB_V1.15.0RC1, STM32Cube_FW_WB_V1.16.0, STM32Cube_FW_WB_V1.16.0RC2, STM32Cube_FW_WB_V1.17.0, STM32Cube_FW_WL_V1.3.0, X-CUBE-ALGOBUILD_V1.3.0, X-CUBE-ALS_V1.0.1, X-CUBE-AZRTOS-F4_V1.1.0, X-CUBE-AZRTOS-F7_V1.1.0, X-CUBE-AZRTOS-G0_V1.1.0, X-CUBE-AZRTOS-G4_V2.0.0, X-CUBE-AZRTOS-H7_V3.1.0, X-CUBE-AZRTOS-L4_V1.0.0, X-CUBE-AZRTOS-L4_V2.0.0, X-CUBE-AZRTOS-L5_V1.1.0, X-CUBE-AZRTOS-WB_V1.1.0, X-CUBE-AZRTOS-WL_V2.0.0, X-CUBE-BLE1_V6.2.4, X-CUBE-BLE2_V3.3.0, X-CUBE-BLEMGR_V2.0.0, X-CUBE-EEPRMA1_V4.1.0, X-CUBE-FREERTOS_V1.0.1, X-CUBE-GNSS1_V6.0.0, X-CUBE-MEMS1_V9.1.0, X-CUBE-MEMS1_V9.4.0, X-CUBE-MEMS1_V9.6.0, X-CUBE-NFC4_V3.0.0, X-CUBE-NFC7_V1.0.0, X-CUBE-SFXS2LP1_V4.0.0, X-CUBE-SUBG2_V5.0.0]
2023-08-23 09:05:54,674 [INFO] ApiDb:240 - Found 323 in-development CPN: [B-G473E-ZEST1S, B-WB1M-WPAN1, B-WL5M-SUBG1, NUCLEO-C031C6, NUCLEO-H503RB, NUCLEO-H563ZI, NUCLEO-U545RE-Q, NUCLEO-U5A5ZJ-Q, NUCLEO-WBA52CG, STEVAL-PROTEUS1, STEVAL-SMARTAG2, STEVAL-STWINBX1, STM320518-EVAL, STM32C0116-DK, STM32C011D6Y3TR, STM32C011D6Y6TR, STM32C011F4P3, STM32C011F4P6, STM32C011F4U3, STM32C011F4U6TR, STM32C011F6P3, STM32C011F6P6, STM32C011F6U3, STM32C011F6U6TR, STM32C011J4M3, STM32C011J4M6, STM32C011J6M3, STM32C011J6M6, STM32C0316-DK, STM32C031C4T3, STM32C031C4T6, STM32C031C4U3, STM32C031C4U6, STM32C031C6T3, STM32C031C6T6, STM32C031C6U3, STM32C031C6U6, STM32C031F4P3, STM32C031F4P6, STM32C031F6P3, STM32C031F6P6, STM32C031G4U3, STM32C031G4U6, STM32C031G6U3, STM32C031G6U6, STM32C031K4T3, STM32C031K4T6, STM32C031K4U3, STM32C031K4U6, STM32C031K6T3, STM32C031K6T6, STM32C031K6U3, STM32C031K6U6, STM32G071K8TXN, STM32G071K8UXN, STM32G081GBU6N, STM32G081KBT6N, STM32G081KBUXN, STM32G0B1CCT6N, STM32G0B1KCT6, STM32G0B1NEY6TR, STM32G0B1RCT6N, STM32G0C1CCT6, STM32G0C1CCT6N, STM32G0C1CCU6N, STM32G0C1CET6N, STM32G0C1CEU6N, STM32G0C1KCT6, STM32G0C1NEY6TR, STM32G0C1RCI6N, STM32G0C1RCT6N, STM32G0C1REI6N, STM32G0C1RET6N, STM32G0C1VCI6, STM32G0C1VEI6, STM32G471CCT6, STM32G471CCU6, STM32G471CET3, STM32G471CET6, STM32G471CEU3, STM32G471CEU6, STM32G471MCT6, STM32G471MET3, STM32G471MET6, STM32G471MEY6TR, STM32G471QCT6, STM32G471QET3, STM32G471RCT6, STM32G471RET3, STM32G471RET6, STM32G471VCH6, STM32G471VCI6, STM32G471VCT6, STM32G471VEH3, STM32G471VEH6, STM32G471VEI3, STM32G471VEI6, STM32G471VET3, STM32G471VET6, STM32G474CCT6, STM32H503CBT6, STM32H503CBU6, STM32H503EBY6TR, STM32H503KBU6, STM32H503RBT6, STM32H562AGI6, STM32H562AII6, STM32H562IGK6, STM32H562IGT6, STM32H562IIK6, STM32H562IIT6, STM32H562RGT6, STM32H562RGV6, STM32H562RIT6, STM32H562RIV6, STM32H562VGT6, STM32H562VIT6, STM32H562ZGT6, STM32H562ZIT6, STM32H563AGI6, STM32H563AII3Q, STM32H563AII6, STM32H563IGK6, STM32H563IGT6, STM32H563IIK3Q, STM32H563IIK6, STM32H563IIT3Q, STM32H563IIT6, STM32H563MIY3QTR, STM32H563RGT6, STM32H563RGV6, STM32H563RIT6, STM32H563RIV6, STM32H563VGT6, STM32H563VIT3Q, STM32H563VIT6, STM32H563ZGT6, STM32H563ZIT3Q, STM32H563ZIT6, STM32H573AII3Q, STM32H573AII6, STM32H573I-DK, STM32H573IIK3Q, STM32H573IIK6, STM32H573IIT3Q, STM32H573IIT6, STM32H573MIY3QTR, STM32H573RIT6, STM32H573RIV6, STM32H573VIT3Q, STM32H573VIT6, STM32H573ZIT3Q, STM32H573ZIT6, STM32L4R5QGI6STR, STM32MP131AAE3, STM32MP131AAF3, STM32MP131AAG3, STM32MP131CAE3, STM32MP131CAF3, STM32MP131CAG3, STM32MP131DAE7, STM32MP131DAF7, STM32MP131DAG7, STM32MP131FAE7, STM32MP131FAF7, STM32MP131FAG7, STM32MP133AAE3, STM32MP133AAF3, STM32MP133AAG3, STM32MP133CAE3, STM32MP133CAF3, STM32MP133CAG3, STM32MP133DAE7, STM32MP133DAF7, STM32MP133DAG7, STM32MP133FAE7, STM32MP133FAF7, STM32MP133FAG7, STM32MP135AAE3, STM32MP135AAF3, STM32MP135AAG3, STM32MP135CAE3, STM32MP135CAF3, STM32MP135CAG3, STM32MP135DAE7, STM32MP135DAF7, STM32MP135DAG7, STM32MP135F-DK, STM32MP135FAE7, STM32MP135FAF7, STM32MP135FAF7T, STM32MP135FAF7U, STM32MP135FAG7, STM32U535CBT6, STM32U535CBT6Q, STM32U535CBU6, STM32U535CBU6Q, STM32U535CCT6, STM32U535CCT6Q, STM32U535CCU6, STM32U535CCU6Q, STM32U535CET6, STM32U535CET6Q, STM32U535CEU6, STM32U535CEU6Q, STM32U535JEY6QTR, STM32U535NCY6QTR, STM32U535NEY6QTR, STM32U535RBI6, STM32U535RBI6Q, STM32U535RBT6, STM32U535RBT6Q, STM32U535RCI6, STM32U535RCI6Q, STM32U535RCT6, STM32U535RCT6Q, STM32U535REI6, STM32U535REI6Q, STM32U535RET6, STM32U535RET6Q, STM32U535VCI6, STM32U535VCI6Q, STM32U535VCT6, STM32U535VCT6Q, STM32U535VEI6, STM32U535VEI6Q, STM32U535VET6, STM32U535VET6Q, STM32U545CET6, STM32U545CET6Q, STM32U545CEU6, STM32U545CEU6Q, STM32U545JEY6QTR, STM32U545NEY6QTR, STM32U545REI6, STM32U545REI6Q, STM32U545RET6, STM32U545RET6Q, STM32U545VEI6, STM32U545VEI6Q, STM32U545VET6, STM32U545VET6Q, STM32U595AIH6, STM32U595AIH6Q, STM32U595AJH6, STM32U595AJH6Q, STM32U595QII6, STM32U595QII6Q, STM32U595QJI6, STM32U595QJI6Q, STM32U595RIT6, STM32U595RIT6Q, STM32U595RJT6, STM32U595RJT6Q, STM32U595VIT6, STM32U595VIT6Q, STM32U595VJT6, STM32U595VJT6Q, STM32U595ZIT6, STM32U595ZIT6Q, STM32U595ZIY6QTR, STM32U595ZJT6, STM32U595ZJT6Q, STM32U595ZJY6QTR, STM32U599BJY6QTR, STM32U599NIH6Q, STM32U599NJH6Q, STM32U599VIT6Q, STM32U599VJT6, STM32U599VJT6Q, STM32U599ZIT6Q, STM32U599ZIY6QTR, STM32U599ZJT6Q, STM32U599ZJY6QTR, STM32U5A5AJH6, STM32U5A5AJH6Q, STM32U5A5QJI6, STM32U5A5QJI6Q, STM32U5A5RJT6, STM32U5A5RJT6Q, STM32U5A5VJT6, STM32U5A5VJT6Q, STM32U5A5ZJT6, STM32U5A5ZJT6Q, STM32U5A5ZJY6QTR, STM32U5A9BJY6QTR, STM32U5A9J-DK, STM32U5A9NJH6Q, STM32U5A9VJT6Q, STM32U5A9ZJT6Q, STM32U5A9ZJY6QTR, STM32U5F7VIT6, STM32U5F7VIT6Q, STM32U5F7VJT6, STM32U5F7VJT6Q, STM32U5F9BJY6QTR, STM32U5F9NJH6Q, STM32U5F9VIT6Q, STM32U5F9VJT6Q, STM32U5F9ZIJ6QTR, STM32U5F9ZIT6Q, STM32U5F9ZJJ6QTR, STM32U5F9ZJT6Q, STM32U5G7VJT6, STM32U5G7VJT6Q, STM32U5G9BJY6QTR, STM32U5G9J-DK1, STM32U5G9J-DK2, STM32U5G9NJH6Q, STM32U5G9VJT6Q, STM32U5G9ZJJ6QTR, STM32U5G9ZJT6Q, STM32WB1MMCH6, STM32WBA52CEU6, STM32WBA52CEU6T, STM32WBA52CGU6, STM32WBA52CGU6T, STM32WBA52KEU6, STM32WBA52KEU6T, STM32WBA52KGU6, STM32WBA52KGU6T, STM32WL5MOCH6, STM32WL5MOCH6TR]
2023-08-23 09:05:54,680 [INFO] DbMcus:217 - Found 3848 MCUs, 3848 are supported
2023-08-23 09:05:54,682 [INFO] ApiDb:423 - Load user favorites file C:\Users\66405/.stm32cubeide/favorites.mcus.txt: 0 item(s)
2023-08-23 09:05:54,683 [INFO] ApiDb:427 - User favorites MCUs=[]
2023-08-23 09:05:54,683 [INFO] DbMcus:223 - Set 0 / 0 favorites MCUs
2023-08-23 09:05:55,053 [WARN] ThirdParty:833 - waiting for thirdparty lock release [change project]
2023-08-23 09:05:55,053 [INFO] ThirdParty:835 - entering critical section [change project]
2023-08-23 09:05:55,054 [INFO] ThirdParty:1030 - CMSIS Pack Vendor :STMicroelectronics X-CUBE-ISPU 1.1.0
2023-08-23 09:05:55,054 [INFO] ThirdParty:1030 - CMSIS Pack Vendor :STMicroelectronics USBPD 4.1
2023-08-23 09:05:55,054 [INFO] ThirdParty:1030 - CMSIS Pack Vendor :STMicroelectronics X-CUBE-GNSS1 6.0.0
2023-08-23 09:05:55,054 [INFO] ThirdParty:1030 - CMSIS Pack Vendor :STMicroelectronics USB_HOST 2.0.0
2023-08-23 09:05:55,054 [INFO] ThirdParty:1030 - CMSIS Pack Vendor :STMicroelectronics X-CUBE-AZRTOS-F4 1.1.0
2023-08-23 09:05:55,054 [INFO] ThirdParty:1030 - CMSIS Pack Vendor :STMicroelectronics LIBJPEG 8.0.0
2023-08-23 09:05:55,054 [INFO] ThirdParty:1030 - CMSIS Pack Vendor :wolfSSL I-CUBE-wolfSSL 5.6.3
2023-08-23 09:05:55,054 [INFO] ThirdParty:1030 - CMSIS Pack Vendor :STMicroelectronics X-CUBE-SMBUS 2.1.0
2023-08-23 09:05:55,054 [INFO] ThirdParty:1030 - CMSIS Pack Vendor :STMicroelectronics USB_DEVICE 3.0.0
2023-08-23 09:05:55,054 [INFO] ThirdParty:1030 - CMSIS Pack Vendor :STMicroelectronics X-CUBE-AZRTOS-WB 2.0.0
2023-08-23 09:05:55,055 [INFO] ThirdParty:1030 - CMSIS Pack Vendor :STMicroelectronics X-CUBE-FREERTOS 1.0.1
2023-08-23 09:05:55,055 [INFO] ThirdParty:1030 - CMSIS Pack Vendor :STMicroelectronics X-CUBE-AZRTOS-F7 1.1.0
2023-08-23 09:05:55,055 [INFO] ThirdParty:1030 - CMSIS Pack Vendor :STMicroelectronics X-CUBE-AZRTOS-L5 2.0.0
2023-08-23 09:05:55,055 [INFO] ThirdParty:1030 - CMSIS Pack Vendor :STMicroelectronics USB_DEVICE 2.0.0
2023-08-23 09:05:55,055 [INFO] ThirdParty:1030 - CMSIS Pack Vendor :STMicroelectronics X-CUBE-MEMS1 9.6.0
2023-08-23 09:05:55,055 [INFO] ThirdParty:1030 - CMSIS Pack Vendor :STMicroelectronics FP-SNS-MOTENV1 4.3.2
2023-08-23 09:05:55,055 [INFO] ThirdParty:1030 - CMSIS Pack Vendor :STMicroelectronics X-CUBE-ALGOBUILD 1.3.0
2023-08-23 09:05:55,055 [INFO] ThirdParty:1030 - CMSIS Pack Vendor :STMicroelectronics X-CUBE-BLE1 6.2.4
2023-08-23 09:05:55,055 [INFO] ThirdParty:1030 - CMSIS Pack Vendor :STMicroelectronics X-CUBE-AZRTOS-L5 1.1.0
2023-08-23 09:05:55,055 [INFO] ThirdParty:1030 - CMSIS Pack Vendor :STMicroelectronics FreeRTOS 0.0.1
2023-08-23 09:05:55,055 [INFO] ThirdParty:1030 - CMSIS Pack Vendor :STMicroelectronics X-CUBE-AZRTOS-G0 1.1.0
2023-08-23 09:05:55,055 [INFO] ThirdParty:1030 - CMSIS Pack Vendor :STMicroelectronics X-CUBE-BLEMGR 2.0.0
2023-08-23 09:05:55,055 [INFO] ThirdParty:1030 - CMSIS Pack Vendor :STMicroelectronics X-CUBE-AI 8.0.1
2023-08-23 09:05:55,055 [INFO] ThirdParty:1030 - CMSIS Pack Vendor :STMicroelectronics X-CUBE-NFC4 3.0.0
2023-08-23 09:05:55,056 [INFO] ThirdParty:1030 - CMSIS Pack Vendor :STMicroelectronics X-CUBE-SUBG2 5.0.0
2023-08-23 09:05:55,056 [INFO] ThirdParty:1030 - CMSIS Pack Vendor :STMicroelectronics STM32_WPAN 1.0.0
2023-08-23 09:05:55,056 [INFO] ThirdParty:1030 - CMSIS Pack Vendor :STMicroelectronics lwIP 2.0.3
2023-08-23 09:05:55,056 [INFO] ThirdParty:1030 - CMSIS Pack Vendor :STMicroelectronics FP-SNS-FLIGHT1 5.0.2
2023-08-23 09:05:55,056 [INFO] ThirdParty:1030 - CMSIS Pack Vendor :STMicroelectronics USB_HOST 1.0.0
2023-08-23 09:05:55,056 [INFO] ThirdParty:1030 - CMSIS Pack Vendor :STMicroelectronics X-CUBE-TOF1 3.3.1
2023-08-23 09:05:55,056 [INFO] ThirdParty:1030 - CMSIS Pack Vendor :STMicroelectronics X-CUBE-AZRTOS-G4 2.0.0
2023-08-23 09:05:55,056 [INFO] ThirdParty:1030 - CMSIS Pack Vendor :STMicroelectronics PDM2PCM 3.1.0
2023-08-23 09:05:55,056 [INFO] ThirdParty:1030 - CMSIS Pack Vendor :STMicroelectronics X-CUBE-AZRTOS-H7 3.1.0
2023-08-23 09:05:55,056 [INFO] ThirdParty:1030 - CMSIS Pack Vendor :STMicroelectronics PDM2PCM 3.3.0
2023-08-23 09:05:55,056 [INFO] ThirdParty:1030 - CMSIS Pack Vendor :STMicroelectronics X-CUBE-DISPLAY 3.0.0
2023-08-23 09:05:55,056 [INFO] ThirdParty:1030 - CMSIS Pack Vendor :STMicroelectronics X-CUBE-BLE1 7.0.0
2023-08-23 09:05:55,056 [INFO] ThirdParty:1030 - CMSIS Pack Vendor :STMicroelectronics FP-ATR-SIGFOX1 3.2.0
2023-08-23 09:05:55,056 [INFO] ThirdParty:1030 - CMSIS Pack Vendor :STMicroelectronics HAL Drivers 0.0.0
2023-08-23 09:05:55,056 [INFO] ThirdParty:1030 - CMSIS Pack Vendor :STMicroelectronics MBEDTLS 2.16.2
2023-08-23 09:05:55,056 [INFO] ThirdParty:1030 - CMSIS Pack Vendor :emotas I-CUBE-CANOPEN 1.3.0
2023-08-23 09:05:55,056 [INFO] ThirdParty:1030 - CMSIS Pack Vendor :STMicroelectronics X-CUBE-TOUCHGFX 4.22.0
2023-08-23 09:05:55,056 [INFO] ThirdParty:1030 - CMSIS Pack Vendor :STMicroelectronics X-CUBE-NFC7 1.0.1
2023-08-23 09:05:55,056 [INFO] ThirdParty:1030 - CMSIS Pack Vendor :STMicroelectronics MBEDTLS 2.14.1
2023-08-23 09:05:55,056 [INFO] ThirdParty:1030 - CMSIS Pack Vendor :STMicroelectronics X-CUBE-EEPRMA1 4.1.0
2023-08-23 09:05:55,056 [INFO] ThirdParty:1030 - CMSIS Pack Vendor :portGmbH I-Cube-SoM-uGOAL 1.1.0
2023-08-23 09:05:55,056 [INFO] ThirdParty:1030 - CMSIS Pack Vendor :STMicroelectronics X-CUBE-ALS 1.0.1
2023-08-23 09:05:55,056 [INFO] ThirdParty:1030 - CMSIS Pack Vendor :STMicroelectronics ThreadX 1.0.0
2023-08-23 09:05:55,056 [INFO] ThirdParty:1030 - CMSIS Pack Vendor :STMicroelectronics X-CUBE-AZRTOS-WB 1.1.0
2023-08-23 09:05:55,056 [INFO] ThirdParty:1030 - CMSIS Pack Vendor :STMicroelectronics X-CUBE-AZRTOS-WL 2.0.0
2023-08-23 09:05:55,056 [INFO] ThirdParty:1030 - CMSIS Pack Vendor :SEGGER I-CUBE-embOS 1.3.1
2023-08-23 09:05:55,057 [INFO] ThirdParty:1030 - CMSIS Pack Vendor :STMicroelectronics USB_DEVICE 1.0.0
2023-08-23 09:05:55,057 [INFO] ThirdParty:1030 - CMSIS Pack Vendor :STMicroelectronics X-CUBE-AI 8.1.0
2023-08-23 09:05:55,057 [INFO] ThirdParty:1030 - CMSIS Pack Vendor :STMicroelectronics X-CUBE-AZRTOS-L4 2.0.0
2023-08-23 09:05:55,057 [INFO] ThirdParty:1030 - CMSIS Pack Vendor :STMicroelectronics ThreadX 0.0.2
2023-08-23 09:05:55,057 [INFO] ThirdParty:1030 - CMSIS Pack Vendor :WES I-CUBE-Cesium 1.3.0
2023-08-23 09:05:55,057 [INFO] ThirdParty:1030 - CMSIS Pack Vendor :STMicroelectronics FP-ATR-ASTRA1 2.0.0
2023-08-23 09:05:55,057 [INFO] ThirdParty:1030 - CMSIS Pack Vendor :STMicroelectronics lwIP 2.1.2
2023-08-23 09:05:55,057 [INFO] ThirdParty:1030 - CMSIS Pack Vendor :STMicroelectronics X-CUBE-SFXS2LP1 4.0.0
2023-08-23 09:05:55,057 [INFO] ThirdParty:1030 - CMSIS Pack Vendor :STMicroelectronics X-CUBE-BLE2 3.3.0
2023-08-23 09:05:55,057 [INFO] ThirdParty:1030 - CMSIS Pack Vendor :STMicroelectronics PDM2PCM 3.2.0
2023-08-23 09:05:55,057 [INFO] ThirdParty:841 - exiting critical section [change project]
2023-08-23 09:05:55,556 [INFO] PinOutPanel:1499 - setPackage(No Configuration,No Configuration)
2023-08-23 09:05:55,557 [INFO] PinOutPanel:1499 - setPackage(STM32L476RGTx,LQFP64)
2023-08-23 09:05:56,394 [INFO] UtilMem:75 - Before build in PCC Used Memory: 714596816 Bytes (1073741824)
2023-08-23 09:05:57,217 [INFO] UtilMem:75 - After build in PCC Used Memory: 851362008 Bytes (1073741824)
2023-08-23 09:05:57,253 [INFO] IPUIPlugin:80 - create IPUIPlugin
2023-08-23 09:05:57,253 [INFO] IPUIPlugin:80 - create IPUIPlugin
2023-08-23 09:05:57,253 [INFO] IPUIPlugin:80 - create IPUIPlugin
2023-08-23 09:05:57,253 [INFO] IPUIPlugin:80 - create IPUIPlugin
2023-08-23 09:05:57,253 [INFO] IPUIPlugin:80 - create IPUIPlugin
2023-08-23 09:05:57,253 [INFO] IPUIPlugin:80 - create IPUIPlugin
2023-08-23 09:05:57,253 [INFO] IPUIPlugin:80 - create IPUIPlugin
2023-08-23 09:05:57,253 [INFO] IPUIPlugin:80 - create IPUIPlugin
2023-08-23 09:05:57,253 [INFO] IPUIPlugin:80 - create IPUIPlugin
2023-08-23 09:05:57,253 [INFO] IPUIPlugin:80 - create IPUIPlugin
2023-08-23 09:05:57,254 [INFO] IPUIPlugin:80 - create IPUIPlugin
2023-08-23 09:05:57,254 [INFO] IPUIPlugin:80 - create IPUIPlugin
2023-08-23 09:05:57,254 [INFO] IPUIPlugin:80 - create IPUIPlugin
2023-08-23 09:05:57,254 [INFO] IPUIPlugin:80 - create IPUIPlugin
2023-08-23 09:05:57,254 [INFO] IPUIPlugin:80 - create IPUIPlugin
2023-08-23 09:05:57,254 [INFO] IPUIPlugin:80 - create IPUIPlugin
2023-08-23 09:05:57,254 [INFO] IPUIPlugin:80 - create IPUIPlugin
2023-08-23 09:05:57,254 [INFO] IPUIPlugin:80 - create IPUIPlugin
2023-08-23 09:05:57,254 [INFO] IPUIPlugin:80 - create IPUIPlugin
2023-08-23 09:05:57,254 [INFO] IPUIPlugin:80 - create IPUIPlugin
2023-08-23 09:05:57,255 [INFO] IPUIPlugin:80 - create IPUIPlugin
2023-08-23 09:05:57,255 [INFO] IPUIPlugin:80 - create IPUIPlugin
2023-08-23 09:05:57,255 [INFO] IPUIPlugin:80 - create IPUIPlugin
2023-08-23 09:05:57,255 [INFO] IPUIPlugin:80 - create IPUIPlugin
2023-08-23 09:05:57,255 [INFO] IPUIPlugin:80 - create IPUIPlugin
2023-08-23 09:05:57,256 [INFO] IPUIPlugin:80 - create IPUIPlugin
2023-08-23 09:05:57,256 [INFO] IPUIPlugin:80 - create IPUIPlugin
2023-08-23 09:05:57,256 [INFO] IPUIPlugin:80 - create IPUIPlugin
2023-08-23 09:05:57,256 [INFO] IPUIPlugin:80 - create IPUIPlugin
2023-08-23 09:05:57,256 [INFO] IPUIPlugin:80 - create IPUIPlugin
2023-08-23 09:05:57,257 [INFO] IPUIPlugin:80 - create IPUIPlugin
2023-08-23 09:05:57,257 [INFO] IPUIPlugin:80 - create IPUIPlugin
2023-08-23 09:05:57,257 [INFO] IPUIPlugin:80 - create IPUIPlugin
2023-08-23 09:05:57,257 [INFO] IPUIPlugin:80 - create IPUIPlugin
2023-08-23 09:05:57,257 [INFO] IPUIPlugin:80 - create IPUIPlugin
2023-08-23 09:05:57,257 [INFO] IPUIPlugin:80 - create IPUIPlugin
2023-08-23 09:05:57,257 [INFO] IPUIPlugin:80 - create IPUIPlugin
2023-08-23 09:05:57,258 [INFO] IPUIPlugin:80 - create IPUIPlugin
2023-08-23 09:05:57,258 [INFO] IPUIPlugin:80 - create IPUIPlugin
2023-08-23 09:05:57,258 [INFO] IPUIPlugin:80 - create IPUIPlugin
2023-08-23 09:05:57,258 [INFO] IPUIPlugin:80 - create IPUIPlugin
2023-08-23 09:05:57,258 [INFO] IPUIPlugin:80 - create IPUIPlugin
2023-08-23 09:05:57,259 [INFO] IPUIPlugin:80 - create IPUIPlugin
2023-08-23 09:05:57,259 [INFO] IPUIPlugin:80 - create IPUIPlugin
2023-08-23 09:05:57,259 [INFO] IPUIPlugin:80 - create IPUIPlugin
2023-08-23 09:05:57,259 [INFO] IPUIPlugin:80 - create IPUIPlugin
2023-08-23 09:05:57,259 [INFO] IPUIPlugin:80 - create IPUIPlugin
2023-08-23 09:05:57,259 [INFO] IPUIPlugin:80 - create IPUIPlugin
2023-08-23 09:05:57,260 [INFO] IPUIPlugin:80 - create IPUIPlugin
2023-08-23 09:05:57,260 [INFO] IPUIPlugin:80 - create IPUIPlugin
2023-08-23 09:05:57,260 [INFO] IPUIPlugin:80 - create IPUIPlugin
2023-08-23 09:05:57,260 [INFO] IPUIPlugin:80 - create IPUIPlugin
2023-08-23 09:05:57,260 [INFO] IPUIPlugin:80 - create IPUIPlugin
2023-08-23 09:05:57,261 [INFO] IPUIPlugin:80 - create IPUIPlugin
2023-08-23 09:05:57,261 [INFO] IPUIPlugin:80 - create IPUIPlugin
2023-08-23 09:05:57,261 [INFO] IPUIPlugin:80 - create IPUIPlugin
2023-08-23 09:05:57,262 [INFO] IPUIPlugin:80 - create IPUIPlugin
2023-08-23 09:05:57,263 [INFO] IPUIPlugin:80 - create IPUIPlugin
2023-08-23 09:05:57,263 [INFO] IPUIPlugin:80 - create IPUIPlugin
2023-08-23 09:05:57,478 [INFO] CADModel:165 - CPN selected for project levelSTM32L476RGT3
2023-08-23 09:05:57,478 [INFO] CADModel:114 - Register for checkConnection events
2023-08-23 09:05:57,517 [INFO] OpenFileManager:328 - Restore cursor
2023-08-23 18:07:56,565 [ERROR] LogOutputStream:75 - [STDERR_REDIRECT] Exception in thread "AWT-EventQueue-0" java.awt.IllegalComponentStateException: Native resources unavailable
2023-08-23 18:07:56,566 [ERROR] LogOutputStream:75 - [STDERR_REDIRECT] 	at java.desktop/sun.awt.windows.WWindowPeer.getScreenImOn(Native Method)
2023-08-23 18:07:56,567 [ERROR] LogOutputStream:75 - [STDERR_REDIRECT] 	at java.desktop/sun.awt.windows.WWindowPeer.updateGC(WWindowPeer.java:566)
2023-08-23 18:07:56,568 [ERROR] LogOutputStream:75 - [STDERR_REDIRECT] 	at java.desktop/java.awt.event.InvocationEvent.dispatch(InvocationEvent.java:318)
2023-08-23 18:07:56,568 [ERROR] LogOutputStream:75 - [STDERR_REDIRECT] 	at java.desktop/java.awt.EventQueue.dispatchEventImpl(EventQueue.java:771)
2023-08-23 18:07:56,569 [ERROR] LogOutputStream:75 - [STDERR_REDIRECT] 	at java.desktop/java.awt.EventQueue$4.run(EventQueue.java:722)
2023-08-23 18:07:56,570 [ERROR] LogOutputStream:75 - [STDERR_REDIRECT] 	at java.desktop/java.awt.EventQueue$4.run(EventQueue.java:716)
2023-08-23 18:07:56,571 [ERROR] LogOutputStream:75 - [STDERR_REDIRECT] 	at java.base/java.security.AccessController.doPrivileged(AccessController.java:399)
2023-08-23 18:07:56,572 [ERROR] LogOutputStream:75 - [STDERR_REDIRECT] 	at java.base/java.security.ProtectionDomain$JavaSecurityAccessImpl.doIntersectionPrivilege(ProtectionDomain.java:86)
2023-08-23 18:07:56,574 [ERROR] LogOutputStream:75 - [STDERR_REDIRECT] 	at java.base/java.security.ProtectionDomain$JavaSecurityAccessImpl.doIntersectionPrivilege(ProtectionDomain.java:97)
2023-08-23 18:07:56,575 [ERROR] LogOutputStream:75 - [STDERR_REDIRECT] 	at java.desktop/java.awt.EventQueue$5.run(EventQueue.java:746)
2023-08-23 18:07:56,576 [ERROR] LogOutputStream:75 - [STDERR_REDIRECT] 	at java.desktop/java.awt.EventQueue$5.run(EventQueue.java:744)
2023-08-23 18:07:56,577 [ERROR] LogOutputStream:75 - [STDERR_REDIRECT] 	at java.base/java.security.AccessController.doPrivileged(AccessController.java:399)
2023-08-23 18:07:56,579 [ERROR] LogOutputStream:75 - [STDERR_REDIRECT] 	at java.base/java.security.ProtectionDomain$JavaSecurityAccessImpl.doIntersectionPrivilege(ProtectionDomain.java:86)
2023-08-23 18:07:56,580 [ERROR] LogOutputStream:75 - [STDERR_REDIRECT] 	at java.desktop/java.awt.EventQueue.dispatchEvent(EventQueue.java:743)
2023-08-23 18:07:56,581 [ERROR] LogOutputStream:75 - [STDERR_REDIRECT] 	at java.desktop/java.awt.EventDispatchThread.pumpOneEventForFilters(EventDispatchThread.java:203)
2023-08-23 18:07:56,582 [ERROR] LogOutputStream:75 - [STDERR_REDIRECT] 	at java.desktop/java.awt.EventDispatchThread.pumpEventsForFilter(EventDispatchThread.java:124)
2023-08-23 18:07:56,583 [ERROR] LogOutputStream:75 - [STDERR_REDIRECT] 	at java.desktop/java.awt.EventDispatchThread.pumpEventsForHierarchy(EventDispatchThread.java:113)
2023-08-23 18:07:56,585 [ERROR] LogOutputStream:75 - [STDERR_REDIRECT] 	at java.desktop/java.awt.EventDispatchThread.pumpEvents(EventDispatchThread.java:109)
2023-08-23 18:07:56,586 [ERROR] LogOutputStream:75 - [STDERR_REDIRECT] 	at java.desktop/java.awt.EventDispatchThread.pumpEvents(EventDispatchThread.java:101)
2023-08-23 18:07:56,587 [ERROR] LogOutputStream:75 - [STDERR_REDIRECT] 	at java.desktop/java.awt.EventDispatchThread.run(EventDispatchThread.java:90)
