2024-12-07 18:51:42,519 [INFO] Activator:176 - 


2024-12-07 18:51:42,526 [INFO] Activator:177 - !SESSION log4j initialized
2024-12-07 18:51:47,836 [INFO] LogOutputStream:77 - [STDOUT_REDIRECT] 
2024-12-07 18:51:50,095 [INFO] ApplicationProperties:184 - Using Application install path: D:\STM32CubeIDE_1.13.0\STM32CubeIDE\plugins\com.st.stm32cube.common.mx_6.11.0.202403141607
2024-12-07 18:51:50,117 [INFO] DbMcusXml:78 - Set database path to: D:\STM32CubeIDE_1.13.0\STM32CubeIDE\plugins\com.st.stm32cube.common.mx_6.11.0.202403141607\\db\/mcu/
2024-12-07 18:51:50,117 [INFO] ApiDb:274 - Set plugin database path to: D:\STM32CubeIDE_1.13.0\STM32CubeIDE\plugins\com.st.stm32cube.common.mx_6.11.0.202403141607\\db\/plugins/boardmanager/
2024-12-07 18:51:50,118 [WARN] ApiDb:259 - Overriding images path with different value:  => D:\STM32CubeIDE_1.13.0\STM32CubeIDE\plugins\com.st.stm32cube.common.mx_6.11.0.202403141607\\db\/plugins/mcufinder/images/
2024-12-07 18:51:50,133 [INFO] ApiDb:250 - Set database path to: C:\Users\66405\.stmcufinder\plugins\mcufinder//mcu/
2024-12-07 18:51:50,134 [INFO] DbMcusAds:125 - Set database path to: C:\Users\66405\.stmcufinder\plugins\mcufinder//mcu/
2024-12-07 18:51:50,137 [INFO] CrossReferenceDbSqlite:203 - Set database path to: C:\Users\66405\.stmcufinder\plugins\mcufinder//mcu/cs/
2024-12-07 18:51:50,259 [INFO] RulesReader:64 - Compatibility file has been processed (297 Rules)
2024-12-07 18:51:50,356 [INFO] DbMcusXml:78 - Set database path to: D:\STM32CubeIDE_1.13.0\STM32CubeIDE\plugins\com.st.stm32cube.common.mx_6.11.0.202403141607\\db\/mcu/
2024-12-07 18:51:50,357 [INFO] ApiDb:274 - Set plugin database path to: D:\STM32CubeIDE_1.13.0\STM32CubeIDE\plugins\com.st.stm32cube.common.mx_6.11.0.202403141607\\db\/plugins/boardmanager/
2024-12-07 18:51:50,357 [INFO] ApiDb:261 - Set plugin images path to: D:\STM32CubeIDE_1.13.0\STM32CubeIDE\plugins\com.st.stm32cube.common.mx_6.11.0.202403141607\\db\/plugins/mcufinder/images/
2024-12-07 18:51:50,357 [WARN] DbFile:41 - Overriding database path with different value: C:\Users\66405\.stmcufinder\plugins\mcufinder/ => C:\Users\66405\.stmcufinder\plugins\mcufinder
2024-12-07 18:51:50,357 [INFO] ApiDb:250 - Set database path to: C:\Users\66405\.stmcufinder\plugins\mcufinder//mcu/
2024-12-07 18:51:50,357 [WARN] DbFile:41 - Overriding database path with different value: C:\Users\66405\.stmcufinder\plugins\mcufinder/ => C:\Users\66405\.stmcufinder\plugins\mcufinder
2024-12-07 18:51:50,357 [INFO] DbMcusAds:125 - Set database path to: C:\Users\66405\.stmcufinder\plugins\mcufinder//mcu/
2024-12-07 18:51:50,357 [WARN] DbFile:41 - Overriding database path with different value: C:\Users\66405\.stmcufinder\plugins\mcufinder/ => C:\Users\66405\.stmcufinder\plugins\mcufinder
2024-12-07 18:51:50,357 [WARN] DbFile:41 - Overriding database path with different value: C:\Users\66405\.stmcufinder\plugins\mcufinder/ => C:\Users\66405\.stmcufinder\plugins\mcufinder
2024-12-07 18:51:50,358 [INFO] CrossReferenceDbSqlite:203 - Set database path to: C:\Users\66405\.stmcufinder\plugins\mcufinder//mcu/cs/
2024-12-07 18:51:50,451 [INFO] MainPanel:264 - HeapMemory: 268435456
2024-12-07 18:51:50,567 [INFO] DbMcusXml:78 - Set database path to: D:\STM32CubeIDE_1.13.0\STM32CubeIDE\plugins\com.st.stm32cube.common.mx_6.11.0.202403141607\\db\/mcu/
2024-12-07 18:51:50,567 [INFO] ApiDb:274 - Set plugin database path to: D:\STM32CubeIDE_1.13.0\STM32CubeIDE\plugins\com.st.stm32cube.common.mx_6.11.0.202403141607\\db\/plugins/boardmanager/
2024-12-07 18:51:50,567 [INFO] ApiDb:261 - Set plugin images path to: D:\STM32CubeIDE_1.13.0\STM32CubeIDE\plugins\com.st.stm32cube.common.mx_6.11.0.202403141607\\db\/plugins/mcufinder/images/
2024-12-07 18:51:50,567 [WARN] DbFile:41 - Overriding database path with different value: C:\Users\66405\.stmcufinder\plugins\mcufinder/ => C:\Users\66405\.stmcufinder\plugins\mcufinder
2024-12-07 18:51:50,567 [INFO] ApiDb:250 - Set database path to: C:\Users\66405\.stmcufinder\plugins\mcufinder//mcu/
2024-12-07 18:51:50,567 [WARN] DbFile:41 - Overriding database path with different value: C:\Users\66405\.stmcufinder\plugins\mcufinder/ => C:\Users\66405\.stmcufinder\plugins\mcufinder
2024-12-07 18:51:50,568 [INFO] DbMcusAds:125 - Set database path to: C:\Users\66405\.stmcufinder\plugins\mcufinder//mcu/
2024-12-07 18:51:50,568 [WARN] DbFile:41 - Overriding database path with different value: C:\Users\66405\.stmcufinder\plugins\mcufinder/ => C:\Users\66405\.stmcufinder\plugins\mcufinder
2024-12-07 18:51:50,568 [WARN] DbFile:41 - Overriding database path with different value: C:\Users\66405\.stmcufinder\plugins\mcufinder/ => C:\Users\66405\.stmcufinder\plugins\mcufinder
2024-12-07 18:51:50,568 [INFO] CrossReferenceDbSqlite:203 - Set database path to: C:\Users\66405\.stmcufinder\plugins\mcufinder//mcu/cs/
2024-12-07 18:51:50,590 [INFO] ApplicationProperties:184 - Using Application install path: D:\STM32CubeIDE_1.13.0\STM32CubeIDE\plugins\com.st.stm32cube.common.mx_6.11.0.202403141607
2024-12-07 18:51:50,593 [INFO] PluginManage:196 - Search for loadable plugins [exclusion list=, ]
2024-12-07 18:51:50,595 [INFO] PluginManage:310 - Check plugin analytics
2024-12-07 18:51:50,811 [INFO] AnalyticsPlugin:253 - Accepted Software Licenses: 
2024-12-07 18:51:50,812 [INFO] AnalyticsPlugin:255 - Accepted CMSIS Pack Licenses: 
2024-12-07 18:51:50,813 [INFO] AnalyticsPlugin:257 - Accepted Firmware Licenses: FW.L4.1.18.0
2024-12-07 18:51:50,816 [INFO] PluginManage:359 - Loaded plugin analytics (category:tool,tabindex:-1)
2024-12-07 18:51:50,816 [INFO] PluginManage:310 - Check plugin cadmodel
2024-12-07 18:51:50,825 [INFO] CADModel:105 - Init CAD model plugin
2024-12-07 18:51:50,825 [INFO] PluginManage:359 - Loaded plugin cadmodel (category:power,tabindex:5)
2024-12-07 18:51:50,825 [INFO] PluginManage:310 - Check plugin clock
2024-12-07 18:51:50,843 [INFO] PluginManage:359 - Loaded plugin clock (category:base,tabindex:2)
2024-12-07 18:51:50,843 [INFO] PluginManage:310 - Check plugin ddr
2024-12-07 18:51:50,847 [INFO] PluginManage:359 - Loaded plugin ddr (category:tool,tabindex:6)
2024-12-07 18:51:50,847 [INFO] PluginManage:310 - Check plugin filemanager
2024-12-07 18:51:51,031 [INFO] PluginManage:359 - Loaded plugin filemanager (category:base,tabindex:10)
2024-12-07 18:51:51,031 [INFO] PluginManage:310 - Check plugin ipmanager
2024-12-07 18:51:51,044 [INFO] PluginManage:359 - Loaded plugin ipmanager (category:base,tabindex:5)
2024-12-07 18:51:51,044 [INFO] PluginManage:310 - Check plugin lpbam
2024-12-07 18:51:51,056 [INFO] PluginManage:359 - Loaded plugin lpbam (category:base,tabindex:0)
2024-12-07 18:51:51,057 [INFO] PluginManage:310 - Check plugin memorymap
2024-12-07 18:51:51,076 [INFO] PluginManage:359 - Loaded plugin memorymap (category:base,tabindex:4)
2024-12-07 18:51:51,076 [INFO] PluginManage:310 - Check plugin pinoutandconfiguration
2024-12-07 18:51:51,086 [INFO] PluginManage:359 - Loaded plugin pinoutandconfiguration (category:base,tabindex:1)
2024-12-07 18:51:51,087 [INFO] PluginManage:310 - Check plugin pinoutconfig
2024-12-07 18:51:51,212 [WARN] SupportedApi:132 - Cannot load RTOS API schema: s4s-elt-must-match.1: The content of 'definitions' must match (annotation?, (simpleType | complexType)?, (unique | key | keyref)*)). A problem was found starting at: attribute.
2024-12-07 18:51:51,390 [INFO] PluginManage:359 - Loaded plugin pinoutconfig (category:base,tabindex:0)
2024-12-07 18:51:51,391 [INFO] PluginManage:310 - Check plugin power
2024-12-07 18:51:51,403 [INFO] PluginManage:359 - Loaded plugin power (category:power,tabindex:4)
2024-12-07 18:51:51,404 [INFO] PluginManage:310 - Check plugin projectmanager
2024-12-07 18:51:51,429 [INFO] PluginManage:359 - Loaded plugin projectmanager (category:projectmanager,tabindex:3)
2024-12-07 18:51:51,430 [INFO] PluginManage:310 - Check plugin thirdparty
2024-12-07 18:51:51,618 [INFO] PluginManage:359 - Loaded plugin thirdparty (category:base,tabindex:-1)
2024-12-07 18:51:51,618 [WARN] IntegrityCheckThread:84 - waiting for thirdparty lock release [integrity check]
2024-12-07 18:51:51,619 [INFO] PluginManage:310 - Check plugin tools
2024-12-07 18:51:51,619 [INFO] IntegrityCheckThread:86 - entering critical section [integrity check]
2024-12-07 18:51:51,620 [INFO] ThirdPartyUpdaterWithRetryManager:70 - Updater plugin not ready yet. [1/15]
2024-12-07 18:51:51,623 [INFO] PluginManage:359 - Loaded plugin tools (category:base,tabindex:7)
2024-12-07 18:51:51,623 [INFO] PluginManage:310 - Check plugin tutovideos
2024-12-07 18:51:51,847 [INFO] PluginManage:359 - Loaded plugin tutovideos (category:base,tabindex:-1)
2024-12-07 18:51:51,847 [INFO] PluginManage:310 - Check plugin updater
2024-12-07 18:51:51,861 [INFO] PluginManage:359 - Loaded plugin updater (category:base,tabindex:12)
2024-12-07 18:51:51,861 [INFO] PluginManage:310 - Check plugin userauth
2024-12-07 18:51:51,867 [INFO] UserAuth:114 - Init User Auth plugin
2024-12-07 18:51:51,867 [INFO] PluginManage:359 - Loaded plugin userauth (category:base,tabindex:14)
2024-12-07 18:51:51,868 [INFO] PluginManage:283 - PluginManage : Loaded plugins [17]
2024-12-07 18:51:52,152 [INFO] PinOutPanel:1561 - setPackage(No Configuration,No Configuration)
2024-12-07 18:51:52,258 [INFO] CADModel:165 - CPN selected for project level
2024-12-07 18:51:52,258 [INFO] CADModel:114 - Register for checkConnection events
2024-12-07 18:51:52,303 [INFO] IPUIPlugin:80 - create IPUIPlugin
2024-12-07 18:51:52,304 [INFO] PluginManager:220 - loadIPPluginJar : add adc
2024-12-07 18:51:52,309 [INFO] IPUIPlugin:80 - create IPUIPlugin
2024-12-07 18:51:52,309 [INFO] PluginManager:220 - loadIPPluginJar : add aes
2024-12-07 18:51:52,315 [INFO] IPUIPlugin:80 - create IPUIPlugin
2024-12-07 18:51:52,315 [INFO] PluginManager:220 - loadIPPluginJar : add can
2024-12-07 18:51:52,319 [INFO] IPUIPlugin:80 - create IPUIPlugin
2024-12-07 18:51:52,319 [INFO] PluginManager:220 - loadIPPluginJar : add comp
2024-12-07 18:51:52,325 [INFO] IPUIPlugin:80 - create IPUIPlugin
2024-12-07 18:51:52,325 [INFO] PluginManager:220 - loadIPPluginJar : add cryp
2024-12-07 18:51:52,330 [INFO] IPUIPlugin:80 - create IPUIPlugin
2024-12-07 18:51:52,330 [INFO] PluginManager:220 - loadIPPluginJar : add dfsdm
2024-12-07 18:51:52,340 [INFO] IPUIPlugin:80 - create IPUIPlugin
2024-12-07 18:51:52,341 [INFO] PluginManager:220 - loadIPPluginJar : add dma
2024-12-07 18:51:52,346 [INFO] IPUIPlugin:80 - create IPUIPlugin
2024-12-07 18:51:52,346 [INFO] PluginManager:220 - loadIPPluginJar : add dma3
2024-12-07 18:51:52,351 [INFO] IPUIPlugin:80 - create IPUIPlugin
2024-12-07 18:51:52,352 [INFO] PluginManager:220 - loadIPPluginJar : add extmemmanager
2024-12-07 18:51:52,356 [INFO] IPUIPlugin:80 - create IPUIPlugin
2024-12-07 18:51:52,356 [INFO] PluginManager:220 - loadIPPluginJar : add fatfs
2024-12-07 18:51:52,364 [INFO] IPUIPlugin:80 - create IPUIPlugin
2024-12-07 18:51:52,364 [INFO] PluginManager:220 - loadIPPluginJar : add fmc
2024-12-07 18:51:52,374 [INFO] IPUIPlugin:80 - create IPUIPlugin
2024-12-07 18:51:52,375 [INFO] PluginManager:220 - loadIPPluginJar : add freertos
2024-12-07 18:51:52,378 [INFO] IPUIPlugin:80 - create IPUIPlugin
2024-12-07 18:51:52,379 [INFO] PluginManager:220 - loadIPPluginJar : add genericplugin
2024-12-07 18:51:52,384 [INFO] IPUIPlugin:80 - create IPUIPlugin
2024-12-07 18:51:52,384 [INFO] PluginManager:220 - loadIPPluginJar : add gfxmmu
2024-12-07 18:51:52,392 [INFO] IPUIPlugin:80 - create IPUIPlugin
2024-12-07 18:51:52,392 [INFO] PluginManager:220 - loadIPPluginJar : add gic
2024-12-07 18:51:52,399 [INFO] IPUIPlugin:80 - create IPUIPlugin
2024-12-07 18:51:52,399 [INFO] PluginManager:220 - loadIPPluginJar : add gpio
2024-12-07 18:51:52,405 [INFO] IPUIPlugin:80 - create IPUIPlugin
2024-12-07 18:51:52,405 [INFO] PluginManager:220 - loadIPPluginJar : add gtzc
2024-12-07 18:51:52,410 [INFO] IPUIPlugin:80 - create IPUIPlugin
2024-12-07 18:51:52,410 [INFO] PluginManager:220 - loadIPPluginJar : add hash
2024-12-07 18:51:52,416 [INFO] IPUIPlugin:80 - create IPUIPlugin
2024-12-07 18:51:52,416 [INFO] PluginManager:220 - loadIPPluginJar : add i2c
2024-12-07 18:51:52,421 [INFO] IPUIPlugin:80 - create IPUIPlugin
2024-12-07 18:51:52,421 [INFO] PluginManager:220 - loadIPPluginJar : add i2s
2024-12-07 18:51:52,427 [INFO] IPUIPlugin:80 - create IPUIPlugin
2024-12-07 18:51:52,427 [INFO] PluginManager:220 - loadIPPluginJar : add i3c
2024-12-07 18:51:52,433 [INFO] IPUIPlugin:80 - create IPUIPlugin
2024-12-07 18:51:52,433 [INFO] PluginManager:220 - loadIPPluginJar : add ipddr
2024-12-07 18:51:52,445 [INFO] IPUIPlugin:80 - create IPUIPlugin
2024-12-07 18:51:52,445 [INFO] PluginManager:220 - loadIPPluginJar : add linkedlist
2024-12-07 18:51:52,450 [INFO] IPUIPlugin:80 - create IPUIPlugin
2024-12-07 18:51:52,451 [INFO] PluginManager:220 - loadIPPluginJar : add lorawan
2024-12-07 18:51:52,454 [INFO] IPUIPlugin:80 - create IPUIPlugin
2024-12-07 18:51:52,454 [INFO] PluginManager:220 - loadIPPluginJar : add ltdc
2024-12-07 18:51:52,462 [INFO] IPUIPlugin:80 - create IPUIPlugin
2024-12-07 18:51:52,462 [INFO] PluginManager:220 - loadIPPluginJar : add mdma
2024-12-07 18:51:52,467 [INFO] IPUIPlugin:80 - create IPUIPlugin
2024-12-07 18:51:52,467 [INFO] PluginManager:220 - loadIPPluginJar : add nvic
2024-12-07 18:51:52,473 [INFO] IPUIPlugin:80 - create IPUIPlugin
2024-12-07 18:51:52,473 [INFO] PluginManager:220 - loadIPPluginJar : add opamp
2024-12-07 18:51:52,479 [INFO] IPUIPlugin:80 - create IPUIPlugin
2024-12-07 18:51:52,479 [INFO] PluginManager:220 - loadIPPluginJar : add openamp
2024-12-07 18:51:52,484 [INFO] IPUIPlugin:80 - create IPUIPlugin
2024-12-07 18:51:52,485 [INFO] PluginManager:220 - loadIPPluginJar : add pdm2pcm
2024-12-07 18:51:52,493 [INFO] IPUIPlugin:80 - create IPUIPlugin
2024-12-07 18:51:52,497 [INFO] PluginManager:220 - loadIPPluginJar : add plateformsettings
2024-12-07 18:51:52,500 [INFO] IPUIPlugin:80 - create IPUIPlugin
2024-12-07 18:51:52,500 [INFO] PluginManager:220 - loadIPPluginJar : add quadspi
2024-12-07 18:51:52,507 [INFO] IPUIPlugin:80 - create IPUIPlugin
2024-12-07 18:51:52,507 [INFO] PluginManager:220 - loadIPPluginJar : add resmgrutility
2024-12-07 18:51:52,511 [INFO] IPUIPlugin:80 - create IPUIPlugin
2024-12-07 18:51:52,512 [INFO] PluginManager:220 - loadIPPluginJar : add sai
2024-12-07 18:51:52,516 [INFO] IPUIPlugin:80 - create IPUIPlugin
2024-12-07 18:51:52,516 [INFO] PluginManager:220 - loadIPPluginJar : add spi
2024-12-07 18:51:52,526 [INFO] IPUIPlugin:80 - create IPUIPlugin
2024-12-07 18:51:52,526 [INFO] PluginManager:220 - loadIPPluginJar : add stm32_wpan
2024-12-07 18:51:52,530 [INFO] IPUIPlugin:80 - create IPUIPlugin
2024-12-07 18:51:52,530 [INFO] PluginManager:220 - loadIPPluginJar : add tim
2024-12-07 18:51:52,535 [INFO] IPUIPlugin:80 - create IPUIPlugin
2024-12-07 18:51:52,536 [INFO] PluginManager:220 - loadIPPluginJar : add touchsensing
2024-12-07 18:51:52,539 [INFO] IPUIPlugin:80 - create IPUIPlugin
2024-12-07 18:51:52,540 [INFO] PluginManager:220 - loadIPPluginJar : add tracer_emb
2024-12-07 18:51:52,544 [INFO] IPUIPlugin:80 - create IPUIPlugin
2024-12-07 18:51:52,544 [INFO] PluginManager:220 - loadIPPluginJar : add ts
2024-12-07 18:51:52,548 [INFO] IPUIPlugin:80 - create IPUIPlugin
2024-12-07 18:51:52,548 [INFO] PluginManager:220 - loadIPPluginJar : add tsc
2024-12-07 18:51:52,552 [INFO] IPUIPlugin:80 - create IPUIPlugin
2024-12-07 18:51:52,552 [INFO] PluginManager:220 - loadIPPluginJar : add ucpd
2024-12-07 18:51:52,557 [INFO] IPUIPlugin:80 - create IPUIPlugin
2024-12-07 18:51:52,557 [INFO] PluginManager:220 - loadIPPluginJar : add usart
2024-12-07 18:51:52,562 [INFO] IPUIPlugin:80 - create IPUIPlugin
2024-12-07 18:51:52,562 [INFO] PluginManager:220 - loadIPPluginJar : add usbx
2024-12-07 18:51:52,721 [INFO] CADModel:165 - CPN selected for project level
2024-12-07 18:51:52,721 [INFO] CADModel:114 - Register for checkConnection events
2024-12-07 18:51:52,721 [FATAL] Updater:308 - Updater called before beeing initialized
2024-12-07 18:51:52,721 [ERROR] CADModel:125 - Updater not yet initialized, retry later 
2024-12-07 18:51:52,895 [INFO] CADModel:165 - CPN selected for project level
2024-12-07 18:51:52,896 [INFO] CADModel:114 - Register for checkConnection events
2024-12-07 18:51:52,896 [FATAL] Updater:308 - Updater called before beeing initialized
2024-12-07 18:51:52,896 [ERROR] CADModel:125 - Updater not yet initialized, retry later 
2024-12-07 18:51:52,899 [FATAL] Updater:308 - Updater called before beeing initialized
2024-12-07 18:51:53,053 [FATAL] Updater:308 - Updater called before beeing initialized
2024-12-07 18:51:53,061 [INFO] DbMcusAds:53 - JSON generation date=Fri Sep 20 14:04:38 IST 2024 (1726837478367)
2024-12-07 18:51:53,061 [FATAL] Updater:308 - Updater called before beeing initialized
2024-12-07 18:51:53,111 [WARN] DetailPanel:346 - Failed to get advertising image, set to default
2024-12-07 18:51:53,216 [FATAL] Updater:308 - Updater called before beeing initialized
2024-12-07 18:51:53,218 [FATAL] Updater:308 - Updater called before beeing initialized
2024-12-07 18:51:53,218 [FATAL] Updater:308 - Updater called before beeing initialized
2024-12-07 18:51:53,218 [WARN] DetailPanel:346 - Failed to get advertising image, set to default
2024-12-07 18:51:53,219 [FATAL] Updater:308 - Updater called before beeing initialized
2024-12-07 18:51:53,291 [ERROR] Updater:1120 - MainUpdater not yet initialized. External WinMGr cannot be set.
2024-12-07 18:51:53,294 [INFO] Updater:1056 - Updater Version found : 6.11.0
2024-12-07 18:51:53,322 [INFO] ApplicationProperties:184 - Using Application install path: D:\STM32CubeIDE_1.13.0\STM32CubeIDE\plugins\com.st.stm32cube.common.mx_6.11.0.202403141607
2024-12-07 18:51:54,620 [INFO] ThirdPartyUpdaterWithRetryManager:70 - Updater plugin not ready yet. [2/15]
2024-12-07 18:51:54,908 [ERROR] LogOutputStream:75 - [STDERR_REDIRECT] Dec 07, 2024 6:51:54 PM java.util.prefs.WindowsPreferences <init>
2024-12-07 18:51:54,910 [ERROR] LogOutputStream:75 - [STDERR_REDIRECT] WARNING: Could not open/create prefs root node Software\JavaSoft\Prefs at root 0xffffffff80000002. Windows RegCreateKeyEx(...) returned error code 5.
2024-12-07 18:51:54,911 [ERROR] LogOutputStream:75 - [STDERR_REDIRECT] 
2024-12-07 18:51:55,391 [INFO] MainUpdater:2873 - connection check result : 10
2024-12-07 18:51:55,392 [INFO] MainUpdater:3567 - Updater definition file requires update
2024-12-07 18:51:55,393 [INFO] MainUpdater:290 - Updater Check For Update Now.
2024-12-07 18:51:55,393 [INFO] MicroXplorer:498 - Change Database Version : DB.6.0.110
2024-12-07 18:51:55,399 [INFO] McuFinderGlobals:63 - Set McuFinder mode to 2 (CubeIDE integrated)
2024-12-07 18:51:55,405 [INFO] UserAuth:415 - Internet connection configuration mode: 1
2024-12-07 18:51:55,421 [INFO] JxBrowserEngine:152 - Initiate JxBrowser Engine with user profile folder
2024-12-07 18:51:55,544 [INFO] ServerAccessManage:473 - Download File updaters.zip
2024-12-07 18:51:55,616 [INFO] FileExtend:240 - Unzip File : updaters.zip
2024-12-07 18:51:55,617 [INFO] FileExtend:255 - Standard Zip Deflate
2024-12-07 18:51:56,265 [INFO] ServerAccessManage:473 - Download File PacksControlFlags.xml
2024-12-07 18:51:56,381 [INFO] ServerAccessManage:473 - Download File cubemx.pidx
2024-12-07 18:51:57,006 [INFO] ServerAccessManage:473 - Download File STMicroelectronics.X-CUBE-BLEMGR.pdsc
2024-12-07 18:51:57,273 [ERROR] ServerAccessManage:1089 - Problem, file not found on Server
2024-12-07 18:51:57,289 [INFO] WebApp:161 - Instantiating new browser for Auth
2024-12-07 18:51:57,621 [WARN] MainUpdater:1194 - Updater busy. Cannot search thirdparties
2024-12-07 18:51:57,622 [INFO] ThirdPartyUpdaterWithRetryManager:96 - Updater plugin is busy. [1/15]
2024-12-07 18:51:58,199 [INFO] WebApp:779 - Register for checkConnection events
2024-12-07 18:51:58,199 [INFO] WebApp:414 - Apply proxy settings
2024-12-07 18:51:58,200 [INFO] WebApp:499 - Chromium requires no authentication
2024-12-07 18:51:58,214 [INFO] WebApp:442 - Direct internet connection detected
2024-12-07 18:51:58,596 [INFO] WebApp:192 - Starting web application
2024-12-07 18:51:58,597 [INFO] WebApp:544 - Web application path used D:\STM32CubeIDE_1.13.0\STM32CubeIDE\plugins\com.st.stm32cube.common.mx_6.11.0.202403141607\db\plugins\mcufinder\reactClient1\index.html
2024-12-07 18:51:58,785 [WARN] PackLoader:240 - Cannot read IP mode file for STMicroelectronics.X-CUBE-BLEMGR.4.0.0
2024-12-07 18:51:58,797 [INFO] PopulateThirdPartyThread:66 - Ending populate Thread
2024-12-07 18:51:58,800 [INFO] ThirdParty:1030 - CMSIS Pack Vendor :STMicroelectronics X-CUBE-BLEMGR 4.0.0
2024-12-07 18:51:58,800 [INFO] LoadServerUpdatesThread:375 - End of LoadServerUpdate Thread
2024-12-07 18:51:58,929 [INFO] CheckServerUpdateThread:120 - End of CheckServer Thread
2024-12-07 18:52:01,012 [WARN] PackLoader:240 - Cannot read IP mode file for STMicroelectronics.FP-SNS-MOTENVWB1.1.4.0
2024-12-07 18:52:01,022 [WARN] PackLoader:240 - Cannot read IP mode file for STMicroelectronics.FP-ATR-ASTRA1.2.0.1
2024-12-07 18:52:01,033 [WARN] PackLoader:240 - Cannot read IP mode file for STMicroelectronics.X-CUBE-SMBUS.2.1.0
2024-12-07 18:52:01,044 [WARN] PackLoader:240 - Cannot read IP mode file for STMicroelectronics.X-CUBE-WB05N.1.1.0
2024-12-07 18:52:01,051 [WARN] PackLoader:240 - Cannot read IP mode file for STMicroelectronics.X-CUBE-TOUCHGFX.4.23.1
2024-12-07 18:52:01,056 [WARN] PackLoader:240 - Cannot read IP mode file for STMicroelectronics.X-CUBE-TOUCHGFX.4.23.0
2024-12-07 18:52:01,088 [WARN] PackLoader:240 - Cannot read IP mode file for STMicroelectronics.X-CUBE-AZRTOS-F7.1.1.0
2024-12-07 18:52:01,104 [WARN] PackLoader:240 - Cannot read IP mode file for STMicroelectronics.FP-SNS-MOTENV1.4.3.2
2024-12-07 18:52:01,217 [WARN] PackLoader:240 - Cannot read IP mode file for STMicroelectronics.X-CUBE-MEMS1.11.0.0
2024-12-07 18:52:01,406 [WARN] PackLoader:240 - Cannot read IP mode file for STMicroelectronics.X-CUBE-BLE1.6.2.4
2024-12-07 18:52:01,414 [WARN] PackLoader:240 - Cannot read IP mode file for STMicroelectronics.FP-SNS-FLIGHT1.5.0.2
2024-12-07 18:52:01,425 [WARN] PackLoader:240 - Cannot read IP mode file for STMicroelectronics.X-CUBE-DISPLAY.3.0.0
2024-12-07 18:52:01,435 [WARN] PackLoader:240 - Cannot read IP mode file for STMicroelectronics.X-CUBE-BLE1.7.0.0
2024-12-07 18:52:01,444 [WARN] PackLoader:240 - Cannot read IP mode file for STMicroelectronics.X-CUBE-NFC10.1.0.0
2024-12-07 18:52:01,466 [WARN] PackLoader:240 - Cannot read IP mode file for STMicroelectronics.X-CUBE-BLEMGR.4.0.0
2024-12-07 18:52:01,478 [WARN] PackLoader:240 - Cannot read IP mode file for emotas.I-CUBE-CANOPEN.1.3.0
2024-12-07 18:52:01,482 [WARN] PackLoader:240 - Cannot read IP mode file for STMicroelectronics.X-CUBE-TOUCHGFX.4.22.0
2024-12-07 18:52:01,487 [WARN] PackLoader:240 - Cannot read IP mode file for STMicroelectronics.X-CUBE-TOUCHGFX.4.22.1
2024-12-07 18:52:01,496 [WARN] PackLoader:240 - Cannot read IP mode file for STMicroelectronics.X-CUBE-BLEMGR.3.1.0
2024-12-07 18:52:01,503 [WARN] PackLoader:240 - Cannot read IP mode file for STMicroelectronics.FP-SNS-SMARTAG2.1.2.0
2024-12-07 18:52:01,516 [INFO] LogOutputStream:77 - [STDOUT_REDIRECT] 1 : Invalid condition id : UX_CORESTACK_Condition cause : null
2024-12-07 18:52:01,517 [INFO] LogOutputStream:77 - [STDOUT_REDIRECT] 1 : Invalid condition id : UX_CORESTACK_Condition cause : null
2024-12-07 18:52:01,518 [INFO] LogOutputStream:77 - [STDOUT_REDIRECT] 1 : Invalid condition id : UX_CORESTACK_Condition cause : null
2024-12-07 18:52:01,519 [INFO] LogOutputStream:77 - [STDOUT_REDIRECT] 1 : Invalid condition id : UX_CORESTACK_Condition cause : null
2024-12-07 18:52:01,521 [INFO] LogOutputStream:77 - [STDOUT_REDIRECT] 1 : Invalid condition id : UX_CORESTACK_Condition cause : null
2024-12-07 18:52:01,525 [WARN] PackLoader:240 - Cannot read IP mode file for STMicroelectronics.X-CUBE-AZRTOS-WL.2.0.0
2024-12-07 18:52:01,530 [WARN] PackLoader:240 - Cannot read IP mode file for STMicroelectronics.FP-SNS-MOTENV1.5.0.0
2024-12-07 18:52:01,538 [WARN] PackLoader:240 - Cannot read IP mode file for wolfSSL.I-CUBE-wolfMQTT.1.19.0
2024-12-07 18:52:01,548 [WARN] PackLoader:240 - Cannot read IP mode file for WES.I-CUBE-Cesium.1.3.0
2024-12-07 18:52:01,557 [WARN] PackLoader:240 - Cannot read IP mode file for STMicroelectronics.X-CUBE-BLE2.3.3.0
2024-12-07 18:52:01,566 [WARN] PackLoader:240 - Cannot read IP mode file for STMicroelectronics.X-CUBE-NFC9.1.0.0
2024-12-07 18:52:01,577 [WARN] PackLoader:240 - Cannot read IP mode file for STMicroelectronics.X-CUBE-TCPP.4.1.0
2024-12-07 18:52:01,588 [WARN] PackLoader:240 - Cannot read IP mode file for STMicroelectronics.X-CUBE-ALGOBUILD.1.3.0
2024-12-07 18:52:01,611 [WARN] PackLoader:240 - Cannot read IP mode file for STMicroelectronics.X-CUBE-AZRTOS-G0.1.1.0
2024-12-07 18:52:01,623 [WARN] PackLoader:240 - Cannot read IP mode file for STMicroelectronics.X-CUBE-SAFEA1.1.2.2
2024-12-07 18:52:01,634 [WARN] PackLoader:240 - Cannot read IP mode file for STMicroelectronics.X-CUBE-NFC4.3.0.0
2024-12-07 18:52:01,653 [WARN] PackLoader:240 - Cannot read IP mode file for EmbeddedOffice.I-CUBE-FS-RTOS.1.0.1
2024-12-07 18:52:01,654 [ERROR] ConditionMgr:805 - Attr not supported : Dmpu
2024-12-07 18:52:01,654 [ERROR] ConditionMgr:805 - Attr not supported : Dmpu
2024-12-07 18:52:01,654 [ERROR] ConditionMgr:805 - Attr not supported : Dmpu
2024-12-07 18:52:01,655 [ERROR] ConditionMgr:805 - Attr not supported : Dmpu
2024-12-07 18:52:01,656 [ERROR] ConditionMgr:805 - Attr not supported : Dmpu
2024-12-07 18:52:01,658 [ERROR] ConditionMgr:805 - Attr not supported : Dmpu
2024-12-07 18:52:01,660 [ERROR] ConditionMgr:805 - Attr not supported : Dmpu
2024-12-07 18:52:01,660 [ERROR] ConditionMgr:805 - Attr not supported : Dmpu
2024-12-07 18:52:01,660 [ERROR] ConditionMgr:805 - Attr not supported : Dmpu
2024-12-07 18:52:01,660 [ERROR] ConditionMgr:805 - Attr not supported : Dmpu
2024-12-07 18:52:01,661 [ERROR] ConditionMgr:805 - Attr not supported : Dmpu
2024-12-07 18:52:01,661 [ERROR] ConditionMgr:805 - Attr not supported : Dmpu
2024-12-07 18:52:01,662 [ERROR] ConditionMgr:805 - Attr not supported : Dmpu
2024-12-07 18:52:01,663 [ERROR] ConditionMgr:805 - Attr not supported : Dmpu
2024-12-07 18:52:01,663 [ERROR] ConditionMgr:805 - Attr not supported : Dmpu
2024-12-07 18:52:01,663 [ERROR] ConditionMgr:805 - Attr not supported : Dmpu
2024-12-07 18:52:01,664 [ERROR] ConditionMgr:805 - Attr not supported : Dmpu
2024-12-07 18:52:01,664 [ERROR] ConditionMgr:805 - Attr not supported : Dmpu
2024-12-07 18:52:01,664 [ERROR] ConditionMgr:805 - Attr not supported : Dmpu
2024-12-07 18:52:01,664 [ERROR] ConditionMgr:805 - Attr not supported : Dmpu
2024-12-07 18:52:01,664 [ERROR] ConditionMgr:805 - Attr not supported : Dmpu
2024-12-07 18:52:01,665 [ERROR] ConditionMgr:805 - Attr not supported : Dmpu
2024-12-07 18:52:01,665 [ERROR] ConditionMgr:805 - Attr not supported : Dmpu
2024-12-07 18:52:01,665 [ERROR] ConditionMgr:805 - Attr not supported : Dmpu
2024-12-07 18:52:01,665 [ERROR] ConditionMgr:805 - Attr not supported : Dmpu
2024-12-07 18:52:01,665 [ERROR] ConditionMgr:805 - Attr not supported : Dmpu
2024-12-07 18:52:01,665 [ERROR] ConditionMgr:805 - Attr not supported : Dmpu
2024-12-07 18:52:01,665 [ERROR] ConditionMgr:805 - Attr not supported : Dmpu
2024-12-07 18:52:01,665 [ERROR] ConditionMgr:805 - Attr not supported : Dmpu
2024-12-07 18:52:01,665 [ERROR] ConditionMgr:805 - Attr not supported : Dmpu
2024-12-07 18:52:01,665 [ERROR] ConditionMgr:805 - Attr not supported : Dmpu
2024-12-07 18:52:01,665 [ERROR] ConditionMgr:805 - Attr not supported : Dmpu
2024-12-07 18:52:01,665 [ERROR] ConditionMgr:805 - Attr not supported : Dmpu
2024-12-07 18:52:01,665 [ERROR] ConditionMgr:805 - Attr not supported : Dmpu
2024-12-07 18:52:01,665 [ERROR] ConditionMgr:805 - Attr not supported : Dmpu
2024-12-07 18:52:01,666 [ERROR] ConditionMgr:805 - Attr not supported : Dmpu
2024-12-07 18:52:01,666 [ERROR] ConditionMgr:805 - Attr not supported : Dmpu
2024-12-07 18:52:01,666 [ERROR] ConditionMgr:805 - Attr not supported : Dmpu
2024-12-07 18:52:01,666 [ERROR] ConditionMgr:805 - Attr not supported : Dmpu
2024-12-07 18:52:01,666 [ERROR] ConditionMgr:805 - Attr not supported : Dmpu
2024-12-07 18:52:01,666 [ERROR] ConditionMgr:805 - Attr not supported : Dmpu
2024-12-07 18:52:01,666 [ERROR] ConditionMgr:805 - Attr not supported : Dmpu
2024-12-07 18:52:01,666 [ERROR] ConditionMgr:805 - Attr not supported : Dmpu
2024-12-07 18:52:01,666 [ERROR] ConditionMgr:805 - Attr not supported : Dmpu
2024-12-07 18:52:01,666 [ERROR] ConditionMgr:805 - Attr not supported : Dmpu
2024-12-07 18:52:01,667 [ERROR] ConditionMgr:805 - Attr not supported : Dmpu
2024-12-07 18:52:01,667 [ERROR] ConditionMgr:805 - Attr not supported : Dmpu
2024-12-07 18:52:01,667 [ERROR] ConditionMgr:805 - Attr not supported : Dmpu
2024-12-07 18:52:01,667 [ERROR] ConditionMgr:805 - Attr not supported : Dmpu
2024-12-07 18:52:01,667 [ERROR] ConditionMgr:805 - Attr not supported : Dmpu
2024-12-07 18:52:01,667 [ERROR] ConditionMgr:805 - Attr not supported : Dmpu
2024-12-07 18:52:01,667 [ERROR] ConditionMgr:805 - Attr not supported : Dmpu
2024-12-07 18:52:01,667 [ERROR] ConditionMgr:805 - Attr not supported : Dmpu
2024-12-07 18:52:01,667 [ERROR] ConditionMgr:805 - Attr not supported : Dmpu
2024-12-07 18:52:01,668 [ERROR] ConditionMgr:805 - Attr not supported : Dmpu
2024-12-07 18:52:01,668 [ERROR] ConditionMgr:805 - Attr not supported : Dmpu
2024-12-07 18:52:01,668 [ERROR] ConditionMgr:805 - Attr not supported : Dmpu
2024-12-07 18:52:01,668 [ERROR] ConditionMgr:805 - Attr not supported : Dmpu
2024-12-07 18:52:01,668 [ERROR] ConditionMgr:805 - Attr not supported : Dmpu
2024-12-07 18:52:01,668 [ERROR] ConditionMgr:805 - Attr not supported : Dmpu
2024-12-07 18:52:01,668 [ERROR] ConditionMgr:805 - Attr not supported : Dmpu
2024-12-07 18:52:01,668 [ERROR] ConditionMgr:805 - Attr not supported : Dmpu
2024-12-07 18:52:01,670 [ERROR] ConditionMgr:805 - Attr not supported : Dmpu
2024-12-07 18:52:01,671 [ERROR] ConditionMgr:805 - Attr not supported : Dmpu
2024-12-07 18:52:01,684 [WARN] PackLoader:240 - Cannot read IP mode file for STMicroelectronics.X-CUBE-BLEMGR.3.0.0
2024-12-07 18:52:01,696 [WARN] PackLoader:240 - Cannot read IP mode file for RealThread.X-CUBE-RT-Thread_Nano.4.1.1
2024-12-07 18:52:01,704 [WARN] PackLoader:240 - Cannot read IP mode file for STMicroelectronics.FP-ATR-SIGFOX1.3.2.0
2024-12-07 18:52:01,713 [WARN] ConditionMgr:438 - getConditionDescription Invalid condition id : Cortex-A Device cause : null
2024-12-07 18:52:01,731 [WARN] ConditionMgr:1039 - genDependencies : Invalid condition id : Cortex-A Device cause : null
2024-12-07 18:52:01,731 [WARN] ConditionMgr:1039 - genDependencies : Invalid condition id : Cortex-A Device cause : null
2024-12-07 18:52:01,731 [WARN] ConditionMgr:1039 - genDependencies : Invalid condition id : Cortex-A Device cause : null
2024-12-07 18:52:01,741 [WARN] PackLoader:240 - Cannot read IP mode file for STMicroelectronics.X-CUBE-EEPRMA1.5.1.0
2024-12-07 18:52:01,789 [WARN] PackLoader:240 - Cannot read IP mode file for SEGGER.I-CUBE-embOS.1.3.1
2024-12-07 18:52:01,843 [WARN] PackLoader:240 - Cannot read IP mode file for STMicroelectronics.X-CUBE-ALGOBUILD.1.4.0
2024-12-07 18:52:01,852 [WARN] PackLoader:240 - Cannot read IP mode file for STMicroelectronics.X-CUBE-AI.9.1.0
2024-12-07 18:52:01,865 [WARN] PackLoader:240 - Cannot read IP mode file for STMicroelectronics.X-CUBE-GNSS1.6.0.0
2024-12-07 18:52:01,903 [WARN] PackLoader:240 - Cannot read IP mode file for STMicroelectronics.X-CUBE-AZRTOS-F4.1.1.0
2024-12-07 18:52:01,914 [WARN] PackLoader:240 - Cannot read IP mode file for wolfSSL.I-CUBE-wolfSSL.5.6.3
2024-12-07 18:52:01,924 [WARN] PackLoader:240 - Cannot read IP mode file for STMicroelectronics.X-CUBE-ISPU.2.1.0
2024-12-07 18:52:01,941 [WARN] PackLoader:240 - Cannot read IP mode file for STMicroelectronics.X-CUBE-FREERTOS.1.2.0
2024-12-07 18:52:01,977 [WARN] PackLoader:240 - Cannot read IP mode file for STMicroelectronics.X-CUBE-AZRTOS-L5.2.0.0
2024-12-07 18:52:02,053 [WARN] PackLoader:240 - Cannot read IP mode file for STMicroelectronics.X-CUBE-MEMS1.9.6.0
2024-12-07 18:52:02,214 [WARN] PackLoader:240 - Cannot read IP mode file for STMicroelectronics.X-CUBE-EEPRMA1.4.2.0
2024-12-07 18:52:02,227 [WARN] PackLoader:240 - Cannot read IP mode file for STMicroelectronics.X-CUBE-NFC6.3.1.0
2024-12-07 18:52:02,238 [WARN] PackLoader:240 - Cannot read IP mode file for ITTIA_DB.I-CUBE-ITTIADB.8.8.0
2024-12-07 18:52:02,246 [WARN] PackLoader:240 - Cannot read IP mode file for STMicroelectronics.X-CUBE-BLEMGR.2.0.0
2024-12-07 18:52:02,255 [WARN] PackLoader:240 - Cannot read IP mode file for STMicroelectronics.X-CUBE-DPower.1.2.0
2024-12-07 18:52:02,261 [WARN] PackLoader:240 - Cannot read IP mode file for STMicroelectronics.X-CUBE-AI.9.0.0
2024-12-07 18:52:02,281 [WARN] ConditionMgr:438 - getConditionDescription Invalid condition id : UX DEVICE CLASS RTOS Condition cause : null
2024-12-07 18:52:02,281 [WARN] ConditionMgr:438 - getConditionDescription Invalid condition id : UX DEVICE CLASS RTOS Condition cause : null
2024-12-07 18:52:02,285 [WARN] PackLoader:240 - Cannot read IP mode file for STMicroelectronics.X-CUBE-AZRTOS-H7.3.1.0
2024-12-07 18:52:02,286 [WARN] ConditionMgr:1039 - genDependencies : Invalid condition id : UX DEVICE CLASS RTOS Condition cause : null
2024-12-07 18:52:02,286 [WARN] ConditionMgr:1039 - genDependencies : Invalid condition id : UX DEVICE CLASS RTOS Condition cause : null
2024-12-07 18:52:02,287 [WARN] ConditionMgr:1039 - genDependencies : Invalid condition id : UX DEVICE CLASS RTOS Condition cause : null
2024-12-07 18:52:02,287 [WARN] ConditionMgr:1039 - genDependencies : Invalid condition id : UX DEVICE CLASS RTOS Condition cause : null
2024-12-07 18:52:02,287 [WARN] ConditionMgr:1039 - genDependencies : Invalid condition id : UX DEVICE CLASS RTOS Condition cause : null
2024-12-07 18:52:02,296 [WARN] PackLoader:240 - Cannot read IP mode file for STMicroelectronics.X-CUBE-NFC7.1.0.1
2024-12-07 18:52:02,304 [WARN] PackLoader:240 - Cannot read IP mode file for STMicroelectronics.X-CUBE-NFC6.3.0.0
2024-12-07 18:52:02,311 [WARN] PackLoader:240 - Cannot read IP mode file for STMicroelectronics.X-CUBE-EEPRMA1.4.1.0
2024-12-07 18:52:02,316 [WARN] PackLoader:240 - Cannot read IP mode file for STMicroelectronics.X-CUBE-AI.8.1.0
2024-12-07 18:52:02,342 [WARN] ConditionMgr:438 - getConditionDescription Invalid condition id : LAN8742 Phy interface Condition cause : null
2024-12-07 18:52:02,343 [WARN] PackLoader:240 - Cannot read IP mode file for STMicroelectronics.X-CUBE-AZRTOS-L4.2.0.0
2024-12-07 18:52:02,345 [WARN] ConditionMgr:1039 - genDependencies : Invalid condition id : LAN8742 Phy interface Condition cause : null
2024-12-07 18:52:02,345 [WARN] ConditionMgr:1039 - genDependencies : Invalid condition id : LAN8742 Phy interface Condition cause : null
2024-12-07 18:52:02,346 [WARN] ConditionMgr:1039 - genDependencies : Invalid condition id : LAN8742 Phy interface Condition cause : null
2024-12-07 18:52:02,363 [WARN] PackLoader:240 - Cannot read IP mode file for STMicroelectronics.X-CUBE-SFXS2LP1.4.0.0
2024-12-07 18:52:02,373 [WARN] PackLoader:240 - Cannot read IP mode file for STMicroelectronics.X-CUBE-ISPU.1.1.0
2024-12-07 18:52:02,404 [WARN] PackLoader:240 - Cannot read IP mode file for STMicroelectronics.X-CUBE-AZRTOS-H7.3.3.0
2024-12-07 18:52:02,449 [WARN] PackLoader:240 - Cannot read IP mode file for STMicroelectronics.X-CUBE-IPS.3.0.0
2024-12-07 18:52:02,480 [WARN] ConditionMgr:438 - getConditionDescription Invalid condition id : UX DEVICE CLASS RTOS Condition cause : null
2024-12-07 18:52:02,480 [WARN] ConditionMgr:438 - getConditionDescription Invalid condition id : UX DEVICE CLASS RTOS Condition cause : null
2024-12-07 18:52:02,484 [WARN] PackLoader:240 - Cannot read IP mode file for STMicroelectronics.X-CUBE-AZRTOS-WB.2.0.0
2024-12-07 18:52:02,485 [WARN] ConditionMgr:1039 - genDependencies : Invalid condition id : UX DEVICE CLASS RTOS Condition cause : null
2024-12-07 18:52:02,487 [WARN] ConditionMgr:1039 - genDependencies : Invalid condition id : UX DEVICE CLASS RTOS Condition cause : null
2024-12-07 18:52:02,489 [WARN] ConditionMgr:1039 - genDependencies : Invalid condition id : UX DEVICE CLASS RTOS Condition cause : null
2024-12-07 18:52:02,489 [WARN] ConditionMgr:1039 - genDependencies : Invalid condition id : UX DEVICE CLASS RTOS Condition cause : null
2024-12-07 18:52:02,490 [WARN] ConditionMgr:1039 - genDependencies : Invalid condition id : UX DEVICE CLASS RTOS Condition cause : null
2024-12-07 18:52:02,502 [WARN] PackLoader:240 - Cannot read IP mode file for STMicroelectronics.X-CUBE-FREERTOS.1.0.1
2024-12-07 18:52:02,514 [WARN] PackLoader:240 - Cannot read IP mode file for STMicroelectronics.X-CUBE-GNSS1.7.0.0
2024-12-07 18:52:02,525 [WARN] PackLoader:240 - Cannot read IP mode file for STMicroelectronics.FP-SNS-STBOX1.2.0.0
2024-12-07 18:52:02,549 [WARN] PackLoader:240 - Cannot read IP mode file for STMicroelectronics.X-CUBE-AZRTOS-L5.1.1.0
2024-12-07 18:52:02,558 [WARN] PackLoader:240 - Cannot read IP mode file for STMicroelectronics.X-CUBE-AI.8.0.1
2024-12-07 18:52:02,575 [WARN] PackLoader:240 - Cannot read IP mode file for STMicroelectronics.X-CUBE-SUBG2.5.0.0
2024-12-07 18:52:02,589 [WARN] PackLoader:240 - Cannot read IP mode file for Cesanta.I-CUBE-Mongoose.7.13.0
2024-12-07 18:52:02,606 [WARN] PackLoader:240 - Cannot read IP mode file for STMicroelectronics.X-CUBE-TOF1.3.3.1
2024-12-07 18:52:02,635 [WARN] PackLoader:240 - Cannot read IP mode file for STMicroelectronics.X-CUBE-AZRTOS-G4.2.0.0
2024-12-07 18:52:02,664 [WARN] PackLoader:240 - Cannot read IP mode file for Infineon.AIROC-Wi-Fi-Bluetooth-STM32.1.5.1
2024-12-07 18:52:02,674 [WARN] PackLoader:240 - Cannot read IP mode file for STMicroelectronics.FP-SNS-MOTENVWB1.1.3.0
2024-12-07 18:52:02,681 [WARN] PackLoader:240 - Cannot read IP mode file for STMicroelectronics.FP-SNS-MOTENVWB1.1.3.1
2024-12-07 18:52:02,687 [WARN] PackLoader:240 - Cannot read IP mode file for STMicroelectronics.X-CUBE-ISPU.2.0.0
2024-12-07 18:52:02,696 [WARN] PackLoader:240 - Cannot read IP mode file for STMicroelectronics.X-CUBE-ALS.1.0.2
2024-12-07 18:52:02,741 [WARN] PackLoader:240 - Cannot read IP mode file for STMicroelectronics.X-CUBE-MEMS1.10.0.0
2024-12-07 18:52:02,883 [WARN] PackLoader:240 - Cannot read IP mode file for STMicroelectronics.X-CUBE-FREERTOS.1.1.0
2024-12-07 18:52:02,889 [WARN] PackLoader:240 - Cannot read IP mode file for STMicroelectronics.X-CUBE-TOUCHGFX.4.24.0
2024-12-07 18:52:02,894 [WARN] PackLoader:240 - Cannot read IP mode file for STMicroelectronics.X-CUBE-TOUCHGFX.4.24.1
2024-12-07 18:52:02,900 [WARN] PackLoader:240 - Cannot read IP mode file for wolfSSL.I-CUBE-wolfTPM.3.4.0
2024-12-07 18:52:02,910 [WARN] PackLoader:240 - Cannot read IP mode file for portGmbH.I-Cube-SoM-uGOAL.1.1.0
2024-12-07 18:52:02,915 [WARN] PackLoader:240 - Cannot read IP mode file for STMicroelectronics.X-CUBE-ALS.1.0.1
2024-12-07 18:52:02,932 [WARN] PackLoader:240 - Cannot read IP mode file for STMicroelectronics.X-CUBE-AZRTOS-WB.1.1.0
2024-12-07 18:52:02,956 [WARN] PackLoader:240 - Cannot read IP mode file for STMicroelectronics.X-CUBE-AZRTOS-H7RS.1.0.0
2024-12-07 18:52:02,964 [WARN] PackLoader:240 - Cannot read IP mode file for STMicroelectronics.FP-ATR-ASTRA1.2.0.0
2024-12-07 18:52:02,977 [WARN] PackLoader:240 - Cannot read IP mode file for STMicroelectronics.X-CUBE-TOF1.3.4.2
2024-12-07 18:52:03,000 [WARN] PackLoader:240 - Cannot read IP mode file for STMicroelectronics.X-CUBE-TOF1.3.4.1
2024-12-07 18:52:03,029 [WARN] PackLoader:240 - Cannot read IP mode file for STMicroelectronics.X-CUBE-AZRTOS-H7.3.2.0
2024-12-07 18:52:03,039 [WARN] PackLoader:240 - Cannot read IP mode file for wolfSSL.I-CUBE-wolfSSH.1.4.17
2024-12-07 18:52:03,040 [INFO] ThirdParty:978 - Integrity check success = true
2024-12-07 18:52:03,040 [INFO] IntegrityCheckThread:100 - exiting critical section [integrity check]
2024-12-07 18:52:03,040 [INFO] IntegrityCheckThread:103 - End integrity checks thread
2024-12-07 18:52:07,927 [ERROR] LogOutputStream:75 - [STDERR_REDIRECT] 
