2024-09-15 00:01:45,632 [INFO] UtilMem:75 - End SaveConfig() Used Memory: 695748384 Bytes (1073741824)
2024-09-15 00:01:46,936 [INFO] UtilMem:75 - End SaveConfig() Used Memory: 724059936 Bytes (1073741824)
2024-09-15 00:01:48,916 [INFO] UtilMem:75 - End SaveConfig() Used Memory: 826294048 Bytes (1073741824)
2024-09-15 00:01:49,175 [INFO] BlockDiagram:2759 - set Specific Code input for plugin: SYS
2024-09-15 00:01:49,175 [INFO] BlockDiagram:2759 - set Specific Code input for plugin: RCC
2024-09-15 00:01:49,175 [INFO] BlockDiagram:2759 - set Specific Code input for plugin: NVIC
2024-09-15 00:01:49,175 [INFO] BlockDiagram:2759 - set Specific Code input for plugin: USART
2024-09-15 00:01:49,176 [INFO] BlockDiagram:2759 - set Specific Code input for plugin: GPIO
2024-09-15 00:01:49,189 [INFO] CodeGenerator:807 - code generatio: config db path: D:\STM32CubeIDE_1.13.0\STM32CubeIDE\plugins\com.st.stm32cube.common.mx_6.11.0.202403141607\\db\
2024-09-15 00:01:49,266 [INFO] CodeEngine:255 - oldGeneratedFile, D:\Develop\FYP\STM32CubeIDEworkspace_1.13.0\Timer_Leraning_ISR_Demo\MXTmpFiles\license.tmp_save
2024-09-15 00:01:49,363 [INFO] CodeEngine:279 - Generated code: D:\Develop\FYP\STM32CubeIDEworkspace_1.13.0\Timer_Leraning_ISR_Demo\MXTmpFiles\license.tmp
2024-09-15 00:01:49,387 [INFO] CodeEngine:255 - oldGeneratedFile, D:\Develop\FYP\STM32CubeIDEworkspace_1.13.0\Timer_Leraning_ISR_Demo\MXTmpFiles\gpio.tmp_save
2024-09-15 00:01:49,462 [INFO] CodeEngine:279 - Generated code: D:\Develop\FYP\STM32CubeIDEworkspace_1.13.0\Timer_Leraning_ISR_Demo\MXTmpFiles\gpio.tmp
2024-09-15 00:01:49,538 [INFO] CodeEngine:255 - oldGeneratedFile, D:\Develop\FYP\STM32CubeIDEworkspace_1.13.0\Timer_Leraning_ISR_Demo\Core\Src\stm32l4xx_it.c_save
2024-09-15 00:01:49,758 [INFO] CodeEngine:279 - Generated code: D:\Develop\FYP\STM32CubeIDEworkspace_1.13.0\Timer_Leraning_ISR_Demo\Core\Src\stm32l4xx_it.c
2024-09-15 00:01:49,770 [INFO] CodeEngine:255 - oldGeneratedFile, D:\Develop\FYP\STM32CubeIDEworkspace_1.13.0\Timer_Leraning_ISR_Demo\Core\Inc\stm32l4xx_it.h_save
2024-09-15 00:01:49,858 [INFO] CodeEngine:279 - Generated code: D:\Develop\FYP\STM32CubeIDEworkspace_1.13.0\Timer_Leraning_ISR_Demo\Core\Inc\stm32l4xx_it.h
2024-09-15 00:01:49,880 [INFO] CodeEngine:255 - oldGeneratedFile, D:\Develop\FYP\STM32CubeIDEworkspace_1.13.0\Timer_Leraning_ISR_Demo\Core\Src\stm32l4xx_hal_msp.c_save
2024-09-15 00:01:50,011 [INFO] CodeEngine:279 - Generated code: D:\Develop\FYP\STM32CubeIDEworkspace_1.13.0\Timer_Leraning_ISR_Demo\Core\Src\stm32l4xx_hal_msp.c
2024-09-15 00:01:50,017 [INFO] CodeEngine:255 - oldGeneratedFile, D:\Develop\FYP\STM32CubeIDEworkspace_1.13.0\Timer_Leraning_ISR_Demo\MXTmpFiles\system.tmp_save
2024-09-15 00:01:50,078 [INFO] CodeEngine:279 - Generated code: D:\Develop\FYP\STM32CubeIDEworkspace_1.13.0\Timer_Leraning_ISR_Demo\MXTmpFiles\system.tmp
2024-09-15 00:01:50,091 [INFO] CodeEngine:311 - oldGeneratedFile, D:\Develop\FYP\STM32CubeIDEworkspace_1.13.0\Timer_Leraning_ISR_Demo\Core\Inc\stm32l4xx_hal_conf.h_save
2024-09-15 00:01:50,158 [INFO] CodeEngine:335 - Generated code: D:\Develop\FYP\STM32CubeIDEworkspace_1.13.0\Timer_Leraning_ISR_Demo\Core\Inc\stm32l4xx_hal_conf.h
2024-09-15 00:01:50,193 [INFO] CodeEngine:255 - oldGeneratedFile, D:\Develop\FYP\STM32CubeIDEworkspace_1.13.0\Timer_Leraning_ISR_Demo\Core\Inc\main.h_save
2024-09-15 00:01:50,278 [INFO] CodeEngine:279 - Generated code: D:\Develop\FYP\STM32CubeIDEworkspace_1.13.0\Timer_Leraning_ISR_Demo\Core\Inc\main.h
2024-09-15 00:01:50,287 [INFO] CodeEngine:255 - oldGeneratedFile, D:\Develop\FYP\STM32CubeIDEworkspace_1.13.0\Timer_Leraning_ISR_Demo\Core\Src\main.c_save
2024-09-15 00:01:50,392 [INFO] CodeEngine:279 - Generated code: D:\Develop\FYP\STM32CubeIDEworkspace_1.13.0\Timer_Leraning_ISR_Demo\Core\Src\main.c
2024-09-15 00:01:50,887 [INFO] ProjectBuilder:3163 - Time for Copy HAL[1] : 293mS.
2024-09-15 00:01:50,892 [INFO] ProjectBuilder:4736 - Project Generator version: 4.3.0-B58
2024-09-15 00:01:50,968 [INFO] ConfigFileManager:1503 - The Die is : DIE415
2024-09-15 00:01:51,902 [INFO] ProjectBuilder:5002 - Time for Generating toolchain IDE Files: 1010mS.
2024-09-15 00:01:51,903 [INFO] ProjectBuilder:3034 - Time for Copy CMSIS : 1mS.
2024-09-15 00:01:51,906 [INFO] ProjectBuilder:3034 - Time for Copy CMSIS : 0mS.
2024-09-15 00:01:52,372 [INFO] MainUpdater:2873 - connection check result : 10
2024-09-15 00:01:52,373 [INFO] MainUpdater:2873 - connection check result : 10
2024-09-15 00:01:52,391 [INFO] MicroXplorer:468 - Change Database Path : 
2024-09-15 00:01:52,392 [INFO] MicroXplorer:498 - Change Database Version : DB.6.0.110
2024-09-15 00:01:52,418 [ERROR] ProjectManagerView:394 - 
java.lang.NullPointerException: Cannot invoke "javax.swing.JTextField.getText()" because the return value of "java.util.List.get(int)" is null
	at com.st.microxplorer.plugins.projectmanager.gui.ProjectChoiceTab$10.caretUpdate(ProjectChoiceTab.java:2504) ~[filemanager.jar:?]
	at javax.swing.text.JTextComponent.fireCaretUpdate(JTextComponent.java:412) ~[?:?]
	at javax.swing.text.JTextComponent$MutableCaretEvent.fire(JTextComponent.java:4491) ~[?:?]
	at javax.swing.text.JTextComponent$MutableCaretEvent.stateChanged(JTextComponent.java:4513) ~[?:?]
	at javax.swing.text.DefaultCaret.fireStateChanged(DefaultCaret.java:842) ~[?:?]
	at javax.swing.text.DefaultCaret.changeCaretPosition(DefaultCaret.java:1313) ~[?:?]
	at javax.swing.text.DefaultCaret.handleSetDot(DefaultCaret.java:1212) ~[?:?]
	at javax.swing.text.DefaultCaret.setDot(DefaultCaret.java:1193) ~[?:?]
	at javax.swing.text.DefaultCaret$Handler.insertUpdate(DefaultCaret.java:1789) ~[?:?]
	at javax.swing.text.AbstractDocument.fireInsertUpdate(AbstractDocument.java:226) ~[?:?]
	at javax.swing.text.AbstractDocument.handleInsertString(AbstractDocument.java:780) ~[?:?]
	at javax.swing.text.AbstractDocument.insertString(AbstractDocument.java:739) ~[?:?]
	at javax.swing.text.PlainDocument.insertString(PlainDocument.java:131) ~[?:?]
	at javax.swing.text.AbstractDocument.replace(AbstractDocument.java:698) ~[?:?]
	at javax.swing.text.JTextComponent.setText(JTextComponent.java:1729) ~[?:?]
	at com.st.microxplorer.plugins.projectmanager.gui.ProjectChoiceTab.createHeapStackFields(ProjectChoiceTab.java:944) ~[filemanager.jar:?]
	at com.st.microxplorer.plugins.projectmanager.gui.ProjectChoiceTab.buildLinkSettingsPanel(ProjectChoiceTab.java:3475) ~[filemanager.jar:?]
	at com.st.microxplorer.plugins.projectmanager.gui.ProjectChoiceTab.defineWindowsFields(ProjectChoiceTab.java:1816) ~[filemanager.jar:?]
	at com.st.microxplorer.plugins.projectmanager.gui.ProjectChoiceTab.updateSettings(ProjectChoiceTab.java:544) ~[filemanager.jar:?]
	at com.st.microxplorer.plugins.projectmanager.gui.ProjectSettingsPanel.UpdateDialog(ProjectSettingsPanel.java:245) ~[filemanager.jar:?]
	at com.st.microxplorer.plugins.projectmanager.ProjectManagerView.propertyChange(ProjectManagerView.java:391) ~[filemanager.jar:?]
	at java.beans.PropertyChangeSupport.fire(PropertyChangeSupport.java:343) ~[?:?]
	at java.beans.PropertyChangeSupport.firePropertyChange(PropertyChangeSupport.java:335) ~[?:?]
	at java.beans.PropertyChangeSupport.firePropertyChange(PropertyChangeSupport.java:268) ~[?:?]
	at com.st.microxplorer.util.MXPropertyChangeSupport.firePropertyChange(MXPropertyChangeSupport.java:54) ~[STM32CubeMX.jar:?]
	at com.st.microxplorer.mxsystem.MxSystem.closeConfig(MxSystem.java:900) ~[STM32CubeMX.jar:?]
	at com.st.microxplorer.maingui.MainPanel.closeConfig(MainPanel.java:776) ~[STM32CubeMX.jar:?]
	at com.st.microxplorer.plugins.filemanager.engine.OpenFileManager.loadConfigurationFile(OpenFileManager.java:245) ~[filemanager.jar:?]
	at com.st.microxplorer.plugins.filemanager.engine.MainFileManager.userLoadConfig(MainFileManager.java:315) ~[filemanager.jar:?]
	at com.st.microxplorer.plugins.filemanager.engine.MainFileManager.userLoadConfig(MainFileManager.java:293) ~[filemanager.jar:?]
	at com.st.microxplorer.plugins.filemanager.FileManagerView.getSpecificTask(FileManagerView.java:247) ~[filemanager.jar:?]
	at com.st.stm32cube.common.mx.editor.CubeMxEditor.getMxTabbedPaneInstance(CubeMxEditor.java:1198) ~[com.st.stm32cube.common.mx_6.11.0.202403141607/:?]
	at com.st.stm32cube.common.mx.editor.CubeMxEditor$12$1.createSwingComponent(CubeMxEditor.java:1068) ~[com.st.stm32cube.common.mx_6.11.0.202403141607/:?]
	at com.st.stm32cube.common.mx.oss.core.awtswtbridge.EmbeddedSwingComposite.doComponentCreation(EmbeddedSwingComposite.java:492) ~[com.st.stm32cube.common.mx.oss_6.11.0.202403141607/:?]
	at com.st.stm32cube.common.mx.oss.core.awtswtbridge.EmbeddedSwingComposite$4.run(EmbeddedSwingComposite.java:291) ~[com.st.stm32cube.common.mx.oss_6.11.0.202403141607/:?]
	at com.st.stm32cube.common.mx.oss.core.awtswtbridge.AwtEnvironment$2.run(AwtEnvironment.java:166) ~[com.st.stm32cube.common.mx.oss_6.11.0.202403141607/:?]
	at java.awt.event.InvocationEvent.dispatch(InvocationEvent.java:318) ~[?:?]
	at java.awt.EventQueue.dispatchEventImpl(EventQueue.java:773) ~[?:?]
	at java.awt.EventQueue$4.run(EventQueue.java:720) ~[?:?]
	at java.awt.EventQueue$4.run(EventQueue.java:714) ~[?:?]
	at java.security.AccessController.doPrivileged(AccessController.java:399) ~[?:?]
	at java.security.ProtectionDomain$JavaSecurityAccessImpl.doIntersectionPrivilege(ProtectionDomain.java:86) ~[?:?]
	at java.awt.EventQueue.dispatchEvent(EventQueue.java:742) ~[?:?]
	at java.awt.EventDispatchThread.pumpOneEventForFilters(EventDispatchThread.java:203) ~[?:?]
	at java.awt.EventDispatchThread.pumpEventsForFilter(EventDispatchThread.java:124) ~[?:?]
	at java.awt.EventDispatchThread.pumpEventsForHierarchy(EventDispatchThread.java:113) ~[?:?]
	at java.awt.EventDispatchThread.pumpEvents(EventDispatchThread.java:109) ~[?:?]
	at java.awt.EventDispatchThread.pumpEvents(EventDispatchThread.java:101) ~[?:?]
	at java.awt.EventDispatchThread.run(EventDispatchThread.java:90) ~[?:?]
2024-09-15 00:01:52,426 [WARN] ThirdParty:871 - waiting for thirdparty lock release [close project]
2024-09-15 00:01:52,426 [INFO] ThirdParty:873 - entering critical section [close project]
2024-09-15 00:01:52,426 [INFO] ThirdParty:883 - exiting critical section [close project]
2024-09-15 00:01:52,428 [INFO] PinOutPanel:1561 - setPackage(No Configuration,No Configuration)
2024-09-15 00:01:52,439 [INFO] UtilMem:75 - Begin LoadConfig() Used Memory: 886309256 Bytes (1073741824)
2024-09-15 00:01:52,441 [INFO] MicroXplorer:468 - Change Database Path : 
2024-09-15 00:01:52,442 [INFO] MicroXplorer:498 - Change Database Version : DB.6.0.110
2024-09-15 00:01:52,442 [INFO] OpenFileManager:312 - Change cursor
2024-09-15 00:01:52,462 [INFO] RulesReader:64 - Compatibility file has been processed (297 Rules)
2024-09-15 00:01:52,466 [INFO] Mcu:2021 - Initializing MCU STM32L476R(C-E-G)Tx STM32L476RGTx STM32L476RGT3
2024-09-15 00:01:54,272 [INFO] Context:663 - Trying to add GPIOservice into a context  which must be forbidden
2024-09-15 00:01:54,871 [INFO] RtosManager:555 - Registered RTOS mode: class=CMSIS, group=RTOS, mode=CMSIS_V1, owner=FREERTOS
2024-09-15 00:01:54,871 [INFO] RtosManager:555 - Registered RTOS mode: class=CMSIS, group=RTOS2, mode=CMSIS_V2, owner=FREERTOS
2024-09-15 00:01:54,871 [INFO] RtosManager:555 - Registered RTOS mode: class=RTOS, group=Core, mode=CMSIS_V1, owner=FREERTOS
2024-09-15 00:01:54,871 [INFO] RtosManager:555 - Registered RTOS mode: class=RTOS, group=Core, mode=CMSIS_V2, owner=FREERTOS
2024-09-15 00:01:54,871 [WARN] ModelIntegratedComponent:184 - Missing modes for component STMicroelectronics:FreeRTOS:0.0.1:STMicroelectronics:RTOS:FreeRTOS:Core:::10.2.0:
2024-09-15 00:01:54,873 [WARN] ModelIntegratedComponent:63 - No mode defined for component null
2024-09-15 00:01:54,873 [WARN] ModelIntegratedComponent:63 - No mode defined for component null
2024-09-15 00:01:54,873 [WARN] ModelIntegratedComponent:63 - No mode defined for component null
2024-09-15 00:01:54,873 [WARN] ModelIntegratedComponent:63 - No mode defined for component null
2024-09-15 00:01:54,873 [WARN] ModelIntegratedComponent:63 - No mode defined for component null
2024-09-15 00:01:54,873 [WARN] ModelIntegratedComponent:63 - No mode defined for component null
2024-09-15 00:01:54,873 [WARN] ModelIntegratedComponent:63 - No mode defined for component null
2024-09-15 00:01:54,873 [WARN] ModelIntegratedComponent:63 - No mode defined for component null
2024-09-15 00:01:54,873 [WARN] ModelIntegratedComponent:63 - No mode defined for component null
2024-09-15 00:01:54,873 [WARN] ModelIntegratedComponent:63 - No mode defined for component null
2024-09-15 00:01:54,873 [WARN] ModelIntegratedComponent:63 - No mode defined for component null
2024-09-15 00:01:54,873 [WARN] ModelIntegratedComponent:63 - No mode defined for component null
2024-09-15 00:01:54,873 [WARN] ModelIntegratedComponent:63 - No mode defined for component null
2024-09-15 00:01:54,873 [WARN] ModelIntegratedComponent:63 - No mode defined for component null
2024-09-15 00:01:54,873 [WARN] ModelIntegratedComponent:63 - No mode defined for component null
2024-09-15 00:01:54,873 [WARN] ModelIntegratedComponent:63 - No mode defined for component null
2024-09-15 00:01:54,873 [WARN] ModelIntegratedComponent:63 - No mode defined for component null
2024-09-15 00:01:54,873 [WARN] ModelIntegratedComponent:63 - No mode defined for component null
2024-09-15 00:01:54,873 [WARN] ModelIntegratedComponent:63 - No mode defined for component null
2024-09-15 00:01:54,873 [WARN] ModelIntegratedComponent:63 - No mode defined for component null
2024-09-15 00:01:54,873 [WARN] ModelIntegratedComponent:63 - No mode defined for component null
2024-09-15 00:01:54,873 [WARN] ModelIntegratedComponent:63 - No mode defined for component null
2024-09-15 00:01:54,873 [WARN] ModelIntegratedComponent:63 - No mode defined for component null
2024-09-15 00:01:54,873 [WARN] ModelIntegratedComponent:63 - No mode defined for component null
2024-09-15 00:01:54,873 [WARN] ModelIntegratedComponent:63 - No mode defined for component null
2024-09-15 00:01:54,873 [WARN] ModelIntegratedComponent:63 - No mode defined for component null
2024-09-15 00:01:54,873 [WARN] ModelIntegratedComponent:63 - No mode defined for component null
2024-09-15 00:01:54,873 [WARN] ModelIntegratedComponent:63 - No mode defined for component null
2024-09-15 00:01:54,873 [WARN] ModelIntegratedComponent:63 - No mode defined for component null
2024-09-15 00:01:54,873 [WARN] ModelIntegratedComponent:63 - No mode defined for component null
2024-09-15 00:01:54,874 [WARN] ModelIntegratedComponent:63 - No mode defined for component null
2024-09-15 00:01:54,874 [WARN] ModelIntegratedComponent:63 - No mode defined for component null
2024-09-15 00:01:54,874 [WARN] ModelIntegratedComponent:63 - No mode defined for component null
2024-09-15 00:01:54,874 [WARN] ModelIntegratedComponent:63 - No mode defined for component null
2024-09-15 00:01:54,972 [INFO] ThirdPartyModel:298 - Start build external matchings
2024-09-15 00:01:56,524 [INFO] ThirdPartyModel:316 - End build external matchings
2024-09-15 00:01:56,550 [INFO] ImportTextPane:194 - (OptionalMessage_ERROR) IP (RCC) : Invalid parameter (FamilyName)
2024-09-15 00:01:56,551 [INFO] ImportTextPane:194 - (OptionalMessage_ERROR) IP (RCC) : Parameter (RNGFreq_Value) has invalid value (64000000)
2024-09-15 00:01:56,551 [INFO] ImportTextPane:194 - (OptionalMessage_ERROR) IP (RCC) : Parameter (SDMMCFreq_Value) has invalid value (64000000)
2024-09-15 00:01:56,551 [INFO] ImportTextPane:194 - (OptionalMessage_ERROR) IP (RCC) : Parameter (USBFreq_Value) has invalid value (64000000)
2024-09-15 00:01:56,886 [INFO] UtilMem:75 - End LoadConfig() Used Memory: 840369496 Bytes (1073741824)
2024-09-15 00:01:56,938 [WARN] ThirdParty:833 - waiting for thirdparty lock release [change project]
2024-09-15 00:01:56,938 [INFO] ThirdParty:835 - entering critical section [change project]
2024-09-15 00:01:56,939 [INFO] ThirdParty:1030 - CMSIS Pack Vendor :STMicroelectronics USBPD 4.1
2024-09-15 00:01:56,939 [INFO] ThirdParty:1030 - CMSIS Pack Vendor :STMicroelectronics X-CUBE-GNSS1 6.0.0
2024-09-15 00:01:56,939 [INFO] ThirdParty:1030 - CMSIS Pack Vendor :STMicroelectronics USB_HOST 2.0.0
2024-09-15 00:01:56,939 [INFO] ThirdParty:1030 - CMSIS Pack Vendor :STMicroelectronics FP-SNS-MOTENVWB1 1.4.0
2024-09-15 00:01:56,939 [INFO] ThirdParty:1030 - CMSIS Pack Vendor :STMicroelectronics X-CUBE-AZRTOS-F4 1.1.0
2024-09-15 00:01:56,939 [INFO] ThirdParty:1030 - CMSIS Pack Vendor :STMicroelectronics LIBJPEG 8.0.0
2024-09-15 00:01:56,939 [INFO] ThirdParty:1030 - CMSIS Pack Vendor :wolfSSL I-CUBE-wolfSSL 5.6.3
2024-09-15 00:01:56,939 [INFO] ThirdParty:1030 - CMSIS Pack Vendor :STMicroelectronics X-CUBE-SMBUS 2.1.0
2024-09-15 00:01:56,939 [INFO] ThirdParty:1030 - CMSIS Pack Vendor :STMicroelectronics X-CUBE-FREERTOS 1.2.0
2024-09-15 00:01:56,939 [INFO] ThirdParty:1030 - CMSIS Pack Vendor :STMicroelectronics X-CUBE-TOUCHGFX 4.23.1
2024-09-15 00:01:56,939 [INFO] ThirdParty:1030 - CMSIS Pack Vendor :STMicroelectronics X-CUBE-TOUCHGFX 4.23.0
2024-09-15 00:01:56,939 [INFO] ThirdParty:1030 - CMSIS Pack Vendor :STMicroelectronics X-CUBE-AZRTOS-F7 1.1.0
2024-09-15 00:01:56,939 [INFO] ThirdParty:1030 - CMSIS Pack Vendor :STMicroelectronics X-CUBE-AZRTOS-L5 2.0.0
2024-09-15 00:01:56,939 [INFO] ThirdParty:1030 - CMSIS Pack Vendor :STMicroelectronics USB_DEVICE 2.0.0
2024-09-15 00:01:56,940 [INFO] ThirdParty:1030 - CMSIS Pack Vendor :STMicroelectronics X-CUBE-MEMS1 9.6.0
2024-09-15 00:01:56,940 [INFO] ThirdParty:1030 - CMSIS Pack Vendor :STMicroelectronics X-CUBE-EEPRMA1 4.2.0
2024-09-15 00:01:56,940 [INFO] ThirdParty:1030 - CMSIS Pack Vendor :STMicroelectronics X-CUBE-NFC6 3.1.0
2024-09-15 00:01:56,940 [INFO] ThirdParty:1030 - CMSIS Pack Vendor :ITTIA_DB I-CUBE-ITTIADB 8.8.0
2024-09-15 00:01:56,940 [INFO] ThirdParty:1030 - CMSIS Pack Vendor :STMicroelectronics FP-SNS-MOTENV1 4.3.2
2024-09-15 00:01:56,940 [INFO] ThirdParty:1030 - CMSIS Pack Vendor :STMicroelectronics X-CUBE-MEMS1 11.0.0
2024-09-15 00:01:56,940 [INFO] ThirdParty:1030 - CMSIS Pack Vendor :STMicroelectronics X-CUBE-BLE1 6.2.4
2024-09-15 00:01:56,940 [INFO] ThirdParty:1030 - CMSIS Pack Vendor :STMicroelectronics FreeRTOS 0.0.1
2024-09-15 00:01:56,940 [INFO] ThirdParty:1030 - CMSIS Pack Vendor :STMicroelectronics X-CUBE-BLEMGR 2.0.0
2024-09-15 00:01:56,940 [INFO] ThirdParty:1030 - CMSIS Pack Vendor :STMicroelectronics X-CUBE-DPower 1.2.0
2024-09-15 00:01:56,940 [INFO] ThirdParty:1030 - CMSIS Pack Vendor :STMicroelectronics FP-SNS-FLIGHT1 5.0.2
2024-09-15 00:01:56,940 [INFO] ThirdParty:1030 - CMSIS Pack Vendor :STMicroelectronics X-CUBE-AI 9.0.0
2024-09-15 00:01:56,940 [INFO] ThirdParty:1030 - CMSIS Pack Vendor :STMicroelectronics X-CUBE-AZRTOS-H7 3.1.0
2024-09-15 00:01:56,940 [INFO] ThirdParty:1030 - CMSIS Pack Vendor :STMicroelectronics PDM2PCM 3.3.0
2024-09-15 00:01:56,940 [INFO] ThirdParty:1030 - CMSIS Pack Vendor :STMicroelectronics X-CUBE-DISPLAY 3.0.0
2024-09-15 00:01:56,940 [INFO] ThirdParty:1030 - CMSIS Pack Vendor :STMicroelectronics X-CUBE-BLE1 7.0.0
2024-09-15 00:01:56,940 [INFO] ThirdParty:1030 - CMSIS Pack Vendor :STMicroelectronics HAL Drivers 0.0.0
2024-09-15 00:01:56,940 [INFO] ThirdParty:1030 - CMSIS Pack Vendor :emotas I-CUBE-CANOPEN 1.3.0
2024-09-15 00:01:56,940 [INFO] ThirdParty:1030 - CMSIS Pack Vendor :STMicroelectronics X-CUBE-TOUCHGFX 4.22.0
2024-09-15 00:01:56,940 [INFO] ThirdParty:1030 - CMSIS Pack Vendor :STMicroelectronics X-CUBE-NFC7 1.0.1
2024-09-15 00:01:56,940 [INFO] ThirdParty:1030 - CMSIS Pack Vendor :STMicroelectronics MBEDTLS 2.14.1
2024-09-15 00:01:56,940 [INFO] ThirdParty:1030 - CMSIS Pack Vendor :STMicroelectronics X-CUBE-TOUCHGFX 4.22.1
2024-09-15 00:01:56,940 [INFO] ThirdParty:1030 - CMSIS Pack Vendor :STMicroelectronics X-CUBE-NFC6 3.0.0
2024-09-15 00:01:56,940 [INFO] ThirdParty:1030 - CMSIS Pack Vendor :STMicroelectronics X-CUBE-EEPRMA1 4.1.0
2024-09-15 00:01:56,940 [INFO] ThirdParty:1030 - CMSIS Pack Vendor :STMicroelectronics X-CUBE-BLEMGR 3.1.0
2024-09-15 00:01:56,940 [INFO] ThirdParty:1030 - CMSIS Pack Vendor :STMicroelectronics FP-SNS-SMARTAG2 1.2.0
2024-09-15 00:01:56,940 [INFO] ThirdParty:1030 - CMSIS Pack Vendor :STMicroelectronics X-CUBE-AZRTOS-WL 2.0.0
2024-09-15 00:01:56,940 [INFO] ThirdParty:1030 - CMSIS Pack Vendor :STMicroelectronics FP-SNS-MOTENV1 5.0.0
2024-09-15 00:01:56,940 [INFO] ThirdParty:1030 - CMSIS Pack Vendor :STMicroelectronics USB_DEVICE 1.0.0
2024-09-15 00:01:56,940 [INFO] ThirdParty:1030 - CMSIS Pack Vendor :STMicroelectronics X-CUBE-AI 8.1.0
2024-09-15 00:01:56,940 [INFO] ThirdParty:1030 - CMSIS Pack Vendor :wolfSSL I-CUBE-wolfMQTT 1.19.0
2024-09-15 00:01:56,940 [INFO] ThirdParty:1030 - CMSIS Pack Vendor :STMicroelectronics X-CUBE-AZRTOS-L4 2.0.0
2024-09-15 00:01:56,940 [INFO] ThirdParty:1030 - CMSIS Pack Vendor :STMicroelectronics ThreadX 0.0.2
2024-09-15 00:01:56,940 [INFO] ThirdParty:1030 - CMSIS Pack Vendor :WES I-CUBE-Cesium 1.3.0
2024-09-15 00:01:56,940 [INFO] ThirdParty:1030 - CMSIS Pack Vendor :STMicroelectronics lwIP 2.1.2
2024-09-15 00:01:56,940 [INFO] ThirdParty:1030 - CMSIS Pack Vendor :STMicroelectronics X-CUBE-SFXS2LP1 4.0.0
2024-09-15 00:01:56,940 [INFO] ThirdParty:1030 - CMSIS Pack Vendor :STMicroelectronics X-CUBE-BLE2 3.3.0
2024-09-15 00:01:56,940 [INFO] ThirdParty:1030 - CMSIS Pack Vendor :STMicroelectronics PDM2PCM 3.2.0
2024-09-15 00:01:56,940 [INFO] ThirdParty:1030 - CMSIS Pack Vendor :STMicroelectronics X-CUBE-ISPU 1.1.0
2024-09-15 00:01:56,940 [INFO] ThirdParty:1030 - CMSIS Pack Vendor :STMicroelectronics X-CUBE-AZRTOS-H7 3.3.0
2024-09-15 00:01:56,940 [INFO] ThirdParty:1030 - CMSIS Pack Vendor :STMicroelectronics USB_DEVICE 3.0.0
2024-09-15 00:01:56,940 [INFO] ThirdParty:1030 - CMSIS Pack Vendor :STMicroelectronics X-CUBE-TCPP 4.1.0
2024-09-15 00:01:56,940 [INFO] ThirdParty:1030 - CMSIS Pack Vendor :STMicroelectronics X-CUBE-AZRTOS-WB 2.0.0
2024-09-15 00:01:56,940 [INFO] ThirdParty:1030 - CMSIS Pack Vendor :STMicroelectronics X-CUBE-FREERTOS 1.0.1
2024-09-15 00:01:56,941 [INFO] ThirdParty:1030 - CMSIS Pack Vendor :STMicroelectronics X-CUBE-GNSS1 7.0.0
2024-09-15 00:01:56,941 [INFO] ThirdParty:1030 - CMSIS Pack Vendor :STMicroelectronics FP-SNS-STBOX1 2.0.0
2024-09-15 00:01:56,941 [INFO] ThirdParty:1030 - CMSIS Pack Vendor :STMicroelectronics X-CUBE-ALGOBUILD 1.3.0
2024-09-15 00:01:56,941 [INFO] ThirdParty:1030 - CMSIS Pack Vendor :STMicroelectronics X-CUBE-AZRTOS-L5 1.1.0
2024-09-15 00:01:56,941 [INFO] ThirdParty:1030 - CMSIS Pack Vendor :STMicroelectronics X-CUBE-AZRTOS-G0 1.1.0
2024-09-15 00:01:56,941 [INFO] ThirdParty:1030 - CMSIS Pack Vendor :STMicroelectronics X-CUBE-AI 8.0.1
2024-09-15 00:01:56,941 [INFO] ThirdParty:1030 - CMSIS Pack Vendor :STMicroelectronics X-CUBE-SAFEA1 1.2.2
2024-09-15 00:01:56,941 [INFO] ThirdParty:1030 - CMSIS Pack Vendor :STMicroelectronics X-CUBE-NFC4 3.0.0
2024-09-15 00:01:56,941 [INFO] ThirdParty:1030 - CMSIS Pack Vendor :STMicroelectronics X-CUBE-SUBG2 5.0.0
2024-09-15 00:01:56,941 [INFO] ThirdParty:1030 - CMSIS Pack Vendor :STMicroelectronics STM32_WPAN 1.0.0
2024-09-15 00:01:56,941 [INFO] ThirdParty:1030 - CMSIS Pack Vendor :EmbeddedOffice I-CUBE-FS-RTOS 1.0.1
2024-09-15 00:01:56,941 [INFO] ThirdParty:1030 - CMSIS Pack Vendor :STMicroelectronics lwIP 2.0.3
2024-09-15 00:01:56,941 [INFO] ThirdParty:1030 - CMSIS Pack Vendor :Cesanta I-CUBE-Mongoose 7.13.0
2024-09-15 00:01:56,941 [INFO] ThirdParty:1030 - CMSIS Pack Vendor :STMicroelectronics USB_HOST 1.0.0
2024-09-15 00:01:56,941 [INFO] ThirdParty:1030 - CMSIS Pack Vendor :STMicroelectronics X-CUBE-TOF1 3.3.1
2024-09-15 00:01:56,941 [INFO] ThirdParty:1030 - CMSIS Pack Vendor :STMicroelectronics X-CUBE-AZRTOS-G4 2.0.0
2024-09-15 00:01:56,941 [INFO] ThirdParty:1030 - CMSIS Pack Vendor :STMicroelectronics PDM2PCM 3.1.0
2024-09-15 00:01:56,941 [INFO] ThirdParty:1030 - CMSIS Pack Vendor :Infineon AIROC-Wi-Fi-Bluetooth-STM32 1.5.1
2024-09-15 00:01:56,941 [INFO] ThirdParty:1030 - CMSIS Pack Vendor :STMicroelectronics X-CUBE-BLEMGR 3.0.0
2024-09-15 00:01:56,941 [INFO] ThirdParty:1030 - CMSIS Pack Vendor :STMicroelectronics FP-SNS-MOTENVWB1 1.3.0
2024-09-15 00:01:56,941 [INFO] ThirdParty:1030 - CMSIS Pack Vendor :RealThread X-CUBE-RT-Thread_Nano 4.1.1
2024-09-15 00:01:56,941 [INFO] ThirdParty:1030 - CMSIS Pack Vendor :STMicroelectronics FP-SNS-MOTENVWB1 1.3.1
2024-09-15 00:01:56,941 [INFO] ThirdParty:1030 - CMSIS Pack Vendor :STMicroelectronics FP-ATR-SIGFOX1 3.2.0
2024-09-15 00:01:56,941 [INFO] ThirdParty:1030 - CMSIS Pack Vendor :STMicroelectronics X-CUBE-ISPU 2.0.0
2024-09-15 00:01:56,941 [INFO] ThirdParty:1030 - CMSIS Pack Vendor :STMicroelectronics X-CUBE-EEPRMA1 5.1.0
2024-09-15 00:01:56,941 [INFO] ThirdParty:1030 - CMSIS Pack Vendor :STMicroelectronics MBEDTLS 2.16.2
2024-09-15 00:01:56,941 [INFO] ThirdParty:1030 - CMSIS Pack Vendor :STMicroelectronics X-CUBE-ALS 1.0.2
2024-09-15 00:01:56,941 [INFO] ThirdParty:1030 - CMSIS Pack Vendor :STMicroelectronics X-CUBE-MEMS1 10.0.0
2024-09-15 00:01:56,941 [INFO] ThirdParty:1030 - CMSIS Pack Vendor :STMicroelectronics X-CUBE-FREERTOS 1.1.0
2024-09-15 00:01:56,941 [INFO] ThirdParty:1030 - CMSIS Pack Vendor :STMicroelectronics X-CUBE-TOUCHGFX 4.24.0
2024-09-15 00:01:56,941 [INFO] ThirdParty:1030 - CMSIS Pack Vendor :wolfSSL I-CUBE-wolfTPM 3.4.0
2024-09-15 00:01:56,941 [INFO] ThirdParty:1030 - CMSIS Pack Vendor :portGmbH I-Cube-SoM-uGOAL 1.1.0
2024-09-15 00:01:56,941 [INFO] ThirdParty:1030 - CMSIS Pack Vendor :STMicroelectronics X-CUBE-ALS 1.0.1
2024-09-15 00:01:56,941 [INFO] ThirdParty:1030 - CMSIS Pack Vendor :STMicroelectronics ThreadX 1.0.0
2024-09-15 00:01:56,941 [INFO] ThirdParty:1030 - CMSIS Pack Vendor :STMicroelectronics X-CUBE-AZRTOS-WB 1.1.0
2024-09-15 00:01:56,941 [INFO] ThirdParty:1030 - CMSIS Pack Vendor :SEGGER I-CUBE-embOS 1.3.1
2024-09-15 00:01:56,941 [INFO] ThirdParty:1030 - CMSIS Pack Vendor :STMicroelectronics X-CUBE-ALGOBUILD 1.4.0
2024-09-15 00:01:56,941 [INFO] ThirdParty:1030 - CMSIS Pack Vendor :STMicroelectronics X-CUBE-AZRTOS-H7RS 1.0.0
2024-09-15 00:01:56,941 [INFO] ThirdParty:1030 - CMSIS Pack Vendor :STMicroelectronics FP-ATR-ASTRA1 2.0.0
2024-09-15 00:01:56,941 [INFO] ThirdParty:1030 - CMSIS Pack Vendor :STMicroelectronics X-CUBE-TOF1 3.4.2
2024-09-15 00:01:56,941 [INFO] ThirdParty:1030 - CMSIS Pack Vendor :STMicroelectronics X-CUBE-TOF1 3.4.1
2024-09-15 00:01:56,941 [INFO] ThirdParty:1030 - CMSIS Pack Vendor :STMicroelectronics X-CUBE-AZRTOS-H7 3.2.0
2024-09-15 00:01:56,941 [INFO] ThirdParty:1030 - CMSIS Pack Vendor :wolfSSL I-CUBE-wolfSSH 1.4.17
2024-09-15 00:01:56,942 [INFO] ThirdParty:841 - exiting critical section [change project]
2024-09-15 00:01:57,308 [INFO] PinOutPanel:1561 - setPackage(No Configuration,No Configuration)
2024-09-15 00:01:57,309 [INFO] PinOutPanel:1561 - setPackage(STM32L476RGTx,LQFP64)
2024-09-15 00:01:57,830 [INFO] UtilMem:75 - Before build in PCC Used Memory: 868063920 Bytes (1073741824)
2024-09-15 00:01:58,176 [INFO] UtilMem:75 - After build in PCC Used Memory: 694137208 Bytes (1073741824)
2024-09-15 00:01:58,198 [INFO] IPUIPlugin:80 - create IPUIPlugin
2024-09-15 00:01:58,198 [INFO] IPUIPlugin:80 - create IPUIPlugin
2024-09-15 00:01:58,198 [INFO] IPUIPlugin:80 - create IPUIPlugin
2024-09-15 00:01:58,198 [INFO] IPUIPlugin:80 - create IPUIPlugin
2024-09-15 00:01:58,198 [INFO] IPUIPlugin:80 - create IPUIPlugin
2024-09-15 00:01:58,198 [INFO] IPUIPlugin:80 - create IPUIPlugin
2024-09-15 00:01:58,198 [INFO] IPUIPlugin:80 - create IPUIPlugin
2024-09-15 00:01:58,198 [INFO] IPUIPlugin:80 - create IPUIPlugin
2024-09-15 00:01:58,198 [INFO] IPUIPlugin:80 - create IPUIPlugin
2024-09-15 00:01:58,198 [INFO] IPUIPlugin:80 - create IPUIPlugin
2024-09-15 00:01:58,198 [INFO] IPUIPlugin:80 - create IPUIPlugin
2024-09-15 00:01:58,198 [INFO] IPUIPlugin:80 - create IPUIPlugin
2024-09-15 00:01:58,198 [INFO] IPUIPlugin:80 - create IPUIPlugin
2024-09-15 00:01:58,198 [INFO] IPUIPlugin:80 - create IPUIPlugin
2024-09-15 00:01:58,198 [INFO] IPUIPlugin:80 - create IPUIPlugin
2024-09-15 00:01:58,198 [INFO] IPUIPlugin:80 - create IPUIPlugin
2024-09-15 00:01:58,198 [INFO] IPUIPlugin:80 - create IPUIPlugin
2024-09-15 00:01:58,199 [INFO] IPUIPlugin:80 - create IPUIPlugin
2024-09-15 00:01:58,199 [INFO] IPUIPlugin:80 - create IPUIPlugin
2024-09-15 00:01:58,199 [INFO] IPUIPlugin:80 - create IPUIPlugin
2024-09-15 00:01:58,199 [INFO] IPUIPlugin:80 - create IPUIPlugin
2024-09-15 00:01:58,199 [INFO] IPUIPlugin:80 - create IPUIPlugin
2024-09-15 00:01:58,199 [INFO] IPUIPlugin:80 - create IPUIPlugin
2024-09-15 00:01:58,199 [INFO] IPUIPlugin:80 - create IPUIPlugin
2024-09-15 00:01:58,199 [INFO] IPUIPlugin:80 - create IPUIPlugin
2024-09-15 00:01:58,199 [INFO] IPUIPlugin:80 - create IPUIPlugin
2024-09-15 00:01:58,200 [INFO] IPUIPlugin:80 - create IPUIPlugin
2024-09-15 00:01:58,200 [INFO] IPUIPlugin:80 - create IPUIPlugin
2024-09-15 00:01:58,200 [INFO] IPUIPlugin:80 - create IPUIPlugin
2024-09-15 00:01:58,200 [INFO] IPUIPlugin:80 - create IPUIPlugin
2024-09-15 00:01:58,200 [INFO] IPUIPlugin:80 - create IPUIPlugin
2024-09-15 00:01:58,200 [INFO] IPUIPlugin:80 - create IPUIPlugin
2024-09-15 00:01:58,200 [INFO] IPUIPlugin:80 - create IPUIPlugin
2024-09-15 00:01:58,201 [INFO] IPUIPlugin:80 - create IPUIPlugin
2024-09-15 00:01:58,201 [INFO] IPUIPlugin:80 - create IPUIPlugin
2024-09-15 00:01:58,201 [INFO] IPUIPlugin:80 - create IPUIPlugin
2024-09-15 00:01:58,201 [INFO] IPUIPlugin:80 - create IPUIPlugin
2024-09-15 00:01:58,201 [INFO] IPUIPlugin:80 - create IPUIPlugin
2024-09-15 00:01:58,201 [INFO] IPUIPlugin:80 - create IPUIPlugin
2024-09-15 00:01:58,202 [INFO] IPUIPlugin:80 - create IPUIPlugin
2024-09-15 00:01:58,202 [INFO] IPUIPlugin:80 - create IPUIPlugin
2024-09-15 00:01:58,202 [INFO] IPUIPlugin:80 - create IPUIPlugin
2024-09-15 00:01:58,202 [INFO] IPUIPlugin:80 - create IPUIPlugin
2024-09-15 00:01:58,202 [INFO] IPUIPlugin:80 - create IPUIPlugin
2024-09-15 00:01:58,202 [INFO] IPUIPlugin:80 - create IPUIPlugin
2024-09-15 00:01:58,202 [INFO] IPUIPlugin:80 - create IPUIPlugin
2024-09-15 00:01:58,203 [INFO] IPUIPlugin:80 - create IPUIPlugin
2024-09-15 00:01:58,203 [INFO] IPUIPlugin:80 - create IPUIPlugin
2024-09-15 00:01:58,203 [INFO] IPUIPlugin:80 - create IPUIPlugin
2024-09-15 00:01:58,203 [INFO] IPUIPlugin:80 - create IPUIPlugin
2024-09-15 00:01:58,203 [INFO] IPUIPlugin:80 - create IPUIPlugin
2024-09-15 00:01:58,204 [INFO] IPUIPlugin:80 - create IPUIPlugin
2024-09-15 00:01:58,204 [INFO] IPUIPlugin:80 - create IPUIPlugin
2024-09-15 00:01:58,204 [INFO] IPUIPlugin:80 - create IPUIPlugin
2024-09-15 00:01:58,204 [INFO] IPUIPlugin:80 - create IPUIPlugin
2024-09-15 00:01:58,205 [INFO] IPUIPlugin:80 - create IPUIPlugin
2024-09-15 00:01:58,205 [INFO] IPUIPlugin:80 - create IPUIPlugin
2024-09-15 00:01:58,206 [INFO] IPUIPlugin:80 - create IPUIPlugin
2024-09-15 00:01:58,206 [INFO] IPUIPlugin:80 - create IPUIPlugin
2024-09-15 00:01:58,275 [INFO] CADModel:165 - CPN selected for project levelSTM32L476RGT3
2024-09-15 00:01:58,275 [INFO] CADModel:114 - Register for checkConnection events
2024-09-15 00:01:58,328 [INFO] OpenFileManager:343 - Restore cursor
2024-09-15 00:01:58,335 [INFO] ApiDb:581 - Connected to CubeFinder SQLite database (C:\Users\66405\.stmcufinder\plugins\mcufinder\mcu\cube-finder-db.db)
2024-09-15 00:03:08,621 [INFO] MainUpdater:2873 - connection check result : 10
2024-09-15 00:03:08,621 [INFO] MainUpdater:2873 - connection check result : 10
2024-09-15 00:03:08,636 [INFO] MicroXplorer:468 - Change Database Path : 
2024-09-15 00:03:08,637 [INFO] MicroXplorer:498 - Change Database Version : DB.6.0.110
2024-09-15 00:03:08,644 [ERROR] ProjectManagerView:394 - 
java.lang.NullPointerException: Cannot invoke "javax.swing.JTextField.getText()" because the return value of "java.util.List.get(int)" is null
	at com.st.microxplorer.plugins.projectmanager.gui.ProjectChoiceTab$10.caretUpdate(ProjectChoiceTab.java:2504) ~[filemanager.jar:?]
	at javax.swing.text.JTextComponent.fireCaretUpdate(JTextComponent.java:412) ~[?:?]
	at javax.swing.text.JTextComponent$MutableCaretEvent.fire(JTextComponent.java:4491) ~[?:?]
	at javax.swing.text.JTextComponent$MutableCaretEvent.stateChanged(JTextComponent.java:4513) ~[?:?]
	at javax.swing.text.DefaultCaret.fireStateChanged(DefaultCaret.java:842) ~[?:?]
	at javax.swing.text.DefaultCaret.changeCaretPosition(DefaultCaret.java:1313) ~[?:?]
	at javax.swing.text.DefaultCaret.handleSetDot(DefaultCaret.java:1212) ~[?:?]
	at javax.swing.text.DefaultCaret.setDot(DefaultCaret.java:1193) ~[?:?]
	at javax.swing.text.DefaultCaret$Handler.insertUpdate(DefaultCaret.java:1789) ~[?:?]
	at javax.swing.text.AbstractDocument.fireInsertUpdate(AbstractDocument.java:226) ~[?:?]
	at javax.swing.text.AbstractDocument.handleInsertString(AbstractDocument.java:780) ~[?:?]
	at javax.swing.text.AbstractDocument.insertString(AbstractDocument.java:739) ~[?:?]
	at javax.swing.text.PlainDocument.insertString(PlainDocument.java:131) ~[?:?]
	at javax.swing.text.AbstractDocument.replace(AbstractDocument.java:698) ~[?:?]
	at javax.swing.text.JTextComponent.setText(JTextComponent.java:1729) ~[?:?]
	at com.st.microxplorer.plugins.projectmanager.gui.ProjectChoiceTab.createHeapStackFields(ProjectChoiceTab.java:944) ~[filemanager.jar:?]
	at com.st.microxplorer.plugins.projectmanager.gui.ProjectChoiceTab.buildLinkSettingsPanel(ProjectChoiceTab.java:3475) ~[filemanager.jar:?]
	at com.st.microxplorer.plugins.projectmanager.gui.ProjectChoiceTab.defineWindowsFields(ProjectChoiceTab.java:1816) ~[filemanager.jar:?]
	at com.st.microxplorer.plugins.projectmanager.gui.ProjectChoiceTab.updateSettings(ProjectChoiceTab.java:544) ~[filemanager.jar:?]
	at com.st.microxplorer.plugins.projectmanager.gui.ProjectSettingsPanel.UpdateDialog(ProjectSettingsPanel.java:245) ~[filemanager.jar:?]
	at com.st.microxplorer.plugins.projectmanager.ProjectManagerView.propertyChange(ProjectManagerView.java:391) ~[filemanager.jar:?]
	at java.beans.PropertyChangeSupport.fire(PropertyChangeSupport.java:343) ~[?:?]
	at java.beans.PropertyChangeSupport.firePropertyChange(PropertyChangeSupport.java:335) ~[?:?]
	at java.beans.PropertyChangeSupport.firePropertyChange(PropertyChangeSupport.java:268) ~[?:?]
	at com.st.microxplorer.util.MXPropertyChangeSupport.firePropertyChange(MXPropertyChangeSupport.java:54) ~[STM32CubeMX.jar:?]
	at com.st.microxplorer.mxsystem.MxSystem.closeConfig(MxSystem.java:900) ~[STM32CubeMX.jar:?]
	at com.st.microxplorer.maingui.MainPanel.closeConfig(MainPanel.java:776) ~[STM32CubeMX.jar:?]
	at com.st.microxplorer.plugins.filemanager.engine.OpenFileManager.loadConfigurationFile(OpenFileManager.java:245) ~[filemanager.jar:?]
	at com.st.microxplorer.plugins.filemanager.engine.MainFileManager.userLoadConfig(MainFileManager.java:315) ~[filemanager.jar:?]
	at com.st.microxplorer.plugins.filemanager.engine.MainFileManager.userLoadConfig(MainFileManager.java:293) ~[filemanager.jar:?]
	at com.st.microxplorer.plugins.filemanager.FileManagerView.getSpecificTask(FileManagerView.java:247) ~[filemanager.jar:?]
	at com.st.stm32cube.common.mx.editor.CubeMxEditor.getMxTabbedPaneInstance(CubeMxEditor.java:1198) ~[com.st.stm32cube.common.mx_6.11.0.202403141607/:?]
	at com.st.stm32cube.common.mx.editor.CubeMxEditor$12$1.createSwingComponent(CubeMxEditor.java:1068) ~[com.st.stm32cube.common.mx_6.11.0.202403141607/:?]
	at com.st.stm32cube.common.mx.oss.core.awtswtbridge.EmbeddedSwingComposite.doComponentCreation(EmbeddedSwingComposite.java:492) ~[com.st.stm32cube.common.mx.oss_6.11.0.202403141607/:?]
	at com.st.stm32cube.common.mx.oss.core.awtswtbridge.EmbeddedSwingComposite$4.run(EmbeddedSwingComposite.java:291) ~[com.st.stm32cube.common.mx.oss_6.11.0.202403141607/:?]
	at com.st.stm32cube.common.mx.oss.core.awtswtbridge.AwtEnvironment$2.run(AwtEnvironment.java:166) ~[com.st.stm32cube.common.mx.oss_6.11.0.202403141607/:?]
	at java.awt.event.InvocationEvent.dispatch(InvocationEvent.java:318) ~[?:?]
	at java.awt.EventQueue.dispatchEventImpl(EventQueue.java:773) ~[?:?]
	at java.awt.EventQueue$4.run(EventQueue.java:720) ~[?:?]
	at java.awt.EventQueue$4.run(EventQueue.java:714) ~[?:?]
	at java.security.AccessController.doPrivileged(AccessController.java:399) ~[?:?]
	at java.security.ProtectionDomain$JavaSecurityAccessImpl.doIntersectionPrivilege(ProtectionDomain.java:86) ~[?:?]
	at java.awt.EventQueue.dispatchEvent(EventQueue.java:742) ~[?:?]
	at java.awt.EventDispatchThread.pumpOneEventForFilters(EventDispatchThread.java:203) ~[?:?]
	at java.awt.EventDispatchThread.pumpEventsForFilter(EventDispatchThread.java:124) ~[?:?]
	at java.awt.EventDispatchThread.pumpEventsForHierarchy(EventDispatchThread.java:113) ~[?:?]
	at java.awt.EventDispatchThread.pumpEvents(EventDispatchThread.java:109) ~[?:?]
	at java.awt.EventDispatchThread.pumpEvents(EventDispatchThread.java:101) ~[?:?]
	at java.awt.EventDispatchThread.run(EventDispatchThread.java:90) ~[?:?]
2024-09-15 00:03:08,645 [WARN] ThirdParty:871 - waiting for thirdparty lock release [close project]
2024-09-15 00:03:08,645 [INFO] ThirdParty:873 - entering critical section [close project]
2024-09-15 00:03:08,645 [INFO] ThirdParty:883 - exiting critical section [close project]
2024-09-15 00:03:08,646 [INFO] PinOutPanel:1561 - setPackage(No Configuration,No Configuration)
2024-09-15 00:03:08,650 [INFO] UtilMem:75 - Begin LoadConfig() Used Memory: 741165136 Bytes (1073741824)
2024-09-15 00:03:08,651 [INFO] MicroXplorer:468 - Change Database Path : 
2024-09-15 00:03:08,651 [INFO] MicroXplorer:498 - Change Database Version : DB.6.0.110
2024-09-15 00:03:08,651 [INFO] OpenFileManager:312 - Change cursor
2024-09-15 00:03:08,657 [INFO] Mcu:2021 - Initializing MCU STM32L476R(C-E-G)Tx STM32L476RGTx STM32L476RGT3
2024-09-15 00:03:10,364 [INFO] Context:663 - Trying to add GPIOservice into a context  which must be forbidden
2024-09-15 00:03:10,793 [INFO] RtosManager:555 - Registered RTOS mode: class=CMSIS, group=RTOS, mode=CMSIS_V1, owner=FREERTOS
2024-09-15 00:03:10,793 [INFO] RtosManager:555 - Registered RTOS mode: class=CMSIS, group=RTOS2, mode=CMSIS_V2, owner=FREERTOS
2024-09-15 00:03:10,793 [INFO] RtosManager:555 - Registered RTOS mode: class=RTOS, group=Core, mode=CMSIS_V1, owner=FREERTOS
2024-09-15 00:03:10,793 [INFO] RtosManager:555 - Registered RTOS mode: class=RTOS, group=Core, mode=CMSIS_V2, owner=FREERTOS
2024-09-15 00:03:10,793 [WARN] ModelIntegratedComponent:184 - Missing modes for component STMicroelectronics:FreeRTOS:0.0.1:STMicroelectronics:RTOS:FreeRTOS:Core:::10.2.0:
2024-09-15 00:03:10,795 [WARN] ModelIntegratedComponent:63 - No mode defined for component null
2024-09-15 00:03:10,795 [WARN] ModelIntegratedComponent:63 - No mode defined for component null
2024-09-15 00:03:10,795 [WARN] ModelIntegratedComponent:63 - No mode defined for component null
2024-09-15 00:03:10,795 [WARN] ModelIntegratedComponent:63 - No mode defined for component null
2024-09-15 00:03:10,795 [WARN] ModelIntegratedComponent:63 - No mode defined for component null
2024-09-15 00:03:10,795 [WARN] ModelIntegratedComponent:63 - No mode defined for component null
2024-09-15 00:03:10,795 [WARN] ModelIntegratedComponent:63 - No mode defined for component null
2024-09-15 00:03:10,795 [WARN] ModelIntegratedComponent:63 - No mode defined for component null
2024-09-15 00:03:10,795 [WARN] ModelIntegratedComponent:63 - No mode defined for component null
2024-09-15 00:03:10,795 [WARN] ModelIntegratedComponent:63 - No mode defined for component null
2024-09-15 00:03:10,795 [WARN] ModelIntegratedComponent:63 - No mode defined for component null
2024-09-15 00:03:10,795 [WARN] ModelIntegratedComponent:63 - No mode defined for component null
2024-09-15 00:03:10,795 [WARN] ModelIntegratedComponent:63 - No mode defined for component null
2024-09-15 00:03:10,795 [WARN] ModelIntegratedComponent:63 - No mode defined for component null
2024-09-15 00:03:10,795 [WARN] ModelIntegratedComponent:63 - No mode defined for component null
2024-09-15 00:03:10,796 [WARN] ModelIntegratedComponent:63 - No mode defined for component null
2024-09-15 00:03:10,796 [WARN] ModelIntegratedComponent:63 - No mode defined for component null
2024-09-15 00:03:10,796 [WARN] ModelIntegratedComponent:63 - No mode defined for component null
2024-09-15 00:03:10,796 [WARN] ModelIntegratedComponent:63 - No mode defined for component null
2024-09-15 00:03:10,796 [WARN] ModelIntegratedComponent:63 - No mode defined for component null
2024-09-15 00:03:10,796 [WARN] ModelIntegratedComponent:63 - No mode defined for component null
2024-09-15 00:03:10,796 [WARN] ModelIntegratedComponent:63 - No mode defined for component null
2024-09-15 00:03:10,796 [WARN] ModelIntegratedComponent:63 - No mode defined for component null
2024-09-15 00:03:10,796 [WARN] ModelIntegratedComponent:63 - No mode defined for component null
2024-09-15 00:03:10,796 [WARN] ModelIntegratedComponent:63 - No mode defined for component null
2024-09-15 00:03:10,796 [WARN] ModelIntegratedComponent:63 - No mode defined for component null
2024-09-15 00:03:10,796 [WARN] ModelIntegratedComponent:63 - No mode defined for component null
2024-09-15 00:03:10,796 [WARN] ModelIntegratedComponent:63 - No mode defined for component null
2024-09-15 00:03:10,796 [WARN] ModelIntegratedComponent:63 - No mode defined for component null
2024-09-15 00:03:10,796 [WARN] ModelIntegratedComponent:63 - No mode defined for component null
2024-09-15 00:03:10,796 [WARN] ModelIntegratedComponent:63 - No mode defined for component null
2024-09-15 00:03:10,796 [WARN] ModelIntegratedComponent:63 - No mode defined for component null
2024-09-15 00:03:10,796 [WARN] ModelIntegratedComponent:63 - No mode defined for component null
2024-09-15 00:03:10,796 [WARN] ModelIntegratedComponent:63 - No mode defined for component null
2024-09-15 00:03:10,929 [INFO] ThirdPartyModel:298 - Start build external matchings
2024-09-15 00:03:12,451 [INFO] ThirdPartyModel:316 - End build external matchings
2024-09-15 00:03:12,478 [INFO] ImportTextPane:194 - (OptionalMessage_ERROR) IP (RCC) : Invalid parameter (FamilyName)
2024-09-15 00:03:12,479 [INFO] ImportTextPane:194 - (OptionalMessage_ERROR) IP (RCC) : Parameter (RNGFreq_Value) has invalid value (64000000)
2024-09-15 00:03:12,479 [INFO] ImportTextPane:194 - (OptionalMessage_ERROR) IP (RCC) : Parameter (SDMMCFreq_Value) has invalid value (64000000)
2024-09-15 00:03:12,479 [INFO] ImportTextPane:194 - (OptionalMessage_ERROR) IP (RCC) : Parameter (USBFreq_Value) has invalid value (64000000)
2024-09-15 00:03:12,813 [INFO] UtilMem:75 - End LoadConfig() Used Memory: 930463584 Bytes (1073741824)
2024-09-15 00:03:12,871 [WARN] ThirdParty:833 - waiting for thirdparty lock release [change project]
2024-09-15 00:03:12,871 [INFO] ThirdParty:835 - entering critical section [change project]
2024-09-15 00:03:12,871 [INFO] ThirdParty:1030 - CMSIS Pack Vendor :STMicroelectronics USBPD 4.1
2024-09-15 00:03:12,871 [INFO] ThirdParty:1030 - CMSIS Pack Vendor :STMicroelectronics X-CUBE-GNSS1 6.0.0
2024-09-15 00:03:12,871 [INFO] ThirdParty:1030 - CMSIS Pack Vendor :STMicroelectronics USB_HOST 2.0.0
2024-09-15 00:03:12,871 [INFO] ThirdParty:1030 - CMSIS Pack Vendor :STMicroelectronics FP-SNS-MOTENVWB1 1.4.0
2024-09-15 00:03:12,871 [INFO] ThirdParty:1030 - CMSIS Pack Vendor :STMicroelectronics X-CUBE-AZRTOS-F4 1.1.0
2024-09-15 00:03:12,871 [INFO] ThirdParty:1030 - CMSIS Pack Vendor :STMicroelectronics LIBJPEG 8.0.0
2024-09-15 00:03:12,871 [INFO] ThirdParty:1030 - CMSIS Pack Vendor :wolfSSL I-CUBE-wolfSSL 5.6.3
2024-09-15 00:03:12,871 [INFO] ThirdParty:1030 - CMSIS Pack Vendor :STMicroelectronics X-CUBE-SMBUS 2.1.0
2024-09-15 00:03:12,871 [INFO] ThirdParty:1030 - CMSIS Pack Vendor :STMicroelectronics X-CUBE-FREERTOS 1.2.0
2024-09-15 00:03:12,871 [INFO] ThirdParty:1030 - CMSIS Pack Vendor :STMicroelectronics X-CUBE-TOUCHGFX 4.23.1
2024-09-15 00:03:12,871 [INFO] ThirdParty:1030 - CMSIS Pack Vendor :STMicroelectronics X-CUBE-TOUCHGFX 4.23.0
2024-09-15 00:03:12,871 [INFO] ThirdParty:1030 - CMSIS Pack Vendor :STMicroelectronics X-CUBE-AZRTOS-F7 1.1.0
2024-09-15 00:03:12,871 [INFO] ThirdParty:1030 - CMSIS Pack Vendor :STMicroelectronics X-CUBE-AZRTOS-L5 2.0.0
2024-09-15 00:03:12,871 [INFO] ThirdParty:1030 - CMSIS Pack Vendor :STMicroelectronics USB_DEVICE 2.0.0
2024-09-15 00:03:12,871 [INFO] ThirdParty:1030 - CMSIS Pack Vendor :STMicroelectronics X-CUBE-MEMS1 9.6.0
2024-09-15 00:03:12,871 [INFO] ThirdParty:1030 - CMSIS Pack Vendor :STMicroelectronics X-CUBE-EEPRMA1 4.2.0
2024-09-15 00:03:12,871 [INFO] ThirdParty:1030 - CMSIS Pack Vendor :STMicroelectronics X-CUBE-NFC6 3.1.0
2024-09-15 00:03:12,871 [INFO] ThirdParty:1030 - CMSIS Pack Vendor :ITTIA_DB I-CUBE-ITTIADB 8.8.0
2024-09-15 00:03:12,871 [INFO] ThirdParty:1030 - CMSIS Pack Vendor :STMicroelectronics FP-SNS-MOTENV1 4.3.2
2024-09-15 00:03:12,871 [INFO] ThirdParty:1030 - CMSIS Pack Vendor :STMicroelectronics X-CUBE-MEMS1 11.0.0
2024-09-15 00:03:12,871 [INFO] ThirdParty:1030 - CMSIS Pack Vendor :STMicroelectronics X-CUBE-BLE1 6.2.4
2024-09-15 00:03:12,871 [INFO] ThirdParty:1030 - CMSIS Pack Vendor :STMicroelectronics FreeRTOS 0.0.1
2024-09-15 00:03:12,871 [INFO] ThirdParty:1030 - CMSIS Pack Vendor :STMicroelectronics X-CUBE-BLEMGR 2.0.0
2024-09-15 00:03:12,872 [INFO] ThirdParty:1030 - CMSIS Pack Vendor :STMicroelectronics X-CUBE-DPower 1.2.0
2024-09-15 00:03:12,872 [INFO] ThirdParty:1030 - CMSIS Pack Vendor :STMicroelectronics FP-SNS-FLIGHT1 5.0.2
2024-09-15 00:03:12,872 [INFO] ThirdParty:1030 - CMSIS Pack Vendor :STMicroelectronics X-CUBE-AI 9.0.0
2024-09-15 00:03:12,872 [INFO] ThirdParty:1030 - CMSIS Pack Vendor :STMicroelectronics X-CUBE-AZRTOS-H7 3.1.0
2024-09-15 00:03:12,872 [INFO] ThirdParty:1030 - CMSIS Pack Vendor :STMicroelectronics PDM2PCM 3.3.0
2024-09-15 00:03:12,872 [INFO] ThirdParty:1030 - CMSIS Pack Vendor :STMicroelectronics X-CUBE-DISPLAY 3.0.0
2024-09-15 00:03:12,872 [INFO] ThirdParty:1030 - CMSIS Pack Vendor :STMicroelectronics X-CUBE-BLE1 7.0.0
2024-09-15 00:03:12,872 [INFO] ThirdParty:1030 - CMSIS Pack Vendor :STMicroelectronics HAL Drivers 0.0.0
2024-09-15 00:03:12,872 [INFO] ThirdParty:1030 - CMSIS Pack Vendor :emotas I-CUBE-CANOPEN 1.3.0
2024-09-15 00:03:12,872 [INFO] ThirdParty:1030 - CMSIS Pack Vendor :STMicroelectronics X-CUBE-TOUCHGFX 4.22.0
2024-09-15 00:03:12,872 [INFO] ThirdParty:1030 - CMSIS Pack Vendor :STMicroelectronics X-CUBE-NFC7 1.0.1
2024-09-15 00:03:12,872 [INFO] ThirdParty:1030 - CMSIS Pack Vendor :STMicroelectronics MBEDTLS 2.14.1
2024-09-15 00:03:12,872 [INFO] ThirdParty:1030 - CMSIS Pack Vendor :STMicroelectronics X-CUBE-TOUCHGFX 4.22.1
2024-09-15 00:03:12,872 [INFO] ThirdParty:1030 - CMSIS Pack Vendor :STMicroelectronics X-CUBE-NFC6 3.0.0
2024-09-15 00:03:12,872 [INFO] ThirdParty:1030 - CMSIS Pack Vendor :STMicroelectronics X-CUBE-EEPRMA1 4.1.0
2024-09-15 00:03:12,872 [INFO] ThirdParty:1030 - CMSIS Pack Vendor :STMicroelectronics X-CUBE-BLEMGR 3.1.0
2024-09-15 00:03:12,872 [INFO] ThirdParty:1030 - CMSIS Pack Vendor :STMicroelectronics FP-SNS-SMARTAG2 1.2.0
2024-09-15 00:03:12,872 [INFO] ThirdParty:1030 - CMSIS Pack Vendor :STMicroelectronics X-CUBE-AZRTOS-WL 2.0.0
2024-09-15 00:03:12,872 [INFO] ThirdParty:1030 - CMSIS Pack Vendor :STMicroelectronics FP-SNS-MOTENV1 5.0.0
2024-09-15 00:03:12,872 [INFO] ThirdParty:1030 - CMSIS Pack Vendor :STMicroelectronics USB_DEVICE 1.0.0
2024-09-15 00:03:12,872 [INFO] ThirdParty:1030 - CMSIS Pack Vendor :STMicroelectronics X-CUBE-AI 8.1.0
2024-09-15 00:03:12,872 [INFO] ThirdParty:1030 - CMSIS Pack Vendor :wolfSSL I-CUBE-wolfMQTT 1.19.0
2024-09-15 00:03:12,872 [INFO] ThirdParty:1030 - CMSIS Pack Vendor :STMicroelectronics X-CUBE-AZRTOS-L4 2.0.0
2024-09-15 00:03:12,872 [INFO] ThirdParty:1030 - CMSIS Pack Vendor :STMicroelectronics ThreadX 0.0.2
2024-09-15 00:03:12,872 [INFO] ThirdParty:1030 - CMSIS Pack Vendor :WES I-CUBE-Cesium 1.3.0
2024-09-15 00:03:12,872 [INFO] ThirdParty:1030 - CMSIS Pack Vendor :STMicroelectronics lwIP 2.1.2
2024-09-15 00:03:12,872 [INFO] ThirdParty:1030 - CMSIS Pack Vendor :STMicroelectronics X-CUBE-SFXS2LP1 4.0.0
2024-09-15 00:03:12,872 [INFO] ThirdParty:1030 - CMSIS Pack Vendor :STMicroelectronics X-CUBE-BLE2 3.3.0
2024-09-15 00:03:12,872 [INFO] ThirdParty:1030 - CMSIS Pack Vendor :STMicroelectronics PDM2PCM 3.2.0
2024-09-15 00:03:12,872 [INFO] ThirdParty:1030 - CMSIS Pack Vendor :STMicroelectronics X-CUBE-ISPU 1.1.0
2024-09-15 00:03:12,872 [INFO] ThirdParty:1030 - CMSIS Pack Vendor :STMicroelectronics X-CUBE-AZRTOS-H7 3.3.0
2024-09-15 00:03:12,872 [INFO] ThirdParty:1030 - CMSIS Pack Vendor :STMicroelectronics USB_DEVICE 3.0.0
2024-09-15 00:03:12,872 [INFO] ThirdParty:1030 - CMSIS Pack Vendor :STMicroelectronics X-CUBE-TCPP 4.1.0
2024-09-15 00:03:12,872 [INFO] ThirdParty:1030 - CMSIS Pack Vendor :STMicroelectronics X-CUBE-AZRTOS-WB 2.0.0
2024-09-15 00:03:12,872 [INFO] ThirdParty:1030 - CMSIS Pack Vendor :STMicroelectronics X-CUBE-FREERTOS 1.0.1
2024-09-15 00:03:12,872 [INFO] ThirdParty:1030 - CMSIS Pack Vendor :STMicroelectronics X-CUBE-GNSS1 7.0.0
2024-09-15 00:03:12,872 [INFO] ThirdParty:1030 - CMSIS Pack Vendor :STMicroelectronics FP-SNS-STBOX1 2.0.0
2024-09-15 00:03:12,872 [INFO] ThirdParty:1030 - CMSIS Pack Vendor :STMicroelectronics X-CUBE-ALGOBUILD 1.3.0
2024-09-15 00:03:12,872 [INFO] ThirdParty:1030 - CMSIS Pack Vendor :STMicroelectronics X-CUBE-AZRTOS-L5 1.1.0
2024-09-15 00:03:12,872 [INFO] ThirdParty:1030 - CMSIS Pack Vendor :STMicroelectronics X-CUBE-AZRTOS-G0 1.1.0
2024-09-15 00:03:12,872 [INFO] ThirdParty:1030 - CMSIS Pack Vendor :STMicroelectronics X-CUBE-AI 8.0.1
2024-09-15 00:03:12,872 [INFO] ThirdParty:1030 - CMSIS Pack Vendor :STMicroelectronics X-CUBE-SAFEA1 1.2.2
2024-09-15 00:03:12,872 [INFO] ThirdParty:1030 - CMSIS Pack Vendor :STMicroelectronics X-CUBE-NFC4 3.0.0
2024-09-15 00:03:12,872 [INFO] ThirdParty:1030 - CMSIS Pack Vendor :STMicroelectronics X-CUBE-SUBG2 5.0.0
2024-09-15 00:03:12,872 [INFO] ThirdParty:1030 - CMSIS Pack Vendor :STMicroelectronics STM32_WPAN 1.0.0
2024-09-15 00:03:12,872 [INFO] ThirdParty:1030 - CMSIS Pack Vendor :EmbeddedOffice I-CUBE-FS-RTOS 1.0.1
2024-09-15 00:03:12,872 [INFO] ThirdParty:1030 - CMSIS Pack Vendor :STMicroelectronics lwIP 2.0.3
2024-09-15 00:03:12,873 [INFO] ThirdParty:1030 - CMSIS Pack Vendor :Cesanta I-CUBE-Mongoose 7.13.0
2024-09-15 00:03:12,873 [INFO] ThirdParty:1030 - CMSIS Pack Vendor :STMicroelectronics USB_HOST 1.0.0
2024-09-15 00:03:12,873 [INFO] ThirdParty:1030 - CMSIS Pack Vendor :STMicroelectronics X-CUBE-TOF1 3.3.1
2024-09-15 00:03:12,873 [INFO] ThirdParty:1030 - CMSIS Pack Vendor :STMicroelectronics X-CUBE-AZRTOS-G4 2.0.0
2024-09-15 00:03:12,873 [INFO] ThirdParty:1030 - CMSIS Pack Vendor :STMicroelectronics PDM2PCM 3.1.0
2024-09-15 00:03:12,873 [INFO] ThirdParty:1030 - CMSIS Pack Vendor :Infineon AIROC-Wi-Fi-Bluetooth-STM32 1.5.1
2024-09-15 00:03:12,873 [INFO] ThirdParty:1030 - CMSIS Pack Vendor :STMicroelectronics X-CUBE-BLEMGR 3.0.0
2024-09-15 00:03:12,873 [INFO] ThirdParty:1030 - CMSIS Pack Vendor :STMicroelectronics FP-SNS-MOTENVWB1 1.3.0
2024-09-15 00:03:12,873 [INFO] ThirdParty:1030 - CMSIS Pack Vendor :RealThread X-CUBE-RT-Thread_Nano 4.1.1
2024-09-15 00:03:12,873 [INFO] ThirdParty:1030 - CMSIS Pack Vendor :STMicroelectronics FP-SNS-MOTENVWB1 1.3.1
2024-09-15 00:03:12,873 [INFO] ThirdParty:1030 - CMSIS Pack Vendor :STMicroelectronics FP-ATR-SIGFOX1 3.2.0
2024-09-15 00:03:12,873 [INFO] ThirdParty:1030 - CMSIS Pack Vendor :STMicroelectronics X-CUBE-ISPU 2.0.0
2024-09-15 00:03:12,873 [INFO] ThirdParty:1030 - CMSIS Pack Vendor :STMicroelectronics X-CUBE-EEPRMA1 5.1.0
2024-09-15 00:03:12,873 [INFO] ThirdParty:1030 - CMSIS Pack Vendor :STMicroelectronics MBEDTLS 2.16.2
2024-09-15 00:03:12,873 [INFO] ThirdParty:1030 - CMSIS Pack Vendor :STMicroelectronics X-CUBE-ALS 1.0.2
2024-09-15 00:03:12,873 [INFO] ThirdParty:1030 - CMSIS Pack Vendor :STMicroelectronics X-CUBE-MEMS1 10.0.0
2024-09-15 00:03:12,873 [INFO] ThirdParty:1030 - CMSIS Pack Vendor :STMicroelectronics X-CUBE-FREERTOS 1.1.0
2024-09-15 00:03:12,873 [INFO] ThirdParty:1030 - CMSIS Pack Vendor :STMicroelectronics X-CUBE-TOUCHGFX 4.24.0
2024-09-15 00:03:12,873 [INFO] ThirdParty:1030 - CMSIS Pack Vendor :wolfSSL I-CUBE-wolfTPM 3.4.0
2024-09-15 00:03:12,873 [INFO] ThirdParty:1030 - CMSIS Pack Vendor :portGmbH I-Cube-SoM-uGOAL 1.1.0
2024-09-15 00:03:12,873 [INFO] ThirdParty:1030 - CMSIS Pack Vendor :STMicroelectronics X-CUBE-ALS 1.0.1
2024-09-15 00:03:12,873 [INFO] ThirdParty:1030 - CMSIS Pack Vendor :STMicroelectronics ThreadX 1.0.0
2024-09-15 00:03:12,873 [INFO] ThirdParty:1030 - CMSIS Pack Vendor :STMicroelectronics X-CUBE-AZRTOS-WB 1.1.0
2024-09-15 00:03:12,873 [INFO] ThirdParty:1030 - CMSIS Pack Vendor :SEGGER I-CUBE-embOS 1.3.1
2024-09-15 00:03:12,873 [INFO] ThirdParty:1030 - CMSIS Pack Vendor :STMicroelectronics X-CUBE-ALGOBUILD 1.4.0
2024-09-15 00:03:12,873 [INFO] ThirdParty:1030 - CMSIS Pack Vendor :STMicroelectronics X-CUBE-AZRTOS-H7RS 1.0.0
2024-09-15 00:03:12,873 [INFO] ThirdParty:1030 - CMSIS Pack Vendor :STMicroelectronics FP-ATR-ASTRA1 2.0.0
2024-09-15 00:03:12,873 [INFO] ThirdParty:1030 - CMSIS Pack Vendor :STMicroelectronics X-CUBE-TOF1 3.4.2
2024-09-15 00:03:12,873 [INFO] ThirdParty:1030 - CMSIS Pack Vendor :STMicroelectronics X-CUBE-TOF1 3.4.1
2024-09-15 00:03:12,873 [INFO] ThirdParty:1030 - CMSIS Pack Vendor :STMicroelectronics X-CUBE-AZRTOS-H7 3.2.0
2024-09-15 00:03:12,873 [INFO] ThirdParty:1030 - CMSIS Pack Vendor :wolfSSL I-CUBE-wolfSSH 1.4.17
2024-09-15 00:03:12,873 [INFO] ThirdParty:841 - exiting critical section [change project]
2024-09-15 00:03:13,110 [INFO] PinOutPanel:1561 - setPackage(No Configuration,No Configuration)
2024-09-15 00:03:13,111 [INFO] PinOutPanel:1561 - setPackage(STM32L476RGTx,LQFP64)
2024-09-15 00:03:13,480 [INFO] UtilMem:75 - Before build in PCC Used Memory: 771369768 Bytes (1073741824)
2024-09-15 00:03:13,719 [INFO] UtilMem:75 - After build in PCC Used Memory: 851061544 Bytes (1073741824)
2024-09-15 00:03:13,736 [INFO] IPUIPlugin:80 - create IPUIPlugin
2024-09-15 00:03:13,776 [INFO] IPUIPlugin:80 - create IPUIPlugin
2024-09-15 00:03:13,776 [INFO] IPUIPlugin:80 - create IPUIPlugin
2024-09-15 00:03:13,776 [INFO] IPUIPlugin:80 - create IPUIPlugin
2024-09-15 00:03:13,776 [INFO] IPUIPlugin:80 - create IPUIPlugin
2024-09-15 00:03:13,776 [INFO] IPUIPlugin:80 - create IPUIPlugin
2024-09-15 00:03:13,776 [INFO] IPUIPlugin:80 - create IPUIPlugin
2024-09-15 00:03:13,777 [INFO] IPUIPlugin:80 - create IPUIPlugin
2024-09-15 00:03:13,777 [INFO] IPUIPlugin:80 - create IPUIPlugin
2024-09-15 00:03:13,777 [INFO] IPUIPlugin:80 - create IPUIPlugin
2024-09-15 00:03:13,777 [INFO] IPUIPlugin:80 - create IPUIPlugin
2024-09-15 00:03:13,777 [INFO] IPUIPlugin:80 - create IPUIPlugin
2024-09-15 00:03:13,777 [INFO] IPUIPlugin:80 - create IPUIPlugin
2024-09-15 00:03:13,777 [INFO] IPUIPlugin:80 - create IPUIPlugin
2024-09-15 00:03:13,777 [INFO] IPUIPlugin:80 - create IPUIPlugin
2024-09-15 00:03:13,777 [INFO] IPUIPlugin:80 - create IPUIPlugin
2024-09-15 00:03:13,777 [INFO] IPUIPlugin:80 - create IPUIPlugin
2024-09-15 00:03:13,778 [INFO] IPUIPlugin:80 - create IPUIPlugin
2024-09-15 00:03:13,778 [INFO] IPUIPlugin:80 - create IPUIPlugin
2024-09-15 00:03:13,778 [INFO] IPUIPlugin:80 - create IPUIPlugin
2024-09-15 00:03:13,778 [INFO] IPUIPlugin:80 - create IPUIPlugin
2024-09-15 00:03:13,778 [INFO] IPUIPlugin:80 - create IPUIPlugin
2024-09-15 00:03:13,778 [INFO] IPUIPlugin:80 - create IPUIPlugin
2024-09-15 00:03:13,778 [INFO] IPUIPlugin:80 - create IPUIPlugin
2024-09-15 00:03:13,779 [INFO] IPUIPlugin:80 - create IPUIPlugin
2024-09-15 00:03:13,779 [INFO] IPUIPlugin:80 - create IPUIPlugin
2024-09-15 00:03:13,779 [INFO] IPUIPlugin:80 - create IPUIPlugin
2024-09-15 00:03:13,779 [INFO] IPUIPlugin:80 - create IPUIPlugin
2024-09-15 00:03:13,779 [INFO] IPUIPlugin:80 - create IPUIPlugin
2024-09-15 00:03:13,779 [INFO] IPUIPlugin:80 - create IPUIPlugin
2024-09-15 00:03:13,779 [INFO] IPUIPlugin:80 - create IPUIPlugin
2024-09-15 00:03:13,779 [INFO] IPUIPlugin:80 - create IPUIPlugin
2024-09-15 00:03:13,779 [INFO] IPUIPlugin:80 - create IPUIPlugin
2024-09-15 00:03:13,780 [INFO] IPUIPlugin:80 - create IPUIPlugin
2024-09-15 00:03:13,780 [INFO] IPUIPlugin:80 - create IPUIPlugin
2024-09-15 00:03:13,780 [INFO] IPUIPlugin:80 - create IPUIPlugin
2024-09-15 00:03:13,780 [INFO] IPUIPlugin:80 - create IPUIPlugin
2024-09-15 00:03:13,780 [INFO] IPUIPlugin:80 - create IPUIPlugin
2024-09-15 00:03:13,780 [INFO] IPUIPlugin:80 - create IPUIPlugin
2024-09-15 00:03:13,780 [INFO] IPUIPlugin:80 - create IPUIPlugin
2024-09-15 00:03:13,780 [INFO] IPUIPlugin:80 - create IPUIPlugin
2024-09-15 00:03:13,781 [INFO] IPUIPlugin:80 - create IPUIPlugin
2024-09-15 00:03:13,781 [INFO] IPUIPlugin:80 - create IPUIPlugin
2024-09-15 00:03:13,781 [INFO] IPUIPlugin:80 - create IPUIPlugin
2024-09-15 00:03:13,781 [INFO] IPUIPlugin:80 - create IPUIPlugin
2024-09-15 00:03:13,782 [INFO] IPUIPlugin:80 - create IPUIPlugin
2024-09-15 00:03:13,782 [INFO] IPUIPlugin:80 - create IPUIPlugin
2024-09-15 00:03:13,782 [INFO] IPUIPlugin:80 - create IPUIPlugin
2024-09-15 00:03:13,782 [INFO] IPUIPlugin:80 - create IPUIPlugin
2024-09-15 00:03:13,782 [INFO] IPUIPlugin:80 - create IPUIPlugin
2024-09-15 00:03:13,783 [INFO] IPUIPlugin:80 - create IPUIPlugin
2024-09-15 00:03:13,783 [INFO] IPUIPlugin:80 - create IPUIPlugin
2024-09-15 00:03:13,783 [INFO] IPUIPlugin:80 - create IPUIPlugin
2024-09-15 00:03:13,783 [INFO] IPUIPlugin:80 - create IPUIPlugin
2024-09-15 00:03:13,783 [INFO] IPUIPlugin:80 - create IPUIPlugin
2024-09-15 00:03:13,784 [INFO] IPUIPlugin:80 - create IPUIPlugin
2024-09-15 00:03:13,784 [INFO] IPUIPlugin:80 - create IPUIPlugin
2024-09-15 00:03:13,784 [INFO] IPUIPlugin:80 - create IPUIPlugin
2024-09-15 00:03:13,784 [INFO] IPUIPlugin:80 - create IPUIPlugin
2024-09-15 00:03:13,834 [INFO] CADModel:165 - CPN selected for project levelSTM32L476RGT3
2024-09-15 00:03:13,834 [INFO] CADModel:114 - Register for checkConnection events
2024-09-15 00:03:13,891 [INFO] OpenFileManager:343 - Restore cursor
2024-09-15 00:03:55,190 [INFO] NvicIntPanel:101 - NVIC parent = com.st.microxplorer.plugins.ip.nvic.MultiNvicIntPanel[,0,0,0x0,invalid,layout=javax.swing.BoxLayout,alignmentX=0.0,alignmentY=0.0,border=,flags=9,maximumSize=,minimumSize=,preferredSize=]
2024-09-15 00:04:37,485 [INFO] NvicIntPanel:101 - NVIC parent = com.st.microxplorer.plugins.ip.nvic.MultiNvicIntPanel[,0,0,0x0,invalid,layout=javax.swing.BoxLayout,alignmentX=0.0,alignmentY=0.0,border=,flags=9,maximumSize=,minimumSize=,preferredSize=]
2024-09-15 00:04:58,761 [INFO] UtilMem:75 - End SaveConfig() Used Memory: 804504872 Bytes (1073741824)
2024-09-15 00:05:00,238 [INFO] UtilMem:75 - End SaveConfig() Used Memory: 849067304 Bytes (1073741824)
2024-09-15 00:05:00,341 [INFO] BlockDiagram:2759 - set Specific Code input for plugin: SYS
2024-09-15 00:05:00,342 [INFO] BlockDiagram:2759 - set Specific Code input for plugin: RCC
2024-09-15 00:05:00,342 [INFO] BlockDiagram:2759 - set Specific Code input for plugin: NVIC
2024-09-15 00:05:00,342 [INFO] BlockDiagram:2759 - set Specific Code input for plugin: USART
2024-09-15 00:05:00,342 [INFO] BlockDiagram:2759 - set Specific Code input for plugin: TIM1_8L4
2024-09-15 00:05:00,342 [INFO] BlockDiagram:2759 - set Specific Code input for plugin: GPIO
2024-09-15 00:05:00,343 [INFO] CodeGenerator:807 - code generatio: config db path: D:\STM32CubeIDE_1.13.0\STM32CubeIDE\plugins\com.st.stm32cube.common.mx_6.11.0.202403141607\\db\
2024-09-15 00:05:00,439 [INFO] CodeEngine:255 - oldGeneratedFile, D:\Develop\FYP\STM32CubeIDEworkspace_1.13.0\Timer_Leraning_ISR_Demo\MXTmpFiles\license.tmp_save
2024-09-15 00:05:00,505 [INFO] CodeEngine:279 - Generated code: D:\Develop\FYP\STM32CubeIDEworkspace_1.13.0\Timer_Leraning_ISR_Demo\MXTmpFiles\license.tmp
2024-09-15 00:05:00,534 [INFO] CodeEngine:255 - oldGeneratedFile, D:\Develop\FYP\STM32CubeIDEworkspace_1.13.0\Timer_Leraning_ISR_Demo\MXTmpFiles\gpio.tmp_save
2024-09-15 00:05:00,600 [INFO] CodeEngine:279 - Generated code: D:\Develop\FYP\STM32CubeIDEworkspace_1.13.0\Timer_Leraning_ISR_Demo\MXTmpFiles\gpio.tmp
2024-09-15 00:05:00,726 [INFO] CodeEngine:255 - oldGeneratedFile, D:\Develop\FYP\STM32CubeIDEworkspace_1.13.0\Timer_Leraning_ISR_Demo\Core\Src\stm32l4xx_it.c_save
2024-09-15 00:05:00,810 [INFO] CodeEngine:279 - Generated code: D:\Develop\FYP\STM32CubeIDEworkspace_1.13.0\Timer_Leraning_ISR_Demo\Core\Src\stm32l4xx_it.c
2024-09-15 00:05:00,820 [INFO] CodeEngine:255 - oldGeneratedFile, D:\Develop\FYP\STM32CubeIDEworkspace_1.13.0\Timer_Leraning_ISR_Demo\Core\Inc\stm32l4xx_it.h_save
2024-09-15 00:05:00,882 [INFO] CodeEngine:279 - Generated code: D:\Develop\FYP\STM32CubeIDEworkspace_1.13.0\Timer_Leraning_ISR_Demo\Core\Inc\stm32l4xx_it.h
2024-09-15 00:05:00,898 [INFO] CodeEngine:255 - oldGeneratedFile, D:\Develop\FYP\STM32CubeIDEworkspace_1.13.0\Timer_Leraning_ISR_Demo\Core\Src\stm32l4xx_hal_msp.c_save
2024-09-15 00:05:00,989 [INFO] CodeEngine:279 - Generated code: D:\Develop\FYP\STM32CubeIDEworkspace_1.13.0\Timer_Leraning_ISR_Demo\Core\Src\stm32l4xx_hal_msp.c
2024-09-15 00:05:00,994 [INFO] CodeEngine:255 - oldGeneratedFile, D:\Develop\FYP\STM32CubeIDEworkspace_1.13.0\Timer_Leraning_ISR_Demo\MXTmpFiles\system.tmp_save
2024-09-15 00:05:01,052 [INFO] CodeEngine:279 - Generated code: D:\Develop\FYP\STM32CubeIDEworkspace_1.13.0\Timer_Leraning_ISR_Demo\MXTmpFiles\system.tmp
2024-09-15 00:05:01,064 [INFO] CodeEngine:311 - oldGeneratedFile, D:\Develop\FYP\STM32CubeIDEworkspace_1.13.0\Timer_Leraning_ISR_Demo\Core\Inc\stm32l4xx_hal_conf.h_save
2024-09-15 00:05:01,128 [INFO] CodeEngine:335 - Generated code: D:\Develop\FYP\STM32CubeIDEworkspace_1.13.0\Timer_Leraning_ISR_Demo\Core\Inc\stm32l4xx_hal_conf.h
2024-09-15 00:05:01,148 [WARN] IPConfigManager:3513 - IP not found : TIM
2024-09-15 00:05:01,149 [WARN] CodeGenerator:3951 - IP not found : null
2024-09-15 00:05:01,170 [INFO] CodeEngine:255 - oldGeneratedFile, D:\Develop\FYP\STM32CubeIDEworkspace_1.13.0\Timer_Leraning_ISR_Demo\Core\Inc\main.h_save
2024-09-15 00:05:01,228 [INFO] CodeEngine:279 - Generated code: D:\Develop\FYP\STM32CubeIDEworkspace_1.13.0\Timer_Leraning_ISR_Demo\Core\Inc\main.h
2024-09-15 00:05:01,235 [INFO] CodeEngine:255 - oldGeneratedFile, D:\Develop\FYP\STM32CubeIDEworkspace_1.13.0\Timer_Leraning_ISR_Demo\Core\Src\main.c_save
2024-09-15 00:05:01,323 [INFO] CodeEngine:279 - Generated code: D:\Develop\FYP\STM32CubeIDEworkspace_1.13.0\Timer_Leraning_ISR_Demo\Core\Src\main.c
2024-09-15 00:05:01,756 [INFO] ProjectBuilder:3163 - Time for Copy HAL[1] : 256mS.
2024-09-15 00:05:01,760 [INFO] ProjectBuilder:4736 - Project Generator version: 4.3.0-B58
2024-09-15 00:05:01,839 [INFO] ConfigFileManager:1503 - The Die is : DIE415
2024-09-15 00:05:01,841 [INFO] ApiDbMcu:508 - Load IP Config File for FATFS
2024-09-15 00:05:01,844 [INFO] ApiDbMcu:508 - Load IP Config File for FREERTOS
2024-09-15 00:05:01,855 [INFO] ApiDbMcu:508 - Load IP Config File for TOUCHSENSING
2024-09-15 00:05:01,859 [INFO] ApiDbMcu:508 - Load IP Config File for USB_DEVICE
2024-09-15 00:05:01,861 [INFO] ApiDbMcu:508 - Load IP Config File for USB_HOST
2024-09-15 00:05:02,607 [INFO] ProjectBuilder:5002 - Time for Generating toolchain IDE Files: 847mS.
2024-09-15 00:05:02,608 [INFO] ProjectBuilder:3034 - Time for Copy CMSIS : 1mS.
2024-09-15 00:05:02,611 [INFO] ProjectBuilder:3034 - Time for Copy CMSIS : 0mS.
2024-09-15 00:05:19,832 [INFO] UtilMem:75 - End SaveConfig() Used Memory: 925055768 Bytes (1073741824)
2024-09-15 00:05:19,964 [INFO] BlockDiagram:2759 - set Specific Code input for plugin: SYS
2024-09-15 00:05:19,964 [INFO] BlockDiagram:2759 - set Specific Code input for plugin: RCC
2024-09-15 00:05:19,964 [INFO] BlockDiagram:2759 - set Specific Code input for plugin: NVIC
2024-09-15 00:05:19,964 [INFO] BlockDiagram:2759 - set Specific Code input for plugin: USART
2024-09-15 00:05:19,964 [INFO] BlockDiagram:2759 - set Specific Code input for plugin: TIM1_8L4
2024-09-15 00:05:19,964 [INFO] BlockDiagram:2759 - set Specific Code input for plugin: GPIO
2024-09-15 00:05:19,966 [INFO] CodeGenerator:807 - code generatio: config db path: D:\STM32CubeIDE_1.13.0\STM32CubeIDE\plugins\com.st.stm32cube.common.mx_6.11.0.202403141607\\db\
2024-09-15 00:05:20,063 [INFO] CodeEngine:255 - oldGeneratedFile, D:\Develop\FYP\STM32CubeIDEworkspace_1.13.0\Timer_Leraning_ISR_Demo\MXTmpFiles\license.tmp_save
2024-09-15 00:05:20,130 [INFO] CodeEngine:279 - Generated code: D:\Develop\FYP\STM32CubeIDEworkspace_1.13.0\Timer_Leraning_ISR_Demo\MXTmpFiles\license.tmp
2024-09-15 00:05:20,155 [INFO] CodeEngine:255 - oldGeneratedFile, D:\Develop\FYP\STM32CubeIDEworkspace_1.13.0\Timer_Leraning_ISR_Demo\MXTmpFiles\gpio.tmp_save
2024-09-15 00:05:20,220 [INFO] CodeEngine:279 - Generated code: D:\Develop\FYP\STM32CubeIDEworkspace_1.13.0\Timer_Leraning_ISR_Demo\MXTmpFiles\gpio.tmp
2024-09-15 00:05:20,334 [INFO] CodeEngine:255 - oldGeneratedFile, D:\Develop\FYP\STM32CubeIDEworkspace_1.13.0\Timer_Leraning_ISR_Demo\Core\Src\stm32l4xx_it.c_save
2024-09-15 00:05:20,413 [INFO] CodeEngine:279 - Generated code: D:\Develop\FYP\STM32CubeIDEworkspace_1.13.0\Timer_Leraning_ISR_Demo\Core\Src\stm32l4xx_it.c
2024-09-15 00:05:20,422 [INFO] CodeEngine:255 - oldGeneratedFile, D:\Develop\FYP\STM32CubeIDEworkspace_1.13.0\Timer_Leraning_ISR_Demo\Core\Inc\stm32l4xx_it.h_save
2024-09-15 00:05:20,480 [INFO] CodeEngine:279 - Generated code: D:\Develop\FYP\STM32CubeIDEworkspace_1.13.0\Timer_Leraning_ISR_Demo\Core\Inc\stm32l4xx_it.h
2024-09-15 00:05:20,495 [INFO] CodeEngine:255 - oldGeneratedFile, D:\Develop\FYP\STM32CubeIDEworkspace_1.13.0\Timer_Leraning_ISR_Demo\Core\Src\stm32l4xx_hal_msp.c_save
2024-09-15 00:05:20,576 [INFO] CodeEngine:279 - Generated code: D:\Develop\FYP\STM32CubeIDEworkspace_1.13.0\Timer_Leraning_ISR_Demo\Core\Src\stm32l4xx_hal_msp.c
2024-09-15 00:05:20,581 [INFO] CodeEngine:255 - oldGeneratedFile, D:\Develop\FYP\STM32CubeIDEworkspace_1.13.0\Timer_Leraning_ISR_Demo\MXTmpFiles\system.tmp_save
2024-09-15 00:05:20,635 [INFO] CodeEngine:279 - Generated code: D:\Develop\FYP\STM32CubeIDEworkspace_1.13.0\Timer_Leraning_ISR_Demo\MXTmpFiles\system.tmp
2024-09-15 00:05:20,647 [INFO] CodeEngine:311 - oldGeneratedFile, D:\Develop\FYP\STM32CubeIDEworkspace_1.13.0\Timer_Leraning_ISR_Demo\Core\Inc\stm32l4xx_hal_conf.h_save
2024-09-15 00:05:20,709 [INFO] CodeEngine:335 - Generated code: D:\Develop\FYP\STM32CubeIDEworkspace_1.13.0\Timer_Leraning_ISR_Demo\Core\Inc\stm32l4xx_hal_conf.h
2024-09-15 00:05:20,729 [WARN] IPConfigManager:3513 - IP not found : TIM
2024-09-15 00:05:20,729 [WARN] CodeGenerator:3951 - IP not found : null
2024-09-15 00:05:20,740 [INFO] CodeEngine:255 - oldGeneratedFile, D:\Develop\FYP\STM32CubeIDEworkspace_1.13.0\Timer_Leraning_ISR_Demo\Core\Inc\main.h_save
2024-09-15 00:05:20,801 [INFO] CodeEngine:279 - Generated code: D:\Develop\FYP\STM32CubeIDEworkspace_1.13.0\Timer_Leraning_ISR_Demo\Core\Inc\main.h
2024-09-15 00:05:20,807 [INFO] CodeEngine:255 - oldGeneratedFile, D:\Develop\FYP\STM32CubeIDEworkspace_1.13.0\Timer_Leraning_ISR_Demo\Core\Src\main.c_save
2024-09-15 00:05:20,898 [INFO] CodeEngine:279 - Generated code: D:\Develop\FYP\STM32CubeIDEworkspace_1.13.0\Timer_Leraning_ISR_Demo\Core\Src\main.c
2024-09-15 00:05:21,321 [INFO] ProjectBuilder:3163 - Time for Copy HAL[1] : 264mS.
2024-09-15 00:05:21,325 [INFO] ProjectBuilder:4736 - Project Generator version: 4.3.0-B58
2024-09-15 00:05:21,408 [INFO] ConfigFileManager:1503 - The Die is : DIE415
2024-09-15 00:05:22,232 [INFO] ProjectBuilder:5002 - Time for Generating toolchain IDE Files: 907mS.
2024-09-15 00:05:22,233 [INFO] ProjectBuilder:3034 - Time for Copy CMSIS : 1mS.
2024-09-15 00:05:22,236 [INFO] ProjectBuilder:3034 - Time for Copy CMSIS : 0mS.
