2023-11-14 13:47:45,396 [INFO] Activator:176 - 


2023-11-14 13:47:45,408 [INFO] Activator:177 - !SESSION log4j initialized
2023-11-14 13:47:57,439 [INFO] LogOutputStream:77 - [STDOUT_REDIRECT] 
2023-11-14 13:48:01,344 [INFO] ApplicationProperties:184 - Using Application install path: D:\STM32CubeIDE_1.13.0\STM32CubeIDE\plugins\com.st.stm32cube.common.mx_6.9.2.202309101412
2023-11-14 13:48:01,381 [INFO] DbMcusXml:78 - Set database path to: D:\STM32CubeIDE_1.13.0\STM32CubeIDE\plugins\com.st.stm32cube.common.mx_6.9.2.202309101412\\db\/mcu/
2023-11-14 13:48:01,382 [INFO] ApiDb:274 - Set plugin database path to: D:\STM32CubeIDE_1.13.0\STM32CubeIDE\plugins\com.st.stm32cube.common.mx_6.9.2.202309101412\\db\/plugins/boardmanager/
2023-11-14 13:48:01,383 [WARN] ApiDb:259 - Overriding images path with different value:  => D:\STM32CubeIDE_1.13.0\STM32CubeIDE\plugins\com.st.stm32cube.common.mx_6.9.2.202309101412\\db\/plugins/mcufinder/images/
2023-11-14 13:48:01,420 [INFO] ApiDb:250 - Set database path to: C:\Users\66405\.stmcufinder\plugins\mcufinder//mcu/
2023-11-14 13:48:01,423 [INFO] DbMcusAds:125 - Set database path to: C:\Users\66405\.stmcufinder\plugins\mcufinder//mcu/
2023-11-14 13:48:01,428 [INFO] CrossReferenceDbSqlite:203 - Set database path to: C:\Users\66405\.stmcufinder\plugins\mcufinder//mcu/cs/
2023-11-14 13:48:01,704 [INFO] RulesReader:64 - Compatibility file has been processed (293 Rules)
2023-11-14 13:48:01,963 [INFO] DbMcusXml:78 - Set database path to: D:\STM32CubeIDE_1.13.0\STM32CubeIDE\plugins\com.st.stm32cube.common.mx_6.9.2.202309101412\\db\/mcu/
2023-11-14 13:48:01,964 [INFO] ApiDb:274 - Set plugin database path to: D:\STM32CubeIDE_1.13.0\STM32CubeIDE\plugins\com.st.stm32cube.common.mx_6.9.2.202309101412\\db\/plugins/boardmanager/
2023-11-14 13:48:01,964 [INFO] ApiDb:261 - Set plugin images path to: D:\STM32CubeIDE_1.13.0\STM32CubeIDE\plugins\com.st.stm32cube.common.mx_6.9.2.202309101412\\db\/plugins/mcufinder/images/
2023-11-14 13:48:01,965 [WARN] DbFile:41 - Overriding database path with different value: C:\Users\66405\.stmcufinder\plugins\mcufinder/ => C:\Users\66405\.stmcufinder\plugins\mcufinder
2023-11-14 13:48:01,965 [INFO] ApiDb:250 - Set database path to: C:\Users\66405\.stmcufinder\plugins\mcufinder//mcu/
2023-11-14 13:48:01,965 [WARN] DbFile:41 - Overriding database path with different value: C:\Users\66405\.stmcufinder\plugins\mcufinder/ => C:\Users\66405\.stmcufinder\plugins\mcufinder
2023-11-14 13:48:01,965 [INFO] DbMcusAds:125 - Set database path to: C:\Users\66405\.stmcufinder\plugins\mcufinder//mcu/
2023-11-14 13:48:01,965 [WARN] DbFile:41 - Overriding database path with different value: C:\Users\66405\.stmcufinder\plugins\mcufinder/ => C:\Users\66405\.stmcufinder\plugins\mcufinder
2023-11-14 13:48:01,965 [WARN] DbFile:41 - Overriding database path with different value: C:\Users\66405\.stmcufinder\plugins\mcufinder/ => C:\Users\66405\.stmcufinder\plugins\mcufinder
2023-11-14 13:48:01,966 [INFO] CrossReferenceDbSqlite:203 - Set database path to: C:\Users\66405\.stmcufinder\plugins\mcufinder//mcu/cs/
2023-11-14 13:48:02,156 [INFO] MainPanel:262 - HeapMemory: 268435456
2023-11-14 13:48:02,395 [INFO] DbMcusXml:78 - Set database path to: D:\STM32CubeIDE_1.13.0\STM32CubeIDE\plugins\com.st.stm32cube.common.mx_6.9.2.202309101412\\db\/mcu/
2023-11-14 13:48:02,395 [INFO] ApiDb:274 - Set plugin database path to: D:\STM32CubeIDE_1.13.0\STM32CubeIDE\plugins\com.st.stm32cube.common.mx_6.9.2.202309101412\\db\/plugins/boardmanager/
2023-11-14 13:48:02,395 [INFO] ApiDb:261 - Set plugin images path to: D:\STM32CubeIDE_1.13.0\STM32CubeIDE\plugins\com.st.stm32cube.common.mx_6.9.2.202309101412\\db\/plugins/mcufinder/images/
2023-11-14 13:48:02,396 [WARN] DbFile:41 - Overriding database path with different value: C:\Users\66405\.stmcufinder\plugins\mcufinder/ => C:\Users\66405\.stmcufinder\plugins\mcufinder
2023-11-14 13:48:02,397 [INFO] ApiDb:250 - Set database path to: C:\Users\66405\.stmcufinder\plugins\mcufinder//mcu/
2023-11-14 13:48:02,397 [WARN] DbFile:41 - Overriding database path with different value: C:\Users\66405\.stmcufinder\plugins\mcufinder/ => C:\Users\66405\.stmcufinder\plugins\mcufinder
2023-11-14 13:48:02,397 [INFO] DbMcusAds:125 - Set database path to: C:\Users\66405\.stmcufinder\plugins\mcufinder//mcu/
2023-11-14 13:48:02,397 [WARN] DbFile:41 - Overriding database path with different value: C:\Users\66405\.stmcufinder\plugins\mcufinder/ => C:\Users\66405\.stmcufinder\plugins\mcufinder
2023-11-14 13:48:02,397 [WARN] DbFile:41 - Overriding database path with different value: C:\Users\66405\.stmcufinder\plugins\mcufinder/ => C:\Users\66405\.stmcufinder\plugins\mcufinder
2023-11-14 13:48:02,397 [INFO] CrossReferenceDbSqlite:203 - Set database path to: C:\Users\66405\.stmcufinder\plugins\mcufinder//mcu/cs/
2023-11-14 13:48:02,476 [INFO] ApplicationProperties:184 - Using Application install path: D:\STM32CubeIDE_1.13.0\STM32CubeIDE\plugins\com.st.stm32cube.common.mx_6.9.2.202309101412
2023-11-14 13:48:02,481 [INFO] PluginManage:196 - Search for loadable plugins [exclusion list=, ]
2023-11-14 13:48:02,484 [INFO] PluginManage:310 - Check plugin analytics
2023-11-14 13:48:02,865 [INFO] AnalyticsPlugin:253 - Accepted Software Licenses: 
2023-11-14 13:48:02,865 [INFO] AnalyticsPlugin:255 - Accepted CMSIS Pack Licenses: 
2023-11-14 13:48:02,866 [INFO] AnalyticsPlugin:257 - Accepted Firmware Licenses: FW.L4.1.18.0
2023-11-14 13:48:02,871 [INFO] PluginManage:359 - Loaded plugin analytics (category:tool,tabindex:-1)
2023-11-14 13:48:02,872 [INFO] PluginManage:310 - Check plugin cadmodel
2023-11-14 13:48:02,891 [INFO] CADModel:105 - Init CAD model plugin
2023-11-14 13:48:02,891 [INFO] PluginManage:359 - Loaded plugin cadmodel (category:power,tabindex:5)
2023-11-14 13:48:02,892 [INFO] PluginManage:310 - Check plugin clock
2023-11-14 13:48:02,913 [INFO] PluginManage:359 - Loaded plugin clock (category:base,tabindex:2)
2023-11-14 13:48:02,914 [INFO] PluginManage:310 - Check plugin ddr
2023-11-14 13:48:02,917 [INFO] PluginManage:359 - Loaded plugin ddr (category:tool,tabindex:6)
2023-11-14 13:48:02,918 [INFO] PluginManage:310 - Check plugin filemanager
2023-11-14 13:48:03,179 [INFO] PluginManage:359 - Loaded plugin filemanager (category:base,tabindex:10)
2023-11-14 13:48:03,179 [INFO] PluginManage:310 - Check plugin ipmanager
2023-11-14 13:48:03,193 [INFO] PluginManage:359 - Loaded plugin ipmanager (category:base,tabindex:5)
2023-11-14 13:48:03,193 [INFO] PluginManage:310 - Check plugin lpbam
2023-11-14 13:48:03,210 [INFO] PluginManage:359 - Loaded plugin lpbam (category:base,tabindex:0)
2023-11-14 13:48:03,210 [INFO] PluginManage:310 - Check plugin memorymap
2023-11-14 13:48:03,238 [INFO] PluginManage:359 - Loaded plugin memorymap (category:base,tabindex:4)
2023-11-14 13:48:03,238 [INFO] PluginManage:310 - Check plugin pinoutandconfiguration
2023-11-14 13:48:03,258 [INFO] PluginManage:359 - Loaded plugin pinoutandconfiguration (category:base,tabindex:1)
2023-11-14 13:48:03,259 [INFO] PluginManage:310 - Check plugin pinoutconfig
2023-11-14 13:48:03,501 [WARN] SupportedApi:132 - Cannot load RTOS API schema: s4s-elt-must-match.1: The content of 'definitions' must match (annotation?, (simpleType | complexType)?, (unique | key | keyref)*)). A problem was found starting at: attribute.
2023-11-14 13:48:03,828 [INFO] PluginManage:359 - Loaded plugin pinoutconfig (category:base,tabindex:0)
2023-11-14 13:48:03,829 [INFO] PluginManage:310 - Check plugin power
2023-11-14 13:48:03,856 [INFO] PluginManage:359 - Loaded plugin power (category:power,tabindex:4)
2023-11-14 13:48:03,857 [INFO] PluginManage:310 - Check plugin projectmanager
2023-11-14 13:48:03,909 [INFO] PluginManage:359 - Loaded plugin projectmanager (category:projectmanager,tabindex:3)
2023-11-14 13:48:03,909 [INFO] PluginManage:310 - Check plugin thirdparty
2023-11-14 13:48:04,211 [INFO] PluginManage:359 - Loaded plugin thirdparty (category:base,tabindex:-1)
2023-11-14 13:48:04,211 [WARN] IntegrityCheckThread:84 - waiting for thirdparty lock release [integrity check]
2023-11-14 13:48:04,211 [INFO] PluginManage:310 - Check plugin tools
2023-11-14 13:48:04,211 [INFO] IntegrityCheckThread:86 - entering critical section [integrity check]
2023-11-14 13:48:04,213 [INFO] ThirdPartyUpdaterWithRetryManager:70 - Updater plugin not ready yet. [1/15]
2023-11-14 13:48:04,216 [INFO] PluginManage:359 - Loaded plugin tools (category:base,tabindex:7)
2023-11-14 13:48:04,216 [INFO] PluginManage:310 - Check plugin tutovideos
2023-11-14 13:48:04,660 [INFO] PluginManage:359 - Loaded plugin tutovideos (category:base,tabindex:-1)
2023-11-14 13:48:04,660 [INFO] PluginManage:310 - Check plugin updater
2023-11-14 13:48:04,680 [INFO] PluginManage:359 - Loaded plugin updater (category:base,tabindex:12)
2023-11-14 13:48:04,681 [INFO] PluginManage:310 - Check plugin userauth
2023-11-14 13:48:04,691 [INFO] UserAuth:113 - Init User Auth plugin
2023-11-14 13:48:04,691 [INFO] PluginManage:359 - Loaded plugin userauth (category:base,tabindex:14)
2023-11-14 13:48:04,692 [INFO] PluginManage:283 - PluginManage : Loaded plugins [17]
2023-11-14 13:48:05,197 [INFO] PinOutPanel:1499 - setPackage(No Configuration,No Configuration)
2023-11-14 13:48:05,440 [INFO] CADModel:165 - CPN selected for project level
2023-11-14 13:48:05,440 [INFO] CADModel:114 - Register for checkConnection events
2023-11-14 13:48:05,471 [INFO] IPUIPlugin:80 - create IPUIPlugin
2023-11-14 13:48:05,471 [INFO] PluginManager:220 - loadIPPluginJar : add adc
2023-11-14 13:48:05,477 [INFO] IPUIPlugin:80 - create IPUIPlugin
2023-11-14 13:48:05,477 [INFO] PluginManager:220 - loadIPPluginJar : add aes
2023-11-14 13:48:05,482 [INFO] IPUIPlugin:80 - create IPUIPlugin
2023-11-14 13:48:05,483 [INFO] PluginManager:220 - loadIPPluginJar : add can
2023-11-14 13:48:05,486 [INFO] IPUIPlugin:80 - create IPUIPlugin
2023-11-14 13:48:05,486 [INFO] PluginManager:220 - loadIPPluginJar : add comp
2023-11-14 13:48:05,491 [INFO] IPUIPlugin:80 - create IPUIPlugin
2023-11-14 13:48:05,491 [INFO] PluginManager:220 - loadIPPluginJar : add cryp
2023-11-14 13:48:05,496 [INFO] IPUIPlugin:80 - create IPUIPlugin
2023-11-14 13:48:05,496 [INFO] PluginManager:220 - loadIPPluginJar : add dfsdm
2023-11-14 13:48:05,505 [INFO] IPUIPlugin:80 - create IPUIPlugin
2023-11-14 13:48:05,506 [INFO] PluginManager:220 - loadIPPluginJar : add dma
2023-11-14 13:48:05,511 [INFO] IPUIPlugin:80 - create IPUIPlugin
2023-11-14 13:48:05,511 [INFO] PluginManager:220 - loadIPPluginJar : add dma3
2023-11-14 13:48:05,514 [INFO] IPUIPlugin:80 - create IPUIPlugin
2023-11-14 13:48:05,514 [INFO] PluginManager:220 - loadIPPluginJar : add fatfs
2023-11-14 13:48:05,521 [INFO] IPUIPlugin:80 - create IPUIPlugin
2023-11-14 13:48:05,521 [INFO] PluginManager:220 - loadIPPluginJar : add fmc
2023-11-14 13:48:05,531 [INFO] IPUIPlugin:80 - create IPUIPlugin
2023-11-14 13:48:05,531 [INFO] PluginManager:220 - loadIPPluginJar : add freertos
2023-11-14 13:48:05,534 [INFO] IPUIPlugin:80 - create IPUIPlugin
2023-11-14 13:48:05,534 [INFO] PluginManager:220 - loadIPPluginJar : add genericplugin
2023-11-14 13:48:05,538 [INFO] IPUIPlugin:80 - create IPUIPlugin
2023-11-14 13:48:05,538 [INFO] PluginManager:220 - loadIPPluginJar : add gfxmmu
2023-11-14 13:48:05,546 [INFO] IPUIPlugin:80 - create IPUIPlugin
2023-11-14 13:48:05,546 [INFO] PluginManager:220 - loadIPPluginJar : add gic
2023-11-14 13:48:05,553 [INFO] IPUIPlugin:80 - create IPUIPlugin
2023-11-14 13:48:05,553 [INFO] PluginManager:220 - loadIPPluginJar : add gpio
2023-11-14 13:48:05,559 [INFO] IPUIPlugin:80 - create IPUIPlugin
2023-11-14 13:48:05,559 [INFO] PluginManager:220 - loadIPPluginJar : add gtzc
2023-11-14 13:48:05,563 [INFO] IPUIPlugin:80 - create IPUIPlugin
2023-11-14 13:48:05,564 [INFO] PluginManager:220 - loadIPPluginJar : add hash
2023-11-14 13:48:05,568 [INFO] IPUIPlugin:80 - create IPUIPlugin
2023-11-14 13:48:05,568 [INFO] PluginManager:220 - loadIPPluginJar : add i2c
2023-11-14 13:48:05,572 [INFO] IPUIPlugin:80 - create IPUIPlugin
2023-11-14 13:48:05,572 [INFO] PluginManager:220 - loadIPPluginJar : add i2s
2023-11-14 13:48:05,577 [INFO] IPUIPlugin:80 - create IPUIPlugin
2023-11-14 13:48:05,577 [INFO] PluginManager:220 - loadIPPluginJar : add i3c
2023-11-14 13:48:05,583 [INFO] IPUIPlugin:80 - create IPUIPlugin
2023-11-14 13:48:05,583 [INFO] PluginManager:220 - loadIPPluginJar : add ipddr
2023-11-14 13:48:05,595 [INFO] IPUIPlugin:80 - create IPUIPlugin
2023-11-14 13:48:05,596 [INFO] PluginManager:220 - loadIPPluginJar : add linkedlist
2023-11-14 13:48:05,599 [INFO] IPUIPlugin:80 - create IPUIPlugin
2023-11-14 13:48:05,600 [INFO] PluginManager:220 - loadIPPluginJar : add lorawan
2023-11-14 13:48:05,602 [INFO] IPUIPlugin:80 - create IPUIPlugin
2023-11-14 13:48:05,602 [INFO] PluginManager:220 - loadIPPluginJar : add ltdc
2023-11-14 13:48:05,614 [INFO] IPUIPlugin:80 - create IPUIPlugin
2023-11-14 13:48:05,614 [INFO] PluginManager:220 - loadIPPluginJar : add mdma
2023-11-14 13:48:05,628 [INFO] IPUIPlugin:80 - create IPUIPlugin
2023-11-14 13:48:05,628 [INFO] PluginManager:220 - loadIPPluginJar : add nvic
2023-11-14 13:48:05,639 [INFO] IPUIPlugin:80 - create IPUIPlugin
2023-11-14 13:48:05,639 [INFO] PluginManager:220 - loadIPPluginJar : add opamp
2023-11-14 13:48:05,651 [INFO] IPUIPlugin:80 - create IPUIPlugin
2023-11-14 13:48:05,651 [INFO] PluginManager:220 - loadIPPluginJar : add openamp
2023-11-14 13:48:05,657 [INFO] IPUIPlugin:80 - create IPUIPlugin
2023-11-14 13:48:05,657 [INFO] PluginManager:220 - loadIPPluginJar : add pdm2pcm
2023-11-14 13:48:05,667 [INFO] IPUIPlugin:80 - create IPUIPlugin
2023-11-14 13:48:05,671 [INFO] PluginManager:220 - loadIPPluginJar : add plateformsettings
2023-11-14 13:48:05,674 [INFO] IPUIPlugin:80 - create IPUIPlugin
2023-11-14 13:48:05,674 [INFO] PluginManager:220 - loadIPPluginJar : add quadspi
2023-11-14 13:48:05,680 [INFO] IPUIPlugin:80 - create IPUIPlugin
2023-11-14 13:48:05,680 [INFO] PluginManager:220 - loadIPPluginJar : add resmgrutility
2023-11-14 13:48:05,685 [INFO] IPUIPlugin:80 - create IPUIPlugin
2023-11-14 13:48:05,686 [INFO] PluginManager:220 - loadIPPluginJar : add sai
2023-11-14 13:48:05,690 [INFO] IPUIPlugin:80 - create IPUIPlugin
2023-11-14 13:48:05,690 [INFO] PluginManager:220 - loadIPPluginJar : add spi
2023-11-14 13:48:05,697 [INFO] IPUIPlugin:80 - create IPUIPlugin
2023-11-14 13:48:05,697 [INFO] PluginManager:220 - loadIPPluginJar : add stm32_wpan
2023-11-14 13:48:05,700 [INFO] IPUIPlugin:80 - create IPUIPlugin
2023-11-14 13:48:05,700 [INFO] PluginManager:220 - loadIPPluginJar : add tim
2023-11-14 13:48:05,706 [INFO] IPUIPlugin:80 - create IPUIPlugin
2023-11-14 13:48:05,706 [INFO] PluginManager:220 - loadIPPluginJar : add touchsensing
2023-11-14 13:48:05,709 [INFO] IPUIPlugin:80 - create IPUIPlugin
2023-11-14 13:48:05,709 [INFO] PluginManager:220 - loadIPPluginJar : add tracer_emb
2023-11-14 13:48:05,713 [INFO] IPUIPlugin:80 - create IPUIPlugin
2023-11-14 13:48:05,713 [INFO] PluginManager:220 - loadIPPluginJar : add ts
2023-11-14 13:48:05,716 [INFO] IPUIPlugin:80 - create IPUIPlugin
2023-11-14 13:48:05,716 [INFO] PluginManager:220 - loadIPPluginJar : add tsc
2023-11-14 13:48:05,719 [INFO] IPUIPlugin:80 - create IPUIPlugin
2023-11-14 13:48:05,720 [INFO] PluginManager:220 - loadIPPluginJar : add ucpd
2023-11-14 13:48:05,725 [INFO] IPUIPlugin:80 - create IPUIPlugin
2023-11-14 13:48:05,725 [INFO] PluginManager:220 - loadIPPluginJar : add usart
2023-11-14 13:48:05,730 [INFO] IPUIPlugin:80 - create IPUIPlugin
2023-11-14 13:48:05,730 [INFO] PluginManager:220 - loadIPPluginJar : add usbx
2023-11-14 13:48:05,949 [INFO] CADModel:165 - CPN selected for project level
2023-11-14 13:48:05,950 [INFO] CADModel:114 - Register for checkConnection events
2023-11-14 13:48:05,950 [FATAL] Updater:308 - Updater called before beeing initialized
2023-11-14 13:48:05,950 [ERROR] CADModel:125 - Updater not yet initialized, retry later 
2023-11-14 13:48:06,283 [INFO] CADModel:165 - CPN selected for project level
2023-11-14 13:48:06,283 [INFO] CADModel:114 - Register for checkConnection events
2023-11-14 13:48:06,284 [FATAL] Updater:308 - Updater called before beeing initialized
2023-11-14 13:48:06,284 [ERROR] CADModel:125 - Updater not yet initialized, retry later 
2023-11-14 13:48:06,290 [FATAL] Updater:308 - Updater called before beeing initialized
2023-11-14 13:48:06,523 [FATAL] Updater:308 - Updater called before beeing initialized
2023-11-14 13:48:06,532 [INFO] DbMcusAds:53 - JSON generation date=Tue Mar 07 08:50:55 GMT 2023 (1678179055335)
2023-11-14 13:48:06,533 [FATAL] Updater:308 - Updater called before beeing initialized
2023-11-14 13:48:06,609 [WARN] DetailPanel:346 - Failed to get advertising image, set to default
2023-11-14 13:48:06,836 [FATAL] Updater:308 - Updater called before beeing initialized
2023-11-14 13:48:06,839 [FATAL] Updater:308 - Updater called before beeing initialized
2023-11-14 13:48:06,839 [FATAL] Updater:308 - Updater called before beeing initialized
2023-11-14 13:48:06,839 [WARN] DetailPanel:346 - Failed to get advertising image, set to default
2023-11-14 13:48:06,841 [FATAL] Updater:308 - Updater called before beeing initialized
2023-11-14 13:48:07,031 [ERROR] Updater:1120 - MainUpdater not yet initialized. External WinMGr cannot be set.
2023-11-14 13:48:07,036 [INFO] Updater:1056 - Updater Version found : 6.9.2
2023-11-14 13:48:07,069 [INFO] ApplicationProperties:184 - Using Application install path: D:\STM32CubeIDE_1.13.0\STM32CubeIDE\plugins\com.st.stm32cube.common.mx_6.9.2.202309101412
2023-11-14 13:48:07,214 [INFO] ThirdPartyUpdaterWithRetryManager:70 - Updater plugin not ready yet. [2/15]
2023-11-14 13:48:08,118 [INFO] MainUpdater:2868 - connection check result : 10
2023-11-14 13:48:08,119 [INFO] MainUpdater:3562 - Updater definition file requires update
2023-11-14 13:48:08,121 [INFO] MainUpdater:285 - Updater Check For Update Now.
2023-11-14 13:48:08,122 [INFO] MicroXplorer:498 - Change Database Version : DB.6.0.92
2023-11-14 13:48:08,132 [INFO] McuFinderGlobals:63 - Set McuFinder mode to 2 (CubeIDE integrated)
2023-11-14 13:48:08,354 [INFO] ServerAccessManage:473 - Download File updaters.zip
2023-11-14 13:48:08,727 [INFO] FileExtend:240 - Unzip File : updaters.zip
2023-11-14 13:48:08,727 [INFO] FileExtend:255 - Standard Zip Deflate
2023-11-14 13:48:09,603 [INFO] ServerAccessManage:473 - Download File PacksControlFlags.xml
2023-11-14 13:48:09,798 [INFO] ServerAccessManage:473 - Download File cubemx.pidx
2023-11-14 13:48:10,221 [WARN] MainUpdater:1189 - Updater busy. Cannot search thirdparties
2023-11-14 13:48:10,221 [INFO] ThirdPartyUpdaterWithRetryManager:96 - Updater plugin is busy. [1/15]
2023-11-14 13:48:10,436 [INFO] ServerAccessManage:473 - Download File STMicroelectronics.FP-SNS-MOTENVWB1.pdsc
2023-11-14 13:48:13,008 [ERROR] ServerAccessManage:1096 - Problem, Http access forbiden
2023-11-14 13:48:13,010 [ERROR] ServerAccessManage:651 - Problem, Http access forbiden : RoweBots.I-CUBE-UNISONRTOS.pdsc.
2023-11-14 13:48:13,223 [WARN] MainUpdater:1189 - Updater busy. Cannot search thirdparties
2023-11-14 13:48:13,223 [INFO] ThirdPartyUpdaterWithRetryManager:96 - Updater plugin is busy. [2/15]
2023-11-14 13:48:13,413 [WARN] PackLoader:240 - Cannot read IP mode file for STMicroelectronics.FP-SNS-MOTENVWB1.1.3.0
2023-11-14 13:48:13,422 [INFO] PopulateThirdPartyThread:66 - Ending populate Thread
2023-11-14 13:48:13,425 [INFO] ThirdParty:1030 - CMSIS Pack Vendor :STMicroelectronics FP-SNS-MOTENVWB1 1.3.0
2023-11-14 13:48:13,426 [INFO] LoadServerUpdatesThread:373 - End of LoadServerUpdate Thread
2023-11-14 13:48:13,580 [INFO] CheckServerUpdateThread:120 - End of CheckServer Thread
2023-11-14 13:48:16,703 [WARN] PackLoader:240 - Cannot read IP mode file for STMicroelectronics.X-CUBE-SMBUS.2.1.0
2023-11-14 13:48:16,796 [WARN] PackLoader:240 - Cannot read IP mode file for STMicroelectronics.X-CUBE-AZRTOS-F7.1.1.0
2023-11-14 13:48:16,822 [WARN] PackLoader:240 - Cannot read IP mode file for STMicroelectronics.FP-SNS-MOTENV1.4.3.2
2023-11-14 13:48:16,847 [WARN] PackLoader:240 - Cannot read IP mode file for STMicroelectronics.X-CUBE-BLE1.6.2.4
2023-11-14 13:48:16,865 [WARN] PackLoader:240 - Cannot read IP mode file for STMicroelectronics.FP-SNS-FLIGHT1.5.0.2
2023-11-14 13:48:16,884 [WARN] PackLoader:240 - Cannot read IP mode file for STMicroelectronics.X-CUBE-DISPLAY.3.0.0
2023-11-14 13:48:16,906 [WARN] PackLoader:240 - Cannot read IP mode file for STMicroelectronics.X-CUBE-BLE1.7.0.0
2023-11-14 13:48:16,920 [WARN] PackLoader:240 - Cannot read IP mode file for emotas.I-CUBE-CANOPEN.1.3.0
2023-11-14 13:48:16,978 [WARN] PackLoader:240 - Cannot read IP mode file for STMicroelectronics.X-CUBE-TOUCHGFX.4.22.0
2023-11-14 13:48:16,983 [WARN] PackLoader:240 - Cannot read IP mode file for STMicroelectronics.X-CUBE-TOUCHGFX.4.22.1
2023-11-14 13:48:16,993 [WARN] PackLoader:240 - Cannot read IP mode file for STMicroelectronics.FP-SNS-SMARTAG2.1.2.0
2023-11-14 13:48:17,012 [INFO] LogOutputStream:77 - [STDOUT_REDIRECT] 1 : Invalid condition id : UX_CORESTACK_Condition cause : null
2023-11-14 13:48:17,013 [INFO] LogOutputStream:77 - [STDOUT_REDIRECT] 1 : Invalid condition id : UX_CORESTACK_Condition cause : null
2023-11-14 13:48:17,015 [INFO] LogOutputStream:77 - [STDOUT_REDIRECT] 1 : Invalid condition id : UX_CORESTACK_Condition cause : null
2023-11-14 13:48:17,017 [INFO] LogOutputStream:77 - [STDOUT_REDIRECT] 1 : Invalid condition id : UX_CORESTACK_Condition cause : null
2023-11-14 13:48:17,019 [INFO] LogOutputStream:77 - [STDOUT_REDIRECT] 1 : Invalid condition id : UX_CORESTACK_Condition cause : null
2023-11-14 13:48:17,028 [WARN] PackLoader:240 - Cannot read IP mode file for STMicroelectronics.X-CUBE-AZRTOS-WL.2.0.0
2023-11-14 13:48:17,045 [WARN] PackLoader:240 - Cannot read IP mode file for WES.I-CUBE-Cesium.1.3.0
2023-11-14 13:48:17,055 [WARN] PackLoader:240 - Cannot read IP mode file for STMicroelectronics.X-CUBE-BLE2.3.3.0
2023-11-14 13:48:17,067 [WARN] PackLoader:240 - Cannot read IP mode file for STMicroelectronics.X-CUBE-ALGOBUILD.1.3.0
2023-11-14 13:48:17,097 [WARN] PackLoader:240 - Cannot read IP mode file for STMicroelectronics.X-CUBE-AZRTOS-G0.1.1.0
2023-11-14 13:48:17,114 [WARN] PackLoader:240 - Cannot read IP mode file for STMicroelectronics.X-CUBE-NFC4.3.0.0
2023-11-14 13:48:17,133 [WARN] PackLoader:240 - Cannot read IP mode file for STMicroelectronics.X-CUBE-BLEMGR.3.0.0
2023-11-14 13:48:17,144 [WARN] PackLoader:240 - Cannot read IP mode file for STMicroelectronics.FP-ATR-SIGFOX1.3.2.0
2023-11-14 13:48:17,194 [WARN] PackLoader:240 - Cannot read IP mode file for SEGGER.I-CUBE-embOS.1.3.1
2023-11-14 13:48:17,283 [WARN] PackLoader:240 - Cannot read IP mode file for STMicroelectronics.X-CUBE-GNSS1.6.0.0
2023-11-14 13:48:17,320 [WARN] PackLoader:240 - Cannot read IP mode file for STMicroelectronics.X-CUBE-AZRTOS-F4.1.1.0
2023-11-14 13:48:17,338 [WARN] PackLoader:240 - Cannot read IP mode file for wolfSSL.I-CUBE-wolfSSL.5.6.3
2023-11-14 13:48:17,369 [WARN] PackLoader:240 - Cannot read IP mode file for STMicroelectronics.X-CUBE-AZRTOS-L5.2.0.0
2023-11-14 13:48:17,440 [WARN] PackLoader:240 - Cannot read IP mode file for STMicroelectronics.X-CUBE-MEMS1.9.6.0
2023-11-14 13:48:17,713 [WARN] PackLoader:240 - Cannot read IP mode file for STMicroelectronics.X-CUBE-EEPRMA1.4.2.0
2023-11-14 13:48:17,723 [WARN] PackLoader:240 - Cannot read IP mode file for ITTIA_DB.I-CUBE-ITTIADB.8.8.0
2023-11-14 13:48:17,734 [WARN] PackLoader:240 - Cannot read IP mode file for STMicroelectronics.X-CUBE-BLEMGR.2.0.0
2023-11-14 13:48:17,759 [WARN] ConditionMgr:438 - getConditionDescription Invalid condition id : UX DEVICE CLASS RTOS Condition cause : null
2023-11-14 13:48:17,760 [WARN] ConditionMgr:438 - getConditionDescription Invalid condition id : UX DEVICE CLASS RTOS Condition cause : null
2023-11-14 13:48:17,764 [WARN] PackLoader:240 - Cannot read IP mode file for STMicroelectronics.X-CUBE-AZRTOS-H7.3.1.0
2023-11-14 13:48:17,766 [WARN] ConditionMgr:1039 - genDependencies : Invalid condition id : UX DEVICE CLASS RTOS Condition cause : null
2023-11-14 13:48:17,766 [WARN] ConditionMgr:1039 - genDependencies : Invalid condition id : UX DEVICE CLASS RTOS Condition cause : null
2023-11-14 13:48:17,767 [WARN] ConditionMgr:1039 - genDependencies : Invalid condition id : UX DEVICE CLASS RTOS Condition cause : null
2023-11-14 13:48:17,767 [WARN] ConditionMgr:1039 - genDependencies : Invalid condition id : UX DEVICE CLASS RTOS Condition cause : null
2023-11-14 13:48:17,768 [WARN] ConditionMgr:1039 - genDependencies : Invalid condition id : UX DEVICE CLASS RTOS Condition cause : null
2023-11-14 13:48:17,787 [WARN] PackLoader:240 - Cannot read IP mode file for STMicroelectronics.X-CUBE-NFC7.1.0.1
2023-11-14 13:48:17,799 [WARN] PackLoader:240 - Cannot read IP mode file for STMicroelectronics.X-CUBE-NFC6.3.0.0
2023-11-14 13:48:17,811 [WARN] PackLoader:240 - Cannot read IP mode file for STMicroelectronics.X-CUBE-EEPRMA1.4.1.0
2023-11-14 13:48:17,819 [WARN] PackLoader:240 - Cannot read IP mode file for STMicroelectronics.X-CUBE-AI.8.1.0
2023-11-14 13:48:17,847 [WARN] ConditionMgr:438 - getConditionDescription Invalid condition id : LAN8742 Phy interface Condition cause : null
2023-11-14 13:48:17,848 [WARN] PackLoader:240 - Cannot read IP mode file for STMicroelectronics.X-CUBE-AZRTOS-L4.2.0.0
2023-11-14 13:48:17,850 [WARN] ConditionMgr:1039 - genDependencies : Invalid condition id : LAN8742 Phy interface Condition cause : null
2023-11-14 13:48:17,850 [WARN] ConditionMgr:1039 - genDependencies : Invalid condition id : LAN8742 Phy interface Condition cause : null
2023-11-14 13:48:17,851 [WARN] ConditionMgr:1039 - genDependencies : Invalid condition id : LAN8742 Phy interface Condition cause : null
2023-11-14 13:48:17,863 [WARN] PackLoader:240 - Cannot read IP mode file for STMicroelectronics.X-CUBE-SFXS2LP1.4.0.0
2023-11-14 13:48:17,872 [WARN] PackLoader:240 - Cannot read IP mode file for STMicroelectronics.X-CUBE-ISPU.1.1.0
2023-11-14 13:48:17,890 [WARN] ConditionMgr:438 - getConditionDescription Invalid condition id : UX DEVICE CLASS RTOS Condition cause : null
2023-11-14 13:48:17,891 [WARN] ConditionMgr:438 - getConditionDescription Invalid condition id : UX DEVICE CLASS RTOS Condition cause : null
2023-11-14 13:48:17,895 [WARN] PackLoader:240 - Cannot read IP mode file for STMicroelectronics.X-CUBE-AZRTOS-WB.2.0.0
2023-11-14 13:48:17,896 [WARN] ConditionMgr:1039 - genDependencies : Invalid condition id : UX DEVICE CLASS RTOS Condition cause : null
2023-11-14 13:48:17,896 [WARN] ConditionMgr:1039 - genDependencies : Invalid condition id : UX DEVICE CLASS RTOS Condition cause : null
2023-11-14 13:48:17,897 [WARN] ConditionMgr:1039 - genDependencies : Invalid condition id : UX DEVICE CLASS RTOS Condition cause : null
2023-11-14 13:48:17,898 [WARN] ConditionMgr:1039 - genDependencies : Invalid condition id : UX DEVICE CLASS RTOS Condition cause : null
2023-11-14 13:48:17,898 [WARN] ConditionMgr:1039 - genDependencies : Invalid condition id : UX DEVICE CLASS RTOS Condition cause : null
2023-11-14 13:48:17,907 [WARN] PackLoader:240 - Cannot read IP mode file for STMicroelectronics.X-CUBE-FREERTOS.1.0.1
2023-11-14 13:48:17,925 [WARN] PackLoader:240 - Cannot read IP mode file for STMicroelectronics.X-CUBE-AZRTOS-L5.1.1.0
2023-11-14 13:48:17,936 [WARN] PackLoader:240 - Cannot read IP mode file for STMicroelectronics.X-CUBE-AI.8.0.1
2023-11-14 13:48:17,952 [WARN] PackLoader:240 - Cannot read IP mode file for STMicroelectronics.X-CUBE-SUBG2.5.0.0
2023-11-14 13:48:17,982 [WARN] PackLoader:240 - Cannot read IP mode file for STMicroelectronics.X-CUBE-TOF1.3.3.1
2023-11-14 13:48:18,025 [WARN] PackLoader:240 - Cannot read IP mode file for STMicroelectronics.X-CUBE-AZRTOS-G4.2.0.0
2023-11-14 13:48:18,047 [WARN] PackLoader:240 - Cannot read IP mode file for Infineon.AIROC-Wi-Fi-Bluetooth-STM32.1.5.1
2023-11-14 13:48:18,062 [WARN] PackLoader:240 - Cannot read IP mode file for STMicroelectronics.FP-SNS-MOTENVWB1.1.3.0
2023-11-14 13:48:18,139 [WARN] PackLoader:240 - Cannot read IP mode file for STMicroelectronics.X-CUBE-MEMS1.10.0.0
2023-11-14 13:48:18,347 [WARN] PackLoader:240 - Cannot read IP mode file for STMicroelectronics.X-CUBE-FREERTOS.1.1.0
2023-11-14 13:48:18,358 [WARN] PackLoader:240 - Cannot read IP mode file for portGmbH.I-Cube-SoM-uGOAL.1.1.0
2023-11-14 13:48:18,366 [WARN] PackLoader:240 - Cannot read IP mode file for STMicroelectronics.X-CUBE-ALS.1.0.1
2023-11-14 13:48:18,385 [WARN] PackLoader:240 - Cannot read IP mode file for STMicroelectronics.X-CUBE-AZRTOS-WB.1.1.0
2023-11-14 13:48:18,395 [WARN] PackLoader:240 - Cannot read IP mode file for STMicroelectronics.FP-ATR-ASTRA1.2.0.0
2023-11-14 13:48:18,396 [INFO] ThirdParty:978 - Integrity check success = true
2023-11-14 13:48:18,397 [INFO] IntegrityCheckThread:100 - exiting critical section [integrity check]
2023-11-14 13:48:18,397 [INFO] IntegrityCheckThread:103 - End integrity checks thread
2023-11-14 13:48:20,724 [ERROR] LogOutputStream:75 - [STDERR_REDIRECT] SLF4J: Failed to load class "org.slf4j.impl.StaticLoggerBinder".
2023-11-14 13:48:20,725 [ERROR] LogOutputStream:75 - [STDERR_REDIRECT] SLF4J: Defaulting to no-operation (NOP) logger implementation
2023-11-14 13:48:20,728 [ERROR] LogOutputStream:75 - [STDERR_REDIRECT] SLF4J: See http://www.slf4j.org/codes.html#StaticLoggerBinder for further details.
