2023-07-19 18:33:25,857 [INFO] MainUpdater:2868 - connection check result : 10
2023-07-19 18:33:25,882 [INFO] McuFinderGlobals:76 - Set McuFinderConnectedMode to true
2023-07-19 18:33:26,358 [INFO] ServerAccessManage:473 - Download File mcusAds.json._tmp_
2023-07-19 18:33:26,516 [INFO] LoadUrlFilesThread:156 - End of LoadUrlFiles Thread
2023-07-19 18:33:26,715 [INFO] ServerAccessManage:473 - Download File cube-finder-db.zip
2023-07-19 18:33:29,316 [INFO] FileExtend:240 - Unzip File : cube-finder-db.zip
2023-07-19 18:33:29,316 [INFO] FileExtend:255 - Standard Zip Deflate
2023-07-19 18:33:29,946 [INFO] LoadUrlFilesThread:156 - End of LoadUrlFiles Thread
2023-07-19 18:33:30,399 [INFO] ServerAccessManage:473 - Download File crdb.zip
2023-07-19 18:33:30,592 [INFO] FileExtend:240 - Unzip File : crdb.zip
2023-07-19 18:33:30,592 [INFO] FileExtend:255 - Standard Zip Deflate
2023-07-19 18:33:30,735 [INFO] LoadUrlFilesThread:156 - End of LoadUrlFiles Thread
2023-07-19 18:33:30,907 [INFO] ServerAccessManage:473 - Download File tutoVideoDB.zip
2023-07-19 18:33:30,920 [INFO] FileExtend:240 - Unzip File : tutoVideoDB.zip
2023-07-19 18:33:30,921 [INFO] FileExtend:255 - Standard Zip Deflate
2023-07-19 18:33:31,052 [INFO] LoadUrlFilesThread:156 - End of LoadUrlFiles Thread
2023-07-19 18:33:31,055 [WARN] DbFile:41 - Overriding database path with different value: C:\Users\66405\.stmcufinder\plugins\mcufinder/ => C:\Users\66405\.stmcufinder\plugins\mcufinder
2023-07-19 18:33:31,162 [INFO] ServerAccessManage:473 - Download File api_config.json
2023-07-19 18:33:31,294 [INFO] LoadUrlFilesThread:156 - End of LoadUrlFiles Thread
2023-07-19 18:33:31,295 [INFO] DbMcusAds:53 - JSON generation date=Tue Mar 07 08:50:55 GMT 2023 (1678179055114)
2023-07-19 18:33:31,301 [INFO] ApiDb:448 - Save user favorites file C:\Users\66405/.stm32cubeide/favorites.mcus.txt: 0 item(s)
2023-07-19 18:33:31,302 [INFO] ApiDb:452 - User favorites MCUs=[]
2023-07-19 18:33:31,307 [INFO] ApiDb:581 - Connected to CubeFinder SQLite database (C:\Users\66405\.stmcufinder\plugins\mcufinder\mcu\cube-finder-db.db)
2023-07-19 18:33:31,362 [INFO] ApiDb:668 - CubeFinder database Data Model version=2.1
2023-07-19 18:33:31,363 [INFO] ApiDb:669 - CubeFinder database Configuration version=3.0.37
2023-07-19 18:33:31,363 [INFO] ApiDb:670 - CubeFinder database generation date=2023-06-26 (1687786131)
2023-07-19 18:33:31,363 [INFO] ApiDb:671 - CubeFinder database FW Pack versions=[FP-ATR-ASTRA1_V2.0.0, FP-SNS-FLIGHT1_V5.0.1, FP-SNS-MOTENV1_V4.3.1, STM32Cube_FW_C0_V1.1.0, STM32Cube_FW_F4_V1.27.1, STM32Cube_FW_F7_V1.17.0, STM32Cube_FW_G0_V1.6.1, STM32Cube_FW_G4_V1.5.1, STM32Cube_FW_H5_V0.5.1, STM32Cube_FW_H5_V1.1.0, STM32Cube_FW_H7_V1.11.0, STM32Cube_FW_L0_V1.12.2, STM32Cube_FW_L5_V1.5.0, STM32Cube_FW_U5_V1.3.0, STM32Cube_FW_U5_V1.3.0RC4, STM32Cube_FW_WBA_V1.0.0RC1, STM32Cube_FW_WBA_V1.1.0, STM32Cube_FW_WBA_V1.1.0RC1, STM32Cube_FW_WB_V1.15.0RC1, STM32Cube_FW_WB_V1.16.0, STM32Cube_FW_WB_V1.16.0RC2, STM32Cube_FW_WB_V1.17.0, STM32Cube_FW_WL_V1.3.0, X-CUBE-ALGOBUILD_V1.3.0, X-CUBE-ALS_V1.0.1, X-CUBE-AZRTOS-F4_V1.1.0, X-CUBE-AZRTOS-F7_V1.1.0, X-CUBE-AZRTOS-G0_V1.1.0, X-CUBE-AZRTOS-G4_V2.0.0, X-CUBE-AZRTOS-H7_V3.1.0, X-CUBE-AZRTOS-L4_V1.0.0, X-CUBE-AZRTOS-L4_V2.0.0, X-CUBE-AZRTOS-L5_V1.1.0, X-CUBE-AZRTOS-WB_V1.1.0, X-CUBE-AZRTOS-WL_V2.0.0, X-CUBE-BLE1_V6.2.4, X-CUBE-BLE2_V3.3.0, X-CUBE-BLEMGR_V2.0.0, X-CUBE-EEPRMA1_V4.1.0, X-CUBE-FREERTOS_V1.0.1, X-CUBE-GNSS1_V6.0.0, X-CUBE-MEMS1_V9.1.0, X-CUBE-MEMS1_V9.4.0, X-CUBE-MEMS1_V9.6.0, X-CUBE-NFC4_V3.0.0, X-CUBE-NFC7_V1.0.0, X-CUBE-SFXS2LP1_V4.0.0, X-CUBE-SUBG2_V5.0.0]
2023-07-19 18:33:33,016 [INFO] ApiDb:240 - Found 323 in-development CPN: [B-G473E-ZEST1S, B-WB1M-WPAN1, B-WL5M-SUBG1, NUCLEO-C031C6, NUCLEO-H503RB, NUCLEO-H563ZI, NUCLEO-U545RE-Q, NUCLEO-U5A5ZJ-Q, NUCLEO-WBA52CG, STEVAL-PROTEUS1, STEVAL-SMARTAG2, STEVAL-STWINBX1, STM320518-EVAL, STM32C0116-DK, STM32C011D6Y3TR, STM32C011D6Y6TR, STM32C011F4P3, STM32C011F4P6, STM32C011F4U3, STM32C011F4U6TR, STM32C011F6P3, STM32C011F6P6, STM32C011F6U3, STM32C011F6U6TR, STM32C011J4M3, STM32C011J4M6, STM32C011J6M3, STM32C011J6M6, STM32C0316-DK, STM32C031C4T3, STM32C031C4T6, STM32C031C4U3, STM32C031C4U6, STM32C031C6T3, STM32C031C6T6, STM32C031C6U3, STM32C031C6U6, STM32C031F4P3, STM32C031F4P6, STM32C031F6P3, STM32C031F6P6, STM32C031G4U3, STM32C031G4U6, STM32C031G6U3, STM32C031G6U6, STM32C031K4T3, STM32C031K4T6, STM32C031K4U3, STM32C031K4U6, STM32C031K6T3, STM32C031K6T6, STM32C031K6U3, STM32C031K6U6, STM32G071K8TXN, STM32G071K8UXN, STM32G081GBU6N, STM32G081KBT6N, STM32G081KBUXN, STM32G0B1CCT6N, STM32G0B1KCT6, STM32G0B1NEY6TR, STM32G0B1RCT6N, STM32G0C1CCT6, STM32G0C1CCT6N, STM32G0C1CCU6N, STM32G0C1CET6N, STM32G0C1CEU6N, STM32G0C1KCT6, STM32G0C1NEY6TR, STM32G0C1RCI6N, STM32G0C1RCT6N, STM32G0C1REI6N, STM32G0C1RET6N, STM32G0C1VCI6, STM32G0C1VEI6, STM32G471CCT6, STM32G471CCU6, STM32G471CET3, STM32G471CET6, STM32G471CEU3, STM32G471CEU6, STM32G471MCT6, STM32G471MET3, STM32G471MET6, STM32G471MEY6TR, STM32G471QCT6, STM32G471QET3, STM32G471RCT6, STM32G471RET3, STM32G471RET6, STM32G471VCH6, STM32G471VCI6, STM32G471VCT6, STM32G471VEH3, STM32G471VEH6, STM32G471VEI3, STM32G471VEI6, STM32G471VET3, STM32G471VET6, STM32G474CCT6, STM32H503CBT6, STM32H503CBU6, STM32H503EBY6TR, STM32H503KBU6, STM32H503RBT6, STM32H562AGI6, STM32H562AII6, STM32H562IGK6, STM32H562IGT6, STM32H562IIK6, STM32H562IIT6, STM32H562RGT6, STM32H562RGV6, STM32H562RIT6, STM32H562RIV6, STM32H562VGT6, STM32H562VIT6, STM32H562ZGT6, STM32H562ZIT6, STM32H563AGI6, STM32H563AII3Q, STM32H563AII6, STM32H563IGK6, STM32H563IGT6, STM32H563IIK3Q, STM32H563IIK6, STM32H563IIT3Q, STM32H563IIT6, STM32H563MIY3QTR, STM32H563RGT6, STM32H563RGV6, STM32H563RIT6, STM32H563RIV6, STM32H563VGT6, STM32H563VIT3Q, STM32H563VIT6, STM32H563ZGT6, STM32H563ZIT3Q, STM32H563ZIT6, STM32H573AII3Q, STM32H573AII6, STM32H573I-DK, STM32H573IIK3Q, STM32H573IIK6, STM32H573IIT3Q, STM32H573IIT6, STM32H573MIY3QTR, STM32H573RIT6, STM32H573RIV6, STM32H573VIT3Q, STM32H573VIT6, STM32H573ZIT3Q, STM32H573ZIT6, STM32L4R5QGI6STR, STM32MP131AAE3, STM32MP131AAF3, STM32MP131AAG3, STM32MP131CAE3, STM32MP131CAF3, STM32MP131CAG3, STM32MP131DAE7, STM32MP131DAF7, STM32MP131DAG7, STM32MP131FAE7, STM32MP131FAF7, STM32MP131FAG7, STM32MP133AAE3, STM32MP133AAF3, STM32MP133AAG3, STM32MP133CAE3, STM32MP133CAF3, STM32MP133CAG3, STM32MP133DAE7, STM32MP133DAF7, STM32MP133DAG7, STM32MP133FAE7, STM32MP133FAF7, STM32MP133FAG7, STM32MP135AAE3, STM32MP135AAF3, STM32MP135AAG3, STM32MP135CAE3, STM32MP135CAF3, STM32MP135CAG3, STM32MP135DAE7, STM32MP135DAF7, STM32MP135DAG7, STM32MP135F-DK, STM32MP135FAE7, STM32MP135FAF7, STM32MP135FAF7T, STM32MP135FAF7U, STM32MP135FAG7, STM32U535CBT6, STM32U535CBT6Q, STM32U535CBU6, STM32U535CBU6Q, STM32U535CCT6, STM32U535CCT6Q, STM32U535CCU6, STM32U535CCU6Q, STM32U535CET6, STM32U535CET6Q, STM32U535CEU6, STM32U535CEU6Q, STM32U535JEY6QTR, STM32U535NCY6QTR, STM32U535NEY6QTR, STM32U535RBI6, STM32U535RBI6Q, STM32U535RBT6, STM32U535RBT6Q, STM32U535RCI6, STM32U535RCI6Q, STM32U535RCT6, STM32U535RCT6Q, STM32U535REI6, STM32U535REI6Q, STM32U535RET6, STM32U535RET6Q, STM32U535VCI6, STM32U535VCI6Q, STM32U535VCT6, STM32U535VCT6Q, STM32U535VEI6, STM32U535VEI6Q, STM32U535VET6, STM32U535VET6Q, STM32U545CET6, STM32U545CET6Q, STM32U545CEU6, STM32U545CEU6Q, STM32U545JEY6QTR, STM32U545NEY6QTR, STM32U545REI6, STM32U545REI6Q, STM32U545RET6, STM32U545RET6Q, STM32U545VEI6, STM32U545VEI6Q, STM32U545VET6, STM32U545VET6Q, STM32U595AIH6, STM32U595AIH6Q, STM32U595AJH6, STM32U595AJH6Q, STM32U595QII6, STM32U595QII6Q, STM32U595QJI6, STM32U595QJI6Q, STM32U595RIT6, STM32U595RIT6Q, STM32U595RJT6, STM32U595RJT6Q, STM32U595VIT6, STM32U595VIT6Q, STM32U595VJT6, STM32U595VJT6Q, STM32U595ZIT6, STM32U595ZIT6Q, STM32U595ZIY6QTR, STM32U595ZJT6, STM32U595ZJT6Q, STM32U595ZJY6QTR, STM32U599BJY6QTR, STM32U599NIH6Q, STM32U599NJH6Q, STM32U599VIT6Q, STM32U599VJT6, STM32U599VJT6Q, STM32U599ZIT6Q, STM32U599ZIY6QTR, STM32U599ZJT6Q, STM32U599ZJY6QTR, STM32U5A5AJH6, STM32U5A5AJH6Q, STM32U5A5QJI6, STM32U5A5QJI6Q, STM32U5A5RJT6, STM32U5A5RJT6Q, STM32U5A5VJT6, STM32U5A5VJT6Q, STM32U5A5ZJT6, STM32U5A5ZJT6Q, STM32U5A5ZJY6QTR, STM32U5A9BJY6QTR, STM32U5A9J-DK, STM32U5A9NJH6Q, STM32U5A9VJT6Q, STM32U5A9ZJT6Q, STM32U5A9ZJY6QTR, STM32U5F7VIT6, STM32U5F7VIT6Q, STM32U5F7VJT6, STM32U5F7VJT6Q, STM32U5F9BJY6QTR, STM32U5F9NJH6Q, STM32U5F9VIT6Q, STM32U5F9VJT6Q, STM32U5F9ZIJ6QTR, STM32U5F9ZIT6Q, STM32U5F9ZJJ6QTR, STM32U5F9ZJT6Q, STM32U5G7VJT6, STM32U5G7VJT6Q, STM32U5G9BJY6QTR, STM32U5G9J-DK1, STM32U5G9J-DK2, STM32U5G9NJH6Q, STM32U5G9VJT6Q, STM32U5G9ZJJ6QTR, STM32U5G9ZJT6Q, STM32WB1MMCH6, STM32WBA52CEU6, STM32WBA52CEU6T, STM32WBA52CGU6, STM32WBA52CGU6T, STM32WBA52KEU6, STM32WBA52KEU6T, STM32WBA52KGU6, STM32WBA52KGU6T, STM32WL5MOCH6, STM32WL5MOCH6TR]
2023-07-19 18:33:33,019 [INFO] DbMcus:217 - Found 3848 MCUs, 3848 are supported
2023-07-19 18:33:33,019 [INFO] ApiDb:423 - Load user favorites file C:\Users\66405/.stm32cubeide/favorites.mcus.txt: 0 item(s)
2023-07-19 18:33:33,020 [INFO] ApiDb:427 - User favorites MCUs=[]
2023-07-19 18:33:33,020 [INFO] DbMcus:223 - Set 0 / 0 favorites MCUs
2023-07-19 18:33:33,331 [INFO] LoadUrlFilesThread:185 - End of LoadServerUrlFiles without Thread
2023-07-19 18:33:33,332 [INFO] TargetSelectorAdapter:259 - Refresh data is successful
2023-07-19 18:33:33,335 [INFO] ApiDb:668 - CubeFinder database Data Model version=2.1
2023-07-19 18:33:33,335 [INFO] ApiDb:669 - CubeFinder database Configuration version=3.0.37
2023-07-19 18:33:33,335 [INFO] ApiDb:670 - CubeFinder database generation date=2023-06-26 (1687786131)
2023-07-19 18:33:33,335 [INFO] ApiDb:671 - CubeFinder database FW Pack versions=[FP-ATR-ASTRA1_V2.0.0, FP-SNS-FLIGHT1_V5.0.1, FP-SNS-MOTENV1_V4.3.1, STM32Cube_FW_C0_V1.1.0, STM32Cube_FW_F4_V1.27.1, STM32Cube_FW_F7_V1.17.0, STM32Cube_FW_G0_V1.6.1, STM32Cube_FW_G4_V1.5.1, STM32Cube_FW_H5_V0.5.1, STM32Cube_FW_H5_V1.1.0, STM32Cube_FW_H7_V1.11.0, STM32Cube_FW_L0_V1.12.2, STM32Cube_FW_L5_V1.5.0, STM32Cube_FW_U5_V1.3.0, STM32Cube_FW_U5_V1.3.0RC4, STM32Cube_FW_WBA_V1.0.0RC1, STM32Cube_FW_WBA_V1.1.0, STM32Cube_FW_WBA_V1.1.0RC1, STM32Cube_FW_WB_V1.15.0RC1, STM32Cube_FW_WB_V1.16.0, STM32Cube_FW_WB_V1.16.0RC2, STM32Cube_FW_WB_V1.17.0, STM32Cube_FW_WL_V1.3.0, X-CUBE-ALGOBUILD_V1.3.0, X-CUBE-ALS_V1.0.1, X-CUBE-AZRTOS-F4_V1.1.0, X-CUBE-AZRTOS-F7_V1.1.0, X-CUBE-AZRTOS-G0_V1.1.0, X-CUBE-AZRTOS-G4_V2.0.0, X-CUBE-AZRTOS-H7_V3.1.0, X-CUBE-AZRTOS-L4_V1.0.0, X-CUBE-AZRTOS-L4_V2.0.0, X-CUBE-AZRTOS-L5_V1.1.0, X-CUBE-AZRTOS-WB_V1.1.0, X-CUBE-AZRTOS-WL_V2.0.0, X-CUBE-BLE1_V6.2.4, X-CUBE-BLE2_V3.3.0, X-CUBE-BLEMGR_V2.0.0, X-CUBE-EEPRMA1_V4.1.0, X-CUBE-FREERTOS_V1.0.1, X-CUBE-GNSS1_V6.0.0, X-CUBE-MEMS1_V9.1.0, X-CUBE-MEMS1_V9.4.0, X-CUBE-MEMS1_V9.6.0, X-CUBE-NFC4_V3.0.0, X-CUBE-NFC7_V1.0.0, X-CUBE-SFXS2LP1_V4.0.0, X-CUBE-SUBG2_V5.0.0]
2023-07-19 18:33:33,386 [INFO] DbBoardsSqlite:226 - include board P-NUCLEO-WB55-NUCLEO as a kit item of type 'Nucleo-64'
2023-07-19 18:33:33,387 [INFO] DbBoardsSqlite:226 - include board P-NUCLEO-WB55-USBDONGLE as a kit item of type 'Nucleo USB Dongle'
2023-07-19 18:33:33,387 [INFO] DbBoardsSqlite:226 - include board STEVAL-IDP005V1 as a kit item of type 'Evaluation Board'
2023-07-19 18:33:33,387 [INFO] DbBoardsSqlite:226 - include board STEVAL-IDP005V2 as a kit item of type 'Evaluation Board'
2023-07-19 18:33:33,431 [INFO] ApiDb:240 - Found 323 in-development CPN: [B-G473E-ZEST1S, B-WB1M-WPAN1, B-WL5M-SUBG1, NUCLEO-C031C6, NUCLEO-H503RB, NUCLEO-H563ZI, NUCLEO-U545RE-Q, NUCLEO-U5A5ZJ-Q, NUCLEO-WBA52CG, STEVAL-PROTEUS1, STEVAL-SMARTAG2, STEVAL-STWINBX1, STM320518-EVAL, STM32C0116-DK, STM32C011D6Y3TR, STM32C011D6Y6TR, STM32C011F4P3, STM32C011F4P6, STM32C011F4U3, STM32C011F4U6TR, STM32C011F6P3, STM32C011F6P6, STM32C011F6U3, STM32C011F6U6TR, STM32C011J4M3, STM32C011J4M6, STM32C011J6M3, STM32C011J6M6, STM32C0316-DK, STM32C031C4T3, STM32C031C4T6, STM32C031C4U3, STM32C031C4U6, STM32C031C6T3, STM32C031C6T6, STM32C031C6U3, STM32C031C6U6, STM32C031F4P3, STM32C031F4P6, STM32C031F6P3, STM32C031F6P6, STM32C031G4U3, STM32C031G4U6, STM32C031G6U3, STM32C031G6U6, STM32C031K4T3, STM32C031K4T6, STM32C031K4U3, STM32C031K4U6, STM32C031K6T3, STM32C031K6T6, STM32C031K6U3, STM32C031K6U6, STM32G071K8TXN, STM32G071K8UXN, STM32G081GBU6N, STM32G081KBT6N, STM32G081KBUXN, STM32G0B1CCT6N, STM32G0B1KCT6, STM32G0B1NEY6TR, STM32G0B1RCT6N, STM32G0C1CCT6, STM32G0C1CCT6N, STM32G0C1CCU6N, STM32G0C1CET6N, STM32G0C1CEU6N, STM32G0C1KCT6, STM32G0C1NEY6TR, STM32G0C1RCI6N, STM32G0C1RCT6N, STM32G0C1REI6N, STM32G0C1RET6N, STM32G0C1VCI6, STM32G0C1VEI6, STM32G471CCT6, STM32G471CCU6, STM32G471CET3, STM32G471CET6, STM32G471CEU3, STM32G471CEU6, STM32G471MCT6, STM32G471MET3, STM32G471MET6, STM32G471MEY6TR, STM32G471QCT6, STM32G471QET3, STM32G471RCT6, STM32G471RET3, STM32G471RET6, STM32G471VCH6, STM32G471VCI6, STM32G471VCT6, STM32G471VEH3, STM32G471VEH6, STM32G471VEI3, STM32G471VEI6, STM32G471VET3, STM32G471VET6, STM32G474CCT6, STM32H503CBT6, STM32H503CBU6, STM32H503EBY6TR, STM32H503KBU6, STM32H503RBT6, STM32H562AGI6, STM32H562AII6, STM32H562IGK6, STM32H562IGT6, STM32H562IIK6, STM32H562IIT6, STM32H562RGT6, STM32H562RGV6, STM32H562RIT6, STM32H562RIV6, STM32H562VGT6, STM32H562VIT6, STM32H562ZGT6, STM32H562ZIT6, STM32H563AGI6, STM32H563AII3Q, STM32H563AII6, STM32H563IGK6, STM32H563IGT6, STM32H563IIK3Q, STM32H563IIK6, STM32H563IIT3Q, STM32H563IIT6, STM32H563MIY3QTR, STM32H563RGT6, STM32H563RGV6, STM32H563RIT6, STM32H563RIV6, STM32H563VGT6, STM32H563VIT3Q, STM32H563VIT6, STM32H563ZGT6, STM32H563ZIT3Q, STM32H563ZIT6, STM32H573AII3Q, STM32H573AII6, STM32H573I-DK, STM32H573IIK3Q, STM32H573IIK6, STM32H573IIT3Q, STM32H573IIT6, STM32H573MIY3QTR, STM32H573RIT6, STM32H573RIV6, STM32H573VIT3Q, STM32H573VIT6, STM32H573ZIT3Q, STM32H573ZIT6, STM32L4R5QGI6STR, STM32MP131AAE3, STM32MP131AAF3, STM32MP131AAG3, STM32MP131CAE3, STM32MP131CAF3, STM32MP131CAG3, STM32MP131DAE7, STM32MP131DAF7, STM32MP131DAG7, STM32MP131FAE7, STM32MP131FAF7, STM32MP131FAG7, STM32MP133AAE3, STM32MP133AAF3, STM32MP133AAG3, STM32MP133CAE3, STM32MP133CAF3, STM32MP133CAG3, STM32MP133DAE7, STM32MP133DAF7, STM32MP133DAG7, STM32MP133FAE7, STM32MP133FAF7, STM32MP133FAG7, STM32MP135AAE3, STM32MP135AAF3, STM32MP135AAG3, STM32MP135CAE3, STM32MP135CAF3, STM32MP135CAG3, STM32MP135DAE7, STM32MP135DAF7, STM32MP135DAG7, STM32MP135F-DK, STM32MP135FAE7, STM32MP135FAF7, STM32MP135FAF7T, STM32MP135FAF7U, STM32MP135FAG7, STM32U535CBT6, STM32U535CBT6Q, STM32U535CBU6, STM32U535CBU6Q, STM32U535CCT6, STM32U535CCT6Q, STM32U535CCU6, STM32U535CCU6Q, STM32U535CET6, STM32U535CET6Q, STM32U535CEU6, STM32U535CEU6Q, STM32U535JEY6QTR, STM32U535NCY6QTR, STM32U535NEY6QTR, STM32U535RBI6, STM32U535RBI6Q, STM32U535RBT6, STM32U535RBT6Q, STM32U535RCI6, STM32U535RCI6Q, STM32U535RCT6, STM32U535RCT6Q, STM32U535REI6, STM32U535REI6Q, STM32U535RET6, STM32U535RET6Q, STM32U535VCI6, STM32U535VCI6Q, STM32U535VCT6, STM32U535VCT6Q, STM32U535VEI6, STM32U535VEI6Q, STM32U535VET6, STM32U535VET6Q, STM32U545CET6, STM32U545CET6Q, STM32U545CEU6, STM32U545CEU6Q, STM32U545JEY6QTR, STM32U545NEY6QTR, STM32U545REI6, STM32U545REI6Q, STM32U545RET6, STM32U545RET6Q, STM32U545VEI6, STM32U545VEI6Q, STM32U545VET6, STM32U545VET6Q, STM32U595AIH6, STM32U595AIH6Q, STM32U595AJH6, STM32U595AJH6Q, STM32U595QII6, STM32U595QII6Q, STM32U595QJI6, STM32U595QJI6Q, STM32U595RIT6, STM32U595RIT6Q, STM32U595RJT6, STM32U595RJT6Q, STM32U595VIT6, STM32U595VIT6Q, STM32U595VJT6, STM32U595VJT6Q, STM32U595ZIT6, STM32U595ZIT6Q, STM32U595ZIY6QTR, STM32U595ZJT6, STM32U595ZJT6Q, STM32U595ZJY6QTR, STM32U599BJY6QTR, STM32U599NIH6Q, STM32U599NJH6Q, STM32U599VIT6Q, STM32U599VJT6, STM32U599VJT6Q, STM32U599ZIT6Q, STM32U599ZIY6QTR, STM32U599ZJT6Q, STM32U599ZJY6QTR, STM32U5A5AJH6, STM32U5A5AJH6Q, STM32U5A5QJI6, STM32U5A5QJI6Q, STM32U5A5RJT6, STM32U5A5RJT6Q, STM32U5A5VJT6, STM32U5A5VJT6Q, STM32U5A5ZJT6, STM32U5A5ZJT6Q, STM32U5A5ZJY6QTR, STM32U5A9BJY6QTR, STM32U5A9J-DK, STM32U5A9NJH6Q, STM32U5A9VJT6Q, STM32U5A9ZJT6Q, STM32U5A9ZJY6QTR, STM32U5F7VIT6, STM32U5F7VIT6Q, STM32U5F7VJT6, STM32U5F7VJT6Q, STM32U5F9BJY6QTR, STM32U5F9NJH6Q, STM32U5F9VIT6Q, STM32U5F9VJT6Q, STM32U5F9ZIJ6QTR, STM32U5F9ZIT6Q, STM32U5F9ZJJ6QTR, STM32U5F9ZJT6Q, STM32U5G7VJT6, STM32U5G7VJT6Q, STM32U5G9BJY6QTR, STM32U5G9J-DK1, STM32U5G9J-DK2, STM32U5G9NJH6Q, STM32U5G9VJT6Q, STM32U5G9ZJJ6QTR, STM32U5G9ZJT6Q, STM32WB1MMCH6, STM32WBA52CEU6, STM32WBA52CEU6T, STM32WBA52CGU6, STM32WBA52CGU6T, STM32WBA52KEU6, STM32WBA52KEU6T, STM32WBA52KGU6, STM32WBA52KGU6T, STM32WL5MOCH6, STM32WL5MOCH6TR]
2023-07-19 18:33:33,523 [INFO] BoardInfo:880 - No configuration file found for board P-NUCLEO-WB55
2023-07-19 18:33:33,523 [INFO] DbBoards:157 - Kit is not supported: P-NUCLEO-WB55
2023-07-19 18:33:33,532 [INFO] BoardInfo:880 - No configuration file found for board STEVAL-BFA001V1B
2023-07-19 18:33:33,533 [INFO] DbBoards:157 - Kit is not supported: STEVAL-BFA001V1B
2023-07-19 18:33:33,534 [INFO] BoardInfo:880 - No configuration file found for board STEVAL-BFA001V2B
2023-07-19 18:33:33,534 [INFO] DbBoards:157 - Kit is not supported: STEVAL-BFA001V2B
2023-07-19 18:33:33,611 [INFO] DbBoards:161 - Found 190 boards, 187 are supported
2023-07-19 18:33:33,625 [INFO] ApiDb:423 - Load user favorites file C:\Users\66405/.stm32cubeide/favorites.boards.txt: 0 item(s)
2023-07-19 18:33:33,626 [INFO] ApiDb:427 - User favorites Boards=[]
2023-07-19 18:33:33,626 [INFO] DbBoards:190 - Set 0 / 0 favorites Boards
2023-07-19 18:33:33,629 [INFO] ApiDb:668 - CubeFinder database Data Model version=2.1
2023-07-19 18:33:33,629 [INFO] ApiDb:669 - CubeFinder database Configuration version=3.0.37
2023-07-19 18:33:33,629 [INFO] ApiDb:670 - CubeFinder database generation date=2023-06-26 (1687786131)
2023-07-19 18:33:33,629 [INFO] ApiDb:671 - CubeFinder database FW Pack versions=[FP-ATR-ASTRA1_V2.0.0, FP-SNS-FLIGHT1_V5.0.1, FP-SNS-MOTENV1_V4.3.1, STM32Cube_FW_C0_V1.1.0, STM32Cube_FW_F4_V1.27.1, STM32Cube_FW_F7_V1.17.0, STM32Cube_FW_G0_V1.6.1, STM32Cube_FW_G4_V1.5.1, STM32Cube_FW_H5_V0.5.1, STM32Cube_FW_H5_V1.1.0, STM32Cube_FW_H7_V1.11.0, STM32Cube_FW_L0_V1.12.2, STM32Cube_FW_L5_V1.5.0, STM32Cube_FW_U5_V1.3.0, STM32Cube_FW_U5_V1.3.0RC4, STM32Cube_FW_WBA_V1.0.0RC1, STM32Cube_FW_WBA_V1.1.0, STM32Cube_FW_WBA_V1.1.0RC1, STM32Cube_FW_WB_V1.15.0RC1, STM32Cube_FW_WB_V1.16.0, STM32Cube_FW_WB_V1.16.0RC2, STM32Cube_FW_WB_V1.17.0, STM32Cube_FW_WL_V1.3.0, X-CUBE-ALGOBUILD_V1.3.0, X-CUBE-ALS_V1.0.1, X-CUBE-AZRTOS-F4_V1.1.0, X-CUBE-AZRTOS-F7_V1.1.0, X-CUBE-AZRTOS-G0_V1.1.0, X-CUBE-AZRTOS-G4_V2.0.0, X-CUBE-AZRTOS-H7_V3.1.0, X-CUBE-AZRTOS-L4_V1.0.0, X-CUBE-AZRTOS-L4_V2.0.0, X-CUBE-AZRTOS-L5_V1.1.0, X-CUBE-AZRTOS-WB_V1.1.0, X-CUBE-AZRTOS-WL_V2.0.0, X-CUBE-BLE1_V6.2.4, X-CUBE-BLE2_V3.3.0, X-CUBE-BLEMGR_V2.0.0, X-CUBE-EEPRMA1_V4.1.0, X-CUBE-FREERTOS_V1.0.1, X-CUBE-GNSS1_V6.0.0, X-CUBE-MEMS1_V9.1.0, X-CUBE-MEMS1_V9.4.0, X-CUBE-MEMS1_V9.6.0, X-CUBE-NFC4_V3.0.0, X-CUBE-NFC7_V1.0.0, X-CUBE-SFXS2LP1_V4.0.0, X-CUBE-SUBG2_V5.0.0]
2023-07-19 18:33:34,235 [INFO] DbExamplesSqlite:395 - Ignored 27 examples not supported by CubeIDE
2023-07-19 18:33:34,235 [INFO] DbExamplesSqlite:396 - Found 7164 examples active
2023-07-19 18:33:34,235 [INFO] DbExamplesSqlite:397 - Found 677 examples obsolete
2023-07-19 18:33:34,235 [INFO] DbExamplesSqlite:398 - Found 0 examples under development
2023-07-19 18:33:34,235 [INFO] DbExamplesSqlite:399 - Found 74 examples not building
2023-07-19 18:33:34,237 [INFO] DbExamples:125 - Found 7211 examples
2023-07-19 18:33:34,248 [INFO] DbExamples:222 - Found 92 boards with related examples
2023-07-19 18:33:34,249 [INFO] DbExamples:235 - Found 78 MCUs with related examples
2023-07-19 18:33:34,271 [INFO] ApiDb:414 - User favorites file not found: C:\Users\66405/.stm32cubeide/favorites.examples.txt
2023-07-19 18:33:34,271 [INFO] DbExamples:250 - Set 0 / 0 favorites Examples
2023-07-19 18:33:34,423 [INFO] McuFinderGlobals:76 - Set McuFinderConnectedMode to true
2023-07-19 18:33:34,434 [INFO] MultiScanPanel:200 - Auto-refresh data requested => check proxy status ongoing
2023-07-19 18:33:34,437 [INFO] FinderPluginLoader:95 - Searching for filters in installed packs
2023-07-19 18:33:35,596 [INFO] LoadUrlFilesThread:185 - End of LoadServerUrlFiles without Thread
2023-07-19 18:33:35,604 [INFO] DetailPanel:341 - Set advertising image to C:/Users/66405/STM32Cube/Repository/\en.prom-stm32h5-mcu-finder.jpg
2023-07-19 18:33:56,526 [INFO] MultiScanPanel:200 - Auto-refresh data requested => check proxy status ongoing
2023-07-19 18:33:56,658 [INFO] LoadUrlFilesThread:185 - End of LoadServerUrlFiles without Thread
2023-07-19 18:33:56,658 [INFO] DetailPanel:341 - Set advertising image to C:/Users/66405/STM32Cube/Repository/\en.prom-stm32h5-mcu-finder.jpg
2023-07-19 18:33:56,668 [INFO] DbBoards:634 - Loading board mini-images...
2023-07-19 18:33:58,304 [ERROR] DbBoards:651 - Image file not found for board STM32U5G9J-DK1: C:\Users\66405\.stmcufinder\plugins\mcufinder//mcu//boards_images/STM32U5G9J-DK1.jpg
2023-07-19 18:33:58,305 [ERROR] DbBoards:651 - Image file not found for board STM32U5G9J-DK2: C:\Users\66405\.stmcufinder\plugins\mcufinder//mcu//boards_images/STM32U5G9J-DK2.jpg
2023-07-19 18:33:58,319 [INFO] DbBoards:657 - Loaded 188 board mini-images
2023-07-19 18:33:58,398 [INFO] MultiScanPanel:200 - Auto-refresh data requested => check proxy status ongoing
2023-07-19 18:33:58,403 [INFO] SoftwarePacks:127 - Download is needed for SW pack 'FP-ATR-ASTRA1_V2.0.0'
2023-07-19 18:33:58,408 [INFO] SoftwarePacks:127 - Download is needed for SW pack 'STM32Cube_FW_C0_V1.1.0'
2023-07-19 18:33:58,413 [INFO] SoftwarePacks:127 - Download is needed for SW pack 'STM32Cube_FW_F4_V1.27.1'
2023-07-19 18:33:58,416 [INFO] SoftwarePacks:127 - Download is needed for SW pack 'STM32Cube_FW_F7_V1.17.0'
2023-07-19 18:33:58,419 [INFO] SoftwarePacks:127 - Download is needed for SW pack 'STM32Cube_FW_G0_V1.6.1'
2023-07-19 18:33:58,423 [INFO] SoftwarePacks:127 - Download is needed for SW pack 'STM32Cube_FW_G4_V1.5.1'
2023-07-19 18:33:58,427 [INFO] SoftwarePacks:127 - Download is needed for SW pack 'STM32Cube_FW_H5_V1.1.0'
2023-07-19 18:33:58,430 [INFO] SoftwarePacks:127 - Download is needed for SW pack 'STM32Cube_FW_H7_V1.11.0'
2023-07-19 18:33:58,433 [INFO] SoftwarePacks:127 - Download is needed for SW pack 'STM32Cube_FW_L0_V1.12.2'
2023-07-19 18:33:58,437 [INFO] SoftwarePacks:127 - Download is needed for SW pack 'STM32Cube_FW_L5_V1.5.0'
2023-07-19 18:33:58,441 [INFO] SoftwarePacks:127 - Download is needed for SW pack 'STM32Cube_FW_U5_V1.3.0'
2023-07-19 18:33:58,445 [INFO] SoftwarePacks:127 - Download is needed for SW pack 'STM32Cube_FW_WBA_V1.1.0'
2023-07-19 18:33:58,448 [INFO] SoftwarePacks:127 - Download is needed for SW pack 'STM32Cube_FW_WB_V1.17.0'
2023-07-19 18:33:58,451 [INFO] SoftwarePacks:127 - Download is needed for SW pack 'STM32Cube_FW_WL_V1.3.0'
2023-07-19 18:33:58,451 [INFO] SoftwarePacks:127 - Download is needed for SW pack 'X-CUBE-ALGOBUILD_V1.3.0'
2023-07-19 18:33:58,452 [INFO] SoftwarePacks:127 - Download is needed for SW pack 'X-CUBE-ALS_V1.0.1'
2023-07-19 18:33:58,452 [INFO] SoftwarePacks:127 - Download is needed for SW pack 'X-CUBE-AZRTOS-F4_V1.1.0'
2023-07-19 18:33:58,452 [INFO] SoftwarePacks:127 - Download is needed for SW pack 'X-CUBE-AZRTOS-F7_V1.1.0'
2023-07-19 18:33:58,452 [INFO] SoftwarePacks:127 - Download is needed for SW pack 'X-CUBE-AZRTOS-G0_V1.1.0'
2023-07-19 18:33:58,452 [INFO] SoftwarePacks:127 - Download is needed for SW pack 'X-CUBE-AZRTOS-G4_V2.0.0'
2023-07-19 18:33:58,452 [INFO] SoftwarePacks:127 - Download is needed for SW pack 'X-CUBE-AZRTOS-H7_V3.1.0'
2023-07-19 18:33:58,452 [INFO] SoftwarePacks:127 - Download is needed for SW pack 'X-CUBE-AZRTOS-L4_V2.0.0'
2023-07-19 18:33:58,452 [INFO] SoftwarePacks:127 - Download is needed for SW pack 'X-CUBE-AZRTOS-L5_V1.1.0'
2023-07-19 18:33:58,452 [INFO] SoftwarePacks:127 - Download is needed for SW pack 'X-CUBE-AZRTOS-WB_V1.1.0'
2023-07-19 18:33:58,452 [INFO] SoftwarePacks:127 - Download is needed for SW pack 'X-CUBE-AZRTOS-WL_V2.0.0'
2023-07-19 18:33:58,452 [INFO] SoftwarePacks:127 - Download is needed for SW pack 'X-CUBE-BLE1_V6.2.4'
2023-07-19 18:33:58,452 [INFO] SoftwarePacks:127 - Download is needed for SW pack 'X-CUBE-BLE2_V3.3.0'
2023-07-19 18:33:58,453 [INFO] SoftwarePacks:127 - Download is needed for SW pack 'X-CUBE-BLEMGR_V2.0.0'
2023-07-19 18:33:58,453 [INFO] SoftwarePacks:127 - Download is needed for SW pack 'X-CUBE-EEPRMA1_V4.1.0'
2023-07-19 18:33:58,453 [INFO] SoftwarePacks:127 - Download is needed for SW pack 'X-CUBE-FREERTOS_V1.0.1'
2023-07-19 18:33:58,453 [INFO] SoftwarePacks:127 - Download is needed for SW pack 'X-CUBE-GNSS1_V6.0.0'
2023-07-19 18:33:58,453 [INFO] SoftwarePacks:127 - Download is needed for SW pack 'X-CUBE-MEMS1_V9.6.0'
2023-07-19 18:33:58,453 [INFO] SoftwarePacks:127 - Download is needed for SW pack 'X-CUBE-NFC4_V3.0.0'
2023-07-19 18:33:58,453 [INFO] SoftwarePacks:127 - Download is needed for SW pack 'X-CUBE-NFC7_V1.0.0'
2023-07-19 18:33:58,453 [INFO] SoftwarePacks:127 - Download is needed for SW pack 'X-CUBE-SFXS2LP1_V4.0.0'
2023-07-19 18:33:58,453 [INFO] SoftwarePacks:127 - Download is needed for SW pack 'X-CUBE-SUBG2_V5.0.0'
2023-07-19 18:33:59,417 [INFO] LoadUrlFilesThread:185 - End of LoadServerUrlFiles without Thread
2023-07-19 18:33:59,417 [INFO] DetailPanel:341 - Set advertising image to C:/Users/66405/STM32Cube/Repository/\en.prom-stm32h5-mcu-finder.jpg
2023-07-19 18:36:06,029 [INFO] MainUpdater:2868 - connection check result : 10
2023-07-19 18:36:06,029 [INFO] MainUpdater:2868 - connection check result : 10
2023-07-19 18:36:06,159 [INFO] I2cTimingTraitement:330 - 0x10909CEC
2023-07-19 18:36:06,164 [INFO] MicroXplorer:468 - Change Database Path : 
2023-07-19 18:36:06,164 [INFO] MicroXplorer:498 - Change Database Version : DB.6.0.90
2023-07-19 18:36:06,187 [WARN] ThirdParty:871 - waiting for thirdparty lock release [close project]
2023-07-19 18:36:06,188 [INFO] ThirdParty:873 - entering critical section [close project]
2023-07-19 18:36:06,188 [INFO] ThirdParty:883 - exiting critical section [close project]
2023-07-19 18:36:06,190 [INFO] PinOutPanel:1499 - setPackage(No Configuration,No Configuration)
2023-07-19 18:36:06,198 [INFO] UtilMem:75 - Begin LoadConfig() Used Memory: 908424064 Bytes (1073741824)
2023-07-19 18:36:06,199 [INFO] OpenFileManager:308 - Change cursor
2023-07-19 18:36:06,214 [INFO] ProjectFactory:402 - No CPN specified for board NUCLEO-L476RG => set CPN to STM32L476RGT3
2023-07-19 18:36:06,214 [INFO] Mcu:1946 - Initializing MCU STM32L476R(C-E-G)Tx STM32L476RGTx STM32L476RGT3
2023-07-19 18:36:07,878 [INFO] Context:659 - Trying to add GPIOservice into a context  which must be forbidden
2023-07-19 18:36:08,173 [INFO] Rule:228 - rule 117617 - U5Cobra4M][GTZC] default value MPCBB3 and MPCBB5 - Not Secured memory - MPCBB1 is applicable
2023-07-19 18:36:08,173 [INFO] Rule:228 - rule 117617 - U5Cobra4M][GTZC] default value MPCBB3 and MPCBB5 - Not Secured memory - MPCBB1 is applicable
2023-07-19 18:36:08,173 [INFO] Rule:228 - rule 117617 - U5Cobra4M][GTZC] default value MPCBB3 and MPCBB5 - Not Secured memory - MPCBB2 is applicable
2023-07-19 18:36:08,173 [INFO] Rule:228 - rule 117617 - U5Cobra4M][GTZC] default value MPCBB3 and MPCBB5 - Not Secured memory - MPCBB2 is applicable
2023-07-19 18:36:08,173 [INFO] Rule:228 - rule 117617 - U5Cobra4M][GTZC] default value MPCBB3 and MPCBB5 - Not Secured memory - MPCBB3 is applicable
2023-07-19 18:36:08,174 [INFO] Rule:228 - rule 117617 - U5Cobra4M][GTZC] default value MPCBB3 and MPCBB5 - Not Secured memory - MPCBB3 is applicable
2023-07-19 18:36:08,174 [INFO] Rule:228 - rule 117617 - U5Cobra4M][GTZC] default value MPCBB3 and MPCBB5 - Not Secured memory - MPCBB4 is applicable
2023-07-19 18:36:08,174 [INFO] Rule:228 - rule 117617 - U5Cobra4M][GTZC] default value MPCBB3 and MPCBB5 - Not Secured memory - MPCBB4 is applicable
2023-07-19 18:36:08,174 [INFO] Rule:228 - rule 117617 - U5Cobra4M][GTZC] default value MPCBB3 and MPCBB5 - Secured memory - MPCBB1 is applicable
2023-07-19 18:36:08,174 [INFO] Rule:228 - rule 117617 - U5Cobra4M][GTZC] default value MPCBB3 and MPCBB5 - Secured memory - MPCBB2 is applicable
2023-07-19 18:36:08,174 [INFO] Rule:228 - rule 117617 - U5Cobra4M][GTZC] default value MPCBB3 and MPCBB5 - Secured memory - MPCBB3 is applicable
2023-07-19 18:36:08,174 [INFO] Rule:228 - rule 117617 - U5Cobra4M][GTZC] default value MPCBB3 and MPCBB5 - Secured memory - MPCBB4 is applicable
2023-07-19 18:36:08,174 [INFO] Rule:228 - rule 117617 - U5Cobra4M][GTZC] default value MPCBB3 and MPCBB5 - Privileged memory - MPCBB1 is applicable
2023-07-19 18:36:08,174 [INFO] Rule:228 - rule 117617 - U5Cobra4M][GTZC] default value MPCBB3 and MPCBB5 - Privileged memory - MPCBB2 is applicable
2023-07-19 18:36:08,174 [INFO] Rule:228 - rule 117617 - U5Cobra4M][GTZC] default value MPCBB3 and MPCBB5 - Privileged memory - MPCBB3 is applicable
2023-07-19 18:36:08,174 [INFO] Rule:228 - rule 117617 - U5Cobra4M][GTZC] default value MPCBB3 and MPCBB5 - Privileged memory - MPCBB4 is applicable
2023-07-19 18:36:08,174 [INFO] Rule:228 - rule 117617 - U5Cobra4M][GTZC] default value MPCBB3 and MPCBB5 - Not Privileged memory - MPCBB1 is applicable
2023-07-19 18:36:08,174 [INFO] Rule:228 - rule 117617 - U5Cobra4M][GTZC] default value MPCBB3 and MPCBB5 - Not Privileged memory - MPCBB2 is applicable
2023-07-19 18:36:08,174 [INFO] Rule:228 - rule 117617 - U5Cobra4M][GTZC] default value MPCBB3 and MPCBB5 - Not Privileged memory - MPCBB3 is applicable
2023-07-19 18:36:08,174 [INFO] Rule:228 - rule 117617 - U5Cobra4M][GTZC] default value MPCBB3 and MPCBB5 - Not Privileged memory - MPCBB4 is applicable
2023-07-19 18:36:08,174 [INFO] Rule:228 - rule 117617 - U5Cobra4M][GTZC] default value MPCBB3 and MPCBB5 - Privileged memory - MPCBB1 is applicable
2023-07-19 18:36:08,174 [INFO] Rule:228 - rule 117617 - U5Cobra4M][GTZC] default value MPCBB3 and MPCBB5 - Privileged memory - MPCBB2 is applicable
2023-07-19 18:36:08,175 [INFO] Rule:228 - rule 117617 - U5Cobra4M][GTZC] default value MPCBB3 and MPCBB5 - Privileged memory - MPCBB3 is applicable
2023-07-19 18:36:08,175 [INFO] Rule:228 - rule 117617 - U5Cobra4M][GTZC] default value MPCBB3 and MPCBB5 - Privileged memory - MPCBB4 is applicable
2023-07-19 18:36:08,175 [INFO] Rule:228 - rule 117617 - U5Cobra4M][GTZC] default value MPCBB3 and MPCBB5 - Privileged memory - MPCBB1 is applicable
2023-07-19 18:36:08,175 [INFO] Rule:228 - rule 117617 - U5Cobra4M][GTZC] default value MPCBB3 and MPCBB5 - Privileged memory - MPCBB2 is applicable
2023-07-19 18:36:08,175 [INFO] Rule:228 - rule 117617 - U5Cobra4M][GTZC] default value MPCBB3 and MPCBB5 - Privileged memory - MPCBB3 is applicable
2023-07-19 18:36:08,175 [INFO] Rule:228 - rule 117617 - U5Cobra4M][GTZC] default value MPCBB3 and MPCBB5 - Privileged memory - MPCBB4 is applicable
2023-07-19 18:36:08,175 [INFO] Rule:228 - rule 117617 - U5Cobra4M][GTZC] default value MPCBB3 and MPCBB5 - Not Privileged memory - MPCBB1 is applicable
2023-07-19 18:36:08,175 [INFO] Rule:228 - rule 117617 - U5Cobra4M][GTZC] default value MPCBB3 and MPCBB5 - Not Privileged memory - MPCBB2 is applicable
2023-07-19 18:36:08,175 [INFO] Rule:228 - rule 117617 - U5Cobra4M][GTZC] default value MPCBB3 and MPCBB5 - Not Privileged memory - MPCBB3 is applicable
2023-07-19 18:36:08,175 [INFO] Rule:228 - rule 117617 - U5Cobra4M][GTZC] default value MPCBB3 and MPCBB5 - Not Privileged memory - MPCBB4 is applicable
2023-07-19 18:36:08,175 [INFO] Rule:228 - rule 117617 - U5Cobra4M][GTZC] default value MPCBB3 and MPCBB5 - Privileged memory - MPCBB1 is applicable
2023-07-19 18:36:08,175 [INFO] Rule:228 - rule 117617 - U5Cobra4M][GTZC] default value MPCBB3 and MPCBB5 - Privileged memory - MPCBB2 is applicable
2023-07-19 18:36:08,175 [INFO] Rule:228 - rule 117617 - U5Cobra4M][GTZC] default value MPCBB3 and MPCBB5 - Privileged memory - MPCBB3 is applicable
2023-07-19 18:36:08,175 [INFO] Rule:228 - rule 117617 - U5Cobra4M][GTZC] default value MPCBB3 and MPCBB5 - Privileged memory - MPCBB4 is applicable
2023-07-19 18:36:08,175 [INFO] Rule:228 - rule Rename SubGHz_Phy SUBGHZ_APPLICATION SUBGHZ_PINGPONG to SUBGHZ_ADV_APPLICATION is applicable
2023-07-19 18:36:08,175 [INFO] Rule:228 - rule Rename Enabled to IBEACON is applicable
2023-07-19 18:36:08,175 [INFO] Rule:228 - rule GTZC_S instance for project manager is applicable
2023-07-19 18:36:08,175 [INFO] Rule:228 - rule GTZC_S instance for context M33S is applicable
2023-07-19 18:36:08,175 [INFO] Rule:228 - rule GTZC_S instance value for IP GTZC is applicable
2023-07-19 18:36:08,175 [INFO] Rule:228 - rule GTZC_S instance for mcu.IP is applicable
2023-07-19 18:36:08,175 [INFO] Rule:228 - rule GTZC_S instance for VP is applicable
2023-07-19 18:36:08,175 [INFO] Rule:228 - rule GTZC_S instance for signal is applicable
2023-07-19 18:36:08,175 [INFO] Rule:228 - rule GTZC_S instance for mcu.Pin is applicable
2023-07-19 18:36:08,175 [INFO] Rule:228 - rule GTZC_S instance for VP is applicable
2023-07-19 18:36:08,175 [INFO] Rule:228 - rule GTZC_S instance for signal is applicable
2023-07-19 18:36:08,175 [INFO] Rule:228 - rule GTZC_S instance for mcu is applicable
2023-07-19 18:36:08,175 [INFO] Rule:228 - rule GTZC_S instance for mcu.Pin is applicable
2023-07-19 18:36:08,175 [INFO] Rule:228 - rule GTZC_S instance value for IP GTZC is applicable
2023-07-19 18:36:08,175 [INFO] Rule:228 - rule GTZC_S instance for project manager is applicable
2023-07-19 18:36:08,176 [INFO] Rule:228 - rule GTZC_S instance for context M33S is applicable
2023-07-19 18:36:08,176 [INFO] Rule:228 - rule GTZC_S instance for VP is applicable
2023-07-19 18:36:08,176 [INFO] Rule:228 - rule GTZC_S instance for signal is applicable
2023-07-19 18:36:08,176 [INFO] Rule:228 - rule SPDIFRX instance for mcu is applicable
2023-07-19 18:36:08,176 [INFO] Rule:228 - rule Rename Tracer Mode is applicable
2023-07-19 18:36:08,176 [INFO] Rule:228 - rule SPDIFRX instance value for IP SPDIFRX is applicable
2023-07-19 18:36:08,176 [INFO] Rule:228 - rule SPDIFRX instance for signal is applicable
2023-07-19 18:36:08,176 [INFO] Rule:228 - rule SPDIFRX instance for project manager is applicable
2023-07-19 18:36:08,176 [INFO] Rule:228 - rule SPDIFRX instance for project manager is applicable
2023-07-19 18:36:08,176 [INFO] Rule:228 - rule ADC Scan  fix with FW F7 is applicable
2023-07-19 18:36:08,176 [INFO] Rule:228 - rule ADC Scan  fix with FW F7 is applicable
2023-07-19 18:36:08,176 [INFO] Rule:228 - rule WakeUp0 Mode is applicable
2023-07-19 18:36:08,176 [INFO] Rule:228 - rule WakeUp0 SIGNAL is applicable
2023-07-19 18:36:08,176 [INFO] Rule:228 - rule WakeUp1 Mode is applicable
2023-07-19 18:36:08,176 [INFO] Rule:228 - rule WakeUp1 SIGNAL is applicable
2023-07-19 18:36:08,176 [INFO] Rule:228 - rule WakeUp2 Mode is applicable
2023-07-19 18:36:08,176 [INFO] Rule:228 - rule WakeUp2 SIGNAL is applicable
2023-07-19 18:36:08,176 [INFO] Rule:228 - rule WakeUp4 Mode is applicable
2023-07-19 18:36:08,176 [INFO] Rule:228 - rule WakeUp4 SIGNAL is applicable
2023-07-19 18:36:08,176 [INFO] Rule:228 - rule WakeUp5 Mode is applicable
2023-07-19 18:36:08,176 [INFO] Rule:228 - rule WakeUp5 SIGNAL is applicable
2023-07-19 18:36:08,176 [INFO] Rule:228 - rule Add RTC Activate Clock Source is applicable
2023-07-19 18:36:08,176 [INFO] Rule:228 - rule Add RTC Activate Calendar 1 is applicable
2023-07-19 18:36:08,176 [INFO] Rule:228 - rule Add RTC Activate Calendar 2 is applicable
2023-07-19 18:36:08,176 [INFO] Rule:228 - rule Add RTC Activate Calendar 3 is applicable
2023-07-19 18:36:08,176 [INFO] Rule:228 - rule UART/USART TX Mode is applicable
2023-07-19 18:36:08,177 [INFO] Rule:228 - rule UART/USART RX Mode is applicable
2023-07-19 18:36:08,177 [INFO] Rule:228 - rule UART/USART RX TX Mode is applicable
2023-07-19 18:36:08,177 [INFO] Rule:228 - rule UART/USART PARITY NONE is applicable
2023-07-19 18:36:08,177 [INFO] Rule:228 - rule UART/USART PARITY EVEN is applicable
2023-07-19 18:36:08,177 [INFO] Rule:228 - rule UART/USART PARITY ODD is applicable
2023-07-19 18:36:08,177 [INFO] Rule:228 - rule USART StopBits 1 is applicable
2023-07-19 18:36:08,177 [INFO] Rule:228 - rule USART StopBits 2 is applicable
2023-07-19 18:36:08,177 [INFO] Rule:228 - rule USART StopBits 1.5 is applicable
2023-07-19 18:36:08,177 [INFO] Rule:228 - rule USART StopBits 0.5 is applicable
2023-07-19 18:36:08,177 [INFO] Rule:228 - rule UART/USART WORD LENGTH 7 is applicable
2023-07-19 18:36:08,177 [INFO] Rule:228 - rule UART/USART WORD LENGTH 8 is applicable
2023-07-19 18:36:08,177 [INFO] Rule:228 - rule UART/USART WORD LENGTH 9 is applicable
2023-07-19 18:36:08,177 [INFO] Rule:228 - rule Rename FMC NAND NCE signal is applicable
2023-07-19 18:36:08,177 [INFO] Rule:228 - rule Rename FMC NAND INT signal is applicable
2023-07-19 18:36:08,177 [INFO] Rule:228 - rule Change Default Value for LSE Drive Capability for WB family is applicable
2023-07-19 18:36:08,177 [INFO] Rule:228 - rule Change Default Value for ADC Clock Prescaler G0 family is applicable
2023-07-19 18:36:08,177 [INFO] Rule:228 - rule Change Default Value for ADC ExternalTrigConv L4 family is applicable
2023-07-19 18:36:08,177 [INFO] Rule:228 - rule Change Default Value for ADC ExternalTrigInjecConv L4 family is applicable
2023-07-19 18:36:08,177 [INFO] Rule:228 - rule Change Default Value for ADC ExternalTrigConv F3 family is applicable
2023-07-19 18:36:08,177 [INFO] Rule:228 - rule Change Default Value for ADC ExternalTrigInjecConv F3 family is applicable
2023-07-19 18:36:08,177 [INFO] Rule:228 - rule Change Default Value for ADC ExternalTrigConv Goldfish serie is applicable
2023-07-19 18:36:08,177 [INFO] Rule:228 - rule Change Default Value for ADC ExternalTrigInjecConv Goldfish serie is applicable
2023-07-19 18:36:08,177 [INFO] Rule:228 - rule Change Default Value for ADC ExternalTrigConv L0 family is applicable
2023-07-19 18:36:08,177 [INFO] Rule:228 - rule Change Default Value for ADC ExternalTrigConv F0 family is applicable
2023-07-19 18:36:08,177 [INFO] Rule:228 - rule Change Default Value for ADC ExternalTrigConvn L1 family is applicable
2023-07-19 18:36:08,178 [INFO] Rule:228 - rule Change Default Value for ADC ExternalTrigInjecConv L1 family is applicable
2023-07-19 18:36:08,178 [INFO] Rule:228 - rule Change Default Value for ADC ExternalTrigConv F1 family is applicable
2023-07-19 18:36:08,178 [INFO] Rule:228 - rule Change Default Value for ADC ExternalTrigInjecConv F1 family is applicable
2023-07-19 18:36:08,178 [INFO] Rule:228 - rule Change Default Value for ADC ExternalTrigConv F7 family is applicable
2023-07-19 18:36:08,178 [INFO] Rule:228 - rule Change Default Value for ADC ExternalTrigInjecConv F7 family is applicable
2023-07-19 18:36:08,178 [INFO] Rule:228 - rule Change Default Value for ADC ExternalTrigConv F4 and F2 family is applicable
2023-07-19 18:36:08,178 [INFO] Rule:228 - rule Change Default Value for ADC ExternalTrigInjecConv F4 and F2 family is applicable
2023-07-19 18:36:08,178 [INFO] Rule:228 - rule ADC SamplingTime fix with FW L0  is applicable
2023-07-19 18:36:08,178 [INFO] Rule:228 - rule ADC SamplingTime fix with FW L0  is applicable
2023-07-19 18:36:08,178 [INFO] Rule:228 - rule ADC SamplingTime fix with FW L0 is applicable
2023-07-19 18:36:08,178 [INFO] Rule:228 - rule ADC SamplingTime fix with FW L0 is applicable
2023-07-19 18:36:08,178 [INFO] Rule:228 - rule ADC SamplingTime fix with FW L0  is applicable
2023-07-19 18:36:08,178 [INFO] Rule:228 - rule ADC SamplingTime fix with FW L0 is applicable
2023-07-19 18:36:08,178 [INFO] Rule:228 - rule Rename USB_OE Signal is applicable
2023-07-19 18:36:08,178 [INFO] Rule:228 - rule Rename Activate_OE Mode is applicable
2023-07-19 18:36:08,178 [INFO] Rule:228 - rule Rename DIE462/DIE415 pin PC14/OSC32_IN -> PC14-OSC32_IN (PC14) is applicable
2023-07-19 18:36:08,178 [INFO] Rule:228 - rule Rename DIE462/DIE415 pin PC15/OSC32_OUT -> PC15-OSC32_OUT (PC15) is applicable
2023-07-19 18:36:08,178 [INFO] Rule:228 - rule Rename DIE462/DIE415 pin PH0/OSC_IN -> PH0-OSC_IN (PH0) is applicable
2023-07-19 18:36:08,178 [INFO] Rule:228 - rule Rename DIE462/DIE415 pin PH1/OSC_OUT -> PH1-OSC_OUT (PH1) is applicable
2023-07-19 18:36:08,178 [INFO] Rule:228 - rule Rename DIE462 pin PA13 -> PA13 (JTMS/SWDIO) is applicable
2023-07-19 18:36:08,178 [INFO] Rule:228 - rule Rename DIE415 pin PA13 -> PA13 (JTMS/SWDIO) is applicable
2023-07-19 18:36:08,178 [INFO] Rule:228 - rule Rename DIE462 pin PA14 -> PA14 (JTCK/SWCLK) is applicable
2023-07-19 18:36:08,178 [INFO] Rule:228 - rule Rename DIE415 pin PA14 -> PA14 (JTCK/SWCLK) is applicable
2023-07-19 18:36:08,178 [INFO] Rule:228 - rule Rename DIE462/DIE415 pin PA15 -> PA15 (JTDI) is applicable
2023-07-19 18:36:08,178 [INFO] Rule:228 - rule Rename DIE462 pin PB3 -> PB3 (JTD0/TRACESWO) is applicable
2023-07-19 18:36:08,178 [INFO] Rule:228 - rule Rename DIE415 pin PB3 -> PB3 (JTD0-TRACESWO) is applicable
2023-07-19 18:36:08,178 [INFO] Rule:228 - rule Rename DIE462/DIE415 pin PB4 -> PB4 (NJTRST) is applicable
2023-07-19 18:36:08,178 [INFO] Rule:228 - rule Rename DIE462 pin PH3/BOOT0 -> PH3-BOOT0 (BOOT0) is applicable
2023-07-19 18:36:08,178 [INFO] Rule:228 - rule Rename CRYP DataEncryptionTypesList to Algorithm is applicable
2023-07-19 18:36:08,178 [INFO] Rule:228 - rule Rename AES DataEncryptionTypesList to Algorithm is applicable
2023-07-19 18:36:08,178 [INFO] Rule:228 - rule Rename TDESECB to CRYP_TDES_ECB is applicable
2023-07-19 18:36:08,179 [INFO] Rule:228 - rule Rename TDESCBC to CRYP_TDES_CBC is applicable
2023-07-19 18:36:08,179 [INFO] Rule:228 - rule Rename DESECB to CRYP_DES_ECB is applicable
2023-07-19 18:36:08,179 [INFO] Rule:228 - rule Rename DESCBC to CRYP_DES_CBC is applicable
2023-07-19 18:36:08,179 [INFO] Rule:228 - rule Rename AESECB to CRYP_AES_ECB is applicable
2023-07-19 18:36:08,179 [INFO] Rule:228 - rule Rename AESCBC to CRYP_AES_CBC is applicable
2023-07-19 18:36:08,179 [INFO] Rule:228 - rule Rename AESCTR to CRYP_AES_CTR is applicable
2023-07-19 18:36:08,179 [INFO] Rule:228 - rule Rename AESGCM to CRYP_AES_GCM is applicable
2023-07-19 18:36:08,179 [INFO] Rule:228 - rule Rename AESCCM to CRYP_AES_CCM is applicable
2023-07-19 18:36:08,179 [INFO] Rule:228 - rule Rename CAN TimeSeg1 to BS1 is applicable
2023-07-19 18:36:08,179 [INFO] Rule:228 - rule Rename CAN TimeSeg2 to BS2 is applicable
2023-07-19 18:36:08,179 [INFO] Rule:228 - rule Rename CAN SyncJumpWidth to SJW is applicable
2023-07-19 18:36:08,179 [INFO] Rule:228 - rule TimeTriggeredMode to TTCM is applicable
2023-07-19 18:36:08,179 [INFO] Rule:228 - rule Rename CAN AutoBusOff to ABOM is applicable
2023-07-19 18:36:08,179 [INFO] Rule:228 - rule Rename CAN AutoWakeUp to AWUM is applicable
2023-07-19 18:36:08,179 [INFO] Rule:228 - rule Rename CAN AutoRetransmission to NART is applicable
2023-07-19 18:36:08,179 [INFO] Rule:228 - rule Rename CAN ReceiveFifoLocked to RFLM is applicable
2023-07-19 18:36:08,179 [INFO] Rule:228 - rule Rename CAN TransmitFifoPriority to TXFP is applicable
2023-07-19 18:36:08,179 [INFO] Rule:228 - rule Rename HRTIMER HRTIM_OUTPUTFAULTLEVEL_HIGH in HRTIMER HRTIM_OUTPUTFAULTLEVEL_HIGHZ is applicable
2023-07-19 18:36:08,179 [INFO] Rule:228 - rule Rename TIMER TIM_CLEARINPUTSOURCE_OCREFCLR in  TIMER TIM_CLEARINPUTSOURCE_NONE for F7 family is applicable
2023-07-19 18:36:08,179 [INFO] Rule:228 - rule FDCAN_R1 - Rename FDCAN mode Master into Classic is applicable
2023-07-19 18:36:08,179 [INFO] Rule:228 - rule FDCAN_R2 - Rename FDCAN mode Slave into Classic is applicable
2023-07-19 18:36:08,179 [INFO] Rule:228 - rule FDCAN1_R3 - if PA10.Mode=FullDuplex, add Pin PA12 is applicable
2023-07-19 18:36:08,179 [INFO] Rule:228 - rule FDCAN1_R3 - if PA9.Mode=FullDuplex, add Pin PA11 is applicable
2023-07-19 18:36:08,179 [INFO] Rule:228 - rule FDCAN1_R3 - Alternatepin_1 - if PE1.Mode=FullDuplex, add Pin PB9 is applicable
2023-07-19 18:36:08,179 [INFO] Rule:228 - rule FDCAN1_R3 - Alternatepin_1 - if PE0.Mode=FullDuplex, add Pin PB8 is applicable
2023-07-19 18:36:08,180 [INFO] Rule:228 - rule FDCAN1_R3 - Alternatepin_2 - if PD5.Mode=FullDuplex, add Pin PD1 is applicable
2023-07-19 18:36:08,180 [INFO] Rule:228 - rule FDCAN1_R3 - Alternatepin_2 - if PD4.Mode=FullDuplex, add Pin PD0 is applicable
2023-07-19 18:36:08,180 [INFO] Rule:228 - rule FDCAN1_R4 - Rename Mode FullDuplex into Enable FDCAN_TXFD for pin PA10 is applicable
2023-07-19 18:36:08,180 [INFO] Rule:228 - rule FDCAN1_R4 - Rename Mode FullDuplex into Enable FDCAN_TXFD for pin PA9 is applicable
2023-07-19 18:36:08,180 [INFO] Rule:228 - rule FDCAN1_R4 - Alternatepin_1 - Rename Mode FullDuplex into Enable FDCAN_TXFD for pin PE1 is applicable
2023-07-19 18:36:08,180 [INFO] Rule:228 - rule FDCAN1_R4 - Alternatepin_1 - Rename Mode FullDuplex into Enable FDCAN_TXFD for pin PE0 is applicable
2023-07-19 18:36:08,180 [INFO] Rule:228 - rule FDCAN1_R4 - Alternatepin_2 - Rename Mode FullDuplex into Enable FDCAN_TXFD for pin PD5 is applicable
2023-07-19 18:36:08,180 [INFO] Rule:228 - rule FDCAN1_R4 - Alternatepin_2 - Rename Mode FullDuplex into Enable FDCAN_TXFD for pin PD4 is applicable
2023-07-19 18:36:08,180 [INFO] Rule:228 - rule FDCAN2_R3 - if PD10.Mode=FullDuplex, add Pin PB13 is applicable
2023-07-19 18:36:08,180 [INFO] Rule:228 - rule FDCAN2_R3 - if PD9.Mode=FullDuplex, add Pin PB12 is applicable
2023-07-19 18:36:08,180 [INFO] Rule:228 - rule FDCAN2_R3 - Alternatepin_1 - if PB7.Mode=FullDuplex, add Pin PB6 is applicable
2023-07-19 18:36:08,180 [INFO] Rule:228 - rule FDCAN2_R3 - Alternatepin_1 - if PD9.Mode=FullDuplex, add Pin PB12 is applicable
2023-07-19 18:36:08,180 [INFO] Rule:228 - rule FDCAN2_R4 - Rename Mode FullDuplex into Enable FDCAN_TXFD for pin PD10 is applicable
2023-07-19 18:36:08,180 [INFO] Rule:228 - rule FDCAN2_R4 - Rename Mode FullDuplex into Enable FDCAN_TXFD for pin PD9 is applicable
2023-07-19 18:36:08,180 [INFO] Rule:228 - rule FDCAN2_R4 - Alternatepin_1 - Rename Mode FullDuplex into Enable FDCAN_TXFD for pin PB7 is applicable
2023-07-19 18:36:08,180 [INFO] Rule:228 - rule FDCAN2_R4 - Alternatepin_1 - Rename Mode FullDuplex into Enable FDCAN_TXFD for pin PD6 is applicable
2023-07-19 18:36:08,180 [INFO] Rule:228 - rule USART TxPinLevelInvertParam Mode is applicable
2023-07-19 18:36:08,180 [INFO] Rule:228 - rule USART RxPinLevelInvertParam Mode is applicable
2023-07-19 18:36:08,180 [INFO] Rule:228 - rule USART DataInvertParam Mode is applicable
2023-07-19 18:36:08,180 [INFO] Rule:228 - rule USART SwapParam Mode is applicable
2023-07-19 18:36:08,180 [INFO] Rule:228 - rule USART OverrunDisableParam Mode is applicable
2023-07-19 18:36:08,180 [INFO] Rule:228 - rule USART DMADisableonRxErrorParam Mode is applicable
2023-07-19 18:36:08,180 [INFO] Rule:228 - rule USART MSBFirstParam Mode is applicable
2023-07-19 18:36:08,180 [INFO] Rule:228 - rule Update MwName for USB_DEVICE is applicable
2023-07-19 18:36:08,180 [INFO] Rule:228 - rule Change PWR_Regulator_Voltage_Scale Default Value for RCC  H7 family is applicable
2023-07-19 18:36:08,180 [INFO] Rule:228 - rule UART/USART IPParameter rename Prescaler parameter to ClockPrescaler is applicable
2023-07-19 18:36:08,180 [INFO] Rule:228 - rule UART/USART Prescaler rename Prescaler parameter to ClockPrescaler is applicable
2023-07-19 18:36:08,180 [INFO] Rule:228 - rule TIM1CLockSelection is applicable
2023-07-19 18:36:08,180 [INFO] Rule:228 - rule TIM15CLockSelection is applicable
2023-07-19 18:36:08,180 [INFO] Rule:228 - rule align RCC SDMMC3CLockSelection default value on MP1 is applicable
2023-07-19 18:36:08,181 [INFO] Rule:228 - rule align RCC SDMMC12CLockSelection default value on MP1 is applicable
2023-07-19 18:36:08,181 [INFO] Rule:228 - rule align RCC QSPICLockSelection default value on MP1 is applicable
2023-07-19 18:36:08,181 [INFO] Rule:228 - rule align RCC QSPICLockSelection default value on MP1 is applicable
2023-07-19 18:36:08,181 [INFO] Rule:228 - rule align RCC SPI6CLockSelection default value on MP1 is applicable
2023-07-19 18:36:08,181 [INFO] Rule:228 - rule align RCC LPTIM23CLockSelection default value on MP1 is applicable
2023-07-19 18:36:08,181 [INFO] Rule:228 - rule align RCC LPTIM1CLockSelection default value on MP1 is applicable
2023-07-19 18:36:08,181 [INFO] Rule:228 - rule align RCC USART1CLockSelection default value on MP1 is applicable
2023-07-19 18:36:08,181 [INFO] Rule:228 - rule align RCC USART24CLockSelection default value on MP1 is applicable
2023-07-19 18:36:08,181 [INFO] Rule:228 - rule align RCC USART6CLockSelection default value on MP1 is applicable
2023-07-19 18:36:08,181 [INFO] Rule:228 - rule align RCC UART78CLockSelection default value on MP1 is applicable
2023-07-19 18:36:08,181 [INFO] Rule:228 - rule align RCC USART35CLockSelection default value on MP1 is applicable
2023-07-19 18:36:08,181 [INFO] Rule:228 - rule align RCC SPI45CLockSelection default value on MP1 is applicable
2023-07-19 18:36:08,181 [INFO] Rule:228 - rule align RCC I2C46CLockSelection BCLK value on MP1 is applicable
2023-07-19 18:36:08,181 [INFO] Rule:228 - rule align RCC SPI45CLockSelection default value on MP1 is applicable
2023-07-19 18:36:08,181 [INFO] Rule:228 - rule align RCC I2C12CLockSelection default value on MP1 is applicable
2023-07-19 18:36:08,181 [INFO] Rule:228 - rule align RCC I2C35CLockSelection default value on MP1 is applicable
2023-07-19 18:36:08,181 [INFO] Rule:228 - rule align RCC LPTIM45CLockSelection default value on MP1 is applicable
2023-07-19 18:36:08,181 [INFO] Rule:228 - rule Rename DCMI PIXCK signal is applicable
2023-07-19 18:36:08,181 [INFO] Rule:228 - rule Change Default Value for I2C46CLockSelection MP1 family is applicable
2023-07-19 18:36:08,181 [INFO] Rule:228 - rule Change Default Value for UART for G4, G0 and WB families is applicable
2023-07-19 18:36:08,181 [INFO] Rule:228 - rule Change Default Value for USART for G4, G0 and WB families is applicable
2023-07-19 18:36:08,181 [INFO] Rule:228 - rule Change Default Value for USART for G4 family is applicable
2023-07-19 18:36:08,181 [INFO] Rule:228 - rule Change USART1CLockSelection refparam name for MP1 is applicable
2023-07-19 18:36:08,181 [INFO] Rule:228 - rule Change USART2CLockSelection refparam name for MP1 is applicable
2023-07-19 18:36:08,181 [INFO] Rule:228 - rule Change USART3CLockSelection refparam name for MP1 is applicable
2023-07-19 18:36:08,181 [INFO] Rule:228 - rule Change UART4CLockSelection refparam name for MP1 is applicable
2023-07-19 18:36:08,181 [INFO] Rule:228 - rule Change UART5CLockSelection refparam name for MP1 is applicable
2023-07-19 18:36:08,181 [INFO] Rule:228 - rule Change LPUART1CLockSelection refparam name for MP1 is applicable
2023-07-19 18:36:08,182 [INFO] Rule:228 - rule Change LPTIM1CLockSelection refparam name for MP1 is applicable
2023-07-19 18:36:08,182 [INFO] Rule:228 - rule Change LPTIM2CLockSelection refparam name for MP1 is applicable
2023-07-19 18:36:08,182 [INFO] Rule:228 - rule Change RCC_MCO1Source refparam name for MP1 is applicable
2023-07-19 18:36:08,182 [INFO] Rule:228 - rule Change LSCOSource1 refparam name for MP1 is applicable
2023-07-19 18:36:08,182 [INFO] Rule:228 - rule Change SMPSCLockSelection refparam name for MP1 is applicable
2023-07-19 18:36:08,182 [INFO] Rule:228 - rule Change LPTIM3CLockSelection refparam name for MP1 is applicable
2023-07-19 18:36:08,182 [INFO] Rule:228 - rule Change MPCBB* Default Template Mode to Parameters is applicable
2023-07-19 18:36:08,182 [INFO] Rule:228 - rule Change MPCWM* or MPCBB* Secure Mode to Parameters is applicable
2023-07-19 18:36:08,182 [INFO] Rule:228 - rule Change MPCWM* or MPCBB* No Secure Mode to Parameters is applicable
2023-07-19 18:36:08,182 [INFO] Rule:228 - rule Change TZSC IP Secure Mode to Parameters is applicable
2023-07-19 18:36:08,182 [INFO] Rule:228 - rule Change TZSC IP No Secure Mode to Parameters is applicable
2023-07-19 18:36:08,182 [INFO] Rule:228 - rule Change TZSC IP Privilege Mode to Parameters is applicable
2023-07-19 18:36:08,182 [INFO] Rule:228 - rule Change TZSC IP No Privilege Mode to Parameters is applicable
2023-07-19 18:36:08,182 [INFO] Rule:228 - rule Change TZIC IT Secure Mode to Parameters is applicable
2023-07-19 18:36:08,182 [INFO] Rule:228 - rule Change TZIC IT No Secure Mode to Parameters is applicable
2023-07-19 18:36:08,182 [INFO] Rule:228 - rule Add MPCBB1_NonSecureArea_Start_Address value with referenced to MPCBB1_NonSecureArea_Start value is applicable
2023-07-19 18:36:08,182 [INFO] Rule:228 - rule Add MPCBB2_NonSecureArea_Start_Address value with referenced to MPCBB2_NonSecureArea_Start value is applicable
2023-07-19 18:36:08,182 [INFO] Rule:228 - rule Add MPCWM1_NonSecureArea*_Start_Address value with referenced to MPCWM1_NonSecureArea*_Start value is applicable
2023-07-19 18:36:08,182 [INFO] Rule:228 - rule Add MPCWM2_NonSecureArea*_Start_Address value with referenced to MPCWM2_NonSecureArea*_Start value is applicable
2023-07-19 18:36:08,182 [INFO] Rule:228 - rule Add MPCWM3_NonSecureArea_Start_Address value with referenced to MPCWM3_NonSecureArea_Start value is applicable
2023-07-19 18:36:08,182 [INFO] Rule:228 - rule Change Default Value for PLL1UserDefinedConfig is applicable
2023-07-19 18:36:08,182 [INFO] Rule:228 - rule Change GPIO_PuPd Default Value for USART in async mode is applicable
2023-07-19 18:36:08,182 [INFO] Rule:228 - rule Change SMPSDivider Default Value is applicable
2023-07-19 18:36:08,182 [INFO] Rule:228 - rule OPAMP is applicable
2023-07-19 18:36:08,182 [INFO] Rule:228 - rule LPUART IPParameter rename Prescaler parameter to ClockPrescaler for STM32H7 is applicable
2023-07-19 18:36:08,182 [INFO] Rule:228 - rule LPUART IPParameter rename Prescaler parameter to ClockPrescaler for STM32H7 is applicable
2023-07-19 18:36:08,182 [INFO] Rule:228 - rule LPUART IPParameter rename Prescaler parameter to ClockPrescaler for STM32WB is applicable
2023-07-19 18:36:08,182 [INFO] Rule:228 - rule LPUART IPParameter rename Prescaler parameter to ClockPrescaler for STM32WB is applicable
2023-07-19 18:36:08,182 [INFO] Rule:228 - rule LPUART IPParameter rename Prescaler parameter to ClockPrescaler for STM32G4 is applicable
2023-07-19 18:36:08,182 [INFO] Rule:228 - rule LPUART IPParameter rename Prescaler parameter to ClockPrescaler for STM32G4 is applicable
2023-07-19 18:36:08,182 [INFO] Rule:228 - rule LPUART IPParameter rename Prescaler parameter to ClockPrescaler for STM32L5 is applicable
2023-07-19 18:36:08,182 [INFO] Rule:228 - rule LPUART IPParameter rename Prescaler parameter to ClockPrescaler for STM32L5 is applicable
2023-07-19 18:36:08,183 [INFO] Rule:228 - rule LPUART IPParameter rename Prescaler parameter to ClockPrescaler for STM32G4 is applicable
2023-07-19 18:36:08,183 [INFO] Rule:228 - rule LPUART IPParameter rename Prescaler parameter to ClockPrescaler for STM32G4 is applicable
2023-07-19 18:36:08,183 [INFO] Rule:228 - rule USB device lib V2.5.3 for L0 rename USBD_SUPPORT_USER_STRING parameter to USBD_SUPPORT_USER_STRING_DESC4 is applicable
2023-07-19 18:36:08,183 [INFO] Rule:228 - rule I2SCLockSelection clock entry align is applicable
2023-07-19 18:36:08,183 [INFO] Rule:228 - rule Assign TIMx context if used as SYS timebase is applicable
2023-07-19 18:36:08,183 [INFO] Rule:228 - rule Change GPIO_Pu Default Value for I2C is applicable
2023-07-19 18:36:08,183 [INFO] Rule:228 - rule Change GPIO_Pu Default Value for SMBus is applicable
2023-07-19 18:36:08,183 [INFO] Rule:228 - rule change FDCAN default value is applicable
2023-07-19 18:36:08,183 [INFO] Rule:228 - rule Change mode sai is applicable
2023-07-19 18:36:08,183 [INFO] Rule:228 - rule **Change sai mode is applicable
2023-07-19 18:36:08,192 [INFO] DbConfProperties:307 - Apply Compatibility (49/258 Rules)
2023-07-19 18:36:08,215 [INFO] ImportTextPane:194 - (OptionalMessage_ERROR) Unable to find key (Mcu.ThirdPartyNb) in loaded IOC file
2023-07-19 18:36:08,248 [INFO] RtosManager:555 - Registered RTOS mode: class=CMSIS, group=RTOS, mode=CMSIS_V1, owner=FREERTOS
2023-07-19 18:36:08,249 [INFO] RtosManager:555 - Registered RTOS mode: class=CMSIS, group=RTOS2, mode=CMSIS_V2, owner=FREERTOS
2023-07-19 18:36:08,249 [INFO] RtosManager:555 - Registered RTOS mode: class=RTOS, group=Core, mode=CMSIS_V1, owner=FREERTOS
2023-07-19 18:36:08,249 [INFO] RtosManager:555 - Registered RTOS mode: class=RTOS, group=Core, mode=CMSIS_V2, owner=FREERTOS
2023-07-19 18:36:08,249 [WARN] ModelIntegratedComponent:184 - Missing modes for component STMicroelectronics:FreeRTOS:0.0.1:STMicroelectronics:RTOS:FreeRTOS:Core:::10.2.0:
2023-07-19 18:36:08,249 [WARN] ModelIntegratedComponent:63 - No mode defined for component null
2023-07-19 18:36:08,249 [WARN] ModelIntegratedComponent:63 - No mode defined for component null
2023-07-19 18:36:08,249 [WARN] ModelIntegratedComponent:63 - No mode defined for component null
2023-07-19 18:36:08,249 [WARN] ModelIntegratedComponent:63 - No mode defined for component null
2023-07-19 18:36:08,249 [WARN] ModelIntegratedComponent:63 - No mode defined for component null
2023-07-19 18:36:08,250 [WARN] ModelIntegratedComponent:63 - No mode defined for component null
2023-07-19 18:36:08,250 [WARN] ModelIntegratedComponent:63 - No mode defined for component null
2023-07-19 18:36:08,250 [WARN] ModelIntegratedComponent:63 - No mode defined for component null
2023-07-19 18:36:08,250 [WARN] ModelIntegratedComponent:63 - No mode defined for component null
2023-07-19 18:36:08,250 [WARN] ModelIntegratedComponent:63 - No mode defined for component null
2023-07-19 18:36:08,250 [WARN] ModelIntegratedComponent:63 - No mode defined for component null
2023-07-19 18:36:08,250 [WARN] ModelIntegratedComponent:63 - No mode defined for component null
2023-07-19 18:36:08,250 [WARN] ModelIntegratedComponent:63 - No mode defined for component null
2023-07-19 18:36:08,250 [WARN] ModelIntegratedComponent:63 - No mode defined for component null
2023-07-19 18:36:08,250 [WARN] ModelIntegratedComponent:63 - No mode defined for component null
2023-07-19 18:36:08,250 [WARN] ModelIntegratedComponent:63 - No mode defined for component null
2023-07-19 18:36:08,250 [WARN] ModelIntegratedComponent:63 - No mode defined for component null
2023-07-19 18:36:08,250 [WARN] ModelIntegratedComponent:63 - No mode defined for component null
2023-07-19 18:36:08,250 [WARN] ModelIntegratedComponent:63 - No mode defined for component null
2023-07-19 18:36:08,250 [WARN] ModelIntegratedComponent:63 - No mode defined for component null
2023-07-19 18:36:08,250 [WARN] ModelIntegratedComponent:63 - No mode defined for component null
2023-07-19 18:36:08,250 [WARN] ModelIntegratedComponent:63 - No mode defined for component null
2023-07-19 18:36:08,250 [WARN] ModelIntegratedComponent:63 - No mode defined for component null
2023-07-19 18:36:08,250 [WARN] ModelIntegratedComponent:63 - No mode defined for component null
2023-07-19 18:36:08,250 [WARN] ModelIntegratedComponent:63 - No mode defined for component null
2023-07-19 18:36:08,250 [WARN] ModelIntegratedComponent:63 - No mode defined for component null
2023-07-19 18:36:08,250 [WARN] ModelIntegratedComponent:63 - No mode defined for component null
2023-07-19 18:36:08,250 [WARN] ModelIntegratedComponent:63 - No mode defined for component null
2023-07-19 18:36:08,251 [WARN] ModelIntegratedComponent:63 - No mode defined for component null
2023-07-19 18:36:08,251 [WARN] ModelIntegratedComponent:63 - No mode defined for component null
2023-07-19 18:36:08,251 [WARN] ModelIntegratedComponent:63 - No mode defined for component null
2023-07-19 18:36:08,251 [WARN] ModelIntegratedComponent:63 - No mode defined for component null
2023-07-19 18:36:08,251 [WARN] ModelIntegratedComponent:63 - No mode defined for component null
2023-07-19 18:36:08,254 [INFO] ThirdPartyModel:298 - Start build external matchings
2023-07-19 18:36:08,256 [INFO] ThirdPartyModel:316 - End build external matchings
2023-07-19 18:36:08,259 [INFO] ImportTextPane:194 - (OptionalMessage_ERROR) IP (RCC) : Invalid parameter (FamilyName)
2023-07-19 18:36:08,261 [INFO] ImportTextPane:194 - (OptionalMessage_ERROR) IP (RCC) : Parameter (RNGFreq_Value) has invalid value (64000000)
2023-07-19 18:36:08,261 [INFO] ImportTextPane:194 - (OptionalMessage_ERROR) IP (RCC) : Parameter (SDMMCFreq_Value) has invalid value (64000000)
2023-07-19 18:36:08,261 [INFO] ImportTextPane:194 - (OptionalMessage_ERROR) IP (RCC) : Parameter (USBFreq_Value) has invalid value (64000000)
2023-07-19 18:36:08,714 [INFO] UtilMem:75 - End LoadConfig() Used Memory: 683935192 Bytes (1073741824)
2023-07-19 18:36:08,803 [WARN] ThirdParty:833 - waiting for thirdparty lock release [change project]
2023-07-19 18:36:08,804 [INFO] ThirdParty:835 - entering critical section [change project]
2023-07-19 18:36:08,804 [INFO] ThirdParty:1030 - CMSIS Pack Vendor :STMicroelectronics USBPD 4.1
2023-07-19 18:36:08,804 [INFO] ThirdParty:1030 - CMSIS Pack Vendor :STMicroelectronics ThreadX 1.0.0
2023-07-19 18:36:08,804 [INFO] ThirdParty:1030 - CMSIS Pack Vendor :STMicroelectronics USB_HOST 2.0.0
2023-07-19 18:36:08,804 [INFO] ThirdParty:1030 - CMSIS Pack Vendor :STMicroelectronics LIBJPEG 8.0.0
2023-07-19 18:36:08,804 [INFO] ThirdParty:1030 - CMSIS Pack Vendor :STMicroelectronics FreeRTOS 0.0.1
2023-07-19 18:36:08,804 [INFO] ThirdParty:1030 - CMSIS Pack Vendor :STMicroelectronics USB_DEVICE 1.0.0
2023-07-19 18:36:08,804 [INFO] ThirdParty:1030 - CMSIS Pack Vendor :STMicroelectronics STM32_WPAN 1.0.0
2023-07-19 18:36:08,804 [INFO] ThirdParty:1030 - CMSIS Pack Vendor :STMicroelectronics USB_DEVICE 3.0.0
2023-07-19 18:36:08,804 [INFO] ThirdParty:1030 - CMSIS Pack Vendor :STMicroelectronics HAL Drivers 0.0.0
2023-07-19 18:36:08,804 [INFO] ThirdParty:1030 - CMSIS Pack Vendor :STMicroelectronics MBEDTLS 2.16.2
2023-07-19 18:36:08,804 [INFO] ThirdParty:1030 - CMSIS Pack Vendor :STMicroelectronics ThreadX 0.0.2
2023-07-19 18:36:08,804 [INFO] ThirdParty:1030 - CMSIS Pack Vendor :STMicroelectronics lwIP 2.0.3
2023-07-19 18:36:08,804 [INFO] ThirdParty:1030 - CMSIS Pack Vendor :STMicroelectronics lwIP 2.1.2
2023-07-19 18:36:08,804 [INFO] ThirdParty:1030 - CMSIS Pack Vendor :STMicroelectronics MBEDTLS 2.14.1
2023-07-19 18:36:08,804 [INFO] ThirdParty:1030 - CMSIS Pack Vendor :STMicroelectronics USB_HOST 1.0.0
2023-07-19 18:36:08,804 [INFO] ThirdParty:1030 - CMSIS Pack Vendor :STMicroelectronics PDM2PCM 3.1.0
2023-07-19 18:36:08,804 [INFO] ThirdParty:1030 - CMSIS Pack Vendor :STMicroelectronics PDM2PCM 3.2.0
2023-07-19 18:36:08,804 [INFO] ThirdParty:1030 - CMSIS Pack Vendor :STMicroelectronics USB_DEVICE 2.0.0
2023-07-19 18:36:08,804 [INFO] ThirdParty:1030 - CMSIS Pack Vendor :STMicroelectronics PDM2PCM 3.3.0
2023-07-19 18:36:08,804 [INFO] ThirdParty:841 - exiting critical section [change project]
2023-07-19 18:36:09,035 [INFO] PinOutPanel:1499 - setPackage(No Configuration,No Configuration)
2023-07-19 18:36:09,035 [INFO] PinOutPanel:1499 - setPackage(STM32L476RGTx,LQFP64)
2023-07-19 18:36:09,452 [INFO] UtilMem:75 - Before build in PCC Used Memory: 842920896 Bytes (1073741824)
2023-07-19 18:36:09,678 [INFO] UtilMem:75 - After build in PCC Used Memory: 920515520 Bytes (1073741824)
2023-07-19 18:36:09,696 [INFO] IPUIPlugin:80 - create IPUIPlugin
2023-07-19 18:36:09,696 [INFO] IPUIPlugin:80 - create IPUIPlugin
2023-07-19 18:36:09,696 [INFO] IPUIPlugin:80 - create IPUIPlugin
2023-07-19 18:36:09,696 [INFO] IPUIPlugin:80 - create IPUIPlugin
2023-07-19 18:36:09,696 [INFO] IPUIPlugin:80 - create IPUIPlugin
2023-07-19 18:36:09,696 [INFO] IPUIPlugin:80 - create IPUIPlugin
2023-07-19 18:36:09,696 [INFO] IPUIPlugin:80 - create IPUIPlugin
2023-07-19 18:36:09,696 [INFO] IPUIPlugin:80 - create IPUIPlugin
2023-07-19 18:36:09,696 [INFO] IPUIPlugin:80 - create IPUIPlugin
2023-07-19 18:36:09,697 [INFO] IPUIPlugin:80 - create IPUIPlugin
2023-07-19 18:36:09,697 [INFO] IPUIPlugin:80 - create IPUIPlugin
2023-07-19 18:36:09,697 [INFO] IPUIPlugin:80 - create IPUIPlugin
2023-07-19 18:36:09,697 [INFO] IPUIPlugin:80 - create IPUIPlugin
2023-07-19 18:36:09,697 [INFO] IPUIPlugin:80 - create IPUIPlugin
2023-07-19 18:36:09,697 [INFO] IPUIPlugin:80 - create IPUIPlugin
2023-07-19 18:36:09,697 [INFO] IPUIPlugin:80 - create IPUIPlugin
2023-07-19 18:36:09,697 [INFO] IPUIPlugin:80 - create IPUIPlugin
2023-07-19 18:36:09,697 [INFO] IPUIPlugin:80 - create IPUIPlugin
2023-07-19 18:36:09,697 [INFO] IPUIPlugin:80 - create IPUIPlugin
2023-07-19 18:36:09,697 [INFO] IPUIPlugin:80 - create IPUIPlugin
2023-07-19 18:36:09,697 [INFO] IPUIPlugin:80 - create IPUIPlugin
2023-07-19 18:36:09,698 [INFO] IPUIPlugin:80 - create IPUIPlugin
2023-07-19 18:36:09,698 [INFO] IPUIPlugin:80 - create IPUIPlugin
2023-07-19 18:36:09,698 [INFO] IPUIPlugin:80 - create IPUIPlugin
2023-07-19 18:36:09,698 [INFO] IPUIPlugin:80 - create IPUIPlugin
2023-07-19 18:36:09,698 [INFO] IPUIPlugin:80 - create IPUIPlugin
2023-07-19 18:36:09,698 [INFO] IPUIPlugin:80 - create IPUIPlugin
2023-07-19 18:36:09,698 [INFO] IPUIPlugin:80 - create IPUIPlugin
2023-07-19 18:36:09,698 [INFO] IPUIPlugin:80 - create IPUIPlugin
2023-07-19 18:36:09,699 [INFO] IPUIPlugin:80 - create IPUIPlugin
2023-07-19 18:36:09,699 [INFO] IPUIPlugin:80 - create IPUIPlugin
2023-07-19 18:36:09,699 [INFO] IPUIPlugin:80 - create IPUIPlugin
2023-07-19 18:36:09,699 [INFO] IPUIPlugin:80 - create IPUIPlugin
2023-07-19 18:36:09,699 [INFO] IPUIPlugin:80 - create IPUIPlugin
2023-07-19 18:36:09,699 [INFO] IPUIPlugin:80 - create IPUIPlugin
2023-07-19 18:36:09,699 [INFO] IPUIPlugin:80 - create IPUIPlugin
2023-07-19 18:36:09,700 [INFO] IPUIPlugin:80 - create IPUIPlugin
2023-07-19 18:36:09,708 [INFO] IPUIPlugin:80 - create IPUIPlugin
2023-07-19 18:36:09,708 [INFO] IPUIPlugin:80 - create IPUIPlugin
2023-07-19 18:36:09,708 [INFO] IPUIPlugin:80 - create IPUIPlugin
2023-07-19 18:36:09,708 [INFO] IPUIPlugin:80 - create IPUIPlugin
2023-07-19 18:36:09,708 [INFO] IPUIPlugin:80 - create IPUIPlugin
2023-07-19 18:36:09,708 [INFO] IPUIPlugin:80 - create IPUIPlugin
2023-07-19 18:36:09,709 [INFO] IPUIPlugin:80 - create IPUIPlugin
2023-07-19 18:36:09,709 [INFO] IPUIPlugin:80 - create IPUIPlugin
2023-07-19 18:36:09,709 [INFO] IPUIPlugin:80 - create IPUIPlugin
2023-07-19 18:36:09,709 [INFO] IPUIPlugin:80 - create IPUIPlugin
2023-07-19 18:36:09,709 [INFO] IPUIPlugin:80 - create IPUIPlugin
2023-07-19 18:36:09,709 [INFO] IPUIPlugin:80 - create IPUIPlugin
2023-07-19 18:36:09,710 [INFO] IPUIPlugin:80 - create IPUIPlugin
2023-07-19 18:36:09,710 [INFO] IPUIPlugin:80 - create IPUIPlugin
2023-07-19 18:36:09,710 [INFO] IPUIPlugin:80 - create IPUIPlugin
2023-07-19 18:36:09,710 [INFO] IPUIPlugin:80 - create IPUIPlugin
2023-07-19 18:36:09,711 [INFO] IPUIPlugin:80 - create IPUIPlugin
2023-07-19 18:36:09,711 [INFO] IPUIPlugin:80 - create IPUIPlugin
2023-07-19 18:36:09,711 [INFO] IPUIPlugin:80 - create IPUIPlugin
2023-07-19 18:36:09,711 [INFO] IPUIPlugin:80 - create IPUIPlugin
2023-07-19 18:36:09,712 [INFO] IPUIPlugin:80 - create IPUIPlugin
2023-07-19 18:36:09,712 [INFO] IPUIPlugin:80 - create IPUIPlugin
2023-07-19 18:36:09,769 [INFO] CADModel:165 - CPN selected for project levelSTM32L476RGT3
2023-07-19 18:36:09,769 [INFO] CADModel:114 - Register for checkConnection events
2023-07-19 18:36:09,819 [INFO] OpenFileManager:328 - Restore cursor
2023-07-19 18:36:10,170 [INFO] UtilMem:75 - End SaveConfig() Used Memory: 755557344 Bytes (1073741824)
2023-07-19 18:36:10,222 [INFO] UtilMem:75 - End SaveConfig() Used Memory: 778789600 Bytes (1073741824)
2023-07-19 18:36:10,587 [INFO] BlockDiagram:2759 - set Specific Code input for plugin: SYS
2023-07-19 18:36:10,587 [INFO] BlockDiagram:2759 - set Specific Code input for plugin: RCC
2023-07-19 18:36:10,587 [INFO] BlockDiagram:2759 - set Specific Code input for plugin: NVIC
2023-07-19 18:36:10,587 [INFO] BlockDiagram:2759 - set Specific Code input for plugin: USART
2023-07-19 18:36:10,588 [INFO] BlockDiagram:2759 - set Specific Code input for plugin: GPIO
2023-07-19 18:36:10,590 [INFO] CodeGenerator:799 - code generatio: config db path: D:\STM32CubeIDE_1.13.0\STM32CubeIDE\plugins\com.st.stm32cube.common.mx_6.9.0.202307051724\\db\
2023-07-19 18:36:10,813 [INFO] CodeEngine:255 - oldGeneratedFile, D:\Develop\FYP\STM32CubeIDEworkspace_1.13.0\liquidcrystal_i2c\MXTmpFiles\license.tmp_save
2023-07-19 18:36:11,132 [INFO] CodeEngine:279 - Generated code: D:\Develop\FYP\STM32CubeIDEworkspace_1.13.0\liquidcrystal_i2c\MXTmpFiles\license.tmp
2023-07-19 18:36:11,225 [INFO] CodeEngine:255 - oldGeneratedFile, D:\Develop\FYP\STM32CubeIDEworkspace_1.13.0\liquidcrystal_i2c\MXTmpFiles\gpio.tmp_save
2023-07-19 18:36:11,335 [INFO] CodeEngine:279 - Generated code: D:\Develop\FYP\STM32CubeIDEworkspace_1.13.0\liquidcrystal_i2c\MXTmpFiles\gpio.tmp
2023-07-19 18:36:11,446 [INFO] CodeEngine:255 - oldGeneratedFile, D:\Develop\FYP\STM32CubeIDEworkspace_1.13.0\liquidcrystal_i2c\Core\Src\stm32l4xx_it.c_save
2023-07-19 18:36:11,552 [INFO] CodeEngine:279 - Generated code: D:\Develop\FYP\STM32CubeIDEworkspace_1.13.0\liquidcrystal_i2c\Core\Src\stm32l4xx_it.c
2023-07-19 18:36:11,557 [INFO] CodeEngine:255 - oldGeneratedFile, D:\Develop\FYP\STM32CubeIDEworkspace_1.13.0\liquidcrystal_i2c\Core\Inc\stm32l4xx_it.h_save
2023-07-19 18:36:11,619 [INFO] CodeEngine:279 - Generated code: D:\Develop\FYP\STM32CubeIDEworkspace_1.13.0\liquidcrystal_i2c\Core\Inc\stm32l4xx_it.h
2023-07-19 18:36:11,633 [INFO] CodeEngine:255 - oldGeneratedFile, D:\Develop\FYP\STM32CubeIDEworkspace_1.13.0\liquidcrystal_i2c\Core\Src\stm32l4xx_hal_msp.c_save
2023-07-19 18:36:11,734 [INFO] CodeEngine:279 - Generated code: D:\Develop\FYP\STM32CubeIDEworkspace_1.13.0\liquidcrystal_i2c\Core\Src\stm32l4xx_hal_msp.c
2023-07-19 18:36:11,738 [INFO] CodeEngine:255 - oldGeneratedFile, D:\Develop\FYP\STM32CubeIDEworkspace_1.13.0\liquidcrystal_i2c\MXTmpFiles\system.tmp_save
2023-07-19 18:36:11,797 [INFO] CodeEngine:279 - Generated code: D:\Develop\FYP\STM32CubeIDEworkspace_1.13.0\liquidcrystal_i2c\MXTmpFiles\system.tmp
2023-07-19 18:36:11,806 [INFO] CodeEngine:311 - oldGeneratedFile, D:\Develop\FYP\STM32CubeIDEworkspace_1.13.0\liquidcrystal_i2c\Core\Inc\stm32l4xx_hal_conf.h_save
2023-07-19 18:36:11,872 [INFO] CodeEngine:335 - Generated code: D:\Develop\FYP\STM32CubeIDEworkspace_1.13.0\liquidcrystal_i2c\Core\Inc\stm32l4xx_hal_conf.h
2023-07-19 18:36:11,941 [INFO] CodeEngine:255 - oldGeneratedFile, D:\Develop\FYP\STM32CubeIDEworkspace_1.13.0\liquidcrystal_i2c\Core\Inc\main.h_save
2023-07-19 18:36:12,022 [INFO] CodeEngine:279 - Generated code: D:\Develop\FYP\STM32CubeIDEworkspace_1.13.0\liquidcrystal_i2c\Core\Inc\main.h
2023-07-19 18:36:12,027 [INFO] CodeEngine:255 - oldGeneratedFile, D:\Develop\FYP\STM32CubeIDEworkspace_1.13.0\liquidcrystal_i2c\Core\Src\main.c_save
2023-07-19 18:36:12,142 [INFO] CodeEngine:279 - Generated code: D:\Develop\FYP\STM32CubeIDEworkspace_1.13.0\liquidcrystal_i2c\Core\Src\main.c
2023-07-19 18:36:12,776 [INFO] ProjectBuilder:3064 - Time for Copy HAL[1] : 261mS.
2023-07-19 18:36:12,783 [INFO] ProjectBuilder:4404 - Project Generator version: 4.1.0
2023-07-19 18:36:13,014 [INFO] ConfigFileManager:1457 - The Die is : DIE415
2023-07-19 18:36:13,039 [INFO] ApiDbMcu:507 - Load IP Config File for FATFS
2023-07-19 18:36:13,045 [INFO] ApiDbMcu:507 - Load IP Config File for FREERTOS
2023-07-19 18:36:13,058 [INFO] ApiDbMcu:507 - Load IP Config File for TOUCHSENSING
2023-07-19 18:36:13,065 [INFO] ApiDbMcu:507 - Load IP Config File for USB_DEVICE
2023-07-19 18:36:13,070 [INFO] ApiDbMcu:507 - Load IP Config File for USB_HOST
