2023-08-03 01:18:19,302 [INFO] MainUpdater:2868 - connection check result : 10
2023-08-03 01:18:19,318 [INFO] MainUpdater:2868 - connection check result : 10
2023-08-03 01:18:19,818 [INFO] MicroXplorer:468 - Change Database Path : 
2023-08-03 01:18:19,818 [INFO] MicroXplorer:498 - Change Database Version : DB.6.0.90
2023-08-03 01:18:19,846 [WARN] ThirdParty:871 - waiting for thirdparty lock release [close project]
2023-08-03 01:18:19,846 [INFO] ThirdParty:873 - entering critical section [close project]
2023-08-03 01:18:19,847 [INFO] ThirdParty:883 - exiting critical section [close project]
2023-08-03 01:18:19,849 [INFO] PinOutPanel:1499 - setPackage(No Configuration,No Configuration)
2023-08-03 01:18:19,859 [INFO] UtilMem:75 - Begin LoadConfig() Used Memory: 928039088 Bytes (1073741824)
2023-08-03 01:18:19,860 [INFO] MicroXplorer:468 - Change Database Path : 
2023-08-03 01:18:19,860 [INFO] MicroXplorer:498 - Change Database Version : DB.6.0.90
2023-08-03 01:18:19,860 [INFO] OpenFileManager:308 - Change cursor
2023-08-03 01:18:19,870 [INFO] Mcu:1946 - Initializing MCU STM32L476R(C-E-G)Tx STM32L476RGTx STM32L476RGT3
2023-08-03 01:18:21,737 [INFO] Context:659 - Trying to add GPIOservice into a context  which must be forbidden
2023-08-03 01:18:22,346 [INFO] RtosManager:555 - Registered RTOS mode: class=CMSIS, group=RTOS, mode=CMSIS_V1, owner=FREERTOS
2023-08-03 01:18:22,346 [INFO] RtosManager:555 - Registered RTOS mode: class=CMSIS, group=RTOS2, mode=CMSIS_V2, owner=FREERTOS
2023-08-03 01:18:22,346 [INFO] RtosManager:555 - Registered RTOS mode: class=RTOS, group=Core, mode=CMSIS_V1, owner=FREERTOS
2023-08-03 01:18:22,346 [INFO] RtosManager:555 - Registered RTOS mode: class=RTOS, group=Core, mode=CMSIS_V2, owner=FREERTOS
2023-08-03 01:18:22,346 [WARN] ModelIntegratedComponent:184 - Missing modes for component STMicroelectronics:FreeRTOS:0.0.1:STMicroelectronics:RTOS:FreeRTOS:Core:::10.2.0:
2023-08-03 01:18:22,355 [WARN] ModelIntegratedComponent:63 - No mode defined for component null
2023-08-03 01:18:22,355 [WARN] ModelIntegratedComponent:63 - No mode defined for component null
2023-08-03 01:18:22,355 [WARN] ModelIntegratedComponent:63 - No mode defined for component null
2023-08-03 01:18:22,355 [WARN] ModelIntegratedComponent:63 - No mode defined for component null
2023-08-03 01:18:22,355 [WARN] ModelIntegratedComponent:63 - No mode defined for component null
2023-08-03 01:18:22,355 [WARN] ModelIntegratedComponent:63 - No mode defined for component null
2023-08-03 01:18:22,355 [WARN] ModelIntegratedComponent:63 - No mode defined for component null
2023-08-03 01:18:22,355 [WARN] ModelIntegratedComponent:63 - No mode defined for component null
2023-08-03 01:18:22,355 [WARN] ModelIntegratedComponent:63 - No mode defined for component null
2023-08-03 01:18:22,355 [WARN] ModelIntegratedComponent:63 - No mode defined for component null
2023-08-03 01:18:22,355 [WARN] ModelIntegratedComponent:63 - No mode defined for component null
2023-08-03 01:18:22,355 [WARN] ModelIntegratedComponent:63 - No mode defined for component null
2023-08-03 01:18:22,355 [WARN] ModelIntegratedComponent:63 - No mode defined for component null
2023-08-03 01:18:22,355 [WARN] ModelIntegratedComponent:63 - No mode defined for component null
2023-08-03 01:18:22,355 [WARN] ModelIntegratedComponent:63 - No mode defined for component null
2023-08-03 01:18:22,355 [WARN] ModelIntegratedComponent:63 - No mode defined for component null
2023-08-03 01:18:22,355 [WARN] ModelIntegratedComponent:63 - No mode defined for component null
2023-08-03 01:18:22,356 [WARN] ModelIntegratedComponent:63 - No mode defined for component null
2023-08-03 01:18:22,356 [WARN] ModelIntegratedComponent:63 - No mode defined for component null
2023-08-03 01:18:22,356 [WARN] ModelIntegratedComponent:63 - No mode defined for component null
2023-08-03 01:18:22,356 [WARN] ModelIntegratedComponent:63 - No mode defined for component null
2023-08-03 01:18:22,356 [WARN] ModelIntegratedComponent:63 - No mode defined for component null
2023-08-03 01:18:22,356 [WARN] ModelIntegratedComponent:63 - No mode defined for component null
2023-08-03 01:18:22,356 [WARN] ModelIntegratedComponent:63 - No mode defined for component null
2023-08-03 01:18:22,356 [WARN] ModelIntegratedComponent:63 - No mode defined for component null
2023-08-03 01:18:22,356 [WARN] ModelIntegratedComponent:63 - No mode defined for component null
2023-08-03 01:18:22,356 [WARN] ModelIntegratedComponent:63 - No mode defined for component null
2023-08-03 01:18:22,356 [WARN] ModelIntegratedComponent:63 - No mode defined for component null
2023-08-03 01:18:22,356 [WARN] ModelIntegratedComponent:63 - No mode defined for component null
2023-08-03 01:18:22,356 [WARN] ModelIntegratedComponent:63 - No mode defined for component null
2023-08-03 01:18:22,356 [WARN] ModelIntegratedComponent:63 - No mode defined for component null
2023-08-03 01:18:22,356 [WARN] ModelIntegratedComponent:63 - No mode defined for component null
2023-08-03 01:18:22,356 [WARN] ModelIntegratedComponent:63 - No mode defined for component null
2023-08-03 01:18:22,369 [INFO] ThirdPartyModel:298 - Start build external matchings
2023-08-03 01:18:22,633 [INFO] ThirdPartyModel:316 - End build external matchings
2023-08-03 01:18:22,649 [INFO] ImportTextPane:194 - (OptionalMessage_ERROR) IP (RCC) : Invalid parameter (FamilyName)
2023-08-03 01:18:22,652 [INFO] ImportTextPane:194 - (OptionalMessage_ERROR) IP (RCC) : Parameter (RNGFreq_Value) has invalid value (64000000)
2023-08-03 01:18:22,652 [INFO] ImportTextPane:194 - (OptionalMessage_ERROR) IP (RCC) : Parameter (SDMMCFreq_Value) has invalid value (64000000)
2023-08-03 01:18:22,653 [INFO] ImportTextPane:194 - (OptionalMessage_ERROR) IP (RCC) : Parameter (USBFreq_Value) has invalid value (64000000)
2023-08-03 01:18:23,180 [INFO] UtilMem:75 - End LoadConfig() Used Memory: 537597544 Bytes (1073741824)
2023-08-03 01:18:23,292 [WARN] ThirdParty:833 - waiting for thirdparty lock release [change project]
2023-08-03 01:18:23,292 [INFO] ThirdParty:835 - entering critical section [change project]
2023-08-03 01:18:23,292 [INFO] ThirdParty:1030 - CMSIS Pack Vendor :STMicroelectronics X-CUBE-ISPU 1.1.0
2023-08-03 01:18:23,292 [INFO] ThirdParty:1030 - CMSIS Pack Vendor :STMicroelectronics USBPD 4.1
2023-08-03 01:18:23,292 [INFO] ThirdParty:1030 - CMSIS Pack Vendor :STMicroelectronics X-CUBE-GNSS1 6.0.0
2023-08-03 01:18:23,292 [INFO] ThirdParty:1030 - CMSIS Pack Vendor :STMicroelectronics USB_HOST 2.0.0
2023-08-03 01:18:23,293 [INFO] ThirdParty:1030 - CMSIS Pack Vendor :STMicroelectronics X-CUBE-AZRTOS-F4 1.1.0
2023-08-03 01:18:23,293 [INFO] ThirdParty:1030 - CMSIS Pack Vendor :STMicroelectronics LIBJPEG 8.0.0
2023-08-03 01:18:23,293 [INFO] ThirdParty:1030 - CMSIS Pack Vendor :wolfSSL I-CUBE-wolfSSL 5.6.3
2023-08-03 01:18:23,293 [INFO] ThirdParty:1030 - CMSIS Pack Vendor :STMicroelectronics X-CUBE-SMBUS 2.1.0
2023-08-03 01:18:23,293 [INFO] ThirdParty:1030 - CMSIS Pack Vendor :STMicroelectronics USB_DEVICE 3.0.0
2023-08-03 01:18:23,293 [INFO] ThirdParty:1030 - CMSIS Pack Vendor :STMicroelectronics X-CUBE-FREERTOS 1.0.1
2023-08-03 01:18:23,293 [INFO] ThirdParty:1030 - CMSIS Pack Vendor :STMicroelectronics X-CUBE-AZRTOS-F7 1.1.0
2023-08-03 01:18:23,293 [INFO] ThirdParty:1030 - CMSIS Pack Vendor :STMicroelectronics USB_DEVICE 2.0.0
2023-08-03 01:18:23,293 [INFO] ThirdParty:1030 - CMSIS Pack Vendor :STMicroelectronics X-CUBE-MEMS1 9.6.0
2023-08-03 01:18:23,293 [INFO] ThirdParty:1030 - CMSIS Pack Vendor :STMicroelectronics FP-SNS-MOTENV1 4.3.2
2023-08-03 01:18:23,293 [INFO] ThirdParty:1030 - CMSIS Pack Vendor :STMicroelectronics X-CUBE-ALGOBUILD 1.3.0
2023-08-03 01:18:23,293 [INFO] ThirdParty:1030 - CMSIS Pack Vendor :STMicroelectronics X-CUBE-BLE1 6.2.4
2023-08-03 01:18:23,293 [INFO] ThirdParty:1030 - CMSIS Pack Vendor :STMicroelectronics X-CUBE-AZRTOS-L5 1.1.0
2023-08-03 01:18:23,293 [INFO] ThirdParty:1030 - CMSIS Pack Vendor :STMicroelectronics FreeRTOS 0.0.1
2023-08-03 01:18:23,293 [INFO] ThirdParty:1030 - CMSIS Pack Vendor :STMicroelectronics X-CUBE-AZRTOS-G0 1.1.0
2023-08-03 01:18:23,293 [INFO] ThirdParty:1030 - CMSIS Pack Vendor :STMicroelectronics X-CUBE-BLEMGR 2.0.0
2023-08-03 01:18:23,293 [INFO] ThirdParty:1030 - CMSIS Pack Vendor :STMicroelectronics X-CUBE-AI 8.0.1
2023-08-03 01:18:23,293 [INFO] ThirdParty:1030 - CMSIS Pack Vendor :STMicroelectronics X-CUBE-NFC4 3.0.0
2023-08-03 01:18:23,293 [INFO] ThirdParty:1030 - CMSIS Pack Vendor :STMicroelectronics X-CUBE-SUBG2 5.0.0
2023-08-03 01:18:23,293 [INFO] ThirdParty:1030 - CMSIS Pack Vendor :STMicroelectronics STM32_WPAN 1.0.0
2023-08-03 01:18:23,293 [INFO] ThirdParty:1030 - CMSIS Pack Vendor :STMicroelectronics lwIP 2.0.3
2023-08-03 01:18:23,293 [INFO] ThirdParty:1030 - CMSIS Pack Vendor :STMicroelectronics FP-SNS-FLIGHT1 5.0.2
2023-08-03 01:18:23,293 [INFO] ThirdParty:1030 - CMSIS Pack Vendor :STMicroelectronics USB_HOST 1.0.0
2023-08-03 01:18:23,293 [INFO] ThirdParty:1030 - CMSIS Pack Vendor :STMicroelectronics X-CUBE-TOF1 3.3.1
2023-08-03 01:18:23,293 [INFO] ThirdParty:1030 - CMSIS Pack Vendor :STMicroelectronics X-CUBE-AZRTOS-G4 2.0.0
2023-08-03 01:18:23,293 [INFO] ThirdParty:1030 - CMSIS Pack Vendor :STMicroelectronics PDM2PCM 3.1.0
2023-08-03 01:18:23,293 [INFO] ThirdParty:1030 - CMSIS Pack Vendor :STMicroelectronics X-CUBE-AZRTOS-H7 3.1.0
2023-08-03 01:18:23,293 [INFO] ThirdParty:1030 - CMSIS Pack Vendor :STMicroelectronics PDM2PCM 3.3.0
2023-08-03 01:18:23,293 [INFO] ThirdParty:1030 - CMSIS Pack Vendor :STMicroelectronics X-CUBE-DISPLAY 3.0.0
2023-08-03 01:18:23,293 [INFO] ThirdParty:1030 - CMSIS Pack Vendor :STMicroelectronics FP-ATR-SIGFOX1 3.2.0
2023-08-03 01:18:23,294 [INFO] ThirdParty:1030 - CMSIS Pack Vendor :STMicroelectronics HAL Drivers 0.0.0
2023-08-03 01:18:23,294 [INFO] ThirdParty:1030 - CMSIS Pack Vendor :STMicroelectronics MBEDTLS 2.16.2
2023-08-03 01:18:23,294 [INFO] ThirdParty:1030 - CMSIS Pack Vendor :emotas I-CUBE-CANOPEN 1.3.0
2023-08-03 01:18:23,294 [INFO] ThirdParty:1030 - CMSIS Pack Vendor :STMicroelectronics X-CUBE-TOUCHGFX 4.22.0
2023-08-03 01:18:23,294 [INFO] ThirdParty:1030 - CMSIS Pack Vendor :STMicroelectronics X-CUBE-NFC7 1.0.1
2023-08-03 01:18:23,294 [INFO] ThirdParty:1030 - CMSIS Pack Vendor :STMicroelectronics MBEDTLS 2.14.1
2023-08-03 01:18:23,294 [INFO] ThirdParty:1030 - CMSIS Pack Vendor :STMicroelectronics X-CUBE-EEPRMA1 4.1.0
2023-08-03 01:18:23,294 [INFO] ThirdParty:1030 - CMSIS Pack Vendor :portGmbH I-Cube-SoM-uGOAL 1.1.0
2023-08-03 01:18:23,294 [INFO] ThirdParty:1030 - CMSIS Pack Vendor :STMicroelectronics X-CUBE-ALS 1.0.1
2023-08-03 01:18:23,294 [INFO] ThirdParty:1030 - CMSIS Pack Vendor :STMicroelectronics ThreadX 1.0.0
2023-08-03 01:18:23,294 [INFO] ThirdParty:1030 - CMSIS Pack Vendor :STMicroelectronics X-CUBE-AZRTOS-WB 1.1.0
2023-08-03 01:18:23,294 [INFO] ThirdParty:1030 - CMSIS Pack Vendor :STMicroelectronics X-CUBE-AZRTOS-WL 2.0.0
2023-08-03 01:18:23,294 [INFO] ThirdParty:1030 - CMSIS Pack Vendor :SEGGER I-CUBE-embOS 1.3.1
2023-08-03 01:18:23,294 [INFO] ThirdParty:1030 - CMSIS Pack Vendor :STMicroelectronics USB_DEVICE 1.0.0
2023-08-03 01:18:23,294 [INFO] ThirdParty:1030 - CMSIS Pack Vendor :STMicroelectronics X-CUBE-AZRTOS-L4 2.0.0
2023-08-03 01:18:23,294 [INFO] ThirdParty:1030 - CMSIS Pack Vendor :STMicroelectronics ThreadX 0.0.2
2023-08-03 01:18:23,294 [INFO] ThirdParty:1030 - CMSIS Pack Vendor :STMicroelectronics FP-ATR-ASTRA1 2.0.0
2023-08-03 01:18:23,294 [INFO] ThirdParty:1030 - CMSIS Pack Vendor :STMicroelectronics lwIP 2.1.2
2023-08-03 01:18:23,294 [INFO] ThirdParty:1030 - CMSIS Pack Vendor :STMicroelectronics X-CUBE-SFXS2LP1 4.0.0
2023-08-03 01:18:23,294 [INFO] ThirdParty:1030 - CMSIS Pack Vendor :STMicroelectronics X-CUBE-BLE2 3.3.0
2023-08-03 01:18:23,294 [INFO] ThirdParty:1030 - CMSIS Pack Vendor :STMicroelectronics PDM2PCM 3.2.0
2023-08-03 01:18:23,295 [INFO] ThirdParty:841 - exiting critical section [change project]
2023-08-03 01:18:23,630 [INFO] PinOutPanel:1499 - setPackage(No Configuration,No Configuration)
2023-08-03 01:18:23,630 [INFO] PinOutPanel:1499 - setPackage(STM32L476RGTx,LQFP64)
2023-08-03 01:18:24,132 [INFO] UtilMem:75 - Before build in PCC Used Memory: 713463032 Bytes (1073741824)
2023-08-03 01:18:24,487 [INFO] UtilMem:75 - After build in PCC Used Memory: 793681144 Bytes (1073741824)
2023-08-03 01:18:24,510 [INFO] IPUIPlugin:80 - create IPUIPlugin
2023-08-03 01:18:24,510 [INFO] IPUIPlugin:80 - create IPUIPlugin
2023-08-03 01:18:24,511 [INFO] IPUIPlugin:80 - create IPUIPlugin
2023-08-03 01:18:24,511 [INFO] IPUIPlugin:80 - create IPUIPlugin
2023-08-03 01:18:24,511 [INFO] IPUIPlugin:80 - create IPUIPlugin
2023-08-03 01:18:24,511 [INFO] IPUIPlugin:80 - create IPUIPlugin
2023-08-03 01:18:24,511 [INFO] IPUIPlugin:80 - create IPUIPlugin
2023-08-03 01:18:24,511 [INFO] IPUIPlugin:80 - create IPUIPlugin
2023-08-03 01:18:24,511 [INFO] IPUIPlugin:80 - create IPUIPlugin
2023-08-03 01:18:24,511 [INFO] IPUIPlugin:80 - create IPUIPlugin
2023-08-03 01:18:24,511 [INFO] IPUIPlugin:80 - create IPUIPlugin
2023-08-03 01:18:24,511 [INFO] IPUIPlugin:80 - create IPUIPlugin
2023-08-03 01:18:24,511 [INFO] IPUIPlugin:80 - create IPUIPlugin
2023-08-03 01:18:24,512 [INFO] IPUIPlugin:80 - create IPUIPlugin
2023-08-03 01:18:24,512 [INFO] IPUIPlugin:80 - create IPUIPlugin
2023-08-03 01:18:24,512 [INFO] IPUIPlugin:80 - create IPUIPlugin
2023-08-03 01:18:24,512 [INFO] IPUIPlugin:80 - create IPUIPlugin
2023-08-03 01:18:24,512 [INFO] IPUIPlugin:80 - create IPUIPlugin
2023-08-03 01:18:24,512 [INFO] IPUIPlugin:80 - create IPUIPlugin
2023-08-03 01:18:24,512 [INFO] IPUIPlugin:80 - create IPUIPlugin
2023-08-03 01:18:24,512 [INFO] IPUIPlugin:80 - create IPUIPlugin
2023-08-03 01:18:24,513 [INFO] IPUIPlugin:80 - create IPUIPlugin
2023-08-03 01:18:24,513 [INFO] IPUIPlugin:80 - create IPUIPlugin
2023-08-03 01:18:24,513 [INFO] IPUIPlugin:80 - create IPUIPlugin
2023-08-03 01:18:24,513 [INFO] IPUIPlugin:80 - create IPUIPlugin
2023-08-03 01:18:24,513 [INFO] IPUIPlugin:80 - create IPUIPlugin
2023-08-03 01:18:24,513 [INFO] IPUIPlugin:80 - create IPUIPlugin
2023-08-03 01:18:24,513 [INFO] IPUIPlugin:80 - create IPUIPlugin
2023-08-03 01:18:24,513 [INFO] IPUIPlugin:80 - create IPUIPlugin
2023-08-03 01:18:24,514 [INFO] IPUIPlugin:80 - create IPUIPlugin
2023-08-03 01:18:24,514 [INFO] IPUIPlugin:80 - create IPUIPlugin
2023-08-03 01:18:24,514 [INFO] IPUIPlugin:80 - create IPUIPlugin
2023-08-03 01:18:24,514 [INFO] IPUIPlugin:80 - create IPUIPlugin
2023-08-03 01:18:24,514 [INFO] IPUIPlugin:80 - create IPUIPlugin
2023-08-03 01:18:24,514 [INFO] IPUIPlugin:80 - create IPUIPlugin
2023-08-03 01:18:24,515 [INFO] IPUIPlugin:80 - create IPUIPlugin
2023-08-03 01:18:24,515 [INFO] IPUIPlugin:80 - create IPUIPlugin
2023-08-03 01:18:24,516 [INFO] IPUIPlugin:80 - create IPUIPlugin
2023-08-03 01:18:24,516 [INFO] IPUIPlugin:80 - create IPUIPlugin
2023-08-03 01:18:24,516 [INFO] IPUIPlugin:80 - create IPUIPlugin
2023-08-03 01:18:24,516 [INFO] IPUIPlugin:80 - create IPUIPlugin
2023-08-03 01:18:24,516 [INFO] IPUIPlugin:80 - create IPUIPlugin
2023-08-03 01:18:24,517 [INFO] IPUIPlugin:80 - create IPUIPlugin
2023-08-03 01:18:24,517 [INFO] IPUIPlugin:80 - create IPUIPlugin
2023-08-03 01:18:24,517 [INFO] IPUIPlugin:80 - create IPUIPlugin
2023-08-03 01:18:24,517 [INFO] IPUIPlugin:80 - create IPUIPlugin
2023-08-03 01:18:24,518 [INFO] IPUIPlugin:80 - create IPUIPlugin
2023-08-03 01:18:24,518 [INFO] IPUIPlugin:80 - create IPUIPlugin
2023-08-03 01:18:24,518 [INFO] IPUIPlugin:80 - create IPUIPlugin
2023-08-03 01:18:24,519 [INFO] IPUIPlugin:80 - create IPUIPlugin
2023-08-03 01:18:24,519 [INFO] IPUIPlugin:80 - create IPUIPlugin
2023-08-03 01:18:24,519 [INFO] IPUIPlugin:80 - create IPUIPlugin
2023-08-03 01:18:24,520 [INFO] IPUIPlugin:80 - create IPUIPlugin
2023-08-03 01:18:24,520 [INFO] IPUIPlugin:80 - create IPUIPlugin
2023-08-03 01:18:24,520 [INFO] IPUIPlugin:80 - create IPUIPlugin
2023-08-03 01:18:24,520 [INFO] IPUIPlugin:80 - create IPUIPlugin
2023-08-03 01:18:24,521 [INFO] IPUIPlugin:80 - create IPUIPlugin
2023-08-03 01:18:24,521 [INFO] IPUIPlugin:80 - create IPUIPlugin
2023-08-03 01:18:24,522 [INFO] IPUIPlugin:80 - create IPUIPlugin
2023-08-03 01:18:24,579 [INFO] CADModel:165 - CPN selected for project levelSTM32L476RGT3
2023-08-03 01:18:24,579 [INFO] CADModel:114 - Register for checkConnection events
2023-08-03 01:18:24,642 [INFO] OpenFileManager:328 - Restore cursor
