2023-09-26 08:49:07,166 [INFO] Activator:176 - 


2023-09-26 08:49:07,173 [INFO] Activator:177 - !SESSION log4j initialized
2023-09-26 08:49:14,461 [INFO] LogOutputStream:77 - [STDOUT_REDIRECT] 
2023-09-26 08:49:20,726 [INFO] ApplicationProperties:184 - Using Application install path: D:\STM32CubeIDE_1.13.0\STM32CubeIDE\plugins\com.st.stm32cube.common.mx_6.9.0.202307051724
2023-09-26 08:49:20,748 [INFO] DbMcusXml:78 - Set database path to: D:\STM32CubeIDE_1.13.0\STM32CubeIDE\plugins\com.st.stm32cube.common.mx_6.9.0.202307051724\\db\/mcu/
2023-09-26 08:49:20,749 [INFO] ApiDb:274 - Set plugin database path to: D:\STM32CubeIDE_1.13.0\STM32CubeIDE\plugins\com.st.stm32cube.common.mx_6.9.0.202307051724\\db\/plugins/boardmanager/
2023-09-26 08:49:20,749 [WARN] ApiDb:259 - Overriding images path with different value:  => D:\STM32CubeIDE_1.13.0\STM32CubeIDE\plugins\com.st.stm32cube.common.mx_6.9.0.202307051724\\db\/plugins/mcufinder/images/
2023-09-26 08:49:20,762 [INFO] ApiDb:250 - Set database path to: C:\Users\66405\.stmcufinder\plugins\mcufinder//mcu/
2023-09-26 08:49:20,764 [INFO] DbMcusAds:125 - Set database path to: C:\Users\66405\.stmcufinder\plugins\mcufinder//mcu/
2023-09-26 08:49:20,767 [INFO] CrossReferenceDbSqlite:203 - Set database path to: C:\Users\66405\.stmcufinder\plugins\mcufinder//mcu/cs/
2023-09-26 08:49:20,906 [INFO] RulesReader:64 - Compatibility file has been processed (293 Rules)
2023-09-26 08:49:21,024 [INFO] DbMcusXml:78 - Set database path to: D:\STM32CubeIDE_1.13.0\STM32CubeIDE\plugins\com.st.stm32cube.common.mx_6.9.0.202307051724\\db\/mcu/
2023-09-26 08:49:21,025 [INFO] ApiDb:274 - Set plugin database path to: D:\STM32CubeIDE_1.13.0\STM32CubeIDE\plugins\com.st.stm32cube.common.mx_6.9.0.202307051724\\db\/plugins/boardmanager/
2023-09-26 08:49:21,025 [INFO] ApiDb:261 - Set plugin images path to: D:\STM32CubeIDE_1.13.0\STM32CubeIDE\plugins\com.st.stm32cube.common.mx_6.9.0.202307051724\\db\/plugins/mcufinder/images/
2023-09-26 08:49:21,025 [WARN] DbFile:41 - Overriding database path with different value: C:\Users\66405\.stmcufinder\plugins\mcufinder/ => C:\Users\66405\.stmcufinder\plugins\mcufinder
2023-09-26 08:49:21,025 [INFO] ApiDb:250 - Set database path to: C:\Users\66405\.stmcufinder\plugins\mcufinder//mcu/
2023-09-26 08:49:21,025 [WARN] DbFile:41 - Overriding database path with different value: C:\Users\66405\.stmcufinder\plugins\mcufinder/ => C:\Users\66405\.stmcufinder\plugins\mcufinder
2023-09-26 08:49:21,025 [INFO] DbMcusAds:125 - Set database path to: C:\Users\66405\.stmcufinder\plugins\mcufinder//mcu/
2023-09-26 08:49:21,025 [WARN] DbFile:41 - Overriding database path with different value: C:\Users\66405\.stmcufinder\plugins\mcufinder/ => C:\Users\66405\.stmcufinder\plugins\mcufinder
2023-09-26 08:49:21,025 [WARN] DbFile:41 - Overriding database path with different value: C:\Users\66405\.stmcufinder\plugins\mcufinder/ => C:\Users\66405\.stmcufinder\plugins\mcufinder
2023-09-26 08:49:21,025 [INFO] CrossReferenceDbSqlite:203 - Set database path to: C:\Users\66405\.stmcufinder\plugins\mcufinder//mcu/cs/
2023-09-26 08:49:21,126 [INFO] MainPanel:262 - HeapMemory: 268435456
2023-09-26 08:49:21,252 [INFO] DbMcusXml:78 - Set database path to: D:\STM32CubeIDE_1.13.0\STM32CubeIDE\plugins\com.st.stm32cube.common.mx_6.9.0.202307051724\\db\/mcu/
2023-09-26 08:49:21,253 [INFO] ApiDb:274 - Set plugin database path to: D:\STM32CubeIDE_1.13.0\STM32CubeIDE\plugins\com.st.stm32cube.common.mx_6.9.0.202307051724\\db\/plugins/boardmanager/
2023-09-26 08:49:21,253 [INFO] ApiDb:261 - Set plugin images path to: D:\STM32CubeIDE_1.13.0\STM32CubeIDE\plugins\com.st.stm32cube.common.mx_6.9.0.202307051724\\db\/plugins/mcufinder/images/
2023-09-26 08:49:21,253 [WARN] DbFile:41 - Overriding database path with different value: C:\Users\66405\.stmcufinder\plugins\mcufinder/ => C:\Users\66405\.stmcufinder\plugins\mcufinder
2023-09-26 08:49:21,253 [INFO] ApiDb:250 - Set database path to: C:\Users\66405\.stmcufinder\plugins\mcufinder//mcu/
2023-09-26 08:49:21,253 [WARN] DbFile:41 - Overriding database path with different value: C:\Users\66405\.stmcufinder\plugins\mcufinder/ => C:\Users\66405\.stmcufinder\plugins\mcufinder
2023-09-26 08:49:21,254 [INFO] DbMcusAds:125 - Set database path to: C:\Users\66405\.stmcufinder\plugins\mcufinder//mcu/
2023-09-26 08:49:21,254 [WARN] DbFile:41 - Overriding database path with different value: C:\Users\66405\.stmcufinder\plugins\mcufinder/ => C:\Users\66405\.stmcufinder\plugins\mcufinder
2023-09-26 08:49:21,254 [WARN] DbFile:41 - Overriding database path with different value: C:\Users\66405\.stmcufinder\plugins\mcufinder/ => C:\Users\66405\.stmcufinder\plugins\mcufinder
2023-09-26 08:49:21,254 [INFO] CrossReferenceDbSqlite:203 - Set database path to: C:\Users\66405\.stmcufinder\plugins\mcufinder//mcu/cs/
2023-09-26 08:49:21,276 [INFO] ApplicationProperties:184 - Using Application install path: D:\STM32CubeIDE_1.13.0\STM32CubeIDE\plugins\com.st.stm32cube.common.mx_6.9.0.202307051724
2023-09-26 08:49:21,278 [INFO] PluginManage:196 - Search for loadable plugins [exclusion list=, ]
2023-09-26 08:49:21,280 [INFO] PluginManage:310 - Check plugin analytics
2023-09-26 08:49:26,012 [INFO] AnalyticsPlugin:253 - Accepted Software Licenses: 
2023-09-26 08:49:26,012 [INFO] AnalyticsPlugin:255 - Accepted CMSIS Pack Licenses: 
2023-09-26 08:49:26,012 [INFO] AnalyticsPlugin:257 - Accepted Firmware Licenses: FW.L4.1.18.0
2023-09-26 08:49:26,015 [INFO] PluginManage:359 - Loaded plugin analytics (category:tool,tabindex:-1)
2023-09-26 08:49:26,015 [INFO] PluginManage:310 - Check plugin cadmodel
2023-09-26 08:49:26,020 [INFO] CADModel:105 - Init CAD model plugin
2023-09-26 08:49:26,020 [INFO] PluginManage:359 - Loaded plugin cadmodel (category:power,tabindex:5)
2023-09-26 08:49:26,021 [INFO] PluginManage:310 - Check plugin clock
2023-09-26 08:49:26,033 [INFO] PluginManage:359 - Loaded plugin clock (category:base,tabindex:2)
2023-09-26 08:49:26,033 [INFO] PluginManage:310 - Check plugin ddr
2023-09-26 08:49:26,036 [INFO] PluginManage:359 - Loaded plugin ddr (category:tool,tabindex:6)
2023-09-26 08:49:26,037 [INFO] PluginManage:310 - Check plugin filemanager
2023-09-26 08:49:26,176 [INFO] PluginManage:359 - Loaded plugin filemanager (category:base,tabindex:10)
2023-09-26 08:49:26,176 [INFO] PluginManage:310 - Check plugin ipmanager
2023-09-26 08:49:26,185 [INFO] PluginManage:359 - Loaded plugin ipmanager (category:base,tabindex:5)
2023-09-26 08:49:26,185 [INFO] PluginManage:310 - Check plugin lpbam
2023-09-26 08:49:26,193 [INFO] PluginManage:359 - Loaded plugin lpbam (category:base,tabindex:0)
2023-09-26 08:49:26,194 [INFO] PluginManage:310 - Check plugin memorymap
2023-09-26 08:49:26,208 [INFO] PluginManage:359 - Loaded plugin memorymap (category:base,tabindex:4)
2023-09-26 08:49:26,208 [INFO] PluginManage:310 - Check plugin pinoutandconfiguration
2023-09-26 08:49:26,217 [INFO] PluginManage:359 - Loaded plugin pinoutandconfiguration (category:base,tabindex:1)
2023-09-26 08:49:26,217 [INFO] PluginManage:310 - Check plugin pinoutconfig
2023-09-26 08:49:26,314 [WARN] SupportedApi:132 - Cannot load RTOS API schema: s4s-elt-must-match.1: The content of 'definitions' must match (annotation?, (simpleType | complexType)?, (unique | key | keyref)*)). A problem was found starting at: attribute.
2023-09-26 08:49:26,469 [INFO] PluginManage:359 - Loaded plugin pinoutconfig (category:base,tabindex:0)
2023-09-26 08:49:26,469 [INFO] PluginManage:310 - Check plugin power
2023-09-26 08:49:26,483 [INFO] PluginManage:359 - Loaded plugin power (category:power,tabindex:4)
2023-09-26 08:49:26,484 [INFO] PluginManage:310 - Check plugin projectmanager
2023-09-26 08:49:26,501 [INFO] PluginManage:359 - Loaded plugin projectmanager (category:projectmanager,tabindex:3)
2023-09-26 08:49:26,501 [INFO] PluginManage:310 - Check plugin thirdparty
2023-09-26 08:49:26,650 [INFO] PluginManage:359 - Loaded plugin thirdparty (category:base,tabindex:-1)
2023-09-26 08:49:26,650 [WARN] IntegrityCheckThread:84 - waiting for thirdparty lock release [integrity check]
2023-09-26 08:49:26,650 [INFO] IntegrityCheckThread:86 - entering critical section [integrity check]
2023-09-26 08:49:26,650 [INFO] PluginManage:310 - Check plugin tools
2023-09-26 08:49:26,651 [INFO] ThirdPartyUpdaterWithRetryManager:70 - Updater plugin not ready yet. [1/15]
2023-09-26 08:49:26,653 [INFO] PluginManage:359 - Loaded plugin tools (category:base,tabindex:7)
2023-09-26 08:49:26,653 [INFO] PluginManage:310 - Check plugin tutovideos
2023-09-26 08:49:26,842 [INFO] PluginManage:359 - Loaded plugin tutovideos (category:base,tabindex:-1)
2023-09-26 08:49:26,842 [INFO] PluginManage:310 - Check plugin updater
2023-09-26 08:49:26,855 [INFO] PluginManage:359 - Loaded plugin updater (category:base,tabindex:12)
2023-09-26 08:49:26,855 [INFO] PluginManage:310 - Check plugin userauth
2023-09-26 08:49:26,861 [INFO] UserAuth:113 - Init User Auth plugin
2023-09-26 08:49:26,861 [INFO] PluginManage:359 - Loaded plugin userauth (category:base,tabindex:14)
2023-09-26 08:49:26,862 [INFO] PluginManage:283 - PluginManage : Loaded plugins [17]
2023-09-26 08:49:27,105 [INFO] PinOutPanel:1499 - setPackage(No Configuration,No Configuration)
2023-09-26 08:49:27,230 [INFO] CADModel:165 - CPN selected for project level
2023-09-26 08:49:27,230 [INFO] CADModel:114 - Register for checkConnection events
2023-09-26 08:49:27,251 [INFO] IPUIPlugin:80 - create IPUIPlugin
2023-09-26 08:49:27,263 [INFO] PluginManager:220 - loadIPPluginJar : add adc
2023-09-26 08:49:27,267 [INFO] IPUIPlugin:80 - create IPUIPlugin
2023-09-26 08:49:27,267 [INFO] PluginManager:220 - loadIPPluginJar : add aes
2023-09-26 08:49:27,271 [INFO] IPUIPlugin:80 - create IPUIPlugin
2023-09-26 08:49:27,271 [INFO] PluginManager:220 - loadIPPluginJar : add can
2023-09-26 08:49:27,273 [INFO] IPUIPlugin:80 - create IPUIPlugin
2023-09-26 08:49:27,273 [INFO] PluginManager:220 - loadIPPluginJar : add comp
2023-09-26 08:49:27,276 [INFO] IPUIPlugin:80 - create IPUIPlugin
2023-09-26 08:49:27,276 [INFO] PluginManager:220 - loadIPPluginJar : add cryp
2023-09-26 08:49:27,279 [INFO] IPUIPlugin:80 - create IPUIPlugin
2023-09-26 08:49:27,279 [INFO] PluginManager:220 - loadIPPluginJar : add dfsdm
2023-09-26 08:49:27,290 [INFO] IPUIPlugin:80 - create IPUIPlugin
2023-09-26 08:49:27,291 [INFO] PluginManager:220 - loadIPPluginJar : add dma
2023-09-26 08:49:27,294 [INFO] IPUIPlugin:80 - create IPUIPlugin
2023-09-26 08:49:27,294 [INFO] PluginManager:220 - loadIPPluginJar : add dma3
2023-09-26 08:49:27,297 [INFO] IPUIPlugin:80 - create IPUIPlugin
2023-09-26 08:49:27,297 [INFO] PluginManager:220 - loadIPPluginJar : add fatfs
2023-09-26 08:49:27,302 [INFO] IPUIPlugin:80 - create IPUIPlugin
2023-09-26 08:49:27,302 [INFO] PluginManager:220 - loadIPPluginJar : add fmc
2023-09-26 08:49:27,308 [INFO] IPUIPlugin:80 - create IPUIPlugin
2023-09-26 08:49:27,308 [INFO] PluginManager:220 - loadIPPluginJar : add freertos
2023-09-26 08:49:27,310 [INFO] IPUIPlugin:80 - create IPUIPlugin
2023-09-26 08:49:27,310 [INFO] PluginManager:220 - loadIPPluginJar : add genericplugin
2023-09-26 08:49:27,314 [INFO] IPUIPlugin:80 - create IPUIPlugin
2023-09-26 08:49:27,314 [INFO] PluginManager:220 - loadIPPluginJar : add gfxmmu
2023-09-26 08:49:27,319 [INFO] IPUIPlugin:80 - create IPUIPlugin
2023-09-26 08:49:27,319 [INFO] PluginManager:220 - loadIPPluginJar : add gic
2023-09-26 08:49:27,323 [INFO] IPUIPlugin:80 - create IPUIPlugin
2023-09-26 08:49:27,323 [INFO] PluginManager:220 - loadIPPluginJar : add gpio
2023-09-26 08:49:27,327 [INFO] IPUIPlugin:80 - create IPUIPlugin
2023-09-26 08:49:27,327 [INFO] PluginManager:220 - loadIPPluginJar : add gtzc
2023-09-26 08:49:27,331 [INFO] IPUIPlugin:80 - create IPUIPlugin
2023-09-26 08:49:27,331 [INFO] PluginManager:220 - loadIPPluginJar : add hash
2023-09-26 08:49:27,334 [INFO] IPUIPlugin:80 - create IPUIPlugin
2023-09-26 08:49:27,334 [INFO] PluginManager:220 - loadIPPluginJar : add i2c
2023-09-26 08:49:27,337 [INFO] IPUIPlugin:80 - create IPUIPlugin
2023-09-26 08:49:27,337 [INFO] PluginManager:220 - loadIPPluginJar : add i2s
2023-09-26 08:49:27,340 [INFO] IPUIPlugin:80 - create IPUIPlugin
2023-09-26 08:49:27,340 [INFO] PluginManager:220 - loadIPPluginJar : add i3c
2023-09-26 08:49:27,343 [INFO] IPUIPlugin:80 - create IPUIPlugin
2023-09-26 08:49:27,343 [INFO] PluginManager:220 - loadIPPluginJar : add ipddr
2023-09-26 08:49:27,351 [INFO] IPUIPlugin:80 - create IPUIPlugin
2023-09-26 08:49:27,352 [INFO] PluginManager:220 - loadIPPluginJar : add linkedlist
2023-09-26 08:49:27,354 [INFO] IPUIPlugin:80 - create IPUIPlugin
2023-09-26 08:49:27,355 [INFO] PluginManager:220 - loadIPPluginJar : add lorawan
2023-09-26 08:49:27,357 [INFO] IPUIPlugin:80 - create IPUIPlugin
2023-09-26 08:49:27,357 [INFO] PluginManager:220 - loadIPPluginJar : add ltdc
2023-09-26 08:49:27,364 [INFO] IPUIPlugin:80 - create IPUIPlugin
2023-09-26 08:49:27,364 [INFO] PluginManager:220 - loadIPPluginJar : add mdma
2023-09-26 08:49:27,368 [INFO] IPUIPlugin:80 - create IPUIPlugin
2023-09-26 08:49:27,368 [INFO] PluginManager:220 - loadIPPluginJar : add nvic
2023-09-26 08:49:27,371 [INFO] IPUIPlugin:80 - create IPUIPlugin
2023-09-26 08:49:27,371 [INFO] PluginManager:220 - loadIPPluginJar : add opamp
2023-09-26 08:49:27,374 [INFO] IPUIPlugin:80 - create IPUIPlugin
2023-09-26 08:49:27,374 [INFO] PluginManager:220 - loadIPPluginJar : add openamp
2023-09-26 08:49:27,379 [INFO] IPUIPlugin:80 - create IPUIPlugin
2023-09-26 08:49:27,379 [INFO] PluginManager:220 - loadIPPluginJar : add pdm2pcm
2023-09-26 08:49:27,386 [INFO] IPUIPlugin:80 - create IPUIPlugin
2023-09-26 08:49:27,389 [INFO] PluginManager:220 - loadIPPluginJar : add plateformsettings
2023-09-26 08:49:27,391 [INFO] IPUIPlugin:80 - create IPUIPlugin
2023-09-26 08:49:27,391 [INFO] PluginManager:220 - loadIPPluginJar : add quadspi
2023-09-26 08:49:27,397 [INFO] IPUIPlugin:80 - create IPUIPlugin
2023-09-26 08:49:27,397 [INFO] PluginManager:220 - loadIPPluginJar : add resmgrutility
2023-09-26 08:49:27,400 [INFO] IPUIPlugin:80 - create IPUIPlugin
2023-09-26 08:49:27,400 [INFO] PluginManager:220 - loadIPPluginJar : add sai
2023-09-26 08:49:27,404 [INFO] IPUIPlugin:80 - create IPUIPlugin
2023-09-26 08:49:27,404 [INFO] PluginManager:220 - loadIPPluginJar : add spi
2023-09-26 08:49:27,410 [INFO] IPUIPlugin:80 - create IPUIPlugin
2023-09-26 08:49:27,410 [INFO] PluginManager:220 - loadIPPluginJar : add stm32_wpan
2023-09-26 08:49:27,414 [INFO] IPUIPlugin:80 - create IPUIPlugin
2023-09-26 08:49:27,414 [INFO] PluginManager:220 - loadIPPluginJar : add tim
2023-09-26 08:49:27,417 [INFO] IPUIPlugin:80 - create IPUIPlugin
2023-09-26 08:49:27,417 [INFO] PluginManager:220 - loadIPPluginJar : add touchsensing
2023-09-26 08:49:27,420 [INFO] IPUIPlugin:80 - create IPUIPlugin
2023-09-26 08:49:27,420 [INFO] PluginManager:220 - loadIPPluginJar : add tracer_emb
2023-09-26 08:49:27,422 [INFO] IPUIPlugin:80 - create IPUIPlugin
2023-09-26 08:49:27,423 [INFO] PluginManager:220 - loadIPPluginJar : add ts
2023-09-26 08:49:27,425 [INFO] IPUIPlugin:80 - create IPUIPlugin
2023-09-26 08:49:27,425 [INFO] PluginManager:220 - loadIPPluginJar : add tsc
2023-09-26 08:49:27,427 [INFO] IPUIPlugin:80 - create IPUIPlugin
2023-09-26 08:49:27,428 [INFO] PluginManager:220 - loadIPPluginJar : add ucpd
2023-09-26 08:49:27,431 [INFO] IPUIPlugin:80 - create IPUIPlugin
2023-09-26 08:49:27,431 [INFO] PluginManager:220 - loadIPPluginJar : add usart
2023-09-26 08:49:27,435 [INFO] IPUIPlugin:80 - create IPUIPlugin
2023-09-26 08:49:27,435 [INFO] PluginManager:220 - loadIPPluginJar : add usbx
2023-09-26 08:49:27,566 [INFO] CADModel:165 - CPN selected for project level
2023-09-26 08:49:27,566 [INFO] CADModel:114 - Register for checkConnection events
2023-09-26 08:49:27,566 [FATAL] Updater:308 - Updater called before beeing initialized
2023-09-26 08:49:27,566 [ERROR] CADModel:125 - Updater not yet initialized, retry later 
2023-09-26 08:49:27,720 [INFO] CADModel:165 - CPN selected for project level
2023-09-26 08:49:27,720 [INFO] CADModel:114 - Register for checkConnection events
2023-09-26 08:49:27,720 [FATAL] Updater:308 - Updater called before beeing initialized
2023-09-26 08:49:27,720 [ERROR] CADModel:125 - Updater not yet initialized, retry later 
2023-09-26 08:49:27,724 [FATAL] Updater:308 - Updater called before beeing initialized
2023-09-26 08:49:27,843 [FATAL] Updater:308 - Updater called before beeing initialized
2023-09-26 08:49:27,850 [INFO] DbMcusAds:53 - JSON generation date=Tue Mar 07 08:50:55 GMT 2023 (1678179055114)
2023-09-26 08:49:27,850 [FATAL] Updater:308 - Updater called before beeing initialized
2023-09-26 08:49:27,891 [WARN] DetailPanel:346 - Failed to get advertising image, set to default
2023-09-26 08:49:27,986 [FATAL] Updater:308 - Updater called before beeing initialized
2023-09-26 08:49:27,988 [FATAL] Updater:308 - Updater called before beeing initialized
2023-09-26 08:49:27,988 [FATAL] Updater:308 - Updater called before beeing initialized
2023-09-26 08:49:27,989 [WARN] DetailPanel:346 - Failed to get advertising image, set to default
2023-09-26 08:49:27,989 [FATAL] Updater:308 - Updater called before beeing initialized
2023-09-26 08:49:28,037 [ERROR] Updater:1120 - MainUpdater not yet initialized. External WinMGr cannot be set.
2023-09-26 08:49:28,039 [INFO] Updater:1056 - Updater Version found : 6.9.0
2023-09-26 08:49:28,058 [INFO] ApplicationProperties:184 - Using Application install path: D:\STM32CubeIDE_1.13.0\STM32CubeIDE\plugins\com.st.stm32cube.common.mx_6.9.0.202307051724
2023-09-26 08:49:28,431 [INFO] MainUpdater:2868 - connection check result : 10
2023-09-26 08:49:28,431 [INFO] MainUpdater:3562 - Updater definition file requires update
2023-09-26 08:49:28,432 [INFO] MainUpdater:285 - Updater Check For Update Now.
2023-09-26 08:49:28,432 [INFO] MicroXplorer:498 - Change Database Version : DB.6.0.90
2023-09-26 08:49:28,449 [INFO] McuFinderGlobals:63 - Set McuFinder mode to 2 (CubeIDE integrated)
2023-09-26 08:49:28,623 [INFO] ServerAccessManage:473 - Download File updaters.zip
2023-09-26 08:49:28,943 [INFO] FileExtend:240 - Unzip File : updaters.zip
2023-09-26 08:49:28,944 [INFO] FileExtend:255 - Standard Zip Deflate
2023-09-26 08:49:29,483 [INFO] ServerAccessManage:473 - Download File PacksControlFlags.xml
2023-09-26 08:49:29,603 [INFO] ServerAccessManage:473 - Download File cubemx.pidx
2023-09-26 08:49:29,652 [WARN] MainUpdater:1189 - Updater busy. Cannot search thirdparties
2023-09-26 08:49:29,653 [INFO] ThirdPartyUpdaterWithRetryManager:96 - Updater plugin is busy. [1/15]
2023-09-26 08:49:29,972 [INFO] ServerAccessManage:473 - Download File STMicroelectronics.FP-SNS-SMARTAG2.pdsc
2023-09-26 08:49:30,294 [INFO] ServerAccessManage:473 - Download File STMicroelectronics.X-CUBE-FREERTOS.pdsc
2023-09-26 08:49:30,728 [INFO] ServerAccessManage:473 - Download File STMicroelectronics.X-CUBE-NFC6.pdsc
2023-09-26 08:49:31,827 [ERROR] ServerAccessManage:1096 - Problem, Http access forbiden
2023-09-26 08:49:31,828 [ERROR] ServerAccessManage:651 - Problem, Http access forbiden : RoweBots.I-CUBE-UNISONRTOS.pdsc.
2023-09-26 08:49:31,949 [WARN] PackLoader:240 - Cannot read IP mode file for STMicroelectronics.FP-SNS-SMARTAG2.1.2.0
2023-09-26 08:49:31,963 [WARN] PackLoader:240 - Cannot read IP mode file for STMicroelectronics.X-CUBE-FREERTOS.1.1.0
2023-09-26 08:49:31,974 [WARN] PackLoader:240 - Cannot read IP mode file for STMicroelectronics.X-CUBE-NFC6.3.0.0
2023-09-26 08:49:31,977 [INFO] PopulateThirdPartyThread:66 - Ending populate Thread
2023-09-26 08:49:31,979 [INFO] ThirdParty:1030 - CMSIS Pack Vendor :STMicroelectronics FP-SNS-SMARTAG2 1.2.0
2023-09-26 08:49:31,979 [INFO] ThirdParty:1030 - CMSIS Pack Vendor :STMicroelectronics X-CUBE-FREERTOS 1.1.0
2023-09-26 08:49:31,980 [INFO] ThirdParty:1030 - CMSIS Pack Vendor :STMicroelectronics X-CUBE-NFC6 3.0.0
2023-09-26 08:49:31,980 [INFO] LoadServerUpdatesThread:373 - End of LoadServerUpdate Thread
2023-09-26 08:49:32,063 [INFO] CheckServerUpdateThread:120 - End of CheckServer Thread
2023-09-26 08:49:32,802 [WARN] PackLoader:240 - Cannot read IP mode file for STMicroelectronics.X-CUBE-SMBUS.2.1.0
2023-09-26 08:49:32,819 [WARN] PackLoader:240 - Cannot read IP mode file for STMicroelectronics.X-CUBE-AZRTOS-F7.1.1.0
2023-09-26 08:49:32,830 [WARN] PackLoader:240 - Cannot read IP mode file for STMicroelectronics.FP-SNS-MOTENV1.4.3.2
2023-09-26 08:49:32,840 [WARN] PackLoader:240 - Cannot read IP mode file for STMicroelectronics.X-CUBE-BLE1.6.2.4
2023-09-26 08:49:32,846 [WARN] PackLoader:240 - Cannot read IP mode file for STMicroelectronics.FP-SNS-FLIGHT1.5.0.2
2023-09-26 08:49:32,853 [WARN] PackLoader:240 - Cannot read IP mode file for STMicroelectronics.X-CUBE-DISPLAY.3.0.0
2023-09-26 08:49:32,863 [WARN] PackLoader:240 - Cannot read IP mode file for STMicroelectronics.X-CUBE-BLE1.7.0.0
2023-09-26 08:49:32,871 [WARN] PackLoader:240 - Cannot read IP mode file for emotas.I-CUBE-CANOPEN.1.3.0
2023-09-26 08:49:32,877 [WARN] PackLoader:240 - Cannot read IP mode file for STMicroelectronics.X-CUBE-TOUCHGFX.4.22.0
2023-09-26 08:49:32,883 [WARN] PackLoader:240 - Cannot read IP mode file for STMicroelectronics.FP-SNS-SMARTAG2.1.2.0
2023-09-26 08:49:32,891 [INFO] LogOutputStream:77 - [STDOUT_REDIRECT] 1 : Invalid condition id : UX_CORESTACK_Condition cause : null
2023-09-26 08:49:32,892 [INFO] LogOutputStream:77 - [STDOUT_REDIRECT] 1 : Invalid condition id : UX_CORESTACK_Condition cause : null
2023-09-26 08:49:32,893 [INFO] LogOutputStream:77 - [STDOUT_REDIRECT] 1 : Invalid condition id : UX_CORESTACK_Condition cause : null
2023-09-26 08:49:32,893 [INFO] LogOutputStream:77 - [STDOUT_REDIRECT] 1 : Invalid condition id : UX_CORESTACK_Condition cause : null
2023-09-26 08:49:32,895 [INFO] LogOutputStream:77 - [STDOUT_REDIRECT] 1 : Invalid condition id : UX_CORESTACK_Condition cause : null
2023-09-26 08:49:32,899 [WARN] PackLoader:240 - Cannot read IP mode file for STMicroelectronics.X-CUBE-AZRTOS-WL.2.0.0
2023-09-26 08:49:32,907 [WARN] PackLoader:240 - Cannot read IP mode file for WES.I-CUBE-Cesium.1.3.0
2023-09-26 08:49:32,914 [WARN] PackLoader:240 - Cannot read IP mode file for STMicroelectronics.X-CUBE-BLE2.3.3.0
2023-09-26 08:49:32,921 [WARN] PackLoader:240 - Cannot read IP mode file for STMicroelectronics.X-CUBE-ALGOBUILD.1.3.0
2023-09-26 08:49:32,937 [WARN] PackLoader:240 - Cannot read IP mode file for STMicroelectronics.X-CUBE-AZRTOS-G0.1.1.0
2023-09-26 08:49:32,945 [WARN] PackLoader:240 - Cannot read IP mode file for STMicroelectronics.X-CUBE-NFC4.3.0.0
2023-09-26 08:49:32,952 [WARN] PackLoader:240 - Cannot read IP mode file for STMicroelectronics.FP-ATR-SIGFOX1.3.2.0
2023-09-26 08:49:32,975 [WARN] PackLoader:240 - Cannot read IP mode file for SEGGER.I-CUBE-embOS.1.3.1
2023-09-26 08:49:33,016 [WARN] PackLoader:240 - Cannot read IP mode file for STMicroelectronics.X-CUBE-GNSS1.6.0.0
2023-09-26 08:49:33,034 [WARN] PackLoader:240 - Cannot read IP mode file for STMicroelectronics.X-CUBE-AZRTOS-F4.1.1.0
2023-09-26 08:49:33,049 [WARN] PackLoader:240 - Cannot read IP mode file for wolfSSL.I-CUBE-wolfSSL.5.6.3
2023-09-26 08:49:33,063 [WARN] PackLoader:240 - Cannot read IP mode file for STMicroelectronics.X-CUBE-AZRTOS-L5.2.0.0
2023-09-26 08:49:33,097 [WARN] PackLoader:240 - Cannot read IP mode file for STMicroelectronics.X-CUBE-MEMS1.9.6.0
2023-09-26 08:49:33,207 [WARN] PackLoader:240 - Cannot read IP mode file for STMicroelectronics.X-CUBE-BLEMGR.2.0.0
2023-09-26 08:49:33,220 [WARN] ConditionMgr:438 - getConditionDescription Invalid condition id : UX DEVICE CLASS RTOS Condition cause : null
2023-09-26 08:49:33,220 [WARN] ConditionMgr:438 - getConditionDescription Invalid condition id : UX DEVICE CLASS RTOS Condition cause : null
2023-09-26 08:49:33,223 [WARN] PackLoader:240 - Cannot read IP mode file for STMicroelectronics.X-CUBE-AZRTOS-H7.3.1.0
2023-09-26 08:49:33,224 [WARN] ConditionMgr:1039 - genDependencies : Invalid condition id : UX DEVICE CLASS RTOS Condition cause : null
2023-09-26 08:49:33,224 [WARN] ConditionMgr:1039 - genDependencies : Invalid condition id : UX DEVICE CLASS RTOS Condition cause : null
2023-09-26 08:49:33,225 [WARN] ConditionMgr:1039 - genDependencies : Invalid condition id : UX DEVICE CLASS RTOS Condition cause : null
2023-09-26 08:49:33,225 [WARN] ConditionMgr:1039 - genDependencies : Invalid condition id : UX DEVICE CLASS RTOS Condition cause : null
2023-09-26 08:49:33,225 [WARN] ConditionMgr:1039 - genDependencies : Invalid condition id : UX DEVICE CLASS RTOS Condition cause : null
2023-09-26 08:49:33,232 [WARN] PackLoader:240 - Cannot read IP mode file for STMicroelectronics.X-CUBE-NFC7.1.0.1
2023-09-26 08:49:33,239 [WARN] PackLoader:240 - Cannot read IP mode file for STMicroelectronics.X-CUBE-NFC6.3.0.0
2023-09-26 08:49:33,246 [WARN] PackLoader:240 - Cannot read IP mode file for STMicroelectronics.X-CUBE-EEPRMA1.4.1.0
2023-09-26 08:49:33,252 [WARN] PackLoader:240 - Cannot read IP mode file for STMicroelectronics.X-CUBE-AI.8.1.0
2023-09-26 08:49:33,264 [WARN] ConditionMgr:438 - getConditionDescription Invalid condition id : LAN8742 Phy interface Condition cause : null
2023-09-26 08:49:33,264 [WARN] PackLoader:240 - Cannot read IP mode file for STMicroelectronics.X-CUBE-AZRTOS-L4.2.0.0
2023-09-26 08:49:33,265 [WARN] ConditionMgr:1039 - genDependencies : Invalid condition id : LAN8742 Phy interface Condition cause : null
2023-09-26 08:49:33,265 [WARN] ConditionMgr:1039 - genDependencies : Invalid condition id : LAN8742 Phy interface Condition cause : null
2023-09-26 08:49:33,266 [WARN] ConditionMgr:1039 - genDependencies : Invalid condition id : LAN8742 Phy interface Condition cause : null
2023-09-26 08:49:33,272 [WARN] PackLoader:240 - Cannot read IP mode file for STMicroelectronics.X-CUBE-SFXS2LP1.4.0.0
2023-09-26 08:49:33,276 [WARN] PackLoader:240 - Cannot read IP mode file for STMicroelectronics.X-CUBE-ISPU.1.1.0
2023-09-26 08:49:33,286 [WARN] ConditionMgr:438 - getConditionDescription Invalid condition id : UX DEVICE CLASS RTOS Condition cause : null
2023-09-26 08:49:33,286 [WARN] ConditionMgr:438 - getConditionDescription Invalid condition id : UX DEVICE CLASS RTOS Condition cause : null
2023-09-26 08:49:33,288 [WARN] PackLoader:240 - Cannot read IP mode file for STMicroelectronics.X-CUBE-AZRTOS-WB.2.0.0
2023-09-26 08:49:33,288 [WARN] ConditionMgr:1039 - genDependencies : Invalid condition id : UX DEVICE CLASS RTOS Condition cause : null
2023-09-26 08:49:33,288 [WARN] ConditionMgr:1039 - genDependencies : Invalid condition id : UX DEVICE CLASS RTOS Condition cause : null
2023-09-26 08:49:33,289 [WARN] ConditionMgr:1039 - genDependencies : Invalid condition id : UX DEVICE CLASS RTOS Condition cause : null
2023-09-26 08:49:33,289 [WARN] ConditionMgr:1039 - genDependencies : Invalid condition id : UX DEVICE CLASS RTOS Condition cause : null
2023-09-26 08:49:33,289 [WARN] ConditionMgr:1039 - genDependencies : Invalid condition id : UX DEVICE CLASS RTOS Condition cause : null
2023-09-26 08:49:33,294 [WARN] PackLoader:240 - Cannot read IP mode file for STMicroelectronics.X-CUBE-FREERTOS.1.0.1
2023-09-26 08:49:33,304 [WARN] PackLoader:240 - Cannot read IP mode file for STMicroelectronics.X-CUBE-AZRTOS-L5.1.1.0
2023-09-26 08:49:33,310 [WARN] PackLoader:240 - Cannot read IP mode file for STMicroelectronics.X-CUBE-AI.8.0.1
2023-09-26 08:49:33,317 [WARN] PackLoader:240 - Cannot read IP mode file for STMicroelectronics.X-CUBE-SUBG2.5.0.0
2023-09-26 08:49:33,329 [WARN] PackLoader:240 - Cannot read IP mode file for STMicroelectronics.X-CUBE-TOF1.3.3.1
2023-09-26 08:49:33,349 [WARN] PackLoader:240 - Cannot read IP mode file for STMicroelectronics.X-CUBE-AZRTOS-G4.2.0.0
2023-09-26 08:49:33,354 [WARN] PackLoader:240 - Cannot read IP mode file for STMicroelectronics.X-CUBE-FREERTOS.1.1.0
2023-09-26 08:49:33,360 [WARN] PackLoader:240 - Cannot read IP mode file for portGmbH.I-Cube-SoM-uGOAL.1.1.0
2023-09-26 08:49:33,365 [WARN] PackLoader:240 - Cannot read IP mode file for STMicroelectronics.X-CUBE-ALS.1.0.1
2023-09-26 08:49:33,373 [WARN] PackLoader:240 - Cannot read IP mode file for STMicroelectronics.X-CUBE-AZRTOS-WB.1.1.0
2023-09-26 08:49:33,379 [WARN] PackLoader:240 - Cannot read IP mode file for STMicroelectronics.FP-ATR-ASTRA1.2.0.0
2023-09-26 08:49:33,380 [INFO] ThirdParty:978 - Integrity check success = true
2023-09-26 08:49:33,380 [INFO] IntegrityCheckThread:100 - exiting critical section [integrity check]
2023-09-26 08:49:33,380 [INFO] IntegrityCheckThread:103 - End integrity checks thread
2023-09-26 08:49:49,717 [ERROR] LogOutputStream:75 - [STDERR_REDIRECT] SLF4J: Failed to load class "org.slf4j.impl.StaticLoggerBinder".
2023-09-26 08:49:49,718 [ERROR] LogOutputStream:75 - [STDERR_REDIRECT] SLF4J: Defaulting to no-operation (NOP) logger implementation
2023-09-26 08:49:49,719 [ERROR] LogOutputStream:75 - [STDERR_REDIRECT] SLF4J: See http://www.slf4j.org/codes.html#StaticLoggerBinder for further details.
