2023-10-25 00:46:02,545 [INFO] Activator:176 - 


2023-10-25 00:46:02,552 [INFO] Activator:177 - !SESSION log4j initialized
2023-10-25 00:46:07,765 [INFO] LogOutputStream:77 - [STDOUT_REDIRECT] 
2023-10-25 00:46:09,295 [INFO] ApplicationProperties:184 - Using Application install path: D:\STM32CubeIDE_1.13.0\STM32CubeIDE\plugins\com.st.stm32cube.common.mx_6.9.2.202309101412
2023-10-25 00:46:09,315 [INFO] DbMcusXml:78 - Set database path to: D:\STM32CubeIDE_1.13.0\STM32CubeIDE\plugins\com.st.stm32cube.common.mx_6.9.2.202309101412\\db\/mcu/
2023-10-25 00:46:09,315 [INFO] ApiDb:274 - Set plugin database path to: D:\STM32CubeIDE_1.13.0\STM32CubeIDE\plugins\com.st.stm32cube.common.mx_6.9.2.202309101412\\db\/plugins/boardmanager/
2023-10-25 00:46:09,316 [WARN] ApiDb:259 - Overriding images path with different value:  => D:\STM32CubeIDE_1.13.0\STM32CubeIDE\plugins\com.st.stm32cube.common.mx_6.9.2.202309101412\\db\/plugins/mcufinder/images/
2023-10-25 00:46:09,333 [INFO] ApiDb:250 - Set database path to: C:\Users\66405\.stmcufinder\plugins\mcufinder//mcu/
2023-10-25 00:46:09,334 [INFO] DbMcusAds:125 - Set database path to: C:\Users\66405\.stmcufinder\plugins\mcufinder//mcu/
2023-10-25 00:46:09,336 [INFO] CrossReferenceDbSqlite:203 - Set database path to: C:\Users\66405\.stmcufinder\plugins\mcufinder//mcu/cs/
2023-10-25 00:46:09,461 [INFO] RulesReader:64 - Compatibility file has been processed (293 Rules)
2023-10-25 00:46:09,583 [INFO] DbMcusXml:78 - Set database path to: D:\STM32CubeIDE_1.13.0\STM32CubeIDE\plugins\com.st.stm32cube.common.mx_6.9.2.202309101412\\db\/mcu/
2023-10-25 00:46:09,584 [INFO] ApiDb:274 - Set plugin database path to: D:\STM32CubeIDE_1.13.0\STM32CubeIDE\plugins\com.st.stm32cube.common.mx_6.9.2.202309101412\\db\/plugins/boardmanager/
2023-10-25 00:46:09,584 [INFO] ApiDb:261 - Set plugin images path to: D:\STM32CubeIDE_1.13.0\STM32CubeIDE\plugins\com.st.stm32cube.common.mx_6.9.2.202309101412\\db\/plugins/mcufinder/images/
2023-10-25 00:46:09,584 [WARN] DbFile:41 - Overriding database path with different value: C:\Users\66405\.stmcufinder\plugins\mcufinder/ => C:\Users\66405\.stmcufinder\plugins\mcufinder
2023-10-25 00:46:09,584 [INFO] ApiDb:250 - Set database path to: C:\Users\66405\.stmcufinder\plugins\mcufinder//mcu/
2023-10-25 00:46:09,584 [WARN] DbFile:41 - Overriding database path with different value: C:\Users\66405\.stmcufinder\plugins\mcufinder/ => C:\Users\66405\.stmcufinder\plugins\mcufinder
2023-10-25 00:46:09,584 [INFO] DbMcusAds:125 - Set database path to: C:\Users\66405\.stmcufinder\plugins\mcufinder//mcu/
2023-10-25 00:46:09,584 [WARN] DbFile:41 - Overriding database path with different value: C:\Users\66405\.stmcufinder\plugins\mcufinder/ => C:\Users\66405\.stmcufinder\plugins\mcufinder
2023-10-25 00:46:09,585 [WARN] DbFile:41 - Overriding database path with different value: C:\Users\66405\.stmcufinder\plugins\mcufinder/ => C:\Users\66405\.stmcufinder\plugins\mcufinder
2023-10-25 00:46:09,585 [INFO] CrossReferenceDbSqlite:203 - Set database path to: C:\Users\66405\.stmcufinder\plugins\mcufinder//mcu/cs/
2023-10-25 00:46:09,683 [INFO] MainPanel:262 - HeapMemory: 268435456
2023-10-25 00:46:09,794 [INFO] DbMcusXml:78 - Set database path to: D:\STM32CubeIDE_1.13.0\STM32CubeIDE\plugins\com.st.stm32cube.common.mx_6.9.2.202309101412\\db\/mcu/
2023-10-25 00:46:09,794 [INFO] ApiDb:274 - Set plugin database path to: D:\STM32CubeIDE_1.13.0\STM32CubeIDE\plugins\com.st.stm32cube.common.mx_6.9.2.202309101412\\db\/plugins/boardmanager/
2023-10-25 00:46:09,794 [INFO] ApiDb:261 - Set plugin images path to: D:\STM32CubeIDE_1.13.0\STM32CubeIDE\plugins\com.st.stm32cube.common.mx_6.9.2.202309101412\\db\/plugins/mcufinder/images/
2023-10-25 00:46:09,795 [WARN] DbFile:41 - Overriding database path with different value: C:\Users\66405\.stmcufinder\plugins\mcufinder/ => C:\Users\66405\.stmcufinder\plugins\mcufinder
2023-10-25 00:46:09,795 [INFO] ApiDb:250 - Set database path to: C:\Users\66405\.stmcufinder\plugins\mcufinder//mcu/
2023-10-25 00:46:09,795 [WARN] DbFile:41 - Overriding database path with different value: C:\Users\66405\.stmcufinder\plugins\mcufinder/ => C:\Users\66405\.stmcufinder\plugins\mcufinder
2023-10-25 00:46:09,796 [INFO] DbMcusAds:125 - Set database path to: C:\Users\66405\.stmcufinder\plugins\mcufinder//mcu/
2023-10-25 00:46:09,796 [WARN] DbFile:41 - Overriding database path with different value: C:\Users\66405\.stmcufinder\plugins\mcufinder/ => C:\Users\66405\.stmcufinder\plugins\mcufinder
2023-10-25 00:46:09,796 [WARN] DbFile:41 - Overriding database path with different value: C:\Users\66405\.stmcufinder\plugins\mcufinder/ => C:\Users\66405\.stmcufinder\plugins\mcufinder
2023-10-25 00:46:09,796 [INFO] CrossReferenceDbSqlite:203 - Set database path to: C:\Users\66405\.stmcufinder\plugins\mcufinder//mcu/cs/
2023-10-25 00:46:09,817 [INFO] ApplicationProperties:184 - Using Application install path: D:\STM32CubeIDE_1.13.0\STM32CubeIDE\plugins\com.st.stm32cube.common.mx_6.9.2.202309101412
2023-10-25 00:46:09,819 [INFO] PluginManage:196 - Search for loadable plugins [exclusion list=, ]
2023-10-25 00:46:09,821 [INFO] PluginManage:310 - Check plugin analytics
2023-10-25 00:46:09,993 [INFO] AnalyticsPlugin:253 - Accepted Software Licenses: 
2023-10-25 00:46:09,994 [INFO] AnalyticsPlugin:255 - Accepted CMSIS Pack Licenses: 
2023-10-25 00:46:09,994 [INFO] AnalyticsPlugin:257 - Accepted Firmware Licenses: FW.L4.1.18.0
2023-10-25 00:46:09,998 [INFO] PluginManage:359 - Loaded plugin analytics (category:tool,tabindex:-1)
2023-10-25 00:46:09,999 [INFO] PluginManage:310 - Check plugin cadmodel
2023-10-25 00:46:10,004 [INFO] CADModel:105 - Init CAD model plugin
2023-10-25 00:46:10,004 [INFO] PluginManage:359 - Loaded plugin cadmodel (category:power,tabindex:5)
2023-10-25 00:46:10,005 [INFO] PluginManage:310 - Check plugin clock
2023-10-25 00:46:10,016 [INFO] PluginManage:359 - Loaded plugin clock (category:base,tabindex:2)
2023-10-25 00:46:10,016 [INFO] PluginManage:310 - Check plugin ddr
2023-10-25 00:46:10,018 [INFO] PluginManage:359 - Loaded plugin ddr (category:tool,tabindex:6)
2023-10-25 00:46:10,019 [INFO] PluginManage:310 - Check plugin filemanager
2023-10-25 00:46:10,173 [INFO] PluginManage:359 - Loaded plugin filemanager (category:base,tabindex:10)
2023-10-25 00:46:10,173 [INFO] PluginManage:310 - Check plugin ipmanager
2023-10-25 00:46:10,181 [INFO] PluginManage:359 - Loaded plugin ipmanager (category:base,tabindex:5)
2023-10-25 00:46:10,181 [INFO] PluginManage:310 - Check plugin lpbam
2023-10-25 00:46:10,191 [INFO] PluginManage:359 - Loaded plugin lpbam (category:base,tabindex:0)
2023-10-25 00:46:10,191 [INFO] PluginManage:310 - Check plugin memorymap
2023-10-25 00:46:10,205 [INFO] PluginManage:359 - Loaded plugin memorymap (category:base,tabindex:4)
2023-10-25 00:46:10,206 [INFO] PluginManage:310 - Check plugin pinoutandconfiguration
2023-10-25 00:46:10,214 [INFO] PluginManage:359 - Loaded plugin pinoutandconfiguration (category:base,tabindex:1)
2023-10-25 00:46:10,214 [INFO] PluginManage:310 - Check plugin pinoutconfig
2023-10-25 00:46:10,303 [WARN] SupportedApi:132 - Cannot load RTOS API schema: s4s-elt-must-match.1: The content of 'definitions' must match (annotation?, (simpleType | complexType)?, (unique | key | keyref)*)). A problem was found starting at: attribute.
2023-10-25 00:46:10,441 [INFO] PluginManage:359 - Loaded plugin pinoutconfig (category:base,tabindex:0)
2023-10-25 00:46:10,441 [INFO] PluginManage:310 - Check plugin power
2023-10-25 00:46:10,453 [INFO] PluginManage:359 - Loaded plugin power (category:power,tabindex:4)
2023-10-25 00:46:10,454 [INFO] PluginManage:310 - Check plugin projectmanager
2023-10-25 00:46:10,468 [INFO] PluginManage:359 - Loaded plugin projectmanager (category:projectmanager,tabindex:3)
2023-10-25 00:46:10,468 [INFO] PluginManage:310 - Check plugin thirdparty
2023-10-25 00:46:10,627 [INFO] PluginManage:359 - Loaded plugin thirdparty (category:base,tabindex:-1)
2023-10-25 00:46:10,627 [INFO] PluginManage:310 - Check plugin tools
2023-10-25 00:46:10,627 [WARN] IntegrityCheckThread:84 - waiting for thirdparty lock release [integrity check]
2023-10-25 00:46:10,627 [INFO] IntegrityCheckThread:86 - entering critical section [integrity check]
2023-10-25 00:46:10,628 [INFO] ThirdPartyUpdaterWithRetryManager:70 - Updater plugin not ready yet. [1/15]
2023-10-25 00:46:10,630 [INFO] PluginManage:359 - Loaded plugin tools (category:base,tabindex:7)
2023-10-25 00:46:10,630 [INFO] PluginManage:310 - Check plugin tutovideos
2023-10-25 00:46:10,826 [INFO] PluginManage:359 - Loaded plugin tutovideos (category:base,tabindex:-1)
2023-10-25 00:46:10,826 [INFO] PluginManage:310 - Check plugin updater
2023-10-25 00:46:10,838 [INFO] PluginManage:359 - Loaded plugin updater (category:base,tabindex:12)
2023-10-25 00:46:10,838 [INFO] PluginManage:310 - Check plugin userauth
2023-10-25 00:46:10,844 [INFO] UserAuth:113 - Init User Auth plugin
2023-10-25 00:46:10,844 [INFO] PluginManage:359 - Loaded plugin userauth (category:base,tabindex:14)
2023-10-25 00:46:10,844 [INFO] PluginManage:283 - PluginManage : Loaded plugins [17]
2023-10-25 00:46:11,091 [INFO] PinOutPanel:1499 - setPackage(No Configuration,No Configuration)
2023-10-25 00:46:11,216 [INFO] CADModel:165 - CPN selected for project level
2023-10-25 00:46:11,216 [INFO] CADModel:114 - Register for checkConnection events
2023-10-25 00:46:11,235 [INFO] IPUIPlugin:80 - create IPUIPlugin
2023-10-25 00:46:11,235 [INFO] PluginManager:220 - loadIPPluginJar : add adc
2023-10-25 00:46:11,238 [INFO] IPUIPlugin:80 - create IPUIPlugin
2023-10-25 00:46:11,238 [INFO] PluginManager:220 - loadIPPluginJar : add aes
2023-10-25 00:46:11,242 [INFO] IPUIPlugin:80 - create IPUIPlugin
2023-10-25 00:46:11,242 [INFO] PluginManager:220 - loadIPPluginJar : add can
2023-10-25 00:46:11,244 [INFO] IPUIPlugin:80 - create IPUIPlugin
2023-10-25 00:46:11,244 [INFO] PluginManager:220 - loadIPPluginJar : add comp
2023-10-25 00:46:11,247 [INFO] IPUIPlugin:80 - create IPUIPlugin
2023-10-25 00:46:11,247 [INFO] PluginManager:220 - loadIPPluginJar : add cryp
2023-10-25 00:46:11,249 [INFO] IPUIPlugin:80 - create IPUIPlugin
2023-10-25 00:46:11,250 [INFO] PluginManager:220 - loadIPPluginJar : add dfsdm
2023-10-25 00:46:11,256 [INFO] IPUIPlugin:80 - create IPUIPlugin
2023-10-25 00:46:11,256 [INFO] PluginManager:220 - loadIPPluginJar : add dma
2023-10-25 00:46:11,259 [INFO] IPUIPlugin:80 - create IPUIPlugin
2023-10-25 00:46:11,259 [INFO] PluginManager:220 - loadIPPluginJar : add dma3
2023-10-25 00:46:11,261 [INFO] IPUIPlugin:80 - create IPUIPlugin
2023-10-25 00:46:11,262 [INFO] PluginManager:220 - loadIPPluginJar : add fatfs
2023-10-25 00:46:11,267 [INFO] IPUIPlugin:80 - create IPUIPlugin
2023-10-25 00:46:11,268 [INFO] PluginManager:220 - loadIPPluginJar : add fmc
2023-10-25 00:46:11,274 [INFO] IPUIPlugin:80 - create IPUIPlugin
2023-10-25 00:46:11,274 [INFO] PluginManager:220 - loadIPPluginJar : add freertos
2023-10-25 00:46:11,276 [INFO] IPUIPlugin:80 - create IPUIPlugin
2023-10-25 00:46:11,276 [INFO] PluginManager:220 - loadIPPluginJar : add genericplugin
2023-10-25 00:46:11,279 [INFO] IPUIPlugin:80 - create IPUIPlugin
2023-10-25 00:46:11,279 [INFO] PluginManager:220 - loadIPPluginJar : add gfxmmu
2023-10-25 00:46:11,284 [INFO] IPUIPlugin:80 - create IPUIPlugin
2023-10-25 00:46:11,284 [INFO] PluginManager:220 - loadIPPluginJar : add gic
2023-10-25 00:46:11,289 [INFO] IPUIPlugin:80 - create IPUIPlugin
2023-10-25 00:46:11,289 [INFO] PluginManager:220 - loadIPPluginJar : add gpio
2023-10-25 00:46:11,292 [INFO] IPUIPlugin:80 - create IPUIPlugin
2023-10-25 00:46:11,293 [INFO] PluginManager:220 - loadIPPluginJar : add gtzc
2023-10-25 00:46:11,295 [INFO] IPUIPlugin:80 - create IPUIPlugin
2023-10-25 00:46:11,295 [INFO] PluginManager:220 - loadIPPluginJar : add hash
2023-10-25 00:46:11,298 [INFO] IPUIPlugin:80 - create IPUIPlugin
2023-10-25 00:46:11,299 [INFO] PluginManager:220 - loadIPPluginJar : add i2c
2023-10-25 00:46:11,302 [INFO] IPUIPlugin:80 - create IPUIPlugin
2023-10-25 00:46:11,302 [INFO] PluginManager:220 - loadIPPluginJar : add i2s
2023-10-25 00:46:11,305 [INFO] IPUIPlugin:80 - create IPUIPlugin
2023-10-25 00:46:11,305 [INFO] PluginManager:220 - loadIPPluginJar : add i3c
2023-10-25 00:46:11,309 [INFO] IPUIPlugin:80 - create IPUIPlugin
2023-10-25 00:46:11,309 [INFO] PluginManager:220 - loadIPPluginJar : add ipddr
2023-10-25 00:46:11,317 [INFO] IPUIPlugin:80 - create IPUIPlugin
2023-10-25 00:46:11,317 [INFO] PluginManager:220 - loadIPPluginJar : add linkedlist
2023-10-25 00:46:11,320 [INFO] IPUIPlugin:80 - create IPUIPlugin
2023-10-25 00:46:11,320 [INFO] PluginManager:220 - loadIPPluginJar : add lorawan
2023-10-25 00:46:11,322 [INFO] IPUIPlugin:80 - create IPUIPlugin
2023-10-25 00:46:11,322 [INFO] PluginManager:220 - loadIPPluginJar : add ltdc
2023-10-25 00:46:11,329 [INFO] IPUIPlugin:80 - create IPUIPlugin
2023-10-25 00:46:11,329 [INFO] PluginManager:220 - loadIPPluginJar : add mdma
2023-10-25 00:46:11,333 [INFO] IPUIPlugin:80 - create IPUIPlugin
2023-10-25 00:46:11,333 [INFO] PluginManager:220 - loadIPPluginJar : add nvic
2023-10-25 00:46:11,337 [INFO] IPUIPlugin:80 - create IPUIPlugin
2023-10-25 00:46:11,337 [INFO] PluginManager:220 - loadIPPluginJar : add opamp
2023-10-25 00:46:11,340 [INFO] IPUIPlugin:80 - create IPUIPlugin
2023-10-25 00:46:11,341 [INFO] PluginManager:220 - loadIPPluginJar : add openamp
2023-10-25 00:46:11,344 [INFO] IPUIPlugin:80 - create IPUIPlugin
2023-10-25 00:46:11,345 [INFO] PluginManager:220 - loadIPPluginJar : add pdm2pcm
2023-10-25 00:46:11,352 [INFO] IPUIPlugin:80 - create IPUIPlugin
2023-10-25 00:46:11,354 [INFO] PluginManager:220 - loadIPPluginJar : add plateformsettings
2023-10-25 00:46:11,356 [INFO] IPUIPlugin:80 - create IPUIPlugin
2023-10-25 00:46:11,356 [INFO] PluginManager:220 - loadIPPluginJar : add quadspi
2023-10-25 00:46:11,362 [INFO] IPUIPlugin:80 - create IPUIPlugin
2023-10-25 00:46:11,362 [INFO] PluginManager:220 - loadIPPluginJar : add resmgrutility
2023-10-25 00:46:11,366 [INFO] IPUIPlugin:80 - create IPUIPlugin
2023-10-25 00:46:11,366 [INFO] PluginManager:220 - loadIPPluginJar : add sai
2023-10-25 00:46:11,370 [INFO] IPUIPlugin:80 - create IPUIPlugin
2023-10-25 00:46:11,370 [INFO] PluginManager:220 - loadIPPluginJar : add spi
2023-10-25 00:46:11,376 [INFO] IPUIPlugin:80 - create IPUIPlugin
2023-10-25 00:46:11,376 [INFO] PluginManager:220 - loadIPPluginJar : add stm32_wpan
2023-10-25 00:46:11,378 [INFO] IPUIPlugin:80 - create IPUIPlugin
2023-10-25 00:46:11,378 [INFO] PluginManager:220 - loadIPPluginJar : add tim
2023-10-25 00:46:11,382 [INFO] IPUIPlugin:80 - create IPUIPlugin
2023-10-25 00:46:11,382 [INFO] PluginManager:220 - loadIPPluginJar : add touchsensing
2023-10-25 00:46:11,385 [INFO] IPUIPlugin:80 - create IPUIPlugin
2023-10-25 00:46:11,385 [INFO] PluginManager:220 - loadIPPluginJar : add tracer_emb
2023-10-25 00:46:11,387 [INFO] IPUIPlugin:80 - create IPUIPlugin
2023-10-25 00:46:11,387 [INFO] PluginManager:220 - loadIPPluginJar : add ts
2023-10-25 00:46:11,389 [INFO] IPUIPlugin:80 - create IPUIPlugin
2023-10-25 00:46:11,390 [INFO] PluginManager:220 - loadIPPluginJar : add tsc
2023-10-25 00:46:11,392 [INFO] IPUIPlugin:80 - create IPUIPlugin
2023-10-25 00:46:11,392 [INFO] PluginManager:220 - loadIPPluginJar : add ucpd
2023-10-25 00:46:11,396 [INFO] IPUIPlugin:80 - create IPUIPlugin
2023-10-25 00:46:11,396 [INFO] PluginManager:220 - loadIPPluginJar : add usart
2023-10-25 00:46:11,400 [INFO] IPUIPlugin:80 - create IPUIPlugin
2023-10-25 00:46:11,400 [INFO] PluginManager:220 - loadIPPluginJar : add usbx
2023-10-25 00:46:11,531 [INFO] CADModel:165 - CPN selected for project level
2023-10-25 00:46:11,531 [INFO] CADModel:114 - Register for checkConnection events
2023-10-25 00:46:11,532 [FATAL] Updater:308 - Updater called before beeing initialized
2023-10-25 00:46:11,532 [ERROR] CADModel:125 - Updater not yet initialized, retry later 
2023-10-25 00:46:11,697 [INFO] CADModel:165 - CPN selected for project level
2023-10-25 00:46:11,697 [INFO] CADModel:114 - Register for checkConnection events
2023-10-25 00:46:11,697 [FATAL] Updater:308 - Updater called before beeing initialized
2023-10-25 00:46:11,697 [ERROR] CADModel:125 - Updater not yet initialized, retry later 
2023-10-25 00:46:11,702 [FATAL] Updater:308 - Updater called before beeing initialized
2023-10-25 00:46:11,817 [FATAL] Updater:308 - Updater called before beeing initialized
2023-10-25 00:46:11,822 [INFO] DbMcusAds:53 - JSON generation date=Thu Sep 30 07:55:09 IST 2021 (1632984909247)
2023-10-25 00:46:11,822 [FATAL] Updater:308 - Updater called before beeing initialized
2023-10-25 00:46:11,875 [WARN] DetailPanel:346 - Failed to get advertising image, set to default
2023-10-25 00:46:11,978 [FATAL] Updater:308 - Updater called before beeing initialized
2023-10-25 00:46:11,981 [FATAL] Updater:308 - Updater called before beeing initialized
2023-10-25 00:46:11,981 [FATAL] Updater:308 - Updater called before beeing initialized
2023-10-25 00:46:11,981 [WARN] DetailPanel:346 - Failed to get advertising image, set to default
2023-10-25 00:46:11,982 [FATAL] Updater:308 - Updater called before beeing initialized
2023-10-25 00:46:12,050 [ERROR] Updater:1120 - MainUpdater not yet initialized. External WinMGr cannot be set.
2023-10-25 00:46:12,052 [INFO] Updater:1056 - Updater Version found : 6.9.2
2023-10-25 00:46:12,073 [INFO] ApplicationProperties:184 - Using Application install path: D:\STM32CubeIDE_1.13.0\STM32CubeIDE\plugins\com.st.stm32cube.common.mx_6.9.2.202309101412
2023-10-25 00:46:12,544 [INFO] MainUpdater:2868 - connection check result : 10
2023-10-25 00:46:12,545 [INFO] MainUpdater:285 - Updater Check For Update Now.
2023-10-25 00:46:12,545 [INFO] MicroXplorer:498 - Change Database Version : DB.6.0.92
2023-10-25 00:46:12,551 [INFO] McuFinderGlobals:63 - Set McuFinder mode to 2 (CubeIDE integrated)
2023-10-25 00:46:12,708 [INFO] CheckServerUpdateThread:120 - End of CheckServer Thread
2023-10-25 00:46:13,849 [WARN] PackLoader:240 - Cannot read IP mode file for STMicroelectronics.X-CUBE-SMBUS.2.1.0
2023-10-25 00:46:13,879 [WARN] PackLoader:240 - Cannot read IP mode file for STMicroelectronics.X-CUBE-AZRTOS-F7.1.1.0
2023-10-25 00:46:13,891 [WARN] PackLoader:240 - Cannot read IP mode file for STMicroelectronics.FP-SNS-MOTENV1.4.3.2
2023-10-25 00:46:13,902 [WARN] PackLoader:240 - Cannot read IP mode file for STMicroelectronics.X-CUBE-BLE1.6.2.4
2023-10-25 00:46:13,909 [WARN] PackLoader:240 - Cannot read IP mode file for STMicroelectronics.FP-SNS-FLIGHT1.5.0.2
2023-10-25 00:46:13,918 [WARN] PackLoader:240 - Cannot read IP mode file for STMicroelectronics.X-CUBE-DISPLAY.3.0.0
2023-10-25 00:46:13,927 [WARN] PackLoader:240 - Cannot read IP mode file for STMicroelectronics.X-CUBE-BLE1.7.0.0
2023-10-25 00:46:13,934 [WARN] PackLoader:240 - Cannot read IP mode file for emotas.I-CUBE-CANOPEN.1.3.0
2023-10-25 00:46:13,940 [WARN] PackLoader:240 - Cannot read IP mode file for STMicroelectronics.X-CUBE-TOUCHGFX.4.22.0
2023-10-25 00:46:13,944 [WARN] PackLoader:240 - Cannot read IP mode file for STMicroelectronics.X-CUBE-TOUCHGFX.4.22.1
2023-10-25 00:46:13,949 [WARN] PackLoader:240 - Cannot read IP mode file for STMicroelectronics.FP-SNS-SMARTAG2.1.2.0
2023-10-25 00:46:13,959 [INFO] LogOutputStream:77 - [STDOUT_REDIRECT] 1 : Invalid condition id : UX_CORESTACK_Condition cause : null
2023-10-25 00:46:13,960 [INFO] LogOutputStream:77 - [STDOUT_REDIRECT] 1 : Invalid condition id : UX_CORESTACK_Condition cause : null
2023-10-25 00:46:13,961 [INFO] LogOutputStream:77 - [STDOUT_REDIRECT] 1 : Invalid condition id : UX_CORESTACK_Condition cause : null
2023-10-25 00:46:13,962 [INFO] LogOutputStream:77 - [STDOUT_REDIRECT] 1 : Invalid condition id : UX_CORESTACK_Condition cause : null
2023-10-25 00:46:13,963 [INFO] LogOutputStream:77 - [STDOUT_REDIRECT] 1 : Invalid condition id : UX_CORESTACK_Condition cause : null
2023-10-25 00:46:13,966 [WARN] PackLoader:240 - Cannot read IP mode file for STMicroelectronics.X-CUBE-AZRTOS-WL.2.0.0
2023-10-25 00:46:13,975 [WARN] PackLoader:240 - Cannot read IP mode file for WES.I-CUBE-Cesium.1.3.0
2023-10-25 00:46:13,981 [WARN] PackLoader:240 - Cannot read IP mode file for STMicroelectronics.X-CUBE-BLE2.3.3.0
2023-10-25 00:46:13,988 [WARN] PackLoader:240 - Cannot read IP mode file for STMicroelectronics.X-CUBE-ALGOBUILD.1.3.0
2023-10-25 00:46:14,003 [WARN] PackLoader:240 - Cannot read IP mode file for STMicroelectronics.X-CUBE-AZRTOS-G0.1.1.0
2023-10-25 00:46:14,011 [WARN] PackLoader:240 - Cannot read IP mode file for STMicroelectronics.X-CUBE-NFC4.3.0.0
2023-10-25 00:46:14,017 [WARN] PackLoader:240 - Cannot read IP mode file for STMicroelectronics.FP-ATR-SIGFOX1.3.2.0
2023-10-25 00:46:14,040 [WARN] PackLoader:240 - Cannot read IP mode file for SEGGER.I-CUBE-embOS.1.3.1
2023-10-25 00:46:14,086 [WARN] PackLoader:240 - Cannot read IP mode file for STMicroelectronics.X-CUBE-GNSS1.6.0.0
2023-10-25 00:46:14,101 [WARN] PackLoader:240 - Cannot read IP mode file for STMicroelectronics.X-CUBE-AZRTOS-F4.1.1.0
2023-10-25 00:46:14,108 [WARN] PackLoader:240 - Cannot read IP mode file for wolfSSL.I-CUBE-wolfSSL.5.6.3
2023-10-25 00:46:14,120 [WARN] PackLoader:240 - Cannot read IP mode file for STMicroelectronics.X-CUBE-AZRTOS-L5.2.0.0
2023-10-25 00:46:14,150 [WARN] PackLoader:240 - Cannot read IP mode file for STMicroelectronics.X-CUBE-MEMS1.9.6.0
2023-10-25 00:46:14,274 [WARN] PackLoader:240 - Cannot read IP mode file for STMicroelectronics.X-CUBE-EEPRMA1.4.2.0
2023-10-25 00:46:14,281 [WARN] PackLoader:240 - Cannot read IP mode file for ITTIA_DB.I-CUBE-ITTIADB.8.8.0
2023-10-25 00:46:14,291 [WARN] PackLoader:240 - Cannot read IP mode file for STMicroelectronics.X-CUBE-BLEMGR.2.0.0
2023-10-25 00:46:14,306 [WARN] ConditionMgr:438 - getConditionDescription Invalid condition id : UX DEVICE CLASS RTOS Condition cause : null
2023-10-25 00:46:14,307 [WARN] ConditionMgr:438 - getConditionDescription Invalid condition id : UX DEVICE CLASS RTOS Condition cause : null
2023-10-25 00:46:14,309 [WARN] PackLoader:240 - Cannot read IP mode file for STMicroelectronics.X-CUBE-AZRTOS-H7.3.1.0
2023-10-25 00:46:14,311 [WARN] ConditionMgr:1039 - genDependencies : Invalid condition id : UX DEVICE CLASS RTOS Condition cause : null
2023-10-25 00:46:14,311 [WARN] ConditionMgr:1039 - genDependencies : Invalid condition id : UX DEVICE CLASS RTOS Condition cause : null
2023-10-25 00:46:14,317 [WARN] ConditionMgr:1039 - genDependencies : Invalid condition id : UX DEVICE CLASS RTOS Condition cause : null
2023-10-25 00:46:14,317 [WARN] ConditionMgr:1039 - genDependencies : Invalid condition id : UX DEVICE CLASS RTOS Condition cause : null
2023-10-25 00:46:14,317 [WARN] ConditionMgr:1039 - genDependencies : Invalid condition id : UX DEVICE CLASS RTOS Condition cause : null
2023-10-25 00:46:14,324 [WARN] PackLoader:240 - Cannot read IP mode file for STMicroelectronics.X-CUBE-NFC7.1.0.1
2023-10-25 00:46:14,333 [WARN] PackLoader:240 - Cannot read IP mode file for STMicroelectronics.X-CUBE-NFC6.3.0.0
2023-10-25 00:46:14,341 [WARN] PackLoader:240 - Cannot read IP mode file for STMicroelectronics.X-CUBE-EEPRMA1.4.1.0
2023-10-25 00:46:14,348 [WARN] PackLoader:240 - Cannot read IP mode file for STMicroelectronics.X-CUBE-AI.8.1.0
2023-10-25 00:46:14,363 [WARN] ConditionMgr:438 - getConditionDescription Invalid condition id : LAN8742 Phy interface Condition cause : null
2023-10-25 00:46:14,364 [WARN] PackLoader:240 - Cannot read IP mode file for STMicroelectronics.X-CUBE-AZRTOS-L4.2.0.0
2023-10-25 00:46:14,365 [WARN] ConditionMgr:1039 - genDependencies : Invalid condition id : LAN8742 Phy interface Condition cause : null
2023-10-25 00:46:14,365 [WARN] ConditionMgr:1039 - genDependencies : Invalid condition id : LAN8742 Phy interface Condition cause : null
2023-10-25 00:46:14,366 [WARN] ConditionMgr:1039 - genDependencies : Invalid condition id : LAN8742 Phy interface Condition cause : null
2023-10-25 00:46:14,372 [WARN] PackLoader:240 - Cannot read IP mode file for STMicroelectronics.X-CUBE-SFXS2LP1.4.0.0
2023-10-25 00:46:14,378 [WARN] PackLoader:240 - Cannot read IP mode file for STMicroelectronics.X-CUBE-ISPU.1.1.0
2023-10-25 00:46:14,388 [WARN] ConditionMgr:438 - getConditionDescription Invalid condition id : UX DEVICE CLASS RTOS Condition cause : null
2023-10-25 00:46:14,388 [WARN] ConditionMgr:438 - getConditionDescription Invalid condition id : UX DEVICE CLASS RTOS Condition cause : null
2023-10-25 00:46:14,389 [WARN] PackLoader:240 - Cannot read IP mode file for STMicroelectronics.X-CUBE-AZRTOS-WB.2.0.0
2023-10-25 00:46:14,390 [WARN] ConditionMgr:1039 - genDependencies : Invalid condition id : UX DEVICE CLASS RTOS Condition cause : null
2023-10-25 00:46:14,390 [WARN] ConditionMgr:1039 - genDependencies : Invalid condition id : UX DEVICE CLASS RTOS Condition cause : null
2023-10-25 00:46:14,390 [WARN] ConditionMgr:1039 - genDependencies : Invalid condition id : UX DEVICE CLASS RTOS Condition cause : null
2023-10-25 00:46:14,390 [WARN] ConditionMgr:1039 - genDependencies : Invalid condition id : UX DEVICE CLASS RTOS Condition cause : null
2023-10-25 00:46:14,391 [WARN] ConditionMgr:1039 - genDependencies : Invalid condition id : UX DEVICE CLASS RTOS Condition cause : null
2023-10-25 00:46:14,396 [WARN] PackLoader:240 - Cannot read IP mode file for STMicroelectronics.X-CUBE-FREERTOS.1.0.1
2023-10-25 00:46:14,406 [WARN] PackLoader:240 - Cannot read IP mode file for STMicroelectronics.X-CUBE-AZRTOS-L5.1.1.0
2023-10-25 00:46:14,413 [WARN] PackLoader:240 - Cannot read IP mode file for STMicroelectronics.X-CUBE-AI.8.0.1
2023-10-25 00:46:14,421 [WARN] PackLoader:240 - Cannot read IP mode file for STMicroelectronics.X-CUBE-SUBG2.5.0.0
2023-10-25 00:46:14,437 [WARN] PackLoader:240 - Cannot read IP mode file for STMicroelectronics.X-CUBE-TOF1.3.3.1
2023-10-25 00:46:14,457 [WARN] PackLoader:240 - Cannot read IP mode file for STMicroelectronics.X-CUBE-AZRTOS-G4.2.0.0
2023-10-25 00:46:14,468 [WARN] PackLoader:240 - Cannot read IP mode file for Infineon.AIROC-Wi-Fi-Bluetooth-STM32.1.5.1
2023-10-25 00:46:14,498 [WARN] PackLoader:240 - Cannot read IP mode file for STMicroelectronics.X-CUBE-MEMS1.10.0.0
2023-10-25 00:46:14,569 [WARN] PackLoader:240 - Cannot read IP mode file for STMicroelectronics.X-CUBE-FREERTOS.1.1.0
2023-10-25 00:46:14,575 [WARN] PackLoader:240 - Cannot read IP mode file for portGmbH.I-Cube-SoM-uGOAL.1.1.0
2023-10-25 00:46:14,580 [WARN] PackLoader:240 - Cannot read IP mode file for STMicroelectronics.X-CUBE-ALS.1.0.1
2023-10-25 00:46:14,594 [WARN] PackLoader:240 - Cannot read IP mode file for STMicroelectronics.X-CUBE-AZRTOS-WB.1.1.0
2023-10-25 00:46:14,601 [WARN] PackLoader:240 - Cannot read IP mode file for STMicroelectronics.FP-ATR-ASTRA1.2.0.0
2023-10-25 00:46:14,602 [INFO] ThirdParty:978 - Integrity check success = true
2023-10-25 00:46:14,602 [INFO] IntegrityCheckThread:100 - exiting critical section [integrity check]
2023-10-25 00:46:14,602 [INFO] IntegrityCheckThread:103 - End integrity checks thread
2023-10-25 00:46:29,089 [ERROR] LogOutputStream:75 - [STDERR_REDIRECT] SLF4J: Failed to load class "org.slf4j.impl.StaticLoggerBinder".
2023-10-25 00:46:29,089 [ERROR] LogOutputStream:75 - [STDERR_REDIRECT] SLF4J: Defaulting to no-operation (NOP) logger implementation
2023-10-25 00:46:29,090 [ERROR] LogOutputStream:75 - [STDERR_REDIRECT] SLF4J: See http://www.slf4j.org/codes.html#StaticLoggerBinder for further details.
