2024-12-12 11:13:20,922 [INFO] Activator:176 - 


2024-12-12 11:13:20,930 [INFO] Activator:177 - !SESSION log4j initialized
2024-12-12 11:13:27,490 [INFO] LogOutputStream:77 - [STDOUT_REDIRECT] 
2024-12-12 11:13:30,385 [INFO] ApplicationProperties:184 - Using Application install path: D:\STM32CubeIDE_1.13.0\STM32CubeIDE\plugins\com.st.stm32cube.common.mx_6.11.0.202403141607
2024-12-12 11:13:30,407 [INFO] DbMcusXml:78 - Set database path to: D:\STM32CubeIDE_1.13.0\STM32CubeIDE\plugins\com.st.stm32cube.common.mx_6.11.0.202403141607\\db\/mcu/
2024-12-12 11:13:30,407 [INFO] ApiDb:274 - Set plugin database path to: D:\STM32CubeIDE_1.13.0\STM32CubeIDE\plugins\com.st.stm32cube.common.mx_6.11.0.202403141607\\db\/plugins/boardmanager/
2024-12-12 11:13:30,408 [WARN] ApiDb:259 - Overriding images path with different value:  => D:\STM32CubeIDE_1.13.0\STM32CubeIDE\plugins\com.st.stm32cube.common.mx_6.11.0.202403141607\\db\/plugins/mcufinder/images/
2024-12-12 11:13:30,424 [INFO] ApiDb:250 - Set database path to: C:\Users\66405\.stmcufinder\plugins\mcufinder//mcu/
2024-12-12 11:13:30,425 [INFO] DbMcusAds:125 - Set database path to: C:\Users\66405\.stmcufinder\plugins\mcufinder//mcu/
2024-12-12 11:13:30,428 [INFO] CrossReferenceDbSqlite:203 - Set database path to: C:\Users\66405\.stmcufinder\plugins\mcufinder//mcu/cs/
2024-12-12 11:13:30,535 [INFO] RulesReader:64 - Compatibility file has been processed (297 Rules)
2024-12-12 11:13:30,630 [INFO] DbMcusXml:78 - Set database path to: D:\STM32CubeIDE_1.13.0\STM32CubeIDE\plugins\com.st.stm32cube.common.mx_6.11.0.202403141607\\db\/mcu/
2024-12-12 11:13:30,630 [INFO] ApiDb:274 - Set plugin database path to: D:\STM32CubeIDE_1.13.0\STM32CubeIDE\plugins\com.st.stm32cube.common.mx_6.11.0.202403141607\\db\/plugins/boardmanager/
2024-12-12 11:13:30,630 [INFO] ApiDb:261 - Set plugin images path to: D:\STM32CubeIDE_1.13.0\STM32CubeIDE\plugins\com.st.stm32cube.common.mx_6.11.0.202403141607\\db\/plugins/mcufinder/images/
2024-12-12 11:13:30,630 [WARN] DbFile:41 - Overriding database path with different value: C:\Users\66405\.stmcufinder\plugins\mcufinder/ => C:\Users\66405\.stmcufinder\plugins\mcufinder
2024-12-12 11:13:30,630 [INFO] ApiDb:250 - Set database path to: C:\Users\66405\.stmcufinder\plugins\mcufinder//mcu/
2024-12-12 11:13:30,630 [WARN] DbFile:41 - Overriding database path with different value: C:\Users\66405\.stmcufinder\plugins\mcufinder/ => C:\Users\66405\.stmcufinder\plugins\mcufinder
2024-12-12 11:13:30,630 [INFO] DbMcusAds:125 - Set database path to: C:\Users\66405\.stmcufinder\plugins\mcufinder//mcu/
2024-12-12 11:13:30,630 [WARN] DbFile:41 - Overriding database path with different value: C:\Users\66405\.stmcufinder\plugins\mcufinder/ => C:\Users\66405\.stmcufinder\plugins\mcufinder
2024-12-12 11:13:30,631 [WARN] DbFile:41 - Overriding database path with different value: C:\Users\66405\.stmcufinder\plugins\mcufinder/ => C:\Users\66405\.stmcufinder\plugins\mcufinder
2024-12-12 11:13:30,631 [INFO] CrossReferenceDbSqlite:203 - Set database path to: C:\Users\66405\.stmcufinder\plugins\mcufinder//mcu/cs/
2024-12-12 11:13:30,724 [INFO] MainPanel:264 - HeapMemory: 268435456
2024-12-12 11:13:30,824 [INFO] DbMcusXml:78 - Set database path to: D:\STM32CubeIDE_1.13.0\STM32CubeIDE\plugins\com.st.stm32cube.common.mx_6.11.0.202403141607\\db\/mcu/
2024-12-12 11:13:30,824 [INFO] ApiDb:274 - Set plugin database path to: D:\STM32CubeIDE_1.13.0\STM32CubeIDE\plugins\com.st.stm32cube.common.mx_6.11.0.202403141607\\db\/plugins/boardmanager/
2024-12-12 11:13:30,825 [INFO] ApiDb:261 - Set plugin images path to: D:\STM32CubeIDE_1.13.0\STM32CubeIDE\plugins\com.st.stm32cube.common.mx_6.11.0.202403141607\\db\/plugins/mcufinder/images/
2024-12-12 11:13:30,825 [WARN] DbFile:41 - Overriding database path with different value: C:\Users\66405\.stmcufinder\plugins\mcufinder/ => C:\Users\66405\.stmcufinder\plugins\mcufinder
2024-12-12 11:13:30,825 [INFO] ApiDb:250 - Set database path to: C:\Users\66405\.stmcufinder\plugins\mcufinder//mcu/
2024-12-12 11:13:30,825 [WARN] DbFile:41 - Overriding database path with different value: C:\Users\66405\.stmcufinder\plugins\mcufinder/ => C:\Users\66405\.stmcufinder\plugins\mcufinder
2024-12-12 11:13:30,825 [INFO] DbMcusAds:125 - Set database path to: C:\Users\66405\.stmcufinder\plugins\mcufinder//mcu/
2024-12-12 11:13:30,825 [WARN] DbFile:41 - Overriding database path with different value: C:\Users\66405\.stmcufinder\plugins\mcufinder/ => C:\Users\66405\.stmcufinder\plugins\mcufinder
2024-12-12 11:13:30,825 [WARN] DbFile:41 - Overriding database path with different value: C:\Users\66405\.stmcufinder\plugins\mcufinder/ => C:\Users\66405\.stmcufinder\plugins\mcufinder
2024-12-12 11:13:30,826 [INFO] CrossReferenceDbSqlite:203 - Set database path to: C:\Users\66405\.stmcufinder\plugins\mcufinder//mcu/cs/
2024-12-12 11:13:30,846 [INFO] ApplicationProperties:184 - Using Application install path: D:\STM32CubeIDE_1.13.0\STM32CubeIDE\plugins\com.st.stm32cube.common.mx_6.11.0.202403141607
2024-12-12 11:13:30,847 [INFO] PluginManage:196 - Search for loadable plugins [exclusion list=, ]
2024-12-12 11:13:30,849 [INFO] PluginManage:310 - Check plugin analytics
2024-12-12 11:13:31,040 [INFO] AnalyticsPlugin:253 - Accepted Software Licenses: 
2024-12-12 11:13:31,041 [INFO] AnalyticsPlugin:255 - Accepted CMSIS Pack Licenses: 
2024-12-12 11:13:31,041 [INFO] AnalyticsPlugin:257 - Accepted Firmware Licenses: FW.L4.1.18.0
2024-12-12 11:13:31,044 [INFO] PluginManage:359 - Loaded plugin analytics (category:tool,tabindex:-1)
2024-12-12 11:13:31,044 [INFO] PluginManage:310 - Check plugin cadmodel
2024-12-12 11:13:31,051 [INFO] CADModel:105 - Init CAD model plugin
2024-12-12 11:13:31,051 [INFO] PluginManage:359 - Loaded plugin cadmodel (category:power,tabindex:5)
2024-12-12 11:13:31,051 [INFO] PluginManage:310 - Check plugin clock
2024-12-12 11:13:31,062 [INFO] McuFinderGlobals:63 - Set McuFinder mode to 2 (CubeIDE integrated)
2024-12-12 11:13:31,064 [INFO] PluginManage:359 - Loaded plugin clock (category:base,tabindex:2)
2024-12-12 11:13:31,064 [INFO] PluginManage:310 - Check plugin ddr
2024-12-12 11:13:31,067 [INFO] PluginManage:359 - Loaded plugin ddr (category:tool,tabindex:6)
2024-12-12 11:13:31,067 [INFO] PluginManage:310 - Check plugin filemanager
2024-12-12 11:13:31,220 [INFO] PluginManage:359 - Loaded plugin filemanager (category:base,tabindex:10)
2024-12-12 11:13:31,220 [INFO] PluginManage:310 - Check plugin ipmanager
2024-12-12 11:13:31,229 [INFO] PluginManage:359 - Loaded plugin ipmanager (category:base,tabindex:5)
2024-12-12 11:13:31,229 [INFO] PluginManage:310 - Check plugin lpbam
2024-12-12 11:13:31,239 [INFO] PluginManage:359 - Loaded plugin lpbam (category:base,tabindex:0)
2024-12-12 11:13:31,239 [INFO] PluginManage:310 - Check plugin memorymap
2024-12-12 11:13:31,254 [INFO] PluginManage:359 - Loaded plugin memorymap (category:base,tabindex:4)
2024-12-12 11:13:31,254 [INFO] PluginManage:310 - Check plugin pinoutandconfiguration
2024-12-12 11:13:31,264 [INFO] PluginManage:359 - Loaded plugin pinoutandconfiguration (category:base,tabindex:1)
2024-12-12 11:13:31,264 [INFO] PluginManage:310 - Check plugin pinoutconfig
2024-12-12 11:13:31,349 [WARN] SupportedApi:132 - Cannot load RTOS API schema: s4s-elt-must-match.1: The content of 'definitions' must match (annotation?, (simpleType | complexType)?, (unique | key | keyref)*)). A problem was found starting at: attribute.
2024-12-12 11:13:31,490 [INFO] PluginManage:359 - Loaded plugin pinoutconfig (category:base,tabindex:0)
2024-12-12 11:13:31,491 [INFO] PluginManage:310 - Check plugin power
2024-12-12 11:13:31,503 [INFO] PluginManage:359 - Loaded plugin power (category:power,tabindex:4)
2024-12-12 11:13:31,503 [INFO] PluginManage:310 - Check plugin projectmanager
2024-12-12 11:13:31,522 [INFO] PluginManage:359 - Loaded plugin projectmanager (category:projectmanager,tabindex:3)
2024-12-12 11:13:31,522 [INFO] PluginManage:310 - Check plugin thirdparty
2024-12-12 11:13:31,673 [WARN] IntegrityCheckThread:84 - waiting for thirdparty lock release [integrity check]
2024-12-12 11:13:31,673 [INFO] PluginManage:359 - Loaded plugin thirdparty (category:base,tabindex:-1)
2024-12-12 11:13:31,673 [INFO] IntegrityCheckThread:86 - entering critical section [integrity check]
2024-12-12 11:13:31,673 [INFO] PluginManage:310 - Check plugin tools
2024-12-12 11:13:31,673 [INFO] ThirdPartyUpdaterWithRetryManager:70 - Updater plugin not ready yet. [1/15]
2024-12-12 11:13:31,676 [INFO] PluginManage:359 - Loaded plugin tools (category:base,tabindex:7)
2024-12-12 11:13:31,677 [INFO] PluginManage:310 - Check plugin tutovideos
2024-12-12 11:13:31,883 [INFO] PluginManage:359 - Loaded plugin tutovideos (category:base,tabindex:-1)
2024-12-12 11:13:31,884 [INFO] PluginManage:310 - Check plugin updater
2024-12-12 11:13:31,897 [INFO] PluginManage:359 - Loaded plugin updater (category:base,tabindex:12)
2024-12-12 11:13:31,897 [INFO] PluginManage:310 - Check plugin userauth
2024-12-12 11:13:31,903 [INFO] UserAuth:114 - Init User Auth plugin
2024-12-12 11:13:31,903 [INFO] PluginManage:359 - Loaded plugin userauth (category:base,tabindex:14)
2024-12-12 11:13:31,904 [INFO] PluginManage:283 - PluginManage : Loaded plugins [17]
2024-12-12 11:13:32,150 [INFO] PinOutPanel:1561 - setPackage(No Configuration,No Configuration)
2024-12-12 11:13:32,235 [INFO] CADModel:165 - CPN selected for project level
2024-12-12 11:13:32,235 [INFO] CADModel:114 - Register for checkConnection events
2024-12-12 11:13:32,257 [INFO] IPUIPlugin:80 - create IPUIPlugin
2024-12-12 11:13:32,258 [INFO] PluginManager:220 - loadIPPluginJar : add adc
2024-12-12 11:13:32,261 [INFO] IPUIPlugin:80 - create IPUIPlugin
2024-12-12 11:13:32,261 [INFO] PluginManager:220 - loadIPPluginJar : add aes
2024-12-12 11:13:32,265 [INFO] IPUIPlugin:80 - create IPUIPlugin
2024-12-12 11:13:32,265 [INFO] PluginManager:220 - loadIPPluginJar : add can
2024-12-12 11:13:32,267 [INFO] IPUIPlugin:80 - create IPUIPlugin
2024-12-12 11:13:32,268 [INFO] PluginManager:220 - loadIPPluginJar : add comp
2024-12-12 11:13:32,272 [INFO] IPUIPlugin:80 - create IPUIPlugin
2024-12-12 11:13:32,272 [INFO] PluginManager:220 - loadIPPluginJar : add cryp
2024-12-12 11:13:32,275 [INFO] IPUIPlugin:80 - create IPUIPlugin
2024-12-12 11:13:32,275 [INFO] PluginManager:220 - loadIPPluginJar : add dfsdm
2024-12-12 11:13:32,282 [INFO] IPUIPlugin:80 - create IPUIPlugin
2024-12-12 11:13:32,282 [INFO] PluginManager:220 - loadIPPluginJar : add dma
2024-12-12 11:13:32,285 [INFO] IPUIPlugin:80 - create IPUIPlugin
2024-12-12 11:13:32,286 [INFO] PluginManager:220 - loadIPPluginJar : add dma3
2024-12-12 11:13:32,289 [INFO] IPUIPlugin:80 - create IPUIPlugin
2024-12-12 11:13:32,289 [INFO] PluginManager:220 - loadIPPluginJar : add extmemmanager
2024-12-12 11:13:32,292 [INFO] IPUIPlugin:80 - create IPUIPlugin
2024-12-12 11:13:32,292 [INFO] PluginManager:220 - loadIPPluginJar : add fatfs
2024-12-12 11:13:32,297 [INFO] IPUIPlugin:80 - create IPUIPlugin
2024-12-12 11:13:32,297 [INFO] PluginManager:220 - loadIPPluginJar : add fmc
2024-12-12 11:13:32,304 [INFO] IPUIPlugin:80 - create IPUIPlugin
2024-12-12 11:13:32,304 [INFO] PluginManager:220 - loadIPPluginJar : add freertos
2024-12-12 11:13:32,306 [INFO] IPUIPlugin:80 - create IPUIPlugin
2024-12-12 11:13:32,306 [INFO] PluginManager:220 - loadIPPluginJar : add genericplugin
2024-12-12 11:13:32,310 [INFO] IPUIPlugin:80 - create IPUIPlugin
2024-12-12 11:13:32,310 [INFO] PluginManager:220 - loadIPPluginJar : add gfxmmu
2024-12-12 11:13:32,315 [INFO] IPUIPlugin:80 - create IPUIPlugin
2024-12-12 11:13:32,316 [INFO] PluginManager:220 - loadIPPluginJar : add gic
2024-12-12 11:13:32,320 [INFO] IPUIPlugin:80 - create IPUIPlugin
2024-12-12 11:13:32,320 [INFO] PluginManager:220 - loadIPPluginJar : add gpio
2024-12-12 11:13:32,324 [INFO] IPUIPlugin:80 - create IPUIPlugin
2024-12-12 11:13:32,324 [INFO] PluginManager:220 - loadIPPluginJar : add gtzc
2024-12-12 11:13:32,327 [INFO] IPUIPlugin:80 - create IPUIPlugin
2024-12-12 11:13:32,327 [INFO] PluginManager:220 - loadIPPluginJar : add hash
2024-12-12 11:13:32,330 [INFO] IPUIPlugin:80 - create IPUIPlugin
2024-12-12 11:13:32,331 [INFO] PluginManager:220 - loadIPPluginJar : add i2c
2024-12-12 11:13:32,334 [INFO] IPUIPlugin:80 - create IPUIPlugin
2024-12-12 11:13:32,334 [INFO] PluginManager:220 - loadIPPluginJar : add i2s
2024-12-12 11:13:32,338 [INFO] IPUIPlugin:80 - create IPUIPlugin
2024-12-12 11:13:32,338 [INFO] PluginManager:220 - loadIPPluginJar : add i3c
2024-12-12 11:13:32,342 [INFO] IPUIPlugin:80 - create IPUIPlugin
2024-12-12 11:13:32,343 [INFO] PluginManager:220 - loadIPPluginJar : add ipddr
2024-12-12 11:13:32,352 [INFO] IPUIPlugin:80 - create IPUIPlugin
2024-12-12 11:13:32,352 [INFO] PluginManager:220 - loadIPPluginJar : add linkedlist
2024-12-12 11:13:32,357 [INFO] IPUIPlugin:80 - create IPUIPlugin
2024-12-12 11:13:32,357 [INFO] PluginManager:220 - loadIPPluginJar : add lorawan
2024-12-12 11:13:32,359 [INFO] IPUIPlugin:80 - create IPUIPlugin
2024-12-12 11:13:32,359 [INFO] PluginManager:220 - loadIPPluginJar : add ltdc
2024-12-12 11:13:32,366 [INFO] IPUIPlugin:80 - create IPUIPlugin
2024-12-12 11:13:32,367 [INFO] PluginManager:220 - loadIPPluginJar : add mdma
2024-12-12 11:13:32,372 [INFO] IPUIPlugin:80 - create IPUIPlugin
2024-12-12 11:13:32,372 [INFO] PluginManager:220 - loadIPPluginJar : add nvic
2024-12-12 11:13:32,376 [INFO] IPUIPlugin:80 - create IPUIPlugin
2024-12-12 11:13:32,376 [INFO] PluginManager:220 - loadIPPluginJar : add opamp
2024-12-12 11:13:32,381 [INFO] IPUIPlugin:80 - create IPUIPlugin
2024-12-12 11:13:32,381 [INFO] PluginManager:220 - loadIPPluginJar : add openamp
2024-12-12 11:13:32,386 [INFO] IPUIPlugin:80 - create IPUIPlugin
2024-12-12 11:13:32,386 [INFO] PluginManager:220 - loadIPPluginJar : add pdm2pcm
2024-12-12 11:13:32,393 [INFO] IPUIPlugin:80 - create IPUIPlugin
2024-12-12 11:13:32,395 [INFO] PluginManager:220 - loadIPPluginJar : add plateformsettings
2024-12-12 11:13:32,398 [INFO] IPUIPlugin:80 - create IPUIPlugin
2024-12-12 11:13:32,398 [INFO] PluginManager:220 - loadIPPluginJar : add quadspi
2024-12-12 11:13:32,402 [INFO] IPUIPlugin:80 - create IPUIPlugin
2024-12-12 11:13:32,403 [INFO] PluginManager:220 - loadIPPluginJar : add resmgrutility
2024-12-12 11:13:32,407 [INFO] IPUIPlugin:80 - create IPUIPlugin
2024-12-12 11:13:32,407 [INFO] PluginManager:220 - loadIPPluginJar : add sai
2024-12-12 11:13:32,410 [INFO] IPUIPlugin:80 - create IPUIPlugin
2024-12-12 11:13:32,411 [INFO] PluginManager:220 - loadIPPluginJar : add spi
2024-12-12 11:13:32,416 [INFO] IPUIPlugin:80 - create IPUIPlugin
2024-12-12 11:13:32,417 [INFO] PluginManager:220 - loadIPPluginJar : add stm32_wpan
2024-12-12 11:13:32,420 [INFO] IPUIPlugin:80 - create IPUIPlugin
2024-12-12 11:13:32,420 [INFO] PluginManager:220 - loadIPPluginJar : add tim
2024-12-12 11:13:32,424 [INFO] IPUIPlugin:80 - create IPUIPlugin
2024-12-12 11:13:32,424 [INFO] PluginManager:220 - loadIPPluginJar : add touchsensing
2024-12-12 11:13:32,428 [INFO] IPUIPlugin:80 - create IPUIPlugin
2024-12-12 11:13:32,428 [INFO] PluginManager:220 - loadIPPluginJar : add tracer_emb
2024-12-12 11:13:32,431 [INFO] IPUIPlugin:80 - create IPUIPlugin
2024-12-12 11:13:32,431 [INFO] PluginManager:220 - loadIPPluginJar : add ts
2024-12-12 11:13:32,433 [INFO] IPUIPlugin:80 - create IPUIPlugin
2024-12-12 11:13:32,434 [INFO] PluginManager:220 - loadIPPluginJar : add tsc
2024-12-12 11:13:32,436 [INFO] IPUIPlugin:80 - create IPUIPlugin
2024-12-12 11:13:32,437 [INFO] PluginManager:220 - loadIPPluginJar : add ucpd
2024-12-12 11:13:32,440 [INFO] IPUIPlugin:80 - create IPUIPlugin
2024-12-12 11:13:32,440 [INFO] PluginManager:220 - loadIPPluginJar : add usart
2024-12-12 11:13:32,444 [INFO] IPUIPlugin:80 - create IPUIPlugin
2024-12-12 11:13:32,444 [INFO] PluginManager:220 - loadIPPluginJar : add usbx
2024-12-12 11:13:32,594 [INFO] CADModel:165 - CPN selected for project level
2024-12-12 11:13:32,594 [INFO] CADModel:114 - Register for checkConnection events
2024-12-12 11:13:32,594 [FATAL] Updater:308 - Updater called before beeing initialized
2024-12-12 11:13:32,594 [ERROR] CADModel:125 - Updater not yet initialized, retry later 
2024-12-12 11:13:32,753 [INFO] CADModel:165 - CPN selected for project level
2024-12-12 11:13:32,753 [INFO] CADModel:114 - Register for checkConnection events
2024-12-12 11:13:32,753 [FATAL] Updater:308 - Updater called before beeing initialized
2024-12-12 11:13:32,754 [ERROR] CADModel:125 - Updater not yet initialized, retry later 
2024-12-12 11:13:32,757 [FATAL] Updater:308 - Updater called before beeing initialized
2024-12-12 11:13:32,878 [FATAL] Updater:308 - Updater called before beeing initialized
2024-12-12 11:13:32,883 [INFO] DbMcusAds:53 - JSON generation date=Fri Sep 20 14:04:38 IST 2024 (1726837478367)
2024-12-12 11:13:32,883 [FATAL] Updater:308 - Updater called before beeing initialized
2024-12-12 11:13:32,925 [WARN] DetailPanel:346 - Failed to get advertising image, set to default
2024-12-12 11:13:33,035 [FATAL] Updater:308 - Updater called before beeing initialized
2024-12-12 11:13:33,038 [FATAL] Updater:308 - Updater called before beeing initialized
2024-12-12 11:13:33,038 [FATAL] Updater:308 - Updater called before beeing initialized
2024-12-12 11:13:33,038 [WARN] DetailPanel:346 - Failed to get advertising image, set to default
2024-12-12 11:13:33,038 [FATAL] Updater:308 - Updater called before beeing initialized
2024-12-12 11:13:33,088 [ERROR] Updater:1120 - MainUpdater not yet initialized. External WinMGr cannot be set.
2024-12-12 11:13:33,091 [INFO] Updater:1056 - Updater Version found : 6.11.0
2024-12-12 11:13:33,111 [INFO] ApplicationProperties:184 - Using Application install path: D:\STM32CubeIDE_1.13.0\STM32CubeIDE\plugins\com.st.stm32cube.common.mx_6.11.0.202403141607
2024-12-12 11:13:34,675 [INFO] ThirdPartyUpdaterWithRetryManager:70 - Updater plugin not ready yet. [2/15]
2024-12-12 11:13:34,696 [ERROR] LogOutputStream:75 - [STDERR_REDIRECT] Dec 12, 2024 11:13:34 AM java.util.prefs.WindowsPreferences <init>
2024-12-12 11:13:34,697 [ERROR] LogOutputStream:75 - [STDERR_REDIRECT] WARNING: Could not open/create prefs root node Software\JavaSoft\Prefs at root 0xffffffff80000002. Windows RegCreateKeyEx(...) returned error code 5.
2024-12-12 11:13:34,697 [ERROR] LogOutputStream:75 - [STDERR_REDIRECT] 
2024-12-12 11:13:35,051 [INFO] MainUpdater:2873 - connection check result : 10
2024-12-12 11:13:35,051 [INFO] MainUpdater:290 - Updater Check For Update Now.
2024-12-12 11:13:35,051 [INFO] MicroXplorer:498 - Change Database Version : DB.6.0.110
2024-12-12 11:13:35,056 [INFO] McuFinderGlobals:63 - Set McuFinder mode to 2 (CubeIDE integrated)
2024-12-12 11:13:35,062 [INFO] UserAuth:415 - Internet connection configuration mode: 1
2024-12-12 11:13:35,084 [INFO] JxBrowserEngine:152 - Initiate JxBrowser Engine with user profile folder
2024-12-12 11:13:35,239 [INFO] CheckServerUpdateThread:120 - End of CheckServer Thread
2024-12-12 11:13:35,259 [INFO] MainUpdater:2873 - connection check result : 10
2024-12-12 11:13:35,260 [INFO] MainUpdater:2873 - connection check result : 10
2024-12-12 11:13:35,316 [INFO] MicroXplorer:468 - Change Database Path : 
2024-12-12 11:13:35,317 [INFO] MicroXplorer:498 - Change Database Version : DB.6.0.110
2024-12-12 11:13:35,329 [WARN] ThirdParty:871 - waiting for thirdparty lock release [close project]
2024-12-12 11:13:36,503 [INFO] WebApp:161 - Instantiating new browser for Auth
2024-12-12 11:13:37,107 [INFO] WebApp:779 - Register for checkConnection events
2024-12-12 11:13:37,107 [INFO] WebApp:414 - Apply proxy settings
2024-12-12 11:13:37,107 [INFO] WebApp:499 - Chromium requires no authentication
2024-12-12 11:13:37,114 [INFO] WebApp:442 - Direct internet connection detected
2024-12-12 11:13:37,289 [INFO] WebApp:192 - Starting web application
2024-12-12 11:13:37,289 [INFO] WebApp:544 - Web application path used D:\STM32CubeIDE_1.13.0\STM32CubeIDE\plugins\com.st.stm32cube.common.mx_6.11.0.202403141607\db\plugins\mcufinder\reactClient1\index.html
2024-12-12 11:13:38,002 [WARN] PackLoader:240 - Cannot read IP mode file for STMicroelectronics.FP-SNS-MOTENVWB1.1.4.0
2024-12-12 11:13:38,012 [WARN] PackLoader:240 - Cannot read IP mode file for STMicroelectronics.FP-ATR-ASTRA1.2.0.1
2024-12-12 11:13:38,021 [WARN] PackLoader:240 - Cannot read IP mode file for STMicroelectronics.X-CUBE-SMBUS.2.1.0
2024-12-12 11:13:38,030 [WARN] PackLoader:240 - Cannot read IP mode file for STMicroelectronics.X-CUBE-WB05N.1.1.0
2024-12-12 11:13:38,037 [WARN] PackLoader:240 - Cannot read IP mode file for STMicroelectronics.X-CUBE-TOUCHGFX.4.23.1
2024-12-12 11:13:38,041 [WARN] PackLoader:240 - Cannot read IP mode file for STMicroelectronics.X-CUBE-TOUCHGFX.4.23.0
2024-12-12 11:13:38,068 [WARN] PackLoader:240 - Cannot read IP mode file for STMicroelectronics.X-CUBE-AZRTOS-F7.1.1.0
2024-12-12 11:13:38,078 [WARN] PackLoader:240 - Cannot read IP mode file for STMicroelectronics.FP-SNS-MOTENV1.4.3.2
2024-12-12 11:13:38,127 [WARN] PackLoader:240 - Cannot read IP mode file for STMicroelectronics.X-CUBE-MEMS1.11.0.0
2024-12-12 11:13:38,303 [WARN] PackLoader:240 - Cannot read IP mode file for STMicroelectronics.X-CUBE-BLE1.6.2.4
2024-12-12 11:13:38,310 [WARN] PackLoader:240 - Cannot read IP mode file for STMicroelectronics.FP-SNS-FLIGHT1.5.0.2
2024-12-12 11:13:38,318 [WARN] PackLoader:240 - Cannot read IP mode file for STMicroelectronics.X-CUBE-DISPLAY.3.0.0
2024-12-12 11:13:38,326 [WARN] PackLoader:240 - Cannot read IP mode file for STMicroelectronics.X-CUBE-BLE1.7.0.0
2024-12-12 11:13:38,333 [WARN] PackLoader:240 - Cannot read IP mode file for STMicroelectronics.X-CUBE-NFC10.1.0.0
2024-12-12 11:13:38,342 [WARN] PackLoader:240 - Cannot read IP mode file for STMicroelectronics.X-CUBE-BLEMGR.4.0.0
2024-12-12 11:13:38,350 [WARN] PackLoader:240 - Cannot read IP mode file for emotas.I-CUBE-CANOPEN.1.3.0
2024-12-12 11:13:38,360 [WARN] PackLoader:240 - Cannot read IP mode file for STMicroelectronics.X-CUBE-TOUCHGFX.4.22.0
2024-12-12 11:13:38,371 [WARN] PackLoader:240 - Cannot read IP mode file for STMicroelectronics.X-CUBE-TOUCHGFX.4.22.1
2024-12-12 11:13:38,379 [WARN] PackLoader:240 - Cannot read IP mode file for STMicroelectronics.X-CUBE-BLEMGR.3.1.0
2024-12-12 11:13:38,386 [WARN] PackLoader:240 - Cannot read IP mode file for STMicroelectronics.FP-SNS-SMARTAG2.1.2.0
2024-12-12 11:13:38,399 [INFO] LogOutputStream:77 - [STDOUT_REDIRECT] 1 : Invalid condition id : UX_CORESTACK_Condition cause : null
2024-12-12 11:13:38,401 [INFO] LogOutputStream:77 - [STDOUT_REDIRECT] 1 : Invalid condition id : UX_CORESTACK_Condition cause : null
2024-12-12 11:13:38,402 [INFO] LogOutputStream:77 - [STDOUT_REDIRECT] 1 : Invalid condition id : UX_CORESTACK_Condition cause : null
2024-12-12 11:13:38,404 [INFO] LogOutputStream:77 - [STDOUT_REDIRECT] 1 : Invalid condition id : UX_CORESTACK_Condition cause : null
2024-12-12 11:13:38,405 [INFO] LogOutputStream:77 - [STDOUT_REDIRECT] 1 : Invalid condition id : UX_CORESTACK_Condition cause : null
2024-12-12 11:13:38,408 [WARN] PackLoader:240 - Cannot read IP mode file for STMicroelectronics.X-CUBE-AZRTOS-WL.2.0.0
2024-12-12 11:13:38,419 [WARN] PackLoader:240 - Cannot read IP mode file for STMicroelectronics.FP-SNS-MOTENV1.5.0.0
2024-12-12 11:13:38,426 [WARN] PackLoader:240 - Cannot read IP mode file for wolfSSL.I-CUBE-wolfMQTT.1.19.0
2024-12-12 11:13:38,436 [WARN] PackLoader:240 - Cannot read IP mode file for WES.I-CUBE-Cesium.1.3.0
2024-12-12 11:13:38,442 [WARN] PackLoader:240 - Cannot read IP mode file for STMicroelectronics.X-CUBE-BLE2.3.3.0
2024-12-12 11:13:38,450 [WARN] PackLoader:240 - Cannot read IP mode file for STMicroelectronics.X-CUBE-NFC9.1.0.0
2024-12-12 11:13:38,459 [WARN] PackLoader:240 - Cannot read IP mode file for STMicroelectronics.X-CUBE-TCPP.4.1.0
2024-12-12 11:13:38,468 [WARN] PackLoader:240 - Cannot read IP mode file for STMicroelectronics.X-CUBE-ALGOBUILD.1.3.0
2024-12-12 11:13:38,482 [WARN] PackLoader:240 - Cannot read IP mode file for STMicroelectronics.X-CUBE-AZRTOS-G0.1.1.0
2024-12-12 11:13:38,491 [WARN] PackLoader:240 - Cannot read IP mode file for STMicroelectronics.X-CUBE-SAFEA1.1.2.2
2024-12-12 11:13:38,498 [WARN] PackLoader:240 - Cannot read IP mode file for STMicroelectronics.X-CUBE-NFC4.3.0.0
2024-12-12 11:13:38,509 [WARN] PackLoader:240 - Cannot read IP mode file for EmbeddedOffice.I-CUBE-FS-RTOS.1.0.1
2024-12-12 11:13:38,510 [ERROR] ConditionMgr:805 - Attr not supported : Dmpu
2024-12-12 11:13:38,510 [ERROR] ConditionMgr:805 - Attr not supported : Dmpu
2024-12-12 11:13:38,510 [ERROR] ConditionMgr:805 - Attr not supported : Dmpu
2024-12-12 11:13:38,510 [ERROR] ConditionMgr:805 - Attr not supported : Dmpu
2024-12-12 11:13:38,510 [ERROR] ConditionMgr:805 - Attr not supported : Dmpu
2024-12-12 11:13:38,511 [ERROR] ConditionMgr:805 - Attr not supported : Dmpu
2024-12-12 11:13:38,511 [ERROR] ConditionMgr:805 - Attr not supported : Dmpu
2024-12-12 11:13:38,511 [ERROR] ConditionMgr:805 - Attr not supported : Dmpu
2024-12-12 11:13:38,511 [ERROR] ConditionMgr:805 - Attr not supported : Dmpu
2024-12-12 11:13:38,511 [ERROR] ConditionMgr:805 - Attr not supported : Dmpu
2024-12-12 11:13:38,511 [ERROR] ConditionMgr:805 - Attr not supported : Dmpu
2024-12-12 11:13:38,511 [ERROR] ConditionMgr:805 - Attr not supported : Dmpu
2024-12-12 11:13:38,512 [ERROR] ConditionMgr:805 - Attr not supported : Dmpu
2024-12-12 11:13:38,512 [ERROR] ConditionMgr:805 - Attr not supported : Dmpu
2024-12-12 11:13:38,513 [ERROR] ConditionMgr:805 - Attr not supported : Dmpu
2024-12-12 11:13:38,513 [ERROR] ConditionMgr:805 - Attr not supported : Dmpu
2024-12-12 11:13:38,513 [ERROR] ConditionMgr:805 - Attr not supported : Dmpu
2024-12-12 11:13:38,514 [ERROR] ConditionMgr:805 - Attr not supported : Dmpu
2024-12-12 11:13:38,514 [ERROR] ConditionMgr:805 - Attr not supported : Dmpu
2024-12-12 11:13:38,514 [ERROR] ConditionMgr:805 - Attr not supported : Dmpu
2024-12-12 11:13:38,514 [ERROR] ConditionMgr:805 - Attr not supported : Dmpu
2024-12-12 11:13:38,514 [ERROR] ConditionMgr:805 - Attr not supported : Dmpu
2024-12-12 11:13:38,514 [ERROR] ConditionMgr:805 - Attr not supported : Dmpu
2024-12-12 11:13:38,514 [ERROR] ConditionMgr:805 - Attr not supported : Dmpu
2024-12-12 11:13:38,514 [ERROR] ConditionMgr:805 - Attr not supported : Dmpu
2024-12-12 11:13:38,514 [ERROR] ConditionMgr:805 - Attr not supported : Dmpu
2024-12-12 11:13:38,514 [ERROR] ConditionMgr:805 - Attr not supported : Dmpu
2024-12-12 11:13:38,514 [ERROR] ConditionMgr:805 - Attr not supported : Dmpu
2024-12-12 11:13:38,514 [ERROR] ConditionMgr:805 - Attr not supported : Dmpu
2024-12-12 11:13:38,514 [ERROR] ConditionMgr:805 - Attr not supported : Dmpu
2024-12-12 11:13:38,514 [ERROR] ConditionMgr:805 - Attr not supported : Dmpu
2024-12-12 11:13:38,514 [ERROR] ConditionMgr:805 - Attr not supported : Dmpu
2024-12-12 11:13:38,514 [ERROR] ConditionMgr:805 - Attr not supported : Dmpu
2024-12-12 11:13:38,514 [ERROR] ConditionMgr:805 - Attr not supported : Dmpu
2024-12-12 11:13:38,514 [ERROR] ConditionMgr:805 - Attr not supported : Dmpu
2024-12-12 11:13:38,514 [ERROR] ConditionMgr:805 - Attr not supported : Dmpu
2024-12-12 11:13:38,514 [ERROR] ConditionMgr:805 - Attr not supported : Dmpu
2024-12-12 11:13:38,515 [ERROR] ConditionMgr:805 - Attr not supported : Dmpu
2024-12-12 11:13:38,515 [ERROR] ConditionMgr:805 - Attr not supported : Dmpu
2024-12-12 11:13:38,515 [ERROR] ConditionMgr:805 - Attr not supported : Dmpu
2024-12-12 11:13:38,515 [ERROR] ConditionMgr:805 - Attr not supported : Dmpu
2024-12-12 11:13:38,515 [ERROR] ConditionMgr:805 - Attr not supported : Dmpu
2024-12-12 11:13:38,515 [ERROR] ConditionMgr:805 - Attr not supported : Dmpu
2024-12-12 11:13:38,515 [ERROR] ConditionMgr:805 - Attr not supported : Dmpu
2024-12-12 11:13:38,515 [ERROR] ConditionMgr:805 - Attr not supported : Dmpu
2024-12-12 11:13:38,515 [ERROR] ConditionMgr:805 - Attr not supported : Dmpu
2024-12-12 11:13:38,515 [ERROR] ConditionMgr:805 - Attr not supported : Dmpu
2024-12-12 11:13:38,515 [ERROR] ConditionMgr:805 - Attr not supported : Dmpu
2024-12-12 11:13:38,515 [ERROR] ConditionMgr:805 - Attr not supported : Dmpu
2024-12-12 11:13:38,515 [ERROR] ConditionMgr:805 - Attr not supported : Dmpu
2024-12-12 11:13:38,515 [ERROR] ConditionMgr:805 - Attr not supported : Dmpu
2024-12-12 11:13:38,515 [ERROR] ConditionMgr:805 - Attr not supported : Dmpu
2024-12-12 11:13:38,515 [ERROR] ConditionMgr:805 - Attr not supported : Dmpu
2024-12-12 11:13:38,515 [ERROR] ConditionMgr:805 - Attr not supported : Dmpu
2024-12-12 11:13:38,515 [ERROR] ConditionMgr:805 - Attr not supported : Dmpu
2024-12-12 11:13:38,515 [ERROR] ConditionMgr:805 - Attr not supported : Dmpu
2024-12-12 11:13:38,516 [ERROR] ConditionMgr:805 - Attr not supported : Dmpu
2024-12-12 11:13:38,516 [ERROR] ConditionMgr:805 - Attr not supported : Dmpu
2024-12-12 11:13:38,516 [ERROR] ConditionMgr:805 - Attr not supported : Dmpu
2024-12-12 11:13:38,516 [ERROR] ConditionMgr:805 - Attr not supported : Dmpu
2024-12-12 11:13:38,516 [ERROR] ConditionMgr:805 - Attr not supported : Dmpu
2024-12-12 11:13:38,516 [ERROR] ConditionMgr:805 - Attr not supported : Dmpu
2024-12-12 11:13:38,516 [ERROR] ConditionMgr:805 - Attr not supported : Dmpu
2024-12-12 11:13:38,516 [ERROR] ConditionMgr:805 - Attr not supported : Dmpu
2024-12-12 11:13:38,524 [WARN] PackLoader:240 - Cannot read IP mode file for STMicroelectronics.X-CUBE-BLEMGR.3.0.0
2024-12-12 11:13:38,535 [WARN] PackLoader:240 - Cannot read IP mode file for RealThread.X-CUBE-RT-Thread_Nano.4.1.1
2024-12-12 11:13:38,541 [WARN] PackLoader:240 - Cannot read IP mode file for STMicroelectronics.FP-ATR-SIGFOX1.3.2.0
2024-12-12 11:13:38,549 [WARN] ConditionMgr:438 - getConditionDescription Invalid condition id : Cortex-A Device cause : null
2024-12-12 11:13:38,568 [WARN] ConditionMgr:1039 - genDependencies : Invalid condition id : Cortex-A Device cause : null
2024-12-12 11:13:38,568 [WARN] ConditionMgr:1039 - genDependencies : Invalid condition id : Cortex-A Device cause : null
2024-12-12 11:13:38,569 [WARN] ConditionMgr:1039 - genDependencies : Invalid condition id : Cortex-A Device cause : null
2024-12-12 11:13:38,577 [WARN] PackLoader:240 - Cannot read IP mode file for STMicroelectronics.X-CUBE-EEPRMA1.5.1.0
2024-12-12 11:13:38,608 [WARN] PackLoader:240 - Cannot read IP mode file for SEGGER.I-CUBE-embOS.1.3.1
2024-12-12 11:13:38,658 [WARN] PackLoader:240 - Cannot read IP mode file for STMicroelectronics.X-CUBE-ALGOBUILD.1.4.0
2024-12-12 11:13:38,666 [WARN] PackLoader:240 - Cannot read IP mode file for STMicroelectronics.X-CUBE-AI.9.1.0
2024-12-12 11:13:38,673 [WARN] PackLoader:240 - Cannot read IP mode file for STMicroelectronics.X-CUBE-GNSS1.6.0.0
2024-12-12 11:13:38,694 [WARN] PackLoader:240 - Cannot read IP mode file for STMicroelectronics.X-CUBE-AZRTOS-F4.1.1.0
2024-12-12 11:13:38,703 [WARN] PackLoader:240 - Cannot read IP mode file for wolfSSL.I-CUBE-wolfSSL.5.6.3
2024-12-12 11:13:38,710 [WARN] PackLoader:240 - Cannot read IP mode file for STMicroelectronics.X-CUBE-ISPU.2.1.0
2024-12-12 11:13:38,718 [WARN] PackLoader:240 - Cannot read IP mode file for STMicroelectronics.X-CUBE-FREERTOS.1.2.0
2024-12-12 11:13:38,737 [WARN] PackLoader:240 - Cannot read IP mode file for STMicroelectronics.X-CUBE-AZRTOS-L5.2.0.0
2024-12-12 11:13:38,790 [WARN] PackLoader:240 - Cannot read IP mode file for STMicroelectronics.X-CUBE-MEMS1.9.6.0
2024-12-12 11:13:38,907 [WARN] PackLoader:240 - Cannot read IP mode file for STMicroelectronics.X-CUBE-EEPRMA1.4.2.0
2024-12-12 11:13:38,915 [WARN] PackLoader:240 - Cannot read IP mode file for STMicroelectronics.X-CUBE-NFC6.3.1.0
2024-12-12 11:13:38,922 [WARN] PackLoader:240 - Cannot read IP mode file for ITTIA_DB.I-CUBE-ITTIADB.8.8.0
2024-12-12 11:13:38,929 [WARN] PackLoader:240 - Cannot read IP mode file for STMicroelectronics.X-CUBE-BLEMGR.2.0.0
2024-12-12 11:13:38,936 [WARN] PackLoader:240 - Cannot read IP mode file for STMicroelectronics.X-CUBE-DPower.1.2.0
2024-12-12 11:13:38,940 [WARN] PackLoader:240 - Cannot read IP mode file for STMicroelectronics.X-CUBE-AI.9.0.0
2024-12-12 11:13:38,956 [WARN] ConditionMgr:438 - getConditionDescription Invalid condition id : UX DEVICE CLASS RTOS Condition cause : null
2024-12-12 11:13:38,957 [WARN] ConditionMgr:438 - getConditionDescription Invalid condition id : UX DEVICE CLASS RTOS Condition cause : null
2024-12-12 11:13:38,960 [WARN] PackLoader:240 - Cannot read IP mode file for STMicroelectronics.X-CUBE-AZRTOS-H7.3.1.0
2024-12-12 11:13:38,961 [WARN] ConditionMgr:1039 - genDependencies : Invalid condition id : UX DEVICE CLASS RTOS Condition cause : null
2024-12-12 11:13:38,962 [WARN] ConditionMgr:1039 - genDependencies : Invalid condition id : UX DEVICE CLASS RTOS Condition cause : null
2024-12-12 11:13:38,962 [WARN] ConditionMgr:1039 - genDependencies : Invalid condition id : UX DEVICE CLASS RTOS Condition cause : null
2024-12-12 11:13:38,963 [WARN] ConditionMgr:1039 - genDependencies : Invalid condition id : UX DEVICE CLASS RTOS Condition cause : null
2024-12-12 11:13:38,963 [WARN] ConditionMgr:1039 - genDependencies : Invalid condition id : UX DEVICE CLASS RTOS Condition cause : null
2024-12-12 11:13:38,970 [WARN] PackLoader:240 - Cannot read IP mode file for STMicroelectronics.X-CUBE-NFC7.1.0.1
2024-12-12 11:13:38,977 [WARN] PackLoader:240 - Cannot read IP mode file for STMicroelectronics.X-CUBE-NFC6.3.0.0
2024-12-12 11:13:38,985 [WARN] PackLoader:240 - Cannot read IP mode file for STMicroelectronics.X-CUBE-EEPRMA1.4.1.0
2024-12-12 11:13:38,990 [WARN] PackLoader:240 - Cannot read IP mode file for STMicroelectronics.X-CUBE-AI.8.1.0
2024-12-12 11:13:39,008 [WARN] ConditionMgr:438 - getConditionDescription Invalid condition id : LAN8742 Phy interface Condition cause : null
2024-12-12 11:13:39,009 [WARN] PackLoader:240 - Cannot read IP mode file for STMicroelectronics.X-CUBE-AZRTOS-L4.2.0.0
2024-12-12 11:13:39,010 [WARN] ConditionMgr:1039 - genDependencies : Invalid condition id : LAN8742 Phy interface Condition cause : null
2024-12-12 11:13:39,011 [WARN] ConditionMgr:1039 - genDependencies : Invalid condition id : LAN8742 Phy interface Condition cause : null
2024-12-12 11:13:39,012 [WARN] ConditionMgr:1039 - genDependencies : Invalid condition id : LAN8742 Phy interface Condition cause : null
2024-12-12 11:13:39,020 [WARN] PackLoader:240 - Cannot read IP mode file for STMicroelectronics.X-CUBE-SFXS2LP1.4.0.0
2024-12-12 11:13:39,026 [WARN] PackLoader:240 - Cannot read IP mode file for STMicroelectronics.X-CUBE-ISPU.1.1.0
2024-12-12 11:13:39,044 [WARN] PackLoader:240 - Cannot read IP mode file for STMicroelectronics.X-CUBE-AZRTOS-H7.3.3.0
2024-12-12 11:13:39,058 [WARN] PackLoader:240 - Cannot read IP mode file for STMicroelectronics.X-CUBE-IPS.3.0.0
2024-12-12 11:13:39,074 [WARN] ConditionMgr:438 - getConditionDescription Invalid condition id : UX DEVICE CLASS RTOS Condition cause : null
2024-12-12 11:13:39,075 [WARN] ConditionMgr:438 - getConditionDescription Invalid condition id : UX DEVICE CLASS RTOS Condition cause : null
2024-12-12 11:13:39,081 [WARN] PackLoader:240 - Cannot read IP mode file for STMicroelectronics.X-CUBE-AZRTOS-WB.2.0.0
2024-12-12 11:13:39,082 [WARN] ConditionMgr:1039 - genDependencies : Invalid condition id : UX DEVICE CLASS RTOS Condition cause : null
2024-12-12 11:13:39,082 [WARN] ConditionMgr:1039 - genDependencies : Invalid condition id : UX DEVICE CLASS RTOS Condition cause : null
2024-12-12 11:13:39,082 [WARN] ConditionMgr:1039 - genDependencies : Invalid condition id : UX DEVICE CLASS RTOS Condition cause : null
2024-12-12 11:13:39,083 [WARN] ConditionMgr:1039 - genDependencies : Invalid condition id : UX DEVICE CLASS RTOS Condition cause : null
2024-12-12 11:13:39,083 [WARN] ConditionMgr:1039 - genDependencies : Invalid condition id : UX DEVICE CLASS RTOS Condition cause : null
2024-12-12 11:13:39,088 [WARN] PackLoader:240 - Cannot read IP mode file for STMicroelectronics.X-CUBE-FREERTOS.1.0.1
2024-12-12 11:13:39,093 [WARN] PackLoader:240 - Cannot read IP mode file for STMicroelectronics.X-CUBE-GNSS1.7.0.0
2024-12-12 11:13:39,100 [WARN] PackLoader:240 - Cannot read IP mode file for STMicroelectronics.FP-SNS-STBOX1.2.0.0
2024-12-12 11:13:39,112 [WARN] PackLoader:240 - Cannot read IP mode file for STMicroelectronics.X-CUBE-AZRTOS-L5.1.1.0
2024-12-12 11:13:39,118 [WARN] PackLoader:240 - Cannot read IP mode file for STMicroelectronics.X-CUBE-AI.8.0.1
2024-12-12 11:13:39,127 [WARN] PackLoader:240 - Cannot read IP mode file for STMicroelectronics.X-CUBE-SUBG2.5.0.0
2024-12-12 11:13:39,136 [WARN] PackLoader:240 - Cannot read IP mode file for Cesanta.I-CUBE-Mongoose.7.13.0
2024-12-12 11:13:39,147 [WARN] PackLoader:240 - Cannot read IP mode file for STMicroelectronics.X-CUBE-TOF1.3.3.1
2024-12-12 11:13:39,163 [WARN] PackLoader:240 - Cannot read IP mode file for STMicroelectronics.X-CUBE-AZRTOS-G4.2.0.0
2024-12-12 11:13:39,174 [WARN] PackLoader:240 - Cannot read IP mode file for Infineon.AIROC-Wi-Fi-Bluetooth-STM32.1.5.1
2024-12-12 11:13:39,181 [WARN] PackLoader:240 - Cannot read IP mode file for STMicroelectronics.FP-SNS-MOTENVWB1.1.3.0
2024-12-12 11:13:39,187 [WARN] PackLoader:240 - Cannot read IP mode file for STMicroelectronics.FP-SNS-MOTENVWB1.1.3.1
2024-12-12 11:13:39,194 [WARN] PackLoader:240 - Cannot read IP mode file for STMicroelectronics.X-CUBE-ISPU.2.0.0
2024-12-12 11:13:39,199 [WARN] PackLoader:240 - Cannot read IP mode file for STMicroelectronics.X-CUBE-ALS.1.0.2
2024-12-12 11:13:39,230 [WARN] PackLoader:240 - Cannot read IP mode file for STMicroelectronics.X-CUBE-MEMS1.10.0.0
2024-12-12 11:13:39,320 [WARN] PackLoader:240 - Cannot read IP mode file for STMicroelectronics.X-CUBE-FREERTOS.1.1.0
2024-12-12 11:13:39,324 [WARN] PackLoader:240 - Cannot read IP mode file for STMicroelectronics.X-CUBE-TOUCHGFX.4.24.0
2024-12-12 11:13:39,329 [WARN] PackLoader:240 - Cannot read IP mode file for STMicroelectronics.X-CUBE-TOUCHGFX.4.24.1
2024-12-12 11:13:39,333 [WARN] PackLoader:240 - Cannot read IP mode file for wolfSSL.I-CUBE-wolfTPM.3.4.0
2024-12-12 11:13:39,340 [WARN] PackLoader:240 - Cannot read IP mode file for portGmbH.I-Cube-SoM-uGOAL.1.1.0
2024-12-12 11:13:39,345 [WARN] PackLoader:240 - Cannot read IP mode file for STMicroelectronics.X-CUBE-ALS.1.0.1
2024-12-12 11:13:39,357 [WARN] PackLoader:240 - Cannot read IP mode file for STMicroelectronics.X-CUBE-AZRTOS-WB.1.1.0
2024-12-12 11:13:39,375 [WARN] PackLoader:240 - Cannot read IP mode file for STMicroelectronics.X-CUBE-AZRTOS-H7RS.1.0.0
2024-12-12 11:13:39,382 [WARN] PackLoader:240 - Cannot read IP mode file for STMicroelectronics.FP-ATR-ASTRA1.2.0.0
2024-12-12 11:13:39,397 [WARN] PackLoader:240 - Cannot read IP mode file for STMicroelectronics.X-CUBE-TOF1.3.4.2
2024-12-12 11:13:39,417 [WARN] PackLoader:240 - Cannot read IP mode file for STMicroelectronics.X-CUBE-TOF1.3.4.1
2024-12-12 11:13:39,446 [WARN] PackLoader:240 - Cannot read IP mode file for STMicroelectronics.X-CUBE-AZRTOS-H7.3.2.0
2024-12-12 11:13:39,455 [WARN] PackLoader:240 - Cannot read IP mode file for wolfSSL.I-CUBE-wolfSSH.1.4.17
2024-12-12 11:13:39,455 [INFO] ThirdParty:978 - Integrity check success = true
2024-12-12 11:13:39,455 [INFO] IntegrityCheckThread:100 - exiting critical section [integrity check]
2024-12-12 11:13:39,455 [INFO] IntegrityCheckThread:103 - End integrity checks thread
2024-12-12 11:13:39,456 [INFO] ThirdParty:873 - entering critical section [close project]
2024-12-12 11:13:39,457 [INFO] ThirdParty:883 - exiting critical section [close project]
2024-12-12 11:13:39,460 [INFO] PinOutPanel:1561 - setPackage(No Configuration,No Configuration)
2024-12-12 11:13:39,475 [INFO] UtilMem:75 - Begin LoadConfig() Used Memory: 198830736 Bytes (290455552)
2024-12-12 11:13:39,477 [INFO] MicroXplorer:468 - Change Database Path : 
2024-12-12 11:13:39,477 [INFO] MicroXplorer:498 - Change Database Version : DB.6.0.110
2024-12-12 11:13:39,477 [INFO] OpenFileManager:312 - Change cursor
2024-12-12 11:13:39,521 [INFO] Mcu:2021 - Initializing MCU STM32L476R(C-E-G)Tx STM32L476RGTx STM32L476RGT3
2024-12-12 11:13:41,873 [INFO] Context:663 - Trying to add GPIOservice into a context  which must be forbidden
2024-12-12 11:13:42,667 [INFO] RtosManager:555 - Registered RTOS mode: class=CMSIS, group=RTOS, mode=CMSIS_V1, owner=FREERTOS
2024-12-12 11:13:42,667 [INFO] RtosManager:555 - Registered RTOS mode: class=CMSIS, group=RTOS2, mode=CMSIS_V2, owner=FREERTOS
2024-12-12 11:13:42,667 [INFO] RtosManager:555 - Registered RTOS mode: class=RTOS, group=Core, mode=CMSIS_V1, owner=FREERTOS
2024-12-12 11:13:42,667 [INFO] RtosManager:555 - Registered RTOS mode: class=RTOS, group=Core, mode=CMSIS_V2, owner=FREERTOS
2024-12-12 11:13:42,667 [WARN] ModelIntegratedComponent:184 - Missing modes for component STMicroelectronics:FreeRTOS:0.0.1:STMicroelectronics:RTOS:FreeRTOS:Core:::10.2.0:
2024-12-12 11:13:42,672 [WARN] ModelIntegratedComponent:63 - No mode defined for component null
2024-12-12 11:13:42,672 [WARN] ModelIntegratedComponent:63 - No mode defined for component null
2024-12-12 11:13:42,672 [WARN] ModelIntegratedComponent:63 - No mode defined for component null
2024-12-12 11:13:42,672 [WARN] ModelIntegratedComponent:63 - No mode defined for component null
2024-12-12 11:13:42,672 [WARN] ModelIntegratedComponent:63 - No mode defined for component null
2024-12-12 11:13:42,672 [WARN] ModelIntegratedComponent:63 - No mode defined for component null
2024-12-12 11:13:42,672 [WARN] ModelIntegratedComponent:63 - No mode defined for component null
2024-12-12 11:13:42,672 [WARN] ModelIntegratedComponent:63 - No mode defined for component null
2024-12-12 11:13:42,672 [WARN] ModelIntegratedComponent:63 - No mode defined for component null
2024-12-12 11:13:42,672 [WARN] ModelIntegratedComponent:63 - No mode defined for component null
2024-12-12 11:13:42,673 [WARN] ModelIntegratedComponent:63 - No mode defined for component null
2024-12-12 11:13:42,673 [WARN] ModelIntegratedComponent:63 - No mode defined for component null
2024-12-12 11:13:42,673 [WARN] ModelIntegratedComponent:63 - No mode defined for component null
2024-12-12 11:13:42,673 [WARN] ModelIntegratedComponent:63 - No mode defined for component null
2024-12-12 11:13:42,673 [WARN] ModelIntegratedComponent:63 - No mode defined for component null
2024-12-12 11:13:42,673 [WARN] ModelIntegratedComponent:63 - No mode defined for component null
2024-12-12 11:13:42,673 [WARN] ModelIntegratedComponent:63 - No mode defined for component null
2024-12-12 11:13:42,673 [WARN] ModelIntegratedComponent:63 - No mode defined for component null
2024-12-12 11:13:42,673 [WARN] ModelIntegratedComponent:63 - No mode defined for component null
2024-12-12 11:13:42,673 [WARN] ModelIntegratedComponent:63 - No mode defined for component null
2024-12-12 11:13:42,673 [WARN] ModelIntegratedComponent:63 - No mode defined for component null
2024-12-12 11:13:42,673 [WARN] ModelIntegratedComponent:63 - No mode defined for component null
2024-12-12 11:13:42,673 [WARN] ModelIntegratedComponent:63 - No mode defined for component null
2024-12-12 11:13:42,673 [WARN] ModelIntegratedComponent:63 - No mode defined for component null
2024-12-12 11:13:42,673 [WARN] ModelIntegratedComponent:63 - No mode defined for component null
2024-12-12 11:13:42,673 [WARN] ModelIntegratedComponent:63 - No mode defined for component null
2024-12-12 11:13:42,673 [WARN] ModelIntegratedComponent:63 - No mode defined for component null
2024-12-12 11:13:42,673 [WARN] ModelIntegratedComponent:63 - No mode defined for component null
2024-12-12 11:13:42,673 [WARN] ModelIntegratedComponent:63 - No mode defined for component null
2024-12-12 11:13:42,673 [WARN] ModelIntegratedComponent:63 - No mode defined for component null
2024-12-12 11:13:42,673 [WARN] ModelIntegratedComponent:63 - No mode defined for component null
2024-12-12 11:13:42,673 [WARN] ModelIntegratedComponent:63 - No mode defined for component null
2024-12-12 11:13:42,673 [WARN] ModelIntegratedComponent:63 - No mode defined for component null
2024-12-12 11:13:42,673 [WARN] ModelIntegratedComponent:63 - No mode defined for component null
2024-12-12 11:13:42,783 [INFO] ThirdPartyModel:298 - Start build external matchings
2024-12-12 11:13:43,897 [INFO] ThirdPartyModel:316 - End build external matchings
2024-12-12 11:13:43,932 [INFO] ImportTextPane:194 - (OptionalMessage_ERROR) IP (RCC) : Invalid parameter (FamilyName)
2024-12-12 11:13:43,935 [INFO] ImportTextPane:194 - (OptionalMessage_ERROR) IP (RCC) : Parameter (RNGFreq_Value) has invalid value (64000000)
2024-12-12 11:13:43,935 [INFO] ImportTextPane:194 - (OptionalMessage_ERROR) IP (RCC) : Parameter (SDMMCFreq_Value) has invalid value (64000000)
2024-12-12 11:13:43,935 [INFO] ImportTextPane:194 - (OptionalMessage_ERROR) IP (RCC) : Parameter (USBFreq_Value) has invalid value (64000000)
2024-12-12 11:13:44,440 [INFO] ApiDb:581 - Connected to CubeFinder SQLite database (C:\Users\66405\.stmcufinder\plugins\mcufinder\mcu\cube-finder-db.db)
2024-12-12 11:13:44,526 [INFO] ApiDb:668 - CubeFinder database Data Model version=2.1
2024-12-12 11:13:44,526 [INFO] ApiDb:669 - CubeFinder database Configuration version=3.0.39
2024-12-12 11:13:44,527 [INFO] ApiDb:670 - CubeFinder database generation date=2024-10-15 (1729006872)
2024-12-12 11:13:44,527 [INFO] ApiDb:671 - CubeFinder database FW Pack versions=[FP-ATR-ASTRA1_V2.0.0, FP-SNS-FLIGHT1_V5.0.2, FP-SNS-MOTENV1_V5.0.0, FP-SNS-MOTENVWB1_V1.4.0, FP-SNS-SMARTAG2_V1.2.0, FP-SNS-STBOX1_V2.0.0, STM32Cube_FW_C0_V1.2.0, STM32Cube_FW_F4_V1.28.1, STM32Cube_FW_F7_V1.17.2, STM32Cube_FW_G0_V1.6.2, STM32Cube_FW_G4_V1.6.0, STM32Cube_FW_H5_V1.3.0, STM32Cube_FW_H7RS_V1.1.0, STM32Cube_FW_H7_V1.11.2, STM32Cube_FW_L0_V1.12.2, STM32Cube_FW_L5_V1.5.1, STM32Cube_FW_U0_V1.1.0, STM32Cube_FW_U5_V1.6.0, STM32Cube_FW_WB0_V1.0.0, STM32Cube_FW_WBA_V1.4.1, STM32Cube_FW_WB_V1.20.0, STM32Cube_FW_WL_V1.3.0, X-CUBE-ALGOBUILD_V1.4.0, X-CUBE-ALS_V1.0.2, X-CUBE-AZRTOS-F4_V1.1.0, X-CUBE-AZRTOS-F7_V1.1.0, X-CUBE-AZRTOS-G0_V1.1.0, X-CUBE-AZRTOS-G4_V2.0.0, X-CUBE-AZRTOS-H7RS_V1.0.0, X-CUBE-AZRTOS-H7_V3.3.0, X-CUBE-AZRTOS-L4_V2.0.0, X-CUBE-AZRTOS-L5_V2.0.0, X-CUBE-AZRTOS-WB_V2.0.0, X-CUBE-AZRTOS-WL_V2.0.0, X-CUBE-BLE1_V7.0.0, X-CUBE-BLE2_V3.3.0, X-CUBE-BLEMGR_V3.1.0, X-CUBE-EEPRMA1_V5.1.0, X-CUBE-FREERTOS_V1.2.0, X-CUBE-GNSS1_V6.0.0, X-CUBE-MEMS1_V11.0.0, X-CUBE-NFC4_V3.0.0, X-CUBE-NFC7_V1.0.1, X-CUBE-SFXS2LP1_V4.0.0, X-CUBE-SUBG2_V5.0.0, X-CUBE-TOF1_V3.4.2]
2024-12-12 11:13:44,665 [INFO] DbBoardsSqlite:226 - include board P-NUCLEO-WB55-NUCLEO as a kit item of type 'Nucleo-64'
2024-12-12 11:13:44,665 [INFO] DbBoardsSqlite:226 - include board P-NUCLEO-WB55-USBDONGLE as a kit item of type 'Nucleo USB Dongle'
2024-12-12 11:13:44,666 [INFO] DbBoardsSqlite:226 - include board STEVAL-IDP005V1 as a kit item of type 'Evaluation Board'
2024-12-12 11:13:44,667 [INFO] DbBoardsSqlite:226 - include board STEVAL-IDP005V2 as a kit item of type 'Evaluation Board'
2024-12-12 11:13:45,031 [INFO] ApiDb:240 - Found 483 in-development CPN: [B-G473E-ZEST1S, B-WB1M-WPAN1, B-WL5M-SUBG1, NUCLEO-C031C6, NUCLEO-H503RB, NUCLEO-H533RE, NUCLEO-H563ZI, NUCLEO-H7S3L8, NUCLEO-U031R8, NUCLEO-U083RC, NUCLEO-U545RE-Q, NUCLEO-U5A5ZJ-Q, NUCLEO-WBA52CG, NUCLEO-WBA55CG, STEVAL-PROTEUS1, STEVAL-SMARTAG2, STEVAL-STWINBX1, STM320518-EVAL, STM32C0116-DK, STM32C011D6Y3TR, STM32C011D6Y6TR, STM32C011F4P3, STM32C011F4P6, STM32C011F4U3, STM32C011F4U6TR, STM32C011F6P3, STM32C011F6P6, STM32C011F6U3, STM32C011F6U6TR, STM32C011J4M3, STM32C011J4M6, STM32C011J6M3, STM32C011J6M6, STM32C0316-DK, STM32C031C4T3, STM32C031C4T6, STM32C031C4U3, STM32C031C4U6, STM32C031C6T3, STM32C031C6T6, STM32C031C6U3, STM32C031C6U6, STM32C031F4P3, STM32C031F4P6, STM32C031F6P3, STM32C031F6P6, STM32C031G4U3, STM32C031G4U6, STM32C031G6U3, STM32C031G6U6, STM32C031K4T3, STM32C031K4T6, STM32C031K4U3, STM32C031K4U6, STM32C031K6T3, STM32C031K6T6, STM32C031K6U3, STM32C031K6U6, STM32G071K8TXN, STM32G071K8UXN, STM32G081GBU6N, STM32G081KBT6N, STM32G081KBUXN, STM32G0B1CCT6N, STM32G0B1KCT6, STM32G0B1NEY6TR, STM32G0B1RCT6N, STM32G0C1CCT6, STM32G0C1CCT6N, STM32G0C1CCU6N, STM32G0C1CET6N, STM32G0C1CEU6N, STM32G0C1KCT6, STM32G0C1NEY6TR, STM32G0C1RCI6N, STM32G0C1RCT6N, STM32G0C1REI6N, STM32G0C1RET6N, STM32G0C1VCI6, STM32G0C1VEI6, STM32G471CCT6, STM32G471CCU6, STM32G471CET3, STM32G471CET6, STM32G471CEU3, STM32G471CEU6, STM32G471MCT6, STM32G471MET3, STM32G471MET6, STM32G471MEY6TR, STM32G471QCT6, STM32G471QET3, STM32G471RCT6, STM32G471RET3, STM32G471RET6, STM32G471VCH6, STM32G471VCI6, STM32G471VCT6, STM32G471VEH3, STM32G471VEH6, STM32G471VEI3, STM32G471VEI6, STM32G471VET3, STM32G471VET6, STM32G474CCT6, STM32H503CBT6, STM32H503CBU6, STM32H503EBY6TR, STM32H503KBU6, STM32H503RBT6, STM32H523CCT6, STM32H523CCU6, STM32H523CET6, STM32H523CEU6, STM32H523HEY6TR, STM32H523RCT6, STM32H523RET6, STM32H523VCI6, STM32H523VCT6, STM32H523VEI6, STM32H523VET6, STM32H523ZCJ6, STM32H523ZCT6, STM32H523ZEJ6, STM32H523ZET6, STM32H533CET6, STM32H533CEU6, STM32H533HEY6TR, STM32H533RET6, STM32H533VEI6, STM32H533VET6, STM32H533ZEJ6, STM32H533ZET6, STM32H562AGI6, STM32H562AII6, STM32H562IGK6, STM32H562IGT6, STM32H562IIK6, STM32H562IIT6, STM32H562RGT6, STM32H562RGV6, STM32H562RIT6, STM32H562RIV6, STM32H562VGT6, STM32H562VIT6, STM32H562ZGT6, STM32H562ZIT6, STM32H563AGI6, STM32H563AII3Q, STM32H563AII6, STM32H563IGK6, STM32H563IGT6, STM32H563IIK3Q, STM32H563IIK6, STM32H563IIT3Q, STM32H563IIT6, STM32H563MIY3QTR, STM32H563RGT6, STM32H563RGV6, STM32H563RIT6, STM32H563RIV6, STM32H563VGT6, STM32H563VIT3Q, STM32H563VIT6, STM32H563ZGT6, STM32H563ZIT3Q, STM32H563ZIT6, STM32H573AII3Q, STM32H573AII6, STM32H573I-DK, STM32H573IIK3Q, STM32H573IIK6, STM32H573IIT3Q, STM32H573IIT6, STM32H573MIY3QTR, STM32H573RIT6, STM32H573RIV6, STM32H573VIT3Q, STM32H573VIT6, STM32H573ZIT3Q, STM32H573ZIT6, STM32H7R3A8I6, STM32H7R3I8K6, STM32H7R3I8T6, STM32H7R3L8H6, STM32H7R3L8H6H, STM32H7R3R8V6, STM32H7R3V8H6, STM32H7R3V8T6, STM32H7R3V8Y6, STM32H7R3Z8J6, STM32H7R3Z8T6, STM32H7R7A8I6, STM32H7R7I8K6, STM32H7R7I8T6, STM32H7R7L8H6, STM32H7R7L8H6H, STM32H7R7Z8J6, STM32H7S3A8I6, STM32H7S3I8K6, STM32H7S3I8T6, STM32H7S3L8H6, STM32H7S3L8H6H, STM32H7S3R8V6, STM32H7S3V8H6, STM32H7S3V8T6, STM32H7S3V8Y6, STM32H7S3Z8J6, STM32H7S3Z8T6, STM32H7S78-DK, STM32H7S7A8I6, STM32H7S7I8K6, STM32H7S7I8T6, STM32H7S7L8H6, STM32H7S7L8H6H, STM32H7S7Z8J6, STM32L4R5QGI6STR, STM32MP131AAE3, STM32MP131AAF3, STM32MP131AAG3, STM32MP131CAE3, STM32MP131CAF3, STM32MP131CAG3, STM32MP131DAE7, STM32MP131DAF7, STM32MP131DAG7, STM32MP131FAE7, STM32MP131FAF7, STM32MP131FAG7, STM32MP133AAE3, STM32MP133AAF3, STM32MP133AAG3, STM32MP133CAE3, STM32MP133CAF3, STM32MP133CAG3, STM32MP133DAE7, STM32MP133DAF7, STM32MP133DAG7, STM32MP133FAE7, STM32MP133FAF7, STM32MP133FAG7, STM32MP135AAE3, STM32MP135AAF3, STM32MP135AAG3, STM32MP135CAE3, STM32MP135CAF3, STM32MP135CAG3, STM32MP135DAE7, STM32MP135DAF7, STM32MP135DAG7, STM32MP135F-DK, STM32MP135FAE7, STM32MP135FAF7, STM32MP135FAF7T, STM32MP135FAF7U, STM32MP135FAG7, STM32U031C6T6, STM32U031C6U6, STM32U031C8T6, STM32U031C8U6, STM32U031F4P6, STM32U031F6P6, STM32U031F8P6, STM32U031G6Y6TR, STM32U031G8Y6TR, STM32U031K4U6, STM32U031K6U6, STM32U031K8U6, STM32U031R6I6, STM32U031R6T6, STM32U031R8I6, STM32U031R8T6, STM32U073C8T6, STM32U073C8U6, STM32U073CBT6, STM32U073CBU6, STM32U073CCT6, STM32U073CCU6, STM32U073H8Y6TR, STM32U073HBY6TR, STM32U073HCY6TR, STM32U073K8U6, STM32U073KBU6, STM32U073KCU6, STM32U073M8I6, STM32U073M8T6, STM32U073MBI6, STM32U073MBT6, STM32U073MCI6, STM32U073MCT6, STM32U073R8I6, STM32U073R8T6, STM32U073RBI6, STM32U073RBT6, STM32U073RCI6, STM32U073RCT6, STM32U083C-DK, STM32U083CCT6, STM32U083CCU6, STM32U083HCY6TR, STM32U083KCU6, STM32U083MCI6, STM32U083MCT6, STM32U083RCI6, STM32U083RCT6, STM32U535CBT6, STM32U535CBT6Q, STM32U535CBU6, STM32U535CBU6Q, STM32U535CCT6, STM32U535CCT6Q, STM32U535CCU6, STM32U535CCU6Q, STM32U535CET6, STM32U535CET6Q, STM32U535CEU6, STM32U535CEU6Q, STM32U535JEY6QTR, STM32U535NCY6QTR, STM32U535NEY6QTR, STM32U535RBI6, STM32U535RBI6Q, STM32U535RBT6, STM32U535RBT6Q, STM32U535RCI6, STM32U535RCI6Q, STM32U535RCT6, STM32U535RCT6Q, STM32U535REI6, STM32U535REI6Q, STM32U535RET6, STM32U535RET6Q, STM32U535VCI6, STM32U535VCI6Q, STM32U535VCT6, STM32U535VCT6Q, STM32U535VEI6, STM32U535VEI6Q, STM32U535VET6, STM32U535VET6Q, STM32U545CET6, STM32U545CET6Q, STM32U545CEU6, STM32U545CEU6Q, STM32U545JEY6QTR, STM32U545NEY6QTR, STM32U545REI6, STM32U545REI6Q, STM32U545RET6, STM32U545RET6Q, STM32U545VEI6, STM32U545VEI6Q, STM32U545VET6, STM32U545VET6Q, STM32U595AIH6, STM32U595AIH6Q, STM32U595AJH6, STM32U595AJH6Q, STM32U595QII6, STM32U595QII6Q, STM32U595QJI6, STM32U595QJI6Q, STM32U595RIT6, STM32U595RIT6Q, STM32U595RJT6, STM32U595RJT6Q, STM32U595VIT6, STM32U595VIT6Q, STM32U595VJT6, STM32U595VJT6Q, STM32U595ZIT6, STM32U595ZIT6Q, STM32U595ZIY6QTR, STM32U595ZJT6, STM32U595ZJT6Q, STM32U595ZJY6QTR, STM32U599BJY6QTR, STM32U599NIH6Q, STM32U599NJH6Q, STM32U599VIT6Q, STM32U599VJT6, STM32U599VJT6Q, STM32U599ZIT6Q, STM32U599ZIY6QTR, STM32U599ZJT6Q, STM32U599ZJY6QTR, STM32U5A5AJH6, STM32U5A5AJH6Q, STM32U5A5QII3Q , STM32U5A5QJI6, STM32U5A5QJI6Q, STM32U5A5RJT6, STM32U5A5RJT6Q, STM32U5A5VJT6, STM32U5A5VJT6Q, STM32U5A5ZJT6, STM32U5A5ZJT6Q, STM32U5A5ZJY6QTR, STM32U5A9BJY6QTR, STM32U5A9J-DK, STM32U5A9NJH6Q, STM32U5A9VJT6Q, STM32U5A9ZJT6Q, STM32U5A9ZJY6QTR, STM32U5F7VIT6, STM32U5F7VIT6Q, STM32U5F7VJT6, STM32U5F7VJT6Q, STM32U5F9BJY6QTR, STM32U5F9NJH6Q, STM32U5F9VIT6Q, STM32U5F9VJT6Q, STM32U5F9ZIJ6QTR, STM32U5F9ZIT6Q, STM32U5F9ZJJ6QTR, STM32U5F9ZJT6Q, STM32U5G7VJT6, STM32U5G7VJT6Q, STM32U5G9BJY6QTR, STM32U5G9J-DK1, STM32U5G9J-DK2, STM32U5G9NJH6Q, STM32U5G9VJT6Q, STM32U5G9ZJJ6QTR, STM32U5G9ZJT6Q, STM32WB1MMCH6, STM32WBA50KEU6, STM32WBA50KEU6TR, STM32WBA50KGU6, STM32WBA50KGU6TR, STM32WBA52CEU6, STM32WBA52CEU6TR, STM32WBA52CEU7, STM32WBA52CEU7TR, STM32WBA52CGU6, STM32WBA52CGU6TR, STM32WBA52CGU6U, STM32WBA52CGU7, STM32WBA52CGU7TR, STM32WBA52KEU6, STM32WBA52KEU6TR, STM32WBA52KGU6, STM32WBA52KGU6TR, STM32WBA54CEU6, STM32WBA54CEU6TR, STM32WBA54CEU7, STM32WBA54CEU7TR, STM32WBA54CGU6, STM32WBA54CGU6TR, STM32WBA54CGU7, STM32WBA54CGU7TR, STM32WBA54KEU6, STM32WBA54KEU6TR, STM32WBA54KEU7, STM32WBA54KEU7TR, STM32WBA54KGU6, STM32WBA54KGU6TR, STM32WBA54KGU7, STM32WBA54KGU7TR, STM32WBA55CEU6, STM32WBA55CEU6TR, STM32WBA55CEU7, STM32WBA55CEU7TR, STM32WBA55CGU6, STM32WBA55CGU6TR, STM32WBA55CGU6U, STM32WBA55CGU7, STM32WBA55CGU7TR, STM32WBA55G-DK1, STM32WBA55HEF6, STM32WBA55HEF7, STM32WBA55HGF6, STM32WBA55HGF7, STM32WBA55UEI6, STM32WBA55UEI6TR, STM32WBA55UEI7, STM32WBA55UEI7TR, STM32WBA55UGI6, STM32WBA55UGI6TR, STM32WBA55UGI7, STM32WBA55UGI7TR, STM32WL5MOCH6, STM32WL5MOCH6TR]
2024-12-12 11:13:45,052 [INFO] BoardInfo:889 - No configuration file found for board NUCLEO-C071RB
2024-12-12 11:13:45,053 [INFO] DbBoards:161 - Board is not supported: NUCLEO-C071RB
2024-12-12 11:13:45,126 [INFO] BoardInfo:889 - No configuration file found for board NUCLEO-WB05KZ
2024-12-12 11:13:45,126 [INFO] DbBoards:161 - Board is not supported: NUCLEO-WB05KZ
2024-12-12 11:13:45,127 [INFO] BoardInfo:889 - No configuration file found for board NUCLEO-WB07CC
2024-12-12 11:13:45,128 [INFO] DbBoards:161 - Board is not supported: NUCLEO-WB07CC
2024-12-12 11:13:45,129 [INFO] BoardInfo:889 - No configuration file found for board NUCLEO-WB09KE
2024-12-12 11:13:45,129 [INFO] DbBoards:161 - Board is not supported: NUCLEO-WB09KE
2024-12-12 11:13:45,144 [INFO] BoardInfo:889 - No configuration file found for board P-NUCLEO-WB55
2024-12-12 11:13:45,144 [INFO] DbBoards:161 - Kit is not supported: P-NUCLEO-WB55
2024-12-12 11:13:45,149 [INFO] BoardInfo:889 - No configuration file found for board STEVAL-BFA001V1B
2024-12-12 11:13:45,150 [INFO] DbBoards:161 - Kit is not supported: STEVAL-BFA001V1B
2024-12-12 11:13:45,151 [INFO] BoardInfo:889 - No configuration file found for board STEVAL-BFA001V2B
2024-12-12 11:13:45,152 [INFO] DbBoards:161 - Kit is not supported: STEVAL-BFA001V2B
2024-12-12 11:13:45,259 [INFO] BoardInfo:889 - No configuration file found for board STM32MP257F-DK
2024-12-12 11:13:45,259 [INFO] DbBoards:161 - Board is not supported: STM32MP257F-DK
2024-12-12 11:13:45,260 [INFO] BoardInfo:889 - No configuration file found for board STM32MP257F-EV1
2024-12-12 11:13:45,261 [INFO] DbBoards:161 - Board is not supported: STM32MP257F-EV1
2024-12-12 11:13:45,270 [INFO] DbBoards:168 - Found 201 boards, 192 are supported
2024-12-12 11:13:45,270 [INFO] DbBoards:169 - Found 201 boards, 8 of them is supported for  Bsp
2024-12-12 11:13:45,273 [INFO] ApiDb:668 - CubeFinder database Data Model version=2.1
2024-12-12 11:13:45,273 [INFO] ApiDb:669 - CubeFinder database Configuration version=3.0.39
2024-12-12 11:13:45,273 [INFO] ApiDb:670 - CubeFinder database generation date=2024-10-15 (1729006872)
2024-12-12 11:13:45,273 [INFO] ApiDb:671 - CubeFinder database FW Pack versions=[FP-ATR-ASTRA1_V2.0.0, FP-SNS-FLIGHT1_V5.0.2, FP-SNS-MOTENV1_V5.0.0, FP-SNS-MOTENVWB1_V1.4.0, FP-SNS-SMARTAG2_V1.2.0, FP-SNS-STBOX1_V2.0.0, STM32Cube_FW_C0_V1.2.0, STM32Cube_FW_F4_V1.28.1, STM32Cube_FW_F7_V1.17.2, STM32Cube_FW_G0_V1.6.2, STM32Cube_FW_G4_V1.6.0, STM32Cube_FW_H5_V1.3.0, STM32Cube_FW_H7RS_V1.1.0, STM32Cube_FW_H7_V1.11.2, STM32Cube_FW_L0_V1.12.2, STM32Cube_FW_L5_V1.5.1, STM32Cube_FW_U0_V1.1.0, STM32Cube_FW_U5_V1.6.0, STM32Cube_FW_WB0_V1.0.0, STM32Cube_FW_WBA_V1.4.1, STM32Cube_FW_WB_V1.20.0, STM32Cube_FW_WL_V1.3.0, X-CUBE-ALGOBUILD_V1.4.0, X-CUBE-ALS_V1.0.2, X-CUBE-AZRTOS-F4_V1.1.0, X-CUBE-AZRTOS-F7_V1.1.0, X-CUBE-AZRTOS-G0_V1.1.0, X-CUBE-AZRTOS-G4_V2.0.0, X-CUBE-AZRTOS-H7RS_V1.0.0, X-CUBE-AZRTOS-H7_V3.3.0, X-CUBE-AZRTOS-L4_V2.0.0, X-CUBE-AZRTOS-L5_V2.0.0, X-CUBE-AZRTOS-WB_V2.0.0, X-CUBE-AZRTOS-WL_V2.0.0, X-CUBE-BLE1_V7.0.0, X-CUBE-BLE2_V3.3.0, X-CUBE-BLEMGR_V3.1.0, X-CUBE-EEPRMA1_V5.1.0, X-CUBE-FREERTOS_V1.2.0, X-CUBE-GNSS1_V6.0.0, X-CUBE-MEMS1_V11.0.0, X-CUBE-NFC4_V3.0.0, X-CUBE-NFC7_V1.0.1, X-CUBE-SFXS2LP1_V4.0.0, X-CUBE-SUBG2_V5.0.0, X-CUBE-TOF1_V3.4.2]
2024-12-12 11:13:47,051 [INFO] ApiDb:240 - Found 483 in-development CPN: [B-G473E-ZEST1S, B-WB1M-WPAN1, B-WL5M-SUBG1, NUCLEO-C031C6, NUCLEO-H503RB, NUCLEO-H533RE, NUCLEO-H563ZI, NUCLEO-H7S3L8, NUCLEO-U031R8, NUCLEO-U083RC, NUCLEO-U545RE-Q, NUCLEO-U5A5ZJ-Q, NUCLEO-WBA52CG, NUCLEO-WBA55CG, STEVAL-PROTEUS1, STEVAL-SMARTAG2, STEVAL-STWINBX1, STM320518-EVAL, STM32C0116-DK, STM32C011D6Y3TR, STM32C011D6Y6TR, STM32C011F4P3, STM32C011F4P6, STM32C011F4U3, STM32C011F4U6TR, STM32C011F6P3, STM32C011F6P6, STM32C011F6U3, STM32C011F6U6TR, STM32C011J4M3, STM32C011J4M6, STM32C011J6M3, STM32C011J6M6, STM32C0316-DK, STM32C031C4T3, STM32C031C4T6, STM32C031C4U3, STM32C031C4U6, STM32C031C6T3, STM32C031C6T6, STM32C031C6U3, STM32C031C6U6, STM32C031F4P3, STM32C031F4P6, STM32C031F6P3, STM32C031F6P6, STM32C031G4U3, STM32C031G4U6, STM32C031G6U3, STM32C031G6U6, STM32C031K4T3, STM32C031K4T6, STM32C031K4U3, STM32C031K4U6, STM32C031K6T3, STM32C031K6T6, STM32C031K6U3, STM32C031K6U6, STM32G071K8TXN, STM32G071K8UXN, STM32G081GBU6N, STM32G081KBT6N, STM32G081KBUXN, STM32G0B1CCT6N, STM32G0B1KCT6, STM32G0B1NEY6TR, STM32G0B1RCT6N, STM32G0C1CCT6, STM32G0C1CCT6N, STM32G0C1CCU6N, STM32G0C1CET6N, STM32G0C1CEU6N, STM32G0C1KCT6, STM32G0C1NEY6TR, STM32G0C1RCI6N, STM32G0C1RCT6N, STM32G0C1REI6N, STM32G0C1RET6N, STM32G0C1VCI6, STM32G0C1VEI6, STM32G471CCT6, STM32G471CCU6, STM32G471CET3, STM32G471CET6, STM32G471CEU3, STM32G471CEU6, STM32G471MCT6, STM32G471MET3, STM32G471MET6, STM32G471MEY6TR, STM32G471QCT6, STM32G471QET3, STM32G471RCT6, STM32G471RET3, STM32G471RET6, STM32G471VCH6, STM32G471VCI6, STM32G471VCT6, STM32G471VEH3, STM32G471VEH6, STM32G471VEI3, STM32G471VEI6, STM32G471VET3, STM32G471VET6, STM32G474CCT6, STM32H503CBT6, STM32H503CBU6, STM32H503EBY6TR, STM32H503KBU6, STM32H503RBT6, STM32H523CCT6, STM32H523CCU6, STM32H523CET6, STM32H523CEU6, STM32H523HEY6TR, STM32H523RCT6, STM32H523RET6, STM32H523VCI6, STM32H523VCT6, STM32H523VEI6, STM32H523VET6, STM32H523ZCJ6, STM32H523ZCT6, STM32H523ZEJ6, STM32H523ZET6, STM32H533CET6, STM32H533CEU6, STM32H533HEY6TR, STM32H533RET6, STM32H533VEI6, STM32H533VET6, STM32H533ZEJ6, STM32H533ZET6, STM32H562AGI6, STM32H562AII6, STM32H562IGK6, STM32H562IGT6, STM32H562IIK6, STM32H562IIT6, STM32H562RGT6, STM32H562RGV6, STM32H562RIT6, STM32H562RIV6, STM32H562VGT6, STM32H562VIT6, STM32H562ZGT6, STM32H562ZIT6, STM32H563AGI6, STM32H563AII3Q, STM32H563AII6, STM32H563IGK6, STM32H563IGT6, STM32H563IIK3Q, STM32H563IIK6, STM32H563IIT3Q, STM32H563IIT6, STM32H563MIY3QTR, STM32H563RGT6, STM32H563RGV6, STM32H563RIT6, STM32H563RIV6, STM32H563VGT6, STM32H563VIT3Q, STM32H563VIT6, STM32H563ZGT6, STM32H563ZIT3Q, STM32H563ZIT6, STM32H573AII3Q, STM32H573AII6, STM32H573I-DK, STM32H573IIK3Q, STM32H573IIK6, STM32H573IIT3Q, STM32H573IIT6, STM32H573MIY3QTR, STM32H573RIT6, STM32H573RIV6, STM32H573VIT3Q, STM32H573VIT6, STM32H573ZIT3Q, STM32H573ZIT6, STM32H7R3A8I6, STM32H7R3I8K6, STM32H7R3I8T6, STM32H7R3L8H6, STM32H7R3L8H6H, STM32H7R3R8V6, STM32H7R3V8H6, STM32H7R3V8T6, STM32H7R3V8Y6, STM32H7R3Z8J6, STM32H7R3Z8T6, STM32H7R7A8I6, STM32H7R7I8K6, STM32H7R7I8T6, STM32H7R7L8H6, STM32H7R7L8H6H, STM32H7R7Z8J6, STM32H7S3A8I6, STM32H7S3I8K6, STM32H7S3I8T6, STM32H7S3L8H6, STM32H7S3L8H6H, STM32H7S3R8V6, STM32H7S3V8H6, STM32H7S3V8T6, STM32H7S3V8Y6, STM32H7S3Z8J6, STM32H7S3Z8T6, STM32H7S78-DK, STM32H7S7A8I6, STM32H7S7I8K6, STM32H7S7I8T6, STM32H7S7L8H6, STM32H7S7L8H6H, STM32H7S7Z8J6, STM32L4R5QGI6STR, STM32MP131AAE3, STM32MP131AAF3, STM32MP131AAG3, STM32MP131CAE3, STM32MP131CAF3, STM32MP131CAG3, STM32MP131DAE7, STM32MP131DAF7, STM32MP131DAG7, STM32MP131FAE7, STM32MP131FAF7, STM32MP131FAG7, STM32MP133AAE3, STM32MP133AAF3, STM32MP133AAG3, STM32MP133CAE3, STM32MP133CAF3, STM32MP133CAG3, STM32MP133DAE7, STM32MP133DAF7, STM32MP133DAG7, STM32MP133FAE7, STM32MP133FAF7, STM32MP133FAG7, STM32MP135AAE3, STM32MP135AAF3, STM32MP135AAG3, STM32MP135CAE3, STM32MP135CAF3, STM32MP135CAG3, STM32MP135DAE7, STM32MP135DAF7, STM32MP135DAG7, STM32MP135F-DK, STM32MP135FAE7, STM32MP135FAF7, STM32MP135FAF7T, STM32MP135FAF7U, STM32MP135FAG7, STM32U031C6T6, STM32U031C6U6, STM32U031C8T6, STM32U031C8U6, STM32U031F4P6, STM32U031F6P6, STM32U031F8P6, STM32U031G6Y6TR, STM32U031G8Y6TR, STM32U031K4U6, STM32U031K6U6, STM32U031K8U6, STM32U031R6I6, STM32U031R6T6, STM32U031R8I6, STM32U031R8T6, STM32U073C8T6, STM32U073C8U6, STM32U073CBT6, STM32U073CBU6, STM32U073CCT6, STM32U073CCU6, STM32U073H8Y6TR, STM32U073HBY6TR, STM32U073HCY6TR, STM32U073K8U6, STM32U073KBU6, STM32U073KCU6, STM32U073M8I6, STM32U073M8T6, STM32U073MBI6, STM32U073MBT6, STM32U073MCI6, STM32U073MCT6, STM32U073R8I6, STM32U073R8T6, STM32U073RBI6, STM32U073RBT6, STM32U073RCI6, STM32U073RCT6, STM32U083C-DK, STM32U083CCT6, STM32U083CCU6, STM32U083HCY6TR, STM32U083KCU6, STM32U083MCI6, STM32U083MCT6, STM32U083RCI6, STM32U083RCT6, STM32U535CBT6, STM32U535CBT6Q, STM32U535CBU6, STM32U535CBU6Q, STM32U535CCT6, STM32U535CCT6Q, STM32U535CCU6, STM32U535CCU6Q, STM32U535CET6, STM32U535CET6Q, STM32U535CEU6, STM32U535CEU6Q, STM32U535JEY6QTR, STM32U535NCY6QTR, STM32U535NEY6QTR, STM32U535RBI6, STM32U535RBI6Q, STM32U535RBT6, STM32U535RBT6Q, STM32U535RCI6, STM32U535RCI6Q, STM32U535RCT6, STM32U535RCT6Q, STM32U535REI6, STM32U535REI6Q, STM32U535RET6, STM32U535RET6Q, STM32U535VCI6, STM32U535VCI6Q, STM32U535VCT6, STM32U535VCT6Q, STM32U535VEI6, STM32U535VEI6Q, STM32U535VET6, STM32U535VET6Q, STM32U545CET6, STM32U545CET6Q, STM32U545CEU6, STM32U545CEU6Q, STM32U545JEY6QTR, STM32U545NEY6QTR, STM32U545REI6, STM32U545REI6Q, STM32U545RET6, STM32U545RET6Q, STM32U545VEI6, STM32U545VEI6Q, STM32U545VET6, STM32U545VET6Q, STM32U595AIH6, STM32U595AIH6Q, STM32U595AJH6, STM32U595AJH6Q, STM32U595QII6, STM32U595QII6Q, STM32U595QJI6, STM32U595QJI6Q, STM32U595RIT6, STM32U595RIT6Q, STM32U595RJT6, STM32U595RJT6Q, STM32U595VIT6, STM32U595VIT6Q, STM32U595VJT6, STM32U595VJT6Q, STM32U595ZIT6, STM32U595ZIT6Q, STM32U595ZIY6QTR, STM32U595ZJT6, STM32U595ZJT6Q, STM32U595ZJY6QTR, STM32U599BJY6QTR, STM32U599NIH6Q, STM32U599NJH6Q, STM32U599VIT6Q, STM32U599VJT6, STM32U599VJT6Q, STM32U599ZIT6Q, STM32U599ZIY6QTR, STM32U599ZJT6Q, STM32U599ZJY6QTR, STM32U5A5AJH6, STM32U5A5AJH6Q, STM32U5A5QII3Q , STM32U5A5QJI6, STM32U5A5QJI6Q, STM32U5A5RJT6, STM32U5A5RJT6Q, STM32U5A5VJT6, STM32U5A5VJT6Q, STM32U5A5ZJT6, STM32U5A5ZJT6Q, STM32U5A5ZJY6QTR, STM32U5A9BJY6QTR, STM32U5A9J-DK, STM32U5A9NJH6Q, STM32U5A9VJT6Q, STM32U5A9ZJT6Q, STM32U5A9ZJY6QTR, STM32U5F7VIT6, STM32U5F7VIT6Q, STM32U5F7VJT6, STM32U5F7VJT6Q, STM32U5F9BJY6QTR, STM32U5F9NJH6Q, STM32U5F9VIT6Q, STM32U5F9VJT6Q, STM32U5F9ZIJ6QTR, STM32U5F9ZIT6Q, STM32U5F9ZJJ6QTR, STM32U5F9ZJT6Q, STM32U5G7VJT6, STM32U5G7VJT6Q, STM32U5G9BJY6QTR, STM32U5G9J-DK1, STM32U5G9J-DK2, STM32U5G9NJH6Q, STM32U5G9VJT6Q, STM32U5G9ZJJ6QTR, STM32U5G9ZJT6Q, STM32WB1MMCH6, STM32WBA50KEU6, STM32WBA50KEU6TR, STM32WBA50KGU6, STM32WBA50KGU6TR, STM32WBA52CEU6, STM32WBA52CEU6TR, STM32WBA52CEU7, STM32WBA52CEU7TR, STM32WBA52CGU6, STM32WBA52CGU6TR, STM32WBA52CGU6U, STM32WBA52CGU7, STM32WBA52CGU7TR, STM32WBA52KEU6, STM32WBA52KEU6TR, STM32WBA52KGU6, STM32WBA52KGU6TR, STM32WBA54CEU6, STM32WBA54CEU6TR, STM32WBA54CEU7, STM32WBA54CEU7TR, STM32WBA54CGU6, STM32WBA54CGU6TR, STM32WBA54CGU7, STM32WBA54CGU7TR, STM32WBA54KEU6, STM32WBA54KEU6TR, STM32WBA54KEU7, STM32WBA54KEU7TR, STM32WBA54KGU6, STM32WBA54KGU6TR, STM32WBA54KGU7, STM32WBA54KGU7TR, STM32WBA55CEU6, STM32WBA55CEU6TR, STM32WBA55CEU7, STM32WBA55CEU7TR, STM32WBA55CGU6, STM32WBA55CGU6TR, STM32WBA55CGU6U, STM32WBA55CGU7, STM32WBA55CGU7TR, STM32WBA55G-DK1, STM32WBA55HEF6, STM32WBA55HEF7, STM32WBA55HGF6, STM32WBA55HGF7, STM32WBA55UEI6, STM32WBA55UEI6TR, STM32WBA55UEI7, STM32WBA55UEI7TR, STM32WBA55UGI6, STM32WBA55UGI6TR, STM32WBA55UGI7, STM32WBA55UGI7TR, STM32WL5MOCH6, STM32WL5MOCH6TR]
2024-12-12 11:13:47,056 [INFO] DbMcus:218 - Found 4204 MCUs, 4204 are supported
2024-12-12 11:13:47,057 [INFO] ApiDb:423 - Load user favorites file C:\Users\66405/.stm32cubeide/favorites.mcus.txt: 0 item(s)
2024-12-12 11:13:47,057 [INFO] ApiDb:427 - User favorites MCUs=[]
2024-12-12 11:13:47,057 [INFO] DbMcus:224 - Set 0 / 0 favorites MCUs
2024-12-12 11:13:47,293 [INFO] ApiDb:423 - Load user favorites file C:\Users\66405/.stm32cubeide/favorites.boards.txt: 1 item(s)
2024-12-12 11:13:47,293 [INFO] ApiDb:427 - User favorites Boards=[NUCLEO-L476RG]
2024-12-12 11:13:47,294 [INFO] DbBoards:198 - Set 1 / 1 favorites Boards
2024-12-12 11:13:47,365 [INFO] UtilMem:75 - End LoadConfig() Used Memory: 233649776 Bytes (407896064)
2024-12-12 11:13:47,530 [WARN] ThirdParty:833 - waiting for thirdparty lock release [change project]
2024-12-12 11:13:47,530 [INFO] ThirdParty:835 - entering critical section [change project]
2024-12-12 11:13:47,530 [INFO] ThirdParty:1030 - CMSIS Pack Vendor :STMicroelectronics USBPD 4.1
2024-12-12 11:13:47,530 [INFO] ThirdParty:1030 - CMSIS Pack Vendor :STMicroelectronics X-CUBE-GNSS1 6.0.0
2024-12-12 11:13:47,530 [INFO] ThirdParty:1030 - CMSIS Pack Vendor :STMicroelectronics USB_HOST 2.0.0
2024-12-12 11:13:47,530 [INFO] ThirdParty:1030 - CMSIS Pack Vendor :STMicroelectronics FP-SNS-MOTENVWB1 1.4.0
2024-12-12 11:13:47,530 [INFO] ThirdParty:1030 - CMSIS Pack Vendor :STMicroelectronics X-CUBE-AZRTOS-F4 1.1.0
2024-12-12 11:13:47,531 [INFO] ThirdParty:1030 - CMSIS Pack Vendor :STMicroelectronics LIBJPEG 8.0.0
2024-12-12 11:13:47,531 [INFO] ThirdParty:1030 - CMSIS Pack Vendor :STMicroelectronics FP-ATR-ASTRA1 2.0.1
2024-12-12 11:13:47,531 [INFO] ThirdParty:1030 - CMSIS Pack Vendor :wolfSSL I-CUBE-wolfSSL 5.6.3
2024-12-12 11:13:47,531 [INFO] ThirdParty:1030 - CMSIS Pack Vendor :STMicroelectronics X-CUBE-SMBUS 2.1.0
2024-12-12 11:13:47,531 [INFO] ThirdParty:1030 - CMSIS Pack Vendor :STMicroelectronics X-CUBE-WB05N 1.1.0
2024-12-12 11:13:47,531 [INFO] ThirdParty:1030 - CMSIS Pack Vendor :STMicroelectronics X-CUBE-ISPU 2.1.0
2024-12-12 11:13:47,531 [INFO] ThirdParty:1030 - CMSIS Pack Vendor :STMicroelectronics X-CUBE-FREERTOS 1.2.0
2024-12-12 11:13:47,531 [INFO] ThirdParty:1030 - CMSIS Pack Vendor :STMicroelectronics X-CUBE-TOUCHGFX 4.23.1
2024-12-12 11:13:47,531 [INFO] ThirdParty:1030 - CMSIS Pack Vendor :STMicroelectronics X-CUBE-TOUCHGFX 4.23.0
2024-12-12 11:13:47,531 [INFO] ThirdParty:1030 - CMSIS Pack Vendor :STMicroelectronics X-CUBE-AZRTOS-F7 1.1.0
2024-12-12 11:13:47,531 [INFO] ThirdParty:1030 - CMSIS Pack Vendor :STMicroelectronics X-CUBE-AZRTOS-L5 2.0.0
2024-12-12 11:13:47,531 [INFO] ThirdParty:1030 - CMSIS Pack Vendor :STMicroelectronics USB_DEVICE 2.0.0
2024-12-12 11:13:47,531 [INFO] ThirdParty:1030 - CMSIS Pack Vendor :STMicroelectronics X-CUBE-MEMS1 9.6.0
2024-12-12 11:13:47,531 [INFO] ThirdParty:1030 - CMSIS Pack Vendor :STMicroelectronics X-CUBE-EEPRMA1 4.2.0
2024-12-12 11:13:47,531 [INFO] ThirdParty:1030 - CMSIS Pack Vendor :STMicroelectronics X-CUBE-NFC6 3.1.0
2024-12-12 11:13:47,531 [INFO] ThirdParty:1030 - CMSIS Pack Vendor :ITTIA_DB I-CUBE-ITTIADB 8.8.0
2024-12-12 11:13:47,531 [INFO] ThirdParty:1030 - CMSIS Pack Vendor :STMicroelectronics FP-SNS-MOTENV1 4.3.2
2024-12-12 11:13:47,531 [INFO] ThirdParty:1030 - CMSIS Pack Vendor :STMicroelectronics X-CUBE-MEMS1 11.0.0
2024-12-12 11:13:47,531 [INFO] ThirdParty:1030 - CMSIS Pack Vendor :STMicroelectronics X-CUBE-BLE1 6.2.4
2024-12-12 11:13:47,531 [INFO] ThirdParty:1030 - CMSIS Pack Vendor :STMicroelectronics FreeRTOS 0.0.1
2024-12-12 11:13:47,531 [INFO] ThirdParty:1030 - CMSIS Pack Vendor :STMicroelectronics X-CUBE-BLEMGR 2.0.0
2024-12-12 11:13:47,531 [INFO] ThirdParty:1030 - CMSIS Pack Vendor :STMicroelectronics X-CUBE-DPower 1.2.0
2024-12-12 11:13:47,532 [INFO] ThirdParty:1030 - CMSIS Pack Vendor :STMicroelectronics FP-SNS-FLIGHT1 5.0.2
2024-12-12 11:13:47,532 [INFO] ThirdParty:1030 - CMSIS Pack Vendor :STMicroelectronics X-CUBE-AI 9.0.0
2024-12-12 11:13:47,532 [INFO] ThirdParty:1030 - CMSIS Pack Vendor :STMicroelectronics X-CUBE-AZRTOS-H7 3.1.0
2024-12-12 11:13:47,532 [INFO] ThirdParty:1030 - CMSIS Pack Vendor :STMicroelectronics PDM2PCM 3.3.0
2024-12-12 11:13:47,532 [INFO] ThirdParty:1030 - CMSIS Pack Vendor :STMicroelectronics X-CUBE-DISPLAY 3.0.0
2024-12-12 11:13:47,532 [INFO] ThirdParty:1030 - CMSIS Pack Vendor :STMicroelectronics X-CUBE-BLE1 7.0.0
2024-12-12 11:13:47,532 [INFO] ThirdParty:1030 - CMSIS Pack Vendor :STMicroelectronics X-CUBE-NFC10 1.0.0
2024-12-12 11:13:47,532 [INFO] ThirdParty:1030 - CMSIS Pack Vendor :STMicroelectronics X-CUBE-BLEMGR 4.0.0
2024-12-12 11:13:47,532 [INFO] ThirdParty:1030 - CMSIS Pack Vendor :STMicroelectronics HAL Drivers 0.0.0
2024-12-12 11:13:47,532 [INFO] ThirdParty:1030 - CMSIS Pack Vendor :emotas I-CUBE-CANOPEN 1.3.0
2024-12-12 11:13:47,532 [INFO] ThirdParty:1030 - CMSIS Pack Vendor :STMicroelectronics X-CUBE-TOUCHGFX 4.22.0
2024-12-12 11:13:47,532 [INFO] ThirdParty:1030 - CMSIS Pack Vendor :STMicroelectronics X-CUBE-NFC7 1.0.1
2024-12-12 11:13:47,532 [INFO] ThirdParty:1030 - CMSIS Pack Vendor :STMicroelectronics MBEDTLS 2.14.1
2024-12-12 11:13:47,532 [INFO] ThirdParty:1030 - CMSIS Pack Vendor :STMicroelectronics X-CUBE-TOUCHGFX 4.22.1
2024-12-12 11:13:47,532 [INFO] ThirdParty:1030 - CMSIS Pack Vendor :STMicroelectronics X-CUBE-NFC6 3.0.0
2024-12-12 11:13:47,532 [INFO] ThirdParty:1030 - CMSIS Pack Vendor :STMicroelectronics X-CUBE-EEPRMA1 4.1.0
2024-12-12 11:13:47,532 [INFO] ThirdParty:1030 - CMSIS Pack Vendor :STMicroelectronics X-CUBE-BLEMGR 3.1.0
2024-12-12 11:13:47,532 [INFO] ThirdParty:1030 - CMSIS Pack Vendor :STMicroelectronics FP-SNS-SMARTAG2 1.2.0
2024-12-12 11:13:47,532 [INFO] ThirdParty:1030 - CMSIS Pack Vendor :STMicroelectronics X-CUBE-AZRTOS-WL 2.0.0
2024-12-12 11:13:47,532 [INFO] ThirdParty:1030 - CMSIS Pack Vendor :STMicroelectronics FP-SNS-MOTENV1 5.0.0
2024-12-12 11:13:47,532 [INFO] ThirdParty:1030 - CMSIS Pack Vendor :STMicroelectronics USB_DEVICE 1.0.0
2024-12-12 11:13:47,532 [INFO] ThirdParty:1030 - CMSIS Pack Vendor :STMicroelectronics X-CUBE-AI 8.1.0
2024-12-12 11:13:47,532 [INFO] ThirdParty:1030 - CMSIS Pack Vendor :wolfSSL I-CUBE-wolfMQTT 1.19.0
2024-12-12 11:13:47,532 [INFO] ThirdParty:1030 - CMSIS Pack Vendor :STMicroelectronics X-CUBE-AZRTOS-L4 2.0.0
2024-12-12 11:13:47,532 [INFO] ThirdParty:1030 - CMSIS Pack Vendor :STMicroelectronics ThreadX 0.0.2
2024-12-12 11:13:47,532 [INFO] ThirdParty:1030 - CMSIS Pack Vendor :WES I-CUBE-Cesium 1.3.0
2024-12-12 11:13:47,532 [INFO] ThirdParty:1030 - CMSIS Pack Vendor :STMicroelectronics lwIP 2.1.2
2024-12-12 11:13:47,532 [INFO] ThirdParty:1030 - CMSIS Pack Vendor :STMicroelectronics X-CUBE-SFXS2LP1 4.0.0
2024-12-12 11:13:47,532 [INFO] ThirdParty:1030 - CMSIS Pack Vendor :STMicroelectronics X-CUBE-BLE2 3.3.0
2024-12-12 11:13:47,533 [INFO] ThirdParty:1030 - CMSIS Pack Vendor :STMicroelectronics PDM2PCM 3.2.0
2024-12-12 11:13:47,533 [INFO] ThirdParty:1030 - CMSIS Pack Vendor :STMicroelectronics X-CUBE-ISPU 1.1.0
2024-12-12 11:13:47,533 [INFO] ThirdParty:1030 - CMSIS Pack Vendor :STMicroelectronics X-CUBE-AZRTOS-H7 3.3.0
2024-12-12 11:13:47,533 [INFO] ThirdParty:1030 - CMSIS Pack Vendor :STMicroelectronics X-CUBE-NFC9 1.0.0
2024-12-12 11:13:47,533 [INFO] ThirdParty:1030 - CMSIS Pack Vendor :STMicroelectronics USB_DEVICE 3.0.0
2024-12-12 11:13:47,533 [INFO] ThirdParty:1030 - CMSIS Pack Vendor :STMicroelectronics X-CUBE-TCPP 4.1.0
2024-12-12 11:13:47,533 [INFO] ThirdParty:1030 - CMSIS Pack Vendor :STMicroelectronics X-CUBE-IPS 3.0.0
2024-12-12 11:13:47,533 [INFO] ThirdParty:1030 - CMSIS Pack Vendor :STMicroelectronics X-CUBE-AZRTOS-WB 2.0.0
2024-12-12 11:13:47,533 [INFO] ThirdParty:1030 - CMSIS Pack Vendor :STMicroelectronics X-CUBE-FREERTOS 1.0.1
2024-12-12 11:13:47,533 [INFO] ThirdParty:1030 - CMSIS Pack Vendor :STMicroelectronics X-CUBE-GNSS1 7.0.0
2024-12-12 11:13:47,533 [INFO] ThirdParty:1030 - CMSIS Pack Vendor :STMicroelectronics FP-SNS-STBOX1 2.0.0
2024-12-12 11:13:47,533 [INFO] ThirdParty:1030 - CMSIS Pack Vendor :STMicroelectronics X-CUBE-ALGOBUILD 1.3.0
2024-12-12 11:13:47,533 [INFO] ThirdParty:1030 - CMSIS Pack Vendor :STMicroelectronics X-CUBE-AZRTOS-L5 1.1.0
2024-12-12 11:13:47,533 [INFO] ThirdParty:1030 - CMSIS Pack Vendor :STMicroelectronics X-CUBE-AZRTOS-G0 1.1.0
2024-12-12 11:13:47,533 [INFO] ThirdParty:1030 - CMSIS Pack Vendor :STMicroelectronics X-CUBE-AI 8.0.1
2024-12-12 11:13:47,533 [INFO] ThirdParty:1030 - CMSIS Pack Vendor :STMicroelectronics X-CUBE-SAFEA1 1.2.2
2024-12-12 11:13:47,533 [INFO] ThirdParty:1030 - CMSIS Pack Vendor :STMicroelectronics X-CUBE-NFC4 3.0.0
2024-12-12 11:13:47,533 [INFO] ThirdParty:1030 - CMSIS Pack Vendor :STMicroelectronics X-CUBE-SUBG2 5.0.0
2024-12-12 11:13:47,533 [INFO] ThirdParty:1030 - CMSIS Pack Vendor :STMicroelectronics STM32_WPAN 1.0.0
2024-12-12 11:13:47,533 [INFO] ThirdParty:1030 - CMSIS Pack Vendor :EmbeddedOffice I-CUBE-FS-RTOS 1.0.1
2024-12-12 11:13:47,533 [INFO] ThirdParty:1030 - CMSIS Pack Vendor :STMicroelectronics lwIP 2.0.3
2024-12-12 11:13:47,533 [INFO] ThirdParty:1030 - CMSIS Pack Vendor :Cesanta I-CUBE-Mongoose 7.13.0
2024-12-12 11:13:47,533 [INFO] ThirdParty:1030 - CMSIS Pack Vendor :STMicroelectronics USB_HOST 1.0.0
2024-12-12 11:13:47,533 [INFO] ThirdParty:1030 - CMSIS Pack Vendor :STMicroelectronics X-CUBE-TOF1 3.3.1
2024-12-12 11:13:47,533 [INFO] ThirdParty:1030 - CMSIS Pack Vendor :STMicroelectronics X-CUBE-AZRTOS-G4 2.0.0
2024-12-12 11:13:47,533 [INFO] ThirdParty:1030 - CMSIS Pack Vendor :STMicroelectronics PDM2PCM 3.1.0
2024-12-12 11:13:47,533 [INFO] ThirdParty:1030 - CMSIS Pack Vendor :Infineon AIROC-Wi-Fi-Bluetooth-STM32 1.5.1
2024-12-12 11:13:47,533 [INFO] ThirdParty:1030 - CMSIS Pack Vendor :STMicroelectronics X-CUBE-BLEMGR 3.0.0
2024-12-12 11:13:47,534 [INFO] ThirdParty:1030 - CMSIS Pack Vendor :STMicroelectronics FP-SNS-MOTENVWB1 1.3.0
2024-12-12 11:13:47,534 [INFO] ThirdParty:1030 - CMSIS Pack Vendor :RealThread X-CUBE-RT-Thread_Nano 4.1.1
2024-12-12 11:13:47,534 [INFO] ThirdParty:1030 - CMSIS Pack Vendor :STMicroelectronics FP-SNS-MOTENVWB1 1.3.1
2024-12-12 11:13:47,534 [INFO] ThirdParty:1030 - CMSIS Pack Vendor :STMicroelectronics FP-ATR-SIGFOX1 3.2.0
2024-12-12 11:13:47,534 [INFO] ThirdParty:1030 - CMSIS Pack Vendor :quantropi X-CUBE-qispace-sdk-base 1.9.3
2024-12-12 11:13:47,534 [INFO] ThirdParty:1030 - CMSIS Pack Vendor :STMicroelectronics X-CUBE-ISPU 2.0.0
2024-12-12 11:13:47,534 [INFO] ThirdParty:1030 - CMSIS Pack Vendor :STMicroelectronics X-CUBE-EEPRMA1 5.1.0
2024-12-12 11:13:47,534 [INFO] ThirdParty:1030 - CMSIS Pack Vendor :STMicroelectronics MBEDTLS 2.16.2
2024-12-12 11:13:47,534 [INFO] ThirdParty:1030 - CMSIS Pack Vendor :STMicroelectronics X-CUBE-ALS 1.0.2
2024-12-12 11:13:47,534 [INFO] ThirdParty:1030 - CMSIS Pack Vendor :STMicroelectronics X-CUBE-MEMS1 10.0.0
2024-12-12 11:13:47,534 [INFO] ThirdParty:1030 - CMSIS Pack Vendor :STMicroelectronics X-CUBE-FREERTOS 1.1.0
2024-12-12 11:13:47,534 [INFO] ThirdParty:1030 - CMSIS Pack Vendor :STMicroelectronics X-CUBE-TOUCHGFX 4.24.0
2024-12-12 11:13:47,534 [INFO] ThirdParty:1030 - CMSIS Pack Vendor :STMicroelectronics X-CUBE-TOUCHGFX 4.24.1
2024-12-12 11:13:47,534 [INFO] ThirdParty:1030 - CMSIS Pack Vendor :wolfSSL I-CUBE-wolfTPM 3.4.0
2024-12-12 11:13:47,534 [INFO] ThirdParty:1030 - CMSIS Pack Vendor :portGmbH I-Cube-SoM-uGOAL 1.1.0
2024-12-12 11:13:47,534 [INFO] ThirdParty:1030 - CMSIS Pack Vendor :STMicroelectronics X-CUBE-ALS 1.0.1
2024-12-12 11:13:47,534 [INFO] ThirdParty:1030 - CMSIS Pack Vendor :STMicroelectronics ThreadX 1.0.0
2024-12-12 11:13:47,534 [INFO] ThirdParty:1030 - CMSIS Pack Vendor :STMicroelectronics X-CUBE-AZRTOS-WB 1.1.0
2024-12-12 11:13:47,534 [INFO] ThirdParty:1030 - CMSIS Pack Vendor :SEGGER I-CUBE-embOS 1.3.1
2024-12-12 11:13:47,534 [INFO] ThirdParty:1030 - CMSIS Pack Vendor :STMicroelectronics X-CUBE-ALGOBUILD 1.4.0
2024-12-12 11:13:47,534 [INFO] ThirdParty:1030 - CMSIS Pack Vendor :STMicroelectronics X-CUBE-AZRTOS-H7RS 1.0.0
2024-12-12 11:13:47,534 [INFO] ThirdParty:1030 - CMSIS Pack Vendor :STMicroelectronics FP-ATR-ASTRA1 2.0.0
2024-12-12 11:13:47,534 [INFO] ThirdParty:1030 - CMSIS Pack Vendor :STMicroelectronics X-CUBE-TOF1 3.4.2
2024-12-12 11:13:47,534 [INFO] ThirdParty:1030 - CMSIS Pack Vendor :STMicroelectronics X-CUBE-AI 9.1.0
2024-12-12 11:13:47,534 [INFO] ThirdParty:1030 - CMSIS Pack Vendor :STMicroelectronics X-CUBE-TOF1 3.4.1
2024-12-12 11:13:47,534 [INFO] ThirdParty:1030 - CMSIS Pack Vendor :STMicroelectronics X-CUBE-AZRTOS-H7 3.2.0
2024-12-12 11:13:47,534 [INFO] ThirdParty:1030 - CMSIS Pack Vendor :wolfSSL I-CUBE-wolfSSH 1.4.17
2024-12-12 11:13:47,534 [INFO] ThirdParty:841 - exiting critical section [change project]
2024-12-12 11:13:48,057 [INFO] PinOutPanel:1561 - setPackage(No Configuration,No Configuration)
2024-12-12 11:13:48,058 [INFO] PinOutPanel:1561 - setPackage(STM32L476RGTx,LQFP64)
2024-12-12 11:13:48,913 [INFO] UtilMem:75 - Before build in PCC Used Memory: 268824120 Bytes (407896064)
2024-12-12 11:13:49,799 [INFO] UtilMem:75 - After build in PCC Used Memory: 276926792 Bytes (407896064)
2024-12-12 11:13:49,829 [INFO] IPUIPlugin:80 - create IPUIPlugin
2024-12-12 11:13:49,830 [INFO] IPUIPlugin:80 - create IPUIPlugin
2024-12-12 11:13:49,830 [INFO] IPUIPlugin:80 - create IPUIPlugin
2024-12-12 11:13:49,830 [INFO] IPUIPlugin:80 - create IPUIPlugin
2024-12-12 11:13:49,830 [INFO] IPUIPlugin:80 - create IPUIPlugin
2024-12-12 11:13:49,830 [INFO] IPUIPlugin:80 - create IPUIPlugin
2024-12-12 11:13:49,830 [INFO] IPUIPlugin:80 - create IPUIPlugin
2024-12-12 11:13:49,830 [INFO] IPUIPlugin:80 - create IPUIPlugin
2024-12-12 11:13:49,830 [INFO] IPUIPlugin:80 - create IPUIPlugin
2024-12-12 11:13:49,830 [INFO] IPUIPlugin:80 - create IPUIPlugin
2024-12-12 11:13:49,830 [INFO] IPUIPlugin:80 - create IPUIPlugin
2024-12-12 11:13:49,830 [INFO] IPUIPlugin:80 - create IPUIPlugin
2024-12-12 11:13:49,831 [INFO] IPUIPlugin:80 - create IPUIPlugin
2024-12-12 11:13:49,831 [INFO] IPUIPlugin:80 - create IPUIPlugin
2024-12-12 11:13:49,831 [INFO] IPUIPlugin:80 - create IPUIPlugin
2024-12-12 11:13:49,831 [INFO] IPUIPlugin:80 - create IPUIPlugin
2024-12-12 11:13:49,831 [INFO] IPUIPlugin:80 - create IPUIPlugin
2024-12-12 11:13:49,831 [INFO] IPUIPlugin:80 - create IPUIPlugin
2024-12-12 11:13:49,831 [INFO] IPUIPlugin:80 - create IPUIPlugin
2024-12-12 11:13:49,831 [INFO] IPUIPlugin:80 - create IPUIPlugin
2024-12-12 11:13:49,832 [INFO] IPUIPlugin:80 - create IPUIPlugin
2024-12-12 11:13:49,832 [INFO] IPUIPlugin:80 - create IPUIPlugin
2024-12-12 11:13:49,832 [INFO] IPUIPlugin:80 - create IPUIPlugin
2024-12-12 11:13:49,832 [INFO] IPUIPlugin:80 - create IPUIPlugin
2024-12-12 11:13:49,832 [INFO] IPUIPlugin:80 - create IPUIPlugin
2024-12-12 11:13:49,832 [INFO] IPUIPlugin:80 - create IPUIPlugin
2024-12-12 11:13:49,832 [INFO] IPUIPlugin:80 - create IPUIPlugin
2024-12-12 11:13:49,832 [INFO] IPUIPlugin:80 - create IPUIPlugin
2024-12-12 11:13:49,833 [INFO] IPUIPlugin:80 - create IPUIPlugin
2024-12-12 11:13:49,833 [INFO] IPUIPlugin:80 - create IPUIPlugin
2024-12-12 11:13:49,833 [INFO] IPUIPlugin:80 - create IPUIPlugin
2024-12-12 11:13:49,833 [INFO] IPUIPlugin:80 - create IPUIPlugin
2024-12-12 11:13:49,833 [INFO] IPUIPlugin:80 - create IPUIPlugin
2024-12-12 11:13:49,833 [INFO] IPUIPlugin:80 - create IPUIPlugin
2024-12-12 11:13:49,834 [INFO] IPUIPlugin:80 - create IPUIPlugin
2024-12-12 11:13:49,834 [INFO] IPUIPlugin:80 - create IPUIPlugin
2024-12-12 11:13:49,834 [INFO] IPUIPlugin:80 - create IPUIPlugin
2024-12-12 11:13:49,834 [INFO] IPUIPlugin:80 - create IPUIPlugin
2024-12-12 11:13:49,834 [INFO] IPUIPlugin:80 - create IPUIPlugin
2024-12-12 11:13:49,834 [INFO] IPUIPlugin:80 - create IPUIPlugin
2024-12-12 11:13:49,835 [INFO] IPUIPlugin:80 - create IPUIPlugin
2024-12-12 11:13:49,835 [INFO] IPUIPlugin:80 - create IPUIPlugin
2024-12-12 11:13:49,835 [INFO] IPUIPlugin:80 - create IPUIPlugin
2024-12-12 11:13:49,835 [INFO] IPUIPlugin:80 - create IPUIPlugin
2024-12-12 11:13:49,835 [INFO] IPUIPlugin:80 - create IPUIPlugin
2024-12-12 11:13:49,836 [INFO] IPUIPlugin:80 - create IPUIPlugin
2024-12-12 11:13:49,836 [INFO] IPUIPlugin:80 - create IPUIPlugin
2024-12-12 11:13:49,836 [INFO] IPUIPlugin:80 - create IPUIPlugin
2024-12-12 11:13:49,836 [INFO] IPUIPlugin:80 - create IPUIPlugin
2024-12-12 11:13:49,836 [INFO] IPUIPlugin:80 - create IPUIPlugin
2024-12-12 11:13:49,837 [INFO] IPUIPlugin:80 - create IPUIPlugin
2024-12-12 11:13:49,837 [INFO] IPUIPlugin:80 - create IPUIPlugin
2024-12-12 11:13:49,837 [INFO] IPUIPlugin:80 - create IPUIPlugin
2024-12-12 11:13:49,837 [INFO] IPUIPlugin:80 - create IPUIPlugin
2024-12-12 11:13:49,838 [INFO] IPUIPlugin:80 - create IPUIPlugin
2024-12-12 11:13:49,838 [INFO] IPUIPlugin:80 - create IPUIPlugin
2024-12-12 11:13:49,839 [INFO] IPUIPlugin:80 - create IPUIPlugin
2024-12-12 11:13:49,839 [INFO] IPUIPlugin:80 - create IPUIPlugin
2024-12-12 11:13:49,840 [INFO] IPUIPlugin:80 - create IPUIPlugin
2024-12-12 11:13:50,075 [INFO] CADModel:165 - CPN selected for project levelSTM32L476RGT3
2024-12-12 11:13:50,075 [INFO] CADModel:114 - Register for checkConnection events
2024-12-12 11:13:50,128 [INFO] OpenFileManager:343 - Restore cursor
2024-12-12 11:15:40,463 [ERROR] LogOutputStream:75 - [STDERR_REDIRECT] 
2024-12-12 11:15:40,464 [ERROR] LogOutputStream:75 - [STDERR_REDIRECT] 
