2024-09-24 22:49:10,038 [INFO] Activator:176 - 


2024-09-24 22:49:10,045 [INFO] Activator:177 - !SESSION log4j initialized
2024-09-24 22:49:16,615 [INFO] LogOutputStream:77 - [STDOUT_REDIRECT] 
2024-09-24 22:49:18,571 [INFO] ApplicationProperties:184 - Using Application install path: D:\STM32CubeIDE_1.13.0\STM32CubeIDE\plugins\com.st.stm32cube.common.mx_6.11.0.202403141607
2024-09-24 22:49:18,594 [INFO] DbMcusXml:78 - Set database path to: D:\STM32CubeIDE_1.13.0\STM32CubeIDE\plugins\com.st.stm32cube.common.mx_6.11.0.202403141607\\db\/mcu/
2024-09-24 22:49:18,595 [INFO] ApiDb:274 - Set plugin database path to: D:\STM32CubeIDE_1.13.0\STM32CubeIDE\plugins\com.st.stm32cube.common.mx_6.11.0.202403141607\\db\/plugins/boardmanager/
2024-09-24 22:49:18,595 [WARN] ApiDb:259 - Overriding images path with different value:  => D:\STM32CubeIDE_1.13.0\STM32CubeIDE\plugins\com.st.stm32cube.common.mx_6.11.0.202403141607\\db\/plugins/mcufinder/images/
2024-09-24 22:49:18,605 [INFO] ApiDb:250 - Set database path to: C:\Users\66405\.stmcufinder\plugins\mcufinder//mcu/
2024-09-24 22:49:18,606 [INFO] DbMcusAds:125 - Set database path to: C:\Users\66405\.stmcufinder\plugins\mcufinder//mcu/
2024-09-24 22:49:18,610 [INFO] CrossReferenceDbSqlite:203 - Set database path to: C:\Users\66405\.stmcufinder\plugins\mcufinder//mcu/cs/
2024-09-24 22:49:18,732 [INFO] RulesReader:64 - Compatibility file has been processed (297 Rules)
2024-09-24 22:49:18,859 [INFO] DbMcusXml:78 - Set database path to: D:\STM32CubeIDE_1.13.0\STM32CubeIDE\plugins\com.st.stm32cube.common.mx_6.11.0.202403141607\\db\/mcu/
2024-09-24 22:49:18,860 [INFO] ApiDb:274 - Set plugin database path to: D:\STM32CubeIDE_1.13.0\STM32CubeIDE\plugins\com.st.stm32cube.common.mx_6.11.0.202403141607\\db\/plugins/boardmanager/
2024-09-24 22:49:18,860 [INFO] ApiDb:261 - Set plugin images path to: D:\STM32CubeIDE_1.13.0\STM32CubeIDE\plugins\com.st.stm32cube.common.mx_6.11.0.202403141607\\db\/plugins/mcufinder/images/
2024-09-24 22:49:18,860 [WARN] DbFile:41 - Overriding database path with different value: C:\Users\66405\.stmcufinder\plugins\mcufinder/ => C:\Users\66405\.stmcufinder\plugins\mcufinder
2024-09-24 22:49:18,860 [INFO] ApiDb:250 - Set database path to: C:\Users\66405\.stmcufinder\plugins\mcufinder//mcu/
2024-09-24 22:49:18,860 [WARN] DbFile:41 - Overriding database path with different value: C:\Users\66405\.stmcufinder\plugins\mcufinder/ => C:\Users\66405\.stmcufinder\plugins\mcufinder
2024-09-24 22:49:18,860 [INFO] DbMcusAds:125 - Set database path to: C:\Users\66405\.stmcufinder\plugins\mcufinder//mcu/
2024-09-24 22:49:18,860 [WARN] DbFile:41 - Overriding database path with different value: C:\Users\66405\.stmcufinder\plugins\mcufinder/ => C:\Users\66405\.stmcufinder\plugins\mcufinder
2024-09-24 22:49:18,860 [WARN] DbFile:41 - Overriding database path with different value: C:\Users\66405\.stmcufinder\plugins\mcufinder/ => C:\Users\66405\.stmcufinder\plugins\mcufinder
2024-09-24 22:49:18,860 [INFO] CrossReferenceDbSqlite:203 - Set database path to: C:\Users\66405\.stmcufinder\plugins\mcufinder//mcu/cs/
2024-09-24 22:49:18,983 [INFO] MainPanel:264 - HeapMemory: 268435456
2024-09-24 22:49:19,109 [INFO] DbMcusXml:78 - Set database path to: D:\STM32CubeIDE_1.13.0\STM32CubeIDE\plugins\com.st.stm32cube.common.mx_6.11.0.202403141607\\db\/mcu/
2024-09-24 22:49:19,109 [INFO] ApiDb:274 - Set plugin database path to: D:\STM32CubeIDE_1.13.0\STM32CubeIDE\plugins\com.st.stm32cube.common.mx_6.11.0.202403141607\\db\/plugins/boardmanager/
2024-09-24 22:49:19,109 [INFO] ApiDb:261 - Set plugin images path to: D:\STM32CubeIDE_1.13.0\STM32CubeIDE\plugins\com.st.stm32cube.common.mx_6.11.0.202403141607\\db\/plugins/mcufinder/images/
2024-09-24 22:49:19,109 [WARN] DbFile:41 - Overriding database path with different value: C:\Users\66405\.stmcufinder\plugins\mcufinder/ => C:\Users\66405\.stmcufinder\plugins\mcufinder
2024-09-24 22:49:19,109 [INFO] ApiDb:250 - Set database path to: C:\Users\66405\.stmcufinder\plugins\mcufinder//mcu/
2024-09-24 22:49:19,109 [WARN] DbFile:41 - Overriding database path with different value: C:\Users\66405\.stmcufinder\plugins\mcufinder/ => C:\Users\66405\.stmcufinder\plugins\mcufinder
2024-09-24 22:49:19,110 [INFO] DbMcusAds:125 - Set database path to: C:\Users\66405\.stmcufinder\plugins\mcufinder//mcu/
2024-09-24 22:49:19,110 [WARN] DbFile:41 - Overriding database path with different value: C:\Users\66405\.stmcufinder\plugins\mcufinder/ => C:\Users\66405\.stmcufinder\plugins\mcufinder
2024-09-24 22:49:19,110 [WARN] DbFile:41 - Overriding database path with different value: C:\Users\66405\.stmcufinder\plugins\mcufinder/ => C:\Users\66405\.stmcufinder\plugins\mcufinder
2024-09-24 22:49:19,110 [INFO] CrossReferenceDbSqlite:203 - Set database path to: C:\Users\66405\.stmcufinder\plugins\mcufinder//mcu/cs/
2024-09-24 22:49:19,135 [INFO] ApplicationProperties:184 - Using Application install path: D:\STM32CubeIDE_1.13.0\STM32CubeIDE\plugins\com.st.stm32cube.common.mx_6.11.0.202403141607
2024-09-24 22:49:19,137 [INFO] PluginManage:196 - Search for loadable plugins [exclusion list=, ]
2024-09-24 22:49:19,139 [INFO] PluginManage:310 - Check plugin analytics
2024-09-24 22:49:19,349 [INFO] AnalyticsPlugin:253 - Accepted Software Licenses: 
2024-09-24 22:49:19,350 [INFO] AnalyticsPlugin:255 - Accepted CMSIS Pack Licenses: 
2024-09-24 22:49:19,350 [INFO] AnalyticsPlugin:257 - Accepted Firmware Licenses: FW.L4.1.18.0
2024-09-24 22:49:19,353 [INFO] PluginManage:359 - Loaded plugin analytics (category:tool,tabindex:-1)
2024-09-24 22:49:19,354 [INFO] PluginManage:310 - Check plugin cadmodel
2024-09-24 22:49:19,362 [INFO] CADModel:105 - Init CAD model plugin
2024-09-24 22:49:19,362 [INFO] PluginManage:359 - Loaded plugin cadmodel (category:power,tabindex:5)
2024-09-24 22:49:19,362 [INFO] PluginManage:310 - Check plugin clock
2024-09-24 22:49:19,377 [INFO] PluginManage:359 - Loaded plugin clock (category:base,tabindex:2)
2024-09-24 22:49:19,378 [INFO] PluginManage:310 - Check plugin ddr
2024-09-24 22:49:19,381 [INFO] PluginManage:359 - Loaded plugin ddr (category:tool,tabindex:6)
2024-09-24 22:49:19,381 [INFO] PluginManage:310 - Check plugin filemanager
2024-09-24 22:49:19,550 [INFO] PluginManage:359 - Loaded plugin filemanager (category:base,tabindex:10)
2024-09-24 22:49:19,551 [INFO] PluginManage:310 - Check plugin ipmanager
2024-09-24 22:49:19,561 [INFO] PluginManage:359 - Loaded plugin ipmanager (category:base,tabindex:5)
2024-09-24 22:49:19,561 [INFO] PluginManage:310 - Check plugin lpbam
2024-09-24 22:49:19,572 [INFO] PluginManage:359 - Loaded plugin lpbam (category:base,tabindex:0)
2024-09-24 22:49:19,572 [INFO] PluginManage:310 - Check plugin memorymap
2024-09-24 22:49:19,587 [INFO] PluginManage:359 - Loaded plugin memorymap (category:base,tabindex:4)
2024-09-24 22:49:19,587 [INFO] PluginManage:310 - Check plugin pinoutandconfiguration
2024-09-24 22:49:19,597 [INFO] PluginManage:359 - Loaded plugin pinoutandconfiguration (category:base,tabindex:1)
2024-09-24 22:49:19,597 [INFO] PluginManage:310 - Check plugin pinoutconfig
2024-09-24 22:49:19,713 [WARN] SupportedApi:132 - Cannot load RTOS API schema: s4s-elt-must-match.1: The content of 'definitions' must match (annotation?, (simpleType | complexType)?, (unique | key | keyref)*)). A problem was found starting at: attribute.
2024-09-24 22:49:19,866 [INFO] PluginManage:359 - Loaded plugin pinoutconfig (category:base,tabindex:0)
2024-09-24 22:49:19,866 [INFO] PluginManage:310 - Check plugin power
2024-09-24 22:49:19,881 [INFO] PluginManage:359 - Loaded plugin power (category:power,tabindex:4)
2024-09-24 22:49:19,881 [INFO] PluginManage:310 - Check plugin projectmanager
2024-09-24 22:49:19,901 [INFO] PluginManage:359 - Loaded plugin projectmanager (category:projectmanager,tabindex:3)
2024-09-24 22:49:19,901 [INFO] PluginManage:310 - Check plugin thirdparty
2024-09-24 22:49:20,061 [INFO] McuFinderGlobals:63 - Set McuFinder mode to 2 (CubeIDE integrated)
2024-09-24 22:49:20,075 [INFO] PluginManage:359 - Loaded plugin thirdparty (category:base,tabindex:-1)
2024-09-24 22:49:20,075 [INFO] PluginManage:310 - Check plugin tools
2024-09-24 22:49:20,075 [WARN] IntegrityCheckThread:84 - waiting for thirdparty lock release [integrity check]
2024-09-24 22:49:20,075 [INFO] IntegrityCheckThread:86 - entering critical section [integrity check]
2024-09-24 22:49:20,076 [INFO] ThirdPartyUpdaterWithRetryManager:70 - Updater plugin not ready yet. [1/15]
2024-09-24 22:49:20,079 [INFO] PluginManage:359 - Loaded plugin tools (category:base,tabindex:7)
2024-09-24 22:49:20,079 [INFO] PluginManage:310 - Check plugin tutovideos
2024-09-24 22:49:20,287 [INFO] PluginManage:359 - Loaded plugin tutovideos (category:base,tabindex:-1)
2024-09-24 22:49:20,287 [INFO] PluginManage:310 - Check plugin updater
2024-09-24 22:49:20,301 [INFO] PluginManage:359 - Loaded plugin updater (category:base,tabindex:12)
2024-09-24 22:49:20,301 [INFO] PluginManage:310 - Check plugin userauth
2024-09-24 22:49:20,308 [INFO] UserAuth:114 - Init User Auth plugin
2024-09-24 22:49:20,308 [INFO] PluginManage:359 - Loaded plugin userauth (category:base,tabindex:14)
2024-09-24 22:49:20,308 [INFO] PluginManage:283 - PluginManage : Loaded plugins [17]
2024-09-24 22:49:20,570 [INFO] PinOutPanel:1561 - setPackage(No Configuration,No Configuration)
2024-09-24 22:49:20,670 [INFO] CADModel:165 - CPN selected for project level
2024-09-24 22:49:20,670 [INFO] CADModel:114 - Register for checkConnection events
2024-09-24 22:49:20,691 [INFO] IPUIPlugin:80 - create IPUIPlugin
2024-09-24 22:49:20,691 [INFO] PluginManager:220 - loadIPPluginJar : add adc
2024-09-24 22:49:20,695 [INFO] IPUIPlugin:80 - create IPUIPlugin
2024-09-24 22:49:20,695 [INFO] PluginManager:220 - loadIPPluginJar : add aes
2024-09-24 22:49:20,700 [INFO] IPUIPlugin:80 - create IPUIPlugin
2024-09-24 22:49:20,700 [INFO] PluginManager:220 - loadIPPluginJar : add can
2024-09-24 22:49:20,702 [INFO] IPUIPlugin:80 - create IPUIPlugin
2024-09-24 22:49:20,702 [INFO] PluginManager:220 - loadIPPluginJar : add comp
2024-09-24 22:49:20,705 [INFO] IPUIPlugin:80 - create IPUIPlugin
2024-09-24 22:49:20,706 [INFO] PluginManager:220 - loadIPPluginJar : add cryp
2024-09-24 22:49:20,709 [INFO] IPUIPlugin:80 - create IPUIPlugin
2024-09-24 22:49:20,709 [INFO] PluginManager:220 - loadIPPluginJar : add dfsdm
2024-09-24 22:49:20,716 [INFO] IPUIPlugin:80 - create IPUIPlugin
2024-09-24 22:49:20,716 [INFO] PluginManager:220 - loadIPPluginJar : add dma
2024-09-24 22:49:20,719 [INFO] IPUIPlugin:80 - create IPUIPlugin
2024-09-24 22:49:20,719 [INFO] PluginManager:220 - loadIPPluginJar : add dma3
2024-09-24 22:49:20,723 [INFO] IPUIPlugin:80 - create IPUIPlugin
2024-09-24 22:49:20,723 [INFO] PluginManager:220 - loadIPPluginJar : add extmemmanager
2024-09-24 22:49:20,725 [INFO] IPUIPlugin:80 - create IPUIPlugin
2024-09-24 22:49:20,725 [INFO] PluginManager:220 - loadIPPluginJar : add fatfs
2024-09-24 22:49:20,733 [INFO] IPUIPlugin:80 - create IPUIPlugin
2024-09-24 22:49:20,733 [INFO] PluginManager:220 - loadIPPluginJar : add fmc
2024-09-24 22:49:20,740 [INFO] IPUIPlugin:80 - create IPUIPlugin
2024-09-24 22:49:20,740 [INFO] PluginManager:220 - loadIPPluginJar : add freertos
2024-09-24 22:49:20,742 [INFO] IPUIPlugin:80 - create IPUIPlugin
2024-09-24 22:49:20,743 [INFO] PluginManager:220 - loadIPPluginJar : add genericplugin
2024-09-24 22:49:20,746 [INFO] IPUIPlugin:80 - create IPUIPlugin
2024-09-24 22:49:20,746 [INFO] PluginManager:220 - loadIPPluginJar : add gfxmmu
2024-09-24 22:49:20,753 [INFO] IPUIPlugin:80 - create IPUIPlugin
2024-09-24 22:49:20,753 [INFO] PluginManager:220 - loadIPPluginJar : add gic
2024-09-24 22:49:20,759 [INFO] IPUIPlugin:80 - create IPUIPlugin
2024-09-24 22:49:20,760 [INFO] PluginManager:220 - loadIPPluginJar : add gpio
2024-09-24 22:49:20,765 [INFO] IPUIPlugin:80 - create IPUIPlugin
2024-09-24 22:49:20,765 [INFO] PluginManager:220 - loadIPPluginJar : add gtzc
2024-09-24 22:49:20,768 [INFO] IPUIPlugin:80 - create IPUIPlugin
2024-09-24 22:49:20,768 [INFO] PluginManager:220 - loadIPPluginJar : add hash
2024-09-24 22:49:20,772 [INFO] IPUIPlugin:80 - create IPUIPlugin
2024-09-24 22:49:20,772 [INFO] PluginManager:220 - loadIPPluginJar : add i2c
2024-09-24 22:49:20,775 [INFO] IPUIPlugin:80 - create IPUIPlugin
2024-09-24 22:49:20,776 [INFO] PluginManager:220 - loadIPPluginJar : add i2s
2024-09-24 22:49:20,780 [INFO] IPUIPlugin:80 - create IPUIPlugin
2024-09-24 22:49:20,781 [INFO] PluginManager:220 - loadIPPluginJar : add i3c
2024-09-24 22:49:20,785 [INFO] IPUIPlugin:80 - create IPUIPlugin
2024-09-24 22:49:20,785 [INFO] PluginManager:220 - loadIPPluginJar : add ipddr
2024-09-24 22:49:20,795 [INFO] IPUIPlugin:80 - create IPUIPlugin
2024-09-24 22:49:20,795 [INFO] PluginManager:220 - loadIPPluginJar : add linkedlist
2024-09-24 22:49:20,800 [INFO] IPUIPlugin:80 - create IPUIPlugin
2024-09-24 22:49:20,800 [INFO] PluginManager:220 - loadIPPluginJar : add lorawan
2024-09-24 22:49:20,802 [INFO] IPUIPlugin:80 - create IPUIPlugin
2024-09-24 22:49:20,802 [INFO] PluginManager:220 - loadIPPluginJar : add ltdc
2024-09-24 22:49:20,809 [INFO] IPUIPlugin:80 - create IPUIPlugin
2024-09-24 22:49:20,810 [INFO] PluginManager:220 - loadIPPluginJar : add mdma
2024-09-24 22:49:20,816 [INFO] IPUIPlugin:80 - create IPUIPlugin
2024-09-24 22:49:20,816 [INFO] PluginManager:220 - loadIPPluginJar : add nvic
2024-09-24 22:49:20,821 [INFO] IPUIPlugin:80 - create IPUIPlugin
2024-09-24 22:49:20,821 [INFO] PluginManager:220 - loadIPPluginJar : add opamp
2024-09-24 22:49:20,825 [INFO] IPUIPlugin:80 - create IPUIPlugin
2024-09-24 22:49:20,825 [INFO] PluginManager:220 - loadIPPluginJar : add openamp
2024-09-24 22:49:20,830 [INFO] IPUIPlugin:80 - create IPUIPlugin
2024-09-24 22:49:20,830 [INFO] PluginManager:220 - loadIPPluginJar : add pdm2pcm
2024-09-24 22:49:20,837 [INFO] IPUIPlugin:80 - create IPUIPlugin
2024-09-24 22:49:20,840 [INFO] PluginManager:220 - loadIPPluginJar : add plateformsettings
2024-09-24 22:49:20,843 [INFO] IPUIPlugin:80 - create IPUIPlugin
2024-09-24 22:49:20,843 [INFO] PluginManager:220 - loadIPPluginJar : add quadspi
2024-09-24 22:49:20,848 [INFO] IPUIPlugin:80 - create IPUIPlugin
2024-09-24 22:49:20,848 [INFO] PluginManager:220 - loadIPPluginJar : add resmgrutility
2024-09-24 22:49:20,852 [INFO] IPUIPlugin:80 - create IPUIPlugin
2024-09-24 22:49:20,852 [INFO] PluginManager:220 - loadIPPluginJar : add sai
2024-09-24 22:49:20,855 [INFO] IPUIPlugin:80 - create IPUIPlugin
2024-09-24 22:49:20,855 [INFO] PluginManager:220 - loadIPPluginJar : add spi
2024-09-24 22:49:20,862 [INFO] IPUIPlugin:80 - create IPUIPlugin
2024-09-24 22:49:20,862 [INFO] PluginManager:220 - loadIPPluginJar : add stm32_wpan
2024-09-24 22:49:20,866 [INFO] IPUIPlugin:80 - create IPUIPlugin
2024-09-24 22:49:20,866 [INFO] PluginManager:220 - loadIPPluginJar : add tim
2024-09-24 22:49:20,871 [INFO] IPUIPlugin:80 - create IPUIPlugin
2024-09-24 22:49:20,871 [INFO] PluginManager:220 - loadIPPluginJar : add touchsensing
2024-09-24 22:49:20,874 [INFO] IPUIPlugin:80 - create IPUIPlugin
2024-09-24 22:49:20,875 [INFO] PluginManager:220 - loadIPPluginJar : add tracer_emb
2024-09-24 22:49:20,878 [INFO] IPUIPlugin:80 - create IPUIPlugin
2024-09-24 22:49:20,878 [INFO] PluginManager:220 - loadIPPluginJar : add ts
2024-09-24 22:49:20,881 [INFO] IPUIPlugin:80 - create IPUIPlugin
2024-09-24 22:49:20,881 [INFO] PluginManager:220 - loadIPPluginJar : add tsc
2024-09-24 22:49:20,884 [INFO] IPUIPlugin:80 - create IPUIPlugin
2024-09-24 22:49:20,884 [INFO] PluginManager:220 - loadIPPluginJar : add ucpd
2024-09-24 22:49:20,888 [INFO] IPUIPlugin:80 - create IPUIPlugin
2024-09-24 22:49:20,888 [INFO] PluginManager:220 - loadIPPluginJar : add usart
2024-09-24 22:49:20,892 [INFO] IPUIPlugin:80 - create IPUIPlugin
2024-09-24 22:49:20,892 [INFO] PluginManager:220 - loadIPPluginJar : add usbx
2024-09-24 22:49:21,037 [INFO] CADModel:165 - CPN selected for project level
2024-09-24 22:49:21,037 [INFO] CADModel:114 - Register for checkConnection events
2024-09-24 22:49:21,037 [FATAL] Updater:308 - Updater called before beeing initialized
2024-09-24 22:49:21,037 [ERROR] CADModel:125 - Updater not yet initialized, retry later 
2024-09-24 22:49:21,189 [INFO] CADModel:165 - CPN selected for project level
2024-09-24 22:49:21,189 [INFO] CADModel:114 - Register for checkConnection events
2024-09-24 22:49:21,189 [FATAL] Updater:308 - Updater called before beeing initialized
2024-09-24 22:49:21,189 [ERROR] CADModel:125 - Updater not yet initialized, retry later 
2024-09-24 22:49:21,193 [FATAL] Updater:308 - Updater called before beeing initialized
2024-09-24 22:49:21,328 [FATAL] Updater:308 - Updater called before beeing initialized
2024-09-24 22:49:21,334 [INFO] DbMcusAds:53 - JSON generation date=Thu May 16 10:22:00 IST 2024 (1715851320667)
2024-09-24 22:49:21,335 [FATAL] Updater:308 - Updater called before beeing initialized
2024-09-24 22:49:21,379 [WARN] DetailPanel:346 - Failed to get advertising image, set to default
2024-09-24 22:49:21,485 [FATAL] Updater:308 - Updater called before beeing initialized
2024-09-24 22:49:21,488 [FATAL] Updater:308 - Updater called before beeing initialized
2024-09-24 22:49:21,488 [FATAL] Updater:308 - Updater called before beeing initialized
2024-09-24 22:49:21,488 [WARN] DetailPanel:346 - Failed to get advertising image, set to default
2024-09-24 22:49:21,489 [FATAL] Updater:308 - Updater called before beeing initialized
2024-09-24 22:49:21,569 [ERROR] Updater:1120 - MainUpdater not yet initialized. External WinMGr cannot be set.
2024-09-24 22:49:21,571 [INFO] Updater:1056 - Updater Version found : 6.11.0
2024-09-24 22:49:21,597 [INFO] ApplicationProperties:184 - Using Application install path: D:\STM32CubeIDE_1.13.0\STM32CubeIDE\plugins\com.st.stm32cube.common.mx_6.11.0.202403141607
2024-09-24 22:49:23,077 [INFO] ThirdPartyUpdaterWithRetryManager:70 - Updater plugin not ready yet. [2/15]
2024-09-24 22:49:23,184 [ERROR] LogOutputStream:75 - [STDERR_REDIRECT] Sep 24, 2024 10:49:23 PM java.util.prefs.WindowsPreferences <init>
2024-09-24 22:49:23,185 [ERROR] LogOutputStream:75 - [STDERR_REDIRECT] WARNING: Could not open/create prefs root node Software\JavaSoft\Prefs at root 0xffffffff80000002. Windows RegCreateKeyEx(...) returned error code 5.
2024-09-24 22:49:23,186 [ERROR] LogOutputStream:75 - [STDERR_REDIRECT] 
2024-09-24 22:49:23,751 [INFO] MainUpdater:2873 - connection check result : 10
2024-09-24 22:49:23,752 [INFO] MainUpdater:290 - Updater Check For Update Now.
2024-09-24 22:49:23,753 [INFO] MicroXplorer:498 - Change Database Version : DB.6.0.110
2024-09-24 22:49:23,758 [INFO] McuFinderGlobals:63 - Set McuFinder mode to 2 (CubeIDE integrated)
2024-09-24 22:49:23,768 [INFO] UserAuth:415 - Internet connection configuration mode: 1
2024-09-24 22:49:23,789 [INFO] JxBrowserEngine:152 - Initiate JxBrowser Engine with user profile folder
2024-09-24 22:49:23,955 [INFO] CheckServerUpdateThread:120 - End of CheckServer Thread
2024-09-24 22:49:23,961 [INFO] MainUpdater:2873 - connection check result : 10
2024-09-24 22:49:23,962 [INFO] MainUpdater:2873 - connection check result : 10
2024-09-24 22:49:24,013 [INFO] MicroXplorer:468 - Change Database Path : 
2024-09-24 22:49:24,013 [INFO] MicroXplorer:498 - Change Database Version : DB.6.0.110
2024-09-24 22:49:24,024 [WARN] ThirdParty:871 - waiting for thirdparty lock release [close project]
2024-09-24 22:49:25,286 [INFO] WebApp:161 - Instantiating new browser for Auth
2024-09-24 22:49:25,887 [INFO] WebApp:779 - Register for checkConnection events
2024-09-24 22:49:25,887 [INFO] WebApp:414 - Apply proxy settings
2024-09-24 22:49:25,887 [INFO] WebApp:499 - Chromium requires no authentication
2024-09-24 22:49:25,894 [INFO] WebApp:442 - Direct internet connection detected
2024-09-24 22:49:26,096 [INFO] WebApp:192 - Starting web application
2024-09-24 22:49:26,096 [INFO] WebApp:544 - Web application path used D:\STM32CubeIDE_1.13.0\STM32CubeIDE\plugins\com.st.stm32cube.common.mx_6.11.0.202403141607\db\plugins\mcufinder\reactClient1\index.html
2024-09-24 22:49:26,380 [WARN] PackLoader:240 - Cannot read IP mode file for STMicroelectronics.FP-SNS-MOTENVWB1.1.4.0
2024-09-24 22:49:26,397 [WARN] PackLoader:240 - Cannot read IP mode file for STMicroelectronics.X-CUBE-SMBUS.2.1.0
2024-09-24 22:49:26,409 [WARN] PackLoader:240 - Cannot read IP mode file for STMicroelectronics.X-CUBE-TOUCHGFX.4.23.1
2024-09-24 22:49:26,414 [WARN] PackLoader:240 - Cannot read IP mode file for STMicroelectronics.X-CUBE-TOUCHGFX.4.23.0
2024-09-24 22:49:26,451 [WARN] PackLoader:240 - Cannot read IP mode file for STMicroelectronics.X-CUBE-AZRTOS-F7.1.1.0
2024-09-24 22:49:26,465 [WARN] PackLoader:240 - Cannot read IP mode file for STMicroelectronics.FP-SNS-MOTENV1.4.3.2
2024-09-24 22:49:26,542 [WARN] PackLoader:240 - Cannot read IP mode file for STMicroelectronics.X-CUBE-MEMS1.11.0.0
2024-09-24 22:49:26,717 [WARN] PackLoader:240 - Cannot read IP mode file for STMicroelectronics.X-CUBE-BLE1.6.2.4
2024-09-24 22:49:26,727 [WARN] PackLoader:240 - Cannot read IP mode file for STMicroelectronics.FP-SNS-FLIGHT1.5.0.2
2024-09-24 22:49:26,755 [WARN] PackLoader:240 - Cannot read IP mode file for STMicroelectronics.X-CUBE-DISPLAY.3.0.0
2024-09-24 22:49:26,777 [WARN] PackLoader:240 - Cannot read IP mode file for STMicroelectronics.X-CUBE-BLE1.7.0.0
2024-09-24 22:49:26,798 [WARN] PackLoader:240 - Cannot read IP mode file for emotas.I-CUBE-CANOPEN.1.3.0
2024-09-24 22:49:26,805 [WARN] PackLoader:240 - Cannot read IP mode file for STMicroelectronics.X-CUBE-TOUCHGFX.4.22.0
2024-09-24 22:49:26,809 [WARN] PackLoader:240 - Cannot read IP mode file for STMicroelectronics.X-CUBE-TOUCHGFX.4.22.1
2024-09-24 22:49:26,821 [WARN] PackLoader:240 - Cannot read IP mode file for STMicroelectronics.X-CUBE-BLEMGR.3.1.0
2024-09-24 22:49:26,829 [WARN] PackLoader:240 - Cannot read IP mode file for STMicroelectronics.FP-SNS-SMARTAG2.1.2.0
2024-09-24 22:49:26,841 [INFO] LogOutputStream:77 - [STDOUT_REDIRECT] 1 : Invalid condition id : UX_CORESTACK_Condition cause : null
2024-09-24 22:49:26,842 [INFO] LogOutputStream:77 - [STDOUT_REDIRECT] 1 : Invalid condition id : UX_CORESTACK_Condition cause : null
2024-09-24 22:49:26,843 [INFO] LogOutputStream:77 - [STDOUT_REDIRECT] 1 : Invalid condition id : UX_CORESTACK_Condition cause : null
2024-09-24 22:49:26,844 [INFO] LogOutputStream:77 - [STDOUT_REDIRECT] 1 : Invalid condition id : UX_CORESTACK_Condition cause : null
2024-09-24 22:49:26,845 [INFO] LogOutputStream:77 - [STDOUT_REDIRECT] 1 : Invalid condition id : UX_CORESTACK_Condition cause : null
2024-09-24 22:49:26,848 [WARN] PackLoader:240 - Cannot read IP mode file for STMicroelectronics.X-CUBE-AZRTOS-WL.2.0.0
2024-09-24 22:49:26,856 [WARN] PackLoader:240 - Cannot read IP mode file for STMicroelectronics.FP-SNS-MOTENV1.5.0.0
2024-09-24 22:49:26,863 [WARN] PackLoader:240 - Cannot read IP mode file for wolfSSL.I-CUBE-wolfMQTT.1.19.0
2024-09-24 22:49:26,874 [WARN] PackLoader:240 - Cannot read IP mode file for WES.I-CUBE-Cesium.1.3.0
2024-09-24 22:49:26,882 [WARN] PackLoader:240 - Cannot read IP mode file for STMicroelectronics.X-CUBE-BLE2.3.3.0
2024-09-24 22:49:26,891 [WARN] PackLoader:240 - Cannot read IP mode file for STMicroelectronics.X-CUBE-TCPP.4.1.0
2024-09-24 22:49:26,900 [WARN] PackLoader:240 - Cannot read IP mode file for STMicroelectronics.X-CUBE-ALGOBUILD.1.3.0
2024-09-24 22:49:26,924 [WARN] PackLoader:240 - Cannot read IP mode file for STMicroelectronics.X-CUBE-AZRTOS-G0.1.1.0
2024-09-24 22:49:26,933 [WARN] PackLoader:240 - Cannot read IP mode file for STMicroelectronics.X-CUBE-SAFEA1.1.2.2
2024-09-24 22:49:26,941 [WARN] PackLoader:240 - Cannot read IP mode file for STMicroelectronics.X-CUBE-NFC4.3.0.0
2024-09-24 22:49:26,952 [WARN] PackLoader:240 - Cannot read IP mode file for EmbeddedOffice.I-CUBE-FS-RTOS.1.0.1
2024-09-24 22:49:26,953 [ERROR] ConditionMgr:805 - Attr not supported : Dmpu
2024-09-24 22:49:26,953 [ERROR] ConditionMgr:805 - Attr not supported : Dmpu
2024-09-24 22:49:26,954 [ERROR] ConditionMgr:805 - Attr not supported : Dmpu
2024-09-24 22:49:26,954 [ERROR] ConditionMgr:805 - Attr not supported : Dmpu
2024-09-24 22:49:26,954 [ERROR] ConditionMgr:805 - Attr not supported : Dmpu
2024-09-24 22:49:26,954 [ERROR] ConditionMgr:805 - Attr not supported : Dmpu
2024-09-24 22:49:26,954 [ERROR] ConditionMgr:805 - Attr not supported : Dmpu
2024-09-24 22:49:26,954 [ERROR] ConditionMgr:805 - Attr not supported : Dmpu
2024-09-24 22:49:26,954 [ERROR] ConditionMgr:805 - Attr not supported : Dmpu
2024-09-24 22:49:26,954 [ERROR] ConditionMgr:805 - Attr not supported : Dmpu
2024-09-24 22:49:26,954 [ERROR] ConditionMgr:805 - Attr not supported : Dmpu
2024-09-24 22:49:26,954 [ERROR] ConditionMgr:805 - Attr not supported : Dmpu
2024-09-24 22:49:26,954 [ERROR] ConditionMgr:805 - Attr not supported : Dmpu
2024-09-24 22:49:26,954 [ERROR] ConditionMgr:805 - Attr not supported : Dmpu
2024-09-24 22:49:26,954 [ERROR] ConditionMgr:805 - Attr not supported : Dmpu
2024-09-24 22:49:26,954 [ERROR] ConditionMgr:805 - Attr not supported : Dmpu
2024-09-24 22:49:26,954 [ERROR] ConditionMgr:805 - Attr not supported : Dmpu
2024-09-24 22:49:26,955 [ERROR] ConditionMgr:805 - Attr not supported : Dmpu
2024-09-24 22:49:26,955 [ERROR] ConditionMgr:805 - Attr not supported : Dmpu
2024-09-24 22:49:26,955 [ERROR] ConditionMgr:805 - Attr not supported : Dmpu
2024-09-24 22:49:26,955 [ERROR] ConditionMgr:805 - Attr not supported : Dmpu
2024-09-24 22:49:26,955 [ERROR] ConditionMgr:805 - Attr not supported : Dmpu
2024-09-24 22:49:26,955 [ERROR] ConditionMgr:805 - Attr not supported : Dmpu
2024-09-24 22:49:26,955 [ERROR] ConditionMgr:805 - Attr not supported : Dmpu
2024-09-24 22:49:26,955 [ERROR] ConditionMgr:805 - Attr not supported : Dmpu
2024-09-24 22:49:26,955 [ERROR] ConditionMgr:805 - Attr not supported : Dmpu
2024-09-24 22:49:26,955 [ERROR] ConditionMgr:805 - Attr not supported : Dmpu
2024-09-24 22:49:26,955 [ERROR] ConditionMgr:805 - Attr not supported : Dmpu
2024-09-24 22:49:26,955 [ERROR] ConditionMgr:805 - Attr not supported : Dmpu
2024-09-24 22:49:26,955 [ERROR] ConditionMgr:805 - Attr not supported : Dmpu
2024-09-24 22:49:26,955 [ERROR] ConditionMgr:805 - Attr not supported : Dmpu
2024-09-24 22:49:26,955 [ERROR] ConditionMgr:805 - Attr not supported : Dmpu
2024-09-24 22:49:26,955 [ERROR] ConditionMgr:805 - Attr not supported : Dmpu
2024-09-24 22:49:26,955 [ERROR] ConditionMgr:805 - Attr not supported : Dmpu
2024-09-24 22:49:26,955 [ERROR] ConditionMgr:805 - Attr not supported : Dmpu
2024-09-24 22:49:26,955 [ERROR] ConditionMgr:805 - Attr not supported : Dmpu
2024-09-24 22:49:26,956 [ERROR] ConditionMgr:805 - Attr not supported : Dmpu
2024-09-24 22:49:26,956 [ERROR] ConditionMgr:805 - Attr not supported : Dmpu
2024-09-24 22:49:26,956 [ERROR] ConditionMgr:805 - Attr not supported : Dmpu
2024-09-24 22:49:26,956 [ERROR] ConditionMgr:805 - Attr not supported : Dmpu
2024-09-24 22:49:26,956 [ERROR] ConditionMgr:805 - Attr not supported : Dmpu
2024-09-24 22:49:26,956 [ERROR] ConditionMgr:805 - Attr not supported : Dmpu
2024-09-24 22:49:26,956 [ERROR] ConditionMgr:805 - Attr not supported : Dmpu
2024-09-24 22:49:26,956 [ERROR] ConditionMgr:805 - Attr not supported : Dmpu
2024-09-24 22:49:26,956 [ERROR] ConditionMgr:805 - Attr not supported : Dmpu
2024-09-24 22:49:26,956 [ERROR] ConditionMgr:805 - Attr not supported : Dmpu
2024-09-24 22:49:26,956 [ERROR] ConditionMgr:805 - Attr not supported : Dmpu
2024-09-24 22:49:26,956 [ERROR] ConditionMgr:805 - Attr not supported : Dmpu
2024-09-24 22:49:26,956 [ERROR] ConditionMgr:805 - Attr not supported : Dmpu
2024-09-24 22:49:26,956 [ERROR] ConditionMgr:805 - Attr not supported : Dmpu
2024-09-24 22:49:26,957 [ERROR] ConditionMgr:805 - Attr not supported : Dmpu
2024-09-24 22:49:26,957 [ERROR] ConditionMgr:805 - Attr not supported : Dmpu
2024-09-24 22:49:26,957 [ERROR] ConditionMgr:805 - Attr not supported : Dmpu
2024-09-24 22:49:26,957 [ERROR] ConditionMgr:805 - Attr not supported : Dmpu
2024-09-24 22:49:26,957 [ERROR] ConditionMgr:805 - Attr not supported : Dmpu
2024-09-24 22:49:26,957 [ERROR] ConditionMgr:805 - Attr not supported : Dmpu
2024-09-24 22:49:26,957 [ERROR] ConditionMgr:805 - Attr not supported : Dmpu
2024-09-24 22:49:26,957 [ERROR] ConditionMgr:805 - Attr not supported : Dmpu
2024-09-24 22:49:26,957 [ERROR] ConditionMgr:805 - Attr not supported : Dmpu
2024-09-24 22:49:26,957 [ERROR] ConditionMgr:805 - Attr not supported : Dmpu
2024-09-24 22:49:26,957 [ERROR] ConditionMgr:805 - Attr not supported : Dmpu
2024-09-24 22:49:26,957 [ERROR] ConditionMgr:805 - Attr not supported : Dmpu
2024-09-24 22:49:26,957 [ERROR] ConditionMgr:805 - Attr not supported : Dmpu
2024-09-24 22:49:26,957 [ERROR] ConditionMgr:805 - Attr not supported : Dmpu
2024-09-24 22:49:26,964 [WARN] PackLoader:240 - Cannot read IP mode file for STMicroelectronics.X-CUBE-BLEMGR.3.0.0
2024-09-24 22:49:26,979 [WARN] PackLoader:240 - Cannot read IP mode file for RealThread.X-CUBE-RT-Thread_Nano.4.1.1
2024-09-24 22:49:26,986 [WARN] PackLoader:240 - Cannot read IP mode file for STMicroelectronics.FP-ATR-SIGFOX1.3.2.0
2024-09-24 22:49:26,994 [WARN] PackLoader:240 - Cannot read IP mode file for STMicroelectronics.X-CUBE-EEPRMA1.5.1.0
2024-09-24 22:49:27,018 [WARN] PackLoader:240 - Cannot read IP mode file for SEGGER.I-CUBE-embOS.1.3.1
2024-09-24 22:49:27,072 [WARN] PackLoader:240 - Cannot read IP mode file for STMicroelectronics.X-CUBE-ALGOBUILD.1.4.0
2024-09-24 22:49:27,078 [WARN] PackLoader:240 - Cannot read IP mode file for STMicroelectronics.X-CUBE-GNSS1.6.0.0
2024-09-24 22:49:27,092 [WARN] PackLoader:240 - Cannot read IP mode file for STMicroelectronics.X-CUBE-AZRTOS-F4.1.1.0
2024-09-24 22:49:27,098 [WARN] PackLoader:240 - Cannot read IP mode file for wolfSSL.I-CUBE-wolfSSL.5.6.3
2024-09-24 22:49:27,107 [WARN] PackLoader:240 - Cannot read IP mode file for STMicroelectronics.X-CUBE-ISPU.2.1.0
2024-09-24 22:49:27,114 [WARN] PackLoader:240 - Cannot read IP mode file for STMicroelectronics.X-CUBE-FREERTOS.1.2.0
2024-09-24 22:49:27,131 [WARN] PackLoader:240 - Cannot read IP mode file for STMicroelectronics.X-CUBE-AZRTOS-L5.2.0.0
2024-09-24 22:49:27,164 [WARN] PackLoader:240 - Cannot read IP mode file for STMicroelectronics.X-CUBE-MEMS1.9.6.0
2024-09-24 22:49:27,310 [WARN] PackLoader:240 - Cannot read IP mode file for STMicroelectronics.X-CUBE-EEPRMA1.4.2.0
2024-09-24 22:49:27,318 [WARN] PackLoader:240 - Cannot read IP mode file for STMicroelectronics.X-CUBE-NFC6.3.1.0
2024-09-24 22:49:27,326 [WARN] PackLoader:240 - Cannot read IP mode file for ITTIA_DB.I-CUBE-ITTIADB.8.8.0
2024-09-24 22:49:27,334 [WARN] PackLoader:240 - Cannot read IP mode file for STMicroelectronics.X-CUBE-BLEMGR.2.0.0
2024-09-24 22:49:27,342 [WARN] PackLoader:240 - Cannot read IP mode file for STMicroelectronics.X-CUBE-DPower.1.2.0
2024-09-24 22:49:27,349 [WARN] PackLoader:240 - Cannot read IP mode file for STMicroelectronics.X-CUBE-AI.9.0.0
2024-09-24 22:49:27,364 [WARN] ConditionMgr:438 - getConditionDescription Invalid condition id : UX DEVICE CLASS RTOS Condition cause : null
2024-09-24 22:49:27,364 [WARN] ConditionMgr:438 - getConditionDescription Invalid condition id : UX DEVICE CLASS RTOS Condition cause : null
2024-09-24 22:49:27,367 [WARN] PackLoader:240 - Cannot read IP mode file for STMicroelectronics.X-CUBE-AZRTOS-H7.3.1.0
2024-09-24 22:49:27,369 [WARN] ConditionMgr:1039 - genDependencies : Invalid condition id : UX DEVICE CLASS RTOS Condition cause : null
2024-09-24 22:49:27,369 [WARN] ConditionMgr:1039 - genDependencies : Invalid condition id : UX DEVICE CLASS RTOS Condition cause : null
2024-09-24 22:49:27,370 [WARN] ConditionMgr:1039 - genDependencies : Invalid condition id : UX DEVICE CLASS RTOS Condition cause : null
2024-09-24 22:49:27,370 [WARN] ConditionMgr:1039 - genDependencies : Invalid condition id : UX DEVICE CLASS RTOS Condition cause : null
2024-09-24 22:49:27,370 [WARN] ConditionMgr:1039 - genDependencies : Invalid condition id : UX DEVICE CLASS RTOS Condition cause : null
2024-09-24 22:49:27,378 [WARN] PackLoader:240 - Cannot read IP mode file for STMicroelectronics.X-CUBE-NFC7.1.0.1
2024-09-24 22:49:27,386 [WARN] PackLoader:240 - Cannot read IP mode file for STMicroelectronics.X-CUBE-NFC6.3.0.0
2024-09-24 22:49:27,393 [WARN] PackLoader:240 - Cannot read IP mode file for STMicroelectronics.X-CUBE-EEPRMA1.4.1.0
2024-09-24 22:49:27,397 [WARN] PackLoader:240 - Cannot read IP mode file for STMicroelectronics.X-CUBE-AI.8.1.0
2024-09-24 22:49:27,413 [WARN] ConditionMgr:438 - getConditionDescription Invalid condition id : LAN8742 Phy interface Condition cause : null
2024-09-24 22:49:27,413 [WARN] PackLoader:240 - Cannot read IP mode file for STMicroelectronics.X-CUBE-AZRTOS-L4.2.0.0
2024-09-24 22:49:27,414 [WARN] ConditionMgr:1039 - genDependencies : Invalid condition id : LAN8742 Phy interface Condition cause : null
2024-09-24 22:49:27,414 [WARN] ConditionMgr:1039 - genDependencies : Invalid condition id : LAN8742 Phy interface Condition cause : null
2024-09-24 22:49:27,415 [WARN] ConditionMgr:1039 - genDependencies : Invalid condition id : LAN8742 Phy interface Condition cause : null
2024-09-24 22:49:27,424 [WARN] PackLoader:240 - Cannot read IP mode file for STMicroelectronics.X-CUBE-SFXS2LP1.4.0.0
2024-09-24 22:49:27,429 [WARN] PackLoader:240 - Cannot read IP mode file for STMicroelectronics.X-CUBE-ISPU.1.1.0
2024-09-24 22:49:27,451 [WARN] PackLoader:240 - Cannot read IP mode file for STMicroelectronics.X-CUBE-AZRTOS-H7.3.3.0
2024-09-24 22:49:27,469 [WARN] ConditionMgr:438 - getConditionDescription Invalid condition id : UX DEVICE CLASS RTOS Condition cause : null
2024-09-24 22:49:27,470 [WARN] ConditionMgr:438 - getConditionDescription Invalid condition id : UX DEVICE CLASS RTOS Condition cause : null
2024-09-24 22:49:27,472 [WARN] PackLoader:240 - Cannot read IP mode file for STMicroelectronics.X-CUBE-AZRTOS-WB.2.0.0
2024-09-24 22:49:27,473 [WARN] ConditionMgr:1039 - genDependencies : Invalid condition id : UX DEVICE CLASS RTOS Condition cause : null
2024-09-24 22:49:27,473 [WARN] ConditionMgr:1039 - genDependencies : Invalid condition id : UX DEVICE CLASS RTOS Condition cause : null
2024-09-24 22:49:27,474 [WARN] ConditionMgr:1039 - genDependencies : Invalid condition id : UX DEVICE CLASS RTOS Condition cause : null
2024-09-24 22:49:27,474 [WARN] ConditionMgr:1039 - genDependencies : Invalid condition id : UX DEVICE CLASS RTOS Condition cause : null
2024-09-24 22:49:27,474 [WARN] ConditionMgr:1039 - genDependencies : Invalid condition id : UX DEVICE CLASS RTOS Condition cause : null
2024-09-24 22:49:27,480 [WARN] PackLoader:240 - Cannot read IP mode file for STMicroelectronics.X-CUBE-FREERTOS.1.0.1
2024-09-24 22:49:27,487 [WARN] PackLoader:240 - Cannot read IP mode file for STMicroelectronics.X-CUBE-GNSS1.7.0.0
2024-09-24 22:49:27,495 [WARN] PackLoader:240 - Cannot read IP mode file for STMicroelectronics.FP-SNS-STBOX1.2.0.0
2024-09-24 22:49:27,510 [WARN] PackLoader:240 - Cannot read IP mode file for STMicroelectronics.X-CUBE-AZRTOS-L5.1.1.0
2024-09-24 22:49:27,517 [WARN] PackLoader:240 - Cannot read IP mode file for STMicroelectronics.X-CUBE-AI.8.0.1
2024-09-24 22:49:27,527 [WARN] PackLoader:240 - Cannot read IP mode file for STMicroelectronics.X-CUBE-SUBG2.5.0.0
2024-09-24 22:49:27,536 [WARN] PackLoader:240 - Cannot read IP mode file for Cesanta.I-CUBE-Mongoose.7.13.0
2024-09-24 22:49:27,546 [WARN] PackLoader:240 - Cannot read IP mode file for STMicroelectronics.X-CUBE-TOF1.3.3.1
2024-09-24 22:49:27,570 [WARN] PackLoader:240 - Cannot read IP mode file for STMicroelectronics.X-CUBE-AZRTOS-G4.2.0.0
2024-09-24 22:49:27,586 [WARN] PackLoader:240 - Cannot read IP mode file for Infineon.AIROC-Wi-Fi-Bluetooth-STM32.1.5.1
2024-09-24 22:49:27,594 [WARN] PackLoader:240 - Cannot read IP mode file for STMicroelectronics.FP-SNS-MOTENVWB1.1.3.0
2024-09-24 22:49:27,600 [WARN] PackLoader:240 - Cannot read IP mode file for STMicroelectronics.FP-SNS-MOTENVWB1.1.3.1
2024-09-24 22:49:27,607 [WARN] PackLoader:240 - Cannot read IP mode file for STMicroelectronics.X-CUBE-ISPU.2.0.0
2024-09-24 22:49:27,613 [WARN] PackLoader:240 - Cannot read IP mode file for STMicroelectronics.X-CUBE-ALS.1.0.2
2024-09-24 22:49:27,651 [WARN] PackLoader:240 - Cannot read IP mode file for STMicroelectronics.X-CUBE-MEMS1.10.0.0
2024-09-24 22:49:27,757 [WARN] PackLoader:240 - Cannot read IP mode file for STMicroelectronics.X-CUBE-FREERTOS.1.1.0
2024-09-24 22:49:27,762 [WARN] PackLoader:240 - Cannot read IP mode file for STMicroelectronics.X-CUBE-TOUCHGFX.4.24.0
2024-09-24 22:49:27,766 [WARN] PackLoader:240 - Cannot read IP mode file for STMicroelectronics.X-CUBE-TOUCHGFX.4.24.1
2024-09-24 22:49:27,776 [WARN] PackLoader:240 - Cannot read IP mode file for wolfSSL.I-CUBE-wolfTPM.3.4.0
2024-09-24 22:49:27,785 [WARN] PackLoader:240 - Cannot read IP mode file for portGmbH.I-Cube-SoM-uGOAL.1.1.0
2024-09-24 22:49:27,792 [WARN] PackLoader:240 - Cannot read IP mode file for STMicroelectronics.X-CUBE-ALS.1.0.1
2024-09-24 22:49:27,812 [WARN] PackLoader:240 - Cannot read IP mode file for STMicroelectronics.X-CUBE-AZRTOS-WB.1.1.0
2024-09-24 22:49:27,836 [WARN] PackLoader:240 - Cannot read IP mode file for STMicroelectronics.X-CUBE-AZRTOS-H7RS.1.0.0
2024-09-24 22:49:27,843 [WARN] PackLoader:240 - Cannot read IP mode file for STMicroelectronics.FP-ATR-ASTRA1.2.0.0
2024-09-24 22:49:27,852 [WARN] PackLoader:240 - Cannot read IP mode file for STMicroelectronics.X-CUBE-TOF1.3.4.2
2024-09-24 22:49:27,867 [WARN] PackLoader:240 - Cannot read IP mode file for STMicroelectronics.X-CUBE-TOF1.3.4.1
2024-09-24 22:49:27,894 [WARN] PackLoader:240 - Cannot read IP mode file for STMicroelectronics.X-CUBE-AZRTOS-H7.3.2.0
2024-09-24 22:49:27,904 [WARN] PackLoader:240 - Cannot read IP mode file for wolfSSL.I-CUBE-wolfSSH.1.4.17
2024-09-24 22:49:27,905 [INFO] ThirdParty:978 - Integrity check success = true
2024-09-24 22:49:27,905 [INFO] IntegrityCheckThread:100 - exiting critical section [integrity check]
2024-09-24 22:49:27,905 [INFO] IntegrityCheckThread:103 - End integrity checks thread
2024-09-24 22:49:27,905 [INFO] ThirdParty:873 - entering critical section [close project]
2024-09-24 22:49:27,907 [INFO] ThirdParty:883 - exiting critical section [close project]
2024-09-24 22:49:27,909 [INFO] PinOutPanel:1561 - setPackage(No Configuration,No Configuration)
2024-09-24 22:49:27,913 [INFO] UtilMem:75 - Begin LoadConfig() Used Memory: 229035512 Bytes (340787200)
2024-09-24 22:49:27,915 [INFO] MicroXplorer:468 - Change Database Path : 
2024-09-24 22:49:27,916 [INFO] MicroXplorer:498 - Change Database Version : DB.6.0.110
2024-09-24 22:49:27,916 [INFO] OpenFileManager:312 - Change cursor
2024-09-24 22:49:27,948 [INFO] Mcu:2021 - Initializing MCU STM32L476R(C-E-G)Tx STM32L476RGTx STM32L476RGT3
2024-09-24 22:49:30,567 [INFO] Context:663 - Trying to add GPIOservice into a context  which must be forbidden
2024-09-24 22:49:31,439 [INFO] RtosManager:555 - Registered RTOS mode: class=CMSIS, group=RTOS, mode=CMSIS_V1, owner=FREERTOS
2024-09-24 22:49:31,440 [INFO] RtosManager:555 - Registered RTOS mode: class=CMSIS, group=RTOS2, mode=CMSIS_V2, owner=FREERTOS
2024-09-24 22:49:31,440 [INFO] RtosManager:555 - Registered RTOS mode: class=RTOS, group=Core, mode=CMSIS_V1, owner=FREERTOS
2024-09-24 22:49:31,440 [INFO] RtosManager:555 - Registered RTOS mode: class=RTOS, group=Core, mode=CMSIS_V2, owner=FREERTOS
2024-09-24 22:49:31,441 [WARN] ModelIntegratedComponent:184 - Missing modes for component STMicroelectronics:FreeRTOS:0.0.1:STMicroelectronics:RTOS:FreeRTOS:Core:::10.2.0:
2024-09-24 22:49:31,451 [WARN] ModelIntegratedComponent:63 - No mode defined for component null
2024-09-24 22:49:31,451 [WARN] ModelIntegratedComponent:63 - No mode defined for component null
2024-09-24 22:49:31,451 [WARN] ModelIntegratedComponent:63 - No mode defined for component null
2024-09-24 22:49:31,451 [WARN] ModelIntegratedComponent:63 - No mode defined for component null
2024-09-24 22:49:31,451 [WARN] ModelIntegratedComponent:63 - No mode defined for component null
2024-09-24 22:49:31,451 [WARN] ModelIntegratedComponent:63 - No mode defined for component null
2024-09-24 22:49:31,452 [WARN] ModelIntegratedComponent:63 - No mode defined for component null
2024-09-24 22:49:31,452 [WARN] ModelIntegratedComponent:63 - No mode defined for component null
2024-09-24 22:49:31,452 [WARN] ModelIntegratedComponent:63 - No mode defined for component null
2024-09-24 22:49:31,452 [WARN] ModelIntegratedComponent:63 - No mode defined for component null
2024-09-24 22:49:31,452 [WARN] ModelIntegratedComponent:63 - No mode defined for component null
2024-09-24 22:49:31,452 [WARN] ModelIntegratedComponent:63 - No mode defined for component null
2024-09-24 22:49:31,452 [WARN] ModelIntegratedComponent:63 - No mode defined for component null
2024-09-24 22:49:31,452 [WARN] ModelIntegratedComponent:63 - No mode defined for component null
2024-09-24 22:49:31,452 [WARN] ModelIntegratedComponent:63 - No mode defined for component null
2024-09-24 22:49:31,452 [WARN] ModelIntegratedComponent:63 - No mode defined for component null
2024-09-24 22:49:31,452 [WARN] ModelIntegratedComponent:63 - No mode defined for component null
2024-09-24 22:49:31,452 [WARN] ModelIntegratedComponent:63 - No mode defined for component null
2024-09-24 22:49:31,452 [WARN] ModelIntegratedComponent:63 - No mode defined for component null
2024-09-24 22:49:31,452 [WARN] ModelIntegratedComponent:63 - No mode defined for component null
2024-09-24 22:49:31,452 [WARN] ModelIntegratedComponent:63 - No mode defined for component null
2024-09-24 22:49:31,452 [WARN] ModelIntegratedComponent:63 - No mode defined for component null
2024-09-24 22:49:31,452 [WARN] ModelIntegratedComponent:63 - No mode defined for component null
2024-09-24 22:49:31,452 [WARN] ModelIntegratedComponent:63 - No mode defined for component null
2024-09-24 22:49:31,452 [WARN] ModelIntegratedComponent:63 - No mode defined for component null
2024-09-24 22:49:31,452 [WARN] ModelIntegratedComponent:63 - No mode defined for component null
2024-09-24 22:49:31,453 [WARN] ModelIntegratedComponent:63 - No mode defined for component null
2024-09-24 22:49:31,453 [WARN] ModelIntegratedComponent:63 - No mode defined for component null
2024-09-24 22:49:31,453 [WARN] ModelIntegratedComponent:63 - No mode defined for component null
2024-09-24 22:49:31,453 [WARN] ModelIntegratedComponent:63 - No mode defined for component null
2024-09-24 22:49:31,453 [WARN] ModelIntegratedComponent:63 - No mode defined for component null
2024-09-24 22:49:31,453 [WARN] ModelIntegratedComponent:63 - No mode defined for component null
2024-09-24 22:49:31,453 [WARN] ModelIntegratedComponent:63 - No mode defined for component null
2024-09-24 22:49:31,453 [WARN] ModelIntegratedComponent:63 - No mode defined for component null
2024-09-24 22:49:31,610 [INFO] ThirdPartyModel:298 - Start build external matchings
2024-09-24 22:49:32,518 [INFO] ThirdPartyModel:316 - End build external matchings
2024-09-24 22:49:32,556 [INFO] ImportTextPane:194 - (OptionalMessage_ERROR) IP (RCC) : Invalid parameter (FamilyName)
2024-09-24 22:49:32,559 [INFO] ImportTextPane:194 - (OptionalMessage_ERROR) IP (RCC) : Parameter (RNGFreq_Value) has invalid value (64000000)
2024-09-24 22:49:32,559 [INFO] ImportTextPane:194 - (OptionalMessage_ERROR) IP (RCC) : Parameter (SDMMCFreq_Value) has invalid value (64000000)
2024-09-24 22:49:32,560 [INFO] ImportTextPane:194 - (OptionalMessage_ERROR) IP (RCC) : Parameter (USBFreq_Value) has invalid value (64000000)
2024-09-24 22:49:33,091 [INFO] ApiDb:581 - Connected to CubeFinder SQLite database (C:\Users\66405\.stmcufinder\plugins\mcufinder\mcu\cube-finder-db.db)
2024-09-24 22:49:33,177 [INFO] ApiDb:668 - CubeFinder database Data Model version=2.1
2024-09-24 22:49:33,177 [INFO] ApiDb:669 - CubeFinder database Configuration version=3.0.39
2024-09-24 22:49:33,177 [INFO] ApiDb:670 - CubeFinder database generation date=2024-08-06 (1722941618)
2024-09-24 22:49:33,178 [INFO] ApiDb:671 - CubeFinder database FW Pack versions=[FP-ATR-ASTRA1_V2.0.0, FP-SNS-FLIGHT1_V5.0.2, FP-SNS-MOTENV1_V5.0.0, FP-SNS-MOTENVWB1_V1.4.0, FP-SNS-SMARTAG2_V1.2.0, FP-SNS-STBOX1_V2.0.0, STM32Cube_FW_C0_V1.2.0, STM32Cube_FW_F4_V1.28.0, STM32Cube_FW_F7_V1.17.2, STM32Cube_FW_G0_V1.6.2, STM32Cube_FW_G4_V1.6.0, STM32Cube_FW_H5_V1.3.0, STM32Cube_FW_H7RS_V1.1.0, STM32Cube_FW_H7_V1.11.2, STM32Cube_FW_L0_V1.12.2, STM32Cube_FW_L5_V1.5.1, STM32Cube_FW_U0_V1.1.0, STM32Cube_FW_U5_V1.6.0, STM32Cube_FW_WB0_V1.0.0, STM32Cube_FW_WBA_V1.4.1, STM32Cube_FW_WB_V1.20.0, STM32Cube_FW_WL_V1.3.0, X-CUBE-ALGOBUILD_V1.4.0, X-CUBE-ALS_V1.0.2, X-CUBE-AZRTOS-F4_V1.1.0, X-CUBE-AZRTOS-F7_V1.1.0, X-CUBE-AZRTOS-G0_V1.1.0, X-CUBE-AZRTOS-G4_V2.0.0, X-CUBE-AZRTOS-H7RS_V1.0.0, X-CUBE-AZRTOS-H7_V3.2.0, X-CUBE-AZRTOS-L4_V2.0.0, X-CUBE-AZRTOS-L5_V1.1.0, X-CUBE-AZRTOS-WB_V2.0.0, X-CUBE-AZRTOS-WL_V2.0.0, X-CUBE-BLE1_V7.0.0, X-CUBE-BLE2_V3.3.0, X-CUBE-BLEMGR_V3.1.0, X-CUBE-EEPRMA1_V5.1.0, X-CUBE-FREERTOS_V1.2.0, X-CUBE-GNSS1_V6.0.0, X-CUBE-MEMS1_V10.0.0, X-CUBE-NFC4_V3.0.0, X-CUBE-NFC7_V1.0.1, X-CUBE-SFXS2LP1_V4.0.0, X-CUBE-SUBG2_V5.0.0, X-CUBE-TOF1_V3.4.2]
2024-09-24 22:49:33,313 [INFO] DbBoardsSqlite:226 - include board P-NUCLEO-WB55-NUCLEO as a kit item of type 'Nucleo-64'
2024-09-24 22:49:33,314 [INFO] DbBoardsSqlite:226 - include board P-NUCLEO-WB55-USBDONGLE as a kit item of type 'Nucleo USB Dongle'
2024-09-24 22:49:33,315 [INFO] DbBoardsSqlite:226 - include board STEVAL-IDP005V1 as a kit item of type 'Evaluation Board'
2024-09-24 22:49:33,315 [INFO] DbBoardsSqlite:226 - include board STEVAL-IDP005V2 as a kit item of type 'Evaluation Board'
2024-09-24 22:49:33,820 [INFO] ApiDb:240 - Found 483 in-development CPN: [B-G473E-ZEST1S, B-WB1M-WPAN1, B-WL5M-SUBG1, NUCLEO-C031C6, NUCLEO-H503RB, NUCLEO-H533RE, NUCLEO-H563ZI, NUCLEO-H7S3L8, NUCLEO-U031R8, NUCLEO-U083RC, NUCLEO-U545RE-Q, NUCLEO-U5A5ZJ-Q, NUCLEO-WBA52CG, NUCLEO-WBA55CG, STEVAL-PROTEUS1, STEVAL-SMARTAG2, STEVAL-STWINBX1, STM320518-EVAL, STM32C0116-DK, STM32C011D6Y3TR, STM32C011D6Y6TR, STM32C011F4P3, STM32C011F4P6, STM32C011F4U3, STM32C011F4U6TR, STM32C011F6P3, STM32C011F6P6, STM32C011F6U3, STM32C011F6U6TR, STM32C011J4M3, STM32C011J4M6, STM32C011J6M3, STM32C011J6M6, STM32C0316-DK, STM32C031C4T3, STM32C031C4T6, STM32C031C4U3, STM32C031C4U6, STM32C031C6T3, STM32C031C6T6, STM32C031C6U3, STM32C031C6U6, STM32C031F4P3, STM32C031F4P6, STM32C031F6P3, STM32C031F6P6, STM32C031G4U3, STM32C031G4U6, STM32C031G6U3, STM32C031G6U6, STM32C031K4T3, STM32C031K4T6, STM32C031K4U3, STM32C031K4U6, STM32C031K6T3, STM32C031K6T6, STM32C031K6U3, STM32C031K6U6, STM32G071K8TXN, STM32G071K8UXN, STM32G081GBU6N, STM32G081KBT6N, STM32G081KBUXN, STM32G0B1CCT6N, STM32G0B1KCT6, STM32G0B1NEY6TR, STM32G0B1RCT6N, STM32G0C1CCT6, STM32G0C1CCT6N, STM32G0C1CCU6N, STM32G0C1CET6N, STM32G0C1CEU6N, STM32G0C1KCT6, STM32G0C1NEY6TR, STM32G0C1RCI6N, STM32G0C1RCT6N, STM32G0C1REI6N, STM32G0C1RET6N, STM32G0C1VCI6, STM32G0C1VEI6, STM32G471CCT6, STM32G471CCU6, STM32G471CET3, STM32G471CET6, STM32G471CEU3, STM32G471CEU6, STM32G471MCT6, STM32G471MET3, STM32G471MET6, STM32G471MEY6TR, STM32G471QCT6, STM32G471QET3, STM32G471RCT6, STM32G471RET3, STM32G471RET6, STM32G471VCH6, STM32G471VCI6, STM32G471VCT6, STM32G471VEH3, STM32G471VEH6, STM32G471VEI3, STM32G471VEI6, STM32G471VET3, STM32G471VET6, STM32G474CCT6, STM32H503CBT6, STM32H503CBU6, STM32H503EBY6TR, STM32H503KBU6, STM32H503RBT6, STM32H523CCT6, STM32H523CCU6, STM32H523CET6, STM32H523CEU6, STM32H523HEY6TR, STM32H523RCT6, STM32H523RET6, STM32H523VCI6, STM32H523VCT6, STM32H523VEI6, STM32H523VET6, STM32H523ZCJ6, STM32H523ZCT6, STM32H523ZEJ6, STM32H523ZET6, STM32H533CET6, STM32H533CEU6, STM32H533HEY6TR, STM32H533RET6, STM32H533VEI6, STM32H533VET6, STM32H533ZEJ6, STM32H533ZET6, STM32H562AGI6, STM32H562AII6, STM32H562IGK6, STM32H562IGT6, STM32H562IIK6, STM32H562IIT6, STM32H562RGT6, STM32H562RGV6, STM32H562RIT6, STM32H562RIV6, STM32H562VGT6, STM32H562VIT6, STM32H562ZGT6, STM32H562ZIT6, STM32H563AGI6, STM32H563AII3Q, STM32H563AII6, STM32H563IGK6, STM32H563IGT6, STM32H563IIK3Q, STM32H563IIK6, STM32H563IIT3Q, STM32H563IIT6, STM32H563MIY3QTR, STM32H563RGT6, STM32H563RGV6, STM32H563RIT6, STM32H563RIV6, STM32H563VGT6, STM32H563VIT3Q, STM32H563VIT6, STM32H563ZGT6, STM32H563ZIT3Q, STM32H563ZIT6, STM32H573AII3Q, STM32H573AII6, STM32H573I-DK, STM32H573IIK3Q, STM32H573IIK6, STM32H573IIT3Q, STM32H573IIT6, STM32H573MIY3QTR, STM32H573RIT6, STM32H573RIV6, STM32H573VIT3Q, STM32H573VIT6, STM32H573ZIT3Q, STM32H573ZIT6, STM32H7R3A8I6, STM32H7R3I8K6, STM32H7R3I8T6, STM32H7R3L8H6, STM32H7R3L8H6H, STM32H7R3R8V6, STM32H7R3V8H6, STM32H7R3V8T6, STM32H7R3V8Y6, STM32H7R3Z8J6, STM32H7R3Z8T6, STM32H7R7A8I6, STM32H7R7I8K6, STM32H7R7I8T6, STM32H7R7L8H6, STM32H7R7L8H6H, STM32H7R7Z8J6, STM32H7S3A8I6, STM32H7S3I8K6, STM32H7S3I8T6, STM32H7S3L8H6, STM32H7S3L8H6H, STM32H7S3R8V6, STM32H7S3V8H6, STM32H7S3V8T6, STM32H7S3V8Y6, STM32H7S3Z8J6, STM32H7S3Z8T6, STM32H7S78-DK, STM32H7S7A8I6, STM32H7S7I8K6, STM32H7S7I8T6, STM32H7S7L8H6, STM32H7S7L8H6H, STM32H7S7Z8J6, STM32L4R5QGI6STR, STM32MP131AAE3, STM32MP131AAF3, STM32MP131AAG3, STM32MP131CAE3, STM32MP131CAF3, STM32MP131CAG3, STM32MP131DAE7, STM32MP131DAF7, STM32MP131DAG7, STM32MP131FAE7, STM32MP131FAF7, STM32MP131FAG7, STM32MP133AAE3, STM32MP133AAF3, STM32MP133AAG3, STM32MP133CAE3, STM32MP133CAF3, STM32MP133CAG3, STM32MP133DAE7, STM32MP133DAF7, STM32MP133DAG7, STM32MP133FAE7, STM32MP133FAF7, STM32MP133FAG7, STM32MP135AAE3, STM32MP135AAF3, STM32MP135AAG3, STM32MP135CAE3, STM32MP135CAF3, STM32MP135CAG3, STM32MP135DAE7, STM32MP135DAF7, STM32MP135DAG7, STM32MP135F-DK, STM32MP135FAE7, STM32MP135FAF7, STM32MP135FAF7T, STM32MP135FAF7U, STM32MP135FAG7, STM32U031C6T6, STM32U031C6U6, STM32U031C8T6, STM32U031C8U6, STM32U031F4P6, STM32U031F6P6, STM32U031F8P6, STM32U031G6Y6TR, STM32U031G8Y6TR, STM32U031K4U6, STM32U031K6U6, STM32U031K8U6, STM32U031R6I6, STM32U031R6T6, STM32U031R8I6, STM32U031R8T6, STM32U073C8T6, STM32U073C8U6, STM32U073CBT6, STM32U073CBU6, STM32U073CCT6, STM32U073CCU6, STM32U073H8Y6TR, STM32U073HBY6TR, STM32U073HCY6TR, STM32U073K8U6, STM32U073KBU6, STM32U073KCU6, STM32U073M8I6, STM32U073M8T6, STM32U073MBI6, STM32U073MBT6, STM32U073MCI6, STM32U073MCT6, STM32U073R8I6, STM32U073R8T6, STM32U073RBI6, STM32U073RBT6, STM32U073RCI6, STM32U073RCT6, STM32U083C-DK, STM32U083CCT6, STM32U083CCU6, STM32U083HCY6TR, STM32U083KCU6, STM32U083MCI6, STM32U083MCT6, STM32U083RCI6, STM32U083RCT6, STM32U535CBT6, STM32U535CBT6Q, STM32U535CBU6, STM32U535CBU6Q, STM32U535CCT6, STM32U535CCT6Q, STM32U535CCU6, STM32U535CCU6Q, STM32U535CET6, STM32U535CET6Q, STM32U535CEU6, STM32U535CEU6Q, STM32U535JEY6QTR, STM32U535NCY6QTR, STM32U535NEY6QTR, STM32U535RBI6, STM32U535RBI6Q, STM32U535RBT6, STM32U535RBT6Q, STM32U535RCI6, STM32U535RCI6Q, STM32U535RCT6, STM32U535RCT6Q, STM32U535REI6, STM32U535REI6Q, STM32U535RET6, STM32U535RET6Q, STM32U535VCI6, STM32U535VCI6Q, STM32U535VCT6, STM32U535VCT6Q, STM32U535VEI6, STM32U535VEI6Q, STM32U535VET6, STM32U535VET6Q, STM32U545CET6, STM32U545CET6Q, STM32U545CEU6, STM32U545CEU6Q, STM32U545JEY6QTR, STM32U545NEY6QTR, STM32U545REI6, STM32U545REI6Q, STM32U545RET6, STM32U545RET6Q, STM32U545VEI6, STM32U545VEI6Q, STM32U545VET6, STM32U545VET6Q, STM32U595AIH6, STM32U595AIH6Q, STM32U595AJH6, STM32U595AJH6Q, STM32U595QII6, STM32U595QII6Q, STM32U595QJI6, STM32U595QJI6Q, STM32U595RIT6, STM32U595RIT6Q, STM32U595RJT6, STM32U595RJT6Q, STM32U595VIT6, STM32U595VIT6Q, STM32U595VJT6, STM32U595VJT6Q, STM32U595ZIT6, STM32U595ZIT6Q, STM32U595ZIY6QTR, STM32U595ZJT6, STM32U595ZJT6Q, STM32U595ZJY6QTR, STM32U599BJY6QTR, STM32U599NIH6Q, STM32U599NJH6Q, STM32U599VIT6Q, STM32U599VJT6, STM32U599VJT6Q, STM32U599ZIT6Q, STM32U599ZIY6QTR, STM32U599ZJT6Q, STM32U599ZJY6QTR, STM32U5A5AJH6, STM32U5A5AJH6Q, STM32U5A5QII3Q , STM32U5A5QJI6, STM32U5A5QJI6Q, STM32U5A5RJT6, STM32U5A5RJT6Q, STM32U5A5VJT6, STM32U5A5VJT6Q, STM32U5A5ZJT6, STM32U5A5ZJT6Q, STM32U5A5ZJY6QTR, STM32U5A9BJY6QTR, STM32U5A9J-DK, STM32U5A9NJH6Q, STM32U5A9VJT6Q, STM32U5A9ZJT6Q, STM32U5A9ZJY6QTR, STM32U5F7VIT6, STM32U5F7VIT6Q, STM32U5F7VJT6, STM32U5F7VJT6Q, STM32U5F9BJY6QTR, STM32U5F9NJH6Q, STM32U5F9VIT6Q, STM32U5F9VJT6Q, STM32U5F9ZIJ6QTR, STM32U5F9ZIT6Q, STM32U5F9ZJJ6QTR, STM32U5F9ZJT6Q, STM32U5G7VJT6, STM32U5G7VJT6Q, STM32U5G9BJY6QTR, STM32U5G9J-DK1, STM32U5G9J-DK2, STM32U5G9NJH6Q, STM32U5G9VJT6Q, STM32U5G9ZJJ6QTR, STM32U5G9ZJT6Q, STM32WB1MMCH6, STM32WBA50KEU6, STM32WBA50KEU6TR, STM32WBA50KGU6, STM32WBA50KGU6TR, STM32WBA52CEU6, STM32WBA52CEU6TR, STM32WBA52CEU7, STM32WBA52CEU7TR, STM32WBA52CGU6, STM32WBA52CGU6TR, STM32WBA52CGU6U, STM32WBA52CGU7, STM32WBA52CGU7TR, STM32WBA52KEU6, STM32WBA52KEU6TR, STM32WBA52KGU6, STM32WBA52KGU6TR, STM32WBA54CEU6, STM32WBA54CEU6TR, STM32WBA54CEU7, STM32WBA54CEU7TR, STM32WBA54CGU6, STM32WBA54CGU6TR, STM32WBA54CGU7, STM32WBA54CGU7TR, STM32WBA54KEU6, STM32WBA54KEU6TR, STM32WBA54KEU7, STM32WBA54KEU7TR, STM32WBA54KGU6, STM32WBA54KGU6TR, STM32WBA54KGU7, STM32WBA54KGU7TR, STM32WBA55CEU6, STM32WBA55CEU6TR, STM32WBA55CEU7, STM32WBA55CEU7TR, STM32WBA55CGU6, STM32WBA55CGU6TR, STM32WBA55CGU6U, STM32WBA55CGU7, STM32WBA55CGU7TR, STM32WBA55G-DK1, STM32WBA55HEF6, STM32WBA55HEF7, STM32WBA55HGF6, STM32WBA55HGF7, STM32WBA55UEI6, STM32WBA55UEI6TR, STM32WBA55UEI7, STM32WBA55UEI7TR, STM32WBA55UGI6, STM32WBA55UGI6TR, STM32WBA55UGI7, STM32WBA55UGI7TR, STM32WL5MOCH6, STM32WL5MOCH6TR]
2024-09-24 22:49:33,824 [INFO] ApiDb:668 - CubeFinder database Data Model version=2.1
2024-09-24 22:49:33,824 [INFO] ApiDb:669 - CubeFinder database Configuration version=3.0.39
2024-09-24 22:49:33,825 [INFO] ApiDb:670 - CubeFinder database generation date=2024-08-06 (1722941618)
2024-09-24 22:49:33,825 [INFO] ApiDb:671 - CubeFinder database FW Pack versions=[FP-ATR-ASTRA1_V2.0.0, FP-SNS-FLIGHT1_V5.0.2, FP-SNS-MOTENV1_V5.0.0, FP-SNS-MOTENVWB1_V1.4.0, FP-SNS-SMARTAG2_V1.2.0, FP-SNS-STBOX1_V2.0.0, STM32Cube_FW_C0_V1.2.0, STM32Cube_FW_F4_V1.28.0, STM32Cube_FW_F7_V1.17.2, STM32Cube_FW_G0_V1.6.2, STM32Cube_FW_G4_V1.6.0, STM32Cube_FW_H5_V1.3.0, STM32Cube_FW_H7RS_V1.1.0, STM32Cube_FW_H7_V1.11.2, STM32Cube_FW_L0_V1.12.2, STM32Cube_FW_L5_V1.5.1, STM32Cube_FW_U0_V1.1.0, STM32Cube_FW_U5_V1.6.0, STM32Cube_FW_WB0_V1.0.0, STM32Cube_FW_WBA_V1.4.1, STM32Cube_FW_WB_V1.20.0, STM32Cube_FW_WL_V1.3.0, X-CUBE-ALGOBUILD_V1.4.0, X-CUBE-ALS_V1.0.2, X-CUBE-AZRTOS-F4_V1.1.0, X-CUBE-AZRTOS-F7_V1.1.0, X-CUBE-AZRTOS-G0_V1.1.0, X-CUBE-AZRTOS-G4_V2.0.0, X-CUBE-AZRTOS-H7RS_V1.0.0, X-CUBE-AZRTOS-H7_V3.2.0, X-CUBE-AZRTOS-L4_V2.0.0, X-CUBE-AZRTOS-L5_V1.1.0, X-CUBE-AZRTOS-WB_V2.0.0, X-CUBE-AZRTOS-WL_V2.0.0, X-CUBE-BLE1_V7.0.0, X-CUBE-BLE2_V3.3.0, X-CUBE-BLEMGR_V3.1.0, X-CUBE-EEPRMA1_V5.1.0, X-CUBE-FREERTOS_V1.2.0, X-CUBE-GNSS1_V6.0.0, X-CUBE-MEMS1_V10.0.0, X-CUBE-NFC4_V3.0.0, X-CUBE-NFC7_V1.0.1, X-CUBE-SFXS2LP1_V4.0.0, X-CUBE-SUBG2_V5.0.0, X-CUBE-TOF1_V3.4.2]
2024-09-24 22:49:35,830 [INFO] ApiDb:240 - Found 483 in-development CPN: [B-G473E-ZEST1S, B-WB1M-WPAN1, B-WL5M-SUBG1, NUCLEO-C031C6, NUCLEO-H503RB, NUCLEO-H533RE, NUCLEO-H563ZI, NUCLEO-H7S3L8, NUCLEO-U031R8, NUCLEO-U083RC, NUCLEO-U545RE-Q, NUCLEO-U5A5ZJ-Q, NUCLEO-WBA52CG, NUCLEO-WBA55CG, STEVAL-PROTEUS1, STEVAL-SMARTAG2, STEVAL-STWINBX1, STM320518-EVAL, STM32C0116-DK, STM32C011D6Y3TR, STM32C011D6Y6TR, STM32C011F4P3, STM32C011F4P6, STM32C011F4U3, STM32C011F4U6TR, STM32C011F6P3, STM32C011F6P6, STM32C011F6U3, STM32C011F6U6TR, STM32C011J4M3, STM32C011J4M6, STM32C011J6M3, STM32C011J6M6, STM32C0316-DK, STM32C031C4T3, STM32C031C4T6, STM32C031C4U3, STM32C031C4U6, STM32C031C6T3, STM32C031C6T6, STM32C031C6U3, STM32C031C6U6, STM32C031F4P3, STM32C031F4P6, STM32C031F6P3, STM32C031F6P6, STM32C031G4U3, STM32C031G4U6, STM32C031G6U3, STM32C031G6U6, STM32C031K4T3, STM32C031K4T6, STM32C031K4U3, STM32C031K4U6, STM32C031K6T3, STM32C031K6T6, STM32C031K6U3, STM32C031K6U6, STM32G071K8TXN, STM32G071K8UXN, STM32G081GBU6N, STM32G081KBT6N, STM32G081KBUXN, STM32G0B1CCT6N, STM32G0B1KCT6, STM32G0B1NEY6TR, STM32G0B1RCT6N, STM32G0C1CCT6, STM32G0C1CCT6N, STM32G0C1CCU6N, STM32G0C1CET6N, STM32G0C1CEU6N, STM32G0C1KCT6, STM32G0C1NEY6TR, STM32G0C1RCI6N, STM32G0C1RCT6N, STM32G0C1REI6N, STM32G0C1RET6N, STM32G0C1VCI6, STM32G0C1VEI6, STM32G471CCT6, STM32G471CCU6, STM32G471CET3, STM32G471CET6, STM32G471CEU3, STM32G471CEU6, STM32G471MCT6, STM32G471MET3, STM32G471MET6, STM32G471MEY6TR, STM32G471QCT6, STM32G471QET3, STM32G471RCT6, STM32G471RET3, STM32G471RET6, STM32G471VCH6, STM32G471VCI6, STM32G471VCT6, STM32G471VEH3, STM32G471VEH6, STM32G471VEI3, STM32G471VEI6, STM32G471VET3, STM32G471VET6, STM32G474CCT6, STM32H503CBT6, STM32H503CBU6, STM32H503EBY6TR, STM32H503KBU6, STM32H503RBT6, STM32H523CCT6, STM32H523CCU6, STM32H523CET6, STM32H523CEU6, STM32H523HEY6TR, STM32H523RCT6, STM32H523RET6, STM32H523VCI6, STM32H523VCT6, STM32H523VEI6, STM32H523VET6, STM32H523ZCJ6, STM32H523ZCT6, STM32H523ZEJ6, STM32H523ZET6, STM32H533CET6, STM32H533CEU6, STM32H533HEY6TR, STM32H533RET6, STM32H533VEI6, STM32H533VET6, STM32H533ZEJ6, STM32H533ZET6, STM32H562AGI6, STM32H562AII6, STM32H562IGK6, STM32H562IGT6, STM32H562IIK6, STM32H562IIT6, STM32H562RGT6, STM32H562RGV6, STM32H562RIT6, STM32H562RIV6, STM32H562VGT6, STM32H562VIT6, STM32H562ZGT6, STM32H562ZIT6, STM32H563AGI6, STM32H563AII3Q, STM32H563AII6, STM32H563IGK6, STM32H563IGT6, STM32H563IIK3Q, STM32H563IIK6, STM32H563IIT3Q, STM32H563IIT6, STM32H563MIY3QTR, STM32H563RGT6, STM32H563RGV6, STM32H563RIT6, STM32H563RIV6, STM32H563VGT6, STM32H563VIT3Q, STM32H563VIT6, STM32H563ZGT6, STM32H563ZIT3Q, STM32H563ZIT6, STM32H573AII3Q, STM32H573AII6, STM32H573I-DK, STM32H573IIK3Q, STM32H573IIK6, STM32H573IIT3Q, STM32H573IIT6, STM32H573MIY3QTR, STM32H573RIT6, STM32H573RIV6, STM32H573VIT3Q, STM32H573VIT6, STM32H573ZIT3Q, STM32H573ZIT6, STM32H7R3A8I6, STM32H7R3I8K6, STM32H7R3I8T6, STM32H7R3L8H6, STM32H7R3L8H6H, STM32H7R3R8V6, STM32H7R3V8H6, STM32H7R3V8T6, STM32H7R3V8Y6, STM32H7R3Z8J6, STM32H7R3Z8T6, STM32H7R7A8I6, STM32H7R7I8K6, STM32H7R7I8T6, STM32H7R7L8H6, STM32H7R7L8H6H, STM32H7R7Z8J6, STM32H7S3A8I6, STM32H7S3I8K6, STM32H7S3I8T6, STM32H7S3L8H6, STM32H7S3L8H6H, STM32H7S3R8V6, STM32H7S3V8H6, STM32H7S3V8T6, STM32H7S3V8Y6, STM32H7S3Z8J6, STM32H7S3Z8T6, STM32H7S78-DK, STM32H7S7A8I6, STM32H7S7I8K6, STM32H7S7I8T6, STM32H7S7L8H6, STM32H7S7L8H6H, STM32H7S7Z8J6, STM32L4R5QGI6STR, STM32MP131AAE3, STM32MP131AAF3, STM32MP131AAG3, STM32MP131CAE3, STM32MP131CAF3, STM32MP131CAG3, STM32MP131DAE7, STM32MP131DAF7, STM32MP131DAG7, STM32MP131FAE7, STM32MP131FAF7, STM32MP131FAG7, STM32MP133AAE3, STM32MP133AAF3, STM32MP133AAG3, STM32MP133CAE3, STM32MP133CAF3, STM32MP133CAG3, STM32MP133DAE7, STM32MP133DAF7, STM32MP133DAG7, STM32MP133FAE7, STM32MP133FAF7, STM32MP133FAG7, STM32MP135AAE3, STM32MP135AAF3, STM32MP135AAG3, STM32MP135CAE3, STM32MP135CAF3, STM32MP135CAG3, STM32MP135DAE7, STM32MP135DAF7, STM32MP135DAG7, STM32MP135F-DK, STM32MP135FAE7, STM32MP135FAF7, STM32MP135FAF7T, STM32MP135FAF7U, STM32MP135FAG7, STM32U031C6T6, STM32U031C6U6, STM32U031C8T6, STM32U031C8U6, STM32U031F4P6, STM32U031F6P6, STM32U031F8P6, STM32U031G6Y6TR, STM32U031G8Y6TR, STM32U031K4U6, STM32U031K6U6, STM32U031K8U6, STM32U031R6I6, STM32U031R6T6, STM32U031R8I6, STM32U031R8T6, STM32U073C8T6, STM32U073C8U6, STM32U073CBT6, STM32U073CBU6, STM32U073CCT6, STM32U073CCU6, STM32U073H8Y6TR, STM32U073HBY6TR, STM32U073HCY6TR, STM32U073K8U6, STM32U073KBU6, STM32U073KCU6, STM32U073M8I6, STM32U073M8T6, STM32U073MBI6, STM32U073MBT6, STM32U073MCI6, STM32U073MCT6, STM32U073R8I6, STM32U073R8T6, STM32U073RBI6, STM32U073RBT6, STM32U073RCI6, STM32U073RCT6, STM32U083C-DK, STM32U083CCT6, STM32U083CCU6, STM32U083HCY6TR, STM32U083KCU6, STM32U083MCI6, STM32U083MCT6, STM32U083RCI6, STM32U083RCT6, STM32U535CBT6, STM32U535CBT6Q, STM32U535CBU6, STM32U535CBU6Q, STM32U535CCT6, STM32U535CCT6Q, STM32U535CCU6, STM32U535CCU6Q, STM32U535CET6, STM32U535CET6Q, STM32U535CEU6, STM32U535CEU6Q, STM32U535JEY6QTR, STM32U535NCY6QTR, STM32U535NEY6QTR, STM32U535RBI6, STM32U535RBI6Q, STM32U535RBT6, STM32U535RBT6Q, STM32U535RCI6, STM32U535RCI6Q, STM32U535RCT6, STM32U535RCT6Q, STM32U535REI6, STM32U535REI6Q, STM32U535RET6, STM32U535RET6Q, STM32U535VCI6, STM32U535VCI6Q, STM32U535VCT6, STM32U535VCT6Q, STM32U535VEI6, STM32U535VEI6Q, STM32U535VET6, STM32U535VET6Q, STM32U545CET6, STM32U545CET6Q, STM32U545CEU6, STM32U545CEU6Q, STM32U545JEY6QTR, STM32U545NEY6QTR, STM32U545REI6, STM32U545REI6Q, STM32U545RET6, STM32U545RET6Q, STM32U545VEI6, STM32U545VEI6Q, STM32U545VET6, STM32U545VET6Q, STM32U595AIH6, STM32U595AIH6Q, STM32U595AJH6, STM32U595AJH6Q, STM32U595QII6, STM32U595QII6Q, STM32U595QJI6, STM32U595QJI6Q, STM32U595RIT6, STM32U595RIT6Q, STM32U595RJT6, STM32U595RJT6Q, STM32U595VIT6, STM32U595VIT6Q, STM32U595VJT6, STM32U595VJT6Q, STM32U595ZIT6, STM32U595ZIT6Q, STM32U595ZIY6QTR, STM32U595ZJT6, STM32U595ZJT6Q, STM32U595ZJY6QTR, STM32U599BJY6QTR, STM32U599NIH6Q, STM32U599NJH6Q, STM32U599VIT6Q, STM32U599VJT6, STM32U599VJT6Q, STM32U599ZIT6Q, STM32U599ZIY6QTR, STM32U599ZJT6Q, STM32U599ZJY6QTR, STM32U5A5AJH6, STM32U5A5AJH6Q, STM32U5A5QII3Q , STM32U5A5QJI6, STM32U5A5QJI6Q, STM32U5A5RJT6, STM32U5A5RJT6Q, STM32U5A5VJT6, STM32U5A5VJT6Q, STM32U5A5ZJT6, STM32U5A5ZJT6Q, STM32U5A5ZJY6QTR, STM32U5A9BJY6QTR, STM32U5A9J-DK, STM32U5A9NJH6Q, STM32U5A9VJT6Q, STM32U5A9ZJT6Q, STM32U5A9ZJY6QTR, STM32U5F7VIT6, STM32U5F7VIT6Q, STM32U5F7VJT6, STM32U5F7VJT6Q, STM32U5F9BJY6QTR, STM32U5F9NJH6Q, STM32U5F9VIT6Q, STM32U5F9VJT6Q, STM32U5F9ZIJ6QTR, STM32U5F9ZIT6Q, STM32U5F9ZJJ6QTR, STM32U5F9ZJT6Q, STM32U5G7VJT6, STM32U5G7VJT6Q, STM32U5G9BJY6QTR, STM32U5G9J-DK1, STM32U5G9J-DK2, STM32U5G9NJH6Q, STM32U5G9VJT6Q, STM32U5G9ZJJ6QTR, STM32U5G9ZJT6Q, STM32WB1MMCH6, STM32WBA50KEU6, STM32WBA50KEU6TR, STM32WBA50KGU6, STM32WBA50KGU6TR, STM32WBA52CEU6, STM32WBA52CEU6TR, STM32WBA52CEU7, STM32WBA52CEU7TR, STM32WBA52CGU6, STM32WBA52CGU6TR, STM32WBA52CGU6U, STM32WBA52CGU7, STM32WBA52CGU7TR, STM32WBA52KEU6, STM32WBA52KEU6TR, STM32WBA52KGU6, STM32WBA52KGU6TR, STM32WBA54CEU6, STM32WBA54CEU6TR, STM32WBA54CEU7, STM32WBA54CEU7TR, STM32WBA54CGU6, STM32WBA54CGU6TR, STM32WBA54CGU7, STM32WBA54CGU7TR, STM32WBA54KEU6, STM32WBA54KEU6TR, STM32WBA54KEU7, STM32WBA54KEU7TR, STM32WBA54KGU6, STM32WBA54KGU6TR, STM32WBA54KGU7, STM32WBA54KGU7TR, STM32WBA55CEU6, STM32WBA55CEU6TR, STM32WBA55CEU7, STM32WBA55CEU7TR, STM32WBA55CGU6, STM32WBA55CGU6TR, STM32WBA55CGU6U, STM32WBA55CGU7, STM32WBA55CGU7TR, STM32WBA55G-DK1, STM32WBA55HEF6, STM32WBA55HEF7, STM32WBA55HGF6, STM32WBA55HGF7, STM32WBA55UEI6, STM32WBA55UEI6TR, STM32WBA55UEI7, STM32WBA55UEI7TR, STM32WBA55UGI6, STM32WBA55UGI6TR, STM32WBA55UGI7, STM32WBA55UGI7TR, STM32WL5MOCH6, STM32WL5MOCH6TR]
2024-09-24 22:49:35,834 [INFO] DbMcus:218 - Found 4203 MCUs, 4203 are supported
2024-09-24 22:49:35,835 [INFO] ApiDb:423 - Load user favorites file C:\Users\66405/.stm32cubeide/favorites.mcus.txt: 0 item(s)
2024-09-24 22:49:35,835 [INFO] ApiDb:427 - User favorites MCUs=[]
2024-09-24 22:49:35,835 [INFO] DbMcus:224 - Set 0 / 0 favorites MCUs
2024-09-24 22:49:36,237 [INFO] BoardInfo:889 - No configuration file found for board NUCLEO-WB05KZ
2024-09-24 22:49:36,237 [INFO] DbBoards:161 - Board is not supported: NUCLEO-WB05KZ
2024-09-24 22:49:36,238 [INFO] BoardInfo:889 - No configuration file found for board NUCLEO-WB07CC
2024-09-24 22:49:36,239 [INFO] DbBoards:161 - Board is not supported: NUCLEO-WB07CC
2024-09-24 22:49:36,239 [INFO] BoardInfo:889 - No configuration file found for board NUCLEO-WB09KE
2024-09-24 22:49:36,240 [INFO] DbBoards:161 - Board is not supported: NUCLEO-WB09KE
2024-09-24 22:49:36,249 [INFO] BoardInfo:889 - No configuration file found for board P-NUCLEO-WB55
2024-09-24 22:49:36,249 [INFO] DbBoards:161 - Kit is not supported: P-NUCLEO-WB55
2024-09-24 22:49:36,253 [INFO] BoardInfo:889 - No configuration file found for board STEVAL-BFA001V1B
2024-09-24 22:49:36,253 [INFO] DbBoards:161 - Kit is not supported: STEVAL-BFA001V1B
2024-09-24 22:49:36,254 [INFO] BoardInfo:889 - No configuration file found for board STEVAL-BFA001V2B
2024-09-24 22:49:36,254 [INFO] DbBoards:161 - Kit is not supported: STEVAL-BFA001V2B
2024-09-24 22:49:36,365 [INFO] BoardInfo:889 - No configuration file found for board STM32MP257F-DK
2024-09-24 22:49:36,365 [INFO] DbBoards:161 - Board is not supported: STM32MP257F-DK
2024-09-24 22:49:36,366 [INFO] BoardInfo:889 - No configuration file found for board STM32MP257F-EV1
2024-09-24 22:49:36,366 [INFO] DbBoards:161 - Board is not supported: STM32MP257F-EV1
2024-09-24 22:49:36,374 [INFO] DbBoards:168 - Found 200 boards, 192 are supported
2024-09-24 22:49:36,374 [INFO] DbBoards:169 - Found 200 boards, 8 of them is supported for  Bsp
2024-09-24 22:49:36,381 [INFO] ApiDb:423 - Load user favorites file C:\Users\66405/.stm32cubeide/favorites.boards.txt: 1 item(s)
2024-09-24 22:49:36,382 [INFO] ApiDb:427 - User favorites Boards=[NUCLEO-L476RG]
2024-09-24 22:49:36,382 [INFO] DbBoards:198 - Set 1 / 1 favorites Boards
2024-09-24 22:49:36,452 [INFO] UtilMem:75 - End LoadConfig() Used Memory: 343176744 Bytes (443547648)
2024-09-24 22:49:36,604 [WARN] ThirdParty:833 - waiting for thirdparty lock release [change project]
2024-09-24 22:49:36,604 [INFO] ThirdParty:835 - entering critical section [change project]
2024-09-24 22:49:36,605 [INFO] ThirdParty:1030 - CMSIS Pack Vendor :STMicroelectronics USBPD 4.1
2024-09-24 22:49:36,605 [INFO] ThirdParty:1030 - CMSIS Pack Vendor :STMicroelectronics X-CUBE-GNSS1 6.0.0
2024-09-24 22:49:36,605 [INFO] ThirdParty:1030 - CMSIS Pack Vendor :STMicroelectronics USB_HOST 2.0.0
2024-09-24 22:49:36,605 [INFO] ThirdParty:1030 - CMSIS Pack Vendor :STMicroelectronics FP-SNS-MOTENVWB1 1.4.0
2024-09-24 22:49:36,605 [INFO] ThirdParty:1030 - CMSIS Pack Vendor :STMicroelectronics X-CUBE-AZRTOS-F4 1.1.0
2024-09-24 22:49:36,605 [INFO] ThirdParty:1030 - CMSIS Pack Vendor :STMicroelectronics LIBJPEG 8.0.0
2024-09-24 22:49:36,605 [INFO] ThirdParty:1030 - CMSIS Pack Vendor :wolfSSL I-CUBE-wolfSSL 5.6.3
2024-09-24 22:49:36,605 [INFO] ThirdParty:1030 - CMSIS Pack Vendor :STMicroelectronics X-CUBE-SMBUS 2.1.0
2024-09-24 22:49:36,605 [INFO] ThirdParty:1030 - CMSIS Pack Vendor :STMicroelectronics X-CUBE-ISPU 2.1.0
2024-09-24 22:49:36,605 [INFO] ThirdParty:1030 - CMSIS Pack Vendor :STMicroelectronics X-CUBE-FREERTOS 1.2.0
2024-09-24 22:49:36,605 [INFO] ThirdParty:1030 - CMSIS Pack Vendor :STMicroelectronics X-CUBE-TOUCHGFX 4.23.1
2024-09-24 22:49:36,605 [INFO] ThirdParty:1030 - CMSIS Pack Vendor :STMicroelectronics X-CUBE-TOUCHGFX 4.23.0
2024-09-24 22:49:36,605 [INFO] ThirdParty:1030 - CMSIS Pack Vendor :STMicroelectronics X-CUBE-AZRTOS-F7 1.1.0
2024-09-24 22:49:36,605 [INFO] ThirdParty:1030 - CMSIS Pack Vendor :STMicroelectronics X-CUBE-AZRTOS-L5 2.0.0
2024-09-24 22:49:36,605 [INFO] ThirdParty:1030 - CMSIS Pack Vendor :STMicroelectronics USB_DEVICE 2.0.0
2024-09-24 22:49:36,605 [INFO] ThirdParty:1030 - CMSIS Pack Vendor :STMicroelectronics X-CUBE-MEMS1 9.6.0
2024-09-24 22:49:36,606 [INFO] ThirdParty:1030 - CMSIS Pack Vendor :STMicroelectronics X-CUBE-EEPRMA1 4.2.0
2024-09-24 22:49:36,606 [INFO] ThirdParty:1030 - CMSIS Pack Vendor :STMicroelectronics X-CUBE-NFC6 3.1.0
2024-09-24 22:49:36,606 [INFO] ThirdParty:1030 - CMSIS Pack Vendor :ITTIA_DB I-CUBE-ITTIADB 8.8.0
2024-09-24 22:49:36,606 [INFO] ThirdParty:1030 - CMSIS Pack Vendor :STMicroelectronics FP-SNS-MOTENV1 4.3.2
2024-09-24 22:49:36,606 [INFO] ThirdParty:1030 - CMSIS Pack Vendor :STMicroelectronics X-CUBE-MEMS1 11.0.0
2024-09-24 22:49:36,606 [INFO] ThirdParty:1030 - CMSIS Pack Vendor :STMicroelectronics X-CUBE-BLE1 6.2.4
2024-09-24 22:49:36,606 [INFO] ThirdParty:1030 - CMSIS Pack Vendor :STMicroelectronics FreeRTOS 0.0.1
2024-09-24 22:49:36,606 [INFO] ThirdParty:1030 - CMSIS Pack Vendor :STMicroelectronics X-CUBE-BLEMGR 2.0.0
2024-09-24 22:49:36,606 [INFO] ThirdParty:1030 - CMSIS Pack Vendor :STMicroelectronics X-CUBE-DPower 1.2.0
2024-09-24 22:49:36,606 [INFO] ThirdParty:1030 - CMSIS Pack Vendor :STMicroelectronics FP-SNS-FLIGHT1 5.0.2
2024-09-24 22:49:36,606 [INFO] ThirdParty:1030 - CMSIS Pack Vendor :STMicroelectronics X-CUBE-AI 9.0.0
2024-09-24 22:49:36,606 [INFO] ThirdParty:1030 - CMSIS Pack Vendor :STMicroelectronics X-CUBE-AZRTOS-H7 3.1.0
2024-09-24 22:49:36,606 [INFO] ThirdParty:1030 - CMSIS Pack Vendor :STMicroelectronics PDM2PCM 3.3.0
2024-09-24 22:49:36,606 [INFO] ThirdParty:1030 - CMSIS Pack Vendor :STMicroelectronics X-CUBE-DISPLAY 3.0.0
2024-09-24 22:49:36,606 [INFO] ThirdParty:1030 - CMSIS Pack Vendor :STMicroelectronics X-CUBE-BLE1 7.0.0
2024-09-24 22:49:36,606 [INFO] ThirdParty:1030 - CMSIS Pack Vendor :STMicroelectronics HAL Drivers 0.0.0
2024-09-24 22:49:36,606 [INFO] ThirdParty:1030 - CMSIS Pack Vendor :emotas I-CUBE-CANOPEN 1.3.0
2024-09-24 22:49:36,606 [INFO] ThirdParty:1030 - CMSIS Pack Vendor :STMicroelectronics X-CUBE-TOUCHGFX 4.22.0
2024-09-24 22:49:36,606 [INFO] ThirdParty:1030 - CMSIS Pack Vendor :STMicroelectronics X-CUBE-NFC7 1.0.1
2024-09-24 22:49:36,606 [INFO] ThirdParty:1030 - CMSIS Pack Vendor :STMicroelectronics MBEDTLS 2.14.1
2024-09-24 22:49:36,606 [INFO] ThirdParty:1030 - CMSIS Pack Vendor :STMicroelectronics X-CUBE-TOUCHGFX 4.22.1
2024-09-24 22:49:36,606 [INFO] ThirdParty:1030 - CMSIS Pack Vendor :STMicroelectronics X-CUBE-NFC6 3.0.0
2024-09-24 22:49:36,606 [INFO] ThirdParty:1030 - CMSIS Pack Vendor :STMicroelectronics X-CUBE-EEPRMA1 4.1.0
2024-09-24 22:49:36,607 [INFO] ThirdParty:1030 - CMSIS Pack Vendor :STMicroelectronics X-CUBE-BLEMGR 3.1.0
2024-09-24 22:49:36,607 [INFO] ThirdParty:1030 - CMSIS Pack Vendor :STMicroelectronics FP-SNS-SMARTAG2 1.2.0
2024-09-24 22:49:36,607 [INFO] ThirdParty:1030 - CMSIS Pack Vendor :STMicroelectronics X-CUBE-AZRTOS-WL 2.0.0
2024-09-24 22:49:36,607 [INFO] ThirdParty:1030 - CMSIS Pack Vendor :STMicroelectronics FP-SNS-MOTENV1 5.0.0
2024-09-24 22:49:36,607 [INFO] ThirdParty:1030 - CMSIS Pack Vendor :STMicroelectronics USB_DEVICE 1.0.0
2024-09-24 22:49:36,607 [INFO] ThirdParty:1030 - CMSIS Pack Vendor :STMicroelectronics X-CUBE-AI 8.1.0
2024-09-24 22:49:36,607 [INFO] ThirdParty:1030 - CMSIS Pack Vendor :wolfSSL I-CUBE-wolfMQTT 1.19.0
2024-09-24 22:49:36,607 [INFO] ThirdParty:1030 - CMSIS Pack Vendor :STMicroelectronics X-CUBE-AZRTOS-L4 2.0.0
2024-09-24 22:49:36,607 [INFO] ThirdParty:1030 - CMSIS Pack Vendor :STMicroelectronics ThreadX 0.0.2
2024-09-24 22:49:36,607 [INFO] ThirdParty:1030 - CMSIS Pack Vendor :WES I-CUBE-Cesium 1.3.0
2024-09-24 22:49:36,607 [INFO] ThirdParty:1030 - CMSIS Pack Vendor :STMicroelectronics lwIP 2.1.2
2024-09-24 22:49:36,607 [INFO] ThirdParty:1030 - CMSIS Pack Vendor :STMicroelectronics X-CUBE-SFXS2LP1 4.0.0
2024-09-24 22:49:36,607 [INFO] ThirdParty:1030 - CMSIS Pack Vendor :STMicroelectronics X-CUBE-BLE2 3.3.0
2024-09-24 22:49:36,607 [INFO] ThirdParty:1030 - CMSIS Pack Vendor :STMicroelectronics PDM2PCM 3.2.0
2024-09-24 22:49:36,607 [INFO] ThirdParty:1030 - CMSIS Pack Vendor :STMicroelectronics X-CUBE-ISPU 1.1.0
2024-09-24 22:49:36,607 [INFO] ThirdParty:1030 - CMSIS Pack Vendor :STMicroelectronics X-CUBE-AZRTOS-H7 3.3.0
2024-09-24 22:49:36,607 [INFO] ThirdParty:1030 - CMSIS Pack Vendor :STMicroelectronics USB_DEVICE 3.0.0
2024-09-24 22:49:36,607 [INFO] ThirdParty:1030 - CMSIS Pack Vendor :STMicroelectronics X-CUBE-TCPP 4.1.0
2024-09-24 22:49:36,607 [INFO] ThirdParty:1030 - CMSIS Pack Vendor :STMicroelectronics X-CUBE-AZRTOS-WB 2.0.0
2024-09-24 22:49:36,607 [INFO] ThirdParty:1030 - CMSIS Pack Vendor :STMicroelectronics X-CUBE-FREERTOS 1.0.1
2024-09-24 22:49:36,607 [INFO] ThirdParty:1030 - CMSIS Pack Vendor :STMicroelectronics X-CUBE-GNSS1 7.0.0
2024-09-24 22:49:36,607 [INFO] ThirdParty:1030 - CMSIS Pack Vendor :STMicroelectronics FP-SNS-STBOX1 2.0.0
2024-09-24 22:49:36,607 [INFO] ThirdParty:1030 - CMSIS Pack Vendor :STMicroelectronics X-CUBE-ALGOBUILD 1.3.0
2024-09-24 22:49:36,607 [INFO] ThirdParty:1030 - CMSIS Pack Vendor :STMicroelectronics X-CUBE-AZRTOS-L5 1.1.0
2024-09-24 22:49:36,607 [INFO] ThirdParty:1030 - CMSIS Pack Vendor :STMicroelectronics X-CUBE-AZRTOS-G0 1.1.0
2024-09-24 22:49:36,607 [INFO] ThirdParty:1030 - CMSIS Pack Vendor :STMicroelectronics X-CUBE-AI 8.0.1
2024-09-24 22:49:36,607 [INFO] ThirdParty:1030 - CMSIS Pack Vendor :STMicroelectronics X-CUBE-SAFEA1 1.2.2
2024-09-24 22:49:36,607 [INFO] ThirdParty:1030 - CMSIS Pack Vendor :STMicroelectronics X-CUBE-NFC4 3.0.0
2024-09-24 22:49:36,607 [INFO] ThirdParty:1030 - CMSIS Pack Vendor :STMicroelectronics X-CUBE-SUBG2 5.0.0
2024-09-24 22:49:36,607 [INFO] ThirdParty:1030 - CMSIS Pack Vendor :STMicroelectronics STM32_WPAN 1.0.0
2024-09-24 22:49:36,608 [INFO] ThirdParty:1030 - CMSIS Pack Vendor :EmbeddedOffice I-CUBE-FS-RTOS 1.0.1
2024-09-24 22:49:36,608 [INFO] ThirdParty:1030 - CMSIS Pack Vendor :STMicroelectronics lwIP 2.0.3
2024-09-24 22:49:36,608 [INFO] ThirdParty:1030 - CMSIS Pack Vendor :Cesanta I-CUBE-Mongoose 7.13.0
2024-09-24 22:49:36,608 [INFO] ThirdParty:1030 - CMSIS Pack Vendor :STMicroelectronics USB_HOST 1.0.0
2024-09-24 22:49:36,608 [INFO] ThirdParty:1030 - CMSIS Pack Vendor :STMicroelectronics X-CUBE-TOF1 3.3.1
2024-09-24 22:49:36,608 [INFO] ThirdParty:1030 - CMSIS Pack Vendor :STMicroelectronics X-CUBE-AZRTOS-G4 2.0.0
2024-09-24 22:49:36,608 [INFO] ThirdParty:1030 - CMSIS Pack Vendor :STMicroelectronics PDM2PCM 3.1.0
2024-09-24 22:49:36,608 [INFO] ThirdParty:1030 - CMSIS Pack Vendor :Infineon AIROC-Wi-Fi-Bluetooth-STM32 1.5.1
2024-09-24 22:49:36,608 [INFO] ThirdParty:1030 - CMSIS Pack Vendor :STMicroelectronics X-CUBE-BLEMGR 3.0.0
2024-09-24 22:49:36,608 [INFO] ThirdParty:1030 - CMSIS Pack Vendor :STMicroelectronics FP-SNS-MOTENVWB1 1.3.0
2024-09-24 22:49:36,608 [INFO] ThirdParty:1030 - CMSIS Pack Vendor :RealThread X-CUBE-RT-Thread_Nano 4.1.1
2024-09-24 22:49:36,608 [INFO] ThirdParty:1030 - CMSIS Pack Vendor :STMicroelectronics FP-SNS-MOTENVWB1 1.3.1
2024-09-24 22:49:36,608 [INFO] ThirdParty:1030 - CMSIS Pack Vendor :STMicroelectronics FP-ATR-SIGFOX1 3.2.0
2024-09-24 22:49:36,608 [INFO] ThirdParty:1030 - CMSIS Pack Vendor :STMicroelectronics X-CUBE-ISPU 2.0.0
2024-09-24 22:49:36,608 [INFO] ThirdParty:1030 - CMSIS Pack Vendor :STMicroelectronics X-CUBE-EEPRMA1 5.1.0
2024-09-24 22:49:36,608 [INFO] ThirdParty:1030 - CMSIS Pack Vendor :STMicroelectronics MBEDTLS 2.16.2
2024-09-24 22:49:36,608 [INFO] ThirdParty:1030 - CMSIS Pack Vendor :STMicroelectronics X-CUBE-ALS 1.0.2
2024-09-24 22:49:36,608 [INFO] ThirdParty:1030 - CMSIS Pack Vendor :STMicroelectronics X-CUBE-MEMS1 10.0.0
2024-09-24 22:49:36,608 [INFO] ThirdParty:1030 - CMSIS Pack Vendor :STMicroelectronics X-CUBE-FREERTOS 1.1.0
2024-09-24 22:49:36,608 [INFO] ThirdParty:1030 - CMSIS Pack Vendor :STMicroelectronics X-CUBE-TOUCHGFX 4.24.0
2024-09-24 22:49:36,608 [INFO] ThirdParty:1030 - CMSIS Pack Vendor :STMicroelectronics X-CUBE-TOUCHGFX 4.24.1
2024-09-24 22:49:36,608 [INFO] ThirdParty:1030 - CMSIS Pack Vendor :wolfSSL I-CUBE-wolfTPM 3.4.0
2024-09-24 22:49:36,608 [INFO] ThirdParty:1030 - CMSIS Pack Vendor :portGmbH I-Cube-SoM-uGOAL 1.1.0
2024-09-24 22:49:36,608 [INFO] ThirdParty:1030 - CMSIS Pack Vendor :STMicroelectronics X-CUBE-ALS 1.0.1
2024-09-24 22:49:36,608 [INFO] ThirdParty:1030 - CMSIS Pack Vendor :STMicroelectronics ThreadX 1.0.0
2024-09-24 22:49:36,608 [INFO] ThirdParty:1030 - CMSIS Pack Vendor :STMicroelectronics X-CUBE-AZRTOS-WB 1.1.0
2024-09-24 22:49:36,608 [INFO] ThirdParty:1030 - CMSIS Pack Vendor :SEGGER I-CUBE-embOS 1.3.1
2024-09-24 22:49:36,608 [INFO] ThirdParty:1030 - CMSIS Pack Vendor :STMicroelectronics X-CUBE-ALGOBUILD 1.4.0
2024-09-24 22:49:36,608 [INFO] ThirdParty:1030 - CMSIS Pack Vendor :STMicroelectronics X-CUBE-AZRTOS-H7RS 1.0.0
2024-09-24 22:49:36,608 [INFO] ThirdParty:1030 - CMSIS Pack Vendor :STMicroelectronics FP-ATR-ASTRA1 2.0.0
2024-09-24 22:49:36,609 [INFO] ThirdParty:1030 - CMSIS Pack Vendor :STMicroelectronics X-CUBE-TOF1 3.4.2
2024-09-24 22:49:36,609 [INFO] ThirdParty:1030 - CMSIS Pack Vendor :STMicroelectronics X-CUBE-TOF1 3.4.1
2024-09-24 22:49:36,609 [INFO] ThirdParty:1030 - CMSIS Pack Vendor :STMicroelectronics X-CUBE-AZRTOS-H7 3.2.0
2024-09-24 22:49:36,609 [INFO] ThirdParty:1030 - CMSIS Pack Vendor :wolfSSL I-CUBE-wolfSSH 1.4.17
2024-09-24 22:49:36,609 [INFO] ThirdParty:841 - exiting critical section [change project]
2024-09-24 22:49:37,263 [INFO] PinOutPanel:1561 - setPackage(No Configuration,No Configuration)
2024-09-24 22:49:37,264 [INFO] PinOutPanel:1561 - setPackage(STM32L476RGTx,LQFP64)
2024-09-24 22:49:38,010 [INFO] UtilMem:75 - Before build in PCC Used Memory: 285753328 Bytes (443547648)
2024-09-24 22:49:38,960 [INFO] UtilMem:75 - After build in PCC Used Memory: 265815136 Bytes (443547648)
2024-09-24 22:49:38,994 [INFO] IPUIPlugin:80 - create IPUIPlugin
2024-09-24 22:49:38,995 [INFO] IPUIPlugin:80 - create IPUIPlugin
2024-09-24 22:49:38,995 [INFO] IPUIPlugin:80 - create IPUIPlugin
2024-09-24 22:49:38,995 [INFO] IPUIPlugin:80 - create IPUIPlugin
2024-09-24 22:49:38,996 [INFO] IPUIPlugin:80 - create IPUIPlugin
2024-09-24 22:49:38,996 [INFO] IPUIPlugin:80 - create IPUIPlugin
2024-09-24 22:49:38,996 [INFO] IPUIPlugin:80 - create IPUIPlugin
2024-09-24 22:49:38,996 [INFO] IPUIPlugin:80 - create IPUIPlugin
2024-09-24 22:49:38,997 [INFO] IPUIPlugin:80 - create IPUIPlugin
2024-09-24 22:49:38,997 [INFO] IPUIPlugin:80 - create IPUIPlugin
2024-09-24 22:49:38,997 [INFO] IPUIPlugin:80 - create IPUIPlugin
2024-09-24 22:49:38,997 [INFO] IPUIPlugin:80 - create IPUIPlugin
2024-09-24 22:49:38,997 [INFO] IPUIPlugin:80 - create IPUIPlugin
2024-09-24 22:49:38,997 [INFO] IPUIPlugin:80 - create IPUIPlugin
2024-09-24 22:49:38,997 [INFO] IPUIPlugin:80 - create IPUIPlugin
2024-09-24 22:49:38,997 [INFO] IPUIPlugin:80 - create IPUIPlugin
2024-09-24 22:49:38,997 [INFO] IPUIPlugin:80 - create IPUIPlugin
2024-09-24 22:49:38,998 [INFO] IPUIPlugin:80 - create IPUIPlugin
2024-09-24 22:49:38,998 [INFO] IPUIPlugin:80 - create IPUIPlugin
2024-09-24 22:49:38,998 [INFO] IPUIPlugin:80 - create IPUIPlugin
2024-09-24 22:49:38,998 [INFO] IPUIPlugin:80 - create IPUIPlugin
2024-09-24 22:49:38,999 [INFO] IPUIPlugin:80 - create IPUIPlugin
2024-09-24 22:49:38,999 [INFO] IPUIPlugin:80 - create IPUIPlugin
2024-09-24 22:49:38,999 [INFO] IPUIPlugin:80 - create IPUIPlugin
2024-09-24 22:49:38,999 [INFO] IPUIPlugin:80 - create IPUIPlugin
2024-09-24 22:49:38,999 [INFO] IPUIPlugin:80 - create IPUIPlugin
2024-09-24 22:49:38,999 [INFO] IPUIPlugin:80 - create IPUIPlugin
2024-09-24 22:49:38,999 [INFO] IPUIPlugin:80 - create IPUIPlugin
2024-09-24 22:49:39,000 [INFO] IPUIPlugin:80 - create IPUIPlugin
2024-09-24 22:49:39,000 [INFO] IPUIPlugin:80 - create IPUIPlugin
2024-09-24 22:49:39,000 [INFO] IPUIPlugin:80 - create IPUIPlugin
2024-09-24 22:49:39,000 [INFO] IPUIPlugin:80 - create IPUIPlugin
2024-09-24 22:49:39,000 [INFO] IPUIPlugin:80 - create IPUIPlugin
2024-09-24 22:49:39,000 [INFO] IPUIPlugin:80 - create IPUIPlugin
2024-09-24 22:49:39,000 [INFO] IPUIPlugin:80 - create IPUIPlugin
2024-09-24 22:49:39,001 [INFO] IPUIPlugin:80 - create IPUIPlugin
2024-09-24 22:49:39,001 [INFO] IPUIPlugin:80 - create IPUIPlugin
2024-09-24 22:49:39,001 [INFO] IPUIPlugin:80 - create IPUIPlugin
2024-09-24 22:49:39,001 [INFO] IPUIPlugin:80 - create IPUIPlugin
2024-09-24 22:49:39,001 [INFO] IPUIPlugin:80 - create IPUIPlugin
2024-09-24 22:49:39,001 [INFO] IPUIPlugin:80 - create IPUIPlugin
2024-09-24 22:49:39,002 [INFO] IPUIPlugin:80 - create IPUIPlugin
2024-09-24 22:49:39,002 [INFO] IPUIPlugin:80 - create IPUIPlugin
2024-09-24 22:49:39,002 [INFO] IPUIPlugin:80 - create IPUIPlugin
2024-09-24 22:49:39,002 [INFO] IPUIPlugin:80 - create IPUIPlugin
2024-09-24 22:49:39,002 [INFO] IPUIPlugin:80 - create IPUIPlugin
2024-09-24 22:49:39,002 [INFO] IPUIPlugin:80 - create IPUIPlugin
2024-09-24 22:49:39,003 [INFO] IPUIPlugin:80 - create IPUIPlugin
2024-09-24 22:49:39,003 [INFO] IPUIPlugin:80 - create IPUIPlugin
2024-09-24 22:49:39,003 [INFO] IPUIPlugin:80 - create IPUIPlugin
2024-09-24 22:49:39,003 [INFO] IPUIPlugin:80 - create IPUIPlugin
2024-09-24 22:49:39,003 [INFO] IPUIPlugin:80 - create IPUIPlugin
2024-09-24 22:49:39,004 [INFO] IPUIPlugin:80 - create IPUIPlugin
2024-09-24 22:49:39,004 [INFO] IPUIPlugin:80 - create IPUIPlugin
2024-09-24 22:49:39,004 [INFO] IPUIPlugin:80 - create IPUIPlugin
2024-09-24 22:49:39,004 [INFO] IPUIPlugin:80 - create IPUIPlugin
2024-09-24 22:49:39,005 [INFO] IPUIPlugin:80 - create IPUIPlugin
2024-09-24 22:49:39,006 [INFO] IPUIPlugin:80 - create IPUIPlugin
2024-09-24 22:49:39,006 [INFO] IPUIPlugin:80 - create IPUIPlugin
2024-09-24 22:49:39,337 [INFO] CADModel:165 - CPN selected for project levelSTM32L476RGT3
2024-09-24 22:49:39,338 [INFO] CADModel:114 - Register for checkConnection events
2024-09-24 22:49:39,391 [INFO] OpenFileManager:343 - Restore cursor
