2024-10-16 22:17:06,353 [INFO] Activator:176 - 


2024-10-16 22:17:06,359 [INFO] Activator:177 - !SESSION log4j initialized
2024-10-16 22:17:08,644 [INFO] ApplicationProperties:184 - Using Application install path: D:\STM32CubeIDE_1.13.0\STM32CubeIDE\plugins\com.st.stm32cube.common.mx_6.11.0.202403141607
2024-10-16 22:17:08,664 [INFO] DbMcusXml:78 - Set database path to: D:\STM32CubeIDE_1.13.0\STM32CubeIDE\plugins\com.st.stm32cube.common.mx_6.11.0.202403141607\\db\/mcu/
2024-10-16 22:17:08,664 [INFO] ApiDb:274 - Set plugin database path to: D:\STM32CubeIDE_1.13.0\STM32CubeIDE\plugins\com.st.stm32cube.common.mx_6.11.0.202403141607\\db\/plugins/boardmanager/
2024-10-16 22:17:08,665 [WARN] ApiDb:259 - Overriding images path with different value:  => D:\STM32CubeIDE_1.13.0\STM32CubeIDE\plugins\com.st.stm32cube.common.mx_6.11.0.202403141607\\db\/plugins/mcufinder/images/
2024-10-16 22:17:08,675 [INFO] ApiDb:250 - Set database path to: C:\Users\66405\.stmcufinder\plugins\mcufinder//mcu/
2024-10-16 22:17:08,677 [INFO] DbMcusAds:125 - Set database path to: C:\Users\66405\.stmcufinder\plugins\mcufinder//mcu/
2024-10-16 22:17:08,735 [INFO] CrossReferenceDbSqlite:203 - Set database path to: C:\Users\66405\.stmcufinder\plugins\mcufinder//mcu/cs/
2024-10-16 22:17:08,846 [INFO] RulesReader:64 - Compatibility file has been processed (297 Rules)
2024-10-16 22:17:08,963 [INFO] DbMcusXml:78 - Set database path to: D:\STM32CubeIDE_1.13.0\STM32CubeIDE\plugins\com.st.stm32cube.common.mx_6.11.0.202403141607\\db\/mcu/
2024-10-16 22:17:08,963 [INFO] ApiDb:274 - Set plugin database path to: D:\STM32CubeIDE_1.13.0\STM32CubeIDE\plugins\com.st.stm32cube.common.mx_6.11.0.202403141607\\db\/plugins/boardmanager/
2024-10-16 22:17:08,963 [INFO] ApiDb:261 - Set plugin images path to: D:\STM32CubeIDE_1.13.0\STM32CubeIDE\plugins\com.st.stm32cube.common.mx_6.11.0.202403141607\\db\/plugins/mcufinder/images/
2024-10-16 22:17:08,963 [WARN] DbFile:41 - Overriding database path with different value: C:\Users\66405\.stmcufinder\plugins\mcufinder/ => C:\Users\66405\.stmcufinder\plugins\mcufinder
2024-10-16 22:17:08,963 [INFO] ApiDb:250 - Set database path to: C:\Users\66405\.stmcufinder\plugins\mcufinder//mcu/
2024-10-16 22:17:08,963 [WARN] DbFile:41 - Overriding database path with different value: C:\Users\66405\.stmcufinder\plugins\mcufinder/ => C:\Users\66405\.stmcufinder\plugins\mcufinder
2024-10-16 22:17:08,963 [INFO] DbMcusAds:125 - Set database path to: C:\Users\66405\.stmcufinder\plugins\mcufinder//mcu/
2024-10-16 22:17:08,963 [WARN] DbFile:41 - Overriding database path with different value: C:\Users\66405\.stmcufinder\plugins\mcufinder/ => C:\Users\66405\.stmcufinder\plugins\mcufinder
2024-10-16 22:17:08,963 [WARN] DbFile:41 - Overriding database path with different value: C:\Users\66405\.stmcufinder\plugins\mcufinder/ => C:\Users\66405\.stmcufinder\plugins\mcufinder
2024-10-16 22:17:08,964 [INFO] CrossReferenceDbSqlite:203 - Set database path to: C:\Users\66405\.stmcufinder\plugins\mcufinder//mcu/cs/
2024-10-16 22:17:09,054 [INFO] MainPanel:264 - HeapMemory: 268435456
2024-10-16 22:17:09,157 [INFO] DbMcusXml:78 - Set database path to: D:\STM32CubeIDE_1.13.0\STM32CubeIDE\plugins\com.st.stm32cube.common.mx_6.11.0.202403141607\\db\/mcu/
2024-10-16 22:17:09,157 [INFO] ApiDb:274 - Set plugin database path to: D:\STM32CubeIDE_1.13.0\STM32CubeIDE\plugins\com.st.stm32cube.common.mx_6.11.0.202403141607\\db\/plugins/boardmanager/
2024-10-16 22:17:09,158 [INFO] ApiDb:261 - Set plugin images path to: D:\STM32CubeIDE_1.13.0\STM32CubeIDE\plugins\com.st.stm32cube.common.mx_6.11.0.202403141607\\db\/plugins/mcufinder/images/
2024-10-16 22:17:09,158 [WARN] DbFile:41 - Overriding database path with different value: C:\Users\66405\.stmcufinder\plugins\mcufinder/ => C:\Users\66405\.stmcufinder\plugins\mcufinder
2024-10-16 22:17:09,158 [INFO] ApiDb:250 - Set database path to: C:\Users\66405\.stmcufinder\plugins\mcufinder//mcu/
2024-10-16 22:17:09,158 [WARN] DbFile:41 - Overriding database path with different value: C:\Users\66405\.stmcufinder\plugins\mcufinder/ => C:\Users\66405\.stmcufinder\plugins\mcufinder
2024-10-16 22:17:09,158 [INFO] DbMcusAds:125 - Set database path to: C:\Users\66405\.stmcufinder\plugins\mcufinder//mcu/
2024-10-16 22:17:09,159 [WARN] DbFile:41 - Overriding database path with different value: C:\Users\66405\.stmcufinder\plugins\mcufinder/ => C:\Users\66405\.stmcufinder\plugins\mcufinder
2024-10-16 22:17:09,159 [WARN] DbFile:41 - Overriding database path with different value: C:\Users\66405\.stmcufinder\plugins\mcufinder/ => C:\Users\66405\.stmcufinder\plugins\mcufinder
2024-10-16 22:17:09,159 [INFO] CrossReferenceDbSqlite:203 - Set database path to: C:\Users\66405\.stmcufinder\plugins\mcufinder//mcu/cs/
2024-10-16 22:17:09,177 [INFO] ApplicationProperties:184 - Using Application install path: D:\STM32CubeIDE_1.13.0\STM32CubeIDE\plugins\com.st.stm32cube.common.mx_6.11.0.202403141607
2024-10-16 22:17:09,179 [INFO] PluginManage:196 - Search for loadable plugins [exclusion list=, ]
2024-10-16 22:17:09,181 [INFO] PluginManage:310 - Check plugin analytics
2024-10-16 22:17:09,470 [INFO] AnalyticsPlugin:253 - Accepted Software Licenses: 
2024-10-16 22:17:09,470 [INFO] AnalyticsPlugin:255 - Accepted CMSIS Pack Licenses: 
2024-10-16 22:17:09,470 [INFO] AnalyticsPlugin:257 - Accepted Firmware Licenses: FW.L4.1.18.0
2024-10-16 22:17:09,473 [INFO] PluginManage:359 - Loaded plugin analytics (category:tool,tabindex:-1)
2024-10-16 22:17:09,473 [INFO] PluginManage:310 - Check plugin cadmodel
2024-10-16 22:17:09,510 [INFO] CADModel:105 - Init CAD model plugin
2024-10-16 22:17:09,511 [INFO] PluginManage:359 - Loaded plugin cadmodel (category:power,tabindex:5)
2024-10-16 22:17:09,511 [INFO] PluginManage:310 - Check plugin clock
2024-10-16 22:17:09,525 [INFO] PluginManage:359 - Loaded plugin clock (category:base,tabindex:2)
2024-10-16 22:17:09,525 [INFO] PluginManage:310 - Check plugin ddr
2024-10-16 22:17:09,528 [INFO] PluginManage:359 - Loaded plugin ddr (category:tool,tabindex:6)
2024-10-16 22:17:09,528 [INFO] PluginManage:310 - Check plugin filemanager
2024-10-16 22:17:09,701 [INFO] PluginManage:359 - Loaded plugin filemanager (category:base,tabindex:10)
2024-10-16 22:17:09,701 [INFO] PluginManage:310 - Check plugin ipmanager
2024-10-16 22:17:09,711 [INFO] PluginManage:359 - Loaded plugin ipmanager (category:base,tabindex:5)
2024-10-16 22:17:09,712 [INFO] PluginManage:310 - Check plugin lpbam
2024-10-16 22:17:09,724 [INFO] PluginManage:359 - Loaded plugin lpbam (category:base,tabindex:0)
2024-10-16 22:17:09,724 [INFO] PluginManage:310 - Check plugin memorymap
2024-10-16 22:17:09,743 [INFO] PluginManage:359 - Loaded plugin memorymap (category:base,tabindex:4)
2024-10-16 22:17:09,743 [INFO] PluginManage:310 - Check plugin pinoutandconfiguration
2024-10-16 22:17:09,754 [INFO] PluginManage:359 - Loaded plugin pinoutandconfiguration (category:base,tabindex:1)
2024-10-16 22:17:09,754 [INFO] PluginManage:310 - Check plugin pinoutconfig
2024-10-16 22:17:09,850 [WARN] SupportedApi:132 - Cannot load RTOS API schema: s4s-elt-must-match.1: The content of 'definitions' must match (annotation?, (simpleType | complexType)?, (unique | key | keyref)*)). A problem was found starting at: attribute.
2024-10-16 22:17:10,000 [INFO] PluginManage:359 - Loaded plugin pinoutconfig (category:base,tabindex:0)
2024-10-16 22:17:10,000 [INFO] PluginManage:310 - Check plugin power
2024-10-16 22:17:10,012 [INFO] PluginManage:359 - Loaded plugin power (category:power,tabindex:4)
2024-10-16 22:17:10,013 [INFO] PluginManage:310 - Check plugin projectmanager
2024-10-16 22:17:10,033 [INFO] PluginManage:359 - Loaded plugin projectmanager (category:projectmanager,tabindex:3)
2024-10-16 22:17:10,033 [INFO] PluginManage:310 - Check plugin thirdparty
2024-10-16 22:17:10,201 [INFO] PluginManage:359 - Loaded plugin thirdparty (category:base,tabindex:-1)
2024-10-16 22:17:10,201 [WARN] IntegrityCheckThread:84 - waiting for thirdparty lock release [integrity check]
2024-10-16 22:17:10,202 [INFO] PluginManage:310 - Check plugin tools
2024-10-16 22:17:10,202 [INFO] IntegrityCheckThread:86 - entering critical section [integrity check]
2024-10-16 22:17:10,202 [INFO] ThirdPartyUpdaterWithRetryManager:70 - Updater plugin not ready yet. [1/15]
2024-10-16 22:17:10,205 [INFO] PluginManage:359 - Loaded plugin tools (category:base,tabindex:7)
2024-10-16 22:17:10,205 [INFO] PluginManage:310 - Check plugin tutovideos
2024-10-16 22:17:10,411 [INFO] PluginManage:359 - Loaded plugin tutovideos (category:base,tabindex:-1)
2024-10-16 22:17:10,411 [INFO] PluginManage:310 - Check plugin updater
2024-10-16 22:17:10,424 [INFO] PluginManage:359 - Loaded plugin updater (category:base,tabindex:12)
2024-10-16 22:17:10,424 [INFO] PluginManage:310 - Check plugin userauth
2024-10-16 22:17:10,430 [INFO] UserAuth:114 - Init User Auth plugin
2024-10-16 22:17:10,430 [INFO] PluginManage:359 - Loaded plugin userauth (category:base,tabindex:14)
2024-10-16 22:17:10,431 [INFO] PluginManage:283 - PluginManage : Loaded plugins [17]
2024-10-16 22:17:10,713 [INFO] PinOutPanel:1561 - setPackage(No Configuration,No Configuration)
2024-10-16 22:17:10,816 [INFO] CADModel:165 - CPN selected for project level
2024-10-16 22:17:10,816 [INFO] CADModel:114 - Register for checkConnection events
2024-10-16 22:17:10,839 [INFO] IPUIPlugin:80 - create IPUIPlugin
2024-10-16 22:17:10,839 [INFO] PluginManager:220 - loadIPPluginJar : add adc
2024-10-16 22:17:10,843 [INFO] IPUIPlugin:80 - create IPUIPlugin
2024-10-16 22:17:10,843 [INFO] PluginManager:220 - loadIPPluginJar : add aes
2024-10-16 22:17:10,848 [INFO] IPUIPlugin:80 - create IPUIPlugin
2024-10-16 22:17:10,848 [INFO] PluginManager:220 - loadIPPluginJar : add can
2024-10-16 22:17:10,852 [INFO] IPUIPlugin:80 - create IPUIPlugin
2024-10-16 22:17:10,853 [INFO] PluginManager:220 - loadIPPluginJar : add comp
2024-10-16 22:17:10,858 [INFO] IPUIPlugin:80 - create IPUIPlugin
2024-10-16 22:17:10,858 [INFO] PluginManager:220 - loadIPPluginJar : add cryp
2024-10-16 22:17:10,863 [INFO] IPUIPlugin:80 - create IPUIPlugin
2024-10-16 22:17:10,863 [INFO] PluginManager:220 - loadIPPluginJar : add dfsdm
2024-10-16 22:17:10,872 [INFO] IPUIPlugin:80 - create IPUIPlugin
2024-10-16 22:17:10,872 [INFO] PluginManager:220 - loadIPPluginJar : add dma
2024-10-16 22:17:10,876 [INFO] IPUIPlugin:80 - create IPUIPlugin
2024-10-16 22:17:10,876 [INFO] PluginManager:220 - loadIPPluginJar : add dma3
2024-10-16 22:17:10,879 [INFO] IPUIPlugin:80 - create IPUIPlugin
2024-10-16 22:17:10,880 [INFO] PluginManager:220 - loadIPPluginJar : add extmemmanager
2024-10-16 22:17:10,882 [INFO] IPUIPlugin:80 - create IPUIPlugin
2024-10-16 22:17:10,882 [INFO] PluginManager:220 - loadIPPluginJar : add fatfs
2024-10-16 22:17:10,890 [INFO] IPUIPlugin:80 - create IPUIPlugin
2024-10-16 22:17:10,890 [INFO] PluginManager:220 - loadIPPluginJar : add fmc
2024-10-16 22:17:10,897 [INFO] IPUIPlugin:80 - create IPUIPlugin
2024-10-16 22:17:10,898 [INFO] PluginManager:220 - loadIPPluginJar : add freertos
2024-10-16 22:17:10,900 [INFO] IPUIPlugin:80 - create IPUIPlugin
2024-10-16 22:17:10,900 [INFO] PluginManager:220 - loadIPPluginJar : add genericplugin
2024-10-16 22:17:10,903 [INFO] IPUIPlugin:80 - create IPUIPlugin
2024-10-16 22:17:10,904 [INFO] PluginManager:220 - loadIPPluginJar : add gfxmmu
2024-10-16 22:17:10,908 [INFO] IPUIPlugin:80 - create IPUIPlugin
2024-10-16 22:17:10,908 [INFO] PluginManager:220 - loadIPPluginJar : add gic
2024-10-16 22:17:10,913 [INFO] IPUIPlugin:80 - create IPUIPlugin
2024-10-16 22:17:10,913 [INFO] PluginManager:220 - loadIPPluginJar : add gpio
2024-10-16 22:17:10,918 [INFO] IPUIPlugin:80 - create IPUIPlugin
2024-10-16 22:17:10,918 [INFO] PluginManager:220 - loadIPPluginJar : add gtzc
2024-10-16 22:17:10,921 [INFO] IPUIPlugin:80 - create IPUIPlugin
2024-10-16 22:17:10,921 [INFO] PluginManager:220 - loadIPPluginJar : add hash
2024-10-16 22:17:10,925 [INFO] IPUIPlugin:80 - create IPUIPlugin
2024-10-16 22:17:10,925 [INFO] PluginManager:220 - loadIPPluginJar : add i2c
2024-10-16 22:17:10,928 [INFO] IPUIPlugin:80 - create IPUIPlugin
2024-10-16 22:17:10,928 [INFO] PluginManager:220 - loadIPPluginJar : add i2s
2024-10-16 22:17:10,931 [INFO] IPUIPlugin:80 - create IPUIPlugin
2024-10-16 22:17:10,931 [INFO] PluginManager:220 - loadIPPluginJar : add i3c
2024-10-16 22:17:10,935 [INFO] IPUIPlugin:80 - create IPUIPlugin
2024-10-16 22:17:10,935 [INFO] PluginManager:220 - loadIPPluginJar : add ipddr
2024-10-16 22:17:10,943 [INFO] IPUIPlugin:80 - create IPUIPlugin
2024-10-16 22:17:10,943 [INFO] PluginManager:220 - loadIPPluginJar : add linkedlist
2024-10-16 22:17:10,947 [INFO] IPUIPlugin:80 - create IPUIPlugin
2024-10-16 22:17:10,947 [INFO] PluginManager:220 - loadIPPluginJar : add lorawan
2024-10-16 22:17:10,950 [INFO] IPUIPlugin:80 - create IPUIPlugin
2024-10-16 22:17:10,950 [INFO] PluginManager:220 - loadIPPluginJar : add ltdc
2024-10-16 22:17:10,957 [INFO] IPUIPlugin:80 - create IPUIPlugin
2024-10-16 22:17:10,957 [INFO] PluginManager:220 - loadIPPluginJar : add mdma
2024-10-16 22:17:10,961 [INFO] IPUIPlugin:80 - create IPUIPlugin
2024-10-16 22:17:10,961 [INFO] PluginManager:220 - loadIPPluginJar : add nvic
2024-10-16 22:17:10,966 [INFO] IPUIPlugin:80 - create IPUIPlugin
2024-10-16 22:17:10,966 [INFO] PluginManager:220 - loadIPPluginJar : add opamp
2024-10-16 22:17:10,970 [INFO] IPUIPlugin:80 - create IPUIPlugin
2024-10-16 22:17:10,971 [INFO] PluginManager:220 - loadIPPluginJar : add openamp
2024-10-16 22:17:10,974 [INFO] IPUIPlugin:80 - create IPUIPlugin
2024-10-16 22:17:10,974 [INFO] PluginManager:220 - loadIPPluginJar : add pdm2pcm
2024-10-16 22:17:10,981 [INFO] IPUIPlugin:80 - create IPUIPlugin
2024-10-16 22:17:10,985 [INFO] PluginManager:220 - loadIPPluginJar : add plateformsettings
2024-10-16 22:17:10,988 [INFO] IPUIPlugin:80 - create IPUIPlugin
2024-10-16 22:17:10,988 [INFO] PluginManager:220 - loadIPPluginJar : add quadspi
2024-10-16 22:17:10,993 [INFO] IPUIPlugin:80 - create IPUIPlugin
2024-10-16 22:17:10,993 [INFO] PluginManager:220 - loadIPPluginJar : add resmgrutility
2024-10-16 22:17:10,998 [INFO] IPUIPlugin:80 - create IPUIPlugin
2024-10-16 22:17:10,998 [INFO] PluginManager:220 - loadIPPluginJar : add sai
2024-10-16 22:17:11,001 [INFO] IPUIPlugin:80 - create IPUIPlugin
2024-10-16 22:17:11,002 [INFO] PluginManager:220 - loadIPPluginJar : add spi
2024-10-16 22:17:11,009 [INFO] IPUIPlugin:80 - create IPUIPlugin
2024-10-16 22:17:11,009 [INFO] PluginManager:220 - loadIPPluginJar : add stm32_wpan
2024-10-16 22:17:11,012 [INFO] IPUIPlugin:80 - create IPUIPlugin
2024-10-16 22:17:11,012 [INFO] PluginManager:220 - loadIPPluginJar : add tim
2024-10-16 22:17:11,016 [INFO] IPUIPlugin:80 - create IPUIPlugin
2024-10-16 22:17:11,016 [INFO] PluginManager:220 - loadIPPluginJar : add touchsensing
2024-10-16 22:17:11,020 [INFO] IPUIPlugin:80 - create IPUIPlugin
2024-10-16 22:17:11,020 [INFO] PluginManager:220 - loadIPPluginJar : add tracer_emb
2024-10-16 22:17:11,023 [INFO] IPUIPlugin:80 - create IPUIPlugin
2024-10-16 22:17:11,023 [INFO] PluginManager:220 - loadIPPluginJar : add ts
2024-10-16 22:17:11,025 [INFO] IPUIPlugin:80 - create IPUIPlugin
2024-10-16 22:17:11,026 [INFO] PluginManager:220 - loadIPPluginJar : add tsc
2024-10-16 22:17:11,029 [INFO] IPUIPlugin:80 - create IPUIPlugin
2024-10-16 22:17:11,029 [INFO] PluginManager:220 - loadIPPluginJar : add ucpd
2024-10-16 22:17:11,034 [INFO] IPUIPlugin:80 - create IPUIPlugin
2024-10-16 22:17:11,034 [INFO] PluginManager:220 - loadIPPluginJar : add usart
2024-10-16 22:17:11,038 [INFO] IPUIPlugin:80 - create IPUIPlugin
2024-10-16 22:17:11,038 [INFO] PluginManager:220 - loadIPPluginJar : add usbx
2024-10-16 22:17:11,189 [INFO] CADModel:165 - CPN selected for project level
2024-10-16 22:17:11,190 [INFO] CADModel:114 - Register for checkConnection events
2024-10-16 22:17:11,190 [FATAL] Updater:308 - Updater called before beeing initialized
2024-10-16 22:17:11,190 [ERROR] CADModel:125 - Updater not yet initialized, retry later 
2024-10-16 22:17:11,372 [INFO] CADModel:165 - CPN selected for project level
2024-10-16 22:17:11,372 [INFO] CADModel:114 - Register for checkConnection events
2024-10-16 22:17:11,372 [FATAL] Updater:308 - Updater called before beeing initialized
2024-10-16 22:17:11,372 [ERROR] CADModel:125 - Updater not yet initialized, retry later 
2024-10-16 22:17:11,375 [FATAL] Updater:308 - Updater called before beeing initialized
2024-10-16 22:17:11,505 [FATAL] Updater:308 - Updater called before beeing initialized
2024-10-16 22:17:11,510 [INFO] DbMcusAds:53 - JSON generation date=Thu May 16 10:22:00 IST 2024 (1715851320667)
2024-10-16 22:17:11,510 [FATAL] Updater:308 - Updater called before beeing initialized
2024-10-16 22:17:11,550 [WARN] DetailPanel:346 - Failed to get advertising image, set to default
2024-10-16 22:17:11,647 [FATAL] Updater:308 - Updater called before beeing initialized
2024-10-16 22:17:11,651 [FATAL] Updater:308 - Updater called before beeing initialized
2024-10-16 22:17:11,651 [FATAL] Updater:308 - Updater called before beeing initialized
2024-10-16 22:17:11,651 [WARN] DetailPanel:346 - Failed to get advertising image, set to default
2024-10-16 22:17:11,652 [FATAL] Updater:308 - Updater called before beeing initialized
2024-10-16 22:17:11,713 [ERROR] Updater:1120 - MainUpdater not yet initialized. External WinMGr cannot be set.
2024-10-16 22:17:11,717 [INFO] Updater:1056 - Updater Version found : 6.11.0
2024-10-16 22:17:11,740 [INFO] ApplicationProperties:184 - Using Application install path: D:\STM32CubeIDE_1.13.0\STM32CubeIDE\plugins\com.st.stm32cube.common.mx_6.11.0.202403141607
2024-10-16 22:17:13,209 [INFO] ThirdPartyUpdaterWithRetryManager:70 - Updater plugin not ready yet. [2/15]
2024-10-16 22:17:13,371 [ERROR] LogOutputStream:75 - [STDERR_REDIRECT] Oct 16, 2024 10:17:13 PM java.util.prefs.WindowsPreferences <init>
2024-10-16 22:17:13,373 [ERROR] LogOutputStream:75 - [STDERR_REDIRECT] WARNING: Could not open/create prefs root node Software\JavaSoft\Prefs at root 0xffffffff80000002. Windows RegCreateKeyEx(...) returned error code 5.
2024-10-16 22:17:13,373 [ERROR] LogOutputStream:75 - [STDERR_REDIRECT] 
2024-10-16 22:17:14,569 [INFO] MainUpdater:2873 - connection check result : 10
2024-10-16 22:17:14,569 [INFO] MainUpdater:3567 - Updater definition file requires update
2024-10-16 22:17:14,571 [INFO] MainUpdater:290 - Updater Check For Update Now.
2024-10-16 22:17:14,571 [INFO] MicroXplorer:498 - Change Database Version : DB.6.0.110
2024-10-16 22:17:14,808 [INFO] ServerAccessManage:473 - Download File updaters.zip
2024-10-16 22:17:14,865 [INFO] FileExtend:240 - Unzip File : updaters.zip
2024-10-16 22:17:14,865 [INFO] FileExtend:255 - Standard Zip Deflate
2024-10-16 22:17:15,241 [INFO] ServerAccessManage:473 - Download File PacksControlFlags.xml
2024-10-16 22:17:15,348 [INFO] ServerAccessManage:473 - Download File cubemx.pidx
2024-10-16 22:17:15,922 [INFO] ServerAccessManage:473 - Download File STMicroelectronics.X-CUBE-IPS.pdsc
2024-10-16 22:17:16,220 [WARN] MainUpdater:1194 - Updater busy. Cannot search thirdparties
2024-10-16 22:17:16,221 [INFO] ThirdPartyUpdaterWithRetryManager:96 - Updater plugin is busy. [1/15]
2024-10-16 22:17:16,735 [INFO] ServerAccessManage:473 - Download File STMicroelectronics.X-CUBE-WB05N.pdsc
2024-10-16 22:17:17,133 [WARN] PackLoader:240 - Cannot read IP mode file for STMicroelectronics.X-CUBE-IPS.3.0.0
2024-10-16 22:17:17,157 [WARN] PackLoader:240 - Cannot read IP mode file for STMicroelectronics.X-CUBE-WB05N.1.1.0
2024-10-16 22:17:17,159 [INFO] PopulateThirdPartyThread:66 - Ending populate Thread
2024-10-16 22:17:17,161 [INFO] ThirdParty:1030 - CMSIS Pack Vendor :STMicroelectronics X-CUBE-IPS 3.0.0
2024-10-16 22:17:17,162 [INFO] ThirdParty:1030 - CMSIS Pack Vendor :STMicroelectronics X-CUBE-WB05N 1.1.0
2024-10-16 22:17:17,162 [INFO] LoadServerUpdatesThread:375 - End of LoadServerUpdate Thread
2024-10-16 22:17:17,249 [INFO] CheckServerUpdateThread:120 - End of CheckServer Thread
2024-10-16 22:17:17,263 [INFO] MainUpdater:2873 - connection check result : 10
2024-10-16 22:17:17,265 [INFO] MainUpdater:2873 - connection check result : 10
2024-10-16 22:17:17,356 [INFO] MicroXplorer:468 - Change Database Path : 
2024-10-16 22:17:17,357 [INFO] MicroXplorer:498 - Change Database Version : DB.6.0.110
2024-10-16 22:17:17,370 [WARN] ThirdParty:871 - waiting for thirdparty lock release [close project]
2024-10-16 22:17:19,454 [WARN] PackLoader:240 - Cannot read IP mode file for STMicroelectronics.FP-SNS-MOTENVWB1.1.4.0
2024-10-16 22:17:19,461 [WARN] PackLoader:240 - Cannot read IP mode file for STMicroelectronics.X-CUBE-SMBUS.2.1.0
2024-10-16 22:17:19,468 [WARN] PackLoader:240 - Cannot read IP mode file for STMicroelectronics.X-CUBE-WB05N.1.1.0
2024-10-16 22:17:19,474 [WARN] PackLoader:240 - Cannot read IP mode file for STMicroelectronics.X-CUBE-TOUCHGFX.4.23.1
2024-10-16 22:17:19,477 [WARN] PackLoader:240 - Cannot read IP mode file for STMicroelectronics.X-CUBE-TOUCHGFX.4.23.0
2024-10-16 22:17:19,498 [WARN] PackLoader:240 - Cannot read IP mode file for STMicroelectronics.X-CUBE-AZRTOS-F7.1.1.0
2024-10-16 22:17:19,508 [WARN] PackLoader:240 - Cannot read IP mode file for STMicroelectronics.FP-SNS-MOTENV1.4.3.2
2024-10-16 22:17:19,551 [WARN] PackLoader:240 - Cannot read IP mode file for STMicroelectronics.X-CUBE-MEMS1.11.0.0
2024-10-16 22:17:19,672 [WARN] PackLoader:240 - Cannot read IP mode file for STMicroelectronics.X-CUBE-BLE1.6.2.4
2024-10-16 22:17:19,677 [WARN] PackLoader:240 - Cannot read IP mode file for STMicroelectronics.FP-SNS-FLIGHT1.5.0.2
2024-10-16 22:17:19,685 [WARN] PackLoader:240 - Cannot read IP mode file for STMicroelectronics.X-CUBE-DISPLAY.3.0.0
2024-10-16 22:17:19,693 [WARN] PackLoader:240 - Cannot read IP mode file for STMicroelectronics.X-CUBE-BLE1.7.0.0
2024-10-16 22:17:19,701 [WARN] PackLoader:240 - Cannot read IP mode file for STMicroelectronics.X-CUBE-NFC10.1.0.0
2024-10-16 22:17:19,709 [WARN] PackLoader:240 - Cannot read IP mode file for emotas.I-CUBE-CANOPEN.1.3.0
2024-10-16 22:17:19,713 [WARN] PackLoader:240 - Cannot read IP mode file for STMicroelectronics.X-CUBE-TOUCHGFX.4.22.0
2024-10-16 22:17:19,717 [WARN] PackLoader:240 - Cannot read IP mode file for STMicroelectronics.X-CUBE-TOUCHGFX.4.22.1
2024-10-16 22:17:19,726 [WARN] PackLoader:240 - Cannot read IP mode file for STMicroelectronics.X-CUBE-BLEMGR.3.1.0
2024-10-16 22:17:19,734 [WARN] PackLoader:240 - Cannot read IP mode file for STMicroelectronics.FP-SNS-SMARTAG2.1.2.0
2024-10-16 22:17:19,743 [INFO] LogOutputStream:77 - [STDOUT_REDIRECT] 1 : Invalid condition id : UX_CORESTACK_Condition cause : null
2024-10-16 22:17:19,743 [INFO] LogOutputStream:77 - [STDOUT_REDIRECT] 1 : Invalid condition id : UX_CORESTACK_Condition cause : null
2024-10-16 22:17:19,744 [INFO] LogOutputStream:77 - [STDOUT_REDIRECT] 1 : Invalid condition id : UX_CORESTACK_Condition cause : null
2024-10-16 22:17:19,745 [INFO] LogOutputStream:77 - [STDOUT_REDIRECT] 1 : Invalid condition id : UX_CORESTACK_Condition cause : null
2024-10-16 22:17:19,746 [INFO] LogOutputStream:77 - [STDOUT_REDIRECT] 1 : Invalid condition id : UX_CORESTACK_Condition cause : null
2024-10-16 22:17:19,749 [WARN] PackLoader:240 - Cannot read IP mode file for STMicroelectronics.X-CUBE-AZRTOS-WL.2.0.0
2024-10-16 22:17:19,756 [WARN] PackLoader:240 - Cannot read IP mode file for STMicroelectronics.FP-SNS-MOTENV1.5.0.0
2024-10-16 22:17:19,762 [WARN] PackLoader:240 - Cannot read IP mode file for wolfSSL.I-CUBE-wolfMQTT.1.19.0
2024-10-16 22:17:19,771 [WARN] PackLoader:240 - Cannot read IP mode file for WES.I-CUBE-Cesium.1.3.0
2024-10-16 22:17:19,776 [WARN] PackLoader:240 - Cannot read IP mode file for STMicroelectronics.X-CUBE-BLE2.3.3.0
2024-10-16 22:17:19,782 [WARN] PackLoader:240 - Cannot read IP mode file for STMicroelectronics.X-CUBE-NFC9.1.0.0
2024-10-16 22:17:19,791 [WARN] PackLoader:240 - Cannot read IP mode file for STMicroelectronics.X-CUBE-TCPP.4.1.0
2024-10-16 22:17:19,798 [WARN] PackLoader:240 - Cannot read IP mode file for STMicroelectronics.X-CUBE-ALGOBUILD.1.3.0
2024-10-16 22:17:19,813 [WARN] PackLoader:240 - Cannot read IP mode file for STMicroelectronics.X-CUBE-AZRTOS-G0.1.1.0
2024-10-16 22:17:19,822 [WARN] PackLoader:240 - Cannot read IP mode file for STMicroelectronics.X-CUBE-SAFEA1.1.2.2
2024-10-16 22:17:19,830 [WARN] PackLoader:240 - Cannot read IP mode file for STMicroelectronics.X-CUBE-NFC4.3.0.0
2024-10-16 22:17:19,840 [WARN] PackLoader:240 - Cannot read IP mode file for EmbeddedOffice.I-CUBE-FS-RTOS.1.0.1
2024-10-16 22:17:19,841 [ERROR] ConditionMgr:805 - Attr not supported : Dmpu
2024-10-16 22:17:19,841 [ERROR] ConditionMgr:805 - Attr not supported : Dmpu
2024-10-16 22:17:19,841 [ERROR] ConditionMgr:805 - Attr not supported : Dmpu
2024-10-16 22:17:19,841 [ERROR] ConditionMgr:805 - Attr not supported : Dmpu
2024-10-16 22:17:19,841 [ERROR] ConditionMgr:805 - Attr not supported : Dmpu
2024-10-16 22:17:19,841 [ERROR] ConditionMgr:805 - Attr not supported : Dmpu
2024-10-16 22:17:19,841 [ERROR] ConditionMgr:805 - Attr not supported : Dmpu
2024-10-16 22:17:19,841 [ERROR] ConditionMgr:805 - Attr not supported : Dmpu
2024-10-16 22:17:19,841 [ERROR] ConditionMgr:805 - Attr not supported : Dmpu
2024-10-16 22:17:19,841 [ERROR] ConditionMgr:805 - Attr not supported : Dmpu
2024-10-16 22:17:19,841 [ERROR] ConditionMgr:805 - Attr not supported : Dmpu
2024-10-16 22:17:19,842 [ERROR] ConditionMgr:805 - Attr not supported : Dmpu
2024-10-16 22:17:19,842 [ERROR] ConditionMgr:805 - Attr not supported : Dmpu
2024-10-16 22:17:19,842 [ERROR] ConditionMgr:805 - Attr not supported : Dmpu
2024-10-16 22:17:19,842 [ERROR] ConditionMgr:805 - Attr not supported : Dmpu
2024-10-16 22:17:19,842 [ERROR] ConditionMgr:805 - Attr not supported : Dmpu
2024-10-16 22:17:19,842 [ERROR] ConditionMgr:805 - Attr not supported : Dmpu
2024-10-16 22:17:19,842 [ERROR] ConditionMgr:805 - Attr not supported : Dmpu
2024-10-16 22:17:19,842 [ERROR] ConditionMgr:805 - Attr not supported : Dmpu
2024-10-16 22:17:19,842 [ERROR] ConditionMgr:805 - Attr not supported : Dmpu
2024-10-16 22:17:19,842 [ERROR] ConditionMgr:805 - Attr not supported : Dmpu
2024-10-16 22:17:19,842 [ERROR] ConditionMgr:805 - Attr not supported : Dmpu
2024-10-16 22:17:19,842 [ERROR] ConditionMgr:805 - Attr not supported : Dmpu
2024-10-16 22:17:19,842 [ERROR] ConditionMgr:805 - Attr not supported : Dmpu
2024-10-16 22:17:19,842 [ERROR] ConditionMgr:805 - Attr not supported : Dmpu
2024-10-16 22:17:19,842 [ERROR] ConditionMgr:805 - Attr not supported : Dmpu
2024-10-16 22:17:19,843 [ERROR] ConditionMgr:805 - Attr not supported : Dmpu
2024-10-16 22:17:19,843 [ERROR] ConditionMgr:805 - Attr not supported : Dmpu
2024-10-16 22:17:19,843 [ERROR] ConditionMgr:805 - Attr not supported : Dmpu
2024-10-16 22:17:19,843 [ERROR] ConditionMgr:805 - Attr not supported : Dmpu
2024-10-16 22:17:19,843 [ERROR] ConditionMgr:805 - Attr not supported : Dmpu
2024-10-16 22:17:19,843 [ERROR] ConditionMgr:805 - Attr not supported : Dmpu
2024-10-16 22:17:19,843 [ERROR] ConditionMgr:805 - Attr not supported : Dmpu
2024-10-16 22:17:19,843 [ERROR] ConditionMgr:805 - Attr not supported : Dmpu
2024-10-16 22:17:19,843 [ERROR] ConditionMgr:805 - Attr not supported : Dmpu
2024-10-16 22:17:19,843 [ERROR] ConditionMgr:805 - Attr not supported : Dmpu
2024-10-16 22:17:19,843 [ERROR] ConditionMgr:805 - Attr not supported : Dmpu
2024-10-16 22:17:19,843 [ERROR] ConditionMgr:805 - Attr not supported : Dmpu
2024-10-16 22:17:19,843 [ERROR] ConditionMgr:805 - Attr not supported : Dmpu
2024-10-16 22:17:19,843 [ERROR] ConditionMgr:805 - Attr not supported : Dmpu
2024-10-16 22:17:19,843 [ERROR] ConditionMgr:805 - Attr not supported : Dmpu
2024-10-16 22:17:19,844 [ERROR] ConditionMgr:805 - Attr not supported : Dmpu
2024-10-16 22:17:19,844 [ERROR] ConditionMgr:805 - Attr not supported : Dmpu
2024-10-16 22:17:19,844 [ERROR] ConditionMgr:805 - Attr not supported : Dmpu
2024-10-16 22:17:19,844 [ERROR] ConditionMgr:805 - Attr not supported : Dmpu
2024-10-16 22:17:19,844 [ERROR] ConditionMgr:805 - Attr not supported : Dmpu
2024-10-16 22:17:19,844 [ERROR] ConditionMgr:805 - Attr not supported : Dmpu
2024-10-16 22:17:19,844 [ERROR] ConditionMgr:805 - Attr not supported : Dmpu
2024-10-16 22:17:19,844 [ERROR] ConditionMgr:805 - Attr not supported : Dmpu
2024-10-16 22:17:19,844 [ERROR] ConditionMgr:805 - Attr not supported : Dmpu
2024-10-16 22:17:19,844 [ERROR] ConditionMgr:805 - Attr not supported : Dmpu
2024-10-16 22:17:19,844 [ERROR] ConditionMgr:805 - Attr not supported : Dmpu
2024-10-16 22:17:19,844 [ERROR] ConditionMgr:805 - Attr not supported : Dmpu
2024-10-16 22:17:19,845 [ERROR] ConditionMgr:805 - Attr not supported : Dmpu
2024-10-16 22:17:19,845 [ERROR] ConditionMgr:805 - Attr not supported : Dmpu
2024-10-16 22:17:19,845 [ERROR] ConditionMgr:805 - Attr not supported : Dmpu
2024-10-16 22:17:19,845 [ERROR] ConditionMgr:805 - Attr not supported : Dmpu
2024-10-16 22:17:19,845 [ERROR] ConditionMgr:805 - Attr not supported : Dmpu
2024-10-16 22:17:19,845 [ERROR] ConditionMgr:805 - Attr not supported : Dmpu
2024-10-16 22:17:19,845 [ERROR] ConditionMgr:805 - Attr not supported : Dmpu
2024-10-16 22:17:19,845 [ERROR] ConditionMgr:805 - Attr not supported : Dmpu
2024-10-16 22:17:19,845 [ERROR] ConditionMgr:805 - Attr not supported : Dmpu
2024-10-16 22:17:19,845 [ERROR] ConditionMgr:805 - Attr not supported : Dmpu
2024-10-16 22:17:19,845 [ERROR] ConditionMgr:805 - Attr not supported : Dmpu
2024-10-16 22:17:19,852 [WARN] PackLoader:240 - Cannot read IP mode file for STMicroelectronics.X-CUBE-BLEMGR.3.0.0
2024-10-16 22:17:19,860 [WARN] PackLoader:240 - Cannot read IP mode file for RealThread.X-CUBE-RT-Thread_Nano.4.1.1
2024-10-16 22:17:19,866 [WARN] PackLoader:240 - Cannot read IP mode file for STMicroelectronics.FP-ATR-SIGFOX1.3.2.0
2024-10-16 22:17:19,872 [WARN] PackLoader:240 - Cannot read IP mode file for STMicroelectronics.X-CUBE-EEPRMA1.5.1.0
2024-10-16 22:17:19,901 [WARN] PackLoader:240 - Cannot read IP mode file for SEGGER.I-CUBE-embOS.1.3.1
2024-10-16 22:17:19,935 [WARN] PackLoader:240 - Cannot read IP mode file for STMicroelectronics.X-CUBE-ALGOBUILD.1.4.0
2024-10-16 22:17:19,941 [WARN] PackLoader:240 - Cannot read IP mode file for STMicroelectronics.X-CUBE-AI.9.1.0
2024-10-16 22:17:19,947 [WARN] PackLoader:240 - Cannot read IP mode file for STMicroelectronics.X-CUBE-GNSS1.6.0.0
2024-10-16 22:17:19,964 [WARN] PackLoader:240 - Cannot read IP mode file for STMicroelectronics.X-CUBE-AZRTOS-F4.1.1.0
2024-10-16 22:17:19,971 [WARN] PackLoader:240 - Cannot read IP mode file for wolfSSL.I-CUBE-wolfSSL.5.6.3
2024-10-16 22:17:19,976 [WARN] PackLoader:240 - Cannot read IP mode file for STMicroelectronics.X-CUBE-ISPU.2.1.0
2024-10-16 22:17:19,982 [WARN] PackLoader:240 - Cannot read IP mode file for STMicroelectronics.X-CUBE-FREERTOS.1.2.0
2024-10-16 22:17:19,996 [WARN] PackLoader:240 - Cannot read IP mode file for STMicroelectronics.X-CUBE-AZRTOS-L5.2.0.0
2024-10-16 22:17:20,029 [WARN] PackLoader:240 - Cannot read IP mode file for STMicroelectronics.X-CUBE-MEMS1.9.6.0
2024-10-16 22:17:20,126 [WARN] PackLoader:240 - Cannot read IP mode file for STMicroelectronics.X-CUBE-EEPRMA1.4.2.0
2024-10-16 22:17:20,134 [WARN] PackLoader:240 - Cannot read IP mode file for STMicroelectronics.X-CUBE-NFC6.3.1.0
2024-10-16 22:17:20,141 [WARN] PackLoader:240 - Cannot read IP mode file for ITTIA_DB.I-CUBE-ITTIADB.8.8.0
2024-10-16 22:17:20,147 [WARN] PackLoader:240 - Cannot read IP mode file for STMicroelectronics.X-CUBE-BLEMGR.2.0.0
2024-10-16 22:17:20,156 [WARN] PackLoader:240 - Cannot read IP mode file for STMicroelectronics.X-CUBE-DPower.1.2.0
2024-10-16 22:17:20,161 [WARN] PackLoader:240 - Cannot read IP mode file for STMicroelectronics.X-CUBE-AI.9.0.0
2024-10-16 22:17:20,175 [WARN] ConditionMgr:438 - getConditionDescription Invalid condition id : UX DEVICE CLASS RTOS Condition cause : null
2024-10-16 22:17:20,175 [WARN] ConditionMgr:438 - getConditionDescription Invalid condition id : UX DEVICE CLASS RTOS Condition cause : null
2024-10-16 22:17:20,178 [WARN] PackLoader:240 - Cannot read IP mode file for STMicroelectronics.X-CUBE-AZRTOS-H7.3.1.0
2024-10-16 22:17:20,179 [WARN] ConditionMgr:1039 - genDependencies : Invalid condition id : UX DEVICE CLASS RTOS Condition cause : null
2024-10-16 22:17:20,179 [WARN] ConditionMgr:1039 - genDependencies : Invalid condition id : UX DEVICE CLASS RTOS Condition cause : null
2024-10-16 22:17:20,191 [WARN] ConditionMgr:1039 - genDependencies : Invalid condition id : UX DEVICE CLASS RTOS Condition cause : null
2024-10-16 22:17:20,191 [WARN] ConditionMgr:1039 - genDependencies : Invalid condition id : UX DEVICE CLASS RTOS Condition cause : null
2024-10-16 22:17:20,191 [WARN] ConditionMgr:1039 - genDependencies : Invalid condition id : UX DEVICE CLASS RTOS Condition cause : null
2024-10-16 22:17:20,197 [WARN] PackLoader:240 - Cannot read IP mode file for STMicroelectronics.X-CUBE-NFC7.1.0.1
2024-10-16 22:17:20,205 [WARN] PackLoader:240 - Cannot read IP mode file for STMicroelectronics.X-CUBE-NFC6.3.0.0
2024-10-16 22:17:20,219 [WARN] PackLoader:240 - Cannot read IP mode file for STMicroelectronics.X-CUBE-EEPRMA1.4.1.0
2024-10-16 22:17:20,224 [WARN] PackLoader:240 - Cannot read IP mode file for STMicroelectronics.X-CUBE-AI.8.1.0
2024-10-16 22:17:20,240 [WARN] ConditionMgr:438 - getConditionDescription Invalid condition id : LAN8742 Phy interface Condition cause : null
2024-10-16 22:17:20,241 [WARN] PackLoader:240 - Cannot read IP mode file for STMicroelectronics.X-CUBE-AZRTOS-L4.2.0.0
2024-10-16 22:17:20,242 [WARN] ConditionMgr:1039 - genDependencies : Invalid condition id : LAN8742 Phy interface Condition cause : null
2024-10-16 22:17:20,242 [WARN] ConditionMgr:1039 - genDependencies : Invalid condition id : LAN8742 Phy interface Condition cause : null
2024-10-16 22:17:20,243 [WARN] ConditionMgr:1039 - genDependencies : Invalid condition id : LAN8742 Phy interface Condition cause : null
2024-10-16 22:17:20,251 [WARN] PackLoader:240 - Cannot read IP mode file for STMicroelectronics.X-CUBE-SFXS2LP1.4.0.0
2024-10-16 22:17:20,257 [WARN] PackLoader:240 - Cannot read IP mode file for STMicroelectronics.X-CUBE-ISPU.1.1.0
2024-10-16 22:17:20,275 [WARN] PackLoader:240 - Cannot read IP mode file for STMicroelectronics.X-CUBE-AZRTOS-H7.3.3.0
2024-10-16 22:17:20,286 [WARN] PackLoader:240 - Cannot read IP mode file for STMicroelectronics.X-CUBE-IPS.3.0.0
2024-10-16 22:17:20,299 [WARN] ConditionMgr:438 - getConditionDescription Invalid condition id : UX DEVICE CLASS RTOS Condition cause : null
2024-10-16 22:17:20,300 [WARN] ConditionMgr:438 - getConditionDescription Invalid condition id : UX DEVICE CLASS RTOS Condition cause : null
2024-10-16 22:17:20,301 [WARN] PackLoader:240 - Cannot read IP mode file for STMicroelectronics.X-CUBE-AZRTOS-WB.2.0.0
2024-10-16 22:17:20,302 [WARN] ConditionMgr:1039 - genDependencies : Invalid condition id : UX DEVICE CLASS RTOS Condition cause : null
2024-10-16 22:17:20,302 [WARN] ConditionMgr:1039 - genDependencies : Invalid condition id : UX DEVICE CLASS RTOS Condition cause : null
2024-10-16 22:17:20,302 [WARN] ConditionMgr:1039 - genDependencies : Invalid condition id : UX DEVICE CLASS RTOS Condition cause : null
2024-10-16 22:17:20,303 [WARN] ConditionMgr:1039 - genDependencies : Invalid condition id : UX DEVICE CLASS RTOS Condition cause : null
2024-10-16 22:17:20,303 [WARN] ConditionMgr:1039 - genDependencies : Invalid condition id : UX DEVICE CLASS RTOS Condition cause : null
2024-10-16 22:17:20,307 [WARN] PackLoader:240 - Cannot read IP mode file for STMicroelectronics.X-CUBE-FREERTOS.1.0.1
2024-10-16 22:17:20,312 [WARN] PackLoader:240 - Cannot read IP mode file for STMicroelectronics.X-CUBE-GNSS1.7.0.0
2024-10-16 22:17:20,321 [WARN] PackLoader:240 - Cannot read IP mode file for STMicroelectronics.FP-SNS-STBOX1.2.0.0
2024-10-16 22:17:20,334 [WARN] PackLoader:240 - Cannot read IP mode file for STMicroelectronics.X-CUBE-AZRTOS-L5.1.1.0
2024-10-16 22:17:20,339 [WARN] PackLoader:240 - Cannot read IP mode file for STMicroelectronics.X-CUBE-AI.8.0.1
2024-10-16 22:17:20,348 [WARN] PackLoader:240 - Cannot read IP mode file for STMicroelectronics.X-CUBE-SUBG2.5.0.0
2024-10-16 22:17:20,357 [WARN] PackLoader:240 - Cannot read IP mode file for Cesanta.I-CUBE-Mongoose.7.13.0
2024-10-16 22:17:20,364 [WARN] PackLoader:240 - Cannot read IP mode file for STMicroelectronics.X-CUBE-TOF1.3.3.1
2024-10-16 22:17:20,381 [WARN] PackLoader:240 - Cannot read IP mode file for STMicroelectronics.X-CUBE-AZRTOS-G4.2.0.0
2024-10-16 22:17:20,395 [WARN] PackLoader:240 - Cannot read IP mode file for Infineon.AIROC-Wi-Fi-Bluetooth-STM32.1.5.1
2024-10-16 22:17:20,402 [WARN] PackLoader:240 - Cannot read IP mode file for STMicroelectronics.FP-SNS-MOTENVWB1.1.3.0
2024-10-16 22:17:20,406 [WARN] PackLoader:240 - Cannot read IP mode file for STMicroelectronics.FP-SNS-MOTENVWB1.1.3.1
2024-10-16 22:17:20,411 [WARN] PackLoader:240 - Cannot read IP mode file for STMicroelectronics.X-CUBE-ISPU.2.0.0
2024-10-16 22:17:20,415 [WARN] PackLoader:240 - Cannot read IP mode file for STMicroelectronics.X-CUBE-ALS.1.0.2
2024-10-16 22:17:20,442 [WARN] PackLoader:240 - Cannot read IP mode file for STMicroelectronics.X-CUBE-MEMS1.10.0.0
2024-10-16 22:17:20,512 [WARN] PackLoader:240 - Cannot read IP mode file for STMicroelectronics.X-CUBE-FREERTOS.1.1.0
2024-10-16 22:17:20,517 [WARN] PackLoader:240 - Cannot read IP mode file for STMicroelectronics.X-CUBE-TOUCHGFX.4.24.0
2024-10-16 22:17:20,522 [WARN] PackLoader:240 - Cannot read IP mode file for STMicroelectronics.X-CUBE-TOUCHGFX.4.24.1
2024-10-16 22:17:20,526 [WARN] PackLoader:240 - Cannot read IP mode file for wolfSSL.I-CUBE-wolfTPM.3.4.0
2024-10-16 22:17:20,531 [WARN] PackLoader:240 - Cannot read IP mode file for portGmbH.I-Cube-SoM-uGOAL.1.1.0
2024-10-16 22:17:20,535 [WARN] PackLoader:240 - Cannot read IP mode file for STMicroelectronics.X-CUBE-ALS.1.0.1
2024-10-16 22:17:20,544 [WARN] PackLoader:240 - Cannot read IP mode file for STMicroelectronics.X-CUBE-AZRTOS-WB.1.1.0
2024-10-16 22:17:20,557 [WARN] PackLoader:240 - Cannot read IP mode file for STMicroelectronics.X-CUBE-AZRTOS-H7RS.1.0.0
2024-10-16 22:17:20,563 [WARN] PackLoader:240 - Cannot read IP mode file for STMicroelectronics.FP-ATR-ASTRA1.2.0.0
2024-10-16 22:17:20,572 [WARN] PackLoader:240 - Cannot read IP mode file for STMicroelectronics.X-CUBE-TOF1.3.4.2
2024-10-16 22:17:20,587 [WARN] PackLoader:240 - Cannot read IP mode file for STMicroelectronics.X-CUBE-TOF1.3.4.1
2024-10-16 22:17:20,607 [WARN] PackLoader:240 - Cannot read IP mode file for STMicroelectronics.X-CUBE-AZRTOS-H7.3.2.0
2024-10-16 22:17:20,613 [WARN] PackLoader:240 - Cannot read IP mode file for wolfSSL.I-CUBE-wolfSSH.1.4.17
2024-10-16 22:17:20,614 [INFO] ThirdParty:978 - Integrity check success = true
2024-10-16 22:17:20,614 [INFO] IntegrityCheckThread:100 - exiting critical section [integrity check]
2024-10-16 22:17:20,614 [INFO] IntegrityCheckThread:103 - End integrity checks thread
2024-10-16 22:17:20,614 [INFO] ThirdParty:873 - entering critical section [close project]
2024-10-16 22:17:20,615 [INFO] ThirdParty:883 - exiting critical section [close project]
2024-10-16 22:17:20,619 [INFO] PinOutPanel:1561 - setPackage(No Configuration,No Configuration)
2024-10-16 22:17:20,623 [INFO] UtilMem:75 - Begin LoadConfig() Used Memory: 309791496 Bytes (429916160)
2024-10-16 22:18:05,941 [INFO] ServerAccessManage:473 - Download File stm32cube_db_v6092.zip
2024-10-16 22:18:11,038 [INFO] FileExtend:240 - Unzip File : stm32cube_db_v6092.zip
2024-10-16 22:18:11,038 [INFO] FileExtend:255 - Standard Zip Deflate
2024-10-16 22:18:16,970 [INFO] LoadServerPackagesThread:196 - End of LoadServerPackages Thread
2024-10-16 22:18:17,135 [INFO] CheckServerUpdateThread:120 - End of CheckServer Thread
2024-10-16 22:18:17,144 [INFO] UserAuth:415 - Internet connection configuration mode: 1
2024-10-16 22:18:17,214 [INFO] JxBrowserEngine:152 - Initiate JxBrowser Engine with user profile folder
2024-10-16 22:18:18,585 [INFO] WebApp:161 - Instantiating new browser for Auth
2024-10-16 22:18:19,234 [INFO] WebApp:779 - Register for checkConnection events
2024-10-16 22:18:19,234 [INFO] WebApp:414 - Apply proxy settings
2024-10-16 22:18:19,234 [INFO] WebApp:499 - Chromium requires no authentication
2024-10-16 22:18:19,242 [INFO] WebApp:442 - Direct internet connection detected
2024-10-16 22:18:19,441 [INFO] WebApp:192 - Starting web application
2024-10-16 22:18:19,442 [INFO] WebApp:544 - Web application path used D:\STM32CubeIDE_1.13.0\STM32CubeIDE\plugins\com.st.stm32cube.common.mx_6.11.0.202403141607\db\plugins\mcufinder\reactClient1\index.html
2024-10-16 22:29:01,365 [INFO] LogOutputStream:77 - [STDOUT_REDIRECT] 
2024-10-16 22:29:03,198 [INFO] McuFinderGlobals:63 - Set McuFinder mode to 2 (CubeIDE integrated)
2024-10-16 22:44:11,905 [ERROR] LogOutputStream:75 - [STDERR_REDIRECT] 
