2024-09-04 12:25:40,070 [INFO] Activator:176 - 


2024-09-04 12:25:40,081 [INFO] Activator:177 - !SESSION log4j initialized
2024-09-04 12:25:46,622 [INFO] LogOutputStream:77 - [STDOUT_REDIRECT] 
2024-09-04 12:25:52,573 [INFO] ApplicationProperties:184 - Using Application install path: D:\STM32CubeIDE_1.13.0\STM32CubeIDE\plugins\com.st.stm32cube.common.mx_6.11.0.202403141607
2024-09-04 12:25:52,588 [INFO] DbMcusXml:78 - Set database path to: D:\STM32CubeIDE_1.13.0\STM32CubeIDE\plugins\com.st.stm32cube.common.mx_6.11.0.202403141607\\db\/mcu/
2024-09-04 12:25:52,589 [INFO] ApiDb:274 - Set plugin database path to: D:\STM32CubeIDE_1.13.0\STM32CubeIDE\plugins\com.st.stm32cube.common.mx_6.11.0.202403141607\\db\/plugins/boardmanager/
2024-09-04 12:25:52,601 [WARN] ApiDb:259 - Overriding images path with different value:  => D:\STM32CubeIDE_1.13.0\STM32CubeIDE\plugins\com.st.stm32cube.common.mx_6.11.0.202403141607\\db\/plugins/mcufinder/images/
2024-09-04 12:25:52,608 [INFO] ApiDb:250 - Set database path to: C:\Users\66405\.stmcufinder\plugins\mcufinder//mcu/
2024-09-04 12:25:52,610 [INFO] DbMcusAds:125 - Set database path to: C:\Users\66405\.stmcufinder\plugins\mcufinder//mcu/
2024-09-04 12:25:52,612 [INFO] CrossReferenceDbSqlite:203 - Set database path to: C:\Users\66405\.stmcufinder\plugins\mcufinder//mcu/cs/
2024-09-04 12:25:52,722 [INFO] RulesReader:64 - Compatibility file has been processed (297 Rules)
2024-09-04 12:25:52,830 [INFO] DbMcusXml:78 - Set database path to: D:\STM32CubeIDE_1.13.0\STM32CubeIDE\plugins\com.st.stm32cube.common.mx_6.11.0.202403141607\\db\/mcu/
2024-09-04 12:25:52,830 [INFO] ApiDb:274 - Set plugin database path to: D:\STM32CubeIDE_1.13.0\STM32CubeIDE\plugins\com.st.stm32cube.common.mx_6.11.0.202403141607\\db\/plugins/boardmanager/
2024-09-04 12:25:52,830 [INFO] ApiDb:261 - Set plugin images path to: D:\STM32CubeIDE_1.13.0\STM32CubeIDE\plugins\com.st.stm32cube.common.mx_6.11.0.202403141607\\db\/plugins/mcufinder/images/
2024-09-04 12:25:52,830 [WARN] DbFile:41 - Overriding database path with different value: C:\Users\66405\.stmcufinder\plugins\mcufinder/ => C:\Users\66405\.stmcufinder\plugins\mcufinder
2024-09-04 12:25:52,831 [INFO] ApiDb:250 - Set database path to: C:\Users\66405\.stmcufinder\plugins\mcufinder//mcu/
2024-09-04 12:25:52,831 [WARN] DbFile:41 - Overriding database path with different value: C:\Users\66405\.stmcufinder\plugins\mcufinder/ => C:\Users\66405\.stmcufinder\plugins\mcufinder
2024-09-04 12:25:52,831 [INFO] DbMcusAds:125 - Set database path to: C:\Users\66405\.stmcufinder\plugins\mcufinder//mcu/
2024-09-04 12:25:52,831 [WARN] DbFile:41 - Overriding database path with different value: C:\Users\66405\.stmcufinder\plugins\mcufinder/ => C:\Users\66405\.stmcufinder\plugins\mcufinder
2024-09-04 12:25:52,831 [WARN] DbFile:41 - Overriding database path with different value: C:\Users\66405\.stmcufinder\plugins\mcufinder/ => C:\Users\66405\.stmcufinder\plugins\mcufinder
2024-09-04 12:25:52,831 [INFO] CrossReferenceDbSqlite:203 - Set database path to: C:\Users\66405\.stmcufinder\plugins\mcufinder//mcu/cs/
2024-09-04 12:25:52,911 [INFO] MainPanel:264 - HeapMemory: 300941312
2024-09-04 12:25:52,973 [INFO] DbMcusXml:78 - Set database path to: D:\STM32CubeIDE_1.13.0\STM32CubeIDE\plugins\com.st.stm32cube.common.mx_6.11.0.202403141607\\db\/mcu/
2024-09-04 12:25:52,974 [INFO] ApiDb:274 - Set plugin database path to: D:\STM32CubeIDE_1.13.0\STM32CubeIDE\plugins\com.st.stm32cube.common.mx_6.11.0.202403141607\\db\/plugins/boardmanager/
2024-09-04 12:25:52,974 [INFO] ApiDb:261 - Set plugin images path to: D:\STM32CubeIDE_1.13.0\STM32CubeIDE\plugins\com.st.stm32cube.common.mx_6.11.0.202403141607\\db\/plugins/mcufinder/images/
2024-09-04 12:25:52,974 [WARN] DbFile:41 - Overriding database path with different value: C:\Users\66405\.stmcufinder\plugins\mcufinder/ => C:\Users\66405\.stmcufinder\plugins\mcufinder
2024-09-04 12:25:52,974 [INFO] ApiDb:250 - Set database path to: C:\Users\66405\.stmcufinder\plugins\mcufinder//mcu/
2024-09-04 12:25:52,974 [WARN] DbFile:41 - Overriding database path with different value: C:\Users\66405\.stmcufinder\plugins\mcufinder/ => C:\Users\66405\.stmcufinder\plugins\mcufinder
2024-09-04 12:25:52,974 [INFO] DbMcusAds:125 - Set database path to: C:\Users\66405\.stmcufinder\plugins\mcufinder//mcu/
2024-09-04 12:25:52,974 [WARN] DbFile:41 - Overriding database path with different value: C:\Users\66405\.stmcufinder\plugins\mcufinder/ => C:\Users\66405\.stmcufinder\plugins\mcufinder
2024-09-04 12:25:52,974 [WARN] DbFile:41 - Overriding database path with different value: C:\Users\66405\.stmcufinder\plugins\mcufinder/ => C:\Users\66405\.stmcufinder\plugins\mcufinder
2024-09-04 12:25:52,975 [INFO] CrossReferenceDbSqlite:203 - Set database path to: C:\Users\66405\.stmcufinder\plugins\mcufinder//mcu/cs/
2024-09-04 12:25:52,992 [INFO] ApplicationProperties:184 - Using Application install path: D:\STM32CubeIDE_1.13.0\STM32CubeIDE\plugins\com.st.stm32cube.common.mx_6.11.0.202403141607
2024-09-04 12:25:52,993 [INFO] PluginManage:196 - Search for loadable plugins [exclusion list=, ]
2024-09-04 12:25:52,994 [INFO] PluginManage:310 - Check plugin analytics
2024-09-04 12:25:57,679 [INFO] AnalyticsPlugin:253 - Accepted Software Licenses: 
2024-09-04 12:25:57,679 [INFO] AnalyticsPlugin:255 - Accepted CMSIS Pack Licenses: 
2024-09-04 12:25:57,679 [INFO] AnalyticsPlugin:257 - Accepted Firmware Licenses: FW.L4.1.18.0
2024-09-04 12:25:57,681 [INFO] PluginManage:359 - Loaded plugin analytics (category:tool,tabindex:-1)
2024-09-04 12:25:57,682 [INFO] PluginManage:310 - Check plugin cadmodel
2024-09-04 12:25:57,686 [INFO] CADModel:105 - Init CAD model plugin
2024-09-04 12:25:57,687 [INFO] PluginManage:359 - Loaded plugin cadmodel (category:power,tabindex:5)
2024-09-04 12:25:57,687 [INFO] PluginManage:310 - Check plugin clock
2024-09-04 12:25:57,697 [INFO] PluginManage:359 - Loaded plugin clock (category:base,tabindex:2)
2024-09-04 12:25:57,698 [INFO] PluginManage:310 - Check plugin ddr
2024-09-04 12:25:57,700 [INFO] PluginManage:359 - Loaded plugin ddr (category:tool,tabindex:6)
2024-09-04 12:25:57,700 [INFO] PluginManage:310 - Check plugin filemanager
2024-09-04 12:25:57,844 [INFO] PluginManage:359 - Loaded plugin filemanager (category:base,tabindex:10)
2024-09-04 12:25:57,844 [INFO] PluginManage:310 - Check plugin ipmanager
2024-09-04 12:25:57,854 [INFO] PluginManage:359 - Loaded plugin ipmanager (category:base,tabindex:5)
2024-09-04 12:25:57,854 [INFO] PluginManage:310 - Check plugin lpbam
2024-09-04 12:25:57,862 [INFO] PluginManage:359 - Loaded plugin lpbam (category:base,tabindex:0)
2024-09-04 12:25:57,862 [INFO] PluginManage:310 - Check plugin memorymap
2024-09-04 12:25:57,875 [INFO] PluginManage:359 - Loaded plugin memorymap (category:base,tabindex:4)
2024-09-04 12:25:57,875 [INFO] PluginManage:310 - Check plugin pinoutandconfiguration
2024-09-04 12:25:57,882 [INFO] PluginManage:359 - Loaded plugin pinoutandconfiguration (category:base,tabindex:1)
2024-09-04 12:25:57,882 [INFO] PluginManage:310 - Check plugin pinoutconfig
2024-09-04 12:25:57,967 [WARN] SupportedApi:132 - Cannot load RTOS API schema: s4s-elt-must-match.1: The content of 'definitions' must match (annotation?, (simpleType | complexType)?, (unique | key | keyref)*)). A problem was found starting at: attribute.
2024-09-04 12:25:58,086 [INFO] PluginManage:359 - Loaded plugin pinoutconfig (category:base,tabindex:0)
2024-09-04 12:25:58,086 [INFO] PluginManage:310 - Check plugin power
2024-09-04 12:25:58,095 [INFO] PluginManage:359 - Loaded plugin power (category:power,tabindex:4)
2024-09-04 12:25:58,096 [INFO] PluginManage:310 - Check plugin projectmanager
2024-09-04 12:25:58,113 [INFO] PluginManage:359 - Loaded plugin projectmanager (category:projectmanager,tabindex:3)
2024-09-04 12:25:58,113 [INFO] PluginManage:310 - Check plugin thirdparty
2024-09-04 12:25:58,251 [INFO] PluginManage:359 - Loaded plugin thirdparty (category:base,tabindex:-1)
2024-09-04 12:25:58,252 [INFO] PluginManage:310 - Check plugin tools
2024-09-04 12:25:58,251 [WARN] IntegrityCheckThread:84 - waiting for thirdparty lock release [integrity check]
2024-09-04 12:25:58,252 [INFO] IntegrityCheckThread:86 - entering critical section [integrity check]
2024-09-04 12:25:58,253 [INFO] ThirdPartyUpdaterWithRetryManager:70 - Updater plugin not ready yet. [1/15]
2024-09-04 12:25:58,255 [INFO] PluginManage:359 - Loaded plugin tools (category:base,tabindex:7)
2024-09-04 12:25:58,255 [INFO] PluginManage:310 - Check plugin tutovideos
2024-09-04 12:25:58,427 [INFO] PluginManage:359 - Loaded plugin tutovideos (category:base,tabindex:-1)
2024-09-04 12:25:58,427 [INFO] PluginManage:310 - Check plugin updater
2024-09-04 12:25:58,435 [INFO] PluginManage:359 - Loaded plugin updater (category:base,tabindex:12)
2024-09-04 12:25:58,436 [INFO] PluginManage:310 - Check plugin userauth
2024-09-04 12:25:58,440 [INFO] UserAuth:114 - Init User Auth plugin
2024-09-04 12:25:58,440 [INFO] PluginManage:359 - Loaded plugin userauth (category:base,tabindex:14)
2024-09-04 12:25:58,440 [INFO] PluginManage:283 - PluginManage : Loaded plugins [17]
2024-09-04 12:25:58,648 [INFO] PinOutPanel:1561 - setPackage(No Configuration,No Configuration)
2024-09-04 12:25:58,726 [INFO] CADModel:165 - CPN selected for project level
2024-09-04 12:25:58,727 [INFO] CADModel:114 - Register for checkConnection events
2024-09-04 12:25:58,740 [INFO] IPUIPlugin:80 - create IPUIPlugin
2024-09-04 12:25:58,740 [INFO] PluginManager:220 - loadIPPluginJar : add adc
2024-09-04 12:25:58,742 [INFO] IPUIPlugin:80 - create IPUIPlugin
2024-09-04 12:25:58,742 [INFO] PluginManager:220 - loadIPPluginJar : add aes
2024-09-04 12:25:58,744 [INFO] IPUIPlugin:80 - create IPUIPlugin
2024-09-04 12:25:58,745 [INFO] PluginManager:220 - loadIPPluginJar : add can
2024-09-04 12:25:58,746 [INFO] IPUIPlugin:80 - create IPUIPlugin
2024-09-04 12:25:58,746 [INFO] PluginManager:220 - loadIPPluginJar : add comp
2024-09-04 12:25:58,749 [INFO] IPUIPlugin:80 - create IPUIPlugin
2024-09-04 12:25:58,749 [INFO] PluginManager:220 - loadIPPluginJar : add cryp
2024-09-04 12:25:58,751 [INFO] IPUIPlugin:80 - create IPUIPlugin
2024-09-04 12:25:58,751 [INFO] PluginManager:220 - loadIPPluginJar : add dfsdm
2024-09-04 12:25:58,757 [INFO] IPUIPlugin:80 - create IPUIPlugin
2024-09-04 12:25:58,758 [INFO] PluginManager:220 - loadIPPluginJar : add dma
2024-09-04 12:25:58,760 [INFO] IPUIPlugin:80 - create IPUIPlugin
2024-09-04 12:25:58,760 [INFO] PluginManager:220 - loadIPPluginJar : add dma3
2024-09-04 12:25:58,763 [INFO] IPUIPlugin:80 - create IPUIPlugin
2024-09-04 12:25:58,763 [INFO] PluginManager:220 - loadIPPluginJar : add extmemmanager
2024-09-04 12:25:58,764 [INFO] IPUIPlugin:80 - create IPUIPlugin
2024-09-04 12:25:58,765 [INFO] PluginManager:220 - loadIPPluginJar : add fatfs
2024-09-04 12:25:58,768 [INFO] IPUIPlugin:80 - create IPUIPlugin
2024-09-04 12:25:58,769 [INFO] PluginManager:220 - loadIPPluginJar : add fmc
2024-09-04 12:25:58,772 [INFO] IPUIPlugin:80 - create IPUIPlugin
2024-09-04 12:25:58,773 [INFO] PluginManager:220 - loadIPPluginJar : add freertos
2024-09-04 12:25:58,774 [INFO] IPUIPlugin:80 - create IPUIPlugin
2024-09-04 12:25:58,775 [INFO] PluginManager:220 - loadIPPluginJar : add genericplugin
2024-09-04 12:25:58,776 [INFO] IPUIPlugin:80 - create IPUIPlugin
2024-09-04 12:25:58,777 [INFO] PluginManager:220 - loadIPPluginJar : add gfxmmu
2024-09-04 12:25:58,780 [INFO] IPUIPlugin:80 - create IPUIPlugin
2024-09-04 12:25:58,780 [INFO] PluginManager:220 - loadIPPluginJar : add gic
2024-09-04 12:25:58,783 [INFO] IPUIPlugin:80 - create IPUIPlugin
2024-09-04 12:25:58,783 [INFO] PluginManager:220 - loadIPPluginJar : add gpio
2024-09-04 12:25:58,786 [INFO] IPUIPlugin:80 - create IPUIPlugin
2024-09-04 12:25:58,786 [INFO] PluginManager:220 - loadIPPluginJar : add gtzc
2024-09-04 12:25:58,788 [INFO] IPUIPlugin:80 - create IPUIPlugin
2024-09-04 12:25:58,788 [INFO] PluginManager:220 - loadIPPluginJar : add hash
2024-09-04 12:25:58,790 [INFO] IPUIPlugin:80 - create IPUIPlugin
2024-09-04 12:25:58,790 [INFO] PluginManager:220 - loadIPPluginJar : add i2c
2024-09-04 12:25:58,793 [INFO] IPUIPlugin:80 - create IPUIPlugin
2024-09-04 12:25:58,793 [INFO] PluginManager:220 - loadIPPluginJar : add i2s
2024-09-04 12:25:58,795 [INFO] IPUIPlugin:80 - create IPUIPlugin
2024-09-04 12:25:58,795 [INFO] PluginManager:220 - loadIPPluginJar : add i3c
2024-09-04 12:25:58,798 [INFO] IPUIPlugin:80 - create IPUIPlugin
2024-09-04 12:25:58,798 [INFO] PluginManager:220 - loadIPPluginJar : add ipddr
2024-09-04 12:25:58,803 [INFO] IPUIPlugin:80 - create IPUIPlugin
2024-09-04 12:25:58,804 [INFO] PluginManager:220 - loadIPPluginJar : add linkedlist
2024-09-04 12:25:58,806 [INFO] IPUIPlugin:80 - create IPUIPlugin
2024-09-04 12:25:58,806 [INFO] PluginManager:220 - loadIPPluginJar : add lorawan
2024-09-04 12:25:58,807 [INFO] IPUIPlugin:80 - create IPUIPlugin
2024-09-04 12:25:58,807 [INFO] PluginManager:220 - loadIPPluginJar : add ltdc
2024-09-04 12:25:58,812 [INFO] IPUIPlugin:80 - create IPUIPlugin
2024-09-04 12:25:58,812 [INFO] PluginManager:220 - loadIPPluginJar : add mdma
2024-09-04 12:25:58,815 [INFO] IPUIPlugin:80 - create IPUIPlugin
2024-09-04 12:25:58,815 [INFO] PluginManager:220 - loadIPPluginJar : add nvic
2024-09-04 12:25:58,819 [INFO] IPUIPlugin:80 - create IPUIPlugin
2024-09-04 12:25:58,819 [INFO] PluginManager:220 - loadIPPluginJar : add opamp
2024-09-04 12:25:58,823 [INFO] IPUIPlugin:80 - create IPUIPlugin
2024-09-04 12:25:58,823 [INFO] PluginManager:220 - loadIPPluginJar : add openamp
2024-09-04 12:25:58,826 [INFO] IPUIPlugin:80 - create IPUIPlugin
2024-09-04 12:25:58,826 [INFO] PluginManager:220 - loadIPPluginJar : add pdm2pcm
2024-09-04 12:25:58,832 [INFO] IPUIPlugin:80 - create IPUIPlugin
2024-09-04 12:25:58,835 [INFO] PluginManager:220 - loadIPPluginJar : add plateformsettings
2024-09-04 12:25:58,837 [INFO] IPUIPlugin:80 - create IPUIPlugin
2024-09-04 12:25:58,837 [INFO] PluginManager:220 - loadIPPluginJar : add quadspi
2024-09-04 12:25:58,841 [INFO] IPUIPlugin:80 - create IPUIPlugin
2024-09-04 12:25:58,841 [INFO] PluginManager:220 - loadIPPluginJar : add resmgrutility
2024-09-04 12:25:58,844 [INFO] IPUIPlugin:80 - create IPUIPlugin
2024-09-04 12:25:58,844 [INFO] PluginManager:220 - loadIPPluginJar : add sai
2024-09-04 12:25:58,846 [INFO] IPUIPlugin:80 - create IPUIPlugin
2024-09-04 12:25:58,846 [INFO] PluginManager:220 - loadIPPluginJar : add spi
2024-09-04 12:25:58,851 [INFO] IPUIPlugin:80 - create IPUIPlugin
2024-09-04 12:25:58,851 [INFO] PluginManager:220 - loadIPPluginJar : add stm32_wpan
2024-09-04 12:25:58,853 [INFO] IPUIPlugin:80 - create IPUIPlugin
2024-09-04 12:25:58,853 [INFO] PluginManager:220 - loadIPPluginJar : add tim
2024-09-04 12:25:58,856 [INFO] IPUIPlugin:80 - create IPUIPlugin
2024-09-04 12:25:58,857 [INFO] PluginManager:220 - loadIPPluginJar : add touchsensing
2024-09-04 12:25:58,858 [INFO] IPUIPlugin:80 - create IPUIPlugin
2024-09-04 12:25:58,859 [INFO] PluginManager:220 - loadIPPluginJar : add tracer_emb
2024-09-04 12:25:58,861 [INFO] IPUIPlugin:80 - create IPUIPlugin
2024-09-04 12:25:58,861 [INFO] PluginManager:220 - loadIPPluginJar : add ts
2024-09-04 12:25:58,863 [INFO] IPUIPlugin:80 - create IPUIPlugin
2024-09-04 12:25:58,864 [INFO] PluginManager:220 - loadIPPluginJar : add tsc
2024-09-04 12:25:58,866 [INFO] IPUIPlugin:80 - create IPUIPlugin
2024-09-04 12:25:58,866 [INFO] PluginManager:220 - loadIPPluginJar : add ucpd
2024-09-04 12:25:58,869 [INFO] IPUIPlugin:80 - create IPUIPlugin
2024-09-04 12:25:58,869 [INFO] PluginManager:220 - loadIPPluginJar : add usart
2024-09-04 12:25:58,872 [INFO] IPUIPlugin:80 - create IPUIPlugin
2024-09-04 12:25:58,872 [INFO] PluginManager:220 - loadIPPluginJar : add usbx
2024-09-04 12:25:59,000 [INFO] CADModel:165 - CPN selected for project level
2024-09-04 12:25:59,000 [INFO] CADModel:114 - Register for checkConnection events
2024-09-04 12:25:59,001 [FATAL] Updater:308 - Updater called before beeing initialized
2024-09-04 12:25:59,001 [ERROR] CADModel:125 - Updater not yet initialized, retry later 
2024-09-04 12:25:59,129 [INFO] CADModel:165 - CPN selected for project level
2024-09-04 12:25:59,129 [INFO] CADModel:114 - Register for checkConnection events
2024-09-04 12:25:59,129 [FATAL] Updater:308 - Updater called before beeing initialized
2024-09-04 12:25:59,129 [ERROR] CADModel:125 - Updater not yet initialized, retry later 
2024-09-04 12:25:59,132 [FATAL] Updater:308 - Updater called before beeing initialized
2024-09-04 12:25:59,277 [FATAL] Updater:308 - Updater called before beeing initialized
2024-09-04 12:25:59,282 [INFO] DbMcusAds:53 - JSON generation date=Thu May 16 10:22:00 IST 2024 (1715851320667)
2024-09-04 12:25:59,282 [FATAL] Updater:308 - Updater called before beeing initialized
2024-09-04 12:25:59,322 [WARN] DetailPanel:346 - Failed to get advertising image, set to default
2024-09-04 12:25:59,418 [FATAL] Updater:308 - Updater called before beeing initialized
2024-09-04 12:25:59,420 [FATAL] Updater:308 - Updater called before beeing initialized
2024-09-04 12:25:59,420 [FATAL] Updater:308 - Updater called before beeing initialized
2024-09-04 12:25:59,420 [WARN] DetailPanel:346 - Failed to get advertising image, set to default
2024-09-04 12:25:59,421 [FATAL] Updater:308 - Updater called before beeing initialized
2024-09-04 12:25:59,473 [ERROR] Updater:1120 - MainUpdater not yet initialized. External WinMGr cannot be set.
2024-09-04 12:25:59,475 [INFO] Updater:1056 - Updater Version found : 6.11.0
2024-09-04 12:25:59,491 [INFO] ApplicationProperties:184 - Using Application install path: D:\STM32CubeIDE_1.13.0\STM32CubeIDE\plugins\com.st.stm32cube.common.mx_6.11.0.202403141607
2024-09-04 12:26:01,063 [ERROR] LogOutputStream:75 - [STDERR_REDIRECT] Sep 04, 2024 12:26:01 PM java.util.prefs.WindowsPreferences <init>
2024-09-04 12:26:01,064 [ERROR] LogOutputStream:75 - [STDERR_REDIRECT] WARNING: Could not open/create prefs root node Software\JavaSoft\Prefs at root 0xffffffff80000002. Windows RegCreateKeyEx(...) returned error code 5.
2024-09-04 12:26:01,064 [ERROR] LogOutputStream:75 - [STDERR_REDIRECT] 
2024-09-04 12:26:01,255 [INFO] ThirdPartyUpdaterWithRetryManager:70 - Updater plugin not ready yet. [2/15]
2024-09-04 12:26:01,824 [INFO] MainUpdater:2873 - connection check result : 10
2024-09-04 12:26:01,825 [INFO] MainUpdater:290 - Updater Check For Update Now.
2024-09-04 12:26:01,825 [INFO] MicroXplorer:498 - Change Database Version : DB.6.0.110
2024-09-04 12:26:01,829 [INFO] McuFinderGlobals:63 - Set McuFinder mode to 2 (CubeIDE integrated)
2024-09-04 12:26:01,835 [INFO] UserAuth:415 - Internet connection configuration mode: 1
2024-09-04 12:26:01,848 [INFO] JxBrowserEngine:152 - Initiate JxBrowser Engine with user profile folder
2024-09-04 12:26:02,002 [INFO] CheckServerUpdateThread:120 - End of CheckServer Thread
2024-09-04 12:26:02,405 [INFO] WebApp:161 - Instantiating new browser for Auth
2024-09-04 12:26:02,857 [INFO] WebApp:779 - Register for checkConnection events
2024-09-04 12:26:02,857 [INFO] WebApp:414 - Apply proxy settings
2024-09-04 12:26:02,857 [INFO] WebApp:499 - Chromium requires no authentication
2024-09-04 12:26:02,862 [INFO] WebApp:442 - Direct internet connection detected
2024-09-04 12:26:02,996 [INFO] WebApp:192 - Starting web application
2024-09-04 12:26:02,996 [INFO] WebApp:544 - Web application path used D:\STM32CubeIDE_1.13.0\STM32CubeIDE\plugins\com.st.stm32cube.common.mx_6.11.0.202403141607\db\plugins\mcufinder\reactClient1\index.html
2024-09-04 12:26:04,461 [WARN] PackLoader:240 - Cannot read IP mode file for STMicroelectronics.FP-SNS-MOTENVWB1.1.4.0
2024-09-04 12:26:04,473 [WARN] PackLoader:240 - Cannot read IP mode file for STMicroelectronics.X-CUBE-SMBUS.2.1.0
2024-09-04 12:26:04,490 [WARN] PackLoader:240 - Cannot read IP mode file for STMicroelectronics.X-CUBE-TOUCHGFX.4.23.1
2024-09-04 12:26:04,494 [WARN] PackLoader:240 - Cannot read IP mode file for STMicroelectronics.X-CUBE-TOUCHGFX.4.23.0
2024-09-04 12:26:04,521 [WARN] PackLoader:240 - Cannot read IP mode file for STMicroelectronics.X-CUBE-AZRTOS-F7.1.1.0
2024-09-04 12:26:04,532 [WARN] PackLoader:240 - Cannot read IP mode file for STMicroelectronics.FP-SNS-MOTENV1.4.3.2
2024-09-04 12:26:04,590 [WARN] PackLoader:240 - Cannot read IP mode file for STMicroelectronics.X-CUBE-MEMS1.11.0.0
2024-09-04 12:26:04,744 [WARN] PackLoader:240 - Cannot read IP mode file for STMicroelectronics.X-CUBE-BLE1.6.2.4
2024-09-04 12:26:04,749 [WARN] PackLoader:240 - Cannot read IP mode file for STMicroelectronics.FP-SNS-FLIGHT1.5.0.2
2024-09-04 12:26:04,756 [WARN] PackLoader:240 - Cannot read IP mode file for STMicroelectronics.X-CUBE-DISPLAY.3.0.0
2024-09-04 12:26:04,763 [WARN] PackLoader:240 - Cannot read IP mode file for STMicroelectronics.X-CUBE-BLE1.7.0.0
2024-09-04 12:26:04,773 [WARN] PackLoader:240 - Cannot read IP mode file for emotas.I-CUBE-CANOPEN.1.3.0
2024-09-04 12:26:04,789 [WARN] PackLoader:240 - Cannot read IP mode file for STMicroelectronics.X-CUBE-TOUCHGFX.4.22.0
2024-09-04 12:26:04,792 [WARN] PackLoader:240 - Cannot read IP mode file for STMicroelectronics.X-CUBE-TOUCHGFX.4.22.1
2024-09-04 12:26:04,803 [WARN] PackLoader:240 - Cannot read IP mode file for STMicroelectronics.X-CUBE-BLEMGR.3.1.0
2024-09-04 12:26:04,811 [WARN] PackLoader:240 - Cannot read IP mode file for STMicroelectronics.FP-SNS-SMARTAG2.1.2.0
2024-09-04 12:26:04,821 [INFO] LogOutputStream:77 - [STDOUT_REDIRECT] 1 : Invalid condition id : UX_CORESTACK_Condition cause : null
2024-09-04 12:26:04,822 [INFO] LogOutputStream:77 - [STDOUT_REDIRECT] 1 : Invalid condition id : UX_CORESTACK_Condition cause : null
2024-09-04 12:26:04,824 [INFO] LogOutputStream:77 - [STDOUT_REDIRECT] 1 : Invalid condition id : UX_CORESTACK_Condition cause : null
2024-09-04 12:26:04,825 [INFO] LogOutputStream:77 - [STDOUT_REDIRECT] 1 : Invalid condition id : UX_CORESTACK_Condition cause : null
2024-09-04 12:26:04,826 [INFO] LogOutputStream:77 - [STDOUT_REDIRECT] 1 : Invalid condition id : UX_CORESTACK_Condition cause : null
2024-09-04 12:26:04,829 [WARN] PackLoader:240 - Cannot read IP mode file for STMicroelectronics.X-CUBE-AZRTOS-WL.2.0.0
2024-09-04 12:26:04,836 [WARN] PackLoader:240 - Cannot read IP mode file for STMicroelectronics.FP-SNS-MOTENV1.5.0.0
2024-09-04 12:26:04,842 [WARN] PackLoader:240 - Cannot read IP mode file for wolfSSL.I-CUBE-wolfMQTT.1.19.0
2024-09-04 12:26:04,850 [WARN] PackLoader:240 - Cannot read IP mode file for WES.I-CUBE-Cesium.1.3.0
2024-09-04 12:26:04,857 [WARN] PackLoader:240 - Cannot read IP mode file for STMicroelectronics.X-CUBE-BLE2.3.3.0
2024-09-04 12:26:04,864 [WARN] PackLoader:240 - Cannot read IP mode file for STMicroelectronics.X-CUBE-TCPP.4.1.0
2024-09-04 12:26:04,871 [WARN] PackLoader:240 - Cannot read IP mode file for STMicroelectronics.X-CUBE-ALGOBUILD.1.3.0
2024-09-04 12:26:04,884 [WARN] PackLoader:240 - Cannot read IP mode file for STMicroelectronics.X-CUBE-AZRTOS-G0.1.1.0
2024-09-04 12:26:04,892 [WARN] PackLoader:240 - Cannot read IP mode file for STMicroelectronics.X-CUBE-SAFEA1.1.2.2
2024-09-04 12:26:04,900 [WARN] PackLoader:240 - Cannot read IP mode file for STMicroelectronics.X-CUBE-NFC4.3.0.0
2024-09-04 12:26:04,911 [WARN] PackLoader:240 - Cannot read IP mode file for EmbeddedOffice.I-CUBE-FS-RTOS.1.0.1
2024-09-04 12:26:04,911 [ERROR] ConditionMgr:805 - Attr not supported : Dmpu
2024-09-04 12:26:04,911 [ERROR] ConditionMgr:805 - Attr not supported : Dmpu
2024-09-04 12:26:04,911 [ERROR] ConditionMgr:805 - Attr not supported : Dmpu
2024-09-04 12:26:04,911 [ERROR] ConditionMgr:805 - Attr not supported : Dmpu
2024-09-04 12:26:04,911 [ERROR] ConditionMgr:805 - Attr not supported : Dmpu
2024-09-04 12:26:04,912 [ERROR] ConditionMgr:805 - Attr not supported : Dmpu
2024-09-04 12:26:04,912 [ERROR] ConditionMgr:805 - Attr not supported : Dmpu
2024-09-04 12:26:04,912 [ERROR] ConditionMgr:805 - Attr not supported : Dmpu
2024-09-04 12:26:04,912 [ERROR] ConditionMgr:805 - Attr not supported : Dmpu
2024-09-04 12:26:04,912 [ERROR] ConditionMgr:805 - Attr not supported : Dmpu
2024-09-04 12:26:04,912 [ERROR] ConditionMgr:805 - Attr not supported : Dmpu
2024-09-04 12:26:04,912 [ERROR] ConditionMgr:805 - Attr not supported : Dmpu
2024-09-04 12:26:04,912 [ERROR] ConditionMgr:805 - Attr not supported : Dmpu
2024-09-04 12:26:04,912 [ERROR] ConditionMgr:805 - Attr not supported : Dmpu
2024-09-04 12:26:04,912 [ERROR] ConditionMgr:805 - Attr not supported : Dmpu
2024-09-04 12:26:04,912 [ERROR] ConditionMgr:805 - Attr not supported : Dmpu
2024-09-04 12:26:04,912 [ERROR] ConditionMgr:805 - Attr not supported : Dmpu
2024-09-04 12:26:04,912 [ERROR] ConditionMgr:805 - Attr not supported : Dmpu
2024-09-04 12:26:04,912 [ERROR] ConditionMgr:805 - Attr not supported : Dmpu
2024-09-04 12:26:04,912 [ERROR] ConditionMgr:805 - Attr not supported : Dmpu
2024-09-04 12:26:04,912 [ERROR] ConditionMgr:805 - Attr not supported : Dmpu
2024-09-04 12:26:04,912 [ERROR] ConditionMgr:805 - Attr not supported : Dmpu
2024-09-04 12:26:04,912 [ERROR] ConditionMgr:805 - Attr not supported : Dmpu
2024-09-04 12:26:04,912 [ERROR] ConditionMgr:805 - Attr not supported : Dmpu
2024-09-04 12:26:04,912 [ERROR] ConditionMgr:805 - Attr not supported : Dmpu
2024-09-04 12:26:04,913 [ERROR] ConditionMgr:805 - Attr not supported : Dmpu
2024-09-04 12:26:04,913 [ERROR] ConditionMgr:805 - Attr not supported : Dmpu
2024-09-04 12:26:04,913 [ERROR] ConditionMgr:805 - Attr not supported : Dmpu
2024-09-04 12:26:04,913 [ERROR] ConditionMgr:805 - Attr not supported : Dmpu
2024-09-04 12:26:04,913 [ERROR] ConditionMgr:805 - Attr not supported : Dmpu
2024-09-04 12:26:04,913 [ERROR] ConditionMgr:805 - Attr not supported : Dmpu
2024-09-04 12:26:04,913 [ERROR] ConditionMgr:805 - Attr not supported : Dmpu
2024-09-04 12:26:04,913 [ERROR] ConditionMgr:805 - Attr not supported : Dmpu
2024-09-04 12:26:04,913 [ERROR] ConditionMgr:805 - Attr not supported : Dmpu
2024-09-04 12:26:04,913 [ERROR] ConditionMgr:805 - Attr not supported : Dmpu
2024-09-04 12:26:04,913 [ERROR] ConditionMgr:805 - Attr not supported : Dmpu
2024-09-04 12:26:04,913 [ERROR] ConditionMgr:805 - Attr not supported : Dmpu
2024-09-04 12:26:04,913 [ERROR] ConditionMgr:805 - Attr not supported : Dmpu
2024-09-04 12:26:04,913 [ERROR] ConditionMgr:805 - Attr not supported : Dmpu
2024-09-04 12:26:04,913 [ERROR] ConditionMgr:805 - Attr not supported : Dmpu
2024-09-04 12:26:04,913 [ERROR] ConditionMgr:805 - Attr not supported : Dmpu
2024-09-04 12:26:04,913 [ERROR] ConditionMgr:805 - Attr not supported : Dmpu
2024-09-04 12:26:04,913 [ERROR] ConditionMgr:805 - Attr not supported : Dmpu
2024-09-04 12:26:04,914 [ERROR] ConditionMgr:805 - Attr not supported : Dmpu
2024-09-04 12:26:04,914 [ERROR] ConditionMgr:805 - Attr not supported : Dmpu
2024-09-04 12:26:04,914 [ERROR] ConditionMgr:805 - Attr not supported : Dmpu
2024-09-04 12:26:04,914 [ERROR] ConditionMgr:805 - Attr not supported : Dmpu
2024-09-04 12:26:04,914 [ERROR] ConditionMgr:805 - Attr not supported : Dmpu
2024-09-04 12:26:04,914 [ERROR] ConditionMgr:805 - Attr not supported : Dmpu
2024-09-04 12:26:04,914 [ERROR] ConditionMgr:805 - Attr not supported : Dmpu
2024-09-04 12:26:04,914 [ERROR] ConditionMgr:805 - Attr not supported : Dmpu
2024-09-04 12:26:04,914 [ERROR] ConditionMgr:805 - Attr not supported : Dmpu
2024-09-04 12:26:04,914 [ERROR] ConditionMgr:805 - Attr not supported : Dmpu
2024-09-04 12:26:04,914 [ERROR] ConditionMgr:805 - Attr not supported : Dmpu
2024-09-04 12:26:04,914 [ERROR] ConditionMgr:805 - Attr not supported : Dmpu
2024-09-04 12:26:04,914 [ERROR] ConditionMgr:805 - Attr not supported : Dmpu
2024-09-04 12:26:04,914 [ERROR] ConditionMgr:805 - Attr not supported : Dmpu
2024-09-04 12:26:04,914 [ERROR] ConditionMgr:805 - Attr not supported : Dmpu
2024-09-04 12:26:04,914 [ERROR] ConditionMgr:805 - Attr not supported : Dmpu
2024-09-04 12:26:04,914 [ERROR] ConditionMgr:805 - Attr not supported : Dmpu
2024-09-04 12:26:04,914 [ERROR] ConditionMgr:805 - Attr not supported : Dmpu
2024-09-04 12:26:04,914 [ERROR] ConditionMgr:805 - Attr not supported : Dmpu
2024-09-04 12:26:04,915 [ERROR] ConditionMgr:805 - Attr not supported : Dmpu
2024-09-04 12:26:04,915 [ERROR] ConditionMgr:805 - Attr not supported : Dmpu
2024-09-04 12:26:04,921 [WARN] PackLoader:240 - Cannot read IP mode file for STMicroelectronics.X-CUBE-BLEMGR.3.0.0
2024-09-04 12:26:04,929 [WARN] PackLoader:240 - Cannot read IP mode file for RealThread.X-CUBE-RT-Thread_Nano.4.1.1
2024-09-04 12:26:04,934 [WARN] PackLoader:240 - Cannot read IP mode file for STMicroelectronics.FP-ATR-SIGFOX1.3.2.0
2024-09-04 12:26:04,941 [WARN] PackLoader:240 - Cannot read IP mode file for STMicroelectronics.X-CUBE-EEPRMA1.5.1.0
2024-09-04 12:26:04,965 [WARN] PackLoader:240 - Cannot read IP mode file for SEGGER.I-CUBE-embOS.1.3.1
2024-09-04 12:26:05,011 [WARN] PackLoader:240 - Cannot read IP mode file for STMicroelectronics.X-CUBE-ALGOBUILD.1.4.0
2024-09-04 12:26:05,017 [WARN] PackLoader:240 - Cannot read IP mode file for STMicroelectronics.X-CUBE-GNSS1.6.0.0
2024-09-04 12:26:05,030 [WARN] PackLoader:240 - Cannot read IP mode file for STMicroelectronics.X-CUBE-AZRTOS-F4.1.1.0
2024-09-04 12:26:05,038 [WARN] PackLoader:240 - Cannot read IP mode file for wolfSSL.I-CUBE-wolfSSL.5.6.3
2024-09-04 12:26:05,045 [WARN] PackLoader:240 - Cannot read IP mode file for STMicroelectronics.X-CUBE-FREERTOS.1.2.0
2024-09-04 12:26:05,061 [WARN] PackLoader:240 - Cannot read IP mode file for STMicroelectronics.X-CUBE-AZRTOS-L5.2.0.0
2024-09-04 12:26:05,097 [WARN] PackLoader:240 - Cannot read IP mode file for STMicroelectronics.X-CUBE-MEMS1.9.6.0
2024-09-04 12:26:05,216 [WARN] PackLoader:240 - Cannot read IP mode file for STMicroelectronics.X-CUBE-EEPRMA1.4.2.0
2024-09-04 12:26:05,224 [WARN] PackLoader:240 - Cannot read IP mode file for STMicroelectronics.X-CUBE-NFC6.3.1.0
2024-09-04 12:26:05,232 [WARN] PackLoader:240 - Cannot read IP mode file for ITTIA_DB.I-CUBE-ITTIADB.8.8.0
2024-09-04 12:26:05,238 [WARN] PackLoader:240 - Cannot read IP mode file for STMicroelectronics.X-CUBE-BLEMGR.2.0.0
2024-09-04 12:26:05,245 [WARN] PackLoader:240 - Cannot read IP mode file for STMicroelectronics.X-CUBE-DPower.1.2.0
2024-09-04 12:26:05,249 [WARN] PackLoader:240 - Cannot read IP mode file for STMicroelectronics.X-CUBE-AI.9.0.0
2024-09-04 12:26:05,263 [WARN] ConditionMgr:438 - getConditionDescription Invalid condition id : UX DEVICE CLASS RTOS Condition cause : null
2024-09-04 12:26:05,263 [WARN] ConditionMgr:438 - getConditionDescription Invalid condition id : UX DEVICE CLASS RTOS Condition cause : null
2024-09-04 12:26:05,265 [WARN] PackLoader:240 - Cannot read IP mode file for STMicroelectronics.X-CUBE-AZRTOS-H7.3.1.0
2024-09-04 12:26:05,266 [WARN] ConditionMgr:1039 - genDependencies : Invalid condition id : UX DEVICE CLASS RTOS Condition cause : null
2024-09-04 12:26:05,266 [WARN] ConditionMgr:1039 - genDependencies : Invalid condition id : UX DEVICE CLASS RTOS Condition cause : null
2024-09-04 12:26:05,267 [WARN] ConditionMgr:1039 - genDependencies : Invalid condition id : UX DEVICE CLASS RTOS Condition cause : null
2024-09-04 12:26:05,267 [WARN] ConditionMgr:1039 - genDependencies : Invalid condition id : UX DEVICE CLASS RTOS Condition cause : null
2024-09-04 12:26:05,267 [WARN] ConditionMgr:1039 - genDependencies : Invalid condition id : UX DEVICE CLASS RTOS Condition cause : null
2024-09-04 12:26:05,275 [WARN] PackLoader:240 - Cannot read IP mode file for STMicroelectronics.X-CUBE-NFC7.1.0.1
2024-09-04 12:26:05,281 [WARN] PackLoader:240 - Cannot read IP mode file for STMicroelectronics.X-CUBE-NFC6.3.0.0
2024-09-04 12:26:05,287 [WARN] PackLoader:240 - Cannot read IP mode file for STMicroelectronics.X-CUBE-EEPRMA1.4.1.0
2024-09-04 12:26:05,291 [WARN] PackLoader:240 - Cannot read IP mode file for STMicroelectronics.X-CUBE-AI.8.1.0
2024-09-04 12:26:05,308 [WARN] ConditionMgr:438 - getConditionDescription Invalid condition id : LAN8742 Phy interface Condition cause : null
2024-09-04 12:26:05,308 [WARN] PackLoader:240 - Cannot read IP mode file for STMicroelectronics.X-CUBE-AZRTOS-L4.2.0.0
2024-09-04 12:26:05,309 [WARN] ConditionMgr:1039 - genDependencies : Invalid condition id : LAN8742 Phy interface Condition cause : null
2024-09-04 12:26:05,310 [WARN] ConditionMgr:1039 - genDependencies : Invalid condition id : LAN8742 Phy interface Condition cause : null
2024-09-04 12:26:05,310 [WARN] ConditionMgr:1039 - genDependencies : Invalid condition id : LAN8742 Phy interface Condition cause : null
2024-09-04 12:26:05,317 [WARN] PackLoader:240 - Cannot read IP mode file for STMicroelectronics.X-CUBE-SFXS2LP1.4.0.0
2024-09-04 12:26:05,323 [WARN] PackLoader:240 - Cannot read IP mode file for STMicroelectronics.X-CUBE-ISPU.1.1.0
2024-09-04 12:26:05,338 [WARN] PackLoader:240 - Cannot read IP mode file for STMicroelectronics.X-CUBE-AZRTOS-H7.3.3.0
2024-09-04 12:26:05,349 [WARN] ConditionMgr:438 - getConditionDescription Invalid condition id : UX DEVICE CLASS RTOS Condition cause : null
2024-09-04 12:26:05,349 [WARN] ConditionMgr:438 - getConditionDescription Invalid condition id : UX DEVICE CLASS RTOS Condition cause : null
2024-09-04 12:26:05,351 [WARN] PackLoader:240 - Cannot read IP mode file for STMicroelectronics.X-CUBE-AZRTOS-WB.2.0.0
2024-09-04 12:26:05,352 [WARN] ConditionMgr:1039 - genDependencies : Invalid condition id : UX DEVICE CLASS RTOS Condition cause : null
2024-09-04 12:26:05,352 [WARN] ConditionMgr:1039 - genDependencies : Invalid condition id : UX DEVICE CLASS RTOS Condition cause : null
2024-09-04 12:26:05,353 [WARN] ConditionMgr:1039 - genDependencies : Invalid condition id : UX DEVICE CLASS RTOS Condition cause : null
2024-09-04 12:26:05,353 [WARN] ConditionMgr:1039 - genDependencies : Invalid condition id : UX DEVICE CLASS RTOS Condition cause : null
2024-09-04 12:26:05,353 [WARN] ConditionMgr:1039 - genDependencies : Invalid condition id : UX DEVICE CLASS RTOS Condition cause : null
2024-09-04 12:26:05,358 [WARN] PackLoader:240 - Cannot read IP mode file for STMicroelectronics.X-CUBE-FREERTOS.1.0.1
2024-09-04 12:26:05,364 [WARN] PackLoader:240 - Cannot read IP mode file for STMicroelectronics.FP-SNS-STBOX1.2.0.0
2024-09-04 12:26:05,377 [WARN] PackLoader:240 - Cannot read IP mode file for STMicroelectronics.X-CUBE-AZRTOS-L5.1.1.0
2024-09-04 12:26:05,383 [WARN] PackLoader:240 - Cannot read IP mode file for STMicroelectronics.X-CUBE-AI.8.0.1
2024-09-04 12:26:05,392 [WARN] PackLoader:240 - Cannot read IP mode file for STMicroelectronics.X-CUBE-SUBG2.5.0.0
2024-09-04 12:26:05,401 [WARN] PackLoader:240 - Cannot read IP mode file for Cesanta.I-CUBE-Mongoose.7.13.0
2024-09-04 12:26:05,409 [WARN] PackLoader:240 - Cannot read IP mode file for STMicroelectronics.X-CUBE-TOF1.3.3.1
2024-09-04 12:26:05,428 [WARN] PackLoader:240 - Cannot read IP mode file for STMicroelectronics.X-CUBE-AZRTOS-G4.2.0.0
2024-09-04 12:26:05,440 [WARN] PackLoader:240 - Cannot read IP mode file for Infineon.AIROC-Wi-Fi-Bluetooth-STM32.1.5.1
2024-09-04 12:26:05,447 [WARN] PackLoader:240 - Cannot read IP mode file for STMicroelectronics.FP-SNS-MOTENVWB1.1.3.0
2024-09-04 12:26:05,450 [WARN] PackLoader:240 - Cannot read IP mode file for STMicroelectronics.FP-SNS-MOTENVWB1.1.3.1
2024-09-04 12:26:05,455 [WARN] PackLoader:240 - Cannot read IP mode file for STMicroelectronics.X-CUBE-ISPU.2.0.0
2024-09-04 12:26:05,460 [WARN] PackLoader:240 - Cannot read IP mode file for STMicroelectronics.X-CUBE-ALS.1.0.2
2024-09-04 12:26:05,488 [WARN] PackLoader:240 - Cannot read IP mode file for STMicroelectronics.X-CUBE-MEMS1.10.0.0
2024-09-04 12:26:05,580 [WARN] PackLoader:240 - Cannot read IP mode file for STMicroelectronics.X-CUBE-FREERTOS.1.1.0
2024-09-04 12:26:05,586 [WARN] PackLoader:240 - Cannot read IP mode file for STMicroelectronics.X-CUBE-TOUCHGFX.4.24.0
2024-09-04 12:26:05,591 [WARN] PackLoader:240 - Cannot read IP mode file for wolfSSL.I-CUBE-wolfTPM.3.4.0
2024-09-04 12:26:05,597 [WARN] PackLoader:240 - Cannot read IP mode file for portGmbH.I-Cube-SoM-uGOAL.1.1.0
2024-09-04 12:26:05,602 [WARN] PackLoader:240 - Cannot read IP mode file for STMicroelectronics.X-CUBE-ALS.1.0.1
2024-09-04 12:26:05,613 [WARN] PackLoader:240 - Cannot read IP mode file for STMicroelectronics.X-CUBE-AZRTOS-WB.1.1.0
2024-09-04 12:26:05,629 [WARN] PackLoader:240 - Cannot read IP mode file for STMicroelectronics.X-CUBE-AZRTOS-H7RS.1.0.0
2024-09-04 12:26:05,636 [WARN] PackLoader:240 - Cannot read IP mode file for STMicroelectronics.FP-ATR-ASTRA1.2.0.0
2024-09-04 12:26:05,646 [WARN] PackLoader:240 - Cannot read IP mode file for STMicroelectronics.X-CUBE-TOF1.3.4.2
2024-09-04 12:26:05,661 [WARN] PackLoader:240 - Cannot read IP mode file for STMicroelectronics.X-CUBE-TOF1.3.4.1
2024-09-04 12:26:05,681 [WARN] PackLoader:240 - Cannot read IP mode file for STMicroelectronics.X-CUBE-AZRTOS-H7.3.2.0
2024-09-04 12:26:05,689 [WARN] PackLoader:240 - Cannot read IP mode file for wolfSSL.I-CUBE-wolfSSH.1.4.17
2024-09-04 12:26:05,690 [INFO] ThirdParty:978 - Integrity check success = true
2024-09-04 12:26:05,690 [INFO] IntegrityCheckThread:100 - exiting critical section [integrity check]
2024-09-04 12:26:05,690 [INFO] IntegrityCheckThread:103 - End integrity checks thread
2024-09-04 13:50:07,112 [INFO] WebApp:354 - JxBrowser engine has been closed 
