2024-04-05 17:37:10,598 [INFO] Activator:176 - 


2024-04-05 17:37:10,612 [INFO] Activator:177 - !SESSION log4j initialized
2024-04-05 17:37:23,568 [INFO] LogOutputStream:77 - [STDOUT_REDIRECT] 
2024-04-05 17:37:33,088 [INFO] ApplicationProperties:184 - Using Application install path: D:\STM32CubeIDE_1.13.0\STM32CubeIDE\plugins\com.st.stm32cube.common.mx_6.11.0.202403141607
2024-04-05 17:37:33,125 [INFO] DbMcusXml:78 - Set database path to: D:\STM32CubeIDE_1.13.0\STM32CubeIDE\plugins\com.st.stm32cube.common.mx_6.11.0.202403141607\\db\/mcu/
2024-04-05 17:37:33,126 [INFO] ApiDb:274 - Set plugin database path to: D:\STM32CubeIDE_1.13.0\STM32CubeIDE\plugins\com.st.stm32cube.common.mx_6.11.0.202403141607\\db\/plugins/boardmanager/
2024-04-05 17:37:33,127 [WARN] ApiDb:259 - Overriding images path with different value:  => D:\STM32CubeIDE_1.13.0\STM32CubeIDE\plugins\com.st.stm32cube.common.mx_6.11.0.202403141607\\db\/plugins/mcufinder/images/
2024-04-05 17:37:33,183 [INFO] ApiDb:250 - Set database path to: C:\Users\66405\.stmcufinder\plugins\mcufinder//mcu/
2024-04-05 17:37:33,185 [INFO] DbMcusAds:125 - Set database path to: C:\Users\66405\.stmcufinder\plugins\mcufinder//mcu/
2024-04-05 17:37:33,191 [INFO] CrossReferenceDbSqlite:203 - Set database path to: C:\Users\66405\.stmcufinder\plugins\mcufinder//mcu/cs/
2024-04-05 17:37:33,466 [INFO] RulesReader:64 - Compatibility file has been processed (297 Rules)
2024-04-05 17:37:33,740 [INFO] DbMcusXml:78 - Set database path to: D:\STM32CubeIDE_1.13.0\STM32CubeIDE\plugins\com.st.stm32cube.common.mx_6.11.0.202403141607\\db\/mcu/
2024-04-05 17:37:33,741 [INFO] ApiDb:274 - Set plugin database path to: D:\STM32CubeIDE_1.13.0\STM32CubeIDE\plugins\com.st.stm32cube.common.mx_6.11.0.202403141607\\db\/plugins/boardmanager/
2024-04-05 17:37:33,741 [INFO] ApiDb:261 - Set plugin images path to: D:\STM32CubeIDE_1.13.0\STM32CubeIDE\plugins\com.st.stm32cube.common.mx_6.11.0.202403141607\\db\/plugins/mcufinder/images/
2024-04-05 17:37:33,742 [WARN] DbFile:41 - Overriding database path with different value: C:\Users\66405\.stmcufinder\plugins\mcufinder/ => C:\Users\66405\.stmcufinder\plugins\mcufinder
2024-04-05 17:37:33,742 [INFO] ApiDb:250 - Set database path to: C:\Users\66405\.stmcufinder\plugins\mcufinder//mcu/
2024-04-05 17:37:33,742 [WARN] DbFile:41 - Overriding database path with different value: C:\Users\66405\.stmcufinder\plugins\mcufinder/ => C:\Users\66405\.stmcufinder\plugins\mcufinder
2024-04-05 17:37:33,743 [INFO] DbMcusAds:125 - Set database path to: C:\Users\66405\.stmcufinder\plugins\mcufinder//mcu/
2024-04-05 17:37:33,743 [WARN] DbFile:41 - Overriding database path with different value: C:\Users\66405\.stmcufinder\plugins\mcufinder/ => C:\Users\66405\.stmcufinder\plugins\mcufinder
2024-04-05 17:37:33,743 [WARN] DbFile:41 - Overriding database path with different value: C:\Users\66405\.stmcufinder\plugins\mcufinder/ => C:\Users\66405\.stmcufinder\plugins\mcufinder
2024-04-05 17:37:33,743 [INFO] CrossReferenceDbSqlite:203 - Set database path to: C:\Users\66405\.stmcufinder\plugins\mcufinder//mcu/cs/
2024-04-05 17:37:33,977 [INFO] MainPanel:264 - HeapMemory: 268435456
2024-04-05 17:37:34,227 [INFO] DbMcusXml:78 - Set database path to: D:\STM32CubeIDE_1.13.0\STM32CubeIDE\plugins\com.st.stm32cube.common.mx_6.11.0.202403141607\\db\/mcu/
2024-04-05 17:37:34,227 [INFO] ApiDb:274 - Set plugin database path to: D:\STM32CubeIDE_1.13.0\STM32CubeIDE\plugins\com.st.stm32cube.common.mx_6.11.0.202403141607\\db\/plugins/boardmanager/
2024-04-05 17:37:34,227 [INFO] ApiDb:261 - Set plugin images path to: D:\STM32CubeIDE_1.13.0\STM32CubeIDE\plugins\com.st.stm32cube.common.mx_6.11.0.202403141607\\db\/plugins/mcufinder/images/
2024-04-05 17:37:34,228 [WARN] DbFile:41 - Overriding database path with different value: C:\Users\66405\.stmcufinder\plugins\mcufinder/ => C:\Users\66405\.stmcufinder\plugins\mcufinder
2024-04-05 17:37:34,229 [INFO] ApiDb:250 - Set database path to: C:\Users\66405\.stmcufinder\plugins\mcufinder//mcu/
2024-04-05 17:37:34,229 [WARN] DbFile:41 - Overriding database path with different value: C:\Users\66405\.stmcufinder\plugins\mcufinder/ => C:\Users\66405\.stmcufinder\plugins\mcufinder
2024-04-05 17:37:34,229 [INFO] DbMcusAds:125 - Set database path to: C:\Users\66405\.stmcufinder\plugins\mcufinder//mcu/
2024-04-05 17:37:34,230 [WARN] DbFile:41 - Overriding database path with different value: C:\Users\66405\.stmcufinder\plugins\mcufinder/ => C:\Users\66405\.stmcufinder\plugins\mcufinder
2024-04-05 17:37:34,230 [WARN] DbFile:41 - Overriding database path with different value: C:\Users\66405\.stmcufinder\plugins\mcufinder/ => C:\Users\66405\.stmcufinder\plugins\mcufinder
2024-04-05 17:37:34,234 [INFO] CrossReferenceDbSqlite:203 - Set database path to: C:\Users\66405\.stmcufinder\plugins\mcufinder//mcu/cs/
2024-04-05 17:37:34,317 [INFO] ApplicationProperties:184 - Using Application install path: D:\STM32CubeIDE_1.13.0\STM32CubeIDE\plugins\com.st.stm32cube.common.mx_6.11.0.202403141607
2024-04-05 17:37:34,322 [INFO] PluginManage:196 - Search for loadable plugins [exclusion list=, ]
2024-04-05 17:37:34,326 [INFO] PluginManage:310 - Check plugin analytics
2024-04-05 17:37:39,281 [INFO] AnalyticsPlugin:253 - Accepted Software Licenses: 
2024-04-05 17:37:39,281 [INFO] AnalyticsPlugin:255 - Accepted CMSIS Pack Licenses: 
2024-04-05 17:37:39,282 [INFO] AnalyticsPlugin:257 - Accepted Firmware Licenses: FW.L4.1.18.0
2024-04-05 17:37:39,287 [INFO] PluginManage:359 - Loaded plugin analytics (category:tool,tabindex:-1)
2024-04-05 17:37:39,287 [INFO] PluginManage:310 - Check plugin cadmodel
2024-04-05 17:37:39,297 [INFO] CADModel:105 - Init CAD model plugin
2024-04-05 17:37:39,298 [INFO] PluginManage:359 - Loaded plugin cadmodel (category:power,tabindex:5)
2024-04-05 17:37:39,298 [INFO] PluginManage:310 - Check plugin clock
2024-04-05 17:37:39,319 [INFO] PluginManage:359 - Loaded plugin clock (category:base,tabindex:2)
2024-04-05 17:37:39,319 [INFO] PluginManage:310 - Check plugin ddr
2024-04-05 17:37:39,324 [INFO] PluginManage:359 - Loaded plugin ddr (category:tool,tabindex:6)
2024-04-05 17:37:39,324 [INFO] PluginManage:310 - Check plugin filemanager
2024-04-05 17:37:39,579 [INFO] PluginManage:359 - Loaded plugin filemanager (category:base,tabindex:10)
2024-04-05 17:37:39,579 [INFO] PluginManage:310 - Check plugin ipmanager
2024-04-05 17:37:39,596 [INFO] PluginManage:359 - Loaded plugin ipmanager (category:base,tabindex:5)
2024-04-05 17:37:39,596 [INFO] PluginManage:310 - Check plugin lpbam
2024-04-05 17:37:39,612 [INFO] PluginManage:359 - Loaded plugin lpbam (category:base,tabindex:0)
2024-04-05 17:37:39,612 [INFO] PluginManage:310 - Check plugin memorymap
2024-04-05 17:37:39,636 [INFO] PluginManage:359 - Loaded plugin memorymap (category:base,tabindex:4)
2024-04-05 17:37:39,637 [INFO] PluginManage:310 - Check plugin pinoutandconfiguration
2024-04-05 17:37:39,650 [INFO] PluginManage:359 - Loaded plugin pinoutandconfiguration (category:base,tabindex:1)
2024-04-05 17:37:39,651 [INFO] PluginManage:310 - Check plugin pinoutconfig
2024-04-05 17:37:39,845 [WARN] SupportedApi:132 - Cannot load RTOS API schema: s4s-elt-must-match.1: The content of 'definitions' must match (annotation?, (simpleType | complexType)?, (unique | key | keyref)*)). A problem was found starting at: attribute.
2024-04-05 17:37:40,100 [INFO] PluginManage:359 - Loaded plugin pinoutconfig (category:base,tabindex:0)
2024-04-05 17:37:40,100 [INFO] PluginManage:310 - Check plugin power
2024-04-05 17:37:40,125 [INFO] PluginManage:359 - Loaded plugin power (category:power,tabindex:4)
2024-04-05 17:37:40,125 [INFO] PluginManage:310 - Check plugin projectmanager
2024-04-05 17:37:40,158 [INFO] PluginManage:359 - Loaded plugin projectmanager (category:projectmanager,tabindex:3)
2024-04-05 17:37:40,158 [INFO] PluginManage:310 - Check plugin thirdparty
2024-04-05 17:37:40,449 [INFO] PluginManage:359 - Loaded plugin thirdparty (category:base,tabindex:-1)
2024-04-05 17:37:40,449 [WARN] IntegrityCheckThread:84 - waiting for thirdparty lock release [integrity check]
2024-04-05 17:37:40,449 [INFO] PluginManage:310 - Check plugin tools
2024-04-05 17:37:40,449 [INFO] IntegrityCheckThread:86 - entering critical section [integrity check]
2024-04-05 17:37:40,450 [INFO] ThirdPartyUpdaterWithRetryManager:70 - Updater plugin not ready yet. [1/15]
2024-04-05 17:37:40,455 [INFO] PluginManage:359 - Loaded plugin tools (category:base,tabindex:7)
2024-04-05 17:37:40,455 [INFO] PluginManage:310 - Check plugin tutovideos
2024-04-05 17:37:40,826 [INFO] PluginManage:359 - Loaded plugin tutovideos (category:base,tabindex:-1)
2024-04-05 17:37:40,826 [INFO] PluginManage:310 - Check plugin updater
2024-04-05 17:37:40,846 [INFO] PluginManage:359 - Loaded plugin updater (category:base,tabindex:12)
2024-04-05 17:37:40,847 [INFO] PluginManage:310 - Check plugin userauth
2024-04-05 17:37:40,856 [INFO] UserAuth:114 - Init User Auth plugin
2024-04-05 17:37:40,856 [INFO] PluginManage:359 - Loaded plugin userauth (category:base,tabindex:14)
2024-04-05 17:37:40,858 [INFO] PluginManage:283 - PluginManage : Loaded plugins [17]
2024-04-05 17:37:41,343 [INFO] PinOutPanel:1561 - setPackage(No Configuration,No Configuration)
2024-04-05 17:37:41,488 [INFO] CADModel:165 - CPN selected for project level
2024-04-05 17:37:41,489 [INFO] CADModel:114 - Register for checkConnection events
2024-04-05 17:37:41,517 [INFO] IPUIPlugin:80 - create IPUIPlugin
2024-04-05 17:37:41,518 [INFO] PluginManager:220 - loadIPPluginJar : add adc
2024-04-05 17:37:41,524 [INFO] IPUIPlugin:80 - create IPUIPlugin
2024-04-05 17:37:41,524 [INFO] PluginManager:220 - loadIPPluginJar : add aes
2024-04-05 17:37:41,529 [INFO] IPUIPlugin:80 - create IPUIPlugin
2024-04-05 17:37:41,530 [INFO] PluginManager:220 - loadIPPluginJar : add can
2024-04-05 17:37:41,533 [INFO] IPUIPlugin:80 - create IPUIPlugin
2024-04-05 17:37:41,533 [INFO] PluginManager:220 - loadIPPluginJar : add comp
2024-04-05 17:37:41,538 [INFO] IPUIPlugin:80 - create IPUIPlugin
2024-04-05 17:37:41,538 [INFO] PluginManager:220 - loadIPPluginJar : add cryp
2024-04-05 17:37:41,542 [INFO] IPUIPlugin:80 - create IPUIPlugin
2024-04-05 17:37:41,543 [INFO] PluginManager:220 - loadIPPluginJar : add dfsdm
2024-04-05 17:37:41,551 [INFO] IPUIPlugin:80 - create IPUIPlugin
2024-04-05 17:37:41,552 [INFO] PluginManager:220 - loadIPPluginJar : add dma
2024-04-05 17:37:41,556 [INFO] IPUIPlugin:80 - create IPUIPlugin
2024-04-05 17:37:41,557 [INFO] PluginManager:220 - loadIPPluginJar : add dma3
2024-04-05 17:37:41,562 [INFO] IPUIPlugin:80 - create IPUIPlugin
2024-04-05 17:37:41,562 [INFO] PluginManager:220 - loadIPPluginJar : add extmemmanager
2024-04-05 17:37:41,565 [INFO] IPUIPlugin:80 - create IPUIPlugin
2024-04-05 17:37:41,565 [INFO] PluginManager:220 - loadIPPluginJar : add fatfs
2024-04-05 17:37:41,570 [INFO] IPUIPlugin:80 - create IPUIPlugin
2024-04-05 17:37:41,571 [INFO] PluginManager:220 - loadIPPluginJar : add fmc
2024-04-05 17:37:41,580 [INFO] IPUIPlugin:80 - create IPUIPlugin
2024-04-05 17:37:41,580 [INFO] PluginManager:220 - loadIPPluginJar : add freertos
2024-04-05 17:37:41,583 [INFO] IPUIPlugin:80 - create IPUIPlugin
2024-04-05 17:37:41,584 [INFO] PluginManager:220 - loadIPPluginJar : add genericplugin
2024-04-05 17:37:41,589 [INFO] IPUIPlugin:80 - create IPUIPlugin
2024-04-05 17:37:41,589 [INFO] PluginManager:220 - loadIPPluginJar : add gfxmmu
2024-04-05 17:37:41,597 [INFO] IPUIPlugin:80 - create IPUIPlugin
2024-04-05 17:37:41,598 [INFO] PluginManager:220 - loadIPPluginJar : add gic
2024-04-05 17:37:41,606 [INFO] IPUIPlugin:80 - create IPUIPlugin
2024-04-05 17:37:41,606 [INFO] PluginManager:220 - loadIPPluginJar : add gpio
2024-04-05 17:37:41,612 [INFO] IPUIPlugin:80 - create IPUIPlugin
2024-04-05 17:37:41,612 [INFO] PluginManager:220 - loadIPPluginJar : add gtzc
2024-04-05 17:37:41,616 [INFO] IPUIPlugin:80 - create IPUIPlugin
2024-04-05 17:37:41,616 [INFO] PluginManager:220 - loadIPPluginJar : add hash
2024-04-05 17:37:41,622 [INFO] IPUIPlugin:80 - create IPUIPlugin
2024-04-05 17:37:41,622 [INFO] PluginManager:220 - loadIPPluginJar : add i2c
2024-04-05 17:37:41,627 [INFO] IPUIPlugin:80 - create IPUIPlugin
2024-04-05 17:37:41,627 [INFO] PluginManager:220 - loadIPPluginJar : add i2s
2024-04-05 17:37:41,632 [INFO] IPUIPlugin:80 - create IPUIPlugin
2024-04-05 17:37:41,632 [INFO] PluginManager:220 - loadIPPluginJar : add i3c
2024-04-05 17:37:41,638 [INFO] IPUIPlugin:80 - create IPUIPlugin
2024-04-05 17:37:41,639 [INFO] PluginManager:220 - loadIPPluginJar : add ipddr
2024-04-05 17:37:41,649 [INFO] IPUIPlugin:80 - create IPUIPlugin
2024-04-05 17:37:41,649 [INFO] PluginManager:220 - loadIPPluginJar : add linkedlist
2024-04-05 17:37:41,654 [INFO] IPUIPlugin:80 - create IPUIPlugin
2024-04-05 17:37:41,654 [INFO] PluginManager:220 - loadIPPluginJar : add lorawan
2024-04-05 17:37:41,658 [INFO] IPUIPlugin:80 - create IPUIPlugin
2024-04-05 17:37:41,658 [INFO] PluginManager:220 - loadIPPluginJar : add ltdc
2024-04-05 17:37:41,668 [INFO] IPUIPlugin:80 - create IPUIPlugin
2024-04-05 17:37:41,668 [INFO] PluginManager:220 - loadIPPluginJar : add mdma
2024-04-05 17:37:41,675 [INFO] IPUIPlugin:80 - create IPUIPlugin
2024-04-05 17:37:41,675 [INFO] PluginManager:220 - loadIPPluginJar : add nvic
2024-04-05 17:37:41,680 [INFO] IPUIPlugin:80 - create IPUIPlugin
2024-04-05 17:37:41,680 [INFO] PluginManager:220 - loadIPPluginJar : add opamp
2024-04-05 17:37:41,686 [INFO] IPUIPlugin:80 - create IPUIPlugin
2024-04-05 17:37:41,687 [INFO] PluginManager:220 - loadIPPluginJar : add openamp
2024-04-05 17:37:41,694 [INFO] IPUIPlugin:80 - create IPUIPlugin
2024-04-05 17:37:41,694 [INFO] PluginManager:220 - loadIPPluginJar : add pdm2pcm
2024-04-05 17:37:41,704 [INFO] IPUIPlugin:80 - create IPUIPlugin
2024-04-05 17:37:41,709 [INFO] PluginManager:220 - loadIPPluginJar : add plateformsettings
2024-04-05 17:37:41,713 [INFO] IPUIPlugin:80 - create IPUIPlugin
2024-04-05 17:37:41,713 [INFO] PluginManager:220 - loadIPPluginJar : add quadspi
2024-04-05 17:37:41,721 [INFO] IPUIPlugin:80 - create IPUIPlugin
2024-04-05 17:37:41,721 [INFO] PluginManager:220 - loadIPPluginJar : add resmgrutility
2024-04-05 17:37:41,727 [INFO] IPUIPlugin:80 - create IPUIPlugin
2024-04-05 17:37:41,728 [INFO] PluginManager:220 - loadIPPluginJar : add sai
2024-04-05 17:37:41,732 [INFO] IPUIPlugin:80 - create IPUIPlugin
2024-04-05 17:37:41,732 [INFO] PluginManager:220 - loadIPPluginJar : add spi
2024-04-05 17:37:41,743 [INFO] IPUIPlugin:80 - create IPUIPlugin
2024-04-05 17:37:41,743 [INFO] PluginManager:220 - loadIPPluginJar : add stm32_wpan
2024-04-05 17:37:41,747 [INFO] IPUIPlugin:80 - create IPUIPlugin
2024-04-05 17:37:41,747 [INFO] PluginManager:220 - loadIPPluginJar : add tim
2024-04-05 17:37:41,757 [INFO] IPUIPlugin:80 - create IPUIPlugin
2024-04-05 17:37:41,758 [INFO] PluginManager:220 - loadIPPluginJar : add touchsensing
2024-04-05 17:37:41,762 [INFO] IPUIPlugin:80 - create IPUIPlugin
2024-04-05 17:37:41,762 [INFO] PluginManager:220 - loadIPPluginJar : add tracer_emb
2024-04-05 17:37:41,765 [INFO] IPUIPlugin:80 - create IPUIPlugin
2024-04-05 17:37:41,766 [INFO] PluginManager:220 - loadIPPluginJar : add ts
2024-04-05 17:37:41,769 [INFO] IPUIPlugin:80 - create IPUIPlugin
2024-04-05 17:37:41,770 [INFO] PluginManager:220 - loadIPPluginJar : add tsc
2024-04-05 17:37:41,774 [INFO] IPUIPlugin:80 - create IPUIPlugin
2024-04-05 17:37:41,774 [INFO] PluginManager:220 - loadIPPluginJar : add ucpd
2024-04-05 17:37:41,779 [INFO] IPUIPlugin:80 - create IPUIPlugin
2024-04-05 17:37:41,779 [INFO] PluginManager:220 - loadIPPluginJar : add usart
2024-04-05 17:37:41,784 [INFO] IPUIPlugin:80 - create IPUIPlugin
2024-04-05 17:37:41,784 [INFO] PluginManager:220 - loadIPPluginJar : add usbx
2024-04-05 17:37:42,023 [INFO] CADModel:165 - CPN selected for project level
2024-04-05 17:37:42,023 [INFO] CADModel:114 - Register for checkConnection events
2024-04-05 17:37:42,023 [FATAL] Updater:308 - Updater called before beeing initialized
2024-04-05 17:37:42,024 [ERROR] CADModel:125 - Updater not yet initialized, retry later 
2024-04-05 17:37:42,408 [INFO] CADModel:165 - CPN selected for project level
2024-04-05 17:37:42,409 [INFO] CADModel:114 - Register for checkConnection events
2024-04-05 17:37:42,409 [FATAL] Updater:308 - Updater called before beeing initialized
2024-04-05 17:37:42,409 [ERROR] CADModel:125 - Updater not yet initialized, retry later 
2024-04-05 17:37:42,414 [FATAL] Updater:308 - Updater called before beeing initialized
2024-04-05 17:37:42,646 [FATAL] Updater:308 - Updater called before beeing initialized
2024-04-05 17:37:42,654 [INFO] DbMcusAds:53 - JSON generation date=Wed Nov 29 10:52:26 GMT 2023 (1701255146895)
2024-04-05 17:37:42,655 [FATAL] Updater:308 - Updater called before beeing initialized
2024-04-05 17:37:42,752 [WARN] DetailPanel:346 - Failed to get advertising image, set to default
2024-04-05 17:37:42,950 [FATAL] Updater:308 - Updater called before beeing initialized
2024-04-05 17:37:42,953 [FATAL] Updater:308 - Updater called before beeing initialized
2024-04-05 17:37:42,953 [FATAL] Updater:308 - Updater called before beeing initialized
2024-04-05 17:37:42,953 [WARN] DetailPanel:346 - Failed to get advertising image, set to default
2024-04-05 17:37:42,955 [FATAL] Updater:308 - Updater called before beeing initialized
2024-04-05 17:37:43,059 [ERROR] Updater:1120 - MainUpdater not yet initialized. External WinMGr cannot be set.
2024-04-05 17:37:43,062 [INFO] Updater:1056 - Updater Version found : 6.11.0
2024-04-05 17:37:43,101 [INFO] ApplicationProperties:184 - Using Application install path: D:\STM32CubeIDE_1.13.0\STM32CubeIDE\plugins\com.st.stm32cube.common.mx_6.11.0.202403141607
2024-04-05 17:37:43,453 [INFO] ThirdPartyUpdaterWithRetryManager:70 - Updater plugin not ready yet. [2/15]
2024-04-05 17:37:44,743 [ERROR] LogOutputStream:75 - [STDERR_REDIRECT] Apr 05, 2024 5:37:44 PM java.util.prefs.WindowsPreferences <init>
2024-04-05 17:37:44,745 [ERROR] LogOutputStream:75 - [STDERR_REDIRECT] WARNING: Could not open/create prefs root node Software\JavaSoft\Prefs at root 0xffffffff80000002. Windows RegCreateKeyEx(...) returned error code 5.
2024-04-05 17:37:44,745 [ERROR] LogOutputStream:75 - [STDERR_REDIRECT] 
2024-04-05 17:37:45,560 [INFO] MainUpdater:2873 - connection check result : 10
2024-04-05 17:37:45,561 [INFO] MainUpdater:290 - Updater Check For Update Now.
2024-04-05 17:37:45,561 [INFO] MicroXplorer:498 - Change Database Version : DB.6.0.110
2024-04-05 17:37:45,612 [INFO] McuFinderGlobals:63 - Set McuFinder mode to 2 (CubeIDE integrated)
2024-04-05 17:37:45,646 [INFO] UserAuth:415 - Internet connection configuration mode: 1
2024-04-05 17:37:45,684 [INFO] JxBrowserEngine:152 - Initiate JxBrowser Engine with user profile folder
2024-04-05 17:37:45,879 [INFO] CheckServerUpdateThread:120 - End of CheckServer Thread
2024-04-05 17:37:46,949 [WARN] PackLoader:240 - Cannot read IP mode file for STMicroelectronics.X-CUBE-SMBUS.2.1.0
2024-04-05 17:37:46,963 [WARN] PackLoader:240 - Cannot read IP mode file for STMicroelectronics.X-CUBE-TOUCHGFX.4.23.1
2024-04-05 17:37:46,969 [WARN] PackLoader:240 - Cannot read IP mode file for STMicroelectronics.X-CUBE-TOUCHGFX.4.23.0
2024-04-05 17:37:47,030 [WARN] PackLoader:240 - Cannot read IP mode file for STMicroelectronics.X-CUBE-AZRTOS-F7.1.1.0
2024-04-05 17:37:47,051 [WARN] PackLoader:240 - Cannot read IP mode file for STMicroelectronics.FP-SNS-MOTENV1.4.3.2
2024-04-05 17:37:47,072 [WARN] PackLoader:240 - Cannot read IP mode file for STMicroelectronics.X-CUBE-BLE1.6.2.4
2024-04-05 17:37:47,083 [WARN] PackLoader:240 - Cannot read IP mode file for STMicroelectronics.FP-SNS-FLIGHT1.5.0.2
2024-04-05 17:37:47,102 [WARN] PackLoader:240 - Cannot read IP mode file for STMicroelectronics.X-CUBE-DISPLAY.3.0.0
2024-04-05 17:37:47,124 [WARN] PackLoader:240 - Cannot read IP mode file for STMicroelectronics.X-CUBE-BLE1.7.0.0
2024-04-05 17:37:47,139 [WARN] PackLoader:240 - Cannot read IP mode file for emotas.I-CUBE-CANOPEN.1.3.0
2024-04-05 17:37:47,146 [WARN] PackLoader:240 - Cannot read IP mode file for STMicroelectronics.X-CUBE-TOUCHGFX.4.22.0
2024-04-05 17:37:47,151 [WARN] PackLoader:240 - Cannot read IP mode file for STMicroelectronics.X-CUBE-TOUCHGFX.4.22.1
2024-04-05 17:37:47,175 [WARN] PackLoader:240 - Cannot read IP mode file for STMicroelectronics.X-CUBE-BLEMGR.3.1.0
2024-04-05 17:37:47,190 [WARN] PackLoader:240 - Cannot read IP mode file for STMicroelectronics.FP-SNS-SMARTAG2.1.2.0
2024-04-05 17:37:47,212 [INFO] LogOutputStream:77 - [STDOUT_REDIRECT] 1 : Invalid condition id : UX_CORESTACK_Condition cause : null
2024-04-05 17:37:47,213 [INFO] LogOutputStream:77 - [STDOUT_REDIRECT] 1 : Invalid condition id : UX_CORESTACK_Condition cause : null
2024-04-05 17:37:47,215 [INFO] LogOutputStream:77 - [STDOUT_REDIRECT] 1 : Invalid condition id : UX_CORESTACK_Condition cause : null
2024-04-05 17:37:47,217 [INFO] LogOutputStream:77 - [STDOUT_REDIRECT] 1 : Invalid condition id : UX_CORESTACK_Condition cause : null
2024-04-05 17:37:47,221 [INFO] LogOutputStream:77 - [STDOUT_REDIRECT] 1 : Invalid condition id : UX_CORESTACK_Condition cause : null
2024-04-05 17:37:47,228 [WARN] PackLoader:240 - Cannot read IP mode file for STMicroelectronics.X-CUBE-AZRTOS-WL.2.0.0
2024-04-05 17:37:47,239 [WARN] PackLoader:240 - Cannot read IP mode file for STMicroelectronics.FP-SNS-MOTENV1.5.0.0
2024-04-05 17:37:47,255 [WARN] PackLoader:240 - Cannot read IP mode file for WES.I-CUBE-Cesium.1.3.0
2024-04-05 17:37:47,265 [WARN] PackLoader:240 - Cannot read IP mode file for STMicroelectronics.X-CUBE-BLE2.3.3.0
2024-04-05 17:37:47,280 [WARN] PackLoader:240 - Cannot read IP mode file for STMicroelectronics.X-CUBE-ALGOBUILD.1.3.0
2024-04-05 17:37:47,312 [WARN] PackLoader:240 - Cannot read IP mode file for STMicroelectronics.X-CUBE-AZRTOS-G0.1.1.0
2024-04-05 17:37:47,329 [WARN] PackLoader:240 - Cannot read IP mode file for STMicroelectronics.X-CUBE-SAFEA1.1.2.2
2024-04-05 17:37:47,341 [WARN] PackLoader:240 - Cannot read IP mode file for STMicroelectronics.X-CUBE-NFC4.3.0.0
2024-04-05 17:37:47,362 [WARN] PackLoader:240 - Cannot read IP mode file for STMicroelectronics.X-CUBE-BLEMGR.3.0.0
2024-04-05 17:37:47,374 [WARN] PackLoader:240 - Cannot read IP mode file for STMicroelectronics.FP-ATR-SIGFOX1.3.2.0
2024-04-05 17:37:47,386 [WARN] PackLoader:240 - Cannot read IP mode file for STMicroelectronics.X-CUBE-EEPRMA1.5.1.0
2024-04-05 17:37:47,432 [WARN] PackLoader:240 - Cannot read IP mode file for SEGGER.I-CUBE-embOS.1.3.1
2024-04-05 17:37:47,502 [WARN] PackLoader:240 - Cannot read IP mode file for STMicroelectronics.X-CUBE-GNSS1.6.0.0
2024-04-05 17:37:47,532 [WARN] PackLoader:240 - Cannot read IP mode file for STMicroelectronics.X-CUBE-AZRTOS-F4.1.1.0
2024-04-05 17:37:47,546 [WARN] PackLoader:240 - Cannot read IP mode file for wolfSSL.I-CUBE-wolfSSL.5.6.3
2024-04-05 17:37:47,575 [WARN] PackLoader:240 - Cannot read IP mode file for STMicroelectronics.X-CUBE-AZRTOS-L5.2.0.0
2024-04-05 17:37:47,650 [WARN] PackLoader:240 - Cannot read IP mode file for STMicroelectronics.X-CUBE-MEMS1.9.6.0
2024-04-05 17:37:47,943 [WARN] PackLoader:240 - Cannot read IP mode file for STMicroelectronics.X-CUBE-EEPRMA1.4.2.0
2024-04-05 17:37:47,983 [WARN] PackLoader:240 - Cannot read IP mode file for STMicroelectronics.X-CUBE-NFC6.3.1.0
2024-04-05 17:37:47,995 [WARN] PackLoader:240 - Cannot read IP mode file for ITTIA_DB.I-CUBE-ITTIADB.8.8.0
2024-04-05 17:37:48,007 [WARN] PackLoader:240 - Cannot read IP mode file for STMicroelectronics.X-CUBE-BLEMGR.2.0.0
2024-04-05 17:37:48,039 [WARN] ConditionMgr:438 - getConditionDescription Invalid condition id : UX DEVICE CLASS RTOS Condition cause : null
2024-04-05 17:37:48,039 [WARN] ConditionMgr:438 - getConditionDescription Invalid condition id : UX DEVICE CLASS RTOS Condition cause : null
2024-04-05 17:37:48,045 [WARN] PackLoader:240 - Cannot read IP mode file for STMicroelectronics.X-CUBE-AZRTOS-H7.3.1.0
2024-04-05 17:37:48,046 [WARN] ConditionMgr:1039 - genDependencies : Invalid condition id : UX DEVICE CLASS RTOS Condition cause : null
2024-04-05 17:37:48,047 [WARN] ConditionMgr:1039 - genDependencies : Invalid condition id : UX DEVICE CLASS RTOS Condition cause : null
2024-04-05 17:37:48,048 [WARN] ConditionMgr:1039 - genDependencies : Invalid condition id : UX DEVICE CLASS RTOS Condition cause : null
2024-04-05 17:37:48,049 [WARN] ConditionMgr:1039 - genDependencies : Invalid condition id : UX DEVICE CLASS RTOS Condition cause : null
2024-04-05 17:37:48,049 [WARN] ConditionMgr:1039 - genDependencies : Invalid condition id : UX DEVICE CLASS RTOS Condition cause : null
2024-04-05 17:37:48,061 [WARN] PackLoader:240 - Cannot read IP mode file for STMicroelectronics.X-CUBE-NFC7.1.0.1
2024-04-05 17:37:48,074 [WARN] PackLoader:240 - Cannot read IP mode file for STMicroelectronics.X-CUBE-NFC6.3.0.0
2024-04-05 17:37:48,086 [WARN] PackLoader:240 - Cannot read IP mode file for STMicroelectronics.X-CUBE-EEPRMA1.4.1.0
2024-04-05 17:37:48,094 [WARN] PackLoader:240 - Cannot read IP mode file for STMicroelectronics.X-CUBE-AI.8.1.0
2024-04-05 17:37:48,164 [WARN] ConditionMgr:438 - getConditionDescription Invalid condition id : LAN8742 Phy interface Condition cause : null
2024-04-05 17:37:48,165 [WARN] PackLoader:240 - Cannot read IP mode file for STMicroelectronics.X-CUBE-AZRTOS-L4.2.0.0
2024-04-05 17:37:48,167 [WARN] ConditionMgr:1039 - genDependencies : Invalid condition id : LAN8742 Phy interface Condition cause : null
2024-04-05 17:37:48,167 [WARN] ConditionMgr:1039 - genDependencies : Invalid condition id : LAN8742 Phy interface Condition cause : null
2024-04-05 17:37:48,168 [WARN] ConditionMgr:1039 - genDependencies : Invalid condition id : LAN8742 Phy interface Condition cause : null
2024-04-05 17:37:48,182 [WARN] PackLoader:240 - Cannot read IP mode file for STMicroelectronics.X-CUBE-SFXS2LP1.4.0.0
2024-04-05 17:37:48,193 [WARN] PackLoader:240 - Cannot read IP mode file for STMicroelectronics.X-CUBE-ISPU.1.1.0
2024-04-05 17:37:48,214 [WARN] ConditionMgr:438 - getConditionDescription Invalid condition id : UX DEVICE CLASS RTOS Condition cause : null
2024-04-05 17:37:48,215 [WARN] ConditionMgr:438 - getConditionDescription Invalid condition id : UX DEVICE CLASS RTOS Condition cause : null
2024-04-05 17:37:48,221 [WARN] PackLoader:240 - Cannot read IP mode file for STMicroelectronics.X-CUBE-AZRTOS-WB.2.0.0
2024-04-05 17:37:48,222 [WARN] ConditionMgr:1039 - genDependencies : Invalid condition id : UX DEVICE CLASS RTOS Condition cause : null
2024-04-05 17:37:48,223 [WARN] ConditionMgr:1039 - genDependencies : Invalid condition id : UX DEVICE CLASS RTOS Condition cause : null
2024-04-05 17:37:48,224 [WARN] ConditionMgr:1039 - genDependencies : Invalid condition id : UX DEVICE CLASS RTOS Condition cause : null
2024-04-05 17:37:48,225 [WARN] ConditionMgr:1039 - genDependencies : Invalid condition id : UX DEVICE CLASS RTOS Condition cause : null
2024-04-05 17:37:48,226 [WARN] ConditionMgr:1039 - genDependencies : Invalid condition id : UX DEVICE CLASS RTOS Condition cause : null
2024-04-05 17:37:48,239 [WARN] PackLoader:240 - Cannot read IP mode file for STMicroelectronics.X-CUBE-FREERTOS.1.0.1
2024-04-05 17:37:48,270 [WARN] PackLoader:240 - Cannot read IP mode file for STMicroelectronics.X-CUBE-AZRTOS-L5.1.1.0
2024-04-05 17:37:48,322 [WARN] PackLoader:240 - Cannot read IP mode file for STMicroelectronics.X-CUBE-AI.8.0.1
2024-04-05 17:37:48,355 [WARN] PackLoader:240 - Cannot read IP mode file for STMicroelectronics.X-CUBE-SUBG2.5.0.0
2024-04-05 17:37:48,393 [WARN] PackLoader:240 - Cannot read IP mode file for STMicroelectronics.X-CUBE-TOF1.3.3.1
2024-04-05 17:37:48,438 [WARN] PackLoader:240 - Cannot read IP mode file for STMicroelectronics.X-CUBE-AZRTOS-G4.2.0.0
2024-04-05 17:37:48,466 [WARN] PackLoader:240 - Cannot read IP mode file for Infineon.AIROC-Wi-Fi-Bluetooth-STM32.1.5.1
2024-04-05 17:37:48,480 [WARN] PackLoader:240 - Cannot read IP mode file for STMicroelectronics.FP-SNS-MOTENVWB1.1.3.0
2024-04-05 17:37:48,488 [WARN] PackLoader:240 - Cannot read IP mode file for STMicroelectronics.FP-SNS-MOTENVWB1.1.3.1
2024-04-05 17:37:48,496 [WARN] PackLoader:240 - Cannot read IP mode file for STMicroelectronics.X-CUBE-ISPU.2.0.0
2024-04-05 17:37:48,564 [WARN] PackLoader:240 - Cannot read IP mode file for STMicroelectronics.X-CUBE-MEMS1.10.0.0
2024-04-05 17:37:48,771 [WARN] PackLoader:240 - Cannot read IP mode file for STMicroelectronics.X-CUBE-FREERTOS.1.1.0
2024-04-05 17:37:48,779 [INFO] WebApp:161 - Instantiating new browser for Auth
2024-04-05 17:37:48,783 [WARN] PackLoader:240 - Cannot read IP mode file for portGmbH.I-Cube-SoM-uGOAL.1.1.0
2024-04-05 17:37:48,793 [WARN] PackLoader:240 - Cannot read IP mode file for STMicroelectronics.X-CUBE-ALS.1.0.1
2024-04-05 17:37:48,822 [WARN] PackLoader:240 - Cannot read IP mode file for STMicroelectronics.X-CUBE-AZRTOS-WB.1.1.0
2024-04-05 17:37:48,853 [WARN] PackLoader:240 - Cannot read IP mode file for STMicroelectronics.FP-ATR-ASTRA1.2.0.0
2024-04-05 17:37:48,875 [WARN] PackLoader:240 - Cannot read IP mode file for STMicroelectronics.X-CUBE-TOF1.3.4.1
2024-04-05 17:37:48,928 [WARN] PackLoader:240 - Cannot read IP mode file for STMicroelectronics.X-CUBE-AZRTOS-H7.3.2.0
2024-04-05 17:37:48,933 [INFO] ThirdParty:978 - Integrity check success = true
2024-04-05 17:37:48,933 [INFO] IntegrityCheckThread:100 - exiting critical section [integrity check]
2024-04-05 17:37:48,933 [INFO] IntegrityCheckThread:103 - End integrity checks thread
2024-04-05 17:37:50,125 [INFO] WebApp:779 - Register for checkConnection events
2024-04-05 17:37:50,125 [INFO] WebApp:414 - Apply proxy settings
2024-04-05 17:37:50,125 [INFO] WebApp:499 - Chromium requires no authentication
2024-04-05 17:37:50,141 [INFO] WebApp:442 - Direct internet connection detected
2024-04-05 17:37:50,490 [INFO] WebApp:192 - Starting web application
2024-04-05 17:37:50,490 [INFO] WebApp:544 - Web application path used D:\STM32CubeIDE_1.13.0\STM32CubeIDE\plugins\com.st.stm32cube.common.mx_6.11.0.202403141607\db\plugins\mcufinder\reactClient1\index.html
2024-04-05 18:36:57,130 [INFO] McuFinderGlobals:63 - Set McuFinder mode to 2 (CubeIDE integrated)
2024-04-05 18:36:57,137 [INFO] MainUpdater:2873 - connection check result : 10
2024-04-05 18:36:57,146 [INFO] McuFinderGlobals:76 - Set McuFinderConnectedMode to true
2024-04-05 18:36:57,482 [INFO] ServerAccessManage:473 - Download File mcusAds.json._tmp_
2024-04-05 18:36:57,649 [INFO] LoadUrlFilesThread:156 - End of LoadUrlFiles Thread
2024-04-05 18:36:57,992 [INFO] ServerAccessManage:473 - Download File cube-finder-db.zip
2024-04-05 18:37:03,291 [INFO] FileExtend:240 - Unzip File : cube-finder-db.zip
2024-04-05 18:37:03,292 [INFO] FileExtend:255 - Standard Zip Deflate
2024-04-05 18:37:04,710 [INFO] LoadUrlFilesThread:156 - End of LoadUrlFiles Thread
2024-04-05 18:37:05,032 [INFO] ServerAccessManage:473 - Download File crdb.zip
2024-04-05 18:37:05,255 [INFO] FileExtend:240 - Unzip File : crdb.zip
2024-04-05 18:37:05,256 [INFO] FileExtend:255 - Standard Zip Deflate
2024-04-05 18:37:05,393 [INFO] LoadUrlFilesThread:156 - End of LoadUrlFiles Thread
2024-04-05 18:37:05,647 [INFO] ServerAccessManage:473 - Download File tutoVideoDB.zip
2024-04-05 18:37:05,657 [INFO] FileExtend:240 - Unzip File : tutoVideoDB.zip
2024-04-05 18:37:05,657 [INFO] FileExtend:255 - Standard Zip Deflate
2024-04-05 18:37:05,776 [INFO] LoadUrlFilesThread:156 - End of LoadUrlFiles Thread
2024-04-05 18:37:05,779 [WARN] DbFile:41 - Overriding database path with different value: C:\Users\66405\.stmcufinder\plugins\mcufinder/ => C:\Users\66405\.stmcufinder\plugins\mcufinder
2024-04-05 18:37:05,944 [INFO] ServerAccessManage:473 - Download File api_config.json
2024-04-05 18:37:06,064 [INFO] LoadUrlFilesThread:156 - End of LoadUrlFiles Thread
2024-04-05 18:37:06,068 [INFO] DbMcusAds:53 - JSON generation date=Wed Nov 29 10:52:27 GMT 2023 (1701255147349)
2024-04-05 18:37:06,126 [INFO] LoadUrlFilesThread:185 - End of LoadServerUrlFiles without Thread
2024-04-05 18:37:06,127 [INFO] TargetSelectorAdapter:259 - Refresh data is successful
2024-04-05 18:37:06,358 [INFO] ApiDb:581 - Connected to CubeFinder SQLite database (C:\Users\66405\.stmcufinder\plugins\mcufinder\mcu\cube-finder-db.db)
2024-04-05 18:37:06,493 [INFO] ApiDb:668 - CubeFinder database Data Model version=2.1
2024-04-05 18:37:06,494 [INFO] ApiDb:669 - CubeFinder database Configuration version=3.0.39
2024-04-05 18:37:06,496 [INFO] ApiDb:670 - CubeFinder database generation date=2024-03-25 (1711369621)
2024-04-05 18:37:06,497 [INFO] ApiDb:671 - CubeFinder database FW Pack versions=[FP-ATR-ASTRA1_V2.0.0, FP-SNS-FLIGHT1_V5.0.1, FP-SNS-FLIGHT1_V5.0.2, FP-SNS-MOTENV1_V4.3.1, FP-SNS-MOTENV1_V4.3.2, FP-SNS-MOTENVWB1_V1.3.1, FP-SNS-SMARTAG2_V1.2.0, STM32Cube_FW_C0_V1.1.0, STM32Cube_FW_F4_V1.28.0, STM32Cube_FW_F7_V1.17.0, STM32Cube_FW_G0_V1.6.2, STM32Cube_FW_G4_V1.5.2, STM32Cube_FW_H5_V0.5.1, STM32Cube_FW_H5_V1.1.1, STM32Cube_FW_H5_V1.2.0, STM32Cube_FW_H5_V1.2.0RC4, STM32Cube_FW_H7RS_V1.0.0, STM32Cube_FW_H7RS_V1.0.0RC4, STM32Cube_FW_H7_V1.11.0, STM32Cube_FW_L0_V1.12.2, STM32Cube_FW_L5_V1.5.1, STM32Cube_FW_U0_V1.0.0, STM32Cube_FW_U0_V1.0.0RC1, STM32Cube_FW_U5_V1.3.0RC4, STM32Cube_FW_U5_V1.5.0, STM32Cube_FW_U5_V1.5.0RC1, STM32Cube_FW_WBA_V1.0.0RC1, STM32Cube_FW_WBA_V1.2.0, STM32Cube_FW_WBA_V1.2.0RC2, STM32Cube_FW_WBA_V1.3.0, STM32Cube_FW_WBA_V1.3.0RC1, STM32Cube_FW_WB_V1.15.0RC1, STM32Cube_FW_WB_V1.16.0, STM32Cube_FW_WB_V1.16.0RC2, STM32Cube_FW_WB_V1.18.0, STM32Cube_FW_WB_V1.19.0, STM32Cube_FW_WL_V1.3.0, X-CUBE-ALGOBUILD_V1.3.0, X-CUBE-ALS_V1.0.1, X-CUBE-AZRTOS-F4_V1.1.0, X-CUBE-AZRTOS-F7_V1.1.0, X-CUBE-AZRTOS-G0_V1.1.0, X-CUBE-AZRTOS-G4_V2.0.0, X-CUBE-AZRTOS-H7_V3.2.0, X-CUBE-AZRTOS-L4_V1.0.0, X-CUBE-AZRTOS-L4_V2.0.0, X-CUBE-AZRTOS-L5_V1.1.0, X-CUBE-AZRTOS-WB_V2.0.0, X-CUBE-AZRTOS-WL_V2.0.0, X-CUBE-BLE1_V7.0.0, X-CUBE-BLE2_V3.3.0, X-CUBE-BLEMGR_V3.1.0, X-CUBE-EEPRMA1_V4.1.0, X-CUBE-EEPRMA1_V5.1.0, X-CUBE-FREERTOS_V1.1.0, X-CUBE-GNSS1_V6.0.0, X-CUBE-MEMS1_V10.0.0, X-CUBE-MEMS1_V9.1.0, X-CUBE-MEMS1_V9.4.0, X-CUBE-MEMS1_V9.6.0, X-CUBE-NFC4_V3.0.0, X-CUBE-NFC7_V1.0.1, X-CUBE-SFXS2LP1_V4.0.0, X-CUBE-SUBG2_V5.0.0, X-CUBE-TOF1_V3.4.0]
2024-04-05 18:37:10,740 [INFO] ApiDb:240 - Found 483 in-development CPN: [B-G473E-ZEST1S, B-WB1M-WPAN1, B-WL5M-SUBG1, NUCLEO-C031C6, NUCLEO-H503RB, NUCLEO-H533RE, NUCLEO-H563ZI, NUCLEO-H7S3L8, NUCLEO-U031R8, NUCLEO-U083RC, NUCLEO-U545RE-Q, NUCLEO-U5A5ZJ-Q, NUCLEO-WBA52CG, NUCLEO-WBA55CG, STEVAL-PROTEUS1, STEVAL-SMARTAG2, STEVAL-STWINBX1, STM320518-EVAL, STM32C0116-DK, STM32C011D6Y3TR, STM32C011D6Y6TR, STM32C011F4P3, STM32C011F4P6, STM32C011F4U3, STM32C011F4U6TR, STM32C011F6P3, STM32C011F6P6, STM32C011F6U3, STM32C011F6U6TR, STM32C011J4M3, STM32C011J4M6, STM32C011J6M3, STM32C011J6M6, STM32C0316-DK, STM32C031C4T3, STM32C031C4T6, STM32C031C4U3, STM32C031C4U6, STM32C031C6T3, STM32C031C6T6, STM32C031C6U3, STM32C031C6U6, STM32C031F4P3, STM32C031F4P6, STM32C031F6P3, STM32C031F6P6, STM32C031G4U3, STM32C031G4U6, STM32C031G6U3, STM32C031G6U6, STM32C031K4T3, STM32C031K4T6, STM32C031K4U3, STM32C031K4U6, STM32C031K6T3, STM32C031K6T6, STM32C031K6U3, STM32C031K6U6, STM32G071K8TXN, STM32G071K8UXN, STM32G081GBU6N, STM32G081KBT6N, STM32G081KBUXN, STM32G0B1CCT6N, STM32G0B1KCT6, STM32G0B1NEY6TR, STM32G0B1RCT6N, STM32G0C1CCT6, STM32G0C1CCT6N, STM32G0C1CCU6N, STM32G0C1CET6N, STM32G0C1CEU6N, STM32G0C1KCT6, STM32G0C1NEY6TR, STM32G0C1RCI6N, STM32G0C1RCT6N, STM32G0C1REI6N, STM32G0C1RET6N, STM32G0C1VCI6, STM32G0C1VEI6, STM32G471CCT6, STM32G471CCU6, STM32G471CET3, STM32G471CET6, STM32G471CEU3, STM32G471CEU6, STM32G471MCT6, STM32G471MET3, STM32G471MET6, STM32G471MEY6TR, STM32G471QCT6, STM32G471QET3, STM32G471RCT6, STM32G471RET3, STM32G471RET6, STM32G471VCH6, STM32G471VCI6, STM32G471VCT6, STM32G471VEH3, STM32G471VEH6, STM32G471VEI3, STM32G471VEI6, STM32G471VET3, STM32G471VET6, STM32G474CCT6, STM32H503CBT6, STM32H503CBU6, STM32H503EBY6TR, STM32H503KBU6, STM32H503RBT6, STM32H523CCT6, STM32H523CCU6, STM32H523CET6, STM32H523CEU6, STM32H523HEY6TR, STM32H523RCT6, STM32H523RET6, STM32H523VCI6, STM32H523VCT6, STM32H523VEI6, STM32H523VET6, STM32H523ZCJ6, STM32H523ZCT6, STM32H523ZEJ6, STM32H523ZET6, STM32H533CET6, STM32H533CEU6, STM32H533HEY6TR, STM32H533RET6, STM32H533VEI6, STM32H533VET6, STM32H533ZEJ6, STM32H533ZET6, STM32H562AGI6, STM32H562AII6, STM32H562IGK6, STM32H562IGT6, STM32H562IIK6, STM32H562IIT6, STM32H562RGT6, STM32H562RGV6, STM32H562RIT6, STM32H562RIV6, STM32H562VGT6, STM32H562VIT6, STM32H562ZGT6, STM32H562ZIT6, STM32H563AGI6, STM32H563AII3Q, STM32H563AII6, STM32H563IGK6, STM32H563IGT6, STM32H563IIK3Q, STM32H563IIK6, STM32H563IIT3Q, STM32H563IIT6, STM32H563MIY3QTR, STM32H563RGT6, STM32H563RGV6, STM32H563RIT6, STM32H563RIV6, STM32H563VGT6, STM32H563VIT3Q, STM32H563VIT6, STM32H563ZGT6, STM32H563ZIT3Q, STM32H563ZIT6, STM32H573AII3Q, STM32H573AII6, STM32H573I-DK, STM32H573IIK3Q, STM32H573IIK6, STM32H573IIT3Q, STM32H573IIT6, STM32H573MIY3QTR, STM32H573RIT6, STM32H573RIV6, STM32H573VIT3Q, STM32H573VIT6, STM32H573ZIT3Q, STM32H573ZIT6, STM32H7R3A8I6, STM32H7R3I8K6, STM32H7R3I8T6, STM32H7R3L8H6, STM32H7R3L8H6H, STM32H7R3R8V6, STM32H7R3V8H6, STM32H7R3V8T6, STM32H7R3V8Y6, STM32H7R3Z8J6, STM32H7R3Z8T6, STM32H7R7A8I6, STM32H7R7I8K6, STM32H7R7I8T6, STM32H7R7L8H6, STM32H7R7L8H6H, STM32H7R7Z8J6, STM32H7S3A8I6, STM32H7S3I8K6, STM32H7S3I8T6, STM32H7S3L8H6, STM32H7S3L8H6H, STM32H7S3R8V6, STM32H7S3V8H6, STM32H7S3V8T6, STM32H7S3V8Y6, STM32H7S3Z8J6, STM32H7S3Z8T6, STM32H7S78-DK, STM32H7S7A8I6, STM32H7S7I8K6, STM32H7S7I8T6, STM32H7S7L8H6, STM32H7S7L8H6H, STM32H7S7Z8J6, STM32L4R5QGI6STR, STM32MP131AAE3, STM32MP131AAF3, STM32MP131AAG3, STM32MP131CAE3, STM32MP131CAF3, STM32MP131CAG3, STM32MP131DAE7, STM32MP131DAF7, STM32MP131DAG7, STM32MP131FAE7, STM32MP131FAF7, STM32MP131FAG7, STM32MP133AAE3, STM32MP133AAF3, STM32MP133AAG3, STM32MP133CAE3, STM32MP133CAF3, STM32MP133CAG3, STM32MP133DAE7, STM32MP133DAF7, STM32MP133DAG7, STM32MP133FAE7, STM32MP133FAF7, STM32MP133FAG7, STM32MP135AAE3, STM32MP135AAF3, STM32MP135AAG3, STM32MP135CAE3, STM32MP135CAF3, STM32MP135CAG3, STM32MP135DAE7, STM32MP135DAF7, STM32MP135DAG7, STM32MP135F-DK, STM32MP135FAE7, STM32MP135FAF7, STM32MP135FAF7T, STM32MP135FAF7U, STM32MP135FAG7, STM32U031C6T6, STM32U031C6U6, STM32U031C8T6, STM32U031C8U6, STM32U031F4P6, STM32U031F6P6, STM32U031F8P6, STM32U031G6Y6TR, STM32U031G8Y6TR, STM32U031K4U6, STM32U031K6U6, STM32U031K8U6, STM32U031R6I6, STM32U031R6T6, STM32U031R8I6, STM32U031R8T6, STM32U073C8T6, STM32U073C8U6, STM32U073CBT6, STM32U073CBU6, STM32U073CCT6, STM32U073CCU6, STM32U073H8Y6TR, STM32U073HBY6TR, STM32U073HCY6TR, STM32U073K8U6, STM32U073KBU6, STM32U073KCU6, STM32U073M8I6, STM32U073M8T6, STM32U073MBI6, STM32U073MBT6, STM32U073MCI6, STM32U073MCT6, STM32U073R8I6, STM32U073R8T6, STM32U073RBI6, STM32U073RBT6, STM32U073RCI6, STM32U073RCT6, STM32U083C-DK, STM32U083CCT6, STM32U083CCU6, STM32U083HCY6TR, STM32U083KCU6, STM32U083MCI6, STM32U083MCT6, STM32U083RCI6, STM32U083RCT6, STM32U535CBT6, STM32U535CBT6Q, STM32U535CBU6, STM32U535CBU6Q, STM32U535CCT6, STM32U535CCT6Q, STM32U535CCU6, STM32U535CCU6Q, STM32U535CET6, STM32U535CET6Q, STM32U535CEU6, STM32U535CEU6Q, STM32U535JEY6QTR, STM32U535NCY6QTR, STM32U535NEY6QTR, STM32U535RBI6, STM32U535RBI6Q, STM32U535RBT6, STM32U535RBT6Q, STM32U535RCI6, STM32U535RCI6Q, STM32U535RCT6, STM32U535RCT6Q, STM32U535REI6, STM32U535REI6Q, STM32U535RET6, STM32U535RET6Q, STM32U535VCI6, STM32U535VCI6Q, STM32U535VCT6, STM32U535VCT6Q, STM32U535VEI6, STM32U535VEI6Q, STM32U535VET6, STM32U535VET6Q, STM32U545CET6, STM32U545CET6Q, STM32U545CEU6, STM32U545CEU6Q, STM32U545JEY6QTR, STM32U545NEY6QTR, STM32U545REI6, STM32U545REI6Q, STM32U545RET6, STM32U545RET6Q, STM32U545VEI6, STM32U545VEI6Q, STM32U545VET6, STM32U545VET6Q, STM32U595AIH6, STM32U595AIH6Q, STM32U595AJH6, STM32U595AJH6Q, STM32U595QII6, STM32U595QII6Q, STM32U595QJI6, STM32U595QJI6Q, STM32U595RIT6, STM32U595RIT6Q, STM32U595RJT6, STM32U595RJT6Q, STM32U595VIT6, STM32U595VIT6Q, STM32U595VJT6, STM32U595VJT6Q, STM32U595ZIT6, STM32U595ZIT6Q, STM32U595ZIY6QTR, STM32U595ZJT6, STM32U595ZJT6Q, STM32U595ZJY6QTR, STM32U599BJY6QTR, STM32U599NIH6Q, STM32U599NJH6Q, STM32U599VIT6Q, STM32U599VJT6, STM32U599VJT6Q, STM32U599ZIT6Q, STM32U599ZIY6QTR, STM32U599ZJT6Q, STM32U599ZJY6QTR, STM32U5A5AJH6, STM32U5A5AJH6Q, STM32U5A5QII3Q , STM32U5A5QJI6, STM32U5A5QJI6Q, STM32U5A5RJT6, STM32U5A5RJT6Q, STM32U5A5VJT6, STM32U5A5VJT6Q, STM32U5A5ZJT6, STM32U5A5ZJT6Q, STM32U5A5ZJY6QTR, STM32U5A9BJY6QTR, STM32U5A9J-DK, STM32U5A9NJH6Q, STM32U5A9VJT6Q, STM32U5A9ZJT6Q, STM32U5A9ZJY6QTR, STM32U5F7VIT6, STM32U5F7VIT6Q, STM32U5F7VJT6, STM32U5F7VJT6Q, STM32U5F9BJY6QTR, STM32U5F9NJH6Q, STM32U5F9VIT6Q, STM32U5F9VJT6Q, STM32U5F9ZIJ6QTR, STM32U5F9ZIT6Q, STM32U5F9ZJJ6QTR, STM32U5F9ZJT6Q, STM32U5G7VJT6, STM32U5G7VJT6Q, STM32U5G9BJY6QTR, STM32U5G9J-DK1, STM32U5G9J-DK2, STM32U5G9NJH6Q, STM32U5G9VJT6Q, STM32U5G9ZJJ6QTR, STM32U5G9ZJT6Q, STM32WB1MMCH6, STM32WBA50KEU6, STM32WBA50KEU6TR, STM32WBA50KGU6, STM32WBA50KGU6TR, STM32WBA52CEU6, STM32WBA52CEU6TR, STM32WBA52CEU7, STM32WBA52CEU7TR, STM32WBA52CGU6, STM32WBA52CGU6TR, STM32WBA52CGU6U, STM32WBA52CGU7, STM32WBA52CGU7TR, STM32WBA52KEU6, STM32WBA52KEU6TR, STM32WBA52KGU6, STM32WBA52KGU6TR, STM32WBA54CEU6, STM32WBA54CEU6TR, STM32WBA54CEU7, STM32WBA54CEU7TR, STM32WBA54CGU6, STM32WBA54CGU6TR, STM32WBA54CGU7, STM32WBA54CGU7TR, STM32WBA54KEU6, STM32WBA54KEU6TR, STM32WBA54KEU7, STM32WBA54KEU7TR, STM32WBA54KGU6, STM32WBA54KGU6TR, STM32WBA54KGU7, STM32WBA54KGU7TR, STM32WBA55CEU6, STM32WBA55CEU6TR, STM32WBA55CEU7, STM32WBA55CEU7TR, STM32WBA55CGU6, STM32WBA55CGU6TR, STM32WBA55CGU6U, STM32WBA55CGU7, STM32WBA55CGU7TR, STM32WBA55G-DK1, STM32WBA55HEF6, STM32WBA55HEF7, STM32WBA55HGF6, STM32WBA55HGF7, STM32WBA55UEI6, STM32WBA55UEI6TR, STM32WBA55UEI7, STM32WBA55UEI7TR, STM32WBA55UGI6, STM32WBA55UGI6TR, STM32WBA55UGI7, STM32WBA55UGI7TR, STM32WL5MOCH6, STM32WL5MOCH6TR]
2024-04-05 18:37:10,747 [INFO] DbMcus:218 - Found 4094 MCUs, 4094 are supported
2024-04-05 18:37:10,750 [INFO] ApiDb:423 - Load user favorites file C:\Users\66405/.stm32cubeide/favorites.mcus.txt: 0 item(s)
2024-04-05 18:37:10,751 [INFO] ApiDb:427 - User favorites MCUs=[]
2024-04-05 18:37:10,751 [INFO] DbMcus:224 - Set 0 / 0 favorites MCUs
2024-04-05 18:37:11,485 [INFO] ApiDb:668 - CubeFinder database Data Model version=2.1
2024-04-05 18:37:11,485 [INFO] ApiDb:669 - CubeFinder database Configuration version=3.0.39
2024-04-05 18:37:11,485 [INFO] ApiDb:670 - CubeFinder database generation date=2024-03-25 (1711369621)
2024-04-05 18:37:11,486 [INFO] ApiDb:671 - CubeFinder database FW Pack versions=[FP-ATR-ASTRA1_V2.0.0, FP-SNS-FLIGHT1_V5.0.1, FP-SNS-FLIGHT1_V5.0.2, FP-SNS-MOTENV1_V4.3.1, FP-SNS-MOTENV1_V4.3.2, FP-SNS-MOTENVWB1_V1.3.1, FP-SNS-SMARTAG2_V1.2.0, STM32Cube_FW_C0_V1.1.0, STM32Cube_FW_F4_V1.28.0, STM32Cube_FW_F7_V1.17.0, STM32Cube_FW_G0_V1.6.2, STM32Cube_FW_G4_V1.5.2, STM32Cube_FW_H5_V0.5.1, STM32Cube_FW_H5_V1.1.1, STM32Cube_FW_H5_V1.2.0, STM32Cube_FW_H5_V1.2.0RC4, STM32Cube_FW_H7RS_V1.0.0, STM32Cube_FW_H7RS_V1.0.0RC4, STM32Cube_FW_H7_V1.11.0, STM32Cube_FW_L0_V1.12.2, STM32Cube_FW_L5_V1.5.1, STM32Cube_FW_U0_V1.0.0, STM32Cube_FW_U0_V1.0.0RC1, STM32Cube_FW_U5_V1.3.0RC4, STM32Cube_FW_U5_V1.5.0, STM32Cube_FW_U5_V1.5.0RC1, STM32Cube_FW_WBA_V1.0.0RC1, STM32Cube_FW_WBA_V1.2.0, STM32Cube_FW_WBA_V1.2.0RC2, STM32Cube_FW_WBA_V1.3.0, STM32Cube_FW_WBA_V1.3.0RC1, STM32Cube_FW_WB_V1.15.0RC1, STM32Cube_FW_WB_V1.16.0, STM32Cube_FW_WB_V1.16.0RC2, STM32Cube_FW_WB_V1.18.0, STM32Cube_FW_WB_V1.19.0, STM32Cube_FW_WL_V1.3.0, X-CUBE-ALGOBUILD_V1.3.0, X-CUBE-ALS_V1.0.1, X-CUBE-AZRTOS-F4_V1.1.0, X-CUBE-AZRTOS-F7_V1.1.0, X-CUBE-AZRTOS-G0_V1.1.0, X-CUBE-AZRTOS-G4_V2.0.0, X-CUBE-AZRTOS-H7_V3.2.0, X-CUBE-AZRTOS-L4_V1.0.0, X-CUBE-AZRTOS-L4_V2.0.0, X-CUBE-AZRTOS-L5_V1.1.0, X-CUBE-AZRTOS-WB_V2.0.0, X-CUBE-AZRTOS-WL_V2.0.0, X-CUBE-BLE1_V7.0.0, X-CUBE-BLE2_V3.3.0, X-CUBE-BLEMGR_V3.1.0, X-CUBE-EEPRMA1_V4.1.0, X-CUBE-EEPRMA1_V5.1.0, X-CUBE-FREERTOS_V1.1.0, X-CUBE-GNSS1_V6.0.0, X-CUBE-MEMS1_V10.0.0, X-CUBE-MEMS1_V9.1.0, X-CUBE-MEMS1_V9.4.0, X-CUBE-MEMS1_V9.6.0, X-CUBE-NFC4_V3.0.0, X-CUBE-NFC7_V1.0.1, X-CUBE-SFXS2LP1_V4.0.0, X-CUBE-SUBG2_V5.0.0, X-CUBE-TOF1_V3.4.0]
2024-04-05 18:37:11,598 [INFO] DbBoardsSqlite:226 - include board P-NUCLEO-WB55-NUCLEO as a kit item of type 'Nucleo-64'
2024-04-05 18:37:11,599 [INFO] DbBoardsSqlite:226 - include board P-NUCLEO-WB55-USBDONGLE as a kit item of type 'Nucleo USB Dongle'
2024-04-05 18:37:11,599 [INFO] DbBoardsSqlite:226 - include board STEVAL-IDP005V1 as a kit item of type 'Evaluation Board'
2024-04-05 18:37:11,600 [INFO] DbBoardsSqlite:226 - include board STEVAL-IDP005V2 as a kit item of type 'Evaluation Board'
2024-04-05 18:37:11,708 [INFO] ApiDb:240 - Found 483 in-development CPN: [B-G473E-ZEST1S, B-WB1M-WPAN1, B-WL5M-SUBG1, NUCLEO-C031C6, NUCLEO-H503RB, NUCLEO-H533RE, NUCLEO-H563ZI, NUCLEO-H7S3L8, NUCLEO-U031R8, NUCLEO-U083RC, NUCLEO-U545RE-Q, NUCLEO-U5A5ZJ-Q, NUCLEO-WBA52CG, NUCLEO-WBA55CG, STEVAL-PROTEUS1, STEVAL-SMARTAG2, STEVAL-STWINBX1, STM320518-EVAL, STM32C0116-DK, STM32C011D6Y3TR, STM32C011D6Y6TR, STM32C011F4P3, STM32C011F4P6, STM32C011F4U3, STM32C011F4U6TR, STM32C011F6P3, STM32C011F6P6, STM32C011F6U3, STM32C011F6U6TR, STM32C011J4M3, STM32C011J4M6, STM32C011J6M3, STM32C011J6M6, STM32C0316-DK, STM32C031C4T3, STM32C031C4T6, STM32C031C4U3, STM32C031C4U6, STM32C031C6T3, STM32C031C6T6, STM32C031C6U3, STM32C031C6U6, STM32C031F4P3, STM32C031F4P6, STM32C031F6P3, STM32C031F6P6, STM32C031G4U3, STM32C031G4U6, STM32C031G6U3, STM32C031G6U6, STM32C031K4T3, STM32C031K4T6, STM32C031K4U3, STM32C031K4U6, STM32C031K6T3, STM32C031K6T6, STM32C031K6U3, STM32C031K6U6, STM32G071K8TXN, STM32G071K8UXN, STM32G081GBU6N, STM32G081KBT6N, STM32G081KBUXN, STM32G0B1CCT6N, STM32G0B1KCT6, STM32G0B1NEY6TR, STM32G0B1RCT6N, STM32G0C1CCT6, STM32G0C1CCT6N, STM32G0C1CCU6N, STM32G0C1CET6N, STM32G0C1CEU6N, STM32G0C1KCT6, STM32G0C1NEY6TR, STM32G0C1RCI6N, STM32G0C1RCT6N, STM32G0C1REI6N, STM32G0C1RET6N, STM32G0C1VCI6, STM32G0C1VEI6, STM32G471CCT6, STM32G471CCU6, STM32G471CET3, STM32G471CET6, STM32G471CEU3, STM32G471CEU6, STM32G471MCT6, STM32G471MET3, STM32G471MET6, STM32G471MEY6TR, STM32G471QCT6, STM32G471QET3, STM32G471RCT6, STM32G471RET3, STM32G471RET6, STM32G471VCH6, STM32G471VCI6, STM32G471VCT6, STM32G471VEH3, STM32G471VEH6, STM32G471VEI3, STM32G471VEI6, STM32G471VET3, STM32G471VET6, STM32G474CCT6, STM32H503CBT6, STM32H503CBU6, STM32H503EBY6TR, STM32H503KBU6, STM32H503RBT6, STM32H523CCT6, STM32H523CCU6, STM32H523CET6, STM32H523CEU6, STM32H523HEY6TR, STM32H523RCT6, STM32H523RET6, STM32H523VCI6, STM32H523VCT6, STM32H523VEI6, STM32H523VET6, STM32H523ZCJ6, STM32H523ZCT6, STM32H523ZEJ6, STM32H523ZET6, STM32H533CET6, STM32H533CEU6, STM32H533HEY6TR, STM32H533RET6, STM32H533VEI6, STM32H533VET6, STM32H533ZEJ6, STM32H533ZET6, STM32H562AGI6, STM32H562AII6, STM32H562IGK6, STM32H562IGT6, STM32H562IIK6, STM32H562IIT6, STM32H562RGT6, STM32H562RGV6, STM32H562RIT6, STM32H562RIV6, STM32H562VGT6, STM32H562VIT6, STM32H562ZGT6, STM32H562ZIT6, STM32H563AGI6, STM32H563AII3Q, STM32H563AII6, STM32H563IGK6, STM32H563IGT6, STM32H563IIK3Q, STM32H563IIK6, STM32H563IIT3Q, STM32H563IIT6, STM32H563MIY3QTR, STM32H563RGT6, STM32H563RGV6, STM32H563RIT6, STM32H563RIV6, STM32H563VGT6, STM32H563VIT3Q, STM32H563VIT6, STM32H563ZGT6, STM32H563ZIT3Q, STM32H563ZIT6, STM32H573AII3Q, STM32H573AII6, STM32H573I-DK, STM32H573IIK3Q, STM32H573IIK6, STM32H573IIT3Q, STM32H573IIT6, STM32H573MIY3QTR, STM32H573RIT6, STM32H573RIV6, STM32H573VIT3Q, STM32H573VIT6, STM32H573ZIT3Q, STM32H573ZIT6, STM32H7R3A8I6, STM32H7R3I8K6, STM32H7R3I8T6, STM32H7R3L8H6, STM32H7R3L8H6H, STM32H7R3R8V6, STM32H7R3V8H6, STM32H7R3V8T6, STM32H7R3V8Y6, STM32H7R3Z8J6, STM32H7R3Z8T6, STM32H7R7A8I6, STM32H7R7I8K6, STM32H7R7I8T6, STM32H7R7L8H6, STM32H7R7L8H6H, STM32H7R7Z8J6, STM32H7S3A8I6, STM32H7S3I8K6, STM32H7S3I8T6, STM32H7S3L8H6, STM32H7S3L8H6H, STM32H7S3R8V6, STM32H7S3V8H6, STM32H7S3V8T6, STM32H7S3V8Y6, STM32H7S3Z8J6, STM32H7S3Z8T6, STM32H7S78-DK, STM32H7S7A8I6, STM32H7S7I8K6, STM32H7S7I8T6, STM32H7S7L8H6, STM32H7S7L8H6H, STM32H7S7Z8J6, STM32L4R5QGI6STR, STM32MP131AAE3, STM32MP131AAF3, STM32MP131AAG3, STM32MP131CAE3, STM32MP131CAF3, STM32MP131CAG3, STM32MP131DAE7, STM32MP131DAF7, STM32MP131DAG7, STM32MP131FAE7, STM32MP131FAF7, STM32MP131FAG7, STM32MP133AAE3, STM32MP133AAF3, STM32MP133AAG3, STM32MP133CAE3, STM32MP133CAF3, STM32MP133CAG3, STM32MP133DAE7, STM32MP133DAF7, STM32MP133DAG7, STM32MP133FAE7, STM32MP133FAF7, STM32MP133FAG7, STM32MP135AAE3, STM32MP135AAF3, STM32MP135AAG3, STM32MP135CAE3, STM32MP135CAF3, STM32MP135CAG3, STM32MP135DAE7, STM32MP135DAF7, STM32MP135DAG7, STM32MP135F-DK, STM32MP135FAE7, STM32MP135FAF7, STM32MP135FAF7T, STM32MP135FAF7U, STM32MP135FAG7, STM32U031C6T6, STM32U031C6U6, STM32U031C8T6, STM32U031C8U6, STM32U031F4P6, STM32U031F6P6, STM32U031F8P6, STM32U031G6Y6TR, STM32U031G8Y6TR, STM32U031K4U6, STM32U031K6U6, STM32U031K8U6, STM32U031R6I6, STM32U031R6T6, STM32U031R8I6, STM32U031R8T6, STM32U073C8T6, STM32U073C8U6, STM32U073CBT6, STM32U073CBU6, STM32U073CCT6, STM32U073CCU6, STM32U073H8Y6TR, STM32U073HBY6TR, STM32U073HCY6TR, STM32U073K8U6, STM32U073KBU6, STM32U073KCU6, STM32U073M8I6, STM32U073M8T6, STM32U073MBI6, STM32U073MBT6, STM32U073MCI6, STM32U073MCT6, STM32U073R8I6, STM32U073R8T6, STM32U073RBI6, STM32U073RBT6, STM32U073RCI6, STM32U073RCT6, STM32U083C-DK, STM32U083CCT6, STM32U083CCU6, STM32U083HCY6TR, STM32U083KCU6, STM32U083MCI6, STM32U083MCT6, STM32U083RCI6, STM32U083RCT6, STM32U535CBT6, STM32U535CBT6Q, STM32U535CBU6, STM32U535CBU6Q, STM32U535CCT6, STM32U535CCT6Q, STM32U535CCU6, STM32U535CCU6Q, STM32U535CET6, STM32U535CET6Q, STM32U535CEU6, STM32U535CEU6Q, STM32U535JEY6QTR, STM32U535NCY6QTR, STM32U535NEY6QTR, STM32U535RBI6, STM32U535RBI6Q, STM32U535RBT6, STM32U535RBT6Q, STM32U535RCI6, STM32U535RCI6Q, STM32U535RCT6, STM32U535RCT6Q, STM32U535REI6, STM32U535REI6Q, STM32U535RET6, STM32U535RET6Q, STM32U535VCI6, STM32U535VCI6Q, STM32U535VCT6, STM32U535VCT6Q, STM32U535VEI6, STM32U535VEI6Q, STM32U535VET6, STM32U535VET6Q, STM32U545CET6, STM32U545CET6Q, STM32U545CEU6, STM32U545CEU6Q, STM32U545JEY6QTR, STM32U545NEY6QTR, STM32U545REI6, STM32U545REI6Q, STM32U545RET6, STM32U545RET6Q, STM32U545VEI6, STM32U545VEI6Q, STM32U545VET6, STM32U545VET6Q, STM32U595AIH6, STM32U595AIH6Q, STM32U595AJH6, STM32U595AJH6Q, STM32U595QII6, STM32U595QII6Q, STM32U595QJI6, STM32U595QJI6Q, STM32U595RIT6, STM32U595RIT6Q, STM32U595RJT6, STM32U595RJT6Q, STM32U595VIT6, STM32U595VIT6Q, STM32U595VJT6, STM32U595VJT6Q, STM32U595ZIT6, STM32U595ZIT6Q, STM32U595ZIY6QTR, STM32U595ZJT6, STM32U595ZJT6Q, STM32U595ZJY6QTR, STM32U599BJY6QTR, STM32U599NIH6Q, STM32U599NJH6Q, STM32U599VIT6Q, STM32U599VJT6, STM32U599VJT6Q, STM32U599ZIT6Q, STM32U599ZIY6QTR, STM32U599ZJT6Q, STM32U599ZJY6QTR, STM32U5A5AJH6, STM32U5A5AJH6Q, STM32U5A5QII3Q , STM32U5A5QJI6, STM32U5A5QJI6Q, STM32U5A5RJT6, STM32U5A5RJT6Q, STM32U5A5VJT6, STM32U5A5VJT6Q, STM32U5A5ZJT6, STM32U5A5ZJT6Q, STM32U5A5ZJY6QTR, STM32U5A9BJY6QTR, STM32U5A9J-DK, STM32U5A9NJH6Q, STM32U5A9VJT6Q, STM32U5A9ZJT6Q, STM32U5A9ZJY6QTR, STM32U5F7VIT6, STM32U5F7VIT6Q, STM32U5F7VJT6, STM32U5F7VJT6Q, STM32U5F9BJY6QTR, STM32U5F9NJH6Q, STM32U5F9VIT6Q, STM32U5F9VJT6Q, STM32U5F9ZIJ6QTR, STM32U5F9ZIT6Q, STM32U5F9ZJJ6QTR, STM32U5F9ZJT6Q, STM32U5G7VJT6, STM32U5G7VJT6Q, STM32U5G9BJY6QTR, STM32U5G9J-DK1, STM32U5G9J-DK2, STM32U5G9NJH6Q, STM32U5G9VJT6Q, STM32U5G9ZJJ6QTR, STM32U5G9ZJT6Q, STM32WB1MMCH6, STM32WBA50KEU6, STM32WBA50KEU6TR, STM32WBA50KGU6, STM32WBA50KGU6TR, STM32WBA52CEU6, STM32WBA52CEU6TR, STM32WBA52CEU7, STM32WBA52CEU7TR, STM32WBA52CGU6, STM32WBA52CGU6TR, STM32WBA52CGU6U, STM32WBA52CGU7, STM32WBA52CGU7TR, STM32WBA52KEU6, STM32WBA52KEU6TR, STM32WBA52KGU6, STM32WBA52KGU6TR, STM32WBA54CEU6, STM32WBA54CEU6TR, STM32WBA54CEU7, STM32WBA54CEU7TR, STM32WBA54CGU6, STM32WBA54CGU6TR, STM32WBA54CGU7, STM32WBA54CGU7TR, STM32WBA54KEU6, STM32WBA54KEU6TR, STM32WBA54KEU7, STM32WBA54KEU7TR, STM32WBA54KGU6, STM32WBA54KGU6TR, STM32WBA54KGU7, STM32WBA54KGU7TR, STM32WBA55CEU6, STM32WBA55CEU6TR, STM32WBA55CEU7, STM32WBA55CEU7TR, STM32WBA55CGU6, STM32WBA55CGU6TR, STM32WBA55CGU6U, STM32WBA55CGU7, STM32WBA55CGU7TR, STM32WBA55G-DK1, STM32WBA55HEF6, STM32WBA55HEF7, STM32WBA55HGF6, STM32WBA55HGF7, STM32WBA55UEI6, STM32WBA55UEI6TR, STM32WBA55UEI7, STM32WBA55UEI7TR, STM32WBA55UGI6, STM32WBA55UGI6TR, STM32WBA55UGI7, STM32WBA55UGI7TR, STM32WL5MOCH6, STM32WL5MOCH6TR]
2024-04-05 18:37:11,960 [INFO] BoardInfo:889 - No configuration file found for board P-NUCLEO-WB55
2024-04-05 18:37:11,960 [INFO] DbBoards:161 - Kit is not supported: P-NUCLEO-WB55
2024-04-05 18:37:11,969 [INFO] BoardInfo:889 - No configuration file found for board STEVAL-BFA001V1B
2024-04-05 18:37:11,970 [INFO] DbBoards:161 - Kit is not supported: STEVAL-BFA001V1B
2024-04-05 18:37:11,973 [INFO] BoardInfo:889 - No configuration file found for board STEVAL-BFA001V2B
2024-04-05 18:37:11,974 [INFO] DbBoards:161 - Kit is not supported: STEVAL-BFA001V2B
2024-04-05 18:37:12,234 [INFO] DbBoards:168 - Found 199 boards, 196 are supported
2024-04-05 18:37:12,234 [INFO] DbBoards:169 - Found 199 boards, 8 of them is supported for  Bsp
2024-04-05 18:37:12,240 [INFO] ApiDb:423 - Load user favorites file C:\Users\66405/.stm32cubeide/favorites.boards.txt: 1 item(s)
2024-04-05 18:37:12,241 [INFO] ApiDb:427 - User favorites Boards=[NUCLEO-L476RG]
2024-04-05 18:37:12,241 [INFO] DbBoards:198 - Set 1 / 1 favorites Boards
2024-04-05 18:37:12,247 [INFO] ApiDb:668 - CubeFinder database Data Model version=2.1
2024-04-05 18:37:12,247 [INFO] ApiDb:669 - CubeFinder database Configuration version=3.0.39
2024-04-05 18:37:12,247 [INFO] ApiDb:670 - CubeFinder database generation date=2024-03-25 (1711369621)
2024-04-05 18:37:12,247 [INFO] ApiDb:671 - CubeFinder database FW Pack versions=[FP-ATR-ASTRA1_V2.0.0, FP-SNS-FLIGHT1_V5.0.1, FP-SNS-FLIGHT1_V5.0.2, FP-SNS-MOTENV1_V4.3.1, FP-SNS-MOTENV1_V4.3.2, FP-SNS-MOTENVWB1_V1.3.1, FP-SNS-SMARTAG2_V1.2.0, STM32Cube_FW_C0_V1.1.0, STM32Cube_FW_F4_V1.28.0, STM32Cube_FW_F7_V1.17.0, STM32Cube_FW_G0_V1.6.2, STM32Cube_FW_G4_V1.5.2, STM32Cube_FW_H5_V0.5.1, STM32Cube_FW_H5_V1.1.1, STM32Cube_FW_H5_V1.2.0, STM32Cube_FW_H5_V1.2.0RC4, STM32Cube_FW_H7RS_V1.0.0, STM32Cube_FW_H7RS_V1.0.0RC4, STM32Cube_FW_H7_V1.11.0, STM32Cube_FW_L0_V1.12.2, STM32Cube_FW_L5_V1.5.1, STM32Cube_FW_U0_V1.0.0, STM32Cube_FW_U0_V1.0.0RC1, STM32Cube_FW_U5_V1.3.0RC4, STM32Cube_FW_U5_V1.5.0, STM32Cube_FW_U5_V1.5.0RC1, STM32Cube_FW_WBA_V1.0.0RC1, STM32Cube_FW_WBA_V1.2.0, STM32Cube_FW_WBA_V1.2.0RC2, STM32Cube_FW_WBA_V1.3.0, STM32Cube_FW_WBA_V1.3.0RC1, STM32Cube_FW_WB_V1.15.0RC1, STM32Cube_FW_WB_V1.16.0, STM32Cube_FW_WB_V1.16.0RC2, STM32Cube_FW_WB_V1.18.0, STM32Cube_FW_WB_V1.19.0, STM32Cube_FW_WL_V1.3.0, X-CUBE-ALGOBUILD_V1.3.0, X-CUBE-ALS_V1.0.1, X-CUBE-AZRTOS-F4_V1.1.0, X-CUBE-AZRTOS-F7_V1.1.0, X-CUBE-AZRTOS-G0_V1.1.0, X-CUBE-AZRTOS-G4_V2.0.0, X-CUBE-AZRTOS-H7_V3.2.0, X-CUBE-AZRTOS-L4_V1.0.0, X-CUBE-AZRTOS-L4_V2.0.0, X-CUBE-AZRTOS-L5_V1.1.0, X-CUBE-AZRTOS-WB_V2.0.0, X-CUBE-AZRTOS-WL_V2.0.0, X-CUBE-BLE1_V7.0.0, X-CUBE-BLE2_V3.3.0, X-CUBE-BLEMGR_V3.1.0, X-CUBE-EEPRMA1_V4.1.0, X-CUBE-EEPRMA1_V5.1.0, X-CUBE-FREERTOS_V1.1.0, X-CUBE-GNSS1_V6.0.0, X-CUBE-MEMS1_V10.0.0, X-CUBE-MEMS1_V9.1.0, X-CUBE-MEMS1_V9.4.0, X-CUBE-MEMS1_V9.6.0, X-CUBE-NFC4_V3.0.0, X-CUBE-NFC7_V1.0.1, X-CUBE-SFXS2LP1_V4.0.0, X-CUBE-SUBG2_V5.0.0, X-CUBE-TOF1_V3.4.0]
2024-04-05 18:37:13,873 [ERROR] DbExamplesSqlite:437 - Missing JSON key: board_cpn
2024-04-05 18:37:13,873 [ERROR] DbExamplesSqlite:437 - Missing JSON key: board_cpn
2024-04-05 18:37:13,874 [ERROR] DbExamplesSqlite:437 - Missing JSON key: board_cpn
2024-04-05 18:37:13,874 [ERROR] DbExamplesSqlite:437 - Missing JSON key: board_cpn
2024-04-05 18:37:14,055 [INFO] DbExamplesSqlite:395 - Ignored 60 examples not supported by CubeIDE
2024-04-05 18:37:14,055 [INFO] DbExamplesSqlite:396 - Found 8152 examples active
2024-04-05 18:37:14,056 [INFO] DbExamplesSqlite:397 - Found 871 examples obsolete
2024-04-05 18:37:14,056 [INFO] DbExamplesSqlite:398 - Found 0 examples under development
2024-04-05 18:37:14,056 [INFO] DbExamplesSqlite:399 - Found 10 examples not building
2024-04-05 18:37:14,060 [INFO] DbExamples:125 - Found 8102 examples
2024-04-05 18:37:14,155 [ERROR] DbExamples:208 - Found 48 examples with invalid data (board or MCU)
2024-04-05 18:37:14,156 [INFO] DbExamples:222 - Found 101 boards with related examples
2024-04-05 18:37:14,158 [INFO] DbExamples:235 - Found 85 MCUs with related examples
2024-04-05 18:37:14,198 [INFO] ApiDb:423 - Load user favorites file C:\Users\66405/.stm32cubeide/favorites.examples.txt: 0 item(s)
2024-04-05 18:37:14,198 [INFO] ApiDb:427 - User favorites Examples=[]
2024-04-05 18:37:14,198 [INFO] DbExamples:250 - Set 0 / 0 favorites Examples
2024-04-05 18:37:15,065 [INFO] McuFinderGlobals:76 - Set McuFinderConnectedMode to true
2024-04-05 18:37:15,078 [INFO] MultiScanPanel:200 - Auto-refresh data requested => check proxy status ongoing
2024-04-05 18:37:15,082 [INFO] FinderPluginLoader:95 - Searching for filters in installed packs
2024-04-05 18:37:17,730 [INFO] LoadUrlFilesThread:185 - End of LoadServerUrlFiles without Thread
2024-04-05 18:37:17,789 [INFO] DetailPanel:341 - Set advertising image to C:/Users/66405/STM32Cube/Repository/\en.prom-stm32wl3-mcu-finder.jpg
2024-04-05 18:37:34,124 [ERROR] LogOutputStream:75 - [STDERR_REDIRECT] Exception in thread "AWT-EventQueue-0" java.lang.NullPointerException: Cannot invoke "com.st.stm32cube.common.mx.targetselector.IdeMcuFinder.cleanUp(boolean)" because "this.this$0.mcuFinder" is null
2024-04-05 18:37:34,127 [ERROR] LogOutputStream:75 - [STDERR_REDIRECT] 	at com.st.stm32cube.common.mx.targetselector.TargetSelectorAdapter$7.run(TargetSelectorAdapter.java:353)
2024-04-05 18:37:34,129 [ERROR] LogOutputStream:75 - [STDERR_REDIRECT] 	at com.st.stm32cube.common.mx.oss.core.awtswtbridge.AwtEnvironment$2.run(AwtEnvironment.java:166)
2024-04-05 18:37:34,131 [ERROR] LogOutputStream:75 - [STDERR_REDIRECT] 	at java.desktop/java.awt.event.InvocationEvent.dispatch(InvocationEvent.java:318)
2024-04-05 18:37:34,133 [ERROR] LogOutputStream:75 - [STDERR_REDIRECT] 	at java.desktop/java.awt.EventQueue.dispatchEventImpl(EventQueue.java:773)
2024-04-05 18:37:34,135 [ERROR] LogOutputStream:75 - [STDERR_REDIRECT] 	at java.desktop/java.awt.EventQueue$4.run(EventQueue.java:720)
2024-04-05 18:37:34,136 [ERROR] LogOutputStream:75 - [STDERR_REDIRECT] 	at java.desktop/java.awt.EventQueue$4.run(EventQueue.java:714)
2024-04-05 18:37:34,139 [ERROR] LogOutputStream:75 - [STDERR_REDIRECT] 	at java.base/java.security.AccessController.doPrivileged(AccessController.java:399)
2024-04-05 18:37:34,142 [ERROR] LogOutputStream:75 - [STDERR_REDIRECT] 	at java.base/java.security.ProtectionDomain$JavaSecurityAccessImpl.doIntersectionPrivilege(ProtectionDomain.java:86)
2024-04-05 18:37:34,144 [ERROR] LogOutputStream:75 - [STDERR_REDIRECT] 	at java.desktop/java.awt.EventQueue.dispatchEvent(EventQueue.java:742)
2024-04-05 18:37:34,147 [ERROR] LogOutputStream:75 - [STDERR_REDIRECT] 	at java.desktop/java.awt.EventDispatchThread.pumpOneEventForFilters(EventDispatchThread.java:203)
2024-04-05 18:37:34,149 [ERROR] LogOutputStream:75 - [STDERR_REDIRECT] 	at java.desktop/java.awt.EventDispatchThread.pumpEventsForFilter(EventDispatchThread.java:124)
2024-04-05 18:37:34,152 [ERROR] LogOutputStream:75 - [STDERR_REDIRECT] 	at java.desktop/java.awt.EventDispatchThread.pumpEventsForHierarchy(EventDispatchThread.java:113)
2024-04-05 18:37:34,155 [ERROR] LogOutputStream:75 - [STDERR_REDIRECT] 	at java.desktop/java.awt.EventDispatchThread.pumpEvents(EventDispatchThread.java:109)
2024-04-05 18:37:34,157 [ERROR] LogOutputStream:75 - [STDERR_REDIRECT] 	at java.desktop/java.awt.EventDispatchThread.pumpEvents(EventDispatchThread.java:101)
2024-04-05 18:37:34,159 [ERROR] LogOutputStream:75 - [STDERR_REDIRECT] 	at java.desktop/java.awt.EventDispatchThread.run(EventDispatchThread.java:90)
2024-04-05 18:37:34,167 [ERROR] LogOutputStream:75 - [STDERR_REDIRECT] Exception in thread "AWT-EventQueue-0" java.lang.NullPointerException: Cannot invoke "com.st.stm32cube.common.mx.targetselector.IdeMcuFinder.cleanUp(boolean)" because "this.this$0.mcuFinder" is null
2024-04-05 18:37:34,169 [ERROR] LogOutputStream:75 - [STDERR_REDIRECT] 	at com.st.stm32cube.common.mx.targetselector.TargetSelectorAdapter$7.run(TargetSelectorAdapter.java:353)
2024-04-05 18:37:34,171 [ERROR] LogOutputStream:75 - [STDERR_REDIRECT] 	at com.st.stm32cube.common.mx.oss.core.awtswtbridge.AwtEnvironment$2.run(AwtEnvironment.java:166)
2024-04-05 18:37:34,174 [ERROR] LogOutputStream:75 - [STDERR_REDIRECT] 	at java.desktop/java.awt.event.InvocationEvent.dispatch(InvocationEvent.java:318)
2024-04-05 18:37:34,176 [ERROR] LogOutputStream:75 - [STDERR_REDIRECT] 	at java.desktop/java.awt.EventQueue.dispatchEventImpl(EventQueue.java:773)
2024-04-05 18:37:34,178 [ERROR] LogOutputStream:75 - [STDERR_REDIRECT] 	at java.desktop/java.awt.EventQueue$4.run(EventQueue.java:720)
2024-04-05 18:37:34,179 [ERROR] LogOutputStream:75 - [STDERR_REDIRECT] 	at java.desktop/java.awt.EventQueue$4.run(EventQueue.java:714)
2024-04-05 18:37:34,181 [ERROR] LogOutputStream:75 - [STDERR_REDIRECT] 	at java.base/java.security.AccessController.doPrivileged(AccessController.java:399)
2024-04-05 18:37:34,184 [ERROR] LogOutputStream:75 - [STDERR_REDIRECT] 	at java.base/java.security.ProtectionDomain$JavaSecurityAccessImpl.doIntersectionPrivilege(ProtectionDomain.java:86)
2024-04-05 18:37:34,186 [ERROR] LogOutputStream:75 - [STDERR_REDIRECT] 	at java.desktop/java.awt.EventQueue.dispatchEvent(EventQueue.java:742)
2024-04-05 18:37:34,189 [ERROR] LogOutputStream:75 - [STDERR_REDIRECT] 	at java.desktop/java.awt.EventDispatchThread.pumpOneEventForFilters(EventDispatchThread.java:203)
2024-04-05 18:37:34,191 [ERROR] LogOutputStream:75 - [STDERR_REDIRECT] 	at java.desktop/java.awt.EventDispatchThread.pumpEventsForFilter(EventDispatchThread.java:124)
2024-04-05 18:37:34,193 [ERROR] LogOutputStream:75 - [STDERR_REDIRECT] 	at java.desktop/java.awt.EventDispatchThread.pumpEventsForHierarchy(EventDispatchThread.java:113)
2024-04-05 18:37:34,195 [ERROR] LogOutputStream:75 - [STDERR_REDIRECT] 	at java.desktop/java.awt.EventDispatchThread.pumpEvents(EventDispatchThread.java:109)
2024-04-05 18:37:34,197 [ERROR] LogOutputStream:75 - [STDERR_REDIRECT] 	at java.desktop/java.awt.EventDispatchThread.pumpEvents(EventDispatchThread.java:101)
2024-04-05 18:37:34,199 [ERROR] LogOutputStream:75 - [STDERR_REDIRECT] 	at java.desktop/java.awt.EventDispatchThread.run(EventDispatchThread.java:90)
2024-04-05 19:06:42,534 [ERROR] LogOutputStream:75 - [STDERR_REDIRECT] [Fatal Error] :1:1: Premature end of file.
2024-04-05 19:06:42,535 [ERROR] LogOutputStream:75 - [STDERR_REDIRECT] 
2024-04-05 19:06:42,677 [INFO] WebApp:354 - JxBrowser engine has been closed 
2024-04-05 19:06:43,393 [ERROR] LogOutputStream:75 - [STDERR_REDIRECT] [Fatal Error] :1:1: Premature end of file.
2024-04-05 19:06:43,393 [ERROR] LogOutputStream:75 - [STDERR_REDIRECT] 
2024-04-05 19:06:44,378 [ERROR] LogOutputStream:75 - [STDERR_REDIRECT] [Fatal Error] :1:1: Premature end of file.
2024-04-05 19:06:44,378 [ERROR] LogOutputStream:75 - [STDERR_REDIRECT] 
2024-04-05 19:06:45,380 [ERROR] LogOutputStream:75 - [STDERR_REDIRECT] [Fatal Error] :1:1: Premature end of file.
2024-04-05 19:06:45,380 [ERROR] LogOutputStream:75 - [STDERR_REDIRECT] 
2024-04-05 19:06:46,382 [ERROR] LogOutputStream:75 - [STDERR_REDIRECT] [Fatal Error] :1:1: Premature end of file.
2024-04-05 19:06:46,382 [ERROR] LogOutputStream:75 - [STDERR_REDIRECT] 
2024-04-05 19:06:47,381 [ERROR] LogOutputStream:75 - [STDERR_REDIRECT] [Fatal Error] :1:1: Premature end of file.
2024-04-05 19:06:47,381 [ERROR] LogOutputStream:75 - [STDERR_REDIRECT] 
2024-04-05 19:06:48,385 [ERROR] LogOutputStream:75 - [STDERR_REDIRECT] [Fatal Error] :1:1: Premature end of file.
2024-04-05 19:06:48,385 [ERROR] LogOutputStream:75 - [STDERR_REDIRECT] 
2024-04-05 19:06:49,385 [ERROR] LogOutputStream:75 - [STDERR_REDIRECT] [Fatal Error] :1:1: Premature end of file.
2024-04-05 19:06:49,385 [ERROR] LogOutputStream:75 - [STDERR_REDIRECT] 
