2024-12-31 22:35:36,821 [INFO] Activator:176 - 


2024-12-31 22:35:36,831 [INFO] Activator:177 - !SESSION log4j initialized
2024-12-31 22:35:41,103 [INFO] ApplicationProperties:184 - Using Application install path: D:\STM32CubeIDE_1.13.0\STM32CubeIDE\plugins\com.st.stm32cube.common.mx_6.11.0.202403141607
2024-12-31 22:35:41,128 [INFO] DbMcusXml:78 - Set database path to: D:\STM32CubeIDE_1.13.0\STM32CubeIDE\plugins\com.st.stm32cube.common.mx_6.11.0.202403141607\\db\/mcu/
2024-12-31 22:35:41,128 [INFO] ApiDb:274 - Set plugin database path to: D:\STM32CubeIDE_1.13.0\STM32CubeIDE\plugins\com.st.stm32cube.common.mx_6.11.0.202403141607\\db\/plugins/boardmanager/
2024-12-31 22:35:41,129 [WARN] ApiDb:259 - Overriding images path with different value:  => D:\STM32CubeIDE_1.13.0\STM32CubeIDE\plugins\com.st.stm32cube.common.mx_6.11.0.202403141607\\db\/plugins/mcufinder/images/
2024-12-31 22:35:41,144 [INFO] ApiDb:250 - Set database path to: C:\Users\66405\.stmcufinder\plugins\mcufinder//mcu/
2024-12-31 22:35:41,146 [INFO] DbMcusAds:125 - Set database path to: C:\Users\66405\.stmcufinder\plugins\mcufinder//mcu/
2024-12-31 22:35:41,220 [INFO] CrossReferenceDbSqlite:203 - Set database path to: C:\Users\66405\.stmcufinder\plugins\mcufinder//mcu/cs/
2024-12-31 22:35:41,383 [INFO] RulesReader:64 - Compatibility file has been processed (297 Rules)
2024-12-31 22:35:41,583 [INFO] DbMcusXml:78 - Set database path to: D:\STM32CubeIDE_1.13.0\STM32CubeIDE\plugins\com.st.stm32cube.common.mx_6.11.0.202403141607\\db\/mcu/
2024-12-31 22:35:41,583 [INFO] ApiDb:274 - Set plugin database path to: D:\STM32CubeIDE_1.13.0\STM32CubeIDE\plugins\com.st.stm32cube.common.mx_6.11.0.202403141607\\db\/plugins/boardmanager/
2024-12-31 22:35:41,583 [INFO] ApiDb:261 - Set plugin images path to: D:\STM32CubeIDE_1.13.0\STM32CubeIDE\plugins\com.st.stm32cube.common.mx_6.11.0.202403141607\\db\/plugins/mcufinder/images/
2024-12-31 22:35:41,584 [WARN] DbFile:41 - Overriding database path with different value: C:\Users\66405\.stmcufinder\plugins\mcufinder/ => C:\Users\66405\.stmcufinder\plugins\mcufinder
2024-12-31 22:35:41,584 [INFO] ApiDb:250 - Set database path to: C:\Users\66405\.stmcufinder\plugins\mcufinder//mcu/
2024-12-31 22:35:41,584 [WARN] DbFile:41 - Overriding database path with different value: C:\Users\66405\.stmcufinder\plugins\mcufinder/ => C:\Users\66405\.stmcufinder\plugins\mcufinder
2024-12-31 22:35:41,584 [INFO] DbMcusAds:125 - Set database path to: C:\Users\66405\.stmcufinder\plugins\mcufinder//mcu/
2024-12-31 22:35:41,584 [WARN] DbFile:41 - Overriding database path with different value: C:\Users\66405\.stmcufinder\plugins\mcufinder/ => C:\Users\66405\.stmcufinder\plugins\mcufinder
2024-12-31 22:35:41,584 [WARN] DbFile:41 - Overriding database path with different value: C:\Users\66405\.stmcufinder\plugins\mcufinder/ => C:\Users\66405\.stmcufinder\plugins\mcufinder
2024-12-31 22:35:41,584 [INFO] CrossReferenceDbSqlite:203 - Set database path to: C:\Users\66405\.stmcufinder\plugins\mcufinder//mcu/cs/
2024-12-31 22:35:41,780 [INFO] MainPanel:264 - HeapMemory: 268435456
2024-12-31 22:35:41,954 [INFO] DbMcusXml:78 - Set database path to: D:\STM32CubeIDE_1.13.0\STM32CubeIDE\plugins\com.st.stm32cube.common.mx_6.11.0.202403141607\\db\/mcu/
2024-12-31 22:35:41,954 [INFO] ApiDb:274 - Set plugin database path to: D:\STM32CubeIDE_1.13.0\STM32CubeIDE\plugins\com.st.stm32cube.common.mx_6.11.0.202403141607\\db\/plugins/boardmanager/
2024-12-31 22:35:41,955 [INFO] ApiDb:261 - Set plugin images path to: D:\STM32CubeIDE_1.13.0\STM32CubeIDE\plugins\com.st.stm32cube.common.mx_6.11.0.202403141607\\db\/plugins/mcufinder/images/
2024-12-31 22:35:41,955 [WARN] DbFile:41 - Overriding database path with different value: C:\Users\66405\.stmcufinder\plugins\mcufinder/ => C:\Users\66405\.stmcufinder\plugins\mcufinder
2024-12-31 22:35:41,955 [INFO] ApiDb:250 - Set database path to: C:\Users\66405\.stmcufinder\plugins\mcufinder//mcu/
2024-12-31 22:35:41,955 [WARN] DbFile:41 - Overriding database path with different value: C:\Users\66405\.stmcufinder\plugins\mcufinder/ => C:\Users\66405\.stmcufinder\plugins\mcufinder
2024-12-31 22:35:41,955 [INFO] DbMcusAds:125 - Set database path to: C:\Users\66405\.stmcufinder\plugins\mcufinder//mcu/
2024-12-31 22:35:41,956 [WARN] DbFile:41 - Overriding database path with different value: C:\Users\66405\.stmcufinder\plugins\mcufinder/ => C:\Users\66405\.stmcufinder\plugins\mcufinder
2024-12-31 22:35:41,956 [WARN] DbFile:41 - Overriding database path with different value: C:\Users\66405\.stmcufinder\plugins\mcufinder/ => C:\Users\66405\.stmcufinder\plugins\mcufinder
2024-12-31 22:35:41,956 [INFO] CrossReferenceDbSqlite:203 - Set database path to: C:\Users\66405\.stmcufinder\plugins\mcufinder//mcu/cs/
2024-12-31 22:35:41,988 [INFO] ApplicationProperties:184 - Using Application install path: D:\STM32CubeIDE_1.13.0\STM32CubeIDE\plugins\com.st.stm32cube.common.mx_6.11.0.202403141607
2024-12-31 22:35:41,990 [INFO] PluginManage:196 - Search for loadable plugins [exclusion list=, ]
2024-12-31 22:35:41,993 [INFO] PluginManage:310 - Check plugin analytics
2024-12-31 22:35:42,437 [INFO] AnalyticsPlugin:253 - Accepted Software Licenses: 
2024-12-31 22:35:42,438 [INFO] AnalyticsPlugin:255 - Accepted CMSIS Pack Licenses: 
2024-12-31 22:35:42,440 [INFO] AnalyticsPlugin:257 - Accepted Firmware Licenses: FW.L4.1.18.0
2024-12-31 22:35:42,446 [INFO] PluginManage:359 - Loaded plugin analytics (category:tool,tabindex:-1)
2024-12-31 22:35:42,447 [INFO] PluginManage:310 - Check plugin cadmodel
2024-12-31 22:35:42,505 [INFO] CADModel:105 - Init CAD model plugin
2024-12-31 22:35:42,506 [INFO] PluginManage:359 - Loaded plugin cadmodel (category:power,tabindex:5)
2024-12-31 22:35:42,507 [INFO] PluginManage:310 - Check plugin clock
2024-12-31 22:35:42,534 [INFO] PluginManage:359 - Loaded plugin clock (category:base,tabindex:2)
2024-12-31 22:35:42,535 [INFO] PluginManage:310 - Check plugin ddr
2024-12-31 22:35:42,542 [INFO] PluginManage:359 - Loaded plugin ddr (category:tool,tabindex:6)
2024-12-31 22:35:42,542 [INFO] PluginManage:310 - Check plugin filemanager
2024-12-31 22:35:42,816 [INFO] PluginManage:359 - Loaded plugin filemanager (category:base,tabindex:10)
2024-12-31 22:35:42,817 [INFO] PluginManage:310 - Check plugin ipmanager
2024-12-31 22:35:42,832 [INFO] PluginManage:359 - Loaded plugin ipmanager (category:base,tabindex:5)
2024-12-31 22:35:42,832 [INFO] PluginManage:310 - Check plugin lpbam
2024-12-31 22:35:42,850 [INFO] PluginManage:359 - Loaded plugin lpbam (category:base,tabindex:0)
2024-12-31 22:35:42,851 [INFO] PluginManage:310 - Check plugin memorymap
2024-12-31 22:35:42,881 [INFO] PluginManage:359 - Loaded plugin memorymap (category:base,tabindex:4)
2024-12-31 22:35:42,881 [INFO] PluginManage:310 - Check plugin pinoutandconfiguration
2024-12-31 22:35:42,894 [INFO] PluginManage:359 - Loaded plugin pinoutandconfiguration (category:base,tabindex:1)
2024-12-31 22:35:42,895 [INFO] PluginManage:310 - Check plugin pinoutconfig
2024-12-31 22:35:43,081 [WARN] SupportedApi:132 - Cannot load RTOS API schema: s4s-elt-must-match.1: The content of 'definitions' must match (annotation?, (simpleType | complexType)?, (unique | key | keyref)*)). A problem was found starting at: attribute.
2024-12-31 22:35:43,417 [INFO] PluginManage:359 - Loaded plugin pinoutconfig (category:base,tabindex:0)
2024-12-31 22:35:43,417 [INFO] PluginManage:310 - Check plugin power
2024-12-31 22:35:43,444 [INFO] PluginManage:359 - Loaded plugin power (category:power,tabindex:4)
2024-12-31 22:35:43,445 [INFO] PluginManage:310 - Check plugin projectmanager
2024-12-31 22:35:43,483 [INFO] PluginManage:359 - Loaded plugin projectmanager (category:projectmanager,tabindex:3)
2024-12-31 22:35:43,483 [INFO] PluginManage:310 - Check plugin thirdparty
2024-12-31 22:35:43,726 [INFO] PluginManage:359 - Loaded plugin thirdparty (category:base,tabindex:-1)
2024-12-31 22:35:43,726 [WARN] IntegrityCheckThread:84 - waiting for thirdparty lock release [integrity check]
2024-12-31 22:35:43,726 [INFO] PluginManage:310 - Check plugin tools
2024-12-31 22:35:43,726 [INFO] IntegrityCheckThread:86 - entering critical section [integrity check]
2024-12-31 22:35:43,728 [INFO] ThirdPartyUpdaterWithRetryManager:70 - Updater plugin not ready yet. [1/15]
2024-12-31 22:35:43,732 [INFO] PluginManage:359 - Loaded plugin tools (category:base,tabindex:7)
2024-12-31 22:35:43,733 [INFO] PluginManage:310 - Check plugin tutovideos
2024-12-31 22:35:44,024 [INFO] PluginManage:359 - Loaded plugin tutovideos (category:base,tabindex:-1)
2024-12-31 22:35:44,025 [INFO] PluginManage:310 - Check plugin updater
2024-12-31 22:35:44,049 [INFO] PluginManage:359 - Loaded plugin updater (category:base,tabindex:12)
2024-12-31 22:35:44,050 [INFO] PluginManage:310 - Check plugin userauth
2024-12-31 22:35:44,061 [INFO] UserAuth:114 - Init User Auth plugin
2024-12-31 22:35:44,062 [INFO] PluginManage:359 - Loaded plugin userauth (category:base,tabindex:14)
2024-12-31 22:35:44,062 [INFO] PluginManage:283 - PluginManage : Loaded plugins [17]
2024-12-31 22:35:44,639 [INFO] PinOutPanel:1561 - setPackage(No Configuration,No Configuration)
2024-12-31 22:35:44,842 [INFO] CADModel:165 - CPN selected for project level
2024-12-31 22:35:44,843 [INFO] CADModel:114 - Register for checkConnection events
2024-12-31 22:35:44,881 [INFO] IPUIPlugin:80 - create IPUIPlugin
2024-12-31 22:35:44,882 [INFO] PluginManager:220 - loadIPPluginJar : add adc
2024-12-31 22:35:44,890 [INFO] IPUIPlugin:80 - create IPUIPlugin
2024-12-31 22:35:44,890 [INFO] PluginManager:220 - loadIPPluginJar : add aes
2024-12-31 22:35:44,898 [INFO] IPUIPlugin:80 - create IPUIPlugin
2024-12-31 22:35:44,899 [INFO] PluginManager:220 - loadIPPluginJar : add can
2024-12-31 22:35:44,905 [INFO] IPUIPlugin:80 - create IPUIPlugin
2024-12-31 22:35:44,906 [INFO] PluginManager:220 - loadIPPluginJar : add comp
2024-12-31 22:35:44,913 [INFO] IPUIPlugin:80 - create IPUIPlugin
2024-12-31 22:35:44,914 [INFO] PluginManager:220 - loadIPPluginJar : add cryp
2024-12-31 22:35:44,922 [INFO] IPUIPlugin:80 - create IPUIPlugin
2024-12-31 22:35:44,922 [INFO] PluginManager:220 - loadIPPluginJar : add dfsdm
2024-12-31 22:35:44,934 [INFO] IPUIPlugin:80 - create IPUIPlugin
2024-12-31 22:35:44,936 [INFO] PluginManager:220 - loadIPPluginJar : add dma
2024-12-31 22:35:44,943 [INFO] IPUIPlugin:80 - create IPUIPlugin
2024-12-31 22:35:44,944 [INFO] PluginManager:220 - loadIPPluginJar : add dma3
2024-12-31 22:35:44,949 [INFO] IPUIPlugin:80 - create IPUIPlugin
2024-12-31 22:35:44,950 [INFO] PluginManager:220 - loadIPPluginJar : add extmemmanager
2024-12-31 22:35:44,955 [INFO] IPUIPlugin:80 - create IPUIPlugin
2024-12-31 22:35:44,955 [INFO] PluginManager:220 - loadIPPluginJar : add fatfs
2024-12-31 22:35:44,974 [INFO] IPUIPlugin:80 - create IPUIPlugin
2024-12-31 22:35:44,974 [INFO] PluginManager:220 - loadIPPluginJar : add fmc
2024-12-31 22:35:44,985 [INFO] IPUIPlugin:80 - create IPUIPlugin
2024-12-31 22:35:44,986 [INFO] PluginManager:220 - loadIPPluginJar : add freertos
2024-12-31 22:35:44,991 [INFO] IPUIPlugin:80 - create IPUIPlugin
2024-12-31 22:35:44,991 [INFO] PluginManager:220 - loadIPPluginJar : add genericplugin
2024-12-31 22:35:44,997 [INFO] IPUIPlugin:80 - create IPUIPlugin
2024-12-31 22:35:44,998 [INFO] PluginManager:220 - loadIPPluginJar : add gfxmmu
2024-12-31 22:35:45,011 [INFO] IPUIPlugin:80 - create IPUIPlugin
2024-12-31 22:35:45,011 [INFO] PluginManager:220 - loadIPPluginJar : add gic
2024-12-31 22:35:45,020 [INFO] IPUIPlugin:80 - create IPUIPlugin
2024-12-31 22:35:45,021 [INFO] PluginManager:220 - loadIPPluginJar : add gpio
2024-12-31 22:35:45,027 [INFO] IPUIPlugin:80 - create IPUIPlugin
2024-12-31 22:35:45,027 [INFO] PluginManager:220 - loadIPPluginJar : add gtzc
2024-12-31 22:35:45,034 [INFO] IPUIPlugin:80 - create IPUIPlugin
2024-12-31 22:35:45,035 [INFO] PluginManager:220 - loadIPPluginJar : add hash
2024-12-31 22:35:45,051 [INFO] IPUIPlugin:80 - create IPUIPlugin
2024-12-31 22:35:45,052 [INFO] PluginManager:220 - loadIPPluginJar : add i2c
2024-12-31 22:35:45,058 [INFO] IPUIPlugin:80 - create IPUIPlugin
2024-12-31 22:35:45,058 [INFO] PluginManager:220 - loadIPPluginJar : add i2s
2024-12-31 22:35:45,063 [INFO] IPUIPlugin:80 - create IPUIPlugin
2024-12-31 22:35:45,064 [INFO] PluginManager:220 - loadIPPluginJar : add i3c
2024-12-31 22:35:45,071 [INFO] IPUIPlugin:80 - create IPUIPlugin
2024-12-31 22:35:45,072 [INFO] PluginManager:220 - loadIPPluginJar : add ipddr
2024-12-31 22:35:45,084 [INFO] IPUIPlugin:80 - create IPUIPlugin
2024-12-31 22:35:45,085 [INFO] PluginManager:220 - loadIPPluginJar : add linkedlist
2024-12-31 22:35:45,090 [INFO] IPUIPlugin:80 - create IPUIPlugin
2024-12-31 22:35:45,090 [INFO] PluginManager:220 - loadIPPluginJar : add lorawan
2024-12-31 22:35:45,094 [INFO] IPUIPlugin:80 - create IPUIPlugin
2024-12-31 22:35:45,094 [INFO] PluginManager:220 - loadIPPluginJar : add ltdc
2024-12-31 22:35:45,107 [INFO] IPUIPlugin:80 - create IPUIPlugin
2024-12-31 22:35:45,107 [INFO] PluginManager:220 - loadIPPluginJar : add mdma
2024-12-31 22:35:45,114 [INFO] IPUIPlugin:80 - create IPUIPlugin
2024-12-31 22:35:45,114 [INFO] PluginManager:220 - loadIPPluginJar : add nvic
2024-12-31 22:35:45,120 [INFO] IPUIPlugin:80 - create IPUIPlugin
2024-12-31 22:35:45,120 [INFO] PluginManager:220 - loadIPPluginJar : add opamp
2024-12-31 22:35:45,128 [INFO] IPUIPlugin:80 - create IPUIPlugin
2024-12-31 22:35:45,128 [INFO] PluginManager:220 - loadIPPluginJar : add openamp
2024-12-31 22:35:45,135 [INFO] IPUIPlugin:80 - create IPUIPlugin
2024-12-31 22:35:45,136 [INFO] PluginManager:220 - loadIPPluginJar : add pdm2pcm
2024-12-31 22:35:45,147 [INFO] IPUIPlugin:80 - create IPUIPlugin
2024-12-31 22:35:45,152 [INFO] PluginManager:220 - loadIPPluginJar : add plateformsettings
2024-12-31 22:35:45,156 [INFO] IPUIPlugin:80 - create IPUIPlugin
2024-12-31 22:35:45,156 [INFO] PluginManager:220 - loadIPPluginJar : add quadspi
2024-12-31 22:35:45,164 [INFO] IPUIPlugin:80 - create IPUIPlugin
2024-12-31 22:35:45,164 [INFO] PluginManager:220 - loadIPPluginJar : add resmgrutility
2024-12-31 22:35:45,173 [INFO] IPUIPlugin:80 - create IPUIPlugin
2024-12-31 22:35:45,173 [INFO] PluginManager:220 - loadIPPluginJar : add sai
2024-12-31 22:35:45,179 [INFO] IPUIPlugin:80 - create IPUIPlugin
2024-12-31 22:35:45,179 [INFO] PluginManager:220 - loadIPPluginJar : add spi
2024-12-31 22:35:45,190 [INFO] IPUIPlugin:80 - create IPUIPlugin
2024-12-31 22:35:45,191 [INFO] PluginManager:220 - loadIPPluginJar : add stm32_wpan
2024-12-31 22:35:45,195 [INFO] IPUIPlugin:80 - create IPUIPlugin
2024-12-31 22:35:45,195 [INFO] PluginManager:220 - loadIPPluginJar : add tim
2024-12-31 22:35:45,203 [INFO] IPUIPlugin:80 - create IPUIPlugin
2024-12-31 22:35:45,204 [INFO] PluginManager:220 - loadIPPluginJar : add touchsensing
2024-12-31 22:35:45,209 [INFO] IPUIPlugin:80 - create IPUIPlugin
2024-12-31 22:35:45,209 [INFO] PluginManager:220 - loadIPPluginJar : add tracer_emb
2024-12-31 22:35:45,213 [INFO] IPUIPlugin:80 - create IPUIPlugin
2024-12-31 22:35:45,214 [INFO] PluginManager:220 - loadIPPluginJar : add ts
2024-12-31 22:35:45,217 [INFO] IPUIPlugin:80 - create IPUIPlugin
2024-12-31 22:35:45,218 [INFO] PluginManager:220 - loadIPPluginJar : add tsc
2024-12-31 22:35:45,222 [INFO] IPUIPlugin:80 - create IPUIPlugin
2024-12-31 22:35:45,222 [INFO] PluginManager:220 - loadIPPluginJar : add ucpd
2024-12-31 22:35:45,227 [INFO] IPUIPlugin:80 - create IPUIPlugin
2024-12-31 22:35:45,227 [INFO] PluginManager:220 - loadIPPluginJar : add usart
2024-12-31 22:35:45,231 [INFO] IPUIPlugin:80 - create IPUIPlugin
2024-12-31 22:35:45,231 [INFO] PluginManager:220 - loadIPPluginJar : add usbx
2024-12-31 22:35:45,388 [INFO] CADModel:165 - CPN selected for project level
2024-12-31 22:35:45,389 [INFO] CADModel:114 - Register for checkConnection events
2024-12-31 22:35:45,389 [FATAL] Updater:308 - Updater called before beeing initialized
2024-12-31 22:35:45,389 [ERROR] CADModel:125 - Updater not yet initialized, retry later 
2024-12-31 22:35:45,650 [INFO] CADModel:165 - CPN selected for project level
2024-12-31 22:35:45,650 [INFO] CADModel:114 - Register for checkConnection events
2024-12-31 22:35:45,650 [FATAL] Updater:308 - Updater called before beeing initialized
2024-12-31 22:35:45,651 [ERROR] CADModel:125 - Updater not yet initialized, retry later 
2024-12-31 22:35:45,680 [FATAL] Updater:308 - Updater called before beeing initialized
2024-12-31 22:35:45,924 [FATAL] Updater:308 - Updater called before beeing initialized
2024-12-31 22:35:45,934 [INFO] DbMcusAds:53 - JSON generation date=Fri Sep 20 14:04:38 IST 2024 (1726837478367)
2024-12-31 22:35:45,935 [FATAL] Updater:308 - Updater called before beeing initialized
2024-12-31 22:35:46,011 [WARN] DetailPanel:346 - Failed to get advertising image, set to default
2024-12-31 22:35:46,133 [FATAL] Updater:308 - Updater called before beeing initialized
2024-12-31 22:35:46,139 [FATAL] Updater:308 - Updater called before beeing initialized
2024-12-31 22:35:46,140 [FATAL] Updater:308 - Updater called before beeing initialized
2024-12-31 22:35:46,140 [WARN] DetailPanel:346 - Failed to get advertising image, set to default
2024-12-31 22:35:46,141 [FATAL] Updater:308 - Updater called before beeing initialized
2024-12-31 22:35:46,232 [ERROR] Updater:1120 - MainUpdater not yet initialized. External WinMGr cannot be set.
2024-12-31 22:35:46,239 [INFO] Updater:1056 - Updater Version found : 6.11.0
2024-12-31 22:35:46,274 [INFO] ApplicationProperties:184 - Using Application install path: D:\STM32CubeIDE_1.13.0\STM32CubeIDE\plugins\com.st.stm32cube.common.mx_6.11.0.202403141607
2024-12-31 22:35:46,729 [INFO] ThirdPartyUpdaterWithRetryManager:70 - Updater plugin not ready yet. [2/15]
2024-12-31 22:35:47,911 [ERROR] LogOutputStream:75 - [STDERR_REDIRECT] Dec 31, 2024 10:35:47 PM java.util.prefs.WindowsPreferences <init>
2024-12-31 22:35:47,913 [ERROR] LogOutputStream:75 - [STDERR_REDIRECT] WARNING: Could not open/create prefs root node Software\JavaSoft\Prefs at root 0xffffffff80000002. Windows RegCreateKeyEx(...) returned error code 5.
2024-12-31 22:35:47,913 [ERROR] LogOutputStream:75 - [STDERR_REDIRECT] 
2024-12-31 22:35:49,198 [INFO] MainUpdater:2873 - connection check result : 10
2024-12-31 22:35:49,198 [INFO] MainUpdater:3567 - Updater definition file requires update
2024-12-31 22:35:49,199 [INFO] MainUpdater:290 - Updater Check For Update Now.
2024-12-31 22:35:49,200 [INFO] MicroXplorer:498 - Change Database Version : DB.6.0.110
2024-12-31 22:35:49,409 [INFO] ServerAccessManage:473 - Download File updaters.zip
2024-12-31 22:35:49,508 [INFO] FileExtend:240 - Unzip File : updaters.zip
2024-12-31 22:35:49,508 [INFO] FileExtend:255 - Standard Zip Deflate
2024-12-31 22:35:49,739 [WARN] MainUpdater:1194 - Updater busy. Cannot search thirdparties
2024-12-31 22:35:49,740 [INFO] ThirdPartyUpdaterWithRetryManager:96 - Updater plugin is busy. [1/15]
2024-12-31 22:35:50,242 [INFO] ServerAccessManage:473 - Download File PacksControlFlags.xml
2024-12-31 22:35:50,787 [INFO] ServerAccessManage:473 - Download File cubemx.pidx
2024-12-31 22:35:51,022 [INFO] LoadServerUpdatesThread:375 - End of LoadServerUpdate Thread
2024-12-31 22:35:51,246 [INFO] CheckServerUpdateThread:120 - End of CheckServer Thread
2024-12-31 22:35:51,334 [INFO] MainUpdater:2873 - connection check result : 10
2024-12-31 22:35:51,339 [INFO] MainUpdater:2873 - connection check result : 10
2024-12-31 22:35:51,566 [INFO] MicroXplorer:468 - Change Database Path : 
2024-12-31 22:35:51,570 [INFO] MicroXplorer:498 - Change Database Version : DB.6.0.110
2024-12-31 22:35:51,599 [WARN] ThirdParty:871 - waiting for thirdparty lock release [close project]
2024-12-31 22:35:53,210 [WARN] PackLoader:240 - Cannot read IP mode file for STMicroelectronics.FP-SNS-MOTENVWB1.1.4.0
2024-12-31 22:35:53,235 [WARN] PackLoader:240 - Cannot read IP mode file for STMicroelectronics.FP-ATR-ASTRA1.2.0.1
2024-12-31 22:35:53,258 [WARN] PackLoader:240 - Cannot read IP mode file for STMicroelectronics.X-CUBE-SMBUS.2.1.0
2024-12-31 22:35:53,280 [WARN] PackLoader:240 - Cannot read IP mode file for STMicroelectronics.X-CUBE-WB05N.1.1.0
2024-12-31 22:35:53,297 [WARN] PackLoader:240 - Cannot read IP mode file for STMicroelectronics.X-CUBE-TOUCHGFX.4.23.1
2024-12-31 22:35:53,306 [WARN] PackLoader:240 - Cannot read IP mode file for STMicroelectronics.X-CUBE-TOUCHGFX.4.23.0
2024-12-31 22:35:53,371 [WARN] PackLoader:240 - Cannot read IP mode file for STMicroelectronics.X-CUBE-AZRTOS-F7.1.1.0
2024-12-31 22:35:53,407 [WARN] PackLoader:240 - Cannot read IP mode file for STMicroelectronics.FP-SNS-MOTENV1.4.3.2
2024-12-31 22:35:53,582 [WARN] PackLoader:240 - Cannot read IP mode file for STMicroelectronics.X-CUBE-MEMS1.11.0.0
2024-12-31 22:35:53,829 [WARN] PackLoader:240 - Cannot read IP mode file for STMicroelectronics.X-CUBE-BLE1.6.2.4
2024-12-31 22:35:53,840 [WARN] PackLoader:240 - Cannot read IP mode file for STMicroelectronics.FP-SNS-FLIGHT1.5.0.2
2024-12-31 22:35:53,857 [WARN] PackLoader:240 - Cannot read IP mode file for STMicroelectronics.X-CUBE-DISPLAY.3.0.0
2024-12-31 22:35:53,866 [WARN] PackLoader:240 - Cannot read IP mode file for STMicroelectronics.X-CUBE-BLE1.7.0.0
2024-12-31 22:35:53,883 [WARN] PackLoader:240 - Cannot read IP mode file for STMicroelectronics.X-CUBE-NFC10.1.0.0
2024-12-31 22:35:53,910 [WARN] PackLoader:240 - Cannot read IP mode file for STMicroelectronics.X-CUBE-BLEMGR.4.0.0
2024-12-31 22:35:53,965 [WARN] PackLoader:240 - Cannot read IP mode file for emotas.I-CUBE-CANOPEN.1.3.0
2024-12-31 22:35:53,980 [WARN] PackLoader:240 - Cannot read IP mode file for STMicroelectronics.X-CUBE-TOUCHGFX.4.22.0
2024-12-31 22:35:53,996 [WARN] PackLoader:240 - Cannot read IP mode file for STMicroelectronics.X-CUBE-TOUCHGFX.4.22.1
2024-12-31 22:35:54,017 [WARN] PackLoader:240 - Cannot read IP mode file for STMicroelectronics.X-CUBE-BLEMGR.3.1.0
2024-12-31 22:35:54,037 [WARN] PackLoader:240 - Cannot read IP mode file for STMicroelectronics.FP-SNS-SMARTAG2.1.2.0
2024-12-31 22:35:54,125 [WARN] PackLoader:240 - Cannot read IP mode file for STMicroelectronics.X-CUBE-MEMS1.11.1.0
2024-12-31 22:35:54,365 [INFO] LogOutputStream:77 - [STDOUT_REDIRECT] 1 : Invalid condition id : UX_CORESTACK_Condition cause : null
2024-12-31 22:35:54,366 [INFO] LogOutputStream:77 - [STDOUT_REDIRECT] 1 : Invalid condition id : UX_CORESTACK_Condition cause : null
2024-12-31 22:35:54,371 [INFO] LogOutputStream:77 - [STDOUT_REDIRECT] 1 : Invalid condition id : UX_CORESTACK_Condition cause : null
2024-12-31 22:35:54,373 [INFO] LogOutputStream:77 - [STDOUT_REDIRECT] 1 : Invalid condition id : UX_CORESTACK_Condition cause : null
2024-12-31 22:35:54,375 [INFO] LogOutputStream:77 - [STDOUT_REDIRECT] 1 : Invalid condition id : UX_CORESTACK_Condition cause : null
2024-12-31 22:35:54,379 [WARN] PackLoader:240 - Cannot read IP mode file for STMicroelectronics.X-CUBE-AZRTOS-WL.2.0.0
2024-12-31 22:35:54,388 [WARN] PackLoader:240 - Cannot read IP mode file for STMicroelectronics.FP-SNS-MOTENV1.5.0.0
2024-12-31 22:35:54,402 [WARN] PackLoader:240 - Cannot read IP mode file for wolfSSL.I-CUBE-wolfMQTT.1.19.0
2024-12-31 22:35:54,421 [WARN] PackLoader:240 - Cannot read IP mode file for WES.I-CUBE-Cesium.1.3.0
2024-12-31 22:35:54,431 [WARN] PackLoader:240 - Cannot read IP mode file for STMicroelectronics.X-CUBE-BLE2.3.3.0
2024-12-31 22:35:54,446 [WARN] PackLoader:240 - Cannot read IP mode file for STMicroelectronics.X-CUBE-NFC9.1.0.0
2024-12-31 22:35:54,464 [WARN] PackLoader:240 - Cannot read IP mode file for STMicroelectronics.X-CUBE-TCPP.4.1.0
2024-12-31 22:35:54,482 [WARN] PackLoader:240 - Cannot read IP mode file for STMicroelectronics.X-CUBE-ALGOBUILD.1.3.0
2024-12-31 22:35:54,507 [WARN] PackLoader:240 - Cannot read IP mode file for STMicroelectronics.X-CUBE-AZRTOS-G0.1.1.0
2024-12-31 22:35:54,521 [WARN] PackLoader:240 - Cannot read IP mode file for STMicroelectronics.X-CUBE-SAFEA1.1.2.2
2024-12-31 22:35:54,531 [WARN] PackLoader:240 - Cannot read IP mode file for STMicroelectronics.X-CUBE-NFC4.3.0.0
2024-12-31 22:35:54,549 [WARN] PackLoader:240 - Cannot read IP mode file for EmbeddedOffice.I-CUBE-FS-RTOS.1.0.1
2024-12-31 22:35:54,549 [ERROR] ConditionMgr:805 - Attr not supported : Dmpu
2024-12-31 22:35:54,549 [ERROR] ConditionMgr:805 - Attr not supported : Dmpu
2024-12-31 22:35:54,549 [ERROR] ConditionMgr:805 - Attr not supported : Dmpu
2024-12-31 22:35:54,549 [ERROR] ConditionMgr:805 - Attr not supported : Dmpu
2024-12-31 22:35:54,549 [ERROR] ConditionMgr:805 - Attr not supported : Dmpu
2024-12-31 22:35:54,550 [ERROR] ConditionMgr:805 - Attr not supported : Dmpu
2024-12-31 22:35:54,550 [ERROR] ConditionMgr:805 - Attr not supported : Dmpu
2024-12-31 22:35:54,550 [ERROR] ConditionMgr:805 - Attr not supported : Dmpu
2024-12-31 22:35:54,550 [ERROR] ConditionMgr:805 - Attr not supported : Dmpu
2024-12-31 22:35:54,550 [ERROR] ConditionMgr:805 - Attr not supported : Dmpu
2024-12-31 22:35:54,550 [ERROR] ConditionMgr:805 - Attr not supported : Dmpu
2024-12-31 22:35:54,550 [ERROR] ConditionMgr:805 - Attr not supported : Dmpu
2024-12-31 22:35:54,550 [ERROR] ConditionMgr:805 - Attr not supported : Dmpu
2024-12-31 22:35:54,551 [ERROR] ConditionMgr:805 - Attr not supported : Dmpu
2024-12-31 22:35:54,551 [ERROR] ConditionMgr:805 - Attr not supported : Dmpu
2024-12-31 22:35:54,551 [ERROR] ConditionMgr:805 - Attr not supported : Dmpu
2024-12-31 22:35:54,551 [ERROR] ConditionMgr:805 - Attr not supported : Dmpu
2024-12-31 22:35:54,551 [ERROR] ConditionMgr:805 - Attr not supported : Dmpu
2024-12-31 22:35:54,551 [ERROR] ConditionMgr:805 - Attr not supported : Dmpu
2024-12-31 22:35:54,551 [ERROR] ConditionMgr:805 - Attr not supported : Dmpu
2024-12-31 22:35:54,552 [ERROR] ConditionMgr:805 - Attr not supported : Dmpu
2024-12-31 22:35:54,552 [ERROR] ConditionMgr:805 - Attr not supported : Dmpu
2024-12-31 22:35:54,553 [ERROR] ConditionMgr:805 - Attr not supported : Dmpu
2024-12-31 22:35:54,553 [ERROR] ConditionMgr:805 - Attr not supported : Dmpu
2024-12-31 22:35:54,553 [ERROR] ConditionMgr:805 - Attr not supported : Dmpu
2024-12-31 22:35:54,553 [ERROR] ConditionMgr:805 - Attr not supported : Dmpu
2024-12-31 22:35:54,553 [ERROR] ConditionMgr:805 - Attr not supported : Dmpu
2024-12-31 22:35:54,553 [ERROR] ConditionMgr:805 - Attr not supported : Dmpu
2024-12-31 22:35:54,553 [ERROR] ConditionMgr:805 - Attr not supported : Dmpu
2024-12-31 22:35:54,553 [ERROR] ConditionMgr:805 - Attr not supported : Dmpu
2024-12-31 22:35:54,553 [ERROR] ConditionMgr:805 - Attr not supported : Dmpu
2024-12-31 22:35:54,554 [ERROR] ConditionMgr:805 - Attr not supported : Dmpu
2024-12-31 22:35:54,554 [ERROR] ConditionMgr:805 - Attr not supported : Dmpu
2024-12-31 22:35:54,554 [ERROR] ConditionMgr:805 - Attr not supported : Dmpu
2024-12-31 22:35:54,554 [ERROR] ConditionMgr:805 - Attr not supported : Dmpu
2024-12-31 22:35:54,554 [ERROR] ConditionMgr:805 - Attr not supported : Dmpu
2024-12-31 22:35:54,554 [ERROR] ConditionMgr:805 - Attr not supported : Dmpu
2024-12-31 22:35:54,554 [ERROR] ConditionMgr:805 - Attr not supported : Dmpu
2024-12-31 22:35:54,554 [ERROR] ConditionMgr:805 - Attr not supported : Dmpu
2024-12-31 22:35:54,554 [ERROR] ConditionMgr:805 - Attr not supported : Dmpu
2024-12-31 22:35:54,554 [ERROR] ConditionMgr:805 - Attr not supported : Dmpu
2024-12-31 22:35:54,554 [ERROR] ConditionMgr:805 - Attr not supported : Dmpu
2024-12-31 22:35:54,554 [ERROR] ConditionMgr:805 - Attr not supported : Dmpu
2024-12-31 22:35:54,555 [ERROR] ConditionMgr:805 - Attr not supported : Dmpu
2024-12-31 22:35:54,555 [ERROR] ConditionMgr:805 - Attr not supported : Dmpu
2024-12-31 22:35:54,555 [ERROR] ConditionMgr:805 - Attr not supported : Dmpu
2024-12-31 22:35:54,555 [ERROR] ConditionMgr:805 - Attr not supported : Dmpu
2024-12-31 22:35:54,555 [ERROR] ConditionMgr:805 - Attr not supported : Dmpu
2024-12-31 22:35:54,555 [ERROR] ConditionMgr:805 - Attr not supported : Dmpu
2024-12-31 22:35:54,555 [ERROR] ConditionMgr:805 - Attr not supported : Dmpu
2024-12-31 22:35:54,555 [ERROR] ConditionMgr:805 - Attr not supported : Dmpu
2024-12-31 22:35:54,555 [ERROR] ConditionMgr:805 - Attr not supported : Dmpu
2024-12-31 22:35:54,555 [ERROR] ConditionMgr:805 - Attr not supported : Dmpu
2024-12-31 22:35:54,555 [ERROR] ConditionMgr:805 - Attr not supported : Dmpu
2024-12-31 22:35:54,555 [ERROR] ConditionMgr:805 - Attr not supported : Dmpu
2024-12-31 22:35:54,555 [ERROR] ConditionMgr:805 - Attr not supported : Dmpu
2024-12-31 22:35:54,555 [ERROR] ConditionMgr:805 - Attr not supported : Dmpu
2024-12-31 22:35:54,556 [ERROR] ConditionMgr:805 - Attr not supported : Dmpu
2024-12-31 22:35:54,556 [ERROR] ConditionMgr:805 - Attr not supported : Dmpu
2024-12-31 22:35:54,556 [ERROR] ConditionMgr:805 - Attr not supported : Dmpu
2024-12-31 22:35:54,556 [ERROR] ConditionMgr:805 - Attr not supported : Dmpu
2024-12-31 22:35:54,556 [ERROR] ConditionMgr:805 - Attr not supported : Dmpu
2024-12-31 22:35:54,556 [ERROR] ConditionMgr:805 - Attr not supported : Dmpu
2024-12-31 22:35:54,556 [ERROR] ConditionMgr:805 - Attr not supported : Dmpu
2024-12-31 22:35:54,567 [WARN] PackLoader:240 - Cannot read IP mode file for STMicroelectronics.X-CUBE-BLEMGR.3.0.0
2024-12-31 22:35:54,578 [ERROR] Engine:466 - C:\Users\66405\.stm32cubemx\thirdparties\pdsc\STMicroelectronics.X-CUBE-TCPP.4.2.0.pdsc: PDSC version is not supported
2024-12-31 22:35:54,588 [WARN] PackLoader:240 - Cannot read IP mode file for RealThread.X-CUBE-RT-Thread_Nano.4.1.1
2024-12-31 22:35:54,600 [WARN] PackLoader:240 - Cannot read IP mode file for STMicroelectronics.FP-ATR-SIGFOX1.3.2.0
2024-12-31 22:35:54,615 [WARN] ConditionMgr:438 - getConditionDescription Invalid condition id : Cortex-A Device cause : null
2024-12-31 22:35:54,641 [WARN] ConditionMgr:1039 - genDependencies : Invalid condition id : Cortex-A Device cause : null
2024-12-31 22:35:54,641 [WARN] ConditionMgr:1039 - genDependencies : Invalid condition id : Cortex-A Device cause : null
2024-12-31 22:35:54,642 [WARN] ConditionMgr:1039 - genDependencies : Invalid condition id : Cortex-A Device cause : null
2024-12-31 22:35:54,653 [WARN] PackLoader:240 - Cannot read IP mode file for STMicroelectronics.X-CUBE-EEPRMA1.5.1.0
2024-12-31 22:35:54,711 [WARN] PackLoader:240 - Cannot read IP mode file for SEGGER.I-CUBE-embOS.1.3.1
2024-12-31 22:35:54,780 [WARN] PackLoader:240 - Cannot read IP mode file for STMicroelectronics.X-CUBE-ALGOBUILD.1.4.0
2024-12-31 22:35:54,791 [WARN] PackLoader:240 - Cannot read IP mode file for STMicroelectronics.X-CUBE-AI.9.1.0
2024-12-31 22:35:54,801 [WARN] PackLoader:240 - Cannot read IP mode file for STMicroelectronics.X-CUBE-GNSS1.6.0.0
2024-12-31 22:35:54,830 [WARN] PackLoader:240 - Cannot read IP mode file for STMicroelectronics.X-CUBE-AZRTOS-F4.1.1.0
2024-12-31 22:35:54,846 [WARN] PackLoader:240 - Cannot read IP mode file for wolfSSL.I-CUBE-wolfSSL.5.6.3
2024-12-31 22:35:54,857 [WARN] PackLoader:240 - Cannot read IP mode file for STMicroelectronics.X-CUBE-ISPU.2.1.0
2024-12-31 22:35:54,867 [WARN] PackLoader:240 - Cannot read IP mode file for STMicroelectronics.X-CUBE-FREERTOS.1.2.0
2024-12-31 22:35:54,896 [WARN] PackLoader:240 - Cannot read IP mode file for STMicroelectronics.X-CUBE-AZRTOS-L5.2.0.0
2024-12-31 22:35:54,958 [WARN] PackLoader:240 - Cannot read IP mode file for STMicroelectronics.X-CUBE-MEMS1.9.6.0
2024-12-31 22:35:55,120 [WARN] PackLoader:240 - Cannot read IP mode file for STMicroelectronics.X-CUBE-EEPRMA1.4.2.0
2024-12-31 22:35:55,137 [WARN] PackLoader:240 - Cannot read IP mode file for STMicroelectronics.X-CUBE-NFC6.3.1.0
2024-12-31 22:35:55,154 [WARN] PackLoader:240 - Cannot read IP mode file for ITTIA_DB.I-CUBE-ITTIADB.8.8.0
2024-12-31 22:35:55,170 [WARN] PackLoader:240 - Cannot read IP mode file for STMicroelectronics.X-CUBE-BLEMGR.2.0.0
2024-12-31 22:35:55,184 [WARN] PackLoader:240 - Cannot read IP mode file for STMicroelectronics.X-CUBE-DPower.1.2.0
2024-12-31 22:35:55,194 [WARN] PackLoader:240 - Cannot read IP mode file for STMicroelectronics.X-CUBE-AI.9.0.0
2024-12-31 22:35:55,235 [WARN] ConditionMgr:438 - getConditionDescription Invalid condition id : UX DEVICE CLASS RTOS Condition cause : null
2024-12-31 22:35:55,236 [WARN] ConditionMgr:438 - getConditionDescription Invalid condition id : UX DEVICE CLASS RTOS Condition cause : null
2024-12-31 22:35:55,242 [WARN] PackLoader:240 - Cannot read IP mode file for STMicroelectronics.X-CUBE-AZRTOS-H7.3.1.0
2024-12-31 22:35:55,254 [WARN] ConditionMgr:1039 - genDependencies : Invalid condition id : UX DEVICE CLASS RTOS Condition cause : null
2024-12-31 22:35:55,255 [WARN] ConditionMgr:1039 - genDependencies : Invalid condition id : UX DEVICE CLASS RTOS Condition cause : null
2024-12-31 22:35:55,257 [WARN] ConditionMgr:1039 - genDependencies : Invalid condition id : UX DEVICE CLASS RTOS Condition cause : null
2024-12-31 22:35:55,258 [WARN] ConditionMgr:1039 - genDependencies : Invalid condition id : UX DEVICE CLASS RTOS Condition cause : null
2024-12-31 22:35:55,259 [WARN] ConditionMgr:1039 - genDependencies : Invalid condition id : UX DEVICE CLASS RTOS Condition cause : null
2024-12-31 22:35:55,272 [WARN] PackLoader:240 - Cannot read IP mode file for STMicroelectronics.X-CUBE-FREERTOS.1.3.0
2024-12-31 22:35:55,284 [WARN] PackLoader:240 - Cannot read IP mode file for STMicroelectronics.X-CUBE-NFC7.1.0.1
2024-12-31 22:35:55,301 [WARN] PackLoader:240 - Cannot read IP mode file for STMicroelectronics.X-CUBE-NFC6.3.0.0
2024-12-31 22:35:55,314 [WARN] PackLoader:240 - Cannot read IP mode file for STMicroelectronics.X-CUBE-EEPRMA1.4.1.0
2024-12-31 22:35:55,329 [WARN] PackLoader:240 - Cannot read IP mode file for STMicroelectronics.X-CUBE-AI.8.1.0
2024-12-31 22:35:55,354 [WARN] ConditionMgr:438 - getConditionDescription Invalid condition id : LAN8742 Phy interface Condition cause : null
2024-12-31 22:35:55,355 [WARN] PackLoader:240 - Cannot read IP mode file for STMicroelectronics.X-CUBE-AZRTOS-L4.2.0.0
2024-12-31 22:35:55,357 [WARN] ConditionMgr:1039 - genDependencies : Invalid condition id : LAN8742 Phy interface Condition cause : null
2024-12-31 22:35:55,357 [WARN] ConditionMgr:1039 - genDependencies : Invalid condition id : LAN8742 Phy interface Condition cause : null
2024-12-31 22:35:55,359 [WARN] ConditionMgr:1039 - genDependencies : Invalid condition id : LAN8742 Phy interface Condition cause : null
2024-12-31 22:35:55,374 [WARN] PackLoader:240 - Cannot read IP mode file for STMicroelectronics.X-CUBE-SFXS2LP1.4.0.0
2024-12-31 22:35:55,382 [WARN] PackLoader:240 - Cannot read IP mode file for STMicroelectronics.X-CUBE-ISPU.1.1.0
2024-12-31 22:35:55,412 [WARN] PackLoader:240 - Cannot read IP mode file for STMicroelectronics.X-CUBE-AZRTOS-H7.3.3.0
2024-12-31 22:35:55,441 [WARN] PackLoader:240 - Cannot read IP mode file for STMicroelectronics.X-CUBE-IPS.3.0.0
2024-12-31 22:35:55,471 [WARN] ConditionMgr:438 - getConditionDescription Invalid condition id : UX DEVICE CLASS RTOS Condition cause : null
2024-12-31 22:35:55,471 [WARN] ConditionMgr:438 - getConditionDescription Invalid condition id : UX DEVICE CLASS RTOS Condition cause : null
2024-12-31 22:35:55,476 [WARN] PackLoader:240 - Cannot read IP mode file for STMicroelectronics.X-CUBE-AZRTOS-WB.2.0.0
2024-12-31 22:35:55,477 [WARN] ConditionMgr:1039 - genDependencies : Invalid condition id : UX DEVICE CLASS RTOS Condition cause : null
2024-12-31 22:35:55,478 [WARN] ConditionMgr:1039 - genDependencies : Invalid condition id : UX DEVICE CLASS RTOS Condition cause : null
2024-12-31 22:35:55,479 [WARN] ConditionMgr:1039 - genDependencies : Invalid condition id : UX DEVICE CLASS RTOS Condition cause : null
2024-12-31 22:35:55,480 [WARN] ConditionMgr:1039 - genDependencies : Invalid condition id : UX DEVICE CLASS RTOS Condition cause : null
2024-12-31 22:35:55,480 [WARN] ConditionMgr:1039 - genDependencies : Invalid condition id : UX DEVICE CLASS RTOS Condition cause : null
2024-12-31 22:35:55,492 [WARN] PackLoader:240 - Cannot read IP mode file for STMicroelectronics.X-CUBE-FREERTOS.1.0.1
2024-12-31 22:35:55,502 [WARN] PackLoader:240 - Cannot read IP mode file for STMicroelectronics.X-CUBE-GNSS1.7.0.0
2024-12-31 22:35:55,517 [WARN] PackLoader:240 - Cannot read IP mode file for STMicroelectronics.X-CUBE-GNSS1.7.0.1
2024-12-31 22:35:55,532 [WARN] PackLoader:240 - Cannot read IP mode file for STMicroelectronics.FP-SNS-STBOX1.2.0.0
2024-12-31 22:35:55,554 [WARN] PackLoader:240 - Cannot read IP mode file for STMicroelectronics.X-CUBE-AZRTOS-L5.1.1.0
2024-12-31 22:35:55,568 [WARN] PackLoader:240 - Cannot read IP mode file for STMicroelectronics.X-CUBE-AI.8.0.1
2024-12-31 22:35:55,588 [WARN] PackLoader:240 - Cannot read IP mode file for STMicroelectronics.X-CUBE-SUBG2.5.0.0
2024-12-31 22:35:55,603 [WARN] PackLoader:240 - Cannot read IP mode file for Cesanta.I-CUBE-Mongoose.7.13.0
2024-12-31 22:35:55,615 [WARN] PackLoader:240 - Cannot read IP mode file for STMicroelectronics.X-CUBE-TOF1.3.3.1
2024-12-31 22:35:55,658 [WARN] PackLoader:240 - Cannot read IP mode file for STMicroelectronics.X-CUBE-AZRTOS-G4.2.0.0
2024-12-31 22:35:55,681 [WARN] PackLoader:240 - Cannot read IP mode file for Infineon.AIROC-Wi-Fi-Bluetooth-STM32.1.5.1
2024-12-31 22:35:55,694 [WARN] PackLoader:240 - Cannot read IP mode file for STMicroelectronics.FP-SNS-MOTENVWB1.1.3.0
2024-12-31 22:35:55,704 [WARN] PackLoader:240 - Cannot read IP mode file for STMicroelectronics.FP-SNS-MOTENVWB1.1.3.1
2024-12-31 22:35:55,714 [WARN] PackLoader:240 - Cannot read IP mode file for STMicroelectronics.X-CUBE-ISPU.2.0.0
2024-12-31 22:35:55,728 [WARN] PackLoader:240 - Cannot read IP mode file for STMicroelectronics.X-CUBE-ALS.1.0.2
2024-12-31 22:35:55,784 [WARN] PackLoader:240 - Cannot read IP mode file for STMicroelectronics.X-CUBE-MEMS1.10.0.0
2024-12-31 22:35:55,902 [WARN] PackLoader:240 - Cannot read IP mode file for STMicroelectronics.X-CUBE-FREERTOS.1.1.0
2024-12-31 22:35:55,910 [WARN] PackLoader:240 - Cannot read IP mode file for STMicroelectronics.X-CUBE-TOUCHGFX.4.24.0
2024-12-31 22:35:55,918 [WARN] PackLoader:240 - Cannot read IP mode file for STMicroelectronics.X-CUBE-TOUCHGFX.4.24.1
2024-12-31 22:35:55,927 [WARN] PackLoader:240 - Cannot read IP mode file for wolfSSL.I-CUBE-wolfTPM.3.4.0
2024-12-31 22:35:55,940 [WARN] PackLoader:240 - Cannot read IP mode file for portGmbH.I-Cube-SoM-uGOAL.1.1.0
2024-12-31 22:35:55,948 [WARN] PackLoader:240 - Cannot read IP mode file for STMicroelectronics.X-CUBE-ALS.1.0.1
2024-12-31 22:35:55,969 [WARN] PackLoader:240 - Cannot read IP mode file for STMicroelectronics.X-CUBE-AZRTOS-WB.1.1.0
2024-12-31 22:35:55,995 [WARN] PackLoader:240 - Cannot read IP mode file for STMicroelectronics.X-CUBE-AZRTOS-H7RS.1.0.0
2024-12-31 22:35:56,006 [WARN] PackLoader:240 - Cannot read IP mode file for STMicroelectronics.FP-ATR-ASTRA1.2.0.0
2024-12-31 22:35:56,020 [WARN] PackLoader:240 - Cannot read IP mode file for STMicroelectronics.X-CUBE-TOF1.3.4.2
2024-12-31 22:35:56,041 [WARN] PackLoader:240 - Cannot read IP mode file for STMicroelectronics.X-CUBE-TOF1.3.4.1
2024-12-31 22:35:56,089 [WARN] PackLoader:240 - Cannot read IP mode file for STMicroelectronics.X-CUBE-AZRTOS-H7.3.2.0
2024-12-31 22:35:56,108 [WARN] PackLoader:240 - Cannot read IP mode file for wolfSSL.I-CUBE-wolfSSH.1.4.17
2024-12-31 22:35:56,109 [INFO] ThirdParty:978 - Integrity check success = true
2024-12-31 22:35:56,109 [INFO] IntegrityCheckThread:100 - exiting critical section [integrity check]
2024-12-31 22:35:56,109 [INFO] IntegrityCheckThread:103 - End integrity checks thread
2024-12-31 22:35:56,110 [INFO] ThirdParty:873 - entering critical section [close project]
2024-12-31 22:35:56,112 [INFO] ThirdParty:883 - exiting critical section [close project]
2024-12-31 22:35:56,115 [INFO] PinOutPanel:1561 - setPackage(No Configuration,No Configuration)
2024-12-31 22:35:56,124 [INFO] UtilMem:75 - Begin LoadConfig() Used Memory: 119098704 Bytes (392167424)
2024-12-31 22:35:56,152 [INFO] MicroXplorer:468 - Change Database Path : C:/Users/66405/.stm32cubemx/databases/DB.6.0.90/db/
2024-12-31 22:35:56,152 [INFO] MicroXplorer:498 - Change Database Version : DB.6.0.90
2024-12-31 22:46:47,939 [INFO] LogOutputStream:77 - [STDOUT_REDIRECT] 
2024-12-31 22:46:51,908 [INFO] McuFinderGlobals:63 - Set McuFinder mode to 2 (CubeIDE integrated)
2024-12-31 22:46:51,927 [INFO] UserAuth:415 - Internet connection configuration mode: 1
2024-12-31 22:46:51,964 [INFO] JxBrowserEngine:152 - Initiate JxBrowser Engine with user profile folder
2024-12-31 22:46:54,885 [INFO] WebApp:161 - Instantiating new browser for Auth
