2023-10-04 10:13:13,507 [INFO] Activator:176 - 


2023-10-04 10:13:13,513 [INFO] Activator:177 - !SESSION log4j initialized
2023-10-04 10:13:19,346 [INFO] LogOutputStream:77 - [STDOUT_REDIRECT] 
2023-10-04 10:13:22,044 [INFO] ApplicationProperties:184 - Using Application install path: D:\STM32CubeIDE_1.13.0\STM32CubeIDE\plugins\com.st.stm32cube.common.mx_6.9.0.202307051724
2023-10-04 10:13:22,081 [INFO] DbMcusXml:78 - Set database path to: D:\STM32CubeIDE_1.13.0\STM32CubeIDE\plugins\com.st.stm32cube.common.mx_6.9.0.202307051724\\db\/mcu/
2023-10-04 10:13:22,082 [INFO] ApiDb:274 - Set plugin database path to: D:\STM32CubeIDE_1.13.0\STM32CubeIDE\plugins\com.st.stm32cube.common.mx_6.9.0.202307051724\\db\/plugins/boardmanager/
2023-10-04 10:13:22,082 [WARN] ApiDb:259 - Overriding images path with different value:  => D:\STM32CubeIDE_1.13.0\STM32CubeIDE\plugins\com.st.stm32cube.common.mx_6.9.0.202307051724\\db\/plugins/mcufinder/images/
2023-10-04 10:13:22,100 [INFO] ApiDb:250 - Set database path to: C:\Users\66405\.stmcufinder\plugins\mcufinder//mcu/
2023-10-04 10:13:22,102 [INFO] DbMcusAds:125 - Set database path to: C:\Users\66405\.stmcufinder\plugins\mcufinder//mcu/
2023-10-04 10:13:22,105 [INFO] CrossReferenceDbSqlite:203 - Set database path to: C:\Users\66405\.stmcufinder\plugins\mcufinder//mcu/cs/
2023-10-04 10:13:22,226 [INFO] RulesReader:64 - Compatibility file has been processed (293 Rules)
2023-10-04 10:13:22,331 [INFO] DbMcusXml:78 - Set database path to: D:\STM32CubeIDE_1.13.0\STM32CubeIDE\plugins\com.st.stm32cube.common.mx_6.9.0.202307051724\\db\/mcu/
2023-10-04 10:13:22,331 [INFO] ApiDb:274 - Set plugin database path to: D:\STM32CubeIDE_1.13.0\STM32CubeIDE\plugins\com.st.stm32cube.common.mx_6.9.0.202307051724\\db\/plugins/boardmanager/
2023-10-04 10:13:22,331 [INFO] ApiDb:261 - Set plugin images path to: D:\STM32CubeIDE_1.13.0\STM32CubeIDE\plugins\com.st.stm32cube.common.mx_6.9.0.202307051724\\db\/plugins/mcufinder/images/
2023-10-04 10:13:22,331 [WARN] DbFile:41 - Overriding database path with different value: C:\Users\66405\.stmcufinder\plugins\mcufinder/ => C:\Users\66405\.stmcufinder\plugins\mcufinder
2023-10-04 10:13:22,332 [INFO] ApiDb:250 - Set database path to: C:\Users\66405\.stmcufinder\plugins\mcufinder//mcu/
2023-10-04 10:13:22,332 [WARN] DbFile:41 - Overriding database path with different value: C:\Users\66405\.stmcufinder\plugins\mcufinder/ => C:\Users\66405\.stmcufinder\plugins\mcufinder
2023-10-04 10:13:22,332 [INFO] DbMcusAds:125 - Set database path to: C:\Users\66405\.stmcufinder\plugins\mcufinder//mcu/
2023-10-04 10:13:22,332 [WARN] DbFile:41 - Overriding database path with different value: C:\Users\66405\.stmcufinder\plugins\mcufinder/ => C:\Users\66405\.stmcufinder\plugins\mcufinder
2023-10-04 10:13:22,332 [WARN] DbFile:41 - Overriding database path with different value: C:\Users\66405\.stmcufinder\plugins\mcufinder/ => C:\Users\66405\.stmcufinder\plugins\mcufinder
2023-10-04 10:13:22,332 [INFO] CrossReferenceDbSqlite:203 - Set database path to: C:\Users\66405\.stmcufinder\plugins\mcufinder//mcu/cs/
2023-10-04 10:13:22,442 [INFO] MainPanel:262 - HeapMemory: 268435456
2023-10-04 10:13:22,600 [INFO] DbMcusXml:78 - Set database path to: D:\STM32CubeIDE_1.13.0\STM32CubeIDE\plugins\com.st.stm32cube.common.mx_6.9.0.202307051724\\db\/mcu/
2023-10-04 10:13:22,600 [INFO] ApiDb:274 - Set plugin database path to: D:\STM32CubeIDE_1.13.0\STM32CubeIDE\plugins\com.st.stm32cube.common.mx_6.9.0.202307051724\\db\/plugins/boardmanager/
2023-10-04 10:13:22,601 [INFO] ApiDb:261 - Set plugin images path to: D:\STM32CubeIDE_1.13.0\STM32CubeIDE\plugins\com.st.stm32cube.common.mx_6.9.0.202307051724\\db\/plugins/mcufinder/images/
2023-10-04 10:13:22,602 [WARN] DbFile:41 - Overriding database path with different value: C:\Users\66405\.stmcufinder\plugins\mcufinder/ => C:\Users\66405\.stmcufinder\plugins\mcufinder
2023-10-04 10:13:22,602 [INFO] ApiDb:250 - Set database path to: C:\Users\66405\.stmcufinder\plugins\mcufinder//mcu/
2023-10-04 10:13:22,602 [WARN] DbFile:41 - Overriding database path with different value: C:\Users\66405\.stmcufinder\plugins\mcufinder/ => C:\Users\66405\.stmcufinder\plugins\mcufinder
2023-10-04 10:13:22,602 [INFO] DbMcusAds:125 - Set database path to: C:\Users\66405\.stmcufinder\plugins\mcufinder//mcu/
2023-10-04 10:13:22,602 [WARN] DbFile:41 - Overriding database path with different value: C:\Users\66405\.stmcufinder\plugins\mcufinder/ => C:\Users\66405\.stmcufinder\plugins\mcufinder
2023-10-04 10:13:22,602 [WARN] DbFile:41 - Overriding database path with different value: C:\Users\66405\.stmcufinder\plugins\mcufinder/ => C:\Users\66405\.stmcufinder\plugins\mcufinder
2023-10-04 10:13:22,603 [INFO] CrossReferenceDbSqlite:203 - Set database path to: C:\Users\66405\.stmcufinder\plugins\mcufinder//mcu/cs/
2023-10-04 10:13:22,654 [INFO] ApplicationProperties:184 - Using Application install path: D:\STM32CubeIDE_1.13.0\STM32CubeIDE\plugins\com.st.stm32cube.common.mx_6.9.0.202307051724
2023-10-04 10:13:22,657 [INFO] PluginManage:196 - Search for loadable plugins [exclusion list=, ]
2023-10-04 10:13:22,662 [INFO] PluginManage:310 - Check plugin analytics
2023-10-04 10:13:22,860 [INFO] AnalyticsPlugin:253 - Accepted Software Licenses: 
2023-10-04 10:13:22,861 [INFO] AnalyticsPlugin:255 - Accepted CMSIS Pack Licenses: 
2023-10-04 10:13:22,861 [INFO] AnalyticsPlugin:257 - Accepted Firmware Licenses: FW.L4.1.18.0
2023-10-04 10:13:22,865 [INFO] PluginManage:359 - Loaded plugin analytics (category:tool,tabindex:-1)
2023-10-04 10:13:22,865 [INFO] PluginManage:310 - Check plugin cadmodel
2023-10-04 10:13:22,872 [INFO] CADModel:105 - Init CAD model plugin
2023-10-04 10:13:22,872 [INFO] PluginManage:359 - Loaded plugin cadmodel (category:power,tabindex:5)
2023-10-04 10:13:22,873 [INFO] PluginManage:310 - Check plugin clock
2023-10-04 10:13:22,887 [INFO] PluginManage:359 - Loaded plugin clock (category:base,tabindex:2)
2023-10-04 10:13:22,887 [INFO] PluginManage:310 - Check plugin ddr
2023-10-04 10:13:22,891 [INFO] PluginManage:359 - Loaded plugin ddr (category:tool,tabindex:6)
2023-10-04 10:13:22,891 [INFO] PluginManage:310 - Check plugin filemanager
2023-10-04 10:13:23,079 [INFO] PluginManage:359 - Loaded plugin filemanager (category:base,tabindex:10)
2023-10-04 10:13:23,080 [INFO] PluginManage:310 - Check plugin ipmanager
2023-10-04 10:13:23,094 [INFO] PluginManage:359 - Loaded plugin ipmanager (category:base,tabindex:5)
2023-10-04 10:13:23,094 [INFO] PluginManage:310 - Check plugin lpbam
2023-10-04 10:13:23,105 [INFO] PluginManage:359 - Loaded plugin lpbam (category:base,tabindex:0)
2023-10-04 10:13:23,105 [INFO] PluginManage:310 - Check plugin memorymap
2023-10-04 10:13:23,130 [INFO] PluginManage:359 - Loaded plugin memorymap (category:base,tabindex:4)
2023-10-04 10:13:23,130 [INFO] PluginManage:310 - Check plugin pinoutandconfiguration
2023-10-04 10:13:23,145 [INFO] PluginManage:359 - Loaded plugin pinoutandconfiguration (category:base,tabindex:1)
2023-10-04 10:13:23,145 [INFO] PluginManage:310 - Check plugin pinoutconfig
2023-10-04 10:13:23,305 [WARN] SupportedApi:132 - Cannot load RTOS API schema: s4s-elt-must-match.1: The content of 'definitions' must match (annotation?, (simpleType | complexType)?, (unique | key | keyref)*)). A problem was found starting at: attribute.
2023-10-04 10:13:23,491 [INFO] PluginManage:359 - Loaded plugin pinoutconfig (category:base,tabindex:0)
2023-10-04 10:13:23,492 [INFO] PluginManage:310 - Check plugin power
2023-10-04 10:13:23,510 [INFO] PluginManage:359 - Loaded plugin power (category:power,tabindex:4)
2023-10-04 10:13:23,511 [INFO] PluginManage:310 - Check plugin projectmanager
2023-10-04 10:13:23,533 [INFO] PluginManage:359 - Loaded plugin projectmanager (category:projectmanager,tabindex:3)
2023-10-04 10:13:23,533 [INFO] PluginManage:310 - Check plugin thirdparty
2023-10-04 10:13:23,781 [INFO] PluginManage:359 - Loaded plugin thirdparty (category:base,tabindex:-1)
2023-10-04 10:13:23,781 [WARN] IntegrityCheckThread:84 - waiting for thirdparty lock release [integrity check]
2023-10-04 10:13:23,782 [INFO] PluginManage:310 - Check plugin tools
2023-10-04 10:13:23,782 [INFO] IntegrityCheckThread:86 - entering critical section [integrity check]
2023-10-04 10:13:23,783 [INFO] ThirdPartyUpdaterWithRetryManager:70 - Updater plugin not ready yet. [1/15]
2023-10-04 10:13:23,787 [INFO] PluginManage:359 - Loaded plugin tools (category:base,tabindex:7)
2023-10-04 10:13:23,787 [INFO] PluginManage:310 - Check plugin tutovideos
2023-10-04 10:13:24,166 [INFO] PluginManage:359 - Loaded plugin tutovideos (category:base,tabindex:-1)
2023-10-04 10:13:24,166 [INFO] PluginManage:310 - Check plugin updater
2023-10-04 10:13:24,190 [INFO] PluginManage:359 - Loaded plugin updater (category:base,tabindex:12)
2023-10-04 10:13:24,191 [INFO] PluginManage:310 - Check plugin userauth
2023-10-04 10:13:24,201 [INFO] UserAuth:113 - Init User Auth plugin
2023-10-04 10:13:24,201 [INFO] PluginManage:359 - Loaded plugin userauth (category:base,tabindex:14)
2023-10-04 10:13:24,202 [INFO] PluginManage:283 - PluginManage : Loaded plugins [17]
2023-10-04 10:13:24,639 [INFO] PinOutPanel:1499 - setPackage(No Configuration,No Configuration)
2023-10-04 10:13:24,837 [INFO] CADModel:165 - CPN selected for project level
2023-10-04 10:13:24,838 [INFO] CADModel:114 - Register for checkConnection events
2023-10-04 10:13:24,868 [INFO] IPUIPlugin:80 - create IPUIPlugin
2023-10-04 10:13:24,868 [INFO] PluginManager:220 - loadIPPluginJar : add adc
2023-10-04 10:13:24,872 [INFO] IPUIPlugin:80 - create IPUIPlugin
2023-10-04 10:13:24,873 [INFO] PluginManager:220 - loadIPPluginJar : add aes
2023-10-04 10:13:24,879 [INFO] IPUIPlugin:80 - create IPUIPlugin
2023-10-04 10:13:24,879 [INFO] PluginManager:220 - loadIPPluginJar : add can
2023-10-04 10:13:24,882 [INFO] IPUIPlugin:80 - create IPUIPlugin
2023-10-04 10:13:24,883 [INFO] PluginManager:220 - loadIPPluginJar : add comp
2023-10-04 10:13:24,886 [INFO] IPUIPlugin:80 - create IPUIPlugin
2023-10-04 10:13:24,886 [INFO] PluginManager:220 - loadIPPluginJar : add cryp
2023-10-04 10:13:24,890 [INFO] IPUIPlugin:80 - create IPUIPlugin
2023-10-04 10:13:24,890 [INFO] PluginManager:220 - loadIPPluginJar : add dfsdm
2023-10-04 10:13:24,900 [INFO] IPUIPlugin:80 - create IPUIPlugin
2023-10-04 10:13:24,901 [INFO] PluginManager:220 - loadIPPluginJar : add dma
2023-10-04 10:13:24,904 [INFO] IPUIPlugin:80 - create IPUIPlugin
2023-10-04 10:13:24,904 [INFO] PluginManager:220 - loadIPPluginJar : add dma3
2023-10-04 10:13:24,906 [INFO] IPUIPlugin:80 - create IPUIPlugin
2023-10-04 10:13:24,907 [INFO] PluginManager:220 - loadIPPluginJar : add fatfs
2023-10-04 10:13:24,913 [INFO] IPUIPlugin:80 - create IPUIPlugin
2023-10-04 10:13:24,913 [INFO] PluginManager:220 - loadIPPluginJar : add fmc
2023-10-04 10:13:24,919 [INFO] IPUIPlugin:80 - create IPUIPlugin
2023-10-04 10:13:24,920 [INFO] PluginManager:220 - loadIPPluginJar : add freertos
2023-10-04 10:13:24,922 [INFO] IPUIPlugin:80 - create IPUIPlugin
2023-10-04 10:13:24,922 [INFO] PluginManager:220 - loadIPPluginJar : add genericplugin
2023-10-04 10:13:24,926 [INFO] IPUIPlugin:80 - create IPUIPlugin
2023-10-04 10:13:24,926 [INFO] PluginManager:220 - loadIPPluginJar : add gfxmmu
2023-10-04 10:13:24,931 [INFO] IPUIPlugin:80 - create IPUIPlugin
2023-10-04 10:13:24,931 [INFO] PluginManager:220 - loadIPPluginJar : add gic
2023-10-04 10:13:24,936 [INFO] IPUIPlugin:80 - create IPUIPlugin
2023-10-04 10:13:24,936 [INFO] PluginManager:220 - loadIPPluginJar : add gpio
2023-10-04 10:13:24,941 [INFO] IPUIPlugin:80 - create IPUIPlugin
2023-10-04 10:13:24,942 [INFO] PluginManager:220 - loadIPPluginJar : add gtzc
2023-10-04 10:13:24,946 [INFO] IPUIPlugin:80 - create IPUIPlugin
2023-10-04 10:13:24,946 [INFO] PluginManager:220 - loadIPPluginJar : add hash
2023-10-04 10:13:24,949 [INFO] IPUIPlugin:80 - create IPUIPlugin
2023-10-04 10:13:24,949 [INFO] PluginManager:220 - loadIPPluginJar : add i2c
2023-10-04 10:13:24,952 [INFO] IPUIPlugin:80 - create IPUIPlugin
2023-10-04 10:13:24,952 [INFO] PluginManager:220 - loadIPPluginJar : add i2s
2023-10-04 10:13:24,955 [INFO] IPUIPlugin:80 - create IPUIPlugin
2023-10-04 10:13:24,956 [INFO] PluginManager:220 - loadIPPluginJar : add i3c
2023-10-04 10:13:24,961 [INFO] IPUIPlugin:80 - create IPUIPlugin
2023-10-04 10:13:24,961 [INFO] PluginManager:220 - loadIPPluginJar : add ipddr
2023-10-04 10:13:24,968 [INFO] IPUIPlugin:80 - create IPUIPlugin
2023-10-04 10:13:24,968 [INFO] PluginManager:220 - loadIPPluginJar : add linkedlist
2023-10-04 10:13:24,971 [INFO] IPUIPlugin:80 - create IPUIPlugin
2023-10-04 10:13:24,971 [INFO] PluginManager:220 - loadIPPluginJar : add lorawan
2023-10-04 10:13:24,974 [INFO] IPUIPlugin:80 - create IPUIPlugin
2023-10-04 10:13:24,975 [INFO] PluginManager:220 - loadIPPluginJar : add ltdc
2023-10-04 10:13:24,981 [INFO] IPUIPlugin:80 - create IPUIPlugin
2023-10-04 10:13:24,981 [INFO] PluginManager:220 - loadIPPluginJar : add mdma
2023-10-04 10:13:24,985 [INFO] IPUIPlugin:80 - create IPUIPlugin
2023-10-04 10:13:24,985 [INFO] PluginManager:220 - loadIPPluginJar : add nvic
2023-10-04 10:13:24,989 [INFO] IPUIPlugin:80 - create IPUIPlugin
2023-10-04 10:13:24,989 [INFO] PluginManager:220 - loadIPPluginJar : add opamp
2023-10-04 10:13:24,994 [INFO] IPUIPlugin:80 - create IPUIPlugin
2023-10-04 10:13:24,995 [INFO] PluginManager:220 - loadIPPluginJar : add openamp
2023-10-04 10:13:24,999 [INFO] IPUIPlugin:80 - create IPUIPlugin
2023-10-04 10:13:24,999 [INFO] PluginManager:220 - loadIPPluginJar : add pdm2pcm
2023-10-04 10:13:25,006 [INFO] IPUIPlugin:80 - create IPUIPlugin
2023-10-04 10:13:25,010 [INFO] PluginManager:220 - loadIPPluginJar : add plateformsettings
2023-10-04 10:13:25,012 [INFO] IPUIPlugin:80 - create IPUIPlugin
2023-10-04 10:13:25,012 [INFO] PluginManager:220 - loadIPPluginJar : add quadspi
2023-10-04 10:13:25,017 [INFO] IPUIPlugin:80 - create IPUIPlugin
2023-10-04 10:13:25,017 [INFO] PluginManager:220 - loadIPPluginJar : add resmgrutility
2023-10-04 10:13:25,021 [INFO] IPUIPlugin:80 - create IPUIPlugin
2023-10-04 10:13:25,021 [INFO] PluginManager:220 - loadIPPluginJar : add sai
2023-10-04 10:13:25,026 [INFO] IPUIPlugin:80 - create IPUIPlugin
2023-10-04 10:13:25,026 [INFO] PluginManager:220 - loadIPPluginJar : add spi
2023-10-04 10:13:25,032 [INFO] IPUIPlugin:80 - create IPUIPlugin
2023-10-04 10:13:25,032 [INFO] PluginManager:220 - loadIPPluginJar : add stm32_wpan
2023-10-04 10:13:25,035 [INFO] IPUIPlugin:80 - create IPUIPlugin
2023-10-04 10:13:25,035 [INFO] PluginManager:220 - loadIPPluginJar : add tim
2023-10-04 10:13:25,040 [INFO] IPUIPlugin:80 - create IPUIPlugin
2023-10-04 10:13:25,040 [INFO] PluginManager:220 - loadIPPluginJar : add touchsensing
2023-10-04 10:13:25,044 [INFO] IPUIPlugin:80 - create IPUIPlugin
2023-10-04 10:13:25,044 [INFO] PluginManager:220 - loadIPPluginJar : add tracer_emb
2023-10-04 10:13:25,047 [INFO] IPUIPlugin:80 - create IPUIPlugin
2023-10-04 10:13:25,047 [INFO] PluginManager:220 - loadIPPluginJar : add ts
2023-10-04 10:13:25,049 [INFO] IPUIPlugin:80 - create IPUIPlugin
2023-10-04 10:13:25,049 [INFO] PluginManager:220 - loadIPPluginJar : add tsc
2023-10-04 10:13:25,052 [INFO] IPUIPlugin:80 - create IPUIPlugin
2023-10-04 10:13:25,052 [INFO] PluginManager:220 - loadIPPluginJar : add ucpd
2023-10-04 10:13:25,055 [INFO] IPUIPlugin:80 - create IPUIPlugin
2023-10-04 10:13:25,055 [INFO] PluginManager:220 - loadIPPluginJar : add usart
2023-10-04 10:13:25,064 [INFO] IPUIPlugin:80 - create IPUIPlugin
2023-10-04 10:13:25,064 [INFO] PluginManager:220 - loadIPPluginJar : add usbx
2023-10-04 10:13:25,211 [INFO] CADModel:165 - CPN selected for project level
2023-10-04 10:13:25,212 [INFO] CADModel:114 - Register for checkConnection events
2023-10-04 10:13:25,212 [FATAL] Updater:308 - Updater called before beeing initialized
2023-10-04 10:13:25,212 [ERROR] CADModel:125 - Updater not yet initialized, retry later 
2023-10-04 10:13:25,435 [INFO] CADModel:165 - CPN selected for project level
2023-10-04 10:13:25,435 [INFO] CADModel:114 - Register for checkConnection events
2023-10-04 10:13:25,435 [FATAL] Updater:308 - Updater called before beeing initialized
2023-10-04 10:13:25,435 [ERROR] CADModel:125 - Updater not yet initialized, retry later 
2023-10-04 10:13:25,439 [FATAL] Updater:308 - Updater called before beeing initialized
2023-10-04 10:13:25,592 [FATAL] Updater:308 - Updater called before beeing initialized
2023-10-04 10:13:25,599 [INFO] DbMcusAds:53 - JSON generation date=Tue Mar 07 08:50:55 GMT 2023 (1678179055114)
2023-10-04 10:13:25,599 [FATAL] Updater:308 - Updater called before beeing initialized
2023-10-04 10:13:25,643 [WARN] DetailPanel:346 - Failed to get advertising image, set to default
2023-10-04 10:13:25,751 [FATAL] Updater:308 - Updater called before beeing initialized
2023-10-04 10:13:25,753 [FATAL] Updater:308 - Updater called before beeing initialized
2023-10-04 10:13:25,753 [FATAL] Updater:308 - Updater called before beeing initialized
2023-10-04 10:13:25,753 [WARN] DetailPanel:346 - Failed to get advertising image, set to default
2023-10-04 10:13:25,754 [FATAL] Updater:308 - Updater called before beeing initialized
2023-10-04 10:13:25,818 [ERROR] Updater:1120 - MainUpdater not yet initialized. External WinMGr cannot be set.
2023-10-04 10:13:25,820 [INFO] Updater:1056 - Updater Version found : 6.9.0
2023-10-04 10:13:25,854 [INFO] ApplicationProperties:184 - Using Application install path: D:\STM32CubeIDE_1.13.0\STM32CubeIDE\plugins\com.st.stm32cube.common.mx_6.9.0.202307051724
2023-10-04 10:13:26,069 [INFO] MainUpdater:2868 - connection check result : 10
2023-10-04 10:13:26,069 [INFO] MainUpdater:3562 - Updater definition file requires update
2023-10-04 10:13:26,071 [INFO] MainUpdater:285 - Updater Check For Update Now.
2023-10-04 10:13:26,071 [INFO] MicroXplorer:498 - Change Database Version : DB.6.0.90
2023-10-04 10:13:26,078 [INFO] McuFinderGlobals:63 - Set McuFinder mode to 2 (CubeIDE integrated)
2023-10-04 10:13:26,125 [INFO] ServerAccessManage:473 - Download File updaters.zip
2023-10-04 10:13:26,191 [INFO] FileExtend:240 - Unzip File : updaters.zip
2023-10-04 10:13:26,192 [INFO] FileExtend:255 - Standard Zip Deflate
2023-10-04 10:13:26,781 [INFO] ServerAccessManage:473 - Download File PacksControlFlags.xml
2023-10-04 10:13:26,785 [WARN] MainUpdater:1189 - Updater busy. Cannot search thirdparties
2023-10-04 10:13:26,785 [INFO] ThirdPartyUpdaterWithRetryManager:96 - Updater plugin is busy. [1/15]
2023-10-04 10:13:26,849 [INFO] ServerAccessManage:473 - Download File cubemx.pidx
2023-10-04 10:13:27,637 [INFO] ServerAccessManage:473 - Download File STMicroelectronics.X-CUBE-TOUCHGFX.pdsc
2023-10-04 10:13:29,181 [ERROR] ServerAccessManage:1096 - Problem, Http access forbiden
2023-10-04 10:13:29,182 [ERROR] ServerAccessManage:651 - Problem, Http access forbiden : RoweBots.I-CUBE-UNISONRTOS.pdsc.
2023-10-04 10:13:29,786 [WARN] MainUpdater:1189 - Updater busy. Cannot search thirdparties
2023-10-04 10:13:29,786 [INFO] ThirdPartyUpdaterWithRetryManager:96 - Updater plugin is busy. [2/15]
2023-10-04 10:13:29,976 [INFO] ServerAccessManage:473 - Download File ITTIA_DB.I-CUBE-ITTIADB.pdsc
2023-10-04 10:13:32,147 [WARN] PackLoader:240 - Cannot read IP mode file for STMicroelectronics.X-CUBE-TOUCHGFX.4.22.1
2023-10-04 10:13:32,162 [WARN] PackLoader:240 - Cannot read IP mode file for ITTIA_DB.I-CUBE-ITTIADB.8.8.0
2023-10-04 10:13:32,164 [INFO] PopulateThirdPartyThread:66 - Ending populate Thread
2023-10-04 10:13:32,165 [INFO] ThirdParty:1030 - CMSIS Pack Vendor :STMicroelectronics X-CUBE-TOUCHGFX 4.22.1
2023-10-04 10:13:32,165 [INFO] ThirdParty:1030 - CMSIS Pack Vendor :ITTIA_DB I-CUBE-ITTIADB 8.8.0
2023-10-04 10:13:32,165 [INFO] LoadServerUpdatesThread:373 - End of LoadServerUpdate Thread
2023-10-04 10:13:32,256 [INFO] CheckServerUpdateThread:120 - End of CheckServer Thread
2023-10-04 10:13:32,956 [WARN] PackLoader:240 - Cannot read IP mode file for STMicroelectronics.X-CUBE-SMBUS.2.1.0
2023-10-04 10:13:32,977 [WARN] PackLoader:240 - Cannot read IP mode file for STMicroelectronics.X-CUBE-AZRTOS-F7.1.1.0
2023-10-04 10:13:32,990 [WARN] PackLoader:240 - Cannot read IP mode file for STMicroelectronics.FP-SNS-MOTENV1.4.3.2
2023-10-04 10:13:33,001 [WARN] PackLoader:240 - Cannot read IP mode file for STMicroelectronics.X-CUBE-BLE1.6.2.4
2023-10-04 10:13:33,007 [WARN] PackLoader:240 - Cannot read IP mode file for STMicroelectronics.FP-SNS-FLIGHT1.5.0.2
2023-10-04 10:13:33,016 [WARN] PackLoader:240 - Cannot read IP mode file for STMicroelectronics.X-CUBE-DISPLAY.3.0.0
2023-10-04 10:13:33,028 [WARN] PackLoader:240 - Cannot read IP mode file for STMicroelectronics.X-CUBE-BLE1.7.0.0
2023-10-04 10:13:33,037 [WARN] PackLoader:240 - Cannot read IP mode file for emotas.I-CUBE-CANOPEN.1.3.0
2023-10-04 10:13:33,044 [WARN] PackLoader:240 - Cannot read IP mode file for STMicroelectronics.X-CUBE-TOUCHGFX.4.22.0
2023-10-04 10:13:33,048 [WARN] PackLoader:240 - Cannot read IP mode file for STMicroelectronics.X-CUBE-TOUCHGFX.4.22.1
2023-10-04 10:13:33,057 [WARN] PackLoader:240 - Cannot read IP mode file for STMicroelectronics.FP-SNS-SMARTAG2.1.2.0
2023-10-04 10:13:33,070 [INFO] LogOutputStream:77 - [STDOUT_REDIRECT] 1 : Invalid condition id : UX_CORESTACK_Condition cause : null
2023-10-04 10:13:33,070 [INFO] LogOutputStream:77 - [STDOUT_REDIRECT] 1 : Invalid condition id : UX_CORESTACK_Condition cause : null
2023-10-04 10:13:33,072 [INFO] LogOutputStream:77 - [STDOUT_REDIRECT] 1 : Invalid condition id : UX_CORESTACK_Condition cause : null
2023-10-04 10:13:33,073 [INFO] LogOutputStream:77 - [STDOUT_REDIRECT] 1 : Invalid condition id : UX_CORESTACK_Condition cause : null
2023-10-04 10:13:33,075 [INFO] LogOutputStream:77 - [STDOUT_REDIRECT] 1 : Invalid condition id : UX_CORESTACK_Condition cause : null
2023-10-04 10:13:33,080 [WARN] PackLoader:240 - Cannot read IP mode file for STMicroelectronics.X-CUBE-AZRTOS-WL.2.0.0
2023-10-04 10:13:33,093 [WARN] PackLoader:240 - Cannot read IP mode file for WES.I-CUBE-Cesium.1.3.0
2023-10-04 10:13:33,100 [WARN] PackLoader:240 - Cannot read IP mode file for STMicroelectronics.X-CUBE-BLE2.3.3.0
2023-10-04 10:13:33,110 [WARN] PackLoader:240 - Cannot read IP mode file for STMicroelectronics.X-CUBE-ALGOBUILD.1.3.0
2023-10-04 10:13:33,133 [WARN] PackLoader:240 - Cannot read IP mode file for STMicroelectronics.X-CUBE-AZRTOS-G0.1.1.0
2023-10-04 10:13:33,143 [WARN] PackLoader:240 - Cannot read IP mode file for STMicroelectronics.X-CUBE-NFC4.3.0.0
2023-10-04 10:13:33,151 [WARN] PackLoader:240 - Cannot read IP mode file for STMicroelectronics.FP-ATR-SIGFOX1.3.2.0
2023-10-04 10:13:33,203 [WARN] PackLoader:240 - Cannot read IP mode file for SEGGER.I-CUBE-embOS.1.3.1
2023-10-04 10:13:33,261 [WARN] PackLoader:240 - Cannot read IP mode file for STMicroelectronics.X-CUBE-GNSS1.6.0.0
2023-10-04 10:13:33,281 [WARN] PackLoader:240 - Cannot read IP mode file for STMicroelectronics.X-CUBE-AZRTOS-F4.1.1.0
2023-10-04 10:13:33,288 [WARN] PackLoader:240 - Cannot read IP mode file for wolfSSL.I-CUBE-wolfSSL.5.6.3
2023-10-04 10:13:33,305 [WARN] PackLoader:240 - Cannot read IP mode file for STMicroelectronics.X-CUBE-AZRTOS-L5.2.0.0
2023-10-04 10:13:33,339 [WARN] PackLoader:240 - Cannot read IP mode file for STMicroelectronics.X-CUBE-MEMS1.9.6.0
2023-10-04 10:13:33,466 [WARN] PackLoader:240 - Cannot read IP mode file for ITTIA_DB.I-CUBE-ITTIADB.8.8.0
2023-10-04 10:13:33,475 [WARN] PackLoader:240 - Cannot read IP mode file for STMicroelectronics.X-CUBE-BLEMGR.2.0.0
2023-10-04 10:13:33,489 [WARN] ConditionMgr:438 - getConditionDescription Invalid condition id : UX DEVICE CLASS RTOS Condition cause : null
2023-10-04 10:13:33,489 [WARN] ConditionMgr:438 - getConditionDescription Invalid condition id : UX DEVICE CLASS RTOS Condition cause : null
2023-10-04 10:13:33,492 [WARN] PackLoader:240 - Cannot read IP mode file for STMicroelectronics.X-CUBE-AZRTOS-H7.3.1.0
2023-10-04 10:13:33,493 [WARN] ConditionMgr:1039 - genDependencies : Invalid condition id : UX DEVICE CLASS RTOS Condition cause : null
2023-10-04 10:13:33,494 [WARN] ConditionMgr:1039 - genDependencies : Invalid condition id : UX DEVICE CLASS RTOS Condition cause : null
2023-10-04 10:13:33,494 [WARN] ConditionMgr:1039 - genDependencies : Invalid condition id : UX DEVICE CLASS RTOS Condition cause : null
2023-10-04 10:13:33,494 [WARN] ConditionMgr:1039 - genDependencies : Invalid condition id : UX DEVICE CLASS RTOS Condition cause : null
2023-10-04 10:13:33,494 [WARN] ConditionMgr:1039 - genDependencies : Invalid condition id : UX DEVICE CLASS RTOS Condition cause : null
2023-10-04 10:13:33,500 [WARN] PackLoader:240 - Cannot read IP mode file for STMicroelectronics.X-CUBE-NFC7.1.0.1
2023-10-04 10:13:33,508 [WARN] PackLoader:240 - Cannot read IP mode file for STMicroelectronics.X-CUBE-NFC6.3.0.0
2023-10-04 10:13:33,515 [WARN] PackLoader:240 - Cannot read IP mode file for STMicroelectronics.X-CUBE-EEPRMA1.4.1.0
2023-10-04 10:13:33,521 [WARN] PackLoader:240 - Cannot read IP mode file for STMicroelectronics.X-CUBE-AI.8.1.0
2023-10-04 10:13:33,534 [WARN] ConditionMgr:438 - getConditionDescription Invalid condition id : LAN8742 Phy interface Condition cause : null
2023-10-04 10:13:33,534 [WARN] PackLoader:240 - Cannot read IP mode file for STMicroelectronics.X-CUBE-AZRTOS-L4.2.0.0
2023-10-04 10:13:33,535 [WARN] ConditionMgr:1039 - genDependencies : Invalid condition id : LAN8742 Phy interface Condition cause : null
2023-10-04 10:13:33,536 [WARN] ConditionMgr:1039 - genDependencies : Invalid condition id : LAN8742 Phy interface Condition cause : null
2023-10-04 10:13:33,537 [WARN] ConditionMgr:1039 - genDependencies : Invalid condition id : LAN8742 Phy interface Condition cause : null
2023-10-04 10:13:33,545 [WARN] PackLoader:240 - Cannot read IP mode file for STMicroelectronics.X-CUBE-SFXS2LP1.4.0.0
2023-10-04 10:13:33,550 [WARN] PackLoader:240 - Cannot read IP mode file for STMicroelectronics.X-CUBE-ISPU.1.1.0
2023-10-04 10:13:33,561 [WARN] ConditionMgr:438 - getConditionDescription Invalid condition id : UX DEVICE CLASS RTOS Condition cause : null
2023-10-04 10:13:33,561 [WARN] ConditionMgr:438 - getConditionDescription Invalid condition id : UX DEVICE CLASS RTOS Condition cause : null
2023-10-04 10:13:33,563 [WARN] PackLoader:240 - Cannot read IP mode file for STMicroelectronics.X-CUBE-AZRTOS-WB.2.0.0
2023-10-04 10:13:33,563 [WARN] ConditionMgr:1039 - genDependencies : Invalid condition id : UX DEVICE CLASS RTOS Condition cause : null
2023-10-04 10:13:33,563 [WARN] ConditionMgr:1039 - genDependencies : Invalid condition id : UX DEVICE CLASS RTOS Condition cause : null
2023-10-04 10:13:33,564 [WARN] ConditionMgr:1039 - genDependencies : Invalid condition id : UX DEVICE CLASS RTOS Condition cause : null
2023-10-04 10:13:33,564 [WARN] ConditionMgr:1039 - genDependencies : Invalid condition id : UX DEVICE CLASS RTOS Condition cause : null
2023-10-04 10:13:33,564 [WARN] ConditionMgr:1039 - genDependencies : Invalid condition id : UX DEVICE CLASS RTOS Condition cause : null
2023-10-04 10:13:33,569 [WARN] PackLoader:240 - Cannot read IP mode file for STMicroelectronics.X-CUBE-FREERTOS.1.0.1
2023-10-04 10:13:33,579 [WARN] PackLoader:240 - Cannot read IP mode file for STMicroelectronics.X-CUBE-AZRTOS-L5.1.1.0
2023-10-04 10:13:33,585 [WARN] PackLoader:240 - Cannot read IP mode file for STMicroelectronics.X-CUBE-AI.8.0.1
2023-10-04 10:13:33,593 [WARN] PackLoader:240 - Cannot read IP mode file for STMicroelectronics.X-CUBE-SUBG2.5.0.0
2023-10-04 10:13:33,604 [WARN] PackLoader:240 - Cannot read IP mode file for STMicroelectronics.X-CUBE-TOF1.3.3.1
2023-10-04 10:13:33,619 [WARN] PackLoader:240 - Cannot read IP mode file for STMicroelectronics.X-CUBE-AZRTOS-G4.2.0.0
2023-10-04 10:13:33,625 [WARN] PackLoader:240 - Cannot read IP mode file for STMicroelectronics.X-CUBE-FREERTOS.1.1.0
2023-10-04 10:13:33,631 [WARN] PackLoader:240 - Cannot read IP mode file for portGmbH.I-Cube-SoM-uGOAL.1.1.0
2023-10-04 10:13:33,636 [WARN] PackLoader:240 - Cannot read IP mode file for STMicroelectronics.X-CUBE-ALS.1.0.1
2023-10-04 10:13:33,645 [WARN] PackLoader:240 - Cannot read IP mode file for STMicroelectronics.X-CUBE-AZRTOS-WB.1.1.0
2023-10-04 10:13:33,651 [WARN] PackLoader:240 - Cannot read IP mode file for STMicroelectronics.FP-ATR-ASTRA1.2.0.0
2023-10-04 10:13:33,652 [INFO] ThirdParty:978 - Integrity check success = true
2023-10-04 10:13:33,652 [INFO] IntegrityCheckThread:100 - exiting critical section [integrity check]
2023-10-04 10:13:33,652 [INFO] IntegrityCheckThread:103 - End integrity checks thread
2023-10-04 10:13:46,860 [ERROR] LogOutputStream:75 - [STDERR_REDIRECT] SLF4J: Failed to load class "org.slf4j.impl.StaticLoggerBinder".
2023-10-04 10:13:46,860 [ERROR] LogOutputStream:75 - [STDERR_REDIRECT] SLF4J: Defaulting to no-operation (NOP) logger implementation
2023-10-04 10:13:46,861 [ERROR] LogOutputStream:75 - [STDERR_REDIRECT] SLF4J: See http://www.slf4j.org/codes.html#StaticLoggerBinder for further details.
