2023-10-07 20:51:59,001 [INFO] Activator:176 - 


2023-10-07 20:51:59,008 [INFO] Activator:177 - !SESSION log4j initialized
2023-10-07 20:52:04,881 [INFO] LogOutputStream:77 - [STDOUT_REDIRECT] 
2023-10-07 20:52:10,637 [INFO] ApplicationProperties:184 - Using Application install path: D:\STM32CubeIDE_1.13.0\STM32CubeIDE\plugins\com.st.stm32cube.common.mx_6.9.0.202307051724
2023-10-07 20:52:10,660 [INFO] DbMcusXml:78 - Set database path to: D:\STM32CubeIDE_1.13.0\STM32CubeIDE\plugins\com.st.stm32cube.common.mx_6.9.0.202307051724\\db\/mcu/
2023-10-07 20:52:10,661 [INFO] ApiDb:274 - Set plugin database path to: D:\STM32CubeIDE_1.13.0\STM32CubeIDE\plugins\com.st.stm32cube.common.mx_6.9.0.202307051724\\db\/plugins/boardmanager/
2023-10-07 20:52:10,661 [WARN] ApiDb:259 - Overriding images path with different value:  => D:\STM32CubeIDE_1.13.0\STM32CubeIDE\plugins\com.st.stm32cube.common.mx_6.9.0.202307051724\\db\/plugins/mcufinder/images/
2023-10-07 20:52:10,676 [INFO] ApiDb:250 - Set database path to: C:\Users\66405\.stmcufinder\plugins\mcufinder//mcu/
2023-10-07 20:52:10,677 [INFO] DbMcusAds:125 - Set database path to: C:\Users\66405\.stmcufinder\plugins\mcufinder//mcu/
2023-10-07 20:52:10,680 [INFO] CrossReferenceDbSqlite:203 - Set database path to: C:\Users\66405\.stmcufinder\plugins\mcufinder//mcu/cs/
2023-10-07 20:52:10,796 [INFO] RulesReader:64 - Compatibility file has been processed (293 Rules)
2023-10-07 20:52:10,907 [INFO] DbMcusXml:78 - Set database path to: D:\STM32CubeIDE_1.13.0\STM32CubeIDE\plugins\com.st.stm32cube.common.mx_6.9.0.202307051724\\db\/mcu/
2023-10-07 20:52:10,907 [INFO] ApiDb:274 - Set plugin database path to: D:\STM32CubeIDE_1.13.0\STM32CubeIDE\plugins\com.st.stm32cube.common.mx_6.9.0.202307051724\\db\/plugins/boardmanager/
2023-10-07 20:52:10,907 [INFO] ApiDb:261 - Set plugin images path to: D:\STM32CubeIDE_1.13.0\STM32CubeIDE\plugins\com.st.stm32cube.common.mx_6.9.0.202307051724\\db\/plugins/mcufinder/images/
2023-10-07 20:52:10,908 [WARN] DbFile:41 - Overriding database path with different value: C:\Users\66405\.stmcufinder\plugins\mcufinder/ => C:\Users\66405\.stmcufinder\plugins\mcufinder
2023-10-07 20:52:10,908 [INFO] ApiDb:250 - Set database path to: C:\Users\66405\.stmcufinder\plugins\mcufinder//mcu/
2023-10-07 20:52:10,908 [WARN] DbFile:41 - Overriding database path with different value: C:\Users\66405\.stmcufinder\plugins\mcufinder/ => C:\Users\66405\.stmcufinder\plugins\mcufinder
2023-10-07 20:52:10,908 [INFO] DbMcusAds:125 - Set database path to: C:\Users\66405\.stmcufinder\plugins\mcufinder//mcu/
2023-10-07 20:52:10,908 [WARN] DbFile:41 - Overriding database path with different value: C:\Users\66405\.stmcufinder\plugins\mcufinder/ => C:\Users\66405\.stmcufinder\plugins\mcufinder
2023-10-07 20:52:10,909 [WARN] DbFile:41 - Overriding database path with different value: C:\Users\66405\.stmcufinder\plugins\mcufinder/ => C:\Users\66405\.stmcufinder\plugins\mcufinder
2023-10-07 20:52:10,909 [INFO] CrossReferenceDbSqlite:203 - Set database path to: C:\Users\66405\.stmcufinder\plugins\mcufinder//mcu/cs/
2023-10-07 20:52:11,006 [INFO] MainPanel:262 - HeapMemory: 268435456
2023-10-07 20:52:11,123 [INFO] DbMcusXml:78 - Set database path to: D:\STM32CubeIDE_1.13.0\STM32CubeIDE\plugins\com.st.stm32cube.common.mx_6.9.0.202307051724\\db\/mcu/
2023-10-07 20:52:11,123 [INFO] ApiDb:274 - Set plugin database path to: D:\STM32CubeIDE_1.13.0\STM32CubeIDE\plugins\com.st.stm32cube.common.mx_6.9.0.202307051724\\db\/plugins/boardmanager/
2023-10-07 20:52:11,123 [INFO] ApiDb:261 - Set plugin images path to: D:\STM32CubeIDE_1.13.0\STM32CubeIDE\plugins\com.st.stm32cube.common.mx_6.9.0.202307051724\\db\/plugins/mcufinder/images/
2023-10-07 20:52:11,124 [WARN] DbFile:41 - Overriding database path with different value: C:\Users\66405\.stmcufinder\plugins\mcufinder/ => C:\Users\66405\.stmcufinder\plugins\mcufinder
2023-10-07 20:52:11,124 [INFO] ApiDb:250 - Set database path to: C:\Users\66405\.stmcufinder\plugins\mcufinder//mcu/
2023-10-07 20:52:11,124 [WARN] DbFile:41 - Overriding database path with different value: C:\Users\66405\.stmcufinder\plugins\mcufinder/ => C:\Users\66405\.stmcufinder\plugins\mcufinder
2023-10-07 20:52:11,124 [INFO] DbMcusAds:125 - Set database path to: C:\Users\66405\.stmcufinder\plugins\mcufinder//mcu/
2023-10-07 20:52:11,124 [WARN] DbFile:41 - Overriding database path with different value: C:\Users\66405\.stmcufinder\plugins\mcufinder/ => C:\Users\66405\.stmcufinder\plugins\mcufinder
2023-10-07 20:52:11,124 [WARN] DbFile:41 - Overriding database path with different value: C:\Users\66405\.stmcufinder\plugins\mcufinder/ => C:\Users\66405\.stmcufinder\plugins\mcufinder
2023-10-07 20:52:11,124 [INFO] CrossReferenceDbSqlite:203 - Set database path to: C:\Users\66405\.stmcufinder\plugins\mcufinder//mcu/cs/
2023-10-07 20:52:11,145 [INFO] ApplicationProperties:184 - Using Application install path: D:\STM32CubeIDE_1.13.0\STM32CubeIDE\plugins\com.st.stm32cube.common.mx_6.9.0.202307051724
2023-10-07 20:52:11,146 [INFO] PluginManage:196 - Search for loadable plugins [exclusion list=, ]
2023-10-07 20:52:11,148 [INFO] PluginManage:310 - Check plugin analytics
2023-10-07 20:52:15,853 [INFO] AnalyticsPlugin:253 - Accepted Software Licenses: 
2023-10-07 20:52:15,853 [INFO] AnalyticsPlugin:255 - Accepted CMSIS Pack Licenses: 
2023-10-07 20:52:15,853 [INFO] AnalyticsPlugin:257 - Accepted Firmware Licenses: FW.L4.1.18.0
2023-10-07 20:52:15,855 [INFO] PluginManage:359 - Loaded plugin analytics (category:tool,tabindex:-1)
2023-10-07 20:52:15,856 [INFO] PluginManage:310 - Check plugin cadmodel
2023-10-07 20:52:15,861 [INFO] CADModel:105 - Init CAD model plugin
2023-10-07 20:52:15,861 [INFO] PluginManage:359 - Loaded plugin cadmodel (category:power,tabindex:5)
2023-10-07 20:52:15,861 [INFO] PluginManage:310 - Check plugin clock
2023-10-07 20:52:15,871 [INFO] PluginManage:359 - Loaded plugin clock (category:base,tabindex:2)
2023-10-07 20:52:15,871 [INFO] PluginManage:310 - Check plugin ddr
2023-10-07 20:52:15,873 [INFO] PluginManage:359 - Loaded plugin ddr (category:tool,tabindex:6)
2023-10-07 20:52:15,873 [INFO] PluginManage:310 - Check plugin filemanager
2023-10-07 20:52:16,021 [INFO] PluginManage:359 - Loaded plugin filemanager (category:base,tabindex:10)
2023-10-07 20:52:16,021 [INFO] PluginManage:310 - Check plugin ipmanager
2023-10-07 20:52:16,031 [INFO] PluginManage:359 - Loaded plugin ipmanager (category:base,tabindex:5)
2023-10-07 20:52:16,031 [INFO] PluginManage:310 - Check plugin lpbam
2023-10-07 20:52:16,040 [INFO] PluginManage:359 - Loaded plugin lpbam (category:base,tabindex:0)
2023-10-07 20:52:16,041 [INFO] PluginManage:310 - Check plugin memorymap
2023-10-07 20:52:16,056 [INFO] PluginManage:359 - Loaded plugin memorymap (category:base,tabindex:4)
2023-10-07 20:52:16,057 [INFO] PluginManage:310 - Check plugin pinoutandconfiguration
2023-10-07 20:52:16,066 [INFO] PluginManage:359 - Loaded plugin pinoutandconfiguration (category:base,tabindex:1)
2023-10-07 20:52:16,066 [INFO] PluginManage:310 - Check plugin pinoutconfig
2023-10-07 20:52:16,156 [WARN] SupportedApi:132 - Cannot load RTOS API schema: s4s-elt-must-match.1: The content of 'definitions' must match (annotation?, (simpleType | complexType)?, (unique | key | keyref)*)). A problem was found starting at: attribute.
2023-10-07 20:52:16,290 [INFO] PluginManage:359 - Loaded plugin pinoutconfig (category:base,tabindex:0)
2023-10-07 20:52:16,290 [INFO] PluginManage:310 - Check plugin power
2023-10-07 20:52:16,304 [INFO] PluginManage:359 - Loaded plugin power (category:power,tabindex:4)
2023-10-07 20:52:16,304 [INFO] PluginManage:310 - Check plugin projectmanager
2023-10-07 20:52:16,319 [INFO] PluginManage:359 - Loaded plugin projectmanager (category:projectmanager,tabindex:3)
2023-10-07 20:52:16,319 [INFO] PluginManage:310 - Check plugin thirdparty
2023-10-07 20:52:16,465 [INFO] PluginManage:359 - Loaded plugin thirdparty (category:base,tabindex:-1)
2023-10-07 20:52:16,465 [WARN] IntegrityCheckThread:84 - waiting for thirdparty lock release [integrity check]
2023-10-07 20:52:16,466 [INFO] PluginManage:310 - Check plugin tools
2023-10-07 20:52:16,466 [INFO] IntegrityCheckThread:86 - entering critical section [integrity check]
2023-10-07 20:52:16,466 [INFO] ThirdPartyUpdaterWithRetryManager:70 - Updater plugin not ready yet. [1/15]
2023-10-07 20:52:16,469 [INFO] PluginManage:359 - Loaded plugin tools (category:base,tabindex:7)
2023-10-07 20:52:16,469 [INFO] PluginManage:310 - Check plugin tutovideos
2023-10-07 20:52:16,684 [INFO] PluginManage:359 - Loaded plugin tutovideos (category:base,tabindex:-1)
2023-10-07 20:52:16,685 [INFO] PluginManage:310 - Check plugin updater
2023-10-07 20:52:16,699 [INFO] PluginManage:359 - Loaded plugin updater (category:base,tabindex:12)
2023-10-07 20:52:16,700 [INFO] PluginManage:310 - Check plugin userauth
2023-10-07 20:52:16,708 [INFO] UserAuth:113 - Init User Auth plugin
2023-10-07 20:52:16,708 [INFO] PluginManage:359 - Loaded plugin userauth (category:base,tabindex:14)
2023-10-07 20:52:16,708 [INFO] PluginManage:283 - PluginManage : Loaded plugins [17]
2023-10-07 20:52:16,983 [INFO] PinOutPanel:1499 - setPackage(No Configuration,No Configuration)
2023-10-07 20:52:17,109 [INFO] CADModel:165 - CPN selected for project level
2023-10-07 20:52:17,109 [INFO] CADModel:114 - Register for checkConnection events
2023-10-07 20:52:17,132 [INFO] IPUIPlugin:80 - create IPUIPlugin
2023-10-07 20:52:17,132 [INFO] PluginManager:220 - loadIPPluginJar : add adc
2023-10-07 20:52:17,135 [INFO] IPUIPlugin:80 - create IPUIPlugin
2023-10-07 20:52:17,135 [INFO] PluginManager:220 - loadIPPluginJar : add aes
2023-10-07 20:52:17,138 [INFO] IPUIPlugin:80 - create IPUIPlugin
2023-10-07 20:52:17,139 [INFO] PluginManager:220 - loadIPPluginJar : add can
2023-10-07 20:52:17,141 [INFO] IPUIPlugin:80 - create IPUIPlugin
2023-10-07 20:52:17,141 [INFO] PluginManager:220 - loadIPPluginJar : add comp
2023-10-07 20:52:17,144 [INFO] IPUIPlugin:80 - create IPUIPlugin
2023-10-07 20:52:17,144 [INFO] PluginManager:220 - loadIPPluginJar : add cryp
2023-10-07 20:52:17,146 [INFO] IPUIPlugin:80 - create IPUIPlugin
2023-10-07 20:52:17,147 [INFO] PluginManager:220 - loadIPPluginJar : add dfsdm
2023-10-07 20:52:17,152 [INFO] IPUIPlugin:80 - create IPUIPlugin
2023-10-07 20:52:17,153 [INFO] PluginManager:220 - loadIPPluginJar : add dma
2023-10-07 20:52:17,156 [INFO] IPUIPlugin:80 - create IPUIPlugin
2023-10-07 20:52:17,156 [INFO] PluginManager:220 - loadIPPluginJar : add dma3
2023-10-07 20:52:17,158 [INFO] IPUIPlugin:80 - create IPUIPlugin
2023-10-07 20:52:17,158 [INFO] PluginManager:220 - loadIPPluginJar : add fatfs
2023-10-07 20:52:17,163 [INFO] IPUIPlugin:80 - create IPUIPlugin
2023-10-07 20:52:17,163 [INFO] PluginManager:220 - loadIPPluginJar : add fmc
2023-10-07 20:52:17,169 [INFO] IPUIPlugin:80 - create IPUIPlugin
2023-10-07 20:52:17,169 [INFO] PluginManager:220 - loadIPPluginJar : add freertos
2023-10-07 20:52:17,171 [INFO] IPUIPlugin:80 - create IPUIPlugin
2023-10-07 20:52:17,171 [INFO] PluginManager:220 - loadIPPluginJar : add genericplugin
2023-10-07 20:52:17,174 [INFO] IPUIPlugin:80 - create IPUIPlugin
2023-10-07 20:52:17,174 [INFO] PluginManager:220 - loadIPPluginJar : add gfxmmu
2023-10-07 20:52:17,179 [INFO] IPUIPlugin:80 - create IPUIPlugin
2023-10-07 20:52:17,179 [INFO] PluginManager:220 - loadIPPluginJar : add gic
2023-10-07 20:52:17,183 [INFO] IPUIPlugin:80 - create IPUIPlugin
2023-10-07 20:52:17,183 [INFO] PluginManager:220 - loadIPPluginJar : add gpio
2023-10-07 20:52:17,187 [INFO] IPUIPlugin:80 - create IPUIPlugin
2023-10-07 20:52:17,187 [INFO] PluginManager:220 - loadIPPluginJar : add gtzc
2023-10-07 20:52:17,189 [INFO] IPUIPlugin:80 - create IPUIPlugin
2023-10-07 20:52:17,189 [INFO] PluginManager:220 - loadIPPluginJar : add hash
2023-10-07 20:52:17,192 [INFO] IPUIPlugin:80 - create IPUIPlugin
2023-10-07 20:52:17,193 [INFO] PluginManager:220 - loadIPPluginJar : add i2c
2023-10-07 20:52:17,195 [INFO] IPUIPlugin:80 - create IPUIPlugin
2023-10-07 20:52:17,195 [INFO] PluginManager:220 - loadIPPluginJar : add i2s
2023-10-07 20:52:17,198 [INFO] IPUIPlugin:80 - create IPUIPlugin
2023-10-07 20:52:17,199 [INFO] PluginManager:220 - loadIPPluginJar : add i3c
2023-10-07 20:52:17,202 [INFO] IPUIPlugin:80 - create IPUIPlugin
2023-10-07 20:52:17,202 [INFO] PluginManager:220 - loadIPPluginJar : add ipddr
2023-10-07 20:52:17,209 [INFO] IPUIPlugin:80 - create IPUIPlugin
2023-10-07 20:52:17,209 [INFO] PluginManager:220 - loadIPPluginJar : add linkedlist
2023-10-07 20:52:17,212 [INFO] IPUIPlugin:80 - create IPUIPlugin
2023-10-07 20:52:17,212 [INFO] PluginManager:220 - loadIPPluginJar : add lorawan
2023-10-07 20:52:17,215 [INFO] IPUIPlugin:80 - create IPUIPlugin
2023-10-07 20:52:17,215 [INFO] PluginManager:220 - loadIPPluginJar : add ltdc
2023-10-07 20:52:17,222 [INFO] IPUIPlugin:80 - create IPUIPlugin
2023-10-07 20:52:17,222 [INFO] PluginManager:220 - loadIPPluginJar : add mdma
2023-10-07 20:52:17,227 [INFO] IPUIPlugin:80 - create IPUIPlugin
2023-10-07 20:52:17,227 [INFO] PluginManager:220 - loadIPPluginJar : add nvic
2023-10-07 20:52:17,230 [INFO] IPUIPlugin:80 - create IPUIPlugin
2023-10-07 20:52:17,231 [INFO] PluginManager:220 - loadIPPluginJar : add opamp
2023-10-07 20:52:17,234 [INFO] IPUIPlugin:80 - create IPUIPlugin
2023-10-07 20:52:17,234 [INFO] PluginManager:220 - loadIPPluginJar : add openamp
2023-10-07 20:52:17,238 [INFO] IPUIPlugin:80 - create IPUIPlugin
2023-10-07 20:52:17,238 [INFO] PluginManager:220 - loadIPPluginJar : add pdm2pcm
2023-10-07 20:52:17,245 [INFO] IPUIPlugin:80 - create IPUIPlugin
2023-10-07 20:52:17,249 [INFO] PluginManager:220 - loadIPPluginJar : add plateformsettings
2023-10-07 20:52:17,252 [INFO] IPUIPlugin:80 - create IPUIPlugin
2023-10-07 20:52:17,252 [INFO] PluginManager:220 - loadIPPluginJar : add quadspi
2023-10-07 20:52:17,256 [INFO] IPUIPlugin:80 - create IPUIPlugin
2023-10-07 20:52:17,257 [INFO] PluginManager:220 - loadIPPluginJar : add resmgrutility
2023-10-07 20:52:17,260 [INFO] IPUIPlugin:80 - create IPUIPlugin
2023-10-07 20:52:17,260 [INFO] PluginManager:220 - loadIPPluginJar : add sai
2023-10-07 20:52:17,264 [INFO] IPUIPlugin:80 - create IPUIPlugin
2023-10-07 20:52:17,264 [INFO] PluginManager:220 - loadIPPluginJar : add spi
2023-10-07 20:52:17,269 [INFO] IPUIPlugin:80 - create IPUIPlugin
2023-10-07 20:52:17,269 [INFO] PluginManager:220 - loadIPPluginJar : add stm32_wpan
2023-10-07 20:52:17,271 [INFO] IPUIPlugin:80 - create IPUIPlugin
2023-10-07 20:52:17,273 [INFO] PluginManager:220 - loadIPPluginJar : add tim
2023-10-07 20:52:17,276 [INFO] IPUIPlugin:80 - create IPUIPlugin
2023-10-07 20:52:17,276 [INFO] PluginManager:220 - loadIPPluginJar : add touchsensing
2023-10-07 20:52:17,279 [INFO] IPUIPlugin:80 - create IPUIPlugin
2023-10-07 20:52:17,279 [INFO] PluginManager:220 - loadIPPluginJar : add tracer_emb
2023-10-07 20:52:17,281 [INFO] IPUIPlugin:80 - create IPUIPlugin
2023-10-07 20:52:17,281 [INFO] PluginManager:220 - loadIPPluginJar : add ts
2023-10-07 20:52:17,283 [INFO] IPUIPlugin:80 - create IPUIPlugin
2023-10-07 20:52:17,284 [INFO] PluginManager:220 - loadIPPluginJar : add tsc
2023-10-07 20:52:17,286 [INFO] IPUIPlugin:80 - create IPUIPlugin
2023-10-07 20:52:17,286 [INFO] PluginManager:220 - loadIPPluginJar : add ucpd
2023-10-07 20:52:17,290 [INFO] IPUIPlugin:80 - create IPUIPlugin
2023-10-07 20:52:17,290 [INFO] PluginManager:220 - loadIPPluginJar : add usart
2023-10-07 20:52:17,293 [INFO] IPUIPlugin:80 - create IPUIPlugin
2023-10-07 20:52:17,293 [INFO] PluginManager:220 - loadIPPluginJar : add usbx
2023-10-07 20:52:17,444 [INFO] CADModel:165 - CPN selected for project level
2023-10-07 20:52:17,444 [INFO] CADModel:114 - Register for checkConnection events
2023-10-07 20:52:17,445 [FATAL] Updater:308 - Updater called before beeing initialized
2023-10-07 20:52:17,445 [ERROR] CADModel:125 - Updater not yet initialized, retry later 
2023-10-07 20:52:17,615 [INFO] CADModel:165 - CPN selected for project level
2023-10-07 20:52:17,616 [INFO] CADModel:114 - Register for checkConnection events
2023-10-07 20:52:17,616 [FATAL] Updater:308 - Updater called before beeing initialized
2023-10-07 20:52:17,616 [ERROR] CADModel:125 - Updater not yet initialized, retry later 
2023-10-07 20:52:17,621 [FATAL] Updater:308 - Updater called before beeing initialized
2023-10-07 20:52:17,760 [FATAL] Updater:308 - Updater called before beeing initialized
2023-10-07 20:52:17,766 [INFO] DbMcusAds:53 - JSON generation date=Tue Mar 07 08:50:55 GMT 2023 (1678179055114)
2023-10-07 20:52:17,766 [FATAL] Updater:308 - Updater called before beeing initialized
2023-10-07 20:52:17,810 [WARN] DetailPanel:346 - Failed to get advertising image, set to default
2023-10-07 20:52:17,909 [FATAL] Updater:308 - Updater called before beeing initialized
2023-10-07 20:52:17,911 [FATAL] Updater:308 - Updater called before beeing initialized
2023-10-07 20:52:17,911 [FATAL] Updater:308 - Updater called before beeing initialized
2023-10-07 20:52:17,911 [WARN] DetailPanel:346 - Failed to get advertising image, set to default
2023-10-07 20:52:17,912 [FATAL] Updater:308 - Updater called before beeing initialized
2023-10-07 20:52:17,974 [ERROR] Updater:1120 - MainUpdater not yet initialized. External WinMGr cannot be set.
2023-10-07 20:52:17,976 [INFO] Updater:1056 - Updater Version found : 6.9.0
2023-10-07 20:52:17,995 [INFO] ApplicationProperties:184 - Using Application install path: D:\STM32CubeIDE_1.13.0\STM32CubeIDE\plugins\com.st.stm32cube.common.mx_6.9.0.202307051724
2023-10-07 20:52:18,162 [INFO] MainUpdater:2868 - connection check result : 10
2023-10-07 20:52:18,163 [INFO] MainUpdater:285 - Updater Check For Update Now.
2023-10-07 20:52:18,163 [INFO] MicroXplorer:498 - Change Database Version : DB.6.0.90
2023-10-07 20:52:18,170 [INFO] McuFinderGlobals:63 - Set McuFinder mode to 2 (CubeIDE integrated)
2023-10-07 20:52:18,343 [INFO] CheckServerUpdateThread:120 - End of CheckServer Thread
2023-10-07 20:52:19,677 [WARN] PackLoader:240 - Cannot read IP mode file for STMicroelectronics.X-CUBE-SMBUS.2.1.0
2023-10-07 20:52:19,706 [WARN] PackLoader:240 - Cannot read IP mode file for STMicroelectronics.X-CUBE-AZRTOS-F7.1.1.0
2023-10-07 20:52:19,717 [WARN] PackLoader:240 - Cannot read IP mode file for STMicroelectronics.FP-SNS-MOTENV1.4.3.2
2023-10-07 20:52:19,728 [WARN] PackLoader:240 - Cannot read IP mode file for STMicroelectronics.X-CUBE-BLE1.6.2.4
2023-10-07 20:52:19,734 [WARN] PackLoader:240 - Cannot read IP mode file for STMicroelectronics.FP-SNS-FLIGHT1.5.0.2
2023-10-07 20:52:19,743 [WARN] PackLoader:240 - Cannot read IP mode file for STMicroelectronics.X-CUBE-DISPLAY.3.0.0
2023-10-07 20:52:19,753 [WARN] PackLoader:240 - Cannot read IP mode file for STMicroelectronics.X-CUBE-BLE1.7.0.0
2023-10-07 20:52:19,760 [WARN] PackLoader:240 - Cannot read IP mode file for emotas.I-CUBE-CANOPEN.1.3.0
2023-10-07 20:52:19,767 [WARN] PackLoader:240 - Cannot read IP mode file for STMicroelectronics.X-CUBE-TOUCHGFX.4.22.0
2023-10-07 20:52:19,770 [WARN] PackLoader:240 - Cannot read IP mode file for STMicroelectronics.X-CUBE-TOUCHGFX.4.22.1
2023-10-07 20:52:19,776 [WARN] PackLoader:240 - Cannot read IP mode file for STMicroelectronics.FP-SNS-SMARTAG2.1.2.0
2023-10-07 20:52:19,841 [INFO] LogOutputStream:77 - [STDOUT_REDIRECT] 1 : Invalid condition id : UX_CORESTACK_Condition cause : null
2023-10-07 20:52:19,841 [INFO] LogOutputStream:77 - [STDOUT_REDIRECT] 1 : Invalid condition id : UX_CORESTACK_Condition cause : null
2023-10-07 20:52:19,842 [INFO] LogOutputStream:77 - [STDOUT_REDIRECT] 1 : Invalid condition id : UX_CORESTACK_Condition cause : null
2023-10-07 20:52:19,843 [INFO] LogOutputStream:77 - [STDOUT_REDIRECT] 1 : Invalid condition id : UX_CORESTACK_Condition cause : null
2023-10-07 20:52:19,844 [INFO] LogOutputStream:77 - [STDOUT_REDIRECT] 1 : Invalid condition id : UX_CORESTACK_Condition cause : null
2023-10-07 20:52:19,848 [WARN] PackLoader:240 - Cannot read IP mode file for STMicroelectronics.X-CUBE-AZRTOS-WL.2.0.0
2023-10-07 20:52:19,859 [WARN] PackLoader:240 - Cannot read IP mode file for WES.I-CUBE-Cesium.1.3.0
2023-10-07 20:52:19,865 [WARN] PackLoader:240 - Cannot read IP mode file for STMicroelectronics.X-CUBE-BLE2.3.3.0
2023-10-07 20:52:19,872 [WARN] PackLoader:240 - Cannot read IP mode file for STMicroelectronics.X-CUBE-ALGOBUILD.1.3.0
2023-10-07 20:52:19,888 [WARN] PackLoader:240 - Cannot read IP mode file for STMicroelectronics.X-CUBE-AZRTOS-G0.1.1.0
2023-10-07 20:52:19,895 [WARN] PackLoader:240 - Cannot read IP mode file for STMicroelectronics.X-CUBE-NFC4.3.0.0
2023-10-07 20:52:19,902 [WARN] PackLoader:240 - Cannot read IP mode file for STMicroelectronics.FP-ATR-SIGFOX1.3.2.0
2023-10-07 20:52:19,930 [WARN] PackLoader:240 - Cannot read IP mode file for SEGGER.I-CUBE-embOS.1.3.1
2023-10-07 20:52:19,972 [WARN] PackLoader:240 - Cannot read IP mode file for STMicroelectronics.X-CUBE-GNSS1.6.0.0
2023-10-07 20:52:19,988 [WARN] PackLoader:240 - Cannot read IP mode file for STMicroelectronics.X-CUBE-AZRTOS-F4.1.1.0
2023-10-07 20:52:19,995 [WARN] PackLoader:240 - Cannot read IP mode file for wolfSSL.I-CUBE-wolfSSL.5.6.3
2023-10-07 20:52:20,008 [WARN] PackLoader:240 - Cannot read IP mode file for STMicroelectronics.X-CUBE-AZRTOS-L5.2.0.0
2023-10-07 20:52:20,041 [WARN] PackLoader:240 - Cannot read IP mode file for STMicroelectronics.X-CUBE-MEMS1.9.6.0
2023-10-07 20:52:20,144 [WARN] PackLoader:240 - Cannot read IP mode file for ITTIA_DB.I-CUBE-ITTIADB.8.8.0
2023-10-07 20:52:20,155 [WARN] PackLoader:240 - Cannot read IP mode file for STMicroelectronics.X-CUBE-BLEMGR.2.0.0
2023-10-07 20:52:20,169 [WARN] ConditionMgr:438 - getConditionDescription Invalid condition id : UX DEVICE CLASS RTOS Condition cause : null
2023-10-07 20:52:20,170 [WARN] ConditionMgr:438 - getConditionDescription Invalid condition id : UX DEVICE CLASS RTOS Condition cause : null
2023-10-07 20:52:20,172 [WARN] PackLoader:240 - Cannot read IP mode file for STMicroelectronics.X-CUBE-AZRTOS-H7.3.1.0
2023-10-07 20:52:20,173 [WARN] ConditionMgr:1039 - genDependencies : Invalid condition id : UX DEVICE CLASS RTOS Condition cause : null
2023-10-07 20:52:20,173 [WARN] ConditionMgr:1039 - genDependencies : Invalid condition id : UX DEVICE CLASS RTOS Condition cause : null
2023-10-07 20:52:20,173 [WARN] ConditionMgr:1039 - genDependencies : Invalid condition id : UX DEVICE CLASS RTOS Condition cause : null
2023-10-07 20:52:20,174 [WARN] ConditionMgr:1039 - genDependencies : Invalid condition id : UX DEVICE CLASS RTOS Condition cause : null
2023-10-07 20:52:20,174 [WARN] ConditionMgr:1039 - genDependencies : Invalid condition id : UX DEVICE CLASS RTOS Condition cause : null
2023-10-07 20:52:20,182 [WARN] PackLoader:240 - Cannot read IP mode file for STMicroelectronics.X-CUBE-NFC7.1.0.1
2023-10-07 20:52:20,189 [WARN] PackLoader:240 - Cannot read IP mode file for STMicroelectronics.X-CUBE-NFC6.3.0.0
2023-10-07 20:52:20,196 [WARN] PackLoader:240 - Cannot read IP mode file for STMicroelectronics.X-CUBE-EEPRMA1.4.1.0
2023-10-07 20:52:20,203 [WARN] PackLoader:240 - Cannot read IP mode file for STMicroelectronics.X-CUBE-AI.8.1.0
2023-10-07 20:52:20,216 [WARN] ConditionMgr:438 - getConditionDescription Invalid condition id : LAN8742 Phy interface Condition cause : null
2023-10-07 20:52:20,217 [WARN] PackLoader:240 - Cannot read IP mode file for STMicroelectronics.X-CUBE-AZRTOS-L4.2.0.0
2023-10-07 20:52:20,218 [WARN] ConditionMgr:1039 - genDependencies : Invalid condition id : LAN8742 Phy interface Condition cause : null
2023-10-07 20:52:20,219 [WARN] ConditionMgr:1039 - genDependencies : Invalid condition id : LAN8742 Phy interface Condition cause : null
2023-10-07 20:52:20,219 [WARN] ConditionMgr:1039 - genDependencies : Invalid condition id : LAN8742 Phy interface Condition cause : null
2023-10-07 20:52:20,227 [WARN] PackLoader:240 - Cannot read IP mode file for STMicroelectronics.X-CUBE-SFXS2LP1.4.0.0
2023-10-07 20:52:20,233 [WARN] PackLoader:240 - Cannot read IP mode file for STMicroelectronics.X-CUBE-ISPU.1.1.0
2023-10-07 20:52:20,243 [WARN] ConditionMgr:438 - getConditionDescription Invalid condition id : UX DEVICE CLASS RTOS Condition cause : null
2023-10-07 20:52:20,243 [WARN] ConditionMgr:438 - getConditionDescription Invalid condition id : UX DEVICE CLASS RTOS Condition cause : null
2023-10-07 20:52:20,245 [WARN] PackLoader:240 - Cannot read IP mode file for STMicroelectronics.X-CUBE-AZRTOS-WB.2.0.0
2023-10-07 20:52:20,246 [WARN] ConditionMgr:1039 - genDependencies : Invalid condition id : UX DEVICE CLASS RTOS Condition cause : null
2023-10-07 20:52:20,246 [WARN] ConditionMgr:1039 - genDependencies : Invalid condition id : UX DEVICE CLASS RTOS Condition cause : null
2023-10-07 20:52:20,247 [WARN] ConditionMgr:1039 - genDependencies : Invalid condition id : UX DEVICE CLASS RTOS Condition cause : null
2023-10-07 20:52:20,247 [WARN] ConditionMgr:1039 - genDependencies : Invalid condition id : UX DEVICE CLASS RTOS Condition cause : null
2023-10-07 20:52:20,247 [WARN] ConditionMgr:1039 - genDependencies : Invalid condition id : UX DEVICE CLASS RTOS Condition cause : null
2023-10-07 20:52:20,253 [WARN] PackLoader:240 - Cannot read IP mode file for STMicroelectronics.X-CUBE-FREERTOS.1.0.1
2023-10-07 20:52:20,265 [WARN] PackLoader:240 - Cannot read IP mode file for STMicroelectronics.X-CUBE-AZRTOS-L5.1.1.0
2023-10-07 20:52:20,271 [WARN] PackLoader:240 - Cannot read IP mode file for STMicroelectronics.X-CUBE-AI.8.0.1
2023-10-07 20:52:20,280 [WARN] PackLoader:240 - Cannot read IP mode file for STMicroelectronics.X-CUBE-SUBG2.5.0.0
2023-10-07 20:52:20,292 [WARN] PackLoader:240 - Cannot read IP mode file for STMicroelectronics.X-CUBE-TOF1.3.3.1
2023-10-07 20:52:20,309 [WARN] PackLoader:240 - Cannot read IP mode file for STMicroelectronics.X-CUBE-AZRTOS-G4.2.0.0
2023-10-07 20:52:20,314 [WARN] PackLoader:240 - Cannot read IP mode file for STMicroelectronics.X-CUBE-FREERTOS.1.1.0
2023-10-07 20:52:20,320 [WARN] PackLoader:240 - Cannot read IP mode file for portGmbH.I-Cube-SoM-uGOAL.1.1.0
2023-10-07 20:52:20,325 [WARN] PackLoader:240 - Cannot read IP mode file for STMicroelectronics.X-CUBE-ALS.1.0.1
2023-10-07 20:52:20,335 [WARN] PackLoader:240 - Cannot read IP mode file for STMicroelectronics.X-CUBE-AZRTOS-WB.1.1.0
2023-10-07 20:52:20,341 [WARN] PackLoader:240 - Cannot read IP mode file for STMicroelectronics.FP-ATR-ASTRA1.2.0.0
2023-10-07 20:52:20,342 [INFO] ThirdParty:978 - Integrity check success = true
2023-10-07 20:52:20,342 [INFO] IntegrityCheckThread:100 - exiting critical section [integrity check]
2023-10-07 20:52:20,343 [INFO] IntegrityCheckThread:103 - End integrity checks thread
2023-10-07 20:52:38,941 [ERROR] LogOutputStream:75 - [STDERR_REDIRECT] SLF4J: Failed to load class "org.slf4j.impl.StaticLoggerBinder".
2023-10-07 20:52:38,941 [ERROR] LogOutputStream:75 - [STDERR_REDIRECT] SLF4J: Defaulting to no-operation (NOP) logger implementation
2023-10-07 20:52:38,943 [ERROR] LogOutputStream:75 - [STDERR_REDIRECT] SLF4J: See http://www.slf4j.org/codes.html#StaticLoggerBinder for further details.
