2024-06-27 14:44:13,866 [INFO] Activator:176 - 


2024-06-27 14:44:13,879 [INFO] Activator:177 - !SESSION log4j initialized
2024-06-27 14:44:25,187 [INFO] LogOutputStream:77 - [STDOUT_REDIRECT] 
2024-06-27 14:44:28,127 [INFO] ApplicationProperties:184 - Using Application install path: D:\STM32CubeIDE_1.13.0\STM32CubeIDE\plugins\com.st.stm32cube.common.mx_6.11.0.202403141607
2024-06-27 14:44:28,160 [INFO] DbMcusXml:78 - Set database path to: D:\STM32CubeIDE_1.13.0\STM32CubeIDE\plugins\com.st.stm32cube.common.mx_6.11.0.202403141607\\db\/mcu/
2024-06-27 14:44:28,161 [INFO] ApiDb:274 - Set plugin database path to: D:\STM32CubeIDE_1.13.0\STM32CubeIDE\plugins\com.st.stm32cube.common.mx_6.11.0.202403141607\\db\/plugins/boardmanager/
2024-06-27 14:44:28,161 [WARN] ApiDb:259 - Overriding images path with different value:  => D:\STM32CubeIDE_1.13.0\STM32CubeIDE\plugins\com.st.stm32cube.common.mx_6.11.0.202403141607\\db\/plugins/mcufinder/images/
2024-06-27 14:44:28,200 [INFO] ApiDb:250 - Set database path to: C:\Users\66405\.stmcufinder\plugins\mcufinder//mcu/
2024-06-27 14:44:28,202 [INFO] DbMcusAds:125 - Set database path to: C:\Users\66405\.stmcufinder\plugins\mcufinder//mcu/
2024-06-27 14:44:28,207 [INFO] CrossReferenceDbSqlite:203 - Set database path to: C:\Users\66405\.stmcufinder\plugins\mcufinder//mcu/cs/
2024-06-27 14:44:28,451 [INFO] RulesReader:64 - Compatibility file has been processed (297 Rules)
2024-06-27 14:44:28,694 [INFO] DbMcusXml:78 - Set database path to: D:\STM32CubeIDE_1.13.0\STM32CubeIDE\plugins\com.st.stm32cube.common.mx_6.11.0.202403141607\\db\/mcu/
2024-06-27 14:44:28,694 [INFO] ApiDb:274 - Set plugin database path to: D:\STM32CubeIDE_1.13.0\STM32CubeIDE\plugins\com.st.stm32cube.common.mx_6.11.0.202403141607\\db\/plugins/boardmanager/
2024-06-27 14:44:28,694 [INFO] ApiDb:261 - Set plugin images path to: D:\STM32CubeIDE_1.13.0\STM32CubeIDE\plugins\com.st.stm32cube.common.mx_6.11.0.202403141607\\db\/plugins/mcufinder/images/
2024-06-27 14:44:28,695 [WARN] DbFile:41 - Overriding database path with different value: C:\Users\66405\.stmcufinder\plugins\mcufinder/ => C:\Users\66405\.stmcufinder\plugins\mcufinder
2024-06-27 14:44:28,695 [INFO] ApiDb:250 - Set database path to: C:\Users\66405\.stmcufinder\plugins\mcufinder//mcu/
2024-06-27 14:44:28,695 [WARN] DbFile:41 - Overriding database path with different value: C:\Users\66405\.stmcufinder\plugins\mcufinder/ => C:\Users\66405\.stmcufinder\plugins\mcufinder
2024-06-27 14:44:28,695 [INFO] DbMcusAds:125 - Set database path to: C:\Users\66405\.stmcufinder\plugins\mcufinder//mcu/
2024-06-27 14:44:28,695 [WARN] DbFile:41 - Overriding database path with different value: C:\Users\66405\.stmcufinder\plugins\mcufinder/ => C:\Users\66405\.stmcufinder\plugins\mcufinder
2024-06-27 14:44:28,696 [WARN] DbFile:41 - Overriding database path with different value: C:\Users\66405\.stmcufinder\plugins\mcufinder/ => C:\Users\66405\.stmcufinder\plugins\mcufinder
2024-06-27 14:44:28,696 [INFO] CrossReferenceDbSqlite:203 - Set database path to: C:\Users\66405\.stmcufinder\plugins\mcufinder//mcu/cs/
2024-06-27 14:44:28,861 [INFO] MainPanel:264 - HeapMemory: 268435456
2024-06-27 14:44:29,043 [INFO] DbMcusXml:78 - Set database path to: D:\STM32CubeIDE_1.13.0\STM32CubeIDE\plugins\com.st.stm32cube.common.mx_6.11.0.202403141607\\db\/mcu/
2024-06-27 14:44:29,044 [INFO] ApiDb:274 - Set plugin database path to: D:\STM32CubeIDE_1.13.0\STM32CubeIDE\plugins\com.st.stm32cube.common.mx_6.11.0.202403141607\\db\/plugins/boardmanager/
2024-06-27 14:44:29,044 [INFO] ApiDb:261 - Set plugin images path to: D:\STM32CubeIDE_1.13.0\STM32CubeIDE\plugins\com.st.stm32cube.common.mx_6.11.0.202403141607\\db\/plugins/mcufinder/images/
2024-06-27 14:44:29,044 [WARN] DbFile:41 - Overriding database path with different value: C:\Users\66405\.stmcufinder\plugins\mcufinder/ => C:\Users\66405\.stmcufinder\plugins\mcufinder
2024-06-27 14:44:29,045 [INFO] ApiDb:250 - Set database path to: C:\Users\66405\.stmcufinder\plugins\mcufinder//mcu/
2024-06-27 14:44:29,045 [WARN] DbFile:41 - Overriding database path with different value: C:\Users\66405\.stmcufinder\plugins\mcufinder/ => C:\Users\66405\.stmcufinder\plugins\mcufinder
2024-06-27 14:44:29,045 [INFO] DbMcusAds:125 - Set database path to: C:\Users\66405\.stmcufinder\plugins\mcufinder//mcu/
2024-06-27 14:44:29,045 [WARN] DbFile:41 - Overriding database path with different value: C:\Users\66405\.stmcufinder\plugins\mcufinder/ => C:\Users\66405\.stmcufinder\plugins\mcufinder
2024-06-27 14:44:29,045 [WARN] DbFile:41 - Overriding database path with different value: C:\Users\66405\.stmcufinder\plugins\mcufinder/ => C:\Users\66405\.stmcufinder\plugins\mcufinder
2024-06-27 14:44:29,045 [INFO] CrossReferenceDbSqlite:203 - Set database path to: C:\Users\66405\.stmcufinder\plugins\mcufinder//mcu/cs/
2024-06-27 14:44:29,119 [INFO] ApplicationProperties:184 - Using Application install path: D:\STM32CubeIDE_1.13.0\STM32CubeIDE\plugins\com.st.stm32cube.common.mx_6.11.0.202403141607
2024-06-27 14:44:29,122 [INFO] PluginManage:196 - Search for loadable plugins [exclusion list=, ]
2024-06-27 14:44:29,125 [INFO] PluginManage:310 - Check plugin analytics
2024-06-27 14:44:29,519 [INFO] AnalyticsPlugin:253 - Accepted Software Licenses: 
2024-06-27 14:44:29,520 [INFO] AnalyticsPlugin:255 - Accepted CMSIS Pack Licenses: 
2024-06-27 14:44:29,520 [INFO] AnalyticsPlugin:257 - Accepted Firmware Licenses: FW.L4.1.18.0
2024-06-27 14:44:29,527 [INFO] PluginManage:359 - Loaded plugin analytics (category:tool,tabindex:-1)
2024-06-27 14:44:29,528 [INFO] PluginManage:310 - Check plugin cadmodel
2024-06-27 14:44:29,538 [INFO] CADModel:105 - Init CAD model plugin
2024-06-27 14:44:29,539 [INFO] PluginManage:359 - Loaded plugin cadmodel (category:power,tabindex:5)
2024-06-27 14:44:29,539 [INFO] PluginManage:310 - Check plugin clock
2024-06-27 14:44:29,558 [INFO] PluginManage:359 - Loaded plugin clock (category:base,tabindex:2)
2024-06-27 14:44:29,559 [INFO] PluginManage:310 - Check plugin ddr
2024-06-27 14:44:29,564 [INFO] PluginManage:359 - Loaded plugin ddr (category:tool,tabindex:6)
2024-06-27 14:44:29,564 [INFO] PluginManage:310 - Check plugin filemanager
2024-06-27 14:44:29,838 [INFO] PluginManage:359 - Loaded plugin filemanager (category:base,tabindex:10)
2024-06-27 14:44:29,838 [INFO] PluginManage:310 - Check plugin ipmanager
2024-06-27 14:44:29,854 [INFO] PluginManage:359 - Loaded plugin ipmanager (category:base,tabindex:5)
2024-06-27 14:44:29,855 [INFO] PluginManage:310 - Check plugin lpbam
2024-06-27 14:44:29,873 [INFO] PluginManage:359 - Loaded plugin lpbam (category:base,tabindex:0)
2024-06-27 14:44:29,873 [INFO] PluginManage:310 - Check plugin memorymap
2024-06-27 14:44:29,901 [INFO] PluginManage:359 - Loaded plugin memorymap (category:base,tabindex:4)
2024-06-27 14:44:29,901 [INFO] PluginManage:310 - Check plugin pinoutandconfiguration
2024-06-27 14:44:29,917 [INFO] PluginManage:359 - Loaded plugin pinoutandconfiguration (category:base,tabindex:1)
2024-06-27 14:44:29,917 [INFO] PluginManage:310 - Check plugin pinoutconfig
2024-06-27 14:44:30,149 [WARN] SupportedApi:132 - Cannot load RTOS API schema: s4s-elt-must-match.1: The content of 'definitions' must match (annotation?, (simpleType | complexType)?, (unique | key | keyref)*)). A problem was found starting at: attribute.
2024-06-27 14:44:30,477 [INFO] PluginManage:359 - Loaded plugin pinoutconfig (category:base,tabindex:0)
2024-06-27 14:44:30,477 [INFO] PluginManage:310 - Check plugin power
2024-06-27 14:44:30,500 [INFO] PluginManage:359 - Loaded plugin power (category:power,tabindex:4)
2024-06-27 14:44:30,501 [INFO] PluginManage:310 - Check plugin projectmanager
2024-06-27 14:44:30,542 [INFO] PluginManage:359 - Loaded plugin projectmanager (category:projectmanager,tabindex:3)
2024-06-27 14:44:30,542 [INFO] PluginManage:310 - Check plugin thirdparty
2024-06-27 14:44:30,884 [INFO] PluginManage:359 - Loaded plugin thirdparty (category:base,tabindex:-1)
2024-06-27 14:44:30,884 [WARN] IntegrityCheckThread:84 - waiting for thirdparty lock release [integrity check]
2024-06-27 14:44:30,885 [INFO] IntegrityCheckThread:86 - entering critical section [integrity check]
2024-06-27 14:44:30,885 [INFO] PluginManage:310 - Check plugin tools
2024-06-27 14:44:30,886 [INFO] ThirdPartyUpdaterWithRetryManager:70 - Updater plugin not ready yet. [1/15]
2024-06-27 14:44:30,890 [INFO] PluginManage:359 - Loaded plugin tools (category:base,tabindex:7)
2024-06-27 14:44:30,891 [INFO] PluginManage:310 - Check plugin tutovideos
2024-06-27 14:44:31,296 [INFO] PluginManage:359 - Loaded plugin tutovideos (category:base,tabindex:-1)
2024-06-27 14:44:31,297 [INFO] PluginManage:310 - Check plugin updater
2024-06-27 14:44:31,317 [INFO] PluginManage:359 - Loaded plugin updater (category:base,tabindex:12)
2024-06-27 14:44:31,317 [INFO] PluginManage:310 - Check plugin userauth
2024-06-27 14:44:31,327 [INFO] UserAuth:114 - Init User Auth plugin
2024-06-27 14:44:31,327 [INFO] PluginManage:359 - Loaded plugin userauth (category:base,tabindex:14)
2024-06-27 14:44:31,328 [INFO] PluginManage:283 - PluginManage : Loaded plugins [17]
2024-06-27 14:44:31,837 [INFO] PinOutPanel:1561 - setPackage(No Configuration,No Configuration)
2024-06-27 14:44:32,003 [INFO] CADModel:165 - CPN selected for project level
2024-06-27 14:44:32,003 [INFO] CADModel:114 - Register for checkConnection events
2024-06-27 14:44:32,039 [INFO] IPUIPlugin:80 - create IPUIPlugin
2024-06-27 14:44:32,040 [INFO] PluginManager:220 - loadIPPluginJar : add adc
2024-06-27 14:44:32,046 [INFO] IPUIPlugin:80 - create IPUIPlugin
2024-06-27 14:44:32,046 [INFO] PluginManager:220 - loadIPPluginJar : add aes
2024-06-27 14:44:32,052 [INFO] IPUIPlugin:80 - create IPUIPlugin
2024-06-27 14:44:32,052 [INFO] PluginManager:220 - loadIPPluginJar : add can
2024-06-27 14:44:32,055 [INFO] IPUIPlugin:80 - create IPUIPlugin
2024-06-27 14:44:32,056 [INFO] PluginManager:220 - loadIPPluginJar : add comp
2024-06-27 14:44:32,061 [INFO] IPUIPlugin:80 - create IPUIPlugin
2024-06-27 14:44:32,062 [INFO] PluginManager:220 - loadIPPluginJar : add cryp
2024-06-27 14:44:32,066 [INFO] IPUIPlugin:80 - create IPUIPlugin
2024-06-27 14:44:32,066 [INFO] PluginManager:220 - loadIPPluginJar : add dfsdm
2024-06-27 14:44:32,078 [INFO] IPUIPlugin:80 - create IPUIPlugin
2024-06-27 14:44:32,079 [INFO] PluginManager:220 - loadIPPluginJar : add dma
2024-06-27 14:44:32,083 [INFO] IPUIPlugin:80 - create IPUIPlugin
2024-06-27 14:44:32,083 [INFO] PluginManager:220 - loadIPPluginJar : add dma3
2024-06-27 14:44:32,088 [INFO] IPUIPlugin:80 - create IPUIPlugin
2024-06-27 14:44:32,088 [INFO] PluginManager:220 - loadIPPluginJar : add extmemmanager
2024-06-27 14:44:32,093 [INFO] IPUIPlugin:80 - create IPUIPlugin
2024-06-27 14:44:32,094 [INFO] PluginManager:220 - loadIPPluginJar : add fatfs
2024-06-27 14:44:32,103 [INFO] IPUIPlugin:80 - create IPUIPlugin
2024-06-27 14:44:32,103 [INFO] PluginManager:220 - loadIPPluginJar : add fmc
2024-06-27 14:44:32,113 [INFO] IPUIPlugin:80 - create IPUIPlugin
2024-06-27 14:44:32,114 [INFO] PluginManager:220 - loadIPPluginJar : add freertos
2024-06-27 14:44:32,118 [INFO] IPUIPlugin:80 - create IPUIPlugin
2024-06-27 14:44:32,119 [INFO] PluginManager:220 - loadIPPluginJar : add genericplugin
2024-06-27 14:44:32,124 [INFO] IPUIPlugin:80 - create IPUIPlugin
2024-06-27 14:44:32,125 [INFO] PluginManager:220 - loadIPPluginJar : add gfxmmu
2024-06-27 14:44:32,134 [INFO] IPUIPlugin:80 - create IPUIPlugin
2024-06-27 14:44:32,134 [INFO] PluginManager:220 - loadIPPluginJar : add gic
2024-06-27 14:44:32,142 [INFO] IPUIPlugin:80 - create IPUIPlugin
2024-06-27 14:44:32,142 [INFO] PluginManager:220 - loadIPPluginJar : add gpio
2024-06-27 14:44:32,148 [INFO] IPUIPlugin:80 - create IPUIPlugin
2024-06-27 14:44:32,148 [INFO] PluginManager:220 - loadIPPluginJar : add gtzc
2024-06-27 14:44:32,152 [INFO] IPUIPlugin:80 - create IPUIPlugin
2024-06-27 14:44:32,152 [INFO] PluginManager:220 - loadIPPluginJar : add hash
2024-06-27 14:44:32,158 [INFO] IPUIPlugin:80 - create IPUIPlugin
2024-06-27 14:44:32,158 [INFO] PluginManager:220 - loadIPPluginJar : add i2c
2024-06-27 14:44:32,162 [INFO] IPUIPlugin:80 - create IPUIPlugin
2024-06-27 14:44:32,163 [INFO] PluginManager:220 - loadIPPluginJar : add i2s
2024-06-27 14:44:32,167 [INFO] IPUIPlugin:80 - create IPUIPlugin
2024-06-27 14:44:32,167 [INFO] PluginManager:220 - loadIPPluginJar : add i3c
2024-06-27 14:44:32,174 [INFO] IPUIPlugin:80 - create IPUIPlugin
2024-06-27 14:44:32,174 [INFO] PluginManager:220 - loadIPPluginJar : add ipddr
2024-06-27 14:44:32,187 [INFO] IPUIPlugin:80 - create IPUIPlugin
2024-06-27 14:44:32,187 [INFO] PluginManager:220 - loadIPPluginJar : add linkedlist
2024-06-27 14:44:32,192 [INFO] IPUIPlugin:80 - create IPUIPlugin
2024-06-27 14:44:32,193 [INFO] PluginManager:220 - loadIPPluginJar : add lorawan
2024-06-27 14:44:32,196 [INFO] IPUIPlugin:80 - create IPUIPlugin
2024-06-27 14:44:32,196 [INFO] PluginManager:220 - loadIPPluginJar : add ltdc
2024-06-27 14:44:32,208 [INFO] IPUIPlugin:80 - create IPUIPlugin
2024-06-27 14:44:32,208 [INFO] PluginManager:220 - loadIPPluginJar : add mdma
2024-06-27 14:44:32,216 [INFO] IPUIPlugin:80 - create IPUIPlugin
2024-06-27 14:44:32,217 [INFO] PluginManager:220 - loadIPPluginJar : add nvic
2024-06-27 14:44:32,224 [INFO] IPUIPlugin:80 - create IPUIPlugin
2024-06-27 14:44:32,224 [INFO] PluginManager:220 - loadIPPluginJar : add opamp
2024-06-27 14:44:32,231 [INFO] IPUIPlugin:80 - create IPUIPlugin
2024-06-27 14:44:32,232 [INFO] PluginManager:220 - loadIPPluginJar : add openamp
2024-06-27 14:44:32,238 [INFO] IPUIPlugin:80 - create IPUIPlugin
2024-06-27 14:44:32,238 [INFO] PluginManager:220 - loadIPPluginJar : add pdm2pcm
2024-06-27 14:44:32,250 [INFO] IPUIPlugin:80 - create IPUIPlugin
2024-06-27 14:44:32,255 [INFO] PluginManager:220 - loadIPPluginJar : add plateformsettings
2024-06-27 14:44:32,258 [INFO] IPUIPlugin:80 - create IPUIPlugin
2024-06-27 14:44:32,259 [INFO] PluginManager:220 - loadIPPluginJar : add quadspi
2024-06-27 14:44:32,266 [INFO] IPUIPlugin:80 - create IPUIPlugin
2024-06-27 14:44:32,266 [INFO] PluginManager:220 - loadIPPluginJar : add resmgrutility
2024-06-27 14:44:32,271 [INFO] IPUIPlugin:80 - create IPUIPlugin
2024-06-27 14:44:32,273 [INFO] PluginManager:220 - loadIPPluginJar : add sai
2024-06-27 14:44:32,277 [INFO] IPUIPlugin:80 - create IPUIPlugin
2024-06-27 14:44:32,277 [INFO] PluginManager:220 - loadIPPluginJar : add spi
2024-06-27 14:44:32,285 [INFO] IPUIPlugin:80 - create IPUIPlugin
2024-06-27 14:44:32,285 [INFO] PluginManager:220 - loadIPPluginJar : add stm32_wpan
2024-06-27 14:44:32,289 [INFO] IPUIPlugin:80 - create IPUIPlugin
2024-06-27 14:44:32,289 [INFO] PluginManager:220 - loadIPPluginJar : add tim
2024-06-27 14:44:32,297 [INFO] IPUIPlugin:80 - create IPUIPlugin
2024-06-27 14:44:32,297 [INFO] PluginManager:220 - loadIPPluginJar : add touchsensing
2024-06-27 14:44:32,301 [INFO] IPUIPlugin:80 - create IPUIPlugin
2024-06-27 14:44:32,301 [INFO] PluginManager:220 - loadIPPluginJar : add tracer_emb
2024-06-27 14:44:32,306 [INFO] IPUIPlugin:80 - create IPUIPlugin
2024-06-27 14:44:32,306 [INFO] PluginManager:220 - loadIPPluginJar : add ts
2024-06-27 14:44:32,310 [INFO] IPUIPlugin:80 - create IPUIPlugin
2024-06-27 14:44:32,310 [INFO] PluginManager:220 - loadIPPluginJar : add tsc
2024-06-27 14:44:32,313 [INFO] IPUIPlugin:80 - create IPUIPlugin
2024-06-27 14:44:32,314 [INFO] PluginManager:220 - loadIPPluginJar : add ucpd
2024-06-27 14:44:32,318 [INFO] IPUIPlugin:80 - create IPUIPlugin
2024-06-27 14:44:32,319 [INFO] PluginManager:220 - loadIPPluginJar : add usart
2024-06-27 14:44:32,326 [INFO] IPUIPlugin:80 - create IPUIPlugin
2024-06-27 14:44:32,326 [INFO] PluginManager:220 - loadIPPluginJar : add usbx
2024-06-27 14:44:32,525 [INFO] CADModel:165 - CPN selected for project level
2024-06-27 14:44:32,525 [INFO] CADModel:114 - Register for checkConnection events
2024-06-27 14:44:32,525 [FATAL] Updater:308 - Updater called before beeing initialized
2024-06-27 14:44:32,526 [ERROR] CADModel:125 - Updater not yet initialized, retry later 
2024-06-27 14:44:32,832 [INFO] CADModel:165 - CPN selected for project level
2024-06-27 14:44:32,832 [INFO] CADModel:114 - Register for checkConnection events
2024-06-27 14:44:32,832 [FATAL] Updater:308 - Updater called before beeing initialized
2024-06-27 14:44:32,832 [ERROR] CADModel:125 - Updater not yet initialized, retry later 
2024-06-27 14:44:32,839 [FATAL] Updater:308 - Updater called before beeing initialized
2024-06-27 14:44:33,060 [FATAL] Updater:308 - Updater called before beeing initialized
2024-06-27 14:44:33,068 [INFO] DbMcusAds:53 - JSON generation date=Wed Nov 29 10:52:27 GMT 2023 (1701255147349)
2024-06-27 14:44:33,068 [FATAL] Updater:308 - Updater called before beeing initialized
2024-06-27 14:44:33,888 [INFO] ThirdPartyUpdaterWithRetryManager:70 - Updater plugin not ready yet. [2/15]
2024-06-27 14:44:33,986 [WARN] DetailPanel:346 - Failed to get advertising image, set to default
2024-06-27 14:44:34,253 [FATAL] Updater:308 - Updater called before beeing initialized
2024-06-27 14:44:34,262 [FATAL] Updater:308 - Updater called before beeing initialized
2024-06-27 14:44:34,262 [FATAL] Updater:308 - Updater called before beeing initialized
2024-06-27 14:44:34,262 [WARN] DetailPanel:346 - Failed to get advertising image, set to default
2024-06-27 14:44:34,264 [FATAL] Updater:308 - Updater called before beeing initialized
2024-06-27 14:44:34,415 [ERROR] Updater:1120 - MainUpdater not yet initialized. External WinMGr cannot be set.
2024-06-27 14:44:34,419 [INFO] Updater:1056 - Updater Version found : 6.11.0
2024-06-27 14:44:34,453 [INFO] ApplicationProperties:184 - Using Application install path: D:\STM32CubeIDE_1.13.0\STM32CubeIDE\plugins\com.st.stm32cube.common.mx_6.11.0.202403141607
2024-06-27 14:44:36,097 [ERROR] LogOutputStream:75 - [STDERR_REDIRECT] Jun 27, 2024 2:44:36 PM java.util.prefs.WindowsPreferences <init>
2024-06-27 14:44:36,101 [ERROR] LogOutputStream:75 - [STDERR_REDIRECT] WARNING: Could not open/create prefs root node Software\JavaSoft\Prefs at root 0xffffffff80000002. Windows RegCreateKeyEx(...) returned error code 5.
2024-06-27 14:44:36,102 [ERROR] LogOutputStream:75 - [STDERR_REDIRECT] 
2024-06-27 14:44:36,889 [FATAL] Updater:308 - Updater called before beeing initialized
2024-06-27 14:44:36,890 [ERROR] IntegrityCheckThread:130 - Cannot retrieve database content from updater: error 21
2024-06-27 14:44:36,891 [INFO] ThirdParty:978 - Integrity check success = false
2024-06-27 14:44:36,891 [INFO] IntegrityCheckThread:100 - exiting critical section [integrity check]
2024-06-27 14:44:36,892 [INFO] IntegrityCheckThread:103 - End integrity checks thread
2024-06-27 14:44:36,983 [INFO] MainUpdater:2873 - connection check result : 10
2024-06-27 14:44:36,984 [INFO] MainUpdater:3567 - Updater definition file requires update
2024-06-27 14:44:36,986 [INFO] MainUpdater:290 - Updater Check For Update Now.
2024-06-27 14:44:36,987 [INFO] MicroXplorer:498 - Change Database Version : DB.6.0.110
2024-06-27 14:44:36,999 [INFO] McuFinderGlobals:63 - Set McuFinder mode to 2 (CubeIDE integrated)
2024-06-27 14:44:37,020 [INFO] UserAuth:415 - Internet connection configuration mode: 1
2024-06-27 14:44:37,092 [INFO] JxBrowserEngine:152 - Initiate JxBrowser Engine with user profile folder
2024-06-27 14:44:37,184 [INFO] ServerAccessManage:473 - Download File updaters.zip
2024-06-27 14:44:37,316 [INFO] FileExtend:240 - Unzip File : updaters.zip
2024-06-27 14:44:37,316 [INFO] FileExtend:255 - Standard Zip Deflate
2024-06-27 14:44:38,197 [INFO] ServerAccessManage:473 - Download File PacksControlFlags.xml
2024-06-27 14:44:38,351 [INFO] ServerAccessManage:473 - Download File cubemx.pidx
2024-06-27 14:44:38,989 [INFO] ServerAccessManage:473 - Download File STMicroelectronics.FP-SNS-MOTENVWB1.pdsc
2024-06-27 14:44:39,401 [INFO] ServerAccessManage:473 - Download File STMicroelectronics.X-CUBE-AI.pdsc
2024-06-27 14:44:40,669 [INFO] ServerAccessManage:473 - Download File STMicroelectronics.X-CUBE-ALS.pdsc
2024-06-27 14:44:40,856 [INFO] WebApp:161 - Instantiating new browser for Auth
2024-06-27 14:44:41,207 [INFO] ServerAccessManage:473 - Download File STMicroelectronics.X-CUBE-FREERTOS.pdsc
2024-06-27 14:44:42,122 [INFO] ServerAccessManage:473 - Download File STMicroelectronics.X-CUBE-TCPP.pdsc
2024-06-27 14:44:42,427 [INFO] ServerAccessManage:473 - Download File STMicroelectronics.X-CUBE-TOUCHGFX.pdsc
2024-06-27 14:44:44,189 [INFO] ServerAccessManage:473 - Download File STMicroelectronics.X-CUBE-ALGOBUILD.pdsc
2024-06-27 14:44:44,697 [INFO] WebApp:779 - Register for checkConnection events
2024-06-27 14:44:44,697 [INFO] WebApp:414 - Apply proxy settings
2024-06-27 14:44:44,697 [INFO] WebApp:499 - Chromium requires no authentication
2024-06-27 14:44:44,712 [INFO] WebApp:442 - Direct internet connection detected
2024-06-27 14:44:44,826 [INFO] ServerAccessManage:473 - Download File STMicroelectronics.X-CUBE-AZRTOS-H7RS.pdsc
2024-06-27 14:44:45,383 [INFO] WebApp:192 - Starting web application
2024-06-27 14:44:45,384 [INFO] WebApp:544 - Web application path used D:\STM32CubeIDE_1.13.0\STM32CubeIDE\plugins\com.st.stm32cube.common.mx_6.11.0.202403141607\db\plugins\mcufinder\reactClient1\index.html
2024-06-27 14:44:45,928 [INFO] ServerAccessManage:473 - Download File wolfSSL.I-CUBE-wolfMQTT.pdsc
2024-06-27 14:44:46,764 [ERROR] ServerAccessManage:1089 - Problem, file not found on Server
2024-06-27 14:44:47,768 [INFO] ServerAccessManage:473 - Download File Cesanta.I-CUBE-Mongoose.pdsc
2024-06-27 14:44:49,309 [WARN] PackLoader:240 - Cannot read IP mode file for STMicroelectronics.FP-SNS-MOTENVWB1.1.4.0
2024-06-27 14:44:49,368 [WARN] PackLoader:240 - Cannot read IP mode file for STMicroelectronics.X-CUBE-AI.9.0.0
2024-06-27 14:44:49,397 [WARN] PackLoader:240 - Cannot read IP mode file for STMicroelectronics.X-CUBE-ALS.1.0.2
2024-06-27 14:44:49,430 [WARN] PackLoader:240 - Cannot read IP mode file for STMicroelectronics.X-CUBE-FREERTOS.1.2.0
2024-06-27 14:44:49,472 [WARN] PackLoader:240 - Cannot read IP mode file for STMicroelectronics.X-CUBE-TCPP.4.1.0
2024-06-27 14:44:49,479 [INFO] CheckServerUpdateThread:120 - End of CheckServer Thread
2024-06-27 14:44:49,491 [WARN] PackLoader:240 - Cannot read IP mode file for STMicroelectronics.X-CUBE-TOUCHGFX.4.24.0
2024-06-27 14:44:49,510 [WARN] PackLoader:240 - Cannot read IP mode file for STMicroelectronics.X-CUBE-ALGOBUILD.1.4.0
2024-06-27 14:44:49,568 [WARN] PackLoader:240 - Cannot read IP mode file for STMicroelectronics.X-CUBE-AZRTOS-H7RS.1.0.0
2024-06-27 14:44:49,586 [WARN] PackLoader:240 - Cannot read IP mode file for wolfSSL.I-CUBE-wolfMQTT.1.19.0
2024-06-27 14:44:49,597 [WARN] PackLoader:240 - Cannot read IP mode file for Cesanta.I-CUBE-Mongoose.7.13.0
2024-06-27 14:44:49,598 [INFO] PopulateThirdPartyThread:66 - Ending populate Thread
2024-06-27 14:44:49,645 [INFO] ThirdParty:1030 - CMSIS Pack Vendor :wolfSSL I-CUBE-wolfMQTT 1.19.0
2024-06-27 14:44:49,645 [INFO] ThirdParty:1030 - CMSIS Pack Vendor :STMicroelectronics X-CUBE-ALS 1.0.2
2024-06-27 14:44:49,645 [INFO] ThirdParty:1030 - CMSIS Pack Vendor :STMicroelectronics X-CUBE-FREERTOS 1.2.0
2024-06-27 14:44:49,645 [INFO] ThirdParty:1030 - CMSIS Pack Vendor :STMicroelectronics X-CUBE-TOUCHGFX 4.24.0
2024-06-27 14:44:49,645 [INFO] ThirdParty:1030 - CMSIS Pack Vendor :Cesanta I-CUBE-Mongoose 7.13.0
2024-06-27 14:44:49,645 [INFO] ThirdParty:1030 - CMSIS Pack Vendor :STMicroelectronics FP-SNS-MOTENVWB1 1.4.0
2024-06-27 14:44:49,645 [INFO] ThirdParty:1030 - CMSIS Pack Vendor :STMicroelectronics X-CUBE-ALGOBUILD 1.4.0
2024-06-27 14:44:49,645 [INFO] ThirdParty:1030 - CMSIS Pack Vendor :STMicroelectronics X-CUBE-AI 9.0.0
2024-06-27 14:44:49,646 [INFO] ThirdParty:1030 - CMSIS Pack Vendor :STMicroelectronics X-CUBE-TCPP 4.1.0
2024-06-27 14:44:49,646 [INFO] ThirdParty:1030 - CMSIS Pack Vendor :STMicroelectronics X-CUBE-AZRTOS-H7RS 1.0.0
2024-06-27 14:44:49,646 [INFO] LoadServerUpdatesThread:375 - End of LoadServerUpdate Thread
