2023-10-10 17:52:06,218 [INFO] Activator:176 - 


2023-10-10 17:52:06,224 [INFO] Activator:177 - !SESSION log4j initialized
2023-10-10 17:52:12,558 [INFO] LogOutputStream:77 - [STDOUT_REDIRECT] 
2023-10-10 17:52:15,288 [INFO] ApplicationProperties:184 - Using Application install path: D:\STM32CubeIDE_1.13.0\STM32CubeIDE\plugins\com.st.stm32cube.common.mx_6.9.0.202307051724
2023-10-10 17:52:15,344 [INFO] DbMcusXml:78 - Set database path to: D:\STM32CubeIDE_1.13.0\STM32CubeIDE\plugins\com.st.stm32cube.common.mx_6.9.0.202307051724\\db\/mcu/
2023-10-10 17:52:15,345 [INFO] ApiDb:274 - Set plugin database path to: D:\STM32CubeIDE_1.13.0\STM32CubeIDE\plugins\com.st.stm32cube.common.mx_6.9.0.202307051724\\db\/plugins/boardmanager/
2023-10-10 17:52:15,347 [WARN] ApiDb:259 - Overriding images path with different value:  => D:\STM32CubeIDE_1.13.0\STM32CubeIDE\plugins\com.st.stm32cube.common.mx_6.9.0.202307051724\\db\/plugins/mcufinder/images/
2023-10-10 17:52:15,384 [INFO] ApiDb:250 - Set database path to: C:\Users\66405\.stmcufinder\plugins\mcufinder//mcu/
2023-10-10 17:52:15,389 [INFO] DbMcusAds:125 - Set database path to: C:\Users\66405\.stmcufinder\plugins\mcufinder//mcu/
2023-10-10 17:52:15,394 [INFO] CrossReferenceDbSqlite:203 - Set database path to: C:\Users\66405\.stmcufinder\plugins\mcufinder//mcu/cs/
2023-10-10 17:52:15,523 [INFO] RulesReader:64 - Compatibility file has been processed (293 Rules)
2023-10-10 17:52:15,646 [INFO] DbMcusXml:78 - Set database path to: D:\STM32CubeIDE_1.13.0\STM32CubeIDE\plugins\com.st.stm32cube.common.mx_6.9.0.202307051724\\db\/mcu/
2023-10-10 17:52:15,646 [INFO] ApiDb:274 - Set plugin database path to: D:\STM32CubeIDE_1.13.0\STM32CubeIDE\plugins\com.st.stm32cube.common.mx_6.9.0.202307051724\\db\/plugins/boardmanager/
2023-10-10 17:52:15,646 [INFO] ApiDb:261 - Set plugin images path to: D:\STM32CubeIDE_1.13.0\STM32CubeIDE\plugins\com.st.stm32cube.common.mx_6.9.0.202307051724\\db\/plugins/mcufinder/images/
2023-10-10 17:52:15,647 [WARN] DbFile:41 - Overriding database path with different value: C:\Users\66405\.stmcufinder\plugins\mcufinder/ => C:\Users\66405\.stmcufinder\plugins\mcufinder
2023-10-10 17:52:15,647 [INFO] ApiDb:250 - Set database path to: C:\Users\66405\.stmcufinder\plugins\mcufinder//mcu/
2023-10-10 17:52:15,647 [WARN] DbFile:41 - Overriding database path with different value: C:\Users\66405\.stmcufinder\plugins\mcufinder/ => C:\Users\66405\.stmcufinder\plugins\mcufinder
2023-10-10 17:52:15,647 [INFO] DbMcusAds:125 - Set database path to: C:\Users\66405\.stmcufinder\plugins\mcufinder//mcu/
2023-10-10 17:52:15,647 [WARN] DbFile:41 - Overriding database path with different value: C:\Users\66405\.stmcufinder\plugins\mcufinder/ => C:\Users\66405\.stmcufinder\plugins\mcufinder
2023-10-10 17:52:15,647 [WARN] DbFile:41 - Overriding database path with different value: C:\Users\66405\.stmcufinder\plugins\mcufinder/ => C:\Users\66405\.stmcufinder\plugins\mcufinder
2023-10-10 17:52:15,647 [INFO] CrossReferenceDbSqlite:203 - Set database path to: C:\Users\66405\.stmcufinder\plugins\mcufinder//mcu/cs/
2023-10-10 17:52:15,745 [INFO] MainPanel:262 - HeapMemory: 268435456
2023-10-10 17:52:15,871 [INFO] DbMcusXml:78 - Set database path to: D:\STM32CubeIDE_1.13.0\STM32CubeIDE\plugins\com.st.stm32cube.common.mx_6.9.0.202307051724\\db\/mcu/
2023-10-10 17:52:15,871 [INFO] ApiDb:274 - Set plugin database path to: D:\STM32CubeIDE_1.13.0\STM32CubeIDE\plugins\com.st.stm32cube.common.mx_6.9.0.202307051724\\db\/plugins/boardmanager/
2023-10-10 17:52:15,871 [INFO] ApiDb:261 - Set plugin images path to: D:\STM32CubeIDE_1.13.0\STM32CubeIDE\plugins\com.st.stm32cube.common.mx_6.9.0.202307051724\\db\/plugins/mcufinder/images/
2023-10-10 17:52:15,871 [WARN] DbFile:41 - Overriding database path with different value: C:\Users\66405\.stmcufinder\plugins\mcufinder/ => C:\Users\66405\.stmcufinder\plugins\mcufinder
2023-10-10 17:52:15,871 [INFO] ApiDb:250 - Set database path to: C:\Users\66405\.stmcufinder\plugins\mcufinder//mcu/
2023-10-10 17:52:15,871 [WARN] DbFile:41 - Overriding database path with different value: C:\Users\66405\.stmcufinder\plugins\mcufinder/ => C:\Users\66405\.stmcufinder\plugins\mcufinder
2023-10-10 17:52:15,872 [INFO] DbMcusAds:125 - Set database path to: C:\Users\66405\.stmcufinder\plugins\mcufinder//mcu/
2023-10-10 17:52:15,872 [WARN] DbFile:41 - Overriding database path with different value: C:\Users\66405\.stmcufinder\plugins\mcufinder/ => C:\Users\66405\.stmcufinder\plugins\mcufinder
2023-10-10 17:52:15,872 [WARN] DbFile:41 - Overriding database path with different value: C:\Users\66405\.stmcufinder\plugins\mcufinder/ => C:\Users\66405\.stmcufinder\plugins\mcufinder
2023-10-10 17:52:15,872 [INFO] CrossReferenceDbSqlite:203 - Set database path to: C:\Users\66405\.stmcufinder\plugins\mcufinder//mcu/cs/
2023-10-10 17:52:15,894 [INFO] ApplicationProperties:184 - Using Application install path: D:\STM32CubeIDE_1.13.0\STM32CubeIDE\plugins\com.st.stm32cube.common.mx_6.9.0.202307051724
2023-10-10 17:52:15,896 [INFO] PluginManage:196 - Search for loadable plugins [exclusion list=, ]
2023-10-10 17:52:15,898 [INFO] PluginManage:310 - Check plugin analytics
2023-10-10 17:52:16,086 [INFO] AnalyticsPlugin:253 - Accepted Software Licenses: 
2023-10-10 17:52:16,087 [INFO] AnalyticsPlugin:255 - Accepted CMSIS Pack Licenses: 
2023-10-10 17:52:16,087 [INFO] AnalyticsPlugin:257 - Accepted Firmware Licenses: FW.L4.1.18.0
2023-10-10 17:52:16,090 [INFO] PluginManage:359 - Loaded plugin analytics (category:tool,tabindex:-1)
2023-10-10 17:52:16,090 [INFO] PluginManage:310 - Check plugin cadmodel
2023-10-10 17:52:16,098 [INFO] CADModel:105 - Init CAD model plugin
2023-10-10 17:52:16,098 [INFO] PluginManage:359 - Loaded plugin cadmodel (category:power,tabindex:5)
2023-10-10 17:52:16,099 [INFO] PluginManage:310 - Check plugin clock
2023-10-10 17:52:16,119 [INFO] PluginManage:359 - Loaded plugin clock (category:base,tabindex:2)
2023-10-10 17:52:16,120 [INFO] PluginManage:310 - Check plugin ddr
2023-10-10 17:52:16,125 [INFO] PluginManage:359 - Loaded plugin ddr (category:tool,tabindex:6)
2023-10-10 17:52:16,125 [INFO] PluginManage:310 - Check plugin filemanager
2023-10-10 17:52:16,360 [INFO] PluginManage:359 - Loaded plugin filemanager (category:base,tabindex:10)
2023-10-10 17:52:16,360 [INFO] PluginManage:310 - Check plugin ipmanager
2023-10-10 17:52:16,379 [INFO] PluginManage:359 - Loaded plugin ipmanager (category:base,tabindex:5)
2023-10-10 17:52:16,379 [INFO] PluginManage:310 - Check plugin lpbam
2023-10-10 17:52:16,395 [INFO] PluginManage:359 - Loaded plugin lpbam (category:base,tabindex:0)
2023-10-10 17:52:16,395 [INFO] PluginManage:310 - Check plugin memorymap
2023-10-10 17:52:16,415 [INFO] PluginManage:359 - Loaded plugin memorymap (category:base,tabindex:4)
2023-10-10 17:52:16,416 [INFO] PluginManage:310 - Check plugin pinoutandconfiguration
2023-10-10 17:52:16,426 [INFO] PluginManage:359 - Loaded plugin pinoutandconfiguration (category:base,tabindex:1)
2023-10-10 17:52:16,426 [INFO] PluginManage:310 - Check plugin pinoutconfig
2023-10-10 17:52:16,541 [WARN] SupportedApi:132 - Cannot load RTOS API schema: s4s-elt-must-match.1: The content of 'definitions' must match (annotation?, (simpleType | complexType)?, (unique | key | keyref)*)). A problem was found starting at: attribute.
2023-10-10 17:52:16,732 [INFO] PluginManage:359 - Loaded plugin pinoutconfig (category:base,tabindex:0)
2023-10-10 17:52:16,732 [INFO] PluginManage:310 - Check plugin power
2023-10-10 17:52:16,748 [INFO] PluginManage:359 - Loaded plugin power (category:power,tabindex:4)
2023-10-10 17:52:16,749 [INFO] PluginManage:310 - Check plugin projectmanager
2023-10-10 17:52:16,768 [INFO] PluginManage:359 - Loaded plugin projectmanager (category:projectmanager,tabindex:3)
2023-10-10 17:52:16,768 [INFO] PluginManage:310 - Check plugin thirdparty
2023-10-10 17:52:16,993 [INFO] PluginManage:359 - Loaded plugin thirdparty (category:base,tabindex:-1)
2023-10-10 17:52:16,992 [WARN] IntegrityCheckThread:84 - waiting for thirdparty lock release [integrity check]
2023-10-10 17:52:16,993 [INFO] PluginManage:310 - Check plugin tools
2023-10-10 17:52:16,993 [INFO] IntegrityCheckThread:86 - entering critical section [integrity check]
2023-10-10 17:52:16,994 [INFO] ThirdPartyUpdaterWithRetryManager:70 - Updater plugin not ready yet. [1/15]
2023-10-10 17:52:16,997 [INFO] PluginManage:359 - Loaded plugin tools (category:base,tabindex:7)
2023-10-10 17:52:16,998 [INFO] PluginManage:310 - Check plugin tutovideos
2023-10-10 17:52:17,370 [INFO] PluginManage:359 - Loaded plugin tutovideos (category:base,tabindex:-1)
2023-10-10 17:52:17,371 [INFO] PluginManage:310 - Check plugin updater
2023-10-10 17:52:17,393 [INFO] PluginManage:359 - Loaded plugin updater (category:base,tabindex:12)
2023-10-10 17:52:17,393 [INFO] PluginManage:310 - Check plugin userauth
2023-10-10 17:52:17,401 [INFO] UserAuth:113 - Init User Auth plugin
2023-10-10 17:52:17,402 [INFO] PluginManage:359 - Loaded plugin userauth (category:base,tabindex:14)
2023-10-10 17:52:17,403 [INFO] PluginManage:283 - PluginManage : Loaded plugins [17]
2023-10-10 17:52:17,802 [INFO] PinOutPanel:1499 - setPackage(No Configuration,No Configuration)
2023-10-10 17:52:17,992 [INFO] CADModel:165 - CPN selected for project level
2023-10-10 17:52:17,992 [INFO] CADModel:114 - Register for checkConnection events
2023-10-10 17:52:18,024 [INFO] IPUIPlugin:80 - create IPUIPlugin
2023-10-10 17:52:18,024 [INFO] PluginManager:220 - loadIPPluginJar : add adc
2023-10-10 17:52:18,029 [INFO] IPUIPlugin:80 - create IPUIPlugin
2023-10-10 17:52:18,029 [INFO] PluginManager:220 - loadIPPluginJar : add aes
2023-10-10 17:52:18,034 [INFO] IPUIPlugin:80 - create IPUIPlugin
2023-10-10 17:52:18,035 [INFO] PluginManager:220 - loadIPPluginJar : add can
2023-10-10 17:52:18,038 [INFO] IPUIPlugin:80 - create IPUIPlugin
2023-10-10 17:52:18,038 [INFO] PluginManager:220 - loadIPPluginJar : add comp
2023-10-10 17:52:18,041 [INFO] IPUIPlugin:80 - create IPUIPlugin
2023-10-10 17:52:18,041 [INFO] PluginManager:220 - loadIPPluginJar : add cryp
2023-10-10 17:52:18,044 [INFO] IPUIPlugin:80 - create IPUIPlugin
2023-10-10 17:52:18,044 [INFO] PluginManager:220 - loadIPPluginJar : add dfsdm
2023-10-10 17:52:18,052 [INFO] IPUIPlugin:80 - create IPUIPlugin
2023-10-10 17:52:18,052 [INFO] PluginManager:220 - loadIPPluginJar : add dma
2023-10-10 17:52:18,056 [INFO] IPUIPlugin:80 - create IPUIPlugin
2023-10-10 17:52:18,056 [INFO] PluginManager:220 - loadIPPluginJar : add dma3
2023-10-10 17:52:18,059 [INFO] IPUIPlugin:80 - create IPUIPlugin
2023-10-10 17:52:18,059 [INFO] PluginManager:220 - loadIPPluginJar : add fatfs
2023-10-10 17:52:18,064 [INFO] IPUIPlugin:80 - create IPUIPlugin
2023-10-10 17:52:18,064 [INFO] PluginManager:220 - loadIPPluginJar : add fmc
2023-10-10 17:52:18,071 [INFO] IPUIPlugin:80 - create IPUIPlugin
2023-10-10 17:52:18,071 [INFO] PluginManager:220 - loadIPPluginJar : add freertos
2023-10-10 17:52:18,073 [INFO] IPUIPlugin:80 - create IPUIPlugin
2023-10-10 17:52:18,073 [INFO] PluginManager:220 - loadIPPluginJar : add genericplugin
2023-10-10 17:52:18,076 [INFO] IPUIPlugin:80 - create IPUIPlugin
2023-10-10 17:52:18,076 [INFO] PluginManager:220 - loadIPPluginJar : add gfxmmu
2023-10-10 17:52:18,081 [INFO] IPUIPlugin:80 - create IPUIPlugin
2023-10-10 17:52:18,081 [INFO] PluginManager:220 - loadIPPluginJar : add gic
2023-10-10 17:52:18,087 [INFO] IPUIPlugin:80 - create IPUIPlugin
2023-10-10 17:52:18,088 [INFO] PluginManager:220 - loadIPPluginJar : add gpio
2023-10-10 17:52:18,091 [INFO] IPUIPlugin:80 - create IPUIPlugin
2023-10-10 17:52:18,091 [INFO] PluginManager:220 - loadIPPluginJar : add gtzc
2023-10-10 17:52:18,094 [INFO] IPUIPlugin:80 - create IPUIPlugin
2023-10-10 17:52:18,094 [INFO] PluginManager:220 - loadIPPluginJar : add hash
2023-10-10 17:52:18,098 [INFO] IPUIPlugin:80 - create IPUIPlugin
2023-10-10 17:52:18,098 [INFO] PluginManager:220 - loadIPPluginJar : add i2c
2023-10-10 17:52:18,103 [INFO] IPUIPlugin:80 - create IPUIPlugin
2023-10-10 17:52:18,103 [INFO] PluginManager:220 - loadIPPluginJar : add i2s
2023-10-10 17:52:18,108 [INFO] IPUIPlugin:80 - create IPUIPlugin
2023-10-10 17:52:18,108 [INFO] PluginManager:220 - loadIPPluginJar : add i3c
2023-10-10 17:52:18,114 [INFO] IPUIPlugin:80 - create IPUIPlugin
2023-10-10 17:52:18,114 [INFO] PluginManager:220 - loadIPPluginJar : add ipddr
2023-10-10 17:52:18,126 [INFO] IPUIPlugin:80 - create IPUIPlugin
2023-10-10 17:52:18,126 [INFO] PluginManager:220 - loadIPPluginJar : add linkedlist
2023-10-10 17:52:18,131 [INFO] IPUIPlugin:80 - create IPUIPlugin
2023-10-10 17:52:18,132 [INFO] PluginManager:220 - loadIPPluginJar : add lorawan
2023-10-10 17:52:18,137 [INFO] IPUIPlugin:80 - create IPUIPlugin
2023-10-10 17:52:18,137 [INFO] PluginManager:220 - loadIPPluginJar : add ltdc
2023-10-10 17:52:18,149 [INFO] IPUIPlugin:80 - create IPUIPlugin
2023-10-10 17:52:18,150 [INFO] PluginManager:220 - loadIPPluginJar : add mdma
2023-10-10 17:52:18,157 [INFO] IPUIPlugin:80 - create IPUIPlugin
2023-10-10 17:52:18,157 [INFO] PluginManager:220 - loadIPPluginJar : add nvic
2023-10-10 17:52:18,162 [INFO] IPUIPlugin:80 - create IPUIPlugin
2023-10-10 17:52:18,162 [INFO] PluginManager:220 - loadIPPluginJar : add opamp
2023-10-10 17:52:18,168 [INFO] IPUIPlugin:80 - create IPUIPlugin
2023-10-10 17:52:18,168 [INFO] PluginManager:220 - loadIPPluginJar : add openamp
2023-10-10 17:52:18,174 [INFO] IPUIPlugin:80 - create IPUIPlugin
2023-10-10 17:52:18,175 [INFO] PluginManager:220 - loadIPPluginJar : add pdm2pcm
2023-10-10 17:52:18,186 [INFO] IPUIPlugin:80 - create IPUIPlugin
2023-10-10 17:52:18,189 [INFO] PluginManager:220 - loadIPPluginJar : add plateformsettings
2023-10-10 17:52:18,191 [INFO] IPUIPlugin:80 - create IPUIPlugin
2023-10-10 17:52:18,192 [INFO] PluginManager:220 - loadIPPluginJar : add quadspi
2023-10-10 17:52:18,198 [INFO] IPUIPlugin:80 - create IPUIPlugin
2023-10-10 17:52:18,199 [INFO] PluginManager:220 - loadIPPluginJar : add resmgrutility
2023-10-10 17:52:18,204 [INFO] IPUIPlugin:80 - create IPUIPlugin
2023-10-10 17:52:18,204 [INFO] PluginManager:220 - loadIPPluginJar : add sai
2023-10-10 17:52:18,210 [INFO] IPUIPlugin:80 - create IPUIPlugin
2023-10-10 17:52:18,210 [INFO] PluginManager:220 - loadIPPluginJar : add spi
2023-10-10 17:52:18,219 [INFO] IPUIPlugin:80 - create IPUIPlugin
2023-10-10 17:52:18,220 [INFO] PluginManager:220 - loadIPPluginJar : add stm32_wpan
2023-10-10 17:52:18,224 [INFO] IPUIPlugin:80 - create IPUIPlugin
2023-10-10 17:52:18,224 [INFO] PluginManager:220 - loadIPPluginJar : add tim
2023-10-10 17:52:18,230 [INFO] IPUIPlugin:80 - create IPUIPlugin
2023-10-10 17:52:18,231 [INFO] PluginManager:220 - loadIPPluginJar : add touchsensing
2023-10-10 17:52:18,235 [INFO] IPUIPlugin:80 - create IPUIPlugin
2023-10-10 17:52:18,235 [INFO] PluginManager:220 - loadIPPluginJar : add tracer_emb
2023-10-10 17:52:18,239 [INFO] IPUIPlugin:80 - create IPUIPlugin
2023-10-10 17:52:18,240 [INFO] PluginManager:220 - loadIPPluginJar : add ts
2023-10-10 17:52:18,243 [INFO] IPUIPlugin:80 - create IPUIPlugin
2023-10-10 17:52:18,244 [INFO] PluginManager:220 - loadIPPluginJar : add tsc
2023-10-10 17:52:18,253 [INFO] IPUIPlugin:80 - create IPUIPlugin
2023-10-10 17:52:18,253 [INFO] PluginManager:220 - loadIPPluginJar : add ucpd
2023-10-10 17:52:18,262 [INFO] IPUIPlugin:80 - create IPUIPlugin
2023-10-10 17:52:18,263 [INFO] PluginManager:220 - loadIPPluginJar : add usart
2023-10-10 17:52:18,269 [INFO] IPUIPlugin:80 - create IPUIPlugin
2023-10-10 17:52:18,269 [INFO] PluginManager:220 - loadIPPluginJar : add usbx
2023-10-10 17:52:18,463 [INFO] CADModel:165 - CPN selected for project level
2023-10-10 17:52:18,463 [INFO] CADModel:114 - Register for checkConnection events
2023-10-10 17:52:18,464 [FATAL] Updater:308 - Updater called before beeing initialized
2023-10-10 17:52:18,464 [ERROR] CADModel:125 - Updater not yet initialized, retry later 
2023-10-10 17:52:18,703 [INFO] CADModel:165 - CPN selected for project level
2023-10-10 17:52:18,704 [INFO] CADModel:114 - Register for checkConnection events
2023-10-10 17:52:18,704 [FATAL] Updater:308 - Updater called before beeing initialized
2023-10-10 17:52:18,704 [ERROR] CADModel:125 - Updater not yet initialized, retry later 
2023-10-10 17:52:18,711 [FATAL] Updater:308 - Updater called before beeing initialized
2023-10-10 17:52:18,914 [FATAL] Updater:308 - Updater called before beeing initialized
2023-10-10 17:52:18,923 [INFO] DbMcusAds:53 - JSON generation date=Tue Mar 07 08:50:55 GMT 2023 (1678179055114)
2023-10-10 17:52:18,923 [FATAL] Updater:308 - Updater called before beeing initialized
2023-10-10 17:52:19,002 [WARN] DetailPanel:346 - Failed to get advertising image, set to default
2023-10-10 17:52:19,111 [FATAL] Updater:308 - Updater called before beeing initialized
2023-10-10 17:52:19,113 [FATAL] Updater:308 - Updater called before beeing initialized
2023-10-10 17:52:19,113 [FATAL] Updater:308 - Updater called before beeing initialized
2023-10-10 17:52:19,113 [WARN] DetailPanel:346 - Failed to get advertising image, set to default
2023-10-10 17:52:19,114 [FATAL] Updater:308 - Updater called before beeing initialized
2023-10-10 17:52:19,170 [ERROR] Updater:1120 - MainUpdater not yet initialized. External WinMGr cannot be set.
2023-10-10 17:52:19,173 [INFO] Updater:1056 - Updater Version found : 6.9.0
2023-10-10 17:52:19,197 [INFO] ApplicationProperties:184 - Using Application install path: D:\STM32CubeIDE_1.13.0\STM32CubeIDE\plugins\com.st.stm32cube.common.mx_6.9.0.202307051724
2023-10-10 17:52:19,361 [INFO] MainUpdater:2868 - connection check result : 10
2023-10-10 17:52:19,362 [INFO] MainUpdater:3562 - Updater definition file requires update
2023-10-10 17:52:19,364 [INFO] MainUpdater:285 - Updater Check For Update Now.
2023-10-10 17:52:19,364 [INFO] MicroXplorer:498 - Change Database Version : DB.6.0.90
2023-10-10 17:52:19,373 [INFO] McuFinderGlobals:63 - Set McuFinder mode to 2 (CubeIDE integrated)
2023-10-10 17:52:19,526 [INFO] ServerAccessManage:473 - Download File updaters.zip
2023-10-10 17:52:19,605 [INFO] FileExtend:240 - Unzip File : updaters.zip
2023-10-10 17:52:19,606 [INFO] FileExtend:255 - Standard Zip Deflate
2023-10-10 17:52:19,997 [WARN] MainUpdater:1189 - Updater busy. Cannot search thirdparties
2023-10-10 17:52:19,997 [INFO] ThirdPartyUpdaterWithRetryManager:96 - Updater plugin is busy. [1/15]
2023-10-10 17:52:20,200 [INFO] ServerAccessManage:473 - Download File PacksControlFlags.xml
2023-10-10 17:52:20,296 [INFO] ServerAccessManage:473 - Download File cubemx.pidx
2023-10-10 17:52:21,687 [ERROR] ServerAccessManage:1096 - Problem, Http access forbiden
2023-10-10 17:52:21,688 [ERROR] ServerAccessManage:651 - Problem, Http access forbiden : RoweBots.I-CUBE-UNISONRTOS.pdsc.
2023-10-10 17:52:22,390 [INFO] ServerAccessManage:473 - Download File Infineon.AIROC-Wi-Fi-Bluetooth-STM32.pdsc
2023-10-10 17:52:22,998 [WARN] MainUpdater:1189 - Updater busy. Cannot search thirdparties
2023-10-10 17:52:22,998 [INFO] ThirdPartyUpdaterWithRetryManager:96 - Updater plugin is busy. [2/15]
2023-10-10 17:52:23,358 [WARN] PackLoader:240 - Cannot read IP mode file for Infineon.AIROC-Wi-Fi-Bluetooth-STM32.1.5.1
2023-10-10 17:52:23,366 [INFO] PopulateThirdPartyThread:66 - Ending populate Thread
2023-10-10 17:52:23,369 [INFO] ThirdParty:1030 - CMSIS Pack Vendor :Infineon AIROC-Wi-Fi-Bluetooth-STM32 1.5.1
2023-10-10 17:52:23,369 [INFO] LoadServerUpdatesThread:373 - End of LoadServerUpdate Thread
2023-10-10 17:52:23,459 [INFO] CheckServerUpdateThread:120 - End of CheckServer Thread
2023-10-10 17:52:26,170 [WARN] PackLoader:240 - Cannot read IP mode file for STMicroelectronics.X-CUBE-SMBUS.2.1.0
2023-10-10 17:52:26,189 [WARN] PackLoader:240 - Cannot read IP mode file for STMicroelectronics.X-CUBE-AZRTOS-F7.1.1.0
2023-10-10 17:52:26,201 [WARN] PackLoader:240 - Cannot read IP mode file for STMicroelectronics.FP-SNS-MOTENV1.4.3.2
2023-10-10 17:52:26,211 [WARN] PackLoader:240 - Cannot read IP mode file for STMicroelectronics.X-CUBE-BLE1.6.2.4
2023-10-10 17:52:26,217 [WARN] PackLoader:240 - Cannot read IP mode file for STMicroelectronics.FP-SNS-FLIGHT1.5.0.2
2023-10-10 17:52:26,224 [WARN] PackLoader:240 - Cannot read IP mode file for STMicroelectronics.X-CUBE-DISPLAY.3.0.0
2023-10-10 17:52:26,232 [WARN] PackLoader:240 - Cannot read IP mode file for STMicroelectronics.X-CUBE-BLE1.7.0.0
2023-10-10 17:52:26,238 [WARN] PackLoader:240 - Cannot read IP mode file for emotas.I-CUBE-CANOPEN.1.3.0
2023-10-10 17:52:26,244 [WARN] PackLoader:240 - Cannot read IP mode file for STMicroelectronics.X-CUBE-TOUCHGFX.4.22.0
2023-10-10 17:52:26,248 [WARN] PackLoader:240 - Cannot read IP mode file for STMicroelectronics.X-CUBE-TOUCHGFX.4.22.1
2023-10-10 17:52:26,253 [WARN] PackLoader:240 - Cannot read IP mode file for STMicroelectronics.FP-SNS-SMARTAG2.1.2.0
2023-10-10 17:52:26,264 [INFO] LogOutputStream:77 - [STDOUT_REDIRECT] 1 : Invalid condition id : UX_CORESTACK_Condition cause : null
2023-10-10 17:52:26,265 [INFO] LogOutputStream:77 - [STDOUT_REDIRECT] 1 : Invalid condition id : UX_CORESTACK_Condition cause : null
2023-10-10 17:52:26,266 [INFO] LogOutputStream:77 - [STDOUT_REDIRECT] 1 : Invalid condition id : UX_CORESTACK_Condition cause : null
2023-10-10 17:52:26,268 [INFO] LogOutputStream:77 - [STDOUT_REDIRECT] 1 : Invalid condition id : UX_CORESTACK_Condition cause : null
2023-10-10 17:52:26,269 [INFO] LogOutputStream:77 - [STDOUT_REDIRECT] 1 : Invalid condition id : UX_CORESTACK_Condition cause : null
2023-10-10 17:52:26,273 [WARN] PackLoader:240 - Cannot read IP mode file for STMicroelectronics.X-CUBE-AZRTOS-WL.2.0.0
2023-10-10 17:52:26,281 [WARN] PackLoader:240 - Cannot read IP mode file for WES.I-CUBE-Cesium.1.3.0
2023-10-10 17:52:26,287 [WARN] PackLoader:240 - Cannot read IP mode file for STMicroelectronics.X-CUBE-BLE2.3.3.0
2023-10-10 17:52:26,294 [WARN] PackLoader:240 - Cannot read IP mode file for STMicroelectronics.X-CUBE-ALGOBUILD.1.3.0
2023-10-10 17:52:26,309 [WARN] PackLoader:240 - Cannot read IP mode file for STMicroelectronics.X-CUBE-AZRTOS-G0.1.1.0
2023-10-10 17:52:26,317 [WARN] PackLoader:240 - Cannot read IP mode file for STMicroelectronics.X-CUBE-NFC4.3.0.0
2023-10-10 17:52:26,324 [WARN] PackLoader:240 - Cannot read IP mode file for STMicroelectronics.FP-ATR-SIGFOX1.3.2.0
2023-10-10 17:52:26,347 [WARN] PackLoader:240 - Cannot read IP mode file for SEGGER.I-CUBE-embOS.1.3.1
2023-10-10 17:52:26,379 [WARN] PackLoader:240 - Cannot read IP mode file for STMicroelectronics.X-CUBE-GNSS1.6.0.0
2023-10-10 17:52:26,394 [WARN] PackLoader:240 - Cannot read IP mode file for STMicroelectronics.X-CUBE-AZRTOS-F4.1.1.0
2023-10-10 17:52:26,402 [WARN] PackLoader:240 - Cannot read IP mode file for wolfSSL.I-CUBE-wolfSSL.5.6.3
2023-10-10 17:52:26,416 [WARN] PackLoader:240 - Cannot read IP mode file for STMicroelectronics.X-CUBE-AZRTOS-L5.2.0.0
2023-10-10 17:52:26,448 [WARN] PackLoader:240 - Cannot read IP mode file for STMicroelectronics.X-CUBE-MEMS1.9.6.0
2023-10-10 17:52:26,568 [WARN] PackLoader:240 - Cannot read IP mode file for ITTIA_DB.I-CUBE-ITTIADB.8.8.0
2023-10-10 17:52:26,575 [WARN] PackLoader:240 - Cannot read IP mode file for STMicroelectronics.X-CUBE-BLEMGR.2.0.0
2023-10-10 17:52:26,589 [WARN] ConditionMgr:438 - getConditionDescription Invalid condition id : UX DEVICE CLASS RTOS Condition cause : null
2023-10-10 17:52:26,589 [WARN] ConditionMgr:438 - getConditionDescription Invalid condition id : UX DEVICE CLASS RTOS Condition cause : null
2023-10-10 17:52:26,591 [WARN] PackLoader:240 - Cannot read IP mode file for STMicroelectronics.X-CUBE-AZRTOS-H7.3.1.0
2023-10-10 17:52:26,592 [WARN] ConditionMgr:1039 - genDependencies : Invalid condition id : UX DEVICE CLASS RTOS Condition cause : null
2023-10-10 17:52:26,592 [WARN] ConditionMgr:1039 - genDependencies : Invalid condition id : UX DEVICE CLASS RTOS Condition cause : null
2023-10-10 17:52:26,592 [WARN] ConditionMgr:1039 - genDependencies : Invalid condition id : UX DEVICE CLASS RTOS Condition cause : null
2023-10-10 17:52:26,593 [WARN] ConditionMgr:1039 - genDependencies : Invalid condition id : UX DEVICE CLASS RTOS Condition cause : null
2023-10-10 17:52:26,593 [WARN] ConditionMgr:1039 - genDependencies : Invalid condition id : UX DEVICE CLASS RTOS Condition cause : null
2023-10-10 17:52:26,599 [WARN] PackLoader:240 - Cannot read IP mode file for STMicroelectronics.X-CUBE-NFC7.1.0.1
2023-10-10 17:52:26,608 [WARN] PackLoader:240 - Cannot read IP mode file for STMicroelectronics.X-CUBE-NFC6.3.0.0
2023-10-10 17:52:26,615 [WARN] PackLoader:240 - Cannot read IP mode file for STMicroelectronics.X-CUBE-EEPRMA1.4.1.0
2023-10-10 17:52:26,622 [WARN] PackLoader:240 - Cannot read IP mode file for STMicroelectronics.X-CUBE-AI.8.1.0
2023-10-10 17:52:26,637 [WARN] ConditionMgr:438 - getConditionDescription Invalid condition id : LAN8742 Phy interface Condition cause : null
2023-10-10 17:52:26,638 [WARN] PackLoader:240 - Cannot read IP mode file for STMicroelectronics.X-CUBE-AZRTOS-L4.2.0.0
2023-10-10 17:52:26,639 [WARN] ConditionMgr:1039 - genDependencies : Invalid condition id : LAN8742 Phy interface Condition cause : null
2023-10-10 17:52:26,639 [WARN] ConditionMgr:1039 - genDependencies : Invalid condition id : LAN8742 Phy interface Condition cause : null
2023-10-10 17:52:26,639 [WARN] ConditionMgr:1039 - genDependencies : Invalid condition id : LAN8742 Phy interface Condition cause : null
2023-10-10 17:52:26,648 [WARN] PackLoader:240 - Cannot read IP mode file for STMicroelectronics.X-CUBE-SFXS2LP1.4.0.0
2023-10-10 17:52:26,655 [WARN] PackLoader:240 - Cannot read IP mode file for STMicroelectronics.X-CUBE-ISPU.1.1.0
2023-10-10 17:52:26,666 [WARN] ConditionMgr:438 - getConditionDescription Invalid condition id : UX DEVICE CLASS RTOS Condition cause : null
2023-10-10 17:52:26,666 [WARN] ConditionMgr:438 - getConditionDescription Invalid condition id : UX DEVICE CLASS RTOS Condition cause : null
2023-10-10 17:52:26,668 [WARN] PackLoader:240 - Cannot read IP mode file for STMicroelectronics.X-CUBE-AZRTOS-WB.2.0.0
2023-10-10 17:52:26,669 [WARN] ConditionMgr:1039 - genDependencies : Invalid condition id : UX DEVICE CLASS RTOS Condition cause : null
2023-10-10 17:52:26,669 [WARN] ConditionMgr:1039 - genDependencies : Invalid condition id : UX DEVICE CLASS RTOS Condition cause : null
2023-10-10 17:52:26,669 [WARN] ConditionMgr:1039 - genDependencies : Invalid condition id : UX DEVICE CLASS RTOS Condition cause : null
2023-10-10 17:52:26,669 [WARN] ConditionMgr:1039 - genDependencies : Invalid condition id : UX DEVICE CLASS RTOS Condition cause : null
2023-10-10 17:52:26,670 [WARN] ConditionMgr:1039 - genDependencies : Invalid condition id : UX DEVICE CLASS RTOS Condition cause : null
2023-10-10 17:52:26,676 [WARN] PackLoader:240 - Cannot read IP mode file for STMicroelectronics.X-CUBE-FREERTOS.1.0.1
2023-10-10 17:52:26,690 [WARN] PackLoader:240 - Cannot read IP mode file for STMicroelectronics.X-CUBE-AZRTOS-L5.1.1.0
2023-10-10 17:52:26,696 [WARN] PackLoader:240 - Cannot read IP mode file for STMicroelectronics.X-CUBE-AI.8.0.1
2023-10-10 17:52:26,704 [WARN] PackLoader:240 - Cannot read IP mode file for STMicroelectronics.X-CUBE-SUBG2.5.0.0
2023-10-10 17:52:26,717 [WARN] PackLoader:240 - Cannot read IP mode file for STMicroelectronics.X-CUBE-TOF1.3.3.1
2023-10-10 17:52:26,754 [WARN] PackLoader:240 - Cannot read IP mode file for STMicroelectronics.X-CUBE-AZRTOS-G4.2.0.0
2023-10-10 17:52:26,771 [WARN] PackLoader:240 - Cannot read IP mode file for Infineon.AIROC-Wi-Fi-Bluetooth-STM32.1.5.1
2023-10-10 17:52:26,780 [WARN] PackLoader:240 - Cannot read IP mode file for STMicroelectronics.X-CUBE-FREERTOS.1.1.0
2023-10-10 17:52:26,789 [WARN] PackLoader:240 - Cannot read IP mode file for portGmbH.I-Cube-SoM-uGOAL.1.1.0
2023-10-10 17:52:26,796 [WARN] PackLoader:240 - Cannot read IP mode file for STMicroelectronics.X-CUBE-ALS.1.0.1
2023-10-10 17:52:26,818 [WARN] PackLoader:240 - Cannot read IP mode file for STMicroelectronics.X-CUBE-AZRTOS-WB.1.1.0
2023-10-10 17:52:26,829 [WARN] PackLoader:240 - Cannot read IP mode file for STMicroelectronics.FP-ATR-ASTRA1.2.0.0
2023-10-10 17:52:26,831 [INFO] ThirdParty:978 - Integrity check success = true
2023-10-10 17:52:26,831 [INFO] IntegrityCheckThread:100 - exiting critical section [integrity check]
2023-10-10 17:52:26,831 [INFO] IntegrityCheckThread:103 - End integrity checks thread
2023-10-10 17:52:40,295 [ERROR] LogOutputStream:75 - [STDERR_REDIRECT] SLF4J: Failed to load class "org.slf4j.impl.StaticLoggerBinder".
2023-10-10 17:52:40,295 [ERROR] LogOutputStream:75 - [STDERR_REDIRECT] SLF4J: Defaulting to no-operation (NOP) logger implementation
2023-10-10 17:52:40,296 [ERROR] LogOutputStream:75 - [STDERR_REDIRECT] SLF4J: See http://www.slf4j.org/codes.html#StaticLoggerBinder for further details.
