2024-09-08 16:52:46,372 [INFO] Activator:176 - 


2024-09-08 16:52:46,380 [INFO] Activator:177 - !SESSION log4j initialized
2024-09-08 16:52:52,306 [INFO] LogOutputStream:77 - [STDOUT_REDIRECT] 
2024-09-08 16:52:58,365 [INFO] ApplicationProperties:184 - Using Application install path: D:\STM32CubeIDE_1.13.0\STM32CubeIDE\plugins\com.st.stm32cube.common.mx_6.11.0.202403141607
2024-09-08 16:52:58,386 [INFO] DbMcusXml:78 - Set database path to: D:\STM32CubeIDE_1.13.0\STM32CubeIDE\plugins\com.st.stm32cube.common.mx_6.11.0.202403141607\\db\/mcu/
2024-09-08 16:52:58,386 [INFO] ApiDb:274 - Set plugin database path to: D:\STM32CubeIDE_1.13.0\STM32CubeIDE\plugins\com.st.stm32cube.common.mx_6.11.0.202403141607\\db\/plugins/boardmanager/
2024-09-08 16:52:58,387 [WARN] ApiDb:259 - Overriding images path with different value:  => D:\STM32CubeIDE_1.13.0\STM32CubeIDE\plugins\com.st.stm32cube.common.mx_6.11.0.202403141607\\db\/plugins/mcufinder/images/
2024-09-08 16:52:58,398 [INFO] ApiDb:250 - Set database path to: C:\Users\66405\.stmcufinder\plugins\mcufinder//mcu/
2024-09-08 16:52:58,399 [INFO] DbMcusAds:125 - Set database path to: C:\Users\66405\.stmcufinder\plugins\mcufinder//mcu/
2024-09-08 16:52:58,401 [INFO] CrossReferenceDbSqlite:203 - Set database path to: C:\Users\66405\.stmcufinder\plugins\mcufinder//mcu/cs/
2024-09-08 16:52:58,515 [INFO] RulesReader:64 - Compatibility file has been processed (297 Rules)
2024-09-08 16:52:58,607 [INFO] DbMcusXml:78 - Set database path to: D:\STM32CubeIDE_1.13.0\STM32CubeIDE\plugins\com.st.stm32cube.common.mx_6.11.0.202403141607\\db\/mcu/
2024-09-08 16:52:58,607 [INFO] ApiDb:274 - Set plugin database path to: D:\STM32CubeIDE_1.13.0\STM32CubeIDE\plugins\com.st.stm32cube.common.mx_6.11.0.202403141607\\db\/plugins/boardmanager/
2024-09-08 16:52:58,607 [INFO] ApiDb:261 - Set plugin images path to: D:\STM32CubeIDE_1.13.0\STM32CubeIDE\plugins\com.st.stm32cube.common.mx_6.11.0.202403141607\\db\/plugins/mcufinder/images/
2024-09-08 16:52:58,607 [WARN] DbFile:41 - Overriding database path with different value: C:\Users\66405\.stmcufinder\plugins\mcufinder/ => C:\Users\66405\.stmcufinder\plugins\mcufinder
2024-09-08 16:52:58,607 [INFO] ApiDb:250 - Set database path to: C:\Users\66405\.stmcufinder\plugins\mcufinder//mcu/
2024-09-08 16:52:58,607 [WARN] DbFile:41 - Overriding database path with different value: C:\Users\66405\.stmcufinder\plugins\mcufinder/ => C:\Users\66405\.stmcufinder\plugins\mcufinder
2024-09-08 16:52:58,607 [INFO] DbMcusAds:125 - Set database path to: C:\Users\66405\.stmcufinder\plugins\mcufinder//mcu/
2024-09-08 16:52:58,607 [WARN] DbFile:41 - Overriding database path with different value: C:\Users\66405\.stmcufinder\plugins\mcufinder/ => C:\Users\66405\.stmcufinder\plugins\mcufinder
2024-09-08 16:52:58,607 [WARN] DbFile:41 - Overriding database path with different value: C:\Users\66405\.stmcufinder\plugins\mcufinder/ => C:\Users\66405\.stmcufinder\plugins\mcufinder
2024-09-08 16:52:58,607 [INFO] CrossReferenceDbSqlite:203 - Set database path to: C:\Users\66405\.stmcufinder\plugins\mcufinder//mcu/cs/
2024-09-08 16:52:58,690 [INFO] MainPanel:264 - HeapMemory: 268435456
2024-09-08 16:52:58,797 [INFO] DbMcusXml:78 - Set database path to: D:\STM32CubeIDE_1.13.0\STM32CubeIDE\plugins\com.st.stm32cube.common.mx_6.11.0.202403141607\\db\/mcu/
2024-09-08 16:52:58,797 [INFO] ApiDb:274 - Set plugin database path to: D:\STM32CubeIDE_1.13.0\STM32CubeIDE\plugins\com.st.stm32cube.common.mx_6.11.0.202403141607\\db\/plugins/boardmanager/
2024-09-08 16:52:58,797 [INFO] ApiDb:261 - Set plugin images path to: D:\STM32CubeIDE_1.13.0\STM32CubeIDE\plugins\com.st.stm32cube.common.mx_6.11.0.202403141607\\db\/plugins/mcufinder/images/
2024-09-08 16:52:58,798 [WARN] DbFile:41 - Overriding database path with different value: C:\Users\66405\.stmcufinder\plugins\mcufinder/ => C:\Users\66405\.stmcufinder\plugins\mcufinder
2024-09-08 16:52:58,798 [INFO] ApiDb:250 - Set database path to: C:\Users\66405\.stmcufinder\plugins\mcufinder//mcu/
2024-09-08 16:52:58,798 [WARN] DbFile:41 - Overriding database path with different value: C:\Users\66405\.stmcufinder\plugins\mcufinder/ => C:\Users\66405\.stmcufinder\plugins\mcufinder
2024-09-08 16:52:58,798 [INFO] DbMcusAds:125 - Set database path to: C:\Users\66405\.stmcufinder\plugins\mcufinder//mcu/
2024-09-08 16:52:58,798 [WARN] DbFile:41 - Overriding database path with different value: C:\Users\66405\.stmcufinder\plugins\mcufinder/ => C:\Users\66405\.stmcufinder\plugins\mcufinder
2024-09-08 16:52:58,798 [WARN] DbFile:41 - Overriding database path with different value: C:\Users\66405\.stmcufinder\plugins\mcufinder/ => C:\Users\66405\.stmcufinder\plugins\mcufinder
2024-09-08 16:52:58,798 [INFO] CrossReferenceDbSqlite:203 - Set database path to: C:\Users\66405\.stmcufinder\plugins\mcufinder//mcu/cs/
2024-09-08 16:52:58,818 [INFO] ApplicationProperties:184 - Using Application install path: D:\STM32CubeIDE_1.13.0\STM32CubeIDE\plugins\com.st.stm32cube.common.mx_6.11.0.202403141607
2024-09-08 16:52:58,821 [INFO] PluginManage:196 - Search for loadable plugins [exclusion list=, ]
2024-09-08 16:52:58,822 [INFO] PluginManage:310 - Check plugin analytics
2024-09-08 16:53:03,517 [INFO] AnalyticsPlugin:253 - Accepted Software Licenses: 
2024-09-08 16:53:03,517 [INFO] AnalyticsPlugin:255 - Accepted CMSIS Pack Licenses: 
2024-09-08 16:53:03,518 [INFO] AnalyticsPlugin:257 - Accepted Firmware Licenses: FW.L4.1.18.0
2024-09-08 16:53:03,520 [INFO] PluginManage:359 - Loaded plugin analytics (category:tool,tabindex:-1)
2024-09-08 16:53:03,520 [INFO] PluginManage:310 - Check plugin cadmodel
2024-09-08 16:53:03,531 [INFO] CADModel:105 - Init CAD model plugin
2024-09-08 16:53:03,531 [INFO] PluginManage:359 - Loaded plugin cadmodel (category:power,tabindex:5)
2024-09-08 16:53:03,531 [INFO] PluginManage:310 - Check plugin clock
2024-09-08 16:53:03,544 [INFO] PluginManage:359 - Loaded plugin clock (category:base,tabindex:2)
2024-09-08 16:53:03,545 [INFO] PluginManage:310 - Check plugin ddr
2024-09-08 16:53:03,547 [INFO] PluginManage:359 - Loaded plugin ddr (category:tool,tabindex:6)
2024-09-08 16:53:03,548 [INFO] PluginManage:310 - Check plugin filemanager
2024-09-08 16:53:03,699 [INFO] PluginManage:359 - Loaded plugin filemanager (category:base,tabindex:10)
2024-09-08 16:53:03,699 [INFO] PluginManage:310 - Check plugin ipmanager
2024-09-08 16:53:03,708 [INFO] PluginManage:359 - Loaded plugin ipmanager (category:base,tabindex:5)
2024-09-08 16:53:03,708 [INFO] PluginManage:310 - Check plugin lpbam
2024-09-08 16:53:03,716 [INFO] PluginManage:359 - Loaded plugin lpbam (category:base,tabindex:0)
2024-09-08 16:53:03,717 [INFO] PluginManage:310 - Check plugin memorymap
2024-09-08 16:53:03,733 [INFO] PluginManage:359 - Loaded plugin memorymap (category:base,tabindex:4)
2024-09-08 16:53:03,733 [INFO] PluginManage:310 - Check plugin pinoutandconfiguration
2024-09-08 16:53:03,741 [INFO] PluginManage:359 - Loaded plugin pinoutandconfiguration (category:base,tabindex:1)
2024-09-08 16:53:03,741 [INFO] PluginManage:310 - Check plugin pinoutconfig
2024-09-08 16:53:03,829 [WARN] SupportedApi:132 - Cannot load RTOS API schema: s4s-elt-must-match.1: The content of 'definitions' must match (annotation?, (simpleType | complexType)?, (unique | key | keyref)*)). A problem was found starting at: attribute.
2024-09-08 16:53:03,963 [INFO] PluginManage:359 - Loaded plugin pinoutconfig (category:base,tabindex:0)
2024-09-08 16:53:03,963 [INFO] PluginManage:310 - Check plugin power
2024-09-08 16:53:03,975 [INFO] PluginManage:359 - Loaded plugin power (category:power,tabindex:4)
2024-09-08 16:53:03,975 [INFO] PluginManage:310 - Check plugin projectmanager
2024-09-08 16:53:03,992 [INFO] PluginManage:359 - Loaded plugin projectmanager (category:projectmanager,tabindex:3)
2024-09-08 16:53:03,993 [INFO] PluginManage:310 - Check plugin thirdparty
2024-09-08 16:53:04,139 [INFO] PluginManage:359 - Loaded plugin thirdparty (category:base,tabindex:-1)
2024-09-08 16:53:04,140 [INFO] PluginManage:310 - Check plugin tools
2024-09-08 16:53:04,139 [WARN] IntegrityCheckThread:84 - waiting for thirdparty lock release [integrity check]
2024-09-08 16:53:04,140 [INFO] IntegrityCheckThread:86 - entering critical section [integrity check]
2024-09-08 16:53:04,140 [INFO] ThirdPartyUpdaterWithRetryManager:70 - Updater plugin not ready yet. [1/15]
2024-09-08 16:53:04,142 [INFO] PluginManage:359 - Loaded plugin tools (category:base,tabindex:7)
2024-09-08 16:53:04,143 [INFO] PluginManage:310 - Check plugin tutovideos
2024-09-08 16:53:04,343 [INFO] PluginManage:359 - Loaded plugin tutovideos (category:base,tabindex:-1)
2024-09-08 16:53:04,343 [INFO] PluginManage:310 - Check plugin updater
2024-09-08 16:53:04,355 [INFO] PluginManage:359 - Loaded plugin updater (category:base,tabindex:12)
2024-09-08 16:53:04,355 [INFO] PluginManage:310 - Check plugin userauth
2024-09-08 16:53:04,361 [INFO] UserAuth:114 - Init User Auth plugin
2024-09-08 16:53:04,361 [INFO] PluginManage:359 - Loaded plugin userauth (category:base,tabindex:14)
2024-09-08 16:53:04,362 [INFO] PluginManage:283 - PluginManage : Loaded plugins [17]
2024-09-08 16:53:04,595 [INFO] PinOutPanel:1561 - setPackage(No Configuration,No Configuration)
2024-09-08 16:53:04,679 [INFO] CADModel:165 - CPN selected for project level
2024-09-08 16:53:04,679 [INFO] CADModel:114 - Register for checkConnection events
2024-09-08 16:53:04,699 [INFO] IPUIPlugin:80 - create IPUIPlugin
2024-09-08 16:53:04,699 [INFO] PluginManager:220 - loadIPPluginJar : add adc
2024-09-08 16:53:04,702 [INFO] IPUIPlugin:80 - create IPUIPlugin
2024-09-08 16:53:04,702 [INFO] PluginManager:220 - loadIPPluginJar : add aes
2024-09-08 16:53:04,706 [INFO] IPUIPlugin:80 - create IPUIPlugin
2024-09-08 16:53:04,706 [INFO] PluginManager:220 - loadIPPluginJar : add can
2024-09-08 16:53:04,708 [INFO] IPUIPlugin:80 - create IPUIPlugin
2024-09-08 16:53:04,708 [INFO] PluginManager:220 - loadIPPluginJar : add comp
2024-09-08 16:53:04,712 [INFO] IPUIPlugin:80 - create IPUIPlugin
2024-09-08 16:53:04,712 [INFO] PluginManager:220 - loadIPPluginJar : add cryp
2024-09-08 16:53:04,715 [INFO] IPUIPlugin:80 - create IPUIPlugin
2024-09-08 16:53:04,715 [INFO] PluginManager:220 - loadIPPluginJar : add dfsdm
2024-09-08 16:53:04,722 [INFO] IPUIPlugin:80 - create IPUIPlugin
2024-09-08 16:53:04,722 [INFO] PluginManager:220 - loadIPPluginJar : add dma
2024-09-08 16:53:04,726 [INFO] IPUIPlugin:80 - create IPUIPlugin
2024-09-08 16:53:04,727 [INFO] PluginManager:220 - loadIPPluginJar : add dma3
2024-09-08 16:53:04,730 [INFO] IPUIPlugin:80 - create IPUIPlugin
2024-09-08 16:53:04,730 [INFO] PluginManager:220 - loadIPPluginJar : add extmemmanager
2024-09-08 16:53:04,732 [INFO] IPUIPlugin:80 - create IPUIPlugin
2024-09-08 16:53:04,733 [INFO] PluginManager:220 - loadIPPluginJar : add fatfs
2024-09-08 16:53:04,738 [INFO] IPUIPlugin:80 - create IPUIPlugin
2024-09-08 16:53:04,738 [INFO] PluginManager:220 - loadIPPluginJar : add fmc
2024-09-08 16:53:04,744 [INFO] IPUIPlugin:80 - create IPUIPlugin
2024-09-08 16:53:04,745 [INFO] PluginManager:220 - loadIPPluginJar : add freertos
2024-09-08 16:53:04,747 [INFO] IPUIPlugin:80 - create IPUIPlugin
2024-09-08 16:53:04,747 [INFO] PluginManager:220 - loadIPPluginJar : add genericplugin
2024-09-08 16:53:04,750 [INFO] IPUIPlugin:80 - create IPUIPlugin
2024-09-08 16:53:04,750 [INFO] PluginManager:220 - loadIPPluginJar : add gfxmmu
2024-09-08 16:53:04,757 [INFO] IPUIPlugin:80 - create IPUIPlugin
2024-09-08 16:53:04,758 [INFO] PluginManager:220 - loadIPPluginJar : add gic
2024-09-08 16:53:04,763 [INFO] IPUIPlugin:80 - create IPUIPlugin
2024-09-08 16:53:04,763 [INFO] PluginManager:220 - loadIPPluginJar : add gpio
2024-09-08 16:53:04,767 [INFO] IPUIPlugin:80 - create IPUIPlugin
2024-09-08 16:53:04,768 [INFO] PluginManager:220 - loadIPPluginJar : add gtzc
2024-09-08 16:53:04,771 [INFO] IPUIPlugin:80 - create IPUIPlugin
2024-09-08 16:53:04,771 [INFO] PluginManager:220 - loadIPPluginJar : add hash
2024-09-08 16:53:04,775 [INFO] IPUIPlugin:80 - create IPUIPlugin
2024-09-08 16:53:04,775 [INFO] PluginManager:220 - loadIPPluginJar : add i2c
2024-09-08 16:53:04,778 [INFO] IPUIPlugin:80 - create IPUIPlugin
2024-09-08 16:53:04,778 [INFO] PluginManager:220 - loadIPPluginJar : add i2s
2024-09-08 16:53:04,781 [INFO] IPUIPlugin:80 - create IPUIPlugin
2024-09-08 16:53:04,782 [INFO] PluginManager:220 - loadIPPluginJar : add i3c
2024-09-08 16:53:04,786 [INFO] IPUIPlugin:80 - create IPUIPlugin
2024-09-08 16:53:04,786 [INFO] PluginManager:220 - loadIPPluginJar : add ipddr
2024-09-08 16:53:04,795 [INFO] IPUIPlugin:80 - create IPUIPlugin
2024-09-08 16:53:04,796 [INFO] PluginManager:220 - loadIPPluginJar : add linkedlist
2024-09-08 16:53:04,799 [INFO] IPUIPlugin:80 - create IPUIPlugin
2024-09-08 16:53:04,799 [INFO] PluginManager:220 - loadIPPluginJar : add lorawan
2024-09-08 16:53:04,802 [INFO] IPUIPlugin:80 - create IPUIPlugin
2024-09-08 16:53:04,802 [INFO] PluginManager:220 - loadIPPluginJar : add ltdc
2024-09-08 16:53:04,808 [INFO] IPUIPlugin:80 - create IPUIPlugin
2024-09-08 16:53:04,808 [INFO] PluginManager:220 - loadIPPluginJar : add mdma
2024-09-08 16:53:04,812 [INFO] IPUIPlugin:80 - create IPUIPlugin
2024-09-08 16:53:04,812 [INFO] PluginManager:220 - loadIPPluginJar : add nvic
2024-09-08 16:53:04,816 [INFO] IPUIPlugin:80 - create IPUIPlugin
2024-09-08 16:53:04,816 [INFO] PluginManager:220 - loadIPPluginJar : add opamp
2024-09-08 16:53:04,820 [INFO] IPUIPlugin:80 - create IPUIPlugin
2024-09-08 16:53:04,820 [INFO] PluginManager:220 - loadIPPluginJar : add openamp
2024-09-08 16:53:04,824 [INFO] IPUIPlugin:80 - create IPUIPlugin
2024-09-08 16:53:04,824 [INFO] PluginManager:220 - loadIPPluginJar : add pdm2pcm
2024-09-08 16:53:04,831 [INFO] IPUIPlugin:80 - create IPUIPlugin
2024-09-08 16:53:04,834 [INFO] PluginManager:220 - loadIPPluginJar : add plateformsettings
2024-09-08 16:53:04,836 [INFO] IPUIPlugin:80 - create IPUIPlugin
2024-09-08 16:53:04,837 [INFO] PluginManager:220 - loadIPPluginJar : add quadspi
2024-09-08 16:53:04,842 [INFO] IPUIPlugin:80 - create IPUIPlugin
2024-09-08 16:53:04,842 [INFO] PluginManager:220 - loadIPPluginJar : add resmgrutility
2024-09-08 16:53:04,846 [INFO] IPUIPlugin:80 - create IPUIPlugin
2024-09-08 16:53:04,846 [INFO] PluginManager:220 - loadIPPluginJar : add sai
2024-09-08 16:53:04,850 [INFO] IPUIPlugin:80 - create IPUIPlugin
2024-09-08 16:53:04,850 [INFO] PluginManager:220 - loadIPPluginJar : add spi
2024-09-08 16:53:04,856 [INFO] IPUIPlugin:80 - create IPUIPlugin
2024-09-08 16:53:04,856 [INFO] PluginManager:220 - loadIPPluginJar : add stm32_wpan
2024-09-08 16:53:04,858 [INFO] IPUIPlugin:80 - create IPUIPlugin
2024-09-08 16:53:04,859 [INFO] PluginManager:220 - loadIPPluginJar : add tim
2024-09-08 16:53:04,862 [INFO] IPUIPlugin:80 - create IPUIPlugin
2024-09-08 16:53:04,863 [INFO] PluginManager:220 - loadIPPluginJar : add touchsensing
2024-09-08 16:53:04,866 [INFO] IPUIPlugin:80 - create IPUIPlugin
2024-09-08 16:53:04,866 [INFO] PluginManager:220 - loadIPPluginJar : add tracer_emb
2024-09-08 16:53:04,869 [INFO] IPUIPlugin:80 - create IPUIPlugin
2024-09-08 16:53:04,869 [INFO] PluginManager:220 - loadIPPluginJar : add ts
2024-09-08 16:53:04,871 [INFO] IPUIPlugin:80 - create IPUIPlugin
2024-09-08 16:53:04,871 [INFO] PluginManager:220 - loadIPPluginJar : add tsc
2024-09-08 16:53:04,874 [INFO] IPUIPlugin:80 - create IPUIPlugin
2024-09-08 16:53:04,874 [INFO] PluginManager:220 - loadIPPluginJar : add ucpd
2024-09-08 16:53:04,877 [INFO] IPUIPlugin:80 - create IPUIPlugin
2024-09-08 16:53:04,877 [INFO] PluginManager:220 - loadIPPluginJar : add usart
2024-09-08 16:53:04,881 [INFO] IPUIPlugin:80 - create IPUIPlugin
2024-09-08 16:53:04,881 [INFO] PluginManager:220 - loadIPPluginJar : add usbx
2024-09-08 16:53:05,033 [INFO] CADModel:165 - CPN selected for project level
2024-09-08 16:53:05,033 [INFO] CADModel:114 - Register for checkConnection events
2024-09-08 16:53:05,033 [FATAL] Updater:308 - Updater called before beeing initialized
2024-09-08 16:53:05,034 [ERROR] CADModel:125 - Updater not yet initialized, retry later 
2024-09-08 16:53:05,187 [INFO] CADModel:165 - CPN selected for project level
2024-09-08 16:53:05,187 [INFO] CADModel:114 - Register for checkConnection events
2024-09-08 16:53:05,188 [FATAL] Updater:308 - Updater called before beeing initialized
2024-09-08 16:53:05,188 [ERROR] CADModel:125 - Updater not yet initialized, retry later 
2024-09-08 16:53:05,191 [FATAL] Updater:308 - Updater called before beeing initialized
2024-09-08 16:53:05,306 [FATAL] Updater:308 - Updater called before beeing initialized
2024-09-08 16:53:05,311 [INFO] DbMcusAds:53 - JSON generation date=Thu May 16 10:22:00 IST 2024 (1715851320667)
2024-09-08 16:53:05,311 [FATAL] Updater:308 - Updater called before beeing initialized
2024-09-08 16:53:05,349 [WARN] DetailPanel:346 - Failed to get advertising image, set to default
2024-09-08 16:53:05,447 [FATAL] Updater:308 - Updater called before beeing initialized
2024-09-08 16:53:05,450 [FATAL] Updater:308 - Updater called before beeing initialized
2024-09-08 16:53:05,450 [FATAL] Updater:308 - Updater called before beeing initialized
2024-09-08 16:53:05,450 [WARN] DetailPanel:346 - Failed to get advertising image, set to default
2024-09-08 16:53:05,451 [FATAL] Updater:308 - Updater called before beeing initialized
2024-09-08 16:53:05,525 [ERROR] Updater:1120 - MainUpdater not yet initialized. External WinMGr cannot be set.
2024-09-08 16:53:05,527 [INFO] Updater:1056 - Updater Version found : 6.11.0
2024-09-08 16:53:05,548 [INFO] ApplicationProperties:184 - Using Application install path: D:\STM32CubeIDE_1.13.0\STM32CubeIDE\plugins\com.st.stm32cube.common.mx_6.11.0.202403141607
2024-09-08 16:53:07,134 [ERROR] LogOutputStream:75 - [STDERR_REDIRECT] Sep 08, 2024 4:53:07 PM java.util.prefs.WindowsPreferences <init>
2024-09-08 16:53:07,136 [ERROR] LogOutputStream:75 - [STDERR_REDIRECT] WARNING: Could not open/create prefs root node Software\JavaSoft\Prefs at root 0xffffffff80000002. Windows RegCreateKeyEx(...) returned error code 5.
2024-09-08 16:53:07,136 [ERROR] LogOutputStream:75 - [STDERR_REDIRECT] 
2024-09-08 16:53:07,143 [INFO] ThirdPartyUpdaterWithRetryManager:70 - Updater plugin not ready yet. [2/15]
2024-09-08 16:53:07,596 [INFO] MainUpdater:2873 - connection check result : 10
2024-09-08 16:53:07,597 [INFO] MainUpdater:290 - Updater Check For Update Now.
2024-09-08 16:53:07,597 [INFO] MicroXplorer:498 - Change Database Version : DB.6.0.110
2024-09-08 16:53:07,602 [INFO] McuFinderGlobals:63 - Set McuFinder mode to 2 (CubeIDE integrated)
2024-09-08 16:53:07,623 [INFO] UserAuth:415 - Internet connection configuration mode: 1
2024-09-08 16:53:07,643 [INFO] JxBrowserEngine:152 - Initiate JxBrowser Engine with user profile folder
2024-09-08 16:53:07,777 [INFO] CheckServerUpdateThread:120 - End of CheckServer Thread
2024-09-08 16:53:08,962 [INFO] WebApp:161 - Instantiating new browser for Auth
2024-09-08 16:53:09,505 [INFO] WebApp:779 - Register for checkConnection events
2024-09-08 16:53:09,505 [INFO] WebApp:414 - Apply proxy settings
2024-09-08 16:53:09,506 [INFO] WebApp:499 - Chromium requires no authentication
2024-09-08 16:53:09,513 [INFO] WebApp:442 - Direct internet connection detected
2024-09-08 16:53:09,677 [INFO] WebApp:192 - Starting web application
2024-09-08 16:53:09,677 [INFO] WebApp:544 - Web application path used D:\STM32CubeIDE_1.13.0\STM32CubeIDE\plugins\com.st.stm32cube.common.mx_6.11.0.202403141607\db\plugins\mcufinder\reactClient1\index.html
2024-09-08 16:53:10,427 [WARN] PackLoader:240 - Cannot read IP mode file for STMicroelectronics.FP-SNS-MOTENVWB1.1.4.0
2024-09-08 16:53:10,439 [WARN] PackLoader:240 - Cannot read IP mode file for STMicroelectronics.X-CUBE-SMBUS.2.1.0
2024-09-08 16:53:10,445 [WARN] PackLoader:240 - Cannot read IP mode file for STMicroelectronics.X-CUBE-TOUCHGFX.4.23.1
2024-09-08 16:53:10,449 [WARN] PackLoader:240 - Cannot read IP mode file for STMicroelectronics.X-CUBE-TOUCHGFX.4.23.0
2024-09-08 16:53:10,478 [WARN] PackLoader:240 - Cannot read IP mode file for STMicroelectronics.X-CUBE-AZRTOS-F7.1.1.0
2024-09-08 16:53:10,491 [WARN] PackLoader:240 - Cannot read IP mode file for STMicroelectronics.FP-SNS-MOTENV1.4.3.2
2024-09-08 16:53:10,552 [WARN] PackLoader:240 - Cannot read IP mode file for STMicroelectronics.X-CUBE-MEMS1.11.0.0
2024-09-08 16:53:10,688 [WARN] PackLoader:240 - Cannot read IP mode file for STMicroelectronics.X-CUBE-BLE1.6.2.4
2024-09-08 16:53:10,695 [WARN] PackLoader:240 - Cannot read IP mode file for STMicroelectronics.FP-SNS-FLIGHT1.5.0.2
2024-09-08 16:53:10,706 [WARN] PackLoader:240 - Cannot read IP mode file for STMicroelectronics.X-CUBE-DISPLAY.3.0.0
2024-09-08 16:53:10,717 [WARN] PackLoader:240 - Cannot read IP mode file for STMicroelectronics.X-CUBE-BLE1.7.0.0
2024-09-08 16:53:10,725 [WARN] PackLoader:240 - Cannot read IP mode file for emotas.I-CUBE-CANOPEN.1.3.0
2024-09-08 16:53:10,743 [WARN] PackLoader:240 - Cannot read IP mode file for STMicroelectronics.X-CUBE-TOUCHGFX.4.22.0
2024-09-08 16:53:10,747 [WARN] PackLoader:240 - Cannot read IP mode file for STMicroelectronics.X-CUBE-TOUCHGFX.4.22.1
2024-09-08 16:53:10,760 [WARN] PackLoader:240 - Cannot read IP mode file for STMicroelectronics.X-CUBE-BLEMGR.3.1.0
2024-09-08 16:53:10,769 [WARN] PackLoader:240 - Cannot read IP mode file for STMicroelectronics.FP-SNS-SMARTAG2.1.2.0
2024-09-08 16:53:10,785 [INFO] LogOutputStream:77 - [STDOUT_REDIRECT] 1 : Invalid condition id : UX_CORESTACK_Condition cause : null
2024-09-08 16:53:10,786 [INFO] LogOutputStream:77 - [STDOUT_REDIRECT] 1 : Invalid condition id : UX_CORESTACK_Condition cause : null
2024-09-08 16:53:10,786 [INFO] LogOutputStream:77 - [STDOUT_REDIRECT] 1 : Invalid condition id : UX_CORESTACK_Condition cause : null
2024-09-08 16:53:10,787 [INFO] LogOutputStream:77 - [STDOUT_REDIRECT] 1 : Invalid condition id : UX_CORESTACK_Condition cause : null
2024-09-08 16:53:10,788 [INFO] LogOutputStream:77 - [STDOUT_REDIRECT] 1 : Invalid condition id : UX_CORESTACK_Condition cause : null
2024-09-08 16:53:10,791 [WARN] PackLoader:240 - Cannot read IP mode file for STMicroelectronics.X-CUBE-AZRTOS-WL.2.0.0
2024-09-08 16:53:10,797 [WARN] PackLoader:240 - Cannot read IP mode file for STMicroelectronics.FP-SNS-MOTENV1.5.0.0
2024-09-08 16:53:10,803 [WARN] PackLoader:240 - Cannot read IP mode file for wolfSSL.I-CUBE-wolfMQTT.1.19.0
2024-09-08 16:53:10,811 [WARN] PackLoader:240 - Cannot read IP mode file for WES.I-CUBE-Cesium.1.3.0
2024-09-08 16:53:10,816 [WARN] PackLoader:240 - Cannot read IP mode file for STMicroelectronics.X-CUBE-BLE2.3.3.0
2024-09-08 16:53:10,823 [WARN] PackLoader:240 - Cannot read IP mode file for STMicroelectronics.X-CUBE-TCPP.4.1.0
2024-09-08 16:53:10,831 [WARN] PackLoader:240 - Cannot read IP mode file for STMicroelectronics.X-CUBE-ALGOBUILD.1.3.0
2024-09-08 16:53:10,846 [WARN] PackLoader:240 - Cannot read IP mode file for STMicroelectronics.X-CUBE-AZRTOS-G0.1.1.0
2024-09-08 16:53:10,853 [WARN] PackLoader:240 - Cannot read IP mode file for STMicroelectronics.X-CUBE-SAFEA1.1.2.2
2024-09-08 16:53:10,861 [WARN] PackLoader:240 - Cannot read IP mode file for STMicroelectronics.X-CUBE-NFC4.3.0.0
2024-09-08 16:53:10,870 [WARN] PackLoader:240 - Cannot read IP mode file for EmbeddedOffice.I-CUBE-FS-RTOS.1.0.1
2024-09-08 16:53:10,871 [ERROR] ConditionMgr:805 - Attr not supported : Dmpu
2024-09-08 16:53:10,871 [ERROR] ConditionMgr:805 - Attr not supported : Dmpu
2024-09-08 16:53:10,871 [ERROR] ConditionMgr:805 - Attr not supported : Dmpu
2024-09-08 16:53:10,871 [ERROR] ConditionMgr:805 - Attr not supported : Dmpu
2024-09-08 16:53:10,871 [ERROR] ConditionMgr:805 - Attr not supported : Dmpu
2024-09-08 16:53:10,871 [ERROR] ConditionMgr:805 - Attr not supported : Dmpu
2024-09-08 16:53:10,871 [ERROR] ConditionMgr:805 - Attr not supported : Dmpu
2024-09-08 16:53:10,871 [ERROR] ConditionMgr:805 - Attr not supported : Dmpu
2024-09-08 16:53:10,871 [ERROR] ConditionMgr:805 - Attr not supported : Dmpu
2024-09-08 16:53:10,871 [ERROR] ConditionMgr:805 - Attr not supported : Dmpu
2024-09-08 16:53:10,871 [ERROR] ConditionMgr:805 - Attr not supported : Dmpu
2024-09-08 16:53:10,871 [ERROR] ConditionMgr:805 - Attr not supported : Dmpu
2024-09-08 16:53:10,871 [ERROR] ConditionMgr:805 - Attr not supported : Dmpu
2024-09-08 16:53:10,871 [ERROR] ConditionMgr:805 - Attr not supported : Dmpu
2024-09-08 16:53:10,871 [ERROR] ConditionMgr:805 - Attr not supported : Dmpu
2024-09-08 16:53:10,871 [ERROR] ConditionMgr:805 - Attr not supported : Dmpu
2024-09-08 16:53:10,871 [ERROR] ConditionMgr:805 - Attr not supported : Dmpu
2024-09-08 16:53:10,872 [ERROR] ConditionMgr:805 - Attr not supported : Dmpu
2024-09-08 16:53:10,872 [ERROR] ConditionMgr:805 - Attr not supported : Dmpu
2024-09-08 16:53:10,872 [ERROR] ConditionMgr:805 - Attr not supported : Dmpu
2024-09-08 16:53:10,872 [ERROR] ConditionMgr:805 - Attr not supported : Dmpu
2024-09-08 16:53:10,872 [ERROR] ConditionMgr:805 - Attr not supported : Dmpu
2024-09-08 16:53:10,872 [ERROR] ConditionMgr:805 - Attr not supported : Dmpu
2024-09-08 16:53:10,872 [ERROR] ConditionMgr:805 - Attr not supported : Dmpu
2024-09-08 16:53:10,872 [ERROR] ConditionMgr:805 - Attr not supported : Dmpu
2024-09-08 16:53:10,872 [ERROR] ConditionMgr:805 - Attr not supported : Dmpu
2024-09-08 16:53:10,872 [ERROR] ConditionMgr:805 - Attr not supported : Dmpu
2024-09-08 16:53:10,872 [ERROR] ConditionMgr:805 - Attr not supported : Dmpu
2024-09-08 16:53:10,872 [ERROR] ConditionMgr:805 - Attr not supported : Dmpu
2024-09-08 16:53:10,872 [ERROR] ConditionMgr:805 - Attr not supported : Dmpu
2024-09-08 16:53:10,872 [ERROR] ConditionMgr:805 - Attr not supported : Dmpu
2024-09-08 16:53:10,872 [ERROR] ConditionMgr:805 - Attr not supported : Dmpu
2024-09-08 16:53:10,872 [ERROR] ConditionMgr:805 - Attr not supported : Dmpu
2024-09-08 16:53:10,872 [ERROR] ConditionMgr:805 - Attr not supported : Dmpu
2024-09-08 16:53:10,873 [ERROR] ConditionMgr:805 - Attr not supported : Dmpu
2024-09-08 16:53:10,873 [ERROR] ConditionMgr:805 - Attr not supported : Dmpu
2024-09-08 16:53:10,873 [ERROR] ConditionMgr:805 - Attr not supported : Dmpu
2024-09-08 16:53:10,873 [ERROR] ConditionMgr:805 - Attr not supported : Dmpu
2024-09-08 16:53:10,873 [ERROR] ConditionMgr:805 - Attr not supported : Dmpu
2024-09-08 16:53:10,873 [ERROR] ConditionMgr:805 - Attr not supported : Dmpu
2024-09-08 16:53:10,873 [ERROR] ConditionMgr:805 - Attr not supported : Dmpu
2024-09-08 16:53:10,873 [ERROR] ConditionMgr:805 - Attr not supported : Dmpu
2024-09-08 16:53:10,873 [ERROR] ConditionMgr:805 - Attr not supported : Dmpu
2024-09-08 16:53:10,873 [ERROR] ConditionMgr:805 - Attr not supported : Dmpu
2024-09-08 16:53:10,873 [ERROR] ConditionMgr:805 - Attr not supported : Dmpu
2024-09-08 16:53:10,873 [ERROR] ConditionMgr:805 - Attr not supported : Dmpu
2024-09-08 16:53:10,873 [ERROR] ConditionMgr:805 - Attr not supported : Dmpu
2024-09-08 16:53:10,873 [ERROR] ConditionMgr:805 - Attr not supported : Dmpu
2024-09-08 16:53:10,873 [ERROR] ConditionMgr:805 - Attr not supported : Dmpu
2024-09-08 16:53:10,873 [ERROR] ConditionMgr:805 - Attr not supported : Dmpu
2024-09-08 16:53:10,874 [ERROR] ConditionMgr:805 - Attr not supported : Dmpu
2024-09-08 16:53:10,874 [ERROR] ConditionMgr:805 - Attr not supported : Dmpu
2024-09-08 16:53:10,874 [ERROR] ConditionMgr:805 - Attr not supported : Dmpu
2024-09-08 16:53:10,874 [ERROR] ConditionMgr:805 - Attr not supported : Dmpu
2024-09-08 16:53:10,874 [ERROR] ConditionMgr:805 - Attr not supported : Dmpu
2024-09-08 16:53:10,874 [ERROR] ConditionMgr:805 - Attr not supported : Dmpu
2024-09-08 16:53:10,874 [ERROR] ConditionMgr:805 - Attr not supported : Dmpu
2024-09-08 16:53:10,874 [ERROR] ConditionMgr:805 - Attr not supported : Dmpu
2024-09-08 16:53:10,874 [ERROR] ConditionMgr:805 - Attr not supported : Dmpu
2024-09-08 16:53:10,874 [ERROR] ConditionMgr:805 - Attr not supported : Dmpu
2024-09-08 16:53:10,874 [ERROR] ConditionMgr:805 - Attr not supported : Dmpu
2024-09-08 16:53:10,874 [ERROR] ConditionMgr:805 - Attr not supported : Dmpu
2024-09-08 16:53:10,874 [ERROR] ConditionMgr:805 - Attr not supported : Dmpu
2024-09-08 16:53:10,874 [ERROR] ConditionMgr:805 - Attr not supported : Dmpu
2024-09-08 16:53:10,881 [WARN] PackLoader:240 - Cannot read IP mode file for STMicroelectronics.X-CUBE-BLEMGR.3.0.0
2024-09-08 16:53:10,888 [WARN] PackLoader:240 - Cannot read IP mode file for RealThread.X-CUBE-RT-Thread_Nano.4.1.1
2024-09-08 16:53:10,894 [WARN] PackLoader:240 - Cannot read IP mode file for STMicroelectronics.FP-ATR-SIGFOX1.3.2.0
2024-09-08 16:53:10,901 [WARN] PackLoader:240 - Cannot read IP mode file for STMicroelectronics.X-CUBE-EEPRMA1.5.1.0
2024-09-08 16:53:10,930 [WARN] PackLoader:240 - Cannot read IP mode file for SEGGER.I-CUBE-embOS.1.3.1
2024-09-08 16:53:10,967 [WARN] PackLoader:240 - Cannot read IP mode file for STMicroelectronics.X-CUBE-ALGOBUILD.1.4.0
2024-09-08 16:53:10,974 [WARN] PackLoader:240 - Cannot read IP mode file for STMicroelectronics.X-CUBE-GNSS1.6.0.0
2024-09-08 16:53:10,987 [WARN] PackLoader:240 - Cannot read IP mode file for STMicroelectronics.X-CUBE-AZRTOS-F4.1.1.0
2024-09-08 16:53:10,993 [WARN] PackLoader:240 - Cannot read IP mode file for wolfSSL.I-CUBE-wolfSSL.5.6.3
2024-09-08 16:53:11,000 [WARN] PackLoader:240 - Cannot read IP mode file for STMicroelectronics.X-CUBE-FREERTOS.1.2.0
2024-09-08 16:53:11,014 [WARN] PackLoader:240 - Cannot read IP mode file for STMicroelectronics.X-CUBE-AZRTOS-L5.2.0.0
2024-09-08 16:53:11,045 [WARN] PackLoader:240 - Cannot read IP mode file for STMicroelectronics.X-CUBE-MEMS1.9.6.0
2024-09-08 16:53:11,181 [WARN] PackLoader:240 - Cannot read IP mode file for STMicroelectronics.X-CUBE-EEPRMA1.4.2.0
2024-09-08 16:53:11,189 [WARN] PackLoader:240 - Cannot read IP mode file for STMicroelectronics.X-CUBE-NFC6.3.1.0
2024-09-08 16:53:11,196 [WARN] PackLoader:240 - Cannot read IP mode file for ITTIA_DB.I-CUBE-ITTIADB.8.8.0
2024-09-08 16:53:11,202 [WARN] PackLoader:240 - Cannot read IP mode file for STMicroelectronics.X-CUBE-BLEMGR.2.0.0
2024-09-08 16:53:11,210 [WARN] PackLoader:240 - Cannot read IP mode file for STMicroelectronics.X-CUBE-DPower.1.2.0
2024-09-08 16:53:11,216 [WARN] PackLoader:240 - Cannot read IP mode file for STMicroelectronics.X-CUBE-AI.9.0.0
2024-09-08 16:53:11,229 [WARN] ConditionMgr:438 - getConditionDescription Invalid condition id : UX DEVICE CLASS RTOS Condition cause : null
2024-09-08 16:53:11,230 [WARN] ConditionMgr:438 - getConditionDescription Invalid condition id : UX DEVICE CLASS RTOS Condition cause : null
2024-09-08 16:53:11,232 [WARN] PackLoader:240 - Cannot read IP mode file for STMicroelectronics.X-CUBE-AZRTOS-H7.3.1.0
2024-09-08 16:53:11,233 [WARN] ConditionMgr:1039 - genDependencies : Invalid condition id : UX DEVICE CLASS RTOS Condition cause : null
2024-09-08 16:53:11,233 [WARN] ConditionMgr:1039 - genDependencies : Invalid condition id : UX DEVICE CLASS RTOS Condition cause : null
2024-09-08 16:53:11,234 [WARN] ConditionMgr:1039 - genDependencies : Invalid condition id : UX DEVICE CLASS RTOS Condition cause : null
2024-09-08 16:53:11,234 [WARN] ConditionMgr:1039 - genDependencies : Invalid condition id : UX DEVICE CLASS RTOS Condition cause : null
2024-09-08 16:53:11,234 [WARN] ConditionMgr:1039 - genDependencies : Invalid condition id : UX DEVICE CLASS RTOS Condition cause : null
2024-09-08 16:53:11,241 [WARN] PackLoader:240 - Cannot read IP mode file for STMicroelectronics.X-CUBE-NFC7.1.0.1
2024-09-08 16:53:11,247 [WARN] PackLoader:240 - Cannot read IP mode file for STMicroelectronics.X-CUBE-NFC6.3.0.0
2024-09-08 16:53:11,255 [WARN] PackLoader:240 - Cannot read IP mode file for STMicroelectronics.X-CUBE-EEPRMA1.4.1.0
2024-09-08 16:53:11,264 [WARN] PackLoader:240 - Cannot read IP mode file for STMicroelectronics.X-CUBE-AI.8.1.0
2024-09-08 16:53:11,279 [WARN] ConditionMgr:438 - getConditionDescription Invalid condition id : LAN8742 Phy interface Condition cause : null
2024-09-08 16:53:11,280 [WARN] PackLoader:240 - Cannot read IP mode file for STMicroelectronics.X-CUBE-AZRTOS-L4.2.0.0
2024-09-08 16:53:11,281 [WARN] ConditionMgr:1039 - genDependencies : Invalid condition id : LAN8742 Phy interface Condition cause : null
2024-09-08 16:53:11,281 [WARN] ConditionMgr:1039 - genDependencies : Invalid condition id : LAN8742 Phy interface Condition cause : null
2024-09-08 16:53:11,281 [WARN] ConditionMgr:1039 - genDependencies : Invalid condition id : LAN8742 Phy interface Condition cause : null
2024-09-08 16:53:11,292 [WARN] PackLoader:240 - Cannot read IP mode file for STMicroelectronics.X-CUBE-SFXS2LP1.4.0.0
2024-09-08 16:53:11,297 [WARN] PackLoader:240 - Cannot read IP mode file for STMicroelectronics.X-CUBE-ISPU.1.1.0
2024-09-08 16:53:11,313 [WARN] PackLoader:240 - Cannot read IP mode file for STMicroelectronics.X-CUBE-AZRTOS-H7.3.3.0
2024-09-08 16:53:11,326 [WARN] ConditionMgr:438 - getConditionDescription Invalid condition id : UX DEVICE CLASS RTOS Condition cause : null
2024-09-08 16:53:11,327 [WARN] ConditionMgr:438 - getConditionDescription Invalid condition id : UX DEVICE CLASS RTOS Condition cause : null
2024-09-08 16:53:11,328 [WARN] PackLoader:240 - Cannot read IP mode file for STMicroelectronics.X-CUBE-AZRTOS-WB.2.0.0
2024-09-08 16:53:11,329 [WARN] ConditionMgr:1039 - genDependencies : Invalid condition id : UX DEVICE CLASS RTOS Condition cause : null
2024-09-08 16:53:11,329 [WARN] ConditionMgr:1039 - genDependencies : Invalid condition id : UX DEVICE CLASS RTOS Condition cause : null
2024-09-08 16:53:11,329 [WARN] ConditionMgr:1039 - genDependencies : Invalid condition id : UX DEVICE CLASS RTOS Condition cause : null
2024-09-08 16:53:11,330 [WARN] ConditionMgr:1039 - genDependencies : Invalid condition id : UX DEVICE CLASS RTOS Condition cause : null
2024-09-08 16:53:11,330 [WARN] ConditionMgr:1039 - genDependencies : Invalid condition id : UX DEVICE CLASS RTOS Condition cause : null
2024-09-08 16:53:11,334 [WARN] PackLoader:240 - Cannot read IP mode file for STMicroelectronics.X-CUBE-FREERTOS.1.0.1
2024-09-08 16:53:11,341 [WARN] PackLoader:240 - Cannot read IP mode file for STMicroelectronics.FP-SNS-STBOX1.2.0.0
2024-09-08 16:53:11,354 [WARN] PackLoader:240 - Cannot read IP mode file for STMicroelectronics.X-CUBE-AZRTOS-L5.1.1.0
2024-09-08 16:53:11,360 [WARN] PackLoader:240 - Cannot read IP mode file for STMicroelectronics.X-CUBE-AI.8.0.1
2024-09-08 16:53:11,369 [WARN] PackLoader:240 - Cannot read IP mode file for STMicroelectronics.X-CUBE-SUBG2.5.0.0
2024-09-08 16:53:11,377 [WARN] PackLoader:240 - Cannot read IP mode file for Cesanta.I-CUBE-Mongoose.7.13.0
2024-09-08 16:53:11,387 [WARN] PackLoader:240 - Cannot read IP mode file for STMicroelectronics.X-CUBE-TOF1.3.3.1
2024-09-08 16:53:11,408 [WARN] PackLoader:240 - Cannot read IP mode file for STMicroelectronics.X-CUBE-AZRTOS-G4.2.0.0
2024-09-08 16:53:11,421 [WARN] PackLoader:240 - Cannot read IP mode file for Infineon.AIROC-Wi-Fi-Bluetooth-STM32.1.5.1
2024-09-08 16:53:11,428 [WARN] PackLoader:240 - Cannot read IP mode file for STMicroelectronics.FP-SNS-MOTENVWB1.1.3.0
2024-09-08 16:53:11,433 [WARN] PackLoader:240 - Cannot read IP mode file for STMicroelectronics.FP-SNS-MOTENVWB1.1.3.1
2024-09-08 16:53:11,438 [WARN] PackLoader:240 - Cannot read IP mode file for STMicroelectronics.X-CUBE-ISPU.2.0.0
2024-09-08 16:53:11,444 [WARN] PackLoader:240 - Cannot read IP mode file for STMicroelectronics.X-CUBE-ALS.1.0.2
2024-09-08 16:53:11,478 [WARN] PackLoader:240 - Cannot read IP mode file for STMicroelectronics.X-CUBE-MEMS1.10.0.0
2024-09-08 16:53:11,605 [WARN] PackLoader:240 - Cannot read IP mode file for STMicroelectronics.X-CUBE-FREERTOS.1.1.0
2024-09-08 16:53:11,609 [WARN] PackLoader:240 - Cannot read IP mode file for STMicroelectronics.X-CUBE-TOUCHGFX.4.24.0
2024-09-08 16:53:11,614 [WARN] PackLoader:240 - Cannot read IP mode file for wolfSSL.I-CUBE-wolfTPM.3.4.0
2024-09-08 16:53:11,621 [WARN] PackLoader:240 - Cannot read IP mode file for portGmbH.I-Cube-SoM-uGOAL.1.1.0
2024-09-08 16:53:11,627 [WARN] PackLoader:240 - Cannot read IP mode file for STMicroelectronics.X-CUBE-ALS.1.0.1
2024-09-08 16:53:11,638 [WARN] PackLoader:240 - Cannot read IP mode file for STMicroelectronics.X-CUBE-AZRTOS-WB.1.1.0
2024-09-08 16:53:11,654 [WARN] PackLoader:240 - Cannot read IP mode file for STMicroelectronics.X-CUBE-AZRTOS-H7RS.1.0.0
2024-09-08 16:53:11,661 [WARN] PackLoader:240 - Cannot read IP mode file for STMicroelectronics.FP-ATR-ASTRA1.2.0.0
2024-09-08 16:53:11,670 [WARN] PackLoader:240 - Cannot read IP mode file for STMicroelectronics.X-CUBE-TOF1.3.4.2
2024-09-08 16:53:11,686 [WARN] PackLoader:240 - Cannot read IP mode file for STMicroelectronics.X-CUBE-TOF1.3.4.1
2024-09-08 16:53:11,717 [WARN] PackLoader:240 - Cannot read IP mode file for STMicroelectronics.X-CUBE-AZRTOS-H7.3.2.0
2024-09-08 16:53:11,725 [WARN] PackLoader:240 - Cannot read IP mode file for wolfSSL.I-CUBE-wolfSSH.1.4.17
2024-09-08 16:53:11,725 [INFO] ThirdParty:978 - Integrity check success = true
2024-09-08 16:53:11,725 [INFO] IntegrityCheckThread:100 - exiting critical section [integrity check]
2024-09-08 16:53:11,726 [INFO] IntegrityCheckThread:103 - End integrity checks thread
2024-09-08 18:50:13,164 [INFO] WebApp:354 - JxBrowser engine has been closed 
2024-09-08 18:50:46,985 [ERROR] LogOutputStream:75 - [STDERR_REDIRECT] [Fatal Error] :1:1: Premature end of file.
2024-09-08 18:50:46,985 [ERROR] LogOutputStream:75 - [STDERR_REDIRECT] 
2024-09-08 18:50:47,973 [ERROR] LogOutputStream:75 - [STDERR_REDIRECT] [Fatal Error] :1:1: Premature end of file.
2024-09-08 18:50:47,973 [ERROR] LogOutputStream:75 - [STDERR_REDIRECT] 
2024-09-08 18:50:48,972 [ERROR] LogOutputStream:75 - [STDERR_REDIRECT] [Fatal Error] :1:1: Premature end of file.
2024-09-08 18:50:48,972 [ERROR] LogOutputStream:75 - [STDERR_REDIRECT] 
2024-09-08 18:50:49,972 [ERROR] LogOutputStream:75 - [STDERR_REDIRECT] [Fatal Error] :1:1: Premature end of file.
2024-09-08 18:50:49,972 [ERROR] LogOutputStream:75 - [STDERR_REDIRECT] 
2024-09-08 18:50:50,971 [ERROR] LogOutputStream:75 - [STDERR_REDIRECT] [Fatal Error] :1:1: Premature end of file.
2024-09-08 18:50:50,972 [ERROR] LogOutputStream:75 - [STDERR_REDIRECT] 
2024-09-08 18:50:51,975 [ERROR] LogOutputStream:75 - [STDERR_REDIRECT] [Fatal Error] :1:1: Premature end of file.
2024-09-08 18:50:51,987 [ERROR] LogOutputStream:75 - [STDERR_REDIRECT] 
2024-09-08 18:50:52,979 [ERROR] LogOutputStream:75 - [STDERR_REDIRECT] [Fatal Error] :1:1: Premature end of file.
2024-09-08 18:50:52,979 [ERROR] LogOutputStream:75 - [STDERR_REDIRECT] 
2024-09-08 18:50:53,980 [ERROR] LogOutputStream:75 - [STDERR_REDIRECT] [Fatal Error] :1:1: Premature end of file.
2024-09-08 18:50:53,980 [ERROR] LogOutputStream:75 - [STDERR_REDIRECT] 
2024-09-08 18:50:54,980 [ERROR] LogOutputStream:75 - [STDERR_REDIRECT] [Fatal Error] :1:1: Premature end of file.
2024-09-08 18:50:54,980 [ERROR] LogOutputStream:75 - [STDERR_REDIRECT] 
2024-09-08 18:50:55,980 [ERROR] LogOutputStream:75 - [STDERR_REDIRECT] [Fatal Error] :1:1: Premature end of file.
2024-09-08 18:50:55,980 [ERROR] LogOutputStream:75 - [STDERR_REDIRECT] 
2024-09-08 18:50:56,979 [ERROR] LogOutputStream:75 - [STDERR_REDIRECT] [Fatal Error] :1:1: Premature end of file.
2024-09-08 18:50:56,980 [ERROR] LogOutputStream:75 - [STDERR_REDIRECT] 
2024-09-08 18:50:57,979 [ERROR] LogOutputStream:75 - [STDERR_REDIRECT] [Fatal Error] :1:1: Premature end of file.
2024-09-08 18:50:57,980 [ERROR] LogOutputStream:75 - [STDERR_REDIRECT] 
2024-09-08 18:50:58,978 [ERROR] LogOutputStream:75 - [STDERR_REDIRECT] [Fatal Error] :1:1: Premature end of file.
2024-09-08 18:50:58,979 [ERROR] LogOutputStream:75 - [STDERR_REDIRECT] 
2024-09-08 18:50:59,980 [ERROR] LogOutputStream:75 - [STDERR_REDIRECT] [Fatal Error] :1:1: Premature end of file.
2024-09-08 18:50:59,980 [ERROR] LogOutputStream:75 - [STDERR_REDIRECT] 
2024-09-08 18:51:00,980 [ERROR] LogOutputStream:75 - [STDERR_REDIRECT] [Fatal Error] :1:1: Premature end of file.
2024-09-08 18:51:00,980 [ERROR] LogOutputStream:75 - [STDERR_REDIRECT] 
2024-09-08 18:51:01,980 [ERROR] LogOutputStream:75 - [STDERR_REDIRECT] [Fatal Error] :1:1: Premature end of file.
2024-09-08 18:51:01,980 [ERROR] LogOutputStream:75 - [STDERR_REDIRECT] 
2024-09-08 18:51:02,979 [ERROR] LogOutputStream:75 - [STDERR_REDIRECT] [Fatal Error] :1:1: Premature end of file.
2024-09-08 18:51:02,979 [ERROR] LogOutputStream:75 - [STDERR_REDIRECT] 
2024-09-08 18:51:03,980 [ERROR] LogOutputStream:75 - [STDERR_REDIRECT] [Fatal Error] :1:1: Premature end of file.
2024-09-08 18:51:03,980 [ERROR] LogOutputStream:75 - [STDERR_REDIRECT] 
2024-09-08 18:51:04,980 [ERROR] LogOutputStream:75 - [STDERR_REDIRECT] [Fatal Error] :1:1: Premature end of file.
2024-09-08 18:51:04,980 [ERROR] LogOutputStream:75 - [STDERR_REDIRECT] 
2024-09-08 18:51:05,979 [ERROR] LogOutputStream:75 - [STDERR_REDIRECT] [Fatal Error] :1:1: Premature end of file.
2024-09-08 18:51:05,980 [ERROR] LogOutputStream:75 - [STDERR_REDIRECT] 
2024-09-08 18:51:06,980 [ERROR] LogOutputStream:75 - [STDERR_REDIRECT] [Fatal Error] :1:1: Premature end of file.
2024-09-08 18:51:06,980 [ERROR] LogOutputStream:75 - [STDERR_REDIRECT] 
2024-09-08 18:51:07,979 [ERROR] LogOutputStream:75 - [STDERR_REDIRECT] [Fatal Error] :1:1: Premature end of file.
2024-09-08 18:51:07,980 [ERROR] LogOutputStream:75 - [STDERR_REDIRECT] 
2024-09-08 18:51:08,980 [ERROR] LogOutputStream:75 - [STDERR_REDIRECT] [Fatal Error] :1:1: Premature end of file.
2024-09-08 18:51:08,981 [ERROR] LogOutputStream:75 - [STDERR_REDIRECT] 
2024-09-08 18:51:09,980 [ERROR] LogOutputStream:75 - [STDERR_REDIRECT] [Fatal Error] :1:1: Premature end of file.
2024-09-08 18:51:09,981 [ERROR] LogOutputStream:75 - [STDERR_REDIRECT] 
2024-09-08 18:51:10,979 [ERROR] LogOutputStream:75 - [STDERR_REDIRECT] [Fatal Error] :1:1: Premature end of file.
2024-09-08 18:51:10,979 [ERROR] LogOutputStream:75 - [STDERR_REDIRECT] 
2024-09-08 18:51:11,980 [ERROR] LogOutputStream:75 - [STDERR_REDIRECT] [Fatal Error] :1:1: Premature end of file.
2024-09-08 18:51:11,980 [ERROR] LogOutputStream:75 - [STDERR_REDIRECT] 
2024-09-08 18:51:12,979 [ERROR] LogOutputStream:75 - [STDERR_REDIRECT] [Fatal Error] :1:1: Premature end of file.
2024-09-08 18:51:12,980 [ERROR] LogOutputStream:75 - [STDERR_REDIRECT] 
2024-09-08 18:51:13,980 [ERROR] LogOutputStream:75 - [STDERR_REDIRECT] [Fatal Error] :1:1: Premature end of file.
2024-09-08 18:51:13,980 [ERROR] LogOutputStream:75 - [STDERR_REDIRECT] 
2024-09-08 18:51:14,979 [ERROR] LogOutputStream:75 - [STDERR_REDIRECT] [Fatal Error] :1:1: Premature end of file.
2024-09-08 18:51:14,979 [ERROR] LogOutputStream:75 - [STDERR_REDIRECT] 
2024-09-08 18:51:15,979 [ERROR] LogOutputStream:75 - [STDERR_REDIRECT] [Fatal Error] :1:1: Premature end of file.
2024-09-08 18:51:15,979 [ERROR] LogOutputStream:75 - [STDERR_REDIRECT] 
2024-09-08 18:51:16,980 [ERROR] LogOutputStream:75 - [STDERR_REDIRECT] [Fatal Error] :1:1: Premature end of file.
2024-09-08 18:51:16,980 [ERROR] LogOutputStream:75 - [STDERR_REDIRECT] 
2024-09-08 18:51:17,979 [ERROR] LogOutputStream:75 - [STDERR_REDIRECT] [Fatal Error] :1:1: Premature end of file.
2024-09-08 18:51:17,979 [ERROR] LogOutputStream:75 - [STDERR_REDIRECT] 
