2025-01-17 13:46:35,548 [INFO] Activator:176 - 


2025-01-17 13:46:35,557 [INFO] Activator:177 - !SESSION log4j initialized
2025-01-17 13:46:42,873 [INFO] LogOutputStream:77 - [STDOUT_REDIRECT] 
2025-01-17 13:46:50,444 [INFO] ApplicationProperties:184 - Using Application install path: D:\STM32CubeIDE_1.13.0\STM32CubeIDE\plugins\com.st.stm32cube.common.mx_6.11.0.202403141607
2025-01-17 13:46:50,464 [INFO] DbMcusXml:78 - Set database path to: D:\STM32CubeIDE_1.13.0\STM32CubeIDE\plugins\com.st.stm32cube.common.mx_6.11.0.202403141607\\db\/mcu/
2025-01-17 13:46:50,464 [INFO] ApiDb:274 - Set plugin database path to: D:\STM32CubeIDE_1.13.0\STM32CubeIDE\plugins\com.st.stm32cube.common.mx_6.11.0.202403141607\\db\/plugins/boardmanager/
2025-01-17 13:46:50,464 [WARN] ApiDb:259 - Overriding images path with different value:  => D:\STM32CubeIDE_1.13.0\STM32CubeIDE\plugins\com.st.stm32cube.common.mx_6.11.0.202403141607\\db\/plugins/mcufinder/images/
2025-01-17 13:46:50,512 [INFO] ApiDb:250 - Set database path to: C:\Users\66405\.stmcufinder\plugins\mcufinder//mcu/
2025-01-17 13:46:50,513 [INFO] DbMcusAds:125 - Set database path to: C:\Users\66405\.stmcufinder\plugins\mcufinder//mcu/
2025-01-17 13:46:50,516 [INFO] CrossReferenceDbSqlite:203 - Set database path to: C:\Users\66405\.stmcufinder\plugins\mcufinder//mcu/cs/
2025-01-17 13:46:50,630 [INFO] RulesReader:64 - Compatibility file has been processed (297 Rules)
2025-01-17 13:46:50,770 [INFO] DbMcusXml:78 - Set database path to: D:\STM32CubeIDE_1.13.0\STM32CubeIDE\plugins\com.st.stm32cube.common.mx_6.11.0.202403141607\\db\/mcu/
2025-01-17 13:46:50,771 [INFO] ApiDb:274 - Set plugin database path to: D:\STM32CubeIDE_1.13.0\STM32CubeIDE\plugins\com.st.stm32cube.common.mx_6.11.0.202403141607\\db\/plugins/boardmanager/
2025-01-17 13:46:50,771 [INFO] ApiDb:261 - Set plugin images path to: D:\STM32CubeIDE_1.13.0\STM32CubeIDE\plugins\com.st.stm32cube.common.mx_6.11.0.202403141607\\db\/plugins/mcufinder/images/
2025-01-17 13:46:50,771 [WARN] DbFile:41 - Overriding database path with different value: C:\Users\66405\.stmcufinder\plugins\mcufinder/ => C:\Users\66405\.stmcufinder\plugins\mcufinder
2025-01-17 13:46:50,771 [INFO] ApiDb:250 - Set database path to: C:\Users\66405\.stmcufinder\plugins\mcufinder//mcu/
2025-01-17 13:46:50,771 [WARN] DbFile:41 - Overriding database path with different value: C:\Users\66405\.stmcufinder\plugins\mcufinder/ => C:\Users\66405\.stmcufinder\plugins\mcufinder
2025-01-17 13:46:50,771 [INFO] DbMcusAds:125 - Set database path to: C:\Users\66405\.stmcufinder\plugins\mcufinder//mcu/
2025-01-17 13:46:50,771 [WARN] DbFile:41 - Overriding database path with different value: C:\Users\66405\.stmcufinder\plugins\mcufinder/ => C:\Users\66405\.stmcufinder\plugins\mcufinder
2025-01-17 13:46:50,771 [WARN] DbFile:41 - Overriding database path with different value: C:\Users\66405\.stmcufinder\plugins\mcufinder/ => C:\Users\66405\.stmcufinder\plugins\mcufinder
2025-01-17 13:46:50,771 [INFO] CrossReferenceDbSqlite:203 - Set database path to: C:\Users\66405\.stmcufinder\plugins\mcufinder//mcu/cs/
2025-01-17 13:46:50,861 [INFO] MainPanel:264 - HeapMemory: 268435456
2025-01-17 13:46:50,970 [INFO] DbMcusXml:78 - Set database path to: D:\STM32CubeIDE_1.13.0\STM32CubeIDE\plugins\com.st.stm32cube.common.mx_6.11.0.202403141607\\db\/mcu/
2025-01-17 13:46:50,970 [INFO] ApiDb:274 - Set plugin database path to: D:\STM32CubeIDE_1.13.0\STM32CubeIDE\plugins\com.st.stm32cube.common.mx_6.11.0.202403141607\\db\/plugins/boardmanager/
2025-01-17 13:46:50,970 [INFO] ApiDb:261 - Set plugin images path to: D:\STM32CubeIDE_1.13.0\STM32CubeIDE\plugins\com.st.stm32cube.common.mx_6.11.0.202403141607\\db\/plugins/mcufinder/images/
2025-01-17 13:46:50,970 [WARN] DbFile:41 - Overriding database path with different value: C:\Users\66405\.stmcufinder\plugins\mcufinder/ => C:\Users\66405\.stmcufinder\plugins\mcufinder
2025-01-17 13:46:50,970 [INFO] ApiDb:250 - Set database path to: C:\Users\66405\.stmcufinder\plugins\mcufinder//mcu/
2025-01-17 13:46:50,970 [WARN] DbFile:41 - Overriding database path with different value: C:\Users\66405\.stmcufinder\plugins\mcufinder/ => C:\Users\66405\.stmcufinder\plugins\mcufinder
2025-01-17 13:46:50,970 [INFO] DbMcusAds:125 - Set database path to: C:\Users\66405\.stmcufinder\plugins\mcufinder//mcu/
2025-01-17 13:46:50,970 [WARN] DbFile:41 - Overriding database path with different value: C:\Users\66405\.stmcufinder\plugins\mcufinder/ => C:\Users\66405\.stmcufinder\plugins\mcufinder
2025-01-17 13:46:50,970 [WARN] DbFile:41 - Overriding database path with different value: C:\Users\66405\.stmcufinder\plugins\mcufinder/ => C:\Users\66405\.stmcufinder\plugins\mcufinder
2025-01-17 13:46:50,971 [INFO] CrossReferenceDbSqlite:203 - Set database path to: C:\Users\66405\.stmcufinder\plugins\mcufinder//mcu/cs/
2025-01-17 13:46:50,991 [INFO] ApplicationProperties:184 - Using Application install path: D:\STM32CubeIDE_1.13.0\STM32CubeIDE\plugins\com.st.stm32cube.common.mx_6.11.0.202403141607
2025-01-17 13:46:50,993 [INFO] PluginManage:196 - Search for loadable plugins [exclusion list=, ]
2025-01-17 13:46:50,996 [INFO] PluginManage:310 - Check plugin analytics
2025-01-17 13:46:55,786 [INFO] AnalyticsPlugin:253 - Accepted Software Licenses: 
2025-01-17 13:46:55,786 [INFO] AnalyticsPlugin:255 - Accepted CMSIS Pack Licenses: 
2025-01-17 13:46:55,786 [INFO] AnalyticsPlugin:257 - Accepted Firmware Licenses: FW.L4.1.18.0
2025-01-17 13:46:55,790 [INFO] PluginManage:359 - Loaded plugin analytics (category:tool,tabindex:-1)
2025-01-17 13:46:55,791 [INFO] PluginManage:310 - Check plugin cadmodel
2025-01-17 13:46:55,800 [INFO] CADModel:105 - Init CAD model plugin
2025-01-17 13:46:55,801 [INFO] PluginManage:359 - Loaded plugin cadmodel (category:power,tabindex:5)
2025-01-17 13:46:55,801 [INFO] PluginManage:310 - Check plugin clock
2025-01-17 13:46:55,817 [INFO] PluginManage:359 - Loaded plugin clock (category:base,tabindex:2)
2025-01-17 13:46:55,817 [INFO] PluginManage:310 - Check plugin ddr
2025-01-17 13:46:55,821 [INFO] PluginManage:359 - Loaded plugin ddr (category:tool,tabindex:6)
2025-01-17 13:46:55,822 [INFO] PluginManage:310 - Check plugin filemanager
2025-01-17 13:46:56,081 [INFO] PluginManage:359 - Loaded plugin filemanager (category:base,tabindex:10)
2025-01-17 13:46:56,082 [INFO] PluginManage:310 - Check plugin ipmanager
2025-01-17 13:46:56,098 [INFO] PluginManage:359 - Loaded plugin ipmanager (category:base,tabindex:5)
2025-01-17 13:46:56,099 [INFO] PluginManage:310 - Check plugin lpbam
2025-01-17 13:46:56,115 [INFO] PluginManage:359 - Loaded plugin lpbam (category:base,tabindex:0)
2025-01-17 13:46:56,115 [INFO] PluginManage:310 - Check plugin memorymap
2025-01-17 13:46:56,144 [INFO] PluginManage:359 - Loaded plugin memorymap (category:base,tabindex:4)
2025-01-17 13:46:56,145 [INFO] PluginManage:310 - Check plugin pinoutandconfiguration
2025-01-17 13:46:56,159 [INFO] PluginManage:359 - Loaded plugin pinoutandconfiguration (category:base,tabindex:1)
2025-01-17 13:46:56,159 [INFO] PluginManage:310 - Check plugin pinoutconfig
2025-01-17 13:46:56,334 [WARN] SupportedApi:132 - Cannot load RTOS API schema: s4s-elt-must-match.1: The content of 'definitions' must match (annotation?, (simpleType | complexType)?, (unique | key | keyref)*)). A problem was found starting at: attribute.
2025-01-17 13:46:56,531 [INFO] PluginManage:359 - Loaded plugin pinoutconfig (category:base,tabindex:0)
2025-01-17 13:46:56,531 [INFO] PluginManage:310 - Check plugin power
2025-01-17 13:46:56,548 [INFO] PluginManage:359 - Loaded plugin power (category:power,tabindex:4)
2025-01-17 13:46:56,549 [INFO] PluginManage:310 - Check plugin projectmanager
2025-01-17 13:46:56,577 [INFO] PluginManage:359 - Loaded plugin projectmanager (category:projectmanager,tabindex:3)
2025-01-17 13:46:56,577 [INFO] PluginManage:310 - Check plugin thirdparty
2025-01-17 13:46:56,839 [INFO] PluginManage:359 - Loaded plugin thirdparty (category:base,tabindex:-1)
2025-01-17 13:46:56,839 [INFO] PluginManage:310 - Check plugin tools
2025-01-17 13:46:56,838 [WARN] IntegrityCheckThread:84 - waiting for thirdparty lock release [integrity check]
2025-01-17 13:46:56,840 [INFO] IntegrityCheckThread:86 - entering critical section [integrity check]
2025-01-17 13:46:56,841 [INFO] ThirdPartyUpdaterWithRetryManager:70 - Updater plugin not ready yet. [1/15]
2025-01-17 13:46:56,844 [INFO] PluginManage:359 - Loaded plugin tools (category:base,tabindex:7)
2025-01-17 13:46:56,845 [INFO] PluginManage:310 - Check plugin tutovideos
2025-01-17 13:46:57,177 [INFO] PluginManage:359 - Loaded plugin tutovideos (category:base,tabindex:-1)
2025-01-17 13:46:57,177 [INFO] PluginManage:310 - Check plugin updater
2025-01-17 13:46:57,198 [INFO] PluginManage:359 - Loaded plugin updater (category:base,tabindex:12)
2025-01-17 13:46:57,198 [INFO] PluginManage:310 - Check plugin userauth
2025-01-17 13:46:57,208 [INFO] UserAuth:114 - Init User Auth plugin
2025-01-17 13:46:57,208 [INFO] PluginManage:359 - Loaded plugin userauth (category:base,tabindex:14)
2025-01-17 13:46:57,209 [INFO] PluginManage:283 - PluginManage : Loaded plugins [17]
2025-01-17 13:46:57,624 [INFO] PinOutPanel:1561 - setPackage(No Configuration,No Configuration)
2025-01-17 13:46:57,727 [INFO] CADModel:165 - CPN selected for project level
2025-01-17 13:46:57,728 [INFO] CADModel:114 - Register for checkConnection events
2025-01-17 13:46:57,750 [INFO] IPUIPlugin:80 - create IPUIPlugin
2025-01-17 13:46:57,751 [INFO] PluginManager:220 - loadIPPluginJar : add adc
2025-01-17 13:46:57,755 [INFO] IPUIPlugin:80 - create IPUIPlugin
2025-01-17 13:46:57,755 [INFO] PluginManager:220 - loadIPPluginJar : add aes
2025-01-17 13:46:57,761 [INFO] IPUIPlugin:80 - create IPUIPlugin
2025-01-17 13:46:57,761 [INFO] PluginManager:220 - loadIPPluginJar : add can
2025-01-17 13:46:57,764 [INFO] IPUIPlugin:80 - create IPUIPlugin
2025-01-17 13:46:57,764 [INFO] PluginManager:220 - loadIPPluginJar : add comp
2025-01-17 13:46:57,768 [INFO] IPUIPlugin:80 - create IPUIPlugin
2025-01-17 13:46:57,768 [INFO] PluginManager:220 - loadIPPluginJar : add cryp
2025-01-17 13:46:57,772 [INFO] IPUIPlugin:80 - create IPUIPlugin
2025-01-17 13:46:57,772 [INFO] PluginManager:220 - loadIPPluginJar : add dfsdm
2025-01-17 13:46:57,781 [INFO] IPUIPlugin:80 - create IPUIPlugin
2025-01-17 13:46:57,782 [INFO] PluginManager:220 - loadIPPluginJar : add dma
2025-01-17 13:46:57,786 [INFO] IPUIPlugin:80 - create IPUIPlugin
2025-01-17 13:46:57,786 [INFO] PluginManager:220 - loadIPPluginJar : add dma3
2025-01-17 13:46:57,791 [INFO] IPUIPlugin:80 - create IPUIPlugin
2025-01-17 13:46:57,791 [INFO] PluginManager:220 - loadIPPluginJar : add extmemmanager
2025-01-17 13:46:57,794 [INFO] IPUIPlugin:80 - create IPUIPlugin
2025-01-17 13:46:57,794 [INFO] PluginManager:220 - loadIPPluginJar : add fatfs
2025-01-17 13:46:57,800 [INFO] IPUIPlugin:80 - create IPUIPlugin
2025-01-17 13:46:57,801 [INFO] PluginManager:220 - loadIPPluginJar : add fmc
2025-01-17 13:46:57,809 [INFO] IPUIPlugin:80 - create IPUIPlugin
2025-01-17 13:46:57,809 [INFO] PluginManager:220 - loadIPPluginJar : add freertos
2025-01-17 13:46:57,812 [INFO] IPUIPlugin:80 - create IPUIPlugin
2025-01-17 13:46:57,812 [INFO] PluginManager:220 - loadIPPluginJar : add genericplugin
2025-01-17 13:46:57,816 [INFO] IPUIPlugin:80 - create IPUIPlugin
2025-01-17 13:46:57,817 [INFO] PluginManager:220 - loadIPPluginJar : add gfxmmu
2025-01-17 13:46:57,823 [INFO] IPUIPlugin:80 - create IPUIPlugin
2025-01-17 13:46:57,823 [INFO] PluginManager:220 - loadIPPluginJar : add gic
2025-01-17 13:46:57,830 [INFO] IPUIPlugin:80 - create IPUIPlugin
2025-01-17 13:46:57,830 [INFO] PluginManager:220 - loadIPPluginJar : add gpio
2025-01-17 13:46:57,835 [INFO] IPUIPlugin:80 - create IPUIPlugin
2025-01-17 13:46:57,835 [INFO] PluginManager:220 - loadIPPluginJar : add gtzc
2025-01-17 13:46:57,838 [INFO] IPUIPlugin:80 - create IPUIPlugin
2025-01-17 13:46:57,838 [INFO] PluginManager:220 - loadIPPluginJar : add hash
2025-01-17 13:46:57,843 [INFO] IPUIPlugin:80 - create IPUIPlugin
2025-01-17 13:46:57,843 [INFO] PluginManager:220 - loadIPPluginJar : add i2c
2025-01-17 13:46:57,847 [INFO] IPUIPlugin:80 - create IPUIPlugin
2025-01-17 13:46:57,847 [INFO] PluginManager:220 - loadIPPluginJar : add i2s
2025-01-17 13:46:57,852 [INFO] IPUIPlugin:80 - create IPUIPlugin
2025-01-17 13:46:57,852 [INFO] PluginManager:220 - loadIPPluginJar : add i3c
2025-01-17 13:46:57,857 [INFO] IPUIPlugin:80 - create IPUIPlugin
2025-01-17 13:46:57,857 [INFO] PluginManager:220 - loadIPPluginJar : add ipddr
2025-01-17 13:46:57,868 [INFO] IPUIPlugin:80 - create IPUIPlugin
2025-01-17 13:46:57,869 [INFO] PluginManager:220 - loadIPPluginJar : add linkedlist
2025-01-17 13:46:57,873 [INFO] IPUIPlugin:80 - create IPUIPlugin
2025-01-17 13:46:57,874 [INFO] PluginManager:220 - loadIPPluginJar : add lorawan
2025-01-17 13:46:57,877 [INFO] IPUIPlugin:80 - create IPUIPlugin
2025-01-17 13:46:57,877 [INFO] PluginManager:220 - loadIPPluginJar : add ltdc
2025-01-17 13:46:57,883 [INFO] IPUIPlugin:80 - create IPUIPlugin
2025-01-17 13:46:57,883 [INFO] PluginManager:220 - loadIPPluginJar : add mdma
2025-01-17 13:46:57,889 [INFO] IPUIPlugin:80 - create IPUIPlugin
2025-01-17 13:46:57,889 [INFO] PluginManager:220 - loadIPPluginJar : add nvic
2025-01-17 13:46:57,894 [INFO] IPUIPlugin:80 - create IPUIPlugin
2025-01-17 13:46:57,894 [INFO] PluginManager:220 - loadIPPluginJar : add opamp
2025-01-17 13:46:57,900 [INFO] IPUIPlugin:80 - create IPUIPlugin
2025-01-17 13:46:57,900 [INFO] PluginManager:220 - loadIPPluginJar : add openamp
2025-01-17 13:46:57,906 [INFO] IPUIPlugin:80 - create IPUIPlugin
2025-01-17 13:46:57,906 [INFO] PluginManager:220 - loadIPPluginJar : add pdm2pcm
2025-01-17 13:46:57,915 [INFO] IPUIPlugin:80 - create IPUIPlugin
2025-01-17 13:46:57,917 [INFO] PluginManager:220 - loadIPPluginJar : add plateformsettings
2025-01-17 13:46:57,920 [INFO] IPUIPlugin:80 - create IPUIPlugin
2025-01-17 13:46:57,920 [INFO] PluginManager:220 - loadIPPluginJar : add quadspi
2025-01-17 13:46:57,927 [INFO] IPUIPlugin:80 - create IPUIPlugin
2025-01-17 13:46:57,927 [INFO] PluginManager:220 - loadIPPluginJar : add resmgrutility
2025-01-17 13:46:57,932 [INFO] IPUIPlugin:80 - create IPUIPlugin
2025-01-17 13:46:57,932 [INFO] PluginManager:220 - loadIPPluginJar : add sai
2025-01-17 13:46:57,936 [INFO] IPUIPlugin:80 - create IPUIPlugin
2025-01-17 13:46:57,936 [INFO] PluginManager:220 - loadIPPluginJar : add spi
2025-01-17 13:46:57,944 [INFO] IPUIPlugin:80 - create IPUIPlugin
2025-01-17 13:46:57,944 [INFO] PluginManager:220 - loadIPPluginJar : add stm32_wpan
2025-01-17 13:46:57,947 [INFO] IPUIPlugin:80 - create IPUIPlugin
2025-01-17 13:46:57,947 [INFO] PluginManager:220 - loadIPPluginJar : add tim
2025-01-17 13:46:57,952 [INFO] IPUIPlugin:80 - create IPUIPlugin
2025-01-17 13:46:57,952 [INFO] PluginManager:220 - loadIPPluginJar : add touchsensing
2025-01-17 13:46:57,956 [INFO] IPUIPlugin:80 - create IPUIPlugin
2025-01-17 13:46:57,956 [INFO] PluginManager:220 - loadIPPluginJar : add tracer_emb
2025-01-17 13:46:57,959 [INFO] IPUIPlugin:80 - create IPUIPlugin
2025-01-17 13:46:57,960 [INFO] PluginManager:220 - loadIPPluginJar : add ts
2025-01-17 13:46:57,962 [INFO] IPUIPlugin:80 - create IPUIPlugin
2025-01-17 13:46:57,963 [INFO] PluginManager:220 - loadIPPluginJar : add tsc
2025-01-17 13:46:57,966 [INFO] IPUIPlugin:80 - create IPUIPlugin
2025-01-17 13:46:57,966 [INFO] PluginManager:220 - loadIPPluginJar : add ucpd
2025-01-17 13:46:57,970 [INFO] IPUIPlugin:80 - create IPUIPlugin
2025-01-17 13:46:57,970 [INFO] PluginManager:220 - loadIPPluginJar : add usart
2025-01-17 13:46:57,977 [INFO] IPUIPlugin:80 - create IPUIPlugin
2025-01-17 13:46:57,977 [INFO] PluginManager:220 - loadIPPluginJar : add usbx
2025-01-17 13:46:58,171 [INFO] CADModel:165 - CPN selected for project level
2025-01-17 13:46:58,172 [INFO] CADModel:114 - Register for checkConnection events
2025-01-17 13:46:58,172 [FATAL] Updater:308 - Updater called before beeing initialized
2025-01-17 13:46:58,172 [ERROR] CADModel:125 - Updater not yet initialized, retry later 
2025-01-17 13:46:58,473 [INFO] CADModel:165 - CPN selected for project level
2025-01-17 13:46:58,473 [INFO] CADModel:114 - Register for checkConnection events
2025-01-17 13:46:58,474 [FATAL] Updater:308 - Updater called before beeing initialized
2025-01-17 13:46:58,474 [ERROR] CADModel:125 - Updater not yet initialized, retry later 
2025-01-17 13:46:58,477 [FATAL] Updater:308 - Updater called before beeing initialized
2025-01-17 13:46:58,617 [FATAL] Updater:308 - Updater called before beeing initialized
2025-01-17 13:46:58,623 [INFO] DbMcusAds:53 - JSON generation date=Fri Sep 20 14:04:38 IST 2024 (1726837478367)
2025-01-17 13:46:58,623 [FATAL] Updater:308 - Updater called before beeing initialized
2025-01-17 13:46:58,671 [WARN] DetailPanel:346 - Failed to get advertising image, set to default
2025-01-17 13:46:58,775 [FATAL] Updater:308 - Updater called before beeing initialized
2025-01-17 13:46:58,777 [FATAL] Updater:308 - Updater called before beeing initialized
2025-01-17 13:46:58,777 [FATAL] Updater:308 - Updater called before beeing initialized
2025-01-17 13:46:58,777 [WARN] DetailPanel:346 - Failed to get advertising image, set to default
2025-01-17 13:46:58,778 [FATAL] Updater:308 - Updater called before beeing initialized
2025-01-17 13:46:58,842 [ERROR] Updater:1120 - MainUpdater not yet initialized. External WinMGr cannot be set.
2025-01-17 13:46:58,845 [INFO] Updater:1056 - Updater Version found : 6.11.0
2025-01-17 13:46:58,866 [INFO] ApplicationProperties:184 - Using Application install path: D:\STM32CubeIDE_1.13.0\STM32CubeIDE\plugins\com.st.stm32cube.common.mx_6.11.0.202403141607
2025-01-17 13:46:59,841 [INFO] ThirdPartyUpdaterWithRetryManager:70 - Updater plugin not ready yet. [2/15]
2025-01-17 13:47:00,489 [ERROR] LogOutputStream:75 - [STDERR_REDIRECT] Jan 17, 2025 1:47:00 PM java.util.prefs.WindowsPreferences <init>
2025-01-17 13:47:00,490 [ERROR] LogOutputStream:75 - [STDERR_REDIRECT] WARNING: Could not open/create prefs root node Software\JavaSoft\Prefs at root 0xffffffff80000002. Windows RegCreateKeyEx(...) returned error code 5.
2025-01-17 13:47:00,490 [ERROR] LogOutputStream:75 - [STDERR_REDIRECT] 
2025-01-17 13:47:01,552 [INFO] MainUpdater:2873 - connection check result : 10
2025-01-17 13:47:01,552 [INFO] MainUpdater:3567 - Updater definition file requires update
2025-01-17 13:47:01,554 [INFO] MainUpdater:290 - Updater Check For Update Now.
2025-01-17 13:47:01,554 [INFO] MicroXplorer:498 - Change Database Version : DB.6.0.110
2025-01-17 13:47:01,563 [INFO] McuFinderGlobals:63 - Set McuFinder mode to 2 (CubeIDE integrated)
2025-01-17 13:47:01,572 [INFO] UserAuth:415 - Internet connection configuration mode: 1
2025-01-17 13:47:01,603 [INFO] JxBrowserEngine:152 - Initiate JxBrowser Engine with user profile folder
2025-01-17 13:47:01,835 [INFO] ServerAccessManage:473 - Download File updaters.zip
2025-01-17 13:47:01,911 [INFO] FileExtend:240 - Unzip File : updaters.zip
2025-01-17 13:47:01,911 [INFO] FileExtend:255 - Standard Zip Deflate
2025-01-17 13:47:02,531 [INFO] ServerAccessManage:473 - Download File PacksControlFlags.xml
2025-01-17 13:47:02,779 [INFO] ServerAccessManage:473 - Download File cubemx.pidx
2025-01-17 13:47:02,842 [WARN] MainUpdater:1194 - Updater busy. Cannot search thirdparties
2025-01-17 13:47:02,843 [INFO] ThirdPartyUpdaterWithRetryManager:96 - Updater plugin is busy. [1/15]
2025-01-17 13:47:03,515 [INFO] WebApp:161 - Instantiating new browser for Auth
2025-01-17 13:47:03,779 [INFO] ServerAccessManage:473 - Download File STMicroelectronics.X-CUBE-IPS.pdsc
2025-01-17 13:47:04,380 [INFO] WebApp:779 - Register for checkConnection events
2025-01-17 13:47:04,381 [INFO] WebApp:414 - Apply proxy settings
2025-01-17 13:47:04,381 [INFO] WebApp:499 - Chromium requires no authentication
2025-01-17 13:47:04,396 [INFO] WebApp:442 - Direct internet connection detected
2025-01-17 13:47:04,474 [INFO] ServerAccessManage:473 - Download File STMicroelectronics.X-CUBE-TOUCHGFX.pdsc
2025-01-17 13:47:04,624 [INFO] WebApp:192 - Starting web application
2025-01-17 13:47:04,624 [INFO] WebApp:544 - Web application path used D:\STM32CubeIDE_1.13.0\STM32CubeIDE\plugins\com.st.stm32cube.common.mx_6.11.0.202403141607\db\plugins\mcufinder\reactClient1\index.html
2025-01-17 13:47:05,844 [WARN] MainUpdater:1194 - Updater busy. Cannot search thirdparties
2025-01-17 13:47:05,844 [INFO] ThirdPartyUpdaterWithRetryManager:96 - Updater plugin is busy. [2/15]
2025-01-17 13:47:08,712 [WARN] PopulateThirdPartyThread:106 - Error when creating pack: C:/Users/66405/.stm32cubemx/thirdparties/pdsc/STMicroelectronics.X-CUBE-IPS.pdsc
2025-01-17 13:47:08,748 [WARN] PackLoader:240 - Cannot read IP mode file for STMicroelectronics.X-CUBE-TOUCHGFX.4.24.2
2025-01-17 13:47:08,749 [INFO] PopulateThirdPartyThread:66 - Ending populate Thread
2025-01-17 13:47:08,750 [INFO] ThirdParty:1030 - CMSIS Pack Vendor :STMicroelectronics X-CUBE-TOUCHGFX 4.24.2
2025-01-17 13:47:08,750 [INFO] LoadServerUpdatesThread:375 - End of LoadServerUpdate Thread
2025-01-17 13:47:08,844 [WARN] MainUpdater:1194 - Updater busy. Cannot search thirdparties
2025-01-17 13:47:08,844 [INFO] ThirdPartyUpdaterWithRetryManager:96 - Updater plugin is busy. [3/15]
2025-01-17 13:47:08,867 [INFO] CheckServerUpdateThread:120 - End of CheckServer Thread
2025-01-17 13:47:12,253 [WARN] PackLoader:240 - Cannot read IP mode file for STMicroelectronics.FP-SNS-MOTENVWB1.1.4.0
2025-01-17 13:47:12,265 [WARN] PackLoader:240 - Cannot read IP mode file for STMicroelectronics.FP-ATR-ASTRA1.2.0.1
2025-01-17 13:47:12,279 [WARN] PackLoader:240 - Cannot read IP mode file for STMicroelectronics.X-CUBE-SMBUS.2.1.0
2025-01-17 13:47:12,290 [WARN] PackLoader:240 - Cannot read IP mode file for STMicroelectronics.X-CUBE-WB05N.1.1.0
2025-01-17 13:47:12,299 [WARN] PackLoader:240 - Cannot read IP mode file for STMicroelectronics.X-CUBE-TOUCHGFX.4.23.1
2025-01-17 13:47:12,304 [WARN] PackLoader:240 - Cannot read IP mode file for STMicroelectronics.X-CUBE-TOUCHGFX.4.23.0
2025-01-17 13:47:12,336 [WARN] PackLoader:240 - Cannot read IP mode file for STMicroelectronics.X-CUBE-AZRTOS-F7.1.1.0
2025-01-17 13:47:12,350 [WARN] PackLoader:240 - Cannot read IP mode file for STMicroelectronics.FP-SNS-MOTENV1.4.3.2
2025-01-17 13:47:12,423 [WARN] PackLoader:240 - Cannot read IP mode file for STMicroelectronics.X-CUBE-MEMS1.11.0.0
2025-01-17 13:47:12,611 [WARN] PackLoader:240 - Cannot read IP mode file for STMicroelectronics.X-CUBE-BLE1.6.2.4
2025-01-17 13:47:12,619 [WARN] PackLoader:240 - Cannot read IP mode file for STMicroelectronics.FP-SNS-FLIGHT1.5.0.2
2025-01-17 13:47:12,630 [WARN] PackLoader:240 - Cannot read IP mode file for STMicroelectronics.X-CUBE-DISPLAY.3.0.0
2025-01-17 13:47:12,639 [WARN] PackLoader:240 - Cannot read IP mode file for STMicroelectronics.X-CUBE-BLE1.7.0.0
2025-01-17 13:47:12,649 [WARN] PackLoader:240 - Cannot read IP mode file for STMicroelectronics.X-CUBE-NFC10.1.0.0
2025-01-17 13:47:12,663 [WARN] PackLoader:240 - Cannot read IP mode file for STMicroelectronics.X-CUBE-BLEMGR.4.0.0
2025-01-17 13:47:12,674 [WARN] PackLoader:240 - Cannot read IP mode file for emotas.I-CUBE-CANOPEN.1.3.0
2025-01-17 13:47:12,681 [WARN] PackLoader:240 - Cannot read IP mode file for STMicroelectronics.X-CUBE-TOUCHGFX.4.22.0
2025-01-17 13:47:12,686 [WARN] PackLoader:240 - Cannot read IP mode file for STMicroelectronics.X-CUBE-TOUCHGFX.4.22.1
2025-01-17 13:47:12,697 [WARN] PackLoader:240 - Cannot read IP mode file for STMicroelectronics.X-CUBE-BLEMGR.3.1.0
2025-01-17 13:47:12,706 [WARN] PackLoader:240 - Cannot read IP mode file for STMicroelectronics.FP-SNS-SMARTAG2.1.2.0
2025-01-17 13:47:12,760 [WARN] PackLoader:240 - Cannot read IP mode file for STMicroelectronics.X-CUBE-MEMS1.11.1.0
2025-01-17 13:47:12,950 [INFO] LogOutputStream:77 - [STDOUT_REDIRECT] 1 : Invalid condition id : UX_CORESTACK_Condition cause : null
2025-01-17 13:47:12,951 [INFO] LogOutputStream:77 - [STDOUT_REDIRECT] 1 : Invalid condition id : UX_CORESTACK_Condition cause : null
2025-01-17 13:47:12,953 [INFO] LogOutputStream:77 - [STDOUT_REDIRECT] 1 : Invalid condition id : UX_CORESTACK_Condition cause : null
2025-01-17 13:47:12,954 [INFO] LogOutputStream:77 - [STDOUT_REDIRECT] 1 : Invalid condition id : UX_CORESTACK_Condition cause : null
2025-01-17 13:47:12,955 [INFO] LogOutputStream:77 - [STDOUT_REDIRECT] 1 : Invalid condition id : UX_CORESTACK_Condition cause : null
2025-01-17 13:47:12,959 [WARN] PackLoader:240 - Cannot read IP mode file for STMicroelectronics.X-CUBE-AZRTOS-WL.2.0.0
2025-01-17 13:47:12,967 [WARN] PackLoader:240 - Cannot read IP mode file for STMicroelectronics.FP-SNS-MOTENV1.5.0.0
2025-01-17 13:47:12,982 [WARN] PackLoader:240 - Cannot read IP mode file for wolfSSL.I-CUBE-wolfMQTT.1.19.0
2025-01-17 13:47:12,993 [WARN] PackLoader:240 - Cannot read IP mode file for WES.I-CUBE-Cesium.1.3.0
2025-01-17 13:47:12,999 [WARN] PackLoader:240 - Cannot read IP mode file for STMicroelectronics.X-CUBE-BLE2.3.3.0
2025-01-17 13:47:13,008 [WARN] PackLoader:240 - Cannot read IP mode file for STMicroelectronics.X-CUBE-NFC9.1.0.0
2025-01-17 13:47:13,016 [WARN] PackLoader:240 - Cannot read IP mode file for STMicroelectronics.X-CUBE-TCPP.4.1.0
2025-01-17 13:47:13,024 [WARN] PackLoader:240 - Cannot read IP mode file for STMicroelectronics.X-CUBE-ALGOBUILD.1.3.0
2025-01-17 13:47:13,038 [WARN] PackLoader:240 - Cannot read IP mode file for STMicroelectronics.X-CUBE-AZRTOS-G0.1.1.0
2025-01-17 13:47:13,046 [WARN] PackLoader:240 - Cannot read IP mode file for STMicroelectronics.X-CUBE-SAFEA1.1.2.2
2025-01-17 13:47:13,052 [WARN] PackLoader:240 - Cannot read IP mode file for STMicroelectronics.X-CUBE-NFC4.3.0.0
2025-01-17 13:47:13,062 [WARN] PackLoader:240 - Cannot read IP mode file for EmbeddedOffice.I-CUBE-FS-RTOS.1.0.1
2025-01-17 13:47:13,062 [ERROR] ConditionMgr:805 - Attr not supported : Dmpu
2025-01-17 13:47:13,063 [ERROR] ConditionMgr:805 - Attr not supported : Dmpu
2025-01-17 13:47:13,063 [ERROR] ConditionMgr:805 - Attr not supported : Dmpu
2025-01-17 13:47:13,063 [ERROR] ConditionMgr:805 - Attr not supported : Dmpu
2025-01-17 13:47:13,063 [ERROR] ConditionMgr:805 - Attr not supported : Dmpu
2025-01-17 13:47:13,063 [ERROR] ConditionMgr:805 - Attr not supported : Dmpu
2025-01-17 13:47:13,063 [ERROR] ConditionMgr:805 - Attr not supported : Dmpu
2025-01-17 13:47:13,063 [ERROR] ConditionMgr:805 - Attr not supported : Dmpu
2025-01-17 13:47:13,063 [ERROR] ConditionMgr:805 - Attr not supported : Dmpu
2025-01-17 13:47:13,063 [ERROR] ConditionMgr:805 - Attr not supported : Dmpu
2025-01-17 13:47:13,063 [ERROR] ConditionMgr:805 - Attr not supported : Dmpu
2025-01-17 13:47:13,063 [ERROR] ConditionMgr:805 - Attr not supported : Dmpu
2025-01-17 13:47:13,063 [ERROR] ConditionMgr:805 - Attr not supported : Dmpu
2025-01-17 13:47:13,064 [ERROR] ConditionMgr:805 - Attr not supported : Dmpu
2025-01-17 13:47:13,064 [ERROR] ConditionMgr:805 - Attr not supported : Dmpu
2025-01-17 13:47:13,064 [ERROR] ConditionMgr:805 - Attr not supported : Dmpu
2025-01-17 13:47:13,064 [ERROR] ConditionMgr:805 - Attr not supported : Dmpu
2025-01-17 13:47:13,064 [ERROR] ConditionMgr:805 - Attr not supported : Dmpu
2025-01-17 13:47:13,064 [ERROR] ConditionMgr:805 - Attr not supported : Dmpu
2025-01-17 13:47:13,064 [ERROR] ConditionMgr:805 - Attr not supported : Dmpu
2025-01-17 13:47:13,064 [ERROR] ConditionMgr:805 - Attr not supported : Dmpu
2025-01-17 13:47:13,064 [ERROR] ConditionMgr:805 - Attr not supported : Dmpu
2025-01-17 13:47:13,064 [ERROR] ConditionMgr:805 - Attr not supported : Dmpu
2025-01-17 13:47:13,064 [ERROR] ConditionMgr:805 - Attr not supported : Dmpu
2025-01-17 13:47:13,064 [ERROR] ConditionMgr:805 - Attr not supported : Dmpu
2025-01-17 13:47:13,064 [ERROR] ConditionMgr:805 - Attr not supported : Dmpu
2025-01-17 13:47:13,064 [ERROR] ConditionMgr:805 - Attr not supported : Dmpu
2025-01-17 13:47:13,064 [ERROR] ConditionMgr:805 - Attr not supported : Dmpu
2025-01-17 13:47:13,064 [ERROR] ConditionMgr:805 - Attr not supported : Dmpu
2025-01-17 13:47:13,064 [ERROR] ConditionMgr:805 - Attr not supported : Dmpu
2025-01-17 13:47:13,064 [ERROR] ConditionMgr:805 - Attr not supported : Dmpu
2025-01-17 13:47:13,064 [ERROR] ConditionMgr:805 - Attr not supported : Dmpu
2025-01-17 13:47:13,064 [ERROR] ConditionMgr:805 - Attr not supported : Dmpu
2025-01-17 13:47:13,064 [ERROR] ConditionMgr:805 - Attr not supported : Dmpu
2025-01-17 13:47:13,064 [ERROR] ConditionMgr:805 - Attr not supported : Dmpu
2025-01-17 13:47:13,064 [ERROR] ConditionMgr:805 - Attr not supported : Dmpu
2025-01-17 13:47:13,064 [ERROR] ConditionMgr:805 - Attr not supported : Dmpu
2025-01-17 13:47:13,064 [ERROR] ConditionMgr:805 - Attr not supported : Dmpu
2025-01-17 13:47:13,064 [ERROR] ConditionMgr:805 - Attr not supported : Dmpu
2025-01-17 13:47:13,064 [ERROR] ConditionMgr:805 - Attr not supported : Dmpu
2025-01-17 13:47:13,065 [ERROR] ConditionMgr:805 - Attr not supported : Dmpu
2025-01-17 13:47:13,065 [ERROR] ConditionMgr:805 - Attr not supported : Dmpu
2025-01-17 13:47:13,065 [ERROR] ConditionMgr:805 - Attr not supported : Dmpu
2025-01-17 13:47:13,065 [ERROR] ConditionMgr:805 - Attr not supported : Dmpu
2025-01-17 13:47:13,065 [ERROR] ConditionMgr:805 - Attr not supported : Dmpu
2025-01-17 13:47:13,065 [ERROR] ConditionMgr:805 - Attr not supported : Dmpu
2025-01-17 13:47:13,065 [ERROR] ConditionMgr:805 - Attr not supported : Dmpu
2025-01-17 13:47:13,065 [ERROR] ConditionMgr:805 - Attr not supported : Dmpu
2025-01-17 13:47:13,065 [ERROR] ConditionMgr:805 - Attr not supported : Dmpu
2025-01-17 13:47:13,065 [ERROR] ConditionMgr:805 - Attr not supported : Dmpu
2025-01-17 13:47:13,065 [ERROR] ConditionMgr:805 - Attr not supported : Dmpu
2025-01-17 13:47:13,065 [ERROR] ConditionMgr:805 - Attr not supported : Dmpu
2025-01-17 13:47:13,065 [ERROR] ConditionMgr:805 - Attr not supported : Dmpu
2025-01-17 13:47:13,065 [ERROR] ConditionMgr:805 - Attr not supported : Dmpu
2025-01-17 13:47:13,065 [ERROR] ConditionMgr:805 - Attr not supported : Dmpu
2025-01-17 13:47:13,065 [ERROR] ConditionMgr:805 - Attr not supported : Dmpu
2025-01-17 13:47:13,065 [ERROR] ConditionMgr:805 - Attr not supported : Dmpu
2025-01-17 13:47:13,065 [ERROR] ConditionMgr:805 - Attr not supported : Dmpu
2025-01-17 13:47:13,065 [ERROR] ConditionMgr:805 - Attr not supported : Dmpu
2025-01-17 13:47:13,066 [ERROR] ConditionMgr:805 - Attr not supported : Dmpu
2025-01-17 13:47:13,066 [ERROR] ConditionMgr:805 - Attr not supported : Dmpu
2025-01-17 13:47:13,066 [ERROR] ConditionMgr:805 - Attr not supported : Dmpu
2025-01-17 13:47:13,066 [ERROR] ConditionMgr:805 - Attr not supported : Dmpu
2025-01-17 13:47:13,066 [ERROR] ConditionMgr:805 - Attr not supported : Dmpu
2025-01-17 13:47:13,073 [WARN] PackLoader:240 - Cannot read IP mode file for STMicroelectronics.X-CUBE-BLEMGR.3.0.0
2025-01-17 13:47:13,079 [ERROR] Engine:466 - C:\Users\66405\.stm32cubemx\thirdparties\pdsc\STMicroelectronics.X-CUBE-TCPP.4.2.0.pdsc: PDSC version is not supported
2025-01-17 13:47:13,086 [WARN] PackLoader:240 - Cannot read IP mode file for RealThread.X-CUBE-RT-Thread_Nano.4.1.1
2025-01-17 13:47:13,091 [WARN] PackLoader:240 - Cannot read IP mode file for STMicroelectronics.FP-ATR-SIGFOX1.3.2.0
2025-01-17 13:47:13,097 [WARN] ConditionMgr:438 - getConditionDescription Invalid condition id : Cortex-A Device cause : null
2025-01-17 13:47:13,119 [WARN] ConditionMgr:1039 - genDependencies : Invalid condition id : Cortex-A Device cause : null
2025-01-17 13:47:13,119 [WARN] ConditionMgr:1039 - genDependencies : Invalid condition id : Cortex-A Device cause : null
2025-01-17 13:47:13,119 [WARN] ConditionMgr:1039 - genDependencies : Invalid condition id : Cortex-A Device cause : null
2025-01-17 13:47:13,127 [WARN] PackLoader:240 - Cannot read IP mode file for STMicroelectronics.X-CUBE-EEPRMA1.5.1.0
2025-01-17 13:47:13,159 [WARN] PackLoader:240 - Cannot read IP mode file for SEGGER.I-CUBE-embOS.1.3.1
2025-01-17 13:47:13,205 [WARN] PackLoader:240 - Cannot read IP mode file for STMicroelectronics.X-CUBE-ALGOBUILD.1.4.0
2025-01-17 13:47:13,212 [WARN] PackLoader:240 - Cannot read IP mode file for STMicroelectronics.X-CUBE-AI.9.1.0
2025-01-17 13:47:13,218 [WARN] PackLoader:240 - Cannot read IP mode file for STMicroelectronics.X-CUBE-GNSS1.6.0.0
2025-01-17 13:47:13,233 [WARN] PackLoader:240 - Cannot read IP mode file for STMicroelectronics.X-CUBE-AZRTOS-F4.1.1.0
2025-01-17 13:47:13,241 [WARN] PackLoader:240 - Cannot read IP mode file for wolfSSL.I-CUBE-wolfSSL.5.6.3
2025-01-17 13:47:13,247 [WARN] PackLoader:240 - Cannot read IP mode file for STMicroelectronics.X-CUBE-ISPU.2.1.0
2025-01-17 13:47:13,253 [WARN] PackLoader:240 - Cannot read IP mode file for STMicroelectronics.X-CUBE-FREERTOS.1.2.0
2025-01-17 13:47:13,269 [WARN] PackLoader:240 - Cannot read IP mode file for STMicroelectronics.X-CUBE-AZRTOS-L5.2.0.0
2025-01-17 13:47:13,307 [WARN] PackLoader:240 - Cannot read IP mode file for STMicroelectronics.X-CUBE-MEMS1.9.6.0
2025-01-17 13:47:13,457 [WARN] PackLoader:240 - Cannot read IP mode file for STMicroelectronics.X-CUBE-EEPRMA1.4.2.0
2025-01-17 13:47:13,466 [WARN] PackLoader:240 - Cannot read IP mode file for STMicroelectronics.X-CUBE-NFC6.3.1.0
2025-01-17 13:47:13,473 [WARN] PackLoader:240 - Cannot read IP mode file for ITTIA_DB.I-CUBE-ITTIADB.8.8.0
2025-01-17 13:47:13,480 [WARN] PackLoader:240 - Cannot read IP mode file for STMicroelectronics.X-CUBE-BLEMGR.2.0.0
2025-01-17 13:47:13,487 [WARN] PackLoader:240 - Cannot read IP mode file for STMicroelectronics.X-CUBE-DPower.1.2.0
2025-01-17 13:47:13,491 [WARN] PackLoader:240 - Cannot read IP mode file for STMicroelectronics.X-CUBE-AI.9.0.0
2025-01-17 13:47:13,504 [WARN] ConditionMgr:438 - getConditionDescription Invalid condition id : UX DEVICE CLASS RTOS Condition cause : null
2025-01-17 13:47:13,504 [WARN] ConditionMgr:438 - getConditionDescription Invalid condition id : UX DEVICE CLASS RTOS Condition cause : null
2025-01-17 13:47:13,511 [WARN] PackLoader:240 - Cannot read IP mode file for STMicroelectronics.X-CUBE-AZRTOS-H7.3.1.0
2025-01-17 13:47:13,512 [WARN] ConditionMgr:1039 - genDependencies : Invalid condition id : UX DEVICE CLASS RTOS Condition cause : null
2025-01-17 13:47:13,513 [WARN] ConditionMgr:1039 - genDependencies : Invalid condition id : UX DEVICE CLASS RTOS Condition cause : null
2025-01-17 13:47:13,513 [WARN] ConditionMgr:1039 - genDependencies : Invalid condition id : UX DEVICE CLASS RTOS Condition cause : null
2025-01-17 13:47:13,513 [WARN] ConditionMgr:1039 - genDependencies : Invalid condition id : UX DEVICE CLASS RTOS Condition cause : null
2025-01-17 13:47:13,513 [WARN] ConditionMgr:1039 - genDependencies : Invalid condition id : UX DEVICE CLASS RTOS Condition cause : null
2025-01-17 13:47:13,519 [WARN] PackLoader:240 - Cannot read IP mode file for STMicroelectronics.X-CUBE-FREERTOS.1.3.0
2025-01-17 13:47:13,527 [WARN] PackLoader:240 - Cannot read IP mode file for STMicroelectronics.X-CUBE-NFC7.1.0.1
2025-01-17 13:47:13,534 [WARN] PackLoader:240 - Cannot read IP mode file for STMicroelectronics.X-CUBE-NFC6.3.0.0
2025-01-17 13:47:13,542 [WARN] PackLoader:240 - Cannot read IP mode file for STMicroelectronics.X-CUBE-EEPRMA1.4.1.0
2025-01-17 13:47:13,547 [WARN] PackLoader:240 - Cannot read IP mode file for STMicroelectronics.X-CUBE-AI.8.1.0
2025-01-17 13:47:13,563 [WARN] ConditionMgr:438 - getConditionDescription Invalid condition id : LAN8742 Phy interface Condition cause : null
2025-01-17 13:47:13,563 [WARN] PackLoader:240 - Cannot read IP mode file for STMicroelectronics.X-CUBE-AZRTOS-L4.2.0.0
2025-01-17 13:47:13,564 [WARN] ConditionMgr:1039 - genDependencies : Invalid condition id : LAN8742 Phy interface Condition cause : null
2025-01-17 13:47:13,564 [WARN] ConditionMgr:1039 - genDependencies : Invalid condition id : LAN8742 Phy interface Condition cause : null
2025-01-17 13:47:13,565 [WARN] ConditionMgr:1039 - genDependencies : Invalid condition id : LAN8742 Phy interface Condition cause : null
2025-01-17 13:47:13,572 [WARN] PackLoader:240 - Cannot read IP mode file for STMicroelectronics.X-CUBE-SFXS2LP1.4.0.0
2025-01-17 13:47:13,617 [WARN] PackLoader:240 - Cannot read IP mode file for STMicroelectronics.X-CUBE-ISPU.1.1.0
2025-01-17 13:47:13,632 [WARN] PackLoader:240 - Cannot read IP mode file for STMicroelectronics.X-CUBE-AZRTOS-H7.3.3.0
2025-01-17 13:47:13,645 [WARN] PackLoader:240 - Cannot read IP mode file for STMicroelectronics.X-CUBE-IPS.3.0.0
2025-01-17 13:47:13,658 [WARN] ConditionMgr:438 - getConditionDescription Invalid condition id : UX DEVICE CLASS RTOS Condition cause : null
2025-01-17 13:47:13,659 [WARN] ConditionMgr:438 - getConditionDescription Invalid condition id : UX DEVICE CLASS RTOS Condition cause : null
2025-01-17 13:47:13,661 [WARN] PackLoader:240 - Cannot read IP mode file for STMicroelectronics.X-CUBE-AZRTOS-WB.2.0.0
2025-01-17 13:47:13,661 [WARN] ConditionMgr:1039 - genDependencies : Invalid condition id : UX DEVICE CLASS RTOS Condition cause : null
2025-01-17 13:47:13,662 [WARN] ConditionMgr:1039 - genDependencies : Invalid condition id : UX DEVICE CLASS RTOS Condition cause : null
2025-01-17 13:47:13,662 [WARN] ConditionMgr:1039 - genDependencies : Invalid condition id : UX DEVICE CLASS RTOS Condition cause : null
2025-01-17 13:47:13,662 [WARN] ConditionMgr:1039 - genDependencies : Invalid condition id : UX DEVICE CLASS RTOS Condition cause : null
2025-01-17 13:47:13,662 [WARN] ConditionMgr:1039 - genDependencies : Invalid condition id : UX DEVICE CLASS RTOS Condition cause : null
2025-01-17 13:47:13,668 [WARN] PackLoader:240 - Cannot read IP mode file for STMicroelectronics.X-CUBE-FREERTOS.1.0.1
2025-01-17 13:47:13,672 [WARN] PackLoader:240 - Cannot read IP mode file for STMicroelectronics.X-CUBE-GNSS1.7.0.0
2025-01-17 13:47:13,677 [WARN] PackLoader:240 - Cannot read IP mode file for STMicroelectronics.X-CUBE-GNSS1.7.0.1
2025-01-17 13:47:13,685 [WARN] PackLoader:240 - Cannot read IP mode file for STMicroelectronics.FP-SNS-STBOX1.2.0.0
2025-01-17 13:47:13,699 [WARN] PackLoader:240 - Cannot read IP mode file for STMicroelectronics.X-CUBE-AZRTOS-L5.1.1.0
2025-01-17 13:47:13,705 [WARN] PackLoader:240 - Cannot read IP mode file for STMicroelectronics.X-CUBE-AI.8.0.1
2025-01-17 13:47:13,715 [WARN] PackLoader:240 - Cannot read IP mode file for STMicroelectronics.X-CUBE-SUBG2.5.0.0
2025-01-17 13:47:13,723 [WARN] PackLoader:240 - Cannot read IP mode file for Cesanta.I-CUBE-Mongoose.7.13.0
2025-01-17 13:47:13,731 [WARN] PackLoader:240 - Cannot read IP mode file for STMicroelectronics.X-CUBE-TOF1.3.3.1
2025-01-17 13:47:13,750 [WARN] PackLoader:240 - Cannot read IP mode file for STMicroelectronics.X-CUBE-AZRTOS-G4.2.0.0
2025-01-17 13:47:13,764 [WARN] PackLoader:240 - Cannot read IP mode file for Infineon.AIROC-Wi-Fi-Bluetooth-STM32.1.5.1
2025-01-17 13:47:13,770 [WARN] PackLoader:240 - Cannot read IP mode file for STMicroelectronics.FP-SNS-MOTENVWB1.1.3.0
2025-01-17 13:47:13,775 [WARN] PackLoader:240 - Cannot read IP mode file for STMicroelectronics.FP-SNS-MOTENVWB1.1.3.1
2025-01-17 13:47:13,780 [WARN] PackLoader:240 - Cannot read IP mode file for STMicroelectronics.X-CUBE-ISPU.2.0.0
2025-01-17 13:47:13,785 [ERROR] Engine:466 - C:\Users\66405\.stm32cubemx\thirdparties\pdsc\STMicroelectronics.X-CUBE-IPS.3.1.0.pdsc: PDSC version is not supported
2025-01-17 13:47:13,789 [WARN] PackLoader:240 - Cannot read IP mode file for STMicroelectronics.X-CUBE-ALS.1.0.2
2025-01-17 13:47:13,820 [WARN] PackLoader:240 - Cannot read IP mode file for STMicroelectronics.X-CUBE-MEMS1.10.0.0
2025-01-17 13:47:13,908 [WARN] PackLoader:240 - Cannot read IP mode file for STMicroelectronics.X-CUBE-FREERTOS.1.1.0
2025-01-17 13:47:13,913 [WARN] PackLoader:240 - Cannot read IP mode file for STMicroelectronics.X-CUBE-TOUCHGFX.4.24.0
2025-01-17 13:47:13,916 [WARN] PackLoader:240 - Cannot read IP mode file for STMicroelectronics.X-CUBE-TOUCHGFX.4.24.2
2025-01-17 13:47:13,919 [WARN] PackLoader:240 - Cannot read IP mode file for STMicroelectronics.X-CUBE-TOUCHGFX.4.24.1
2025-01-17 13:47:13,923 [WARN] PackLoader:240 - Cannot read IP mode file for wolfSSL.I-CUBE-wolfTPM.3.4.0
2025-01-17 13:47:13,930 [WARN] PackLoader:240 - Cannot read IP mode file for portGmbH.I-Cube-SoM-uGOAL.1.1.0
2025-01-17 13:47:13,934 [WARN] PackLoader:240 - Cannot read IP mode file for STMicroelectronics.X-CUBE-ALS.1.0.1
2025-01-17 13:47:13,944 [WARN] PackLoader:240 - Cannot read IP mode file for STMicroelectronics.X-CUBE-AZRTOS-WB.1.1.0
2025-01-17 13:47:13,959 [WARN] PackLoader:240 - Cannot read IP mode file for STMicroelectronics.X-CUBE-AZRTOS-H7RS.1.0.0
2025-01-17 13:47:13,965 [WARN] PackLoader:240 - Cannot read IP mode file for STMicroelectronics.FP-ATR-ASTRA1.2.0.0
2025-01-17 13:47:13,974 [WARN] PackLoader:240 - Cannot read IP mode file for STMicroelectronics.X-CUBE-TOF1.3.4.2
2025-01-17 13:47:13,990 [WARN] PackLoader:240 - Cannot read IP mode file for STMicroelectronics.X-CUBE-TOF1.3.4.1
2025-01-17 13:47:14,011 [WARN] PackLoader:240 - Cannot read IP mode file for STMicroelectronics.X-CUBE-AZRTOS-H7.3.2.0
2025-01-17 13:47:14,018 [WARN] PackLoader:240 - Cannot read IP mode file for wolfSSL.I-CUBE-wolfSSH.1.4.17
2025-01-17 13:47:14,019 [INFO] ThirdParty:978 - Integrity check success = true
2025-01-17 13:47:14,019 [INFO] IntegrityCheckThread:100 - exiting critical section [integrity check]
2025-01-17 13:47:14,019 [INFO] IntegrityCheckThread:103 - End integrity checks thread
2025-01-17 13:52:56,934 [INFO] McuFinderGlobals:63 - Set McuFinder mode to 2 (CubeIDE integrated)
2025-01-17 13:52:56,946 [INFO] MainUpdater:2873 - connection check result : 10
2025-01-17 13:52:56,948 [INFO] MainUpdater:2873 - connection check result : 10
2025-01-17 13:52:57,022 [INFO] MicroXplorer:468 - Change Database Path : 
2025-01-17 13:52:57,022 [INFO] MicroXplorer:498 - Change Database Version : DB.6.0.110
2025-01-17 13:52:57,039 [WARN] ThirdParty:871 - waiting for thirdparty lock release [close project]
2025-01-17 13:52:57,039 [INFO] ThirdParty:873 - entering critical section [close project]
2025-01-17 13:52:57,040 [INFO] ThirdParty:883 - exiting critical section [close project]
2025-01-17 13:52:57,045 [INFO] PinOutPanel:1561 - setPackage(No Configuration,No Configuration)
2025-01-17 13:52:57,051 [INFO] UtilMem:75 - Begin LoadConfig() Used Memory: 754224016 Bytes (1073741824)
2025-01-17 13:52:57,052 [INFO] MicroXplorer:468 - Change Database Path : 
2025-01-17 13:52:57,053 [INFO] MicroXplorer:498 - Change Database Version : DB.6.0.110
2025-01-17 13:52:57,053 [INFO] OpenFileManager:312 - Change cursor
2025-01-17 13:52:57,091 [INFO] Mcu:2021 - Initializing MCU STM32L476R(C-E-G)Tx STM32L476RGTx STM32L476RGT3
2025-01-17 13:52:59,904 [INFO] Context:663 - Trying to add GPIOservice into a context  which must be forbidden
2025-01-17 13:53:00,819 [INFO] RtosManager:555 - Registered RTOS mode: class=CMSIS, group=RTOS, mode=CMSIS_V1, owner=FREERTOS
2025-01-17 13:53:00,819 [INFO] RtosManager:555 - Registered RTOS mode: class=CMSIS, group=RTOS2, mode=CMSIS_V2, owner=FREERTOS
2025-01-17 13:53:00,819 [INFO] RtosManager:555 - Registered RTOS mode: class=RTOS, group=Core, mode=CMSIS_V1, owner=FREERTOS
2025-01-17 13:53:00,819 [INFO] RtosManager:555 - Registered RTOS mode: class=RTOS, group=Core, mode=CMSIS_V2, owner=FREERTOS
2025-01-17 13:53:00,819 [WARN] ModelIntegratedComponent:184 - Missing modes for component STMicroelectronics:FreeRTOS:0.0.1:STMicroelectronics:RTOS:FreeRTOS:Core:::10.2.0:
2025-01-17 13:53:00,825 [WARN] ModelIntegratedComponent:63 - No mode defined for component null
2025-01-17 13:53:00,826 [WARN] ModelIntegratedComponent:63 - No mode defined for component null
2025-01-17 13:53:00,826 [WARN] ModelIntegratedComponent:63 - No mode defined for component null
2025-01-17 13:53:00,826 [WARN] ModelIntegratedComponent:63 - No mode defined for component null
2025-01-17 13:53:00,826 [WARN] ModelIntegratedComponent:63 - No mode defined for component null
2025-01-17 13:53:00,826 [WARN] ModelIntegratedComponent:63 - No mode defined for component null
2025-01-17 13:53:00,827 [WARN] ModelIntegratedComponent:63 - No mode defined for component null
2025-01-17 13:53:00,827 [WARN] ModelIntegratedComponent:63 - No mode defined for component null
2025-01-17 13:53:00,827 [WARN] ModelIntegratedComponent:63 - No mode defined for component null
2025-01-17 13:53:00,827 [WARN] ModelIntegratedComponent:63 - No mode defined for component null
2025-01-17 13:53:00,827 [WARN] ModelIntegratedComponent:63 - No mode defined for component null
2025-01-17 13:53:00,827 [WARN] ModelIntegratedComponent:63 - No mode defined for component null
2025-01-17 13:53:00,827 [WARN] ModelIntegratedComponent:63 - No mode defined for component null
2025-01-17 13:53:00,827 [WARN] ModelIntegratedComponent:63 - No mode defined for component null
2025-01-17 13:53:00,827 [WARN] ModelIntegratedComponent:63 - No mode defined for component null
2025-01-17 13:53:00,827 [WARN] ModelIntegratedComponent:63 - No mode defined for component null
2025-01-17 13:53:00,827 [WARN] ModelIntegratedComponent:63 - No mode defined for component null
2025-01-17 13:53:00,827 [WARN] ModelIntegratedComponent:63 - No mode defined for component null
2025-01-17 13:53:00,827 [WARN] ModelIntegratedComponent:63 - No mode defined for component null
2025-01-17 13:53:00,827 [WARN] ModelIntegratedComponent:63 - No mode defined for component null
2025-01-17 13:53:00,827 [WARN] ModelIntegratedComponent:63 - No mode defined for component null
2025-01-17 13:53:00,827 [WARN] ModelIntegratedComponent:63 - No mode defined for component null
2025-01-17 13:53:00,827 [WARN] ModelIntegratedComponent:63 - No mode defined for component null
2025-01-17 13:53:00,827 [WARN] ModelIntegratedComponent:63 - No mode defined for component null
2025-01-17 13:53:00,827 [WARN] ModelIntegratedComponent:63 - No mode defined for component null
2025-01-17 13:53:00,827 [WARN] ModelIntegratedComponent:63 - No mode defined for component null
2025-01-17 13:53:00,827 [WARN] ModelIntegratedComponent:63 - No mode defined for component null
2025-01-17 13:53:00,827 [WARN] ModelIntegratedComponent:63 - No mode defined for component null
2025-01-17 13:53:00,827 [WARN] ModelIntegratedComponent:63 - No mode defined for component null
2025-01-17 13:53:00,827 [WARN] ModelIntegratedComponent:63 - No mode defined for component null
2025-01-17 13:53:00,827 [WARN] ModelIntegratedComponent:63 - No mode defined for component null
2025-01-17 13:53:00,827 [WARN] ModelIntegratedComponent:63 - No mode defined for component null
2025-01-17 13:53:00,827 [WARN] ModelIntegratedComponent:63 - No mode defined for component null
2025-01-17 13:53:00,828 [WARN] ModelIntegratedComponent:63 - No mode defined for component null
2025-01-17 13:53:01,038 [INFO] ThirdPartyModel:298 - Start build external matchings
2025-01-17 13:53:02,767 [INFO] ThirdPartyModel:316 - End build external matchings
2025-01-17 13:53:02,812 [INFO] RtosManager:919 - Current active RTOS is FREERTOS [Cortex-M4NS]
2025-01-17 13:53:02,822 [INFO] ImportTextPane:194 - (OptionalMessage_ERROR) IP (RCC) : Invalid parameter (FamilyName)
2025-01-17 13:53:02,825 [INFO] ImportTextPane:194 - (OptionalMessage_ERROR) IP (RCC) : Parameter (RNGFreq_Value) has invalid value (64000000)
2025-01-17 13:53:02,825 [INFO] ImportTextPane:194 - (OptionalMessage_ERROR) IP (RCC) : Parameter (SDMMCFreq_Value) has invalid value (64000000)
2025-01-17 13:53:02,825 [INFO] ImportTextPane:194 - (OptionalMessage_ERROR) IP (RCC) : Parameter (USBFreq_Value) has invalid value (64000000)
2025-01-17 13:53:03,500 [INFO] ApiDb:581 - Connected to CubeFinder SQLite database (C:\Users\66405\.stmcufinder\plugins\mcufinder\mcu\cube-finder-db.db)
2025-01-17 13:53:03,601 [INFO] ApiDb:668 - CubeFinder database Data Model version=2.1
2025-01-17 13:53:03,601 [INFO] ApiDb:669 - CubeFinder database Configuration version=3.0.39
2025-01-17 13:53:03,601 [INFO] ApiDb:670 - CubeFinder database generation date=2024-10-15 (1729006872)
2025-01-17 13:53:03,602 [INFO] ApiDb:671 - CubeFinder database FW Pack versions=[FP-ATR-ASTRA1_V2.0.0, FP-SNS-FLIGHT1_V5.0.2, FP-SNS-MOTENV1_V5.0.0, FP-SNS-MOTENVWB1_V1.4.0, FP-SNS-SMARTAG2_V1.2.0, FP-SNS-STBOX1_V2.0.0, STM32Cube_FW_C0_V1.2.0, STM32Cube_FW_F4_V1.28.1, STM32Cube_FW_F7_V1.17.2, STM32Cube_FW_G0_V1.6.2, STM32Cube_FW_G4_V1.6.0, STM32Cube_FW_H5_V1.3.0, STM32Cube_FW_H7RS_V1.1.0, STM32Cube_FW_H7_V1.11.2, STM32Cube_FW_L0_V1.12.2, STM32Cube_FW_L5_V1.5.1, STM32Cube_FW_U0_V1.1.0, STM32Cube_FW_U5_V1.6.0, STM32Cube_FW_WB0_V1.0.0, STM32Cube_FW_WBA_V1.4.1, STM32Cube_FW_WB_V1.20.0, STM32Cube_FW_WL_V1.3.0, X-CUBE-ALGOBUILD_V1.4.0, X-CUBE-ALS_V1.0.2, X-CUBE-AZRTOS-F4_V1.1.0, X-CUBE-AZRTOS-F7_V1.1.0, X-CUBE-AZRTOS-G0_V1.1.0, X-CUBE-AZRTOS-G4_V2.0.0, X-CUBE-AZRTOS-H7RS_V1.0.0, X-CUBE-AZRTOS-H7_V3.3.0, X-CUBE-AZRTOS-L4_V2.0.0, X-CUBE-AZRTOS-L5_V2.0.0, X-CUBE-AZRTOS-WB_V2.0.0, X-CUBE-AZRTOS-WL_V2.0.0, X-CUBE-BLE1_V7.0.0, X-CUBE-BLE2_V3.3.0, X-CUBE-BLEMGR_V3.1.0, X-CUBE-EEPRMA1_V5.1.0, X-CUBE-FREERTOS_V1.2.0, X-CUBE-GNSS1_V6.0.0, X-CUBE-MEMS1_V11.0.0, X-CUBE-NFC4_V3.0.0, X-CUBE-NFC7_V1.0.1, X-CUBE-SFXS2LP1_V4.0.0, X-CUBE-SUBG2_V5.0.0, X-CUBE-TOF1_V3.4.2]
2025-01-17 13:53:03,755 [INFO] DbBoardsSqlite:226 - include board P-NUCLEO-WB55-NUCLEO as a kit item of type 'Nucleo-64'
2025-01-17 13:53:03,755 [INFO] DbBoardsSqlite:226 - include board P-NUCLEO-WB55-USBDONGLE as a kit item of type 'Nucleo USB Dongle'
2025-01-17 13:53:03,757 [INFO] DbBoardsSqlite:226 - include board STEVAL-IDP005V1 as a kit item of type 'Evaluation Board'
2025-01-17 13:53:03,757 [INFO] DbBoardsSqlite:226 - include board STEVAL-IDP005V2 as a kit item of type 'Evaluation Board'
2025-01-17 13:53:04,189 [INFO] ApiDb:240 - Found 483 in-development CPN: [B-G473E-ZEST1S, B-WB1M-WPAN1, B-WL5M-SUBG1, NUCLEO-C031C6, NUCLEO-H503RB, NUCLEO-H533RE, NUCLEO-H563ZI, NUCLEO-H7S3L8, NUCLEO-U031R8, NUCLEO-U083RC, NUCLEO-U545RE-Q, NUCLEO-U5A5ZJ-Q, NUCLEO-WBA52CG, NUCLEO-WBA55CG, STEVAL-PROTEUS1, STEVAL-SMARTAG2, STEVAL-STWINBX1, STM320518-EVAL, STM32C0116-DK, STM32C011D6Y3TR, STM32C011D6Y6TR, STM32C011F4P3, STM32C011F4P6, STM32C011F4U3, STM32C011F4U6TR, STM32C011F6P3, STM32C011F6P6, STM32C011F6U3, STM32C011F6U6TR, STM32C011J4M3, STM32C011J4M6, STM32C011J6M3, STM32C011J6M6, STM32C0316-DK, STM32C031C4T3, STM32C031C4T6, STM32C031C4U3, STM32C031C4U6, STM32C031C6T3, STM32C031C6T6, STM32C031C6U3, STM32C031C6U6, STM32C031F4P3, STM32C031F4P6, STM32C031F6P3, STM32C031F6P6, STM32C031G4U3, STM32C031G4U6, STM32C031G6U3, STM32C031G6U6, STM32C031K4T3, STM32C031K4T6, STM32C031K4U3, STM32C031K4U6, STM32C031K6T3, STM32C031K6T6, STM32C031K6U3, STM32C031K6U6, STM32G071K8TXN, STM32G071K8UXN, STM32G081GBU6N, STM32G081KBT6N, STM32G081KBUXN, STM32G0B1CCT6N, STM32G0B1KCT6, STM32G0B1NEY6TR, STM32G0B1RCT6N, STM32G0C1CCT6, STM32G0C1CCT6N, STM32G0C1CCU6N, STM32G0C1CET6N, STM32G0C1CEU6N, STM32G0C1KCT6, STM32G0C1NEY6TR, STM32G0C1RCI6N, STM32G0C1RCT6N, STM32G0C1REI6N, STM32G0C1RET6N, STM32G0C1VCI6, STM32G0C1VEI6, STM32G471CCT6, STM32G471CCU6, STM32G471CET3, STM32G471CET6, STM32G471CEU3, STM32G471CEU6, STM32G471MCT6, STM32G471MET3, STM32G471MET6, STM32G471MEY6TR, STM32G471QCT6, STM32G471QET3, STM32G471RCT6, STM32G471RET3, STM32G471RET6, STM32G471VCH6, STM32G471VCI6, STM32G471VCT6, STM32G471VEH3, STM32G471VEH6, STM32G471VEI3, STM32G471VEI6, STM32G471VET3, STM32G471VET6, STM32G474CCT6, STM32H503CBT6, STM32H503CBU6, STM32H503EBY6TR, STM32H503KBU6, STM32H503RBT6, STM32H523CCT6, STM32H523CCU6, STM32H523CET6, STM32H523CEU6, STM32H523HEY6TR, STM32H523RCT6, STM32H523RET6, STM32H523VCI6, STM32H523VCT6, STM32H523VEI6, STM32H523VET6, STM32H523ZCJ6, STM32H523ZCT6, STM32H523ZEJ6, STM32H523ZET6, STM32H533CET6, STM32H533CEU6, STM32H533HEY6TR, STM32H533RET6, STM32H533VEI6, STM32H533VET6, STM32H533ZEJ6, STM32H533ZET6, STM32H562AGI6, STM32H562AII6, STM32H562IGK6, STM32H562IGT6, STM32H562IIK6, STM32H562IIT6, STM32H562RGT6, STM32H562RGV6, STM32H562RIT6, STM32H562RIV6, STM32H562VGT6, STM32H562VIT6, STM32H562ZGT6, STM32H562ZIT6, STM32H563AGI6, STM32H563AII3Q, STM32H563AII6, STM32H563IGK6, STM32H563IGT6, STM32H563IIK3Q, STM32H563IIK6, STM32H563IIT3Q, STM32H563IIT6, STM32H563MIY3QTR, STM32H563RGT6, STM32H563RGV6, STM32H563RIT6, STM32H563RIV6, STM32H563VGT6, STM32H563VIT3Q, STM32H563VIT6, STM32H563ZGT6, STM32H563ZIT3Q, STM32H563ZIT6, STM32H573AII3Q, STM32H573AII6, STM32H573I-DK, STM32H573IIK3Q, STM32H573IIK6, STM32H573IIT3Q, STM32H573IIT6, STM32H573MIY3QTR, STM32H573RIT6, STM32H573RIV6, STM32H573VIT3Q, STM32H573VIT6, STM32H573ZIT3Q, STM32H573ZIT6, STM32H7R3A8I6, STM32H7R3I8K6, STM32H7R3I8T6, STM32H7R3L8H6, STM32H7R3L8H6H, STM32H7R3R8V6, STM32H7R3V8H6, STM32H7R3V8T6, STM32H7R3V8Y6, STM32H7R3Z8J6, STM32H7R3Z8T6, STM32H7R7A8I6, STM32H7R7I8K6, STM32H7R7I8T6, STM32H7R7L8H6, STM32H7R7L8H6H, STM32H7R7Z8J6, STM32H7S3A8I6, STM32H7S3I8K6, STM32H7S3I8T6, STM32H7S3L8H6, STM32H7S3L8H6H, STM32H7S3R8V6, STM32H7S3V8H6, STM32H7S3V8T6, STM32H7S3V8Y6, STM32H7S3Z8J6, STM32H7S3Z8T6, STM32H7S78-DK, STM32H7S7A8I6, STM32H7S7I8K6, STM32H7S7I8T6, STM32H7S7L8H6, STM32H7S7L8H6H, STM32H7S7Z8J6, STM32L4R5QGI6STR, STM32MP131AAE3, STM32MP131AAF3, STM32MP131AAG3, STM32MP131CAE3, STM32MP131CAF3, STM32MP131CAG3, STM32MP131DAE7, STM32MP131DAF7, STM32MP131DAG7, STM32MP131FAE7, STM32MP131FAF7, STM32MP131FAG7, STM32MP133AAE3, STM32MP133AAF3, STM32MP133AAG3, STM32MP133CAE3, STM32MP133CAF3, STM32MP133CAG3, STM32MP133DAE7, STM32MP133DAF7, STM32MP133DAG7, STM32MP133FAE7, STM32MP133FAF7, STM32MP133FAG7, STM32MP135AAE3, STM32MP135AAF3, STM32MP135AAG3, STM32MP135CAE3, STM32MP135CAF3, STM32MP135CAG3, STM32MP135DAE7, STM32MP135DAF7, STM32MP135DAG7, STM32MP135F-DK, STM32MP135FAE7, STM32MP135FAF7, STM32MP135FAF7T, STM32MP135FAF7U, STM32MP135FAG7, STM32U031C6T6, STM32U031C6U6, STM32U031C8T6, STM32U031C8U6, STM32U031F4P6, STM32U031F6P6, STM32U031F8P6, STM32U031G6Y6TR, STM32U031G8Y6TR, STM32U031K4U6, STM32U031K6U6, STM32U031K8U6, STM32U031R6I6, STM32U031R6T6, STM32U031R8I6, STM32U031R8T6, STM32U073C8T6, STM32U073C8U6, STM32U073CBT6, STM32U073CBU6, STM32U073CCT6, STM32U073CCU6, STM32U073H8Y6TR, STM32U073HBY6TR, STM32U073HCY6TR, STM32U073K8U6, STM32U073KBU6, STM32U073KCU6, STM32U073M8I6, STM32U073M8T6, STM32U073MBI6, STM32U073MBT6, STM32U073MCI6, STM32U073MCT6, STM32U073R8I6, STM32U073R8T6, STM32U073RBI6, STM32U073RBT6, STM32U073RCI6, STM32U073RCT6, STM32U083C-DK, STM32U083CCT6, STM32U083CCU6, STM32U083HCY6TR, STM32U083KCU6, STM32U083MCI6, STM32U083MCT6, STM32U083RCI6, STM32U083RCT6, STM32U535CBT6, STM32U535CBT6Q, STM32U535CBU6, STM32U535CBU6Q, STM32U535CCT6, STM32U535CCT6Q, STM32U535CCU6, STM32U535CCU6Q, STM32U535CET6, STM32U535CET6Q, STM32U535CEU6, STM32U535CEU6Q, STM32U535JEY6QTR, STM32U535NCY6QTR, STM32U535NEY6QTR, STM32U535RBI6, STM32U535RBI6Q, STM32U535RBT6, STM32U535RBT6Q, STM32U535RCI6, STM32U535RCI6Q, STM32U535RCT6, STM32U535RCT6Q, STM32U535REI6, STM32U535REI6Q, STM32U535RET6, STM32U535RET6Q, STM32U535VCI6, STM32U535VCI6Q, STM32U535VCT6, STM32U535VCT6Q, STM32U535VEI6, STM32U535VEI6Q, STM32U535VET6, STM32U535VET6Q, STM32U545CET6, STM32U545CET6Q, STM32U545CEU6, STM32U545CEU6Q, STM32U545JEY6QTR, STM32U545NEY6QTR, STM32U545REI6, STM32U545REI6Q, STM32U545RET6, STM32U545RET6Q, STM32U545VEI6, STM32U545VEI6Q, STM32U545VET6, STM32U545VET6Q, STM32U595AIH6, STM32U595AIH6Q, STM32U595AJH6, STM32U595AJH6Q, STM32U595QII6, STM32U595QII6Q, STM32U595QJI6, STM32U595QJI6Q, STM32U595RIT6, STM32U595RIT6Q, STM32U595RJT6, STM32U595RJT6Q, STM32U595VIT6, STM32U595VIT6Q, STM32U595VJT6, STM32U595VJT6Q, STM32U595ZIT6, STM32U595ZIT6Q, STM32U595ZIY6QTR, STM32U595ZJT6, STM32U595ZJT6Q, STM32U595ZJY6QTR, STM32U599BJY6QTR, STM32U599NIH6Q, STM32U599NJH6Q, STM32U599VIT6Q, STM32U599VJT6, STM32U599VJT6Q, STM32U599ZIT6Q, STM32U599ZIY6QTR, STM32U599ZJT6Q, STM32U599ZJY6QTR, STM32U5A5AJH6, STM32U5A5AJH6Q, STM32U5A5QII3Q , STM32U5A5QJI6, STM32U5A5QJI6Q, STM32U5A5RJT6, STM32U5A5RJT6Q, STM32U5A5VJT6, STM32U5A5VJT6Q, STM32U5A5ZJT6, STM32U5A5ZJT6Q, STM32U5A5ZJY6QTR, STM32U5A9BJY6QTR, STM32U5A9J-DK, STM32U5A9NJH6Q, STM32U5A9VJT6Q, STM32U5A9ZJT6Q, STM32U5A9ZJY6QTR, STM32U5F7VIT6, STM32U5F7VIT6Q, STM32U5F7VJT6, STM32U5F7VJT6Q, STM32U5F9BJY6QTR, STM32U5F9NJH6Q, STM32U5F9VIT6Q, STM32U5F9VJT6Q, STM32U5F9ZIJ6QTR, STM32U5F9ZIT6Q, STM32U5F9ZJJ6QTR, STM32U5F9ZJT6Q, STM32U5G7VJT6, STM32U5G7VJT6Q, STM32U5G9BJY6QTR, STM32U5G9J-DK1, STM32U5G9J-DK2, STM32U5G9NJH6Q, STM32U5G9VJT6Q, STM32U5G9ZJJ6QTR, STM32U5G9ZJT6Q, STM32WB1MMCH6, STM32WBA50KEU6, STM32WBA50KEU6TR, STM32WBA50KGU6, STM32WBA50KGU6TR, STM32WBA52CEU6, STM32WBA52CEU6TR, STM32WBA52CEU7, STM32WBA52CEU7TR, STM32WBA52CGU6, STM32WBA52CGU6TR, STM32WBA52CGU6U, STM32WBA52CGU7, STM32WBA52CGU7TR, STM32WBA52KEU6, STM32WBA52KEU6TR, STM32WBA52KGU6, STM32WBA52KGU6TR, STM32WBA54CEU6, STM32WBA54CEU6TR, STM32WBA54CEU7, STM32WBA54CEU7TR, STM32WBA54CGU6, STM32WBA54CGU6TR, STM32WBA54CGU7, STM32WBA54CGU7TR, STM32WBA54KEU6, STM32WBA54KEU6TR, STM32WBA54KEU7, STM32WBA54KEU7TR, STM32WBA54KGU6, STM32WBA54KGU6TR, STM32WBA54KGU7, STM32WBA54KGU7TR, STM32WBA55CEU6, STM32WBA55CEU6TR, STM32WBA55CEU7, STM32WBA55CEU7TR, STM32WBA55CGU6, STM32WBA55CGU6TR, STM32WBA55CGU6U, STM32WBA55CGU7, STM32WBA55CGU7TR, STM32WBA55G-DK1, STM32WBA55HEF6, STM32WBA55HEF7, STM32WBA55HGF6, STM32WBA55HGF7, STM32WBA55UEI6, STM32WBA55UEI6TR, STM32WBA55UEI7, STM32WBA55UEI7TR, STM32WBA55UGI6, STM32WBA55UGI6TR, STM32WBA55UGI7, STM32WBA55UGI7TR, STM32WL5MOCH6, STM32WL5MOCH6TR]
2025-01-17 13:53:04,261 [INFO] BoardInfo:889 - No configuration file found for board NUCLEO-C071RB
2025-01-17 13:53:04,262 [INFO] DbBoards:161 - Board is not supported: NUCLEO-C071RB
2025-01-17 13:53:04,372 [INFO] BoardInfo:889 - No configuration file found for board NUCLEO-WB05KZ
2025-01-17 13:53:04,372 [INFO] DbBoards:161 - Board is not supported: NUCLEO-WB05KZ
2025-01-17 13:53:04,373 [INFO] BoardInfo:889 - No configuration file found for board NUCLEO-WB07CC
2025-01-17 13:53:04,374 [INFO] DbBoards:161 - Board is not supported: NUCLEO-WB07CC
2025-01-17 13:53:04,375 [INFO] BoardInfo:889 - No configuration file found for board NUCLEO-WB09KE
2025-01-17 13:53:04,376 [INFO] DbBoards:161 - Board is not supported: NUCLEO-WB09KE
2025-01-17 13:53:04,386 [INFO] BoardInfo:889 - No configuration file found for board P-NUCLEO-WB55
2025-01-17 13:53:04,387 [INFO] DbBoards:161 - Kit is not supported: P-NUCLEO-WB55
2025-01-17 13:53:04,395 [INFO] BoardInfo:889 - No configuration file found for board STEVAL-BFA001V1B
2025-01-17 13:53:04,396 [INFO] DbBoards:161 - Kit is not supported: STEVAL-BFA001V1B
2025-01-17 13:53:04,397 [INFO] BoardInfo:889 - No configuration file found for board STEVAL-BFA001V2B
2025-01-17 13:53:04,398 [INFO] DbBoards:161 - Kit is not supported: STEVAL-BFA001V2B
2025-01-17 13:53:04,521 [INFO] BoardInfo:889 - No configuration file found for board STM32MP257F-DK
2025-01-17 13:53:04,521 [INFO] DbBoards:161 - Board is not supported: STM32MP257F-DK
2025-01-17 13:53:04,522 [INFO] BoardInfo:889 - No configuration file found for board STM32MP257F-EV1
2025-01-17 13:53:04,523 [INFO] DbBoards:161 - Board is not supported: STM32MP257F-EV1
2025-01-17 13:53:04,535 [INFO] DbBoards:168 - Found 201 boards, 192 are supported
2025-01-17 13:53:04,535 [INFO] DbBoards:169 - Found 201 boards, 8 of them is supported for  Bsp
2025-01-17 13:53:04,538 [INFO] ApiDb:668 - CubeFinder database Data Model version=2.1
2025-01-17 13:53:04,538 [INFO] ApiDb:669 - CubeFinder database Configuration version=3.0.39
2025-01-17 13:53:04,538 [INFO] ApiDb:670 - CubeFinder database generation date=2024-10-15 (1729006872)
2025-01-17 13:53:04,538 [INFO] ApiDb:671 - CubeFinder database FW Pack versions=[FP-ATR-ASTRA1_V2.0.0, FP-SNS-FLIGHT1_V5.0.2, FP-SNS-MOTENV1_V5.0.0, FP-SNS-MOTENVWB1_V1.4.0, FP-SNS-SMARTAG2_V1.2.0, FP-SNS-STBOX1_V2.0.0, STM32Cube_FW_C0_V1.2.0, STM32Cube_FW_F4_V1.28.1, STM32Cube_FW_F7_V1.17.2, STM32Cube_FW_G0_V1.6.2, STM32Cube_FW_G4_V1.6.0, STM32Cube_FW_H5_V1.3.0, STM32Cube_FW_H7RS_V1.1.0, STM32Cube_FW_H7_V1.11.2, STM32Cube_FW_L0_V1.12.2, STM32Cube_FW_L5_V1.5.1, STM32Cube_FW_U0_V1.1.0, STM32Cube_FW_U5_V1.6.0, STM32Cube_FW_WB0_V1.0.0, STM32Cube_FW_WBA_V1.4.1, STM32Cube_FW_WB_V1.20.0, STM32Cube_FW_WL_V1.3.0, X-CUBE-ALGOBUILD_V1.4.0, X-CUBE-ALS_V1.0.2, X-CUBE-AZRTOS-F4_V1.1.0, X-CUBE-AZRTOS-F7_V1.1.0, X-CUBE-AZRTOS-G0_V1.1.0, X-CUBE-AZRTOS-G4_V2.0.0, X-CUBE-AZRTOS-H7RS_V1.0.0, X-CUBE-AZRTOS-H7_V3.3.0, X-CUBE-AZRTOS-L4_V2.0.0, X-CUBE-AZRTOS-L5_V2.0.0, X-CUBE-AZRTOS-WB_V2.0.0, X-CUBE-AZRTOS-WL_V2.0.0, X-CUBE-BLE1_V7.0.0, X-CUBE-BLE2_V3.3.0, X-CUBE-BLEMGR_V3.1.0, X-CUBE-EEPRMA1_V5.1.0, X-CUBE-FREERTOS_V1.2.0, X-CUBE-GNSS1_V6.0.0, X-CUBE-MEMS1_V11.0.0, X-CUBE-NFC4_V3.0.0, X-CUBE-NFC7_V1.0.1, X-CUBE-SFXS2LP1_V4.0.0, X-CUBE-SUBG2_V5.0.0, X-CUBE-TOF1_V3.4.2]
2025-01-17 13:53:06,826 [INFO] ApiDb:240 - Found 483 in-development CPN: [B-G473E-ZEST1S, B-WB1M-WPAN1, B-WL5M-SUBG1, NUCLEO-C031C6, NUCLEO-H503RB, NUCLEO-H533RE, NUCLEO-H563ZI, NUCLEO-H7S3L8, NUCLEO-U031R8, NUCLEO-U083RC, NUCLEO-U545RE-Q, NUCLEO-U5A5ZJ-Q, NUCLEO-WBA52CG, NUCLEO-WBA55CG, STEVAL-PROTEUS1, STEVAL-SMARTAG2, STEVAL-STWINBX1, STM320518-EVAL, STM32C0116-DK, STM32C011D6Y3TR, STM32C011D6Y6TR, STM32C011F4P3, STM32C011F4P6, STM32C011F4U3, STM32C011F4U6TR, STM32C011F6P3, STM32C011F6P6, STM32C011F6U3, STM32C011F6U6TR, STM32C011J4M3, STM32C011J4M6, STM32C011J6M3, STM32C011J6M6, STM32C0316-DK, STM32C031C4T3, STM32C031C4T6, STM32C031C4U3, STM32C031C4U6, STM32C031C6T3, STM32C031C6T6, STM32C031C6U3, STM32C031C6U6, STM32C031F4P3, STM32C031F4P6, STM32C031F6P3, STM32C031F6P6, STM32C031G4U3, STM32C031G4U6, STM32C031G6U3, STM32C031G6U6, STM32C031K4T3, STM32C031K4T6, STM32C031K4U3, STM32C031K4U6, STM32C031K6T3, STM32C031K6T6, STM32C031K6U3, STM32C031K6U6, STM32G071K8TXN, STM32G071K8UXN, STM32G081GBU6N, STM32G081KBT6N, STM32G081KBUXN, STM32G0B1CCT6N, STM32G0B1KCT6, STM32G0B1NEY6TR, STM32G0B1RCT6N, STM32G0C1CCT6, STM32G0C1CCT6N, STM32G0C1CCU6N, STM32G0C1CET6N, STM32G0C1CEU6N, STM32G0C1KCT6, STM32G0C1NEY6TR, STM32G0C1RCI6N, STM32G0C1RCT6N, STM32G0C1REI6N, STM32G0C1RET6N, STM32G0C1VCI6, STM32G0C1VEI6, STM32G471CCT6, STM32G471CCU6, STM32G471CET3, STM32G471CET6, STM32G471CEU3, STM32G471CEU6, STM32G471MCT6, STM32G471MET3, STM32G471MET6, STM32G471MEY6TR, STM32G471QCT6, STM32G471QET3, STM32G471RCT6, STM32G471RET3, STM32G471RET6, STM32G471VCH6, STM32G471VCI6, STM32G471VCT6, STM32G471VEH3, STM32G471VEH6, STM32G471VEI3, STM32G471VEI6, STM32G471VET3, STM32G471VET6, STM32G474CCT6, STM32H503CBT6, STM32H503CBU6, STM32H503EBY6TR, STM32H503KBU6, STM32H503RBT6, STM32H523CCT6, STM32H523CCU6, STM32H523CET6, STM32H523CEU6, STM32H523HEY6TR, STM32H523RCT6, STM32H523RET6, STM32H523VCI6, STM32H523VCT6, STM32H523VEI6, STM32H523VET6, STM32H523ZCJ6, STM32H523ZCT6, STM32H523ZEJ6, STM32H523ZET6, STM32H533CET6, STM32H533CEU6, STM32H533HEY6TR, STM32H533RET6, STM32H533VEI6, STM32H533VET6, STM32H533ZEJ6, STM32H533ZET6, STM32H562AGI6, STM32H562AII6, STM32H562IGK6, STM32H562IGT6, STM32H562IIK6, STM32H562IIT6, STM32H562RGT6, STM32H562RGV6, STM32H562RIT6, STM32H562RIV6, STM32H562VGT6, STM32H562VIT6, STM32H562ZGT6, STM32H562ZIT6, STM32H563AGI6, STM32H563AII3Q, STM32H563AII6, STM32H563IGK6, STM32H563IGT6, STM32H563IIK3Q, STM32H563IIK6, STM32H563IIT3Q, STM32H563IIT6, STM32H563MIY3QTR, STM32H563RGT6, STM32H563RGV6, STM32H563RIT6, STM32H563RIV6, STM32H563VGT6, STM32H563VIT3Q, STM32H563VIT6, STM32H563ZGT6, STM32H563ZIT3Q, STM32H563ZIT6, STM32H573AII3Q, STM32H573AII6, STM32H573I-DK, STM32H573IIK3Q, STM32H573IIK6, STM32H573IIT3Q, STM32H573IIT6, STM32H573MIY3QTR, STM32H573RIT6, STM32H573RIV6, STM32H573VIT3Q, STM32H573VIT6, STM32H573ZIT3Q, STM32H573ZIT6, STM32H7R3A8I6, STM32H7R3I8K6, STM32H7R3I8T6, STM32H7R3L8H6, STM32H7R3L8H6H, STM32H7R3R8V6, STM32H7R3V8H6, STM32H7R3V8T6, STM32H7R3V8Y6, STM32H7R3Z8J6, STM32H7R3Z8T6, STM32H7R7A8I6, STM32H7R7I8K6, STM32H7R7I8T6, STM32H7R7L8H6, STM32H7R7L8H6H, STM32H7R7Z8J6, STM32H7S3A8I6, STM32H7S3I8K6, STM32H7S3I8T6, STM32H7S3L8H6, STM32H7S3L8H6H, STM32H7S3R8V6, STM32H7S3V8H6, STM32H7S3V8T6, STM32H7S3V8Y6, STM32H7S3Z8J6, STM32H7S3Z8T6, STM32H7S78-DK, STM32H7S7A8I6, STM32H7S7I8K6, STM32H7S7I8T6, STM32H7S7L8H6, STM32H7S7L8H6H, STM32H7S7Z8J6, STM32L4R5QGI6STR, STM32MP131AAE3, STM32MP131AAF3, STM32MP131AAG3, STM32MP131CAE3, STM32MP131CAF3, STM32MP131CAG3, STM32MP131DAE7, STM32MP131DAF7, STM32MP131DAG7, STM32MP131FAE7, STM32MP131FAF7, STM32MP131FAG7, STM32MP133AAE3, STM32MP133AAF3, STM32MP133AAG3, STM32MP133CAE3, STM32MP133CAF3, STM32MP133CAG3, STM32MP133DAE7, STM32MP133DAF7, STM32MP133DAG7, STM32MP133FAE7, STM32MP133FAF7, STM32MP133FAG7, STM32MP135AAE3, STM32MP135AAF3, STM32MP135AAG3, STM32MP135CAE3, STM32MP135CAF3, STM32MP135CAG3, STM32MP135DAE7, STM32MP135DAF7, STM32MP135DAG7, STM32MP135F-DK, STM32MP135FAE7, STM32MP135FAF7, STM32MP135FAF7T, STM32MP135FAF7U, STM32MP135FAG7, STM32U031C6T6, STM32U031C6U6, STM32U031C8T6, STM32U031C8U6, STM32U031F4P6, STM32U031F6P6, STM32U031F8P6, STM32U031G6Y6TR, STM32U031G8Y6TR, STM32U031K4U6, STM32U031K6U6, STM32U031K8U6, STM32U031R6I6, STM32U031R6T6, STM32U031R8I6, STM32U031R8T6, STM32U073C8T6, STM32U073C8U6, STM32U073CBT6, STM32U073CBU6, STM32U073CCT6, STM32U073CCU6, STM32U073H8Y6TR, STM32U073HBY6TR, STM32U073HCY6TR, STM32U073K8U6, STM32U073KBU6, STM32U073KCU6, STM32U073M8I6, STM32U073M8T6, STM32U073MBI6, STM32U073MBT6, STM32U073MCI6, STM32U073MCT6, STM32U073R8I6, STM32U073R8T6, STM32U073RBI6, STM32U073RBT6, STM32U073RCI6, STM32U073RCT6, STM32U083C-DK, STM32U083CCT6, STM32U083CCU6, STM32U083HCY6TR, STM32U083KCU6, STM32U083MCI6, STM32U083MCT6, STM32U083RCI6, STM32U083RCT6, STM32U535CBT6, STM32U535CBT6Q, STM32U535CBU6, STM32U535CBU6Q, STM32U535CCT6, STM32U535CCT6Q, STM32U535CCU6, STM32U535CCU6Q, STM32U535CET6, STM32U535CET6Q, STM32U535CEU6, STM32U535CEU6Q, STM32U535JEY6QTR, STM32U535NCY6QTR, STM32U535NEY6QTR, STM32U535RBI6, STM32U535RBI6Q, STM32U535RBT6, STM32U535RBT6Q, STM32U535RCI6, STM32U535RCI6Q, STM32U535RCT6, STM32U535RCT6Q, STM32U535REI6, STM32U535REI6Q, STM32U535RET6, STM32U535RET6Q, STM32U535VCI6, STM32U535VCI6Q, STM32U535VCT6, STM32U535VCT6Q, STM32U535VEI6, STM32U535VEI6Q, STM32U535VET6, STM32U535VET6Q, STM32U545CET6, STM32U545CET6Q, STM32U545CEU6, STM32U545CEU6Q, STM32U545JEY6QTR, STM32U545NEY6QTR, STM32U545REI6, STM32U545REI6Q, STM32U545RET6, STM32U545RET6Q, STM32U545VEI6, STM32U545VEI6Q, STM32U545VET6, STM32U545VET6Q, STM32U595AIH6, STM32U595AIH6Q, STM32U595AJH6, STM32U595AJH6Q, STM32U595QII6, STM32U595QII6Q, STM32U595QJI6, STM32U595QJI6Q, STM32U595RIT6, STM32U595RIT6Q, STM32U595RJT6, STM32U595RJT6Q, STM32U595VIT6, STM32U595VIT6Q, STM32U595VJT6, STM32U595VJT6Q, STM32U595ZIT6, STM32U595ZIT6Q, STM32U595ZIY6QTR, STM32U595ZJT6, STM32U595ZJT6Q, STM32U595ZJY6QTR, STM32U599BJY6QTR, STM32U599NIH6Q, STM32U599NJH6Q, STM32U599VIT6Q, STM32U599VJT6, STM32U599VJT6Q, STM32U599ZIT6Q, STM32U599ZIY6QTR, STM32U599ZJT6Q, STM32U599ZJY6QTR, STM32U5A5AJH6, STM32U5A5AJH6Q, STM32U5A5QII3Q , STM32U5A5QJI6, STM32U5A5QJI6Q, STM32U5A5RJT6, STM32U5A5RJT6Q, STM32U5A5VJT6, STM32U5A5VJT6Q, STM32U5A5ZJT6, STM32U5A5ZJT6Q, STM32U5A5ZJY6QTR, STM32U5A9BJY6QTR, STM32U5A9J-DK, STM32U5A9NJH6Q, STM32U5A9VJT6Q, STM32U5A9ZJT6Q, STM32U5A9ZJY6QTR, STM32U5F7VIT6, STM32U5F7VIT6Q, STM32U5F7VJT6, STM32U5F7VJT6Q, STM32U5F9BJY6QTR, STM32U5F9NJH6Q, STM32U5F9VIT6Q, STM32U5F9VJT6Q, STM32U5F9ZIJ6QTR, STM32U5F9ZIT6Q, STM32U5F9ZJJ6QTR, STM32U5F9ZJT6Q, STM32U5G7VJT6, STM32U5G7VJT6Q, STM32U5G9BJY6QTR, STM32U5G9J-DK1, STM32U5G9J-DK2, STM32U5G9NJH6Q, STM32U5G9VJT6Q, STM32U5G9ZJJ6QTR, STM32U5G9ZJT6Q, STM32WB1MMCH6, STM32WBA50KEU6, STM32WBA50KEU6TR, STM32WBA50KGU6, STM32WBA50KGU6TR, STM32WBA52CEU6, STM32WBA52CEU6TR, STM32WBA52CEU7, STM32WBA52CEU7TR, STM32WBA52CGU6, STM32WBA52CGU6TR, STM32WBA52CGU6U, STM32WBA52CGU7, STM32WBA52CGU7TR, STM32WBA52KEU6, STM32WBA52KEU6TR, STM32WBA52KGU6, STM32WBA52KGU6TR, STM32WBA54CEU6, STM32WBA54CEU6TR, STM32WBA54CEU7, STM32WBA54CEU7TR, STM32WBA54CGU6, STM32WBA54CGU6TR, STM32WBA54CGU7, STM32WBA54CGU7TR, STM32WBA54KEU6, STM32WBA54KEU6TR, STM32WBA54KEU7, STM32WBA54KEU7TR, STM32WBA54KGU6, STM32WBA54KGU6TR, STM32WBA54KGU7, STM32WBA54KGU7TR, STM32WBA55CEU6, STM32WBA55CEU6TR, STM32WBA55CEU7, STM32WBA55CEU7TR, STM32WBA55CGU6, STM32WBA55CGU6TR, STM32WBA55CGU6U, STM32WBA55CGU7, STM32WBA55CGU7TR, STM32WBA55G-DK1, STM32WBA55HEF6, STM32WBA55HEF7, STM32WBA55HGF6, STM32WBA55HGF7, STM32WBA55UEI6, STM32WBA55UEI6TR, STM32WBA55UEI7, STM32WBA55UEI7TR, STM32WBA55UGI6, STM32WBA55UGI6TR, STM32WBA55UGI7, STM32WBA55UGI7TR, STM32WL5MOCH6, STM32WL5MOCH6TR]
2025-01-17 13:53:06,877 [INFO] DbMcus:218 - Found 4204 MCUs, 4204 are supported
2025-01-17 13:53:06,877 [INFO] ApiDb:423 - Load user favorites file C:\Users\66405/.stm32cubeide/favorites.mcus.txt: 0 item(s)
2025-01-17 13:53:06,877 [INFO] ApiDb:427 - User favorites MCUs=[]
2025-01-17 13:53:06,877 [INFO] DbMcus:224 - Set 0 / 0 favorites MCUs
2025-01-17 13:53:07,265 [INFO] ApiDb:423 - Load user favorites file C:\Users\66405/.stm32cubeide/favorites.boards.txt: 1 item(s)
2025-01-17 13:53:07,265 [INFO] ApiDb:427 - User favorites Boards=[NUCLEO-L476RG]
2025-01-17 13:53:07,265 [INFO] DbBoards:198 - Set 1 / 1 favorites Boards
2025-01-17 13:53:07,413 [INFO] UtilMem:75 - End LoadConfig() Used Memory: 820723320 Bytes (1073741824)
2025-01-17 13:53:07,577 [WARN] ThirdParty:833 - waiting for thirdparty lock release [change project]
2025-01-17 13:53:07,577 [INFO] ThirdParty:835 - entering critical section [change project]
2025-01-17 13:53:07,577 [INFO] ThirdParty:1030 - CMSIS Pack Vendor :STMicroelectronics USBPD 4.1
2025-01-17 13:53:07,577 [INFO] ThirdParty:1030 - CMSIS Pack Vendor :STMicroelectronics X-CUBE-GNSS1 6.0.0
2025-01-17 13:53:07,577 [INFO] ThirdParty:1030 - CMSIS Pack Vendor :STMicroelectronics USB_HOST 2.0.0
2025-01-17 13:53:07,577 [INFO] ThirdParty:1030 - CMSIS Pack Vendor :STMicroelectronics FP-SNS-MOTENVWB1 1.4.0
2025-01-17 13:53:07,577 [INFO] ThirdParty:1030 - CMSIS Pack Vendor :STMicroelectronics X-CUBE-AZRTOS-F4 1.1.0
2025-01-17 13:53:07,577 [INFO] ThirdParty:1030 - CMSIS Pack Vendor :STMicroelectronics LIBJPEG 8.0.0
2025-01-17 13:53:07,578 [INFO] ThirdParty:1030 - CMSIS Pack Vendor :STMicroelectronics FP-ATR-ASTRA1 2.0.1
2025-01-17 13:53:07,578 [INFO] ThirdParty:1030 - CMSIS Pack Vendor :wolfSSL I-CUBE-wolfSSL 5.6.3
2025-01-17 13:53:07,578 [INFO] ThirdParty:1030 - CMSIS Pack Vendor :STMicroelectronics X-CUBE-SMBUS 2.1.0
2025-01-17 13:53:07,578 [INFO] ThirdParty:1030 - CMSIS Pack Vendor :STMicroelectronics X-CUBE-WB05N 1.1.0
2025-01-17 13:53:07,578 [INFO] ThirdParty:1030 - CMSIS Pack Vendor :STMicroelectronics X-CUBE-ISPU 2.1.0
2025-01-17 13:53:07,578 [INFO] ThirdParty:1030 - CMSIS Pack Vendor :STMicroelectronics X-CUBE-FREERTOS 1.2.0
2025-01-17 13:53:07,578 [INFO] ThirdParty:1030 - CMSIS Pack Vendor :STMicroelectronics X-CUBE-TOUCHGFX 4.23.1
2025-01-17 13:53:07,578 [INFO] ThirdParty:1030 - CMSIS Pack Vendor :STMicroelectronics X-CUBE-TOUCHGFX 4.23.0
2025-01-17 13:53:07,578 [INFO] ThirdParty:1030 - CMSIS Pack Vendor :STMicroelectronics X-CUBE-AZRTOS-F7 1.1.0
2025-01-17 13:53:07,578 [INFO] ThirdParty:1030 - CMSIS Pack Vendor :STMicroelectronics X-CUBE-AZRTOS-L5 2.0.0
2025-01-17 13:53:07,578 [INFO] ThirdParty:1030 - CMSIS Pack Vendor :STMicroelectronics USB_DEVICE 2.0.0
2025-01-17 13:53:07,578 [INFO] ThirdParty:1030 - CMSIS Pack Vendor :STMicroelectronics X-CUBE-MEMS1 9.6.0
2025-01-17 13:53:07,578 [INFO] ThirdParty:1030 - CMSIS Pack Vendor :STMicroelectronics X-CUBE-EEPRMA1 4.2.0
2025-01-17 13:53:07,578 [INFO] ThirdParty:1030 - CMSIS Pack Vendor :STMicroelectronics X-CUBE-NFC6 3.1.0
2025-01-17 13:53:07,578 [INFO] ThirdParty:1030 - CMSIS Pack Vendor :ITTIA_DB I-CUBE-ITTIADB 8.8.0
2025-01-17 13:53:07,578 [INFO] ThirdParty:1030 - CMSIS Pack Vendor :STMicroelectronics FP-SNS-MOTENV1 4.3.2
2025-01-17 13:53:07,578 [INFO] ThirdParty:1030 - CMSIS Pack Vendor :STMicroelectronics X-CUBE-MEMS1 11.0.0
2025-01-17 13:53:07,578 [INFO] ThirdParty:1030 - CMSIS Pack Vendor :STMicroelectronics X-CUBE-BLE1 6.2.4
2025-01-17 13:53:07,578 [INFO] ThirdParty:1030 - CMSIS Pack Vendor :STMicroelectronics FreeRTOS 0.0.1
2025-01-17 13:53:07,578 [INFO] ThirdParty:1030 - CMSIS Pack Vendor :STMicroelectronics X-CUBE-BLEMGR 2.0.0
2025-01-17 13:53:07,578 [INFO] ThirdParty:1030 - CMSIS Pack Vendor :STMicroelectronics X-CUBE-DPower 1.2.0
2025-01-17 13:53:07,578 [INFO] ThirdParty:1030 - CMSIS Pack Vendor :STMicroelectronics FP-SNS-FLIGHT1 5.0.2
2025-01-17 13:53:07,578 [INFO] ThirdParty:1030 - CMSIS Pack Vendor :STMicroelectronics X-CUBE-AI 9.0.0
2025-01-17 13:53:07,578 [INFO] ThirdParty:1030 - CMSIS Pack Vendor :STMicroelectronics X-CUBE-AZRTOS-H7 3.1.0
2025-01-17 13:53:07,578 [INFO] ThirdParty:1030 - CMSIS Pack Vendor :STMicroelectronics PDM2PCM 3.3.0
2025-01-17 13:53:07,578 [INFO] ThirdParty:1030 - CMSIS Pack Vendor :STMicroelectronics X-CUBE-DISPLAY 3.0.0
2025-01-17 13:53:07,579 [INFO] ThirdParty:1030 - CMSIS Pack Vendor :STMicroelectronics X-CUBE-BLE1 7.0.0
2025-01-17 13:53:07,579 [INFO] ThirdParty:1030 - CMSIS Pack Vendor :STMicroelectronics X-CUBE-NFC10 1.0.0
2025-01-17 13:53:07,579 [INFO] ThirdParty:1030 - CMSIS Pack Vendor :STMicroelectronics X-CUBE-BLEMGR 4.0.0
2025-01-17 13:53:07,579 [INFO] ThirdParty:1030 - CMSIS Pack Vendor :STMicroelectronics HAL Drivers 0.0.0
2025-01-17 13:53:07,579 [INFO] ThirdParty:1030 - CMSIS Pack Vendor :emotas I-CUBE-CANOPEN 1.3.0
2025-01-17 13:53:07,579 [INFO] ThirdParty:1030 - CMSIS Pack Vendor :STMicroelectronics X-CUBE-FREERTOS 1.3.0
2025-01-17 13:53:07,579 [INFO] ThirdParty:1030 - CMSIS Pack Vendor :STMicroelectronics X-CUBE-TOUCHGFX 4.22.0
2025-01-17 13:53:07,579 [INFO] ThirdParty:1030 - CMSIS Pack Vendor :STMicroelectronics X-CUBE-NFC7 1.0.1
2025-01-17 13:53:07,579 [INFO] ThirdParty:1030 - CMSIS Pack Vendor :STMicroelectronics MBEDTLS 2.14.1
2025-01-17 13:53:07,579 [INFO] ThirdParty:1030 - CMSIS Pack Vendor :STMicroelectronics X-CUBE-TOUCHGFX 4.22.1
2025-01-17 13:53:07,579 [INFO] ThirdParty:1030 - CMSIS Pack Vendor :STMicroelectronics X-CUBE-NFC6 3.0.0
2025-01-17 13:53:07,579 [INFO] ThirdParty:1030 - CMSIS Pack Vendor :STMicroelectronics X-CUBE-EEPRMA1 4.1.0
2025-01-17 13:53:07,579 [INFO] ThirdParty:1030 - CMSIS Pack Vendor :STMicroelectronics X-CUBE-BLEMGR 3.1.0
2025-01-17 13:53:07,579 [INFO] ThirdParty:1030 - CMSIS Pack Vendor :STMicroelectronics FP-SNS-SMARTAG2 1.2.0
2025-01-17 13:53:07,579 [INFO] ThirdParty:1030 - CMSIS Pack Vendor :STMicroelectronics X-CUBE-MEMS1 11.1.0
2025-01-17 13:53:07,579 [INFO] ThirdParty:1030 - CMSIS Pack Vendor :STMicroelectronics X-CUBE-AZRTOS-WL 2.0.0
2025-01-17 13:53:07,579 [INFO] ThirdParty:1030 - CMSIS Pack Vendor :STMicroelectronics FP-SNS-MOTENV1 5.0.0
2025-01-17 13:53:07,579 [INFO] ThirdParty:1030 - CMSIS Pack Vendor :STMicroelectronics USB_DEVICE 1.0.0
2025-01-17 13:53:07,579 [INFO] ThirdParty:1030 - CMSIS Pack Vendor :STMicroelectronics X-CUBE-AI 8.1.0
2025-01-17 13:53:07,579 [INFO] ThirdParty:1030 - CMSIS Pack Vendor :wolfSSL I-CUBE-wolfMQTT 1.19.0
2025-01-17 13:53:07,579 [INFO] ThirdParty:1030 - CMSIS Pack Vendor :STMicroelectronics X-CUBE-AZRTOS-L4 2.0.0
2025-01-17 13:53:07,579 [INFO] ThirdParty:1030 - CMSIS Pack Vendor :STMicroelectronics ThreadX 0.0.2
2025-01-17 13:53:07,579 [INFO] ThirdParty:1030 - CMSIS Pack Vendor :WES I-CUBE-Cesium 1.3.0
2025-01-17 13:53:07,579 [INFO] ThirdParty:1030 - CMSIS Pack Vendor :STMicroelectronics lwIP 2.1.2
2025-01-17 13:53:07,579 [INFO] ThirdParty:1030 - CMSIS Pack Vendor :STMicroelectronics X-CUBE-SFXS2LP1 4.0.0
2025-01-17 13:53:07,579 [INFO] ThirdParty:1030 - CMSIS Pack Vendor :STMicroelectronics X-CUBE-BLE2 3.3.0
2025-01-17 13:53:07,579 [INFO] ThirdParty:1030 - CMSIS Pack Vendor :STMicroelectronics PDM2PCM 3.2.0
2025-01-17 13:53:07,580 [INFO] ThirdParty:1030 - CMSIS Pack Vendor :STMicroelectronics X-CUBE-ISPU 1.1.0
2025-01-17 13:53:07,580 [INFO] ThirdParty:1030 - CMSIS Pack Vendor :STMicroelectronics X-CUBE-AZRTOS-H7 3.3.0
2025-01-17 13:53:07,580 [INFO] ThirdParty:1030 - CMSIS Pack Vendor :STMicroelectronics X-CUBE-NFC9 1.0.0
2025-01-17 13:53:07,580 [INFO] ThirdParty:1030 - CMSIS Pack Vendor :STMicroelectronics USB_DEVICE 3.0.0
2025-01-17 13:53:07,580 [INFO] ThirdParty:1030 - CMSIS Pack Vendor :STMicroelectronics X-CUBE-TCPP 4.1.0
2025-01-17 13:53:07,580 [INFO] ThirdParty:1030 - CMSIS Pack Vendor :STMicroelectronics X-CUBE-IPS 3.0.0
2025-01-17 13:53:07,580 [INFO] ThirdParty:1030 - CMSIS Pack Vendor :STMicroelectronics X-CUBE-AZRTOS-WB 2.0.0
2025-01-17 13:53:07,580 [INFO] ThirdParty:1030 - CMSIS Pack Vendor :STMicroelectronics X-CUBE-FREERTOS 1.0.1
2025-01-17 13:53:07,580 [INFO] ThirdParty:1030 - CMSIS Pack Vendor :STMicroelectronics X-CUBE-GNSS1 7.0.0
2025-01-17 13:53:07,580 [INFO] ThirdParty:1030 - CMSIS Pack Vendor :STMicroelectronics X-CUBE-GNSS1 7.0.1
2025-01-17 13:53:07,580 [INFO] ThirdParty:1030 - CMSIS Pack Vendor :STMicroelectronics FP-SNS-STBOX1 2.0.0
2025-01-17 13:53:07,580 [INFO] ThirdParty:1030 - CMSIS Pack Vendor :STMicroelectronics X-CUBE-ALGOBUILD 1.3.0
2025-01-17 13:53:07,580 [INFO] ThirdParty:1030 - CMSIS Pack Vendor :STMicroelectronics X-CUBE-AZRTOS-L5 1.1.0
2025-01-17 13:53:07,580 [INFO] ThirdParty:1030 - CMSIS Pack Vendor :STMicroelectronics X-CUBE-AZRTOS-G0 1.1.0
2025-01-17 13:53:07,580 [INFO] ThirdParty:1030 - CMSIS Pack Vendor :STMicroelectronics X-CUBE-AI 8.0.1
2025-01-17 13:53:07,580 [INFO] ThirdParty:1030 - CMSIS Pack Vendor :STMicroelectronics X-CUBE-SAFEA1 1.2.2
2025-01-17 13:53:07,580 [INFO] ThirdParty:1030 - CMSIS Pack Vendor :STMicroelectronics X-CUBE-NFC4 3.0.0
2025-01-17 13:53:07,580 [INFO] ThirdParty:1030 - CMSIS Pack Vendor :STMicroelectronics X-CUBE-SUBG2 5.0.0
2025-01-17 13:53:07,580 [INFO] ThirdParty:1030 - CMSIS Pack Vendor :STMicroelectronics STM32_WPAN 1.0.0
2025-01-17 13:53:07,580 [INFO] ThirdParty:1030 - CMSIS Pack Vendor :EmbeddedOffice I-CUBE-FS-RTOS 1.0.1
2025-01-17 13:53:07,580 [INFO] ThirdParty:1030 - CMSIS Pack Vendor :STMicroelectronics lwIP 2.0.3
2025-01-17 13:53:07,580 [INFO] ThirdParty:1030 - CMSIS Pack Vendor :Cesanta I-CUBE-Mongoose 7.13.0
2025-01-17 13:53:07,580 [INFO] ThirdParty:1030 - CMSIS Pack Vendor :STMicroelectronics USB_HOST 1.0.0
2025-01-17 13:53:07,580 [INFO] ThirdParty:1030 - CMSIS Pack Vendor :STMicroelectronics X-CUBE-TOF1 3.3.1
2025-01-17 13:53:07,580 [INFO] ThirdParty:1030 - CMSIS Pack Vendor :STMicroelectronics X-CUBE-AZRTOS-G4 2.0.0
2025-01-17 13:53:07,580 [INFO] ThirdParty:1030 - CMSIS Pack Vendor :STMicroelectronics PDM2PCM 3.1.0
2025-01-17 13:53:07,580 [INFO] ThirdParty:1030 - CMSIS Pack Vendor :Infineon AIROC-Wi-Fi-Bluetooth-STM32 1.5.1
2025-01-17 13:53:07,580 [INFO] ThirdParty:1030 - CMSIS Pack Vendor :STMicroelectronics X-CUBE-BLEMGR 3.0.0
2025-01-17 13:53:07,581 [INFO] ThirdParty:1030 - CMSIS Pack Vendor :STMicroelectronics FP-SNS-MOTENVWB1 1.3.0
2025-01-17 13:53:07,581 [INFO] ThirdParty:1030 - CMSIS Pack Vendor :RealThread X-CUBE-RT-Thread_Nano 4.1.1
2025-01-17 13:53:07,581 [INFO] ThirdParty:1030 - CMSIS Pack Vendor :STMicroelectronics FP-SNS-MOTENVWB1 1.3.1
2025-01-17 13:53:07,581 [INFO] ThirdParty:1030 - CMSIS Pack Vendor :STMicroelectronics FP-ATR-SIGFOX1 3.2.0
2025-01-17 13:53:07,581 [INFO] ThirdParty:1030 - CMSIS Pack Vendor :quantropi X-CUBE-qispace-sdk-base 1.9.3
2025-01-17 13:53:07,581 [INFO] ThirdParty:1030 - CMSIS Pack Vendor :STMicroelectronics X-CUBE-ISPU 2.0.0
2025-01-17 13:53:07,581 [INFO] ThirdParty:1030 - CMSIS Pack Vendor :STMicroelectronics X-CUBE-EEPRMA1 5.1.0
2025-01-17 13:53:07,581 [INFO] ThirdParty:1030 - CMSIS Pack Vendor :STMicroelectronics MBEDTLS 2.16.2
2025-01-17 13:53:07,581 [INFO] ThirdParty:1030 - CMSIS Pack Vendor :STMicroelectronics X-CUBE-ALS 1.0.2
2025-01-17 13:53:07,581 [INFO] ThirdParty:1030 - CMSIS Pack Vendor :STMicroelectronics X-CUBE-MEMS1 10.0.0
2025-01-17 13:53:07,581 [INFO] ThirdParty:1030 - CMSIS Pack Vendor :STMicroelectronics X-CUBE-FREERTOS 1.1.0
2025-01-17 13:53:07,581 [INFO] ThirdParty:1030 - CMSIS Pack Vendor :STMicroelectronics X-CUBE-TOUCHGFX 4.24.0
2025-01-17 13:53:07,581 [INFO] ThirdParty:1030 - CMSIS Pack Vendor :STMicroelectronics X-CUBE-TOUCHGFX 4.24.2
2025-01-17 13:53:07,581 [INFO] ThirdParty:1030 - CMSIS Pack Vendor :STMicroelectronics X-CUBE-TOUCHGFX 4.24.1
2025-01-17 13:53:07,581 [INFO] ThirdParty:1030 - CMSIS Pack Vendor :wolfSSL I-CUBE-wolfTPM 3.4.0
2025-01-17 13:53:07,581 [INFO] ThirdParty:1030 - CMSIS Pack Vendor :portGmbH I-Cube-SoM-uGOAL 1.1.0
2025-01-17 13:53:07,581 [INFO] ThirdParty:1030 - CMSIS Pack Vendor :STMicroelectronics X-CUBE-ALS 1.0.1
2025-01-17 13:53:07,581 [INFO] ThirdParty:1030 - CMSIS Pack Vendor :STMicroelectronics ThreadX 1.0.0
2025-01-17 13:53:07,581 [INFO] ThirdParty:1030 - CMSIS Pack Vendor :STMicroelectronics X-CUBE-AZRTOS-WB 1.1.0
2025-01-17 13:53:07,581 [INFO] ThirdParty:1030 - CMSIS Pack Vendor :SEGGER I-CUBE-embOS 1.3.1
2025-01-17 13:53:07,581 [INFO] ThirdParty:1030 - CMSIS Pack Vendor :STMicroelectronics X-CUBE-ALGOBUILD 1.4.0
2025-01-17 13:53:07,581 [INFO] ThirdParty:1030 - CMSIS Pack Vendor :STMicroelectronics X-CUBE-AZRTOS-H7RS 1.0.0
2025-01-17 13:53:07,581 [INFO] ThirdParty:1030 - CMSIS Pack Vendor :STMicroelectronics FP-ATR-ASTRA1 2.0.0
2025-01-17 13:53:07,581 [INFO] ThirdParty:1030 - CMSIS Pack Vendor :STMicroelectronics X-CUBE-TOF1 3.4.2
2025-01-17 13:53:07,581 [INFO] ThirdParty:1030 - CMSIS Pack Vendor :STMicroelectronics X-CUBE-AI 9.1.0
2025-01-17 13:53:07,581 [INFO] ThirdParty:1030 - CMSIS Pack Vendor :STMicroelectronics X-CUBE-TOF1 3.4.1
2025-01-17 13:53:07,581 [INFO] ThirdParty:1030 - CMSIS Pack Vendor :STMicroelectronics X-CUBE-AZRTOS-H7 3.2.0
2025-01-17 13:53:07,581 [INFO] ThirdParty:1030 - CMSIS Pack Vendor :wolfSSL I-CUBE-wolfSSH 1.4.17
2025-01-17 13:53:07,582 [INFO] ThirdParty:841 - exiting critical section [change project]
2025-01-17 13:53:08,268 [INFO] PinOutPanel:1561 - setPackage(No Configuration,No Configuration)
2025-01-17 13:53:08,270 [INFO] PinOutPanel:1561 - setPackage(STM32L476RGTx,LQFP64)
2025-01-17 13:53:09,215 [INFO] UtilMem:75 - Before build in PCC Used Memory: 690473240 Bytes (1073741824)
2025-01-17 13:53:10,264 [INFO] UtilMem:75 - After build in PCC Used Memory: 784772608 Bytes (1073741824)
2025-01-17 13:53:10,363 [INFO] ApiDbMcu:508 - Load IP Config File for FREERTOS
2025-01-17 13:53:10,393 [INFO] IPUIPlugin:80 - create IPUIPlugin
2025-01-17 13:53:10,393 [INFO] IPUIPlugin:80 - create IPUIPlugin
2025-01-17 13:53:10,393 [INFO] IPUIPlugin:80 - create IPUIPlugin
2025-01-17 13:53:10,393 [INFO] IPUIPlugin:80 - create IPUIPlugin
2025-01-17 13:53:10,393 [INFO] IPUIPlugin:80 - create IPUIPlugin
2025-01-17 13:53:10,393 [INFO] IPUIPlugin:80 - create IPUIPlugin
2025-01-17 13:53:10,393 [INFO] IPUIPlugin:80 - create IPUIPlugin
2025-01-17 13:53:10,393 [INFO] IPUIPlugin:80 - create IPUIPlugin
2025-01-17 13:53:10,393 [INFO] IPUIPlugin:80 - create IPUIPlugin
2025-01-17 13:53:10,394 [INFO] IPUIPlugin:80 - create IPUIPlugin
2025-01-17 13:53:10,394 [INFO] IPUIPlugin:80 - create IPUIPlugin
2025-01-17 13:53:10,394 [INFO] IPUIPlugin:80 - create IPUIPlugin
2025-01-17 13:53:10,394 [INFO] IPUIPlugin:80 - create IPUIPlugin
2025-01-17 13:53:10,394 [INFO] IPUIPlugin:80 - create IPUIPlugin
2025-01-17 13:53:10,394 [INFO] IPUIPlugin:80 - create IPUIPlugin
2025-01-17 13:53:10,394 [INFO] IPUIPlugin:80 - create IPUIPlugin
2025-01-17 13:53:10,394 [INFO] IPUIPlugin:80 - create IPUIPlugin
2025-01-17 13:53:10,394 [INFO] IPUIPlugin:80 - create IPUIPlugin
2025-01-17 13:53:10,394 [INFO] IPUIPlugin:80 - create IPUIPlugin
2025-01-17 13:53:10,395 [INFO] IPUIPlugin:80 - create IPUIPlugin
2025-01-17 13:53:10,395 [INFO] IPUIPlugin:80 - create IPUIPlugin
2025-01-17 13:53:10,395 [INFO] IPUIPlugin:80 - create IPUIPlugin
2025-01-17 13:53:10,395 [INFO] IPUIPlugin:80 - create IPUIPlugin
2025-01-17 13:53:10,395 [INFO] IPUIPlugin:80 - create IPUIPlugin
2025-01-17 13:53:10,395 [INFO] IPUIPlugin:80 - create IPUIPlugin
2025-01-17 13:53:10,395 [INFO] IPUIPlugin:80 - create IPUIPlugin
2025-01-17 13:53:10,396 [INFO] IPUIPlugin:80 - create IPUIPlugin
2025-01-17 13:53:10,396 [INFO] IPUIPlugin:80 - create IPUIPlugin
2025-01-17 13:53:10,396 [INFO] IPUIPlugin:80 - create IPUIPlugin
2025-01-17 13:53:10,396 [INFO] IPUIPlugin:80 - create IPUIPlugin
2025-01-17 13:53:10,397 [INFO] IPUIPlugin:80 - create IPUIPlugin
2025-01-17 13:53:10,397 [INFO] IPUIPlugin:80 - create IPUIPlugin
2025-01-17 13:53:10,397 [INFO] IPUIPlugin:80 - create IPUIPlugin
2025-01-17 13:53:10,397 [INFO] IPUIPlugin:80 - create IPUIPlugin
2025-01-17 13:53:10,397 [INFO] IPUIPlugin:80 - create IPUIPlugin
2025-01-17 13:53:10,397 [INFO] IPUIPlugin:80 - create IPUIPlugin
2025-01-17 13:53:10,397 [INFO] IPUIPlugin:80 - create IPUIPlugin
2025-01-17 13:53:10,397 [INFO] IPUIPlugin:80 - create IPUIPlugin
2025-01-17 13:53:10,398 [INFO] IPUIPlugin:80 - create IPUIPlugin
2025-01-17 13:53:10,398 [INFO] IPUIPlugin:80 - create IPUIPlugin
2025-01-17 13:53:10,398 [INFO] IPUIPlugin:80 - create IPUIPlugin
2025-01-17 13:53:10,398 [INFO] IPUIPlugin:80 - create IPUIPlugin
2025-01-17 13:53:10,398 [INFO] IPUIPlugin:80 - create IPUIPlugin
2025-01-17 13:53:10,398 [INFO] IPUIPlugin:80 - create IPUIPlugin
2025-01-17 13:53:10,399 [INFO] IPUIPlugin:80 - create IPUIPlugin
2025-01-17 13:53:10,399 [INFO] IPUIPlugin:80 - create IPUIPlugin
2025-01-17 13:53:10,399 [INFO] IPUIPlugin:80 - create IPUIPlugin
2025-01-17 13:53:10,399 [INFO] IPUIPlugin:80 - create IPUIPlugin
2025-01-17 13:53:10,399 [INFO] IPUIPlugin:80 - create IPUIPlugin
2025-01-17 13:53:10,400 [INFO] IPUIPlugin:80 - create IPUIPlugin
2025-01-17 13:53:10,400 [INFO] IPUIPlugin:80 - create IPUIPlugin
2025-01-17 13:53:10,400 [INFO] IPUIPlugin:80 - create IPUIPlugin
2025-01-17 13:53:10,400 [INFO] IPUIPlugin:80 - create IPUIPlugin
2025-01-17 13:53:10,401 [INFO] IPUIPlugin:80 - create IPUIPlugin
2025-01-17 13:53:10,401 [INFO] IPUIPlugin:80 - create IPUIPlugin
2025-01-17 13:53:10,401 [INFO] IPUIPlugin:80 - create IPUIPlugin
2025-01-17 13:53:10,402 [INFO] IPUIPlugin:80 - create IPUIPlugin
2025-01-17 13:53:10,402 [INFO] IPUIPlugin:80 - create IPUIPlugin
2025-01-17 13:53:10,402 [INFO] IPUIPlugin:80 - create IPUIPlugin
2025-01-17 13:53:10,446 [WARN] FreeRTOS:1023 - Null or empty value: should not occur! (nothing added to the table)
2025-01-17 13:53:10,664 [INFO] CADModel:165 - CPN selected for project levelSTM32L476RGT3
2025-01-17 13:53:10,665 [INFO] CADModel:114 - Register for checkConnection events
2025-01-17 13:53:10,667 [INFO] RtosManager:697 - Active RTOS found at IOC load: FREERTOS [Cortex-M4NS]
2025-01-17 13:53:10,730 [INFO] OpenFileManager:343 - Restore cursor
2025-01-17 14:22:14,090 [INFO] WebApp:354 - JxBrowser engine has been closed 
