2023-10-23 00:07:47,761 [INFO] Activator:176 - 


2023-10-23 00:07:47,768 [INFO] Activator:177 - !SESSION log4j initialized
2023-10-23 00:07:53,917 [INFO] LogOutputStream:77 - [STDOUT_REDIRECT] 
2023-10-23 00:07:55,200 [INFO] ApplicationProperties:184 - Using Application install path: D:\STM32CubeIDE_1.13.0\STM32CubeIDE\plugins\com.st.stm32cube.common.mx_6.9.0.202307051724
2023-10-23 00:07:55,222 [INFO] DbMcusXml:78 - Set database path to: D:\STM32CubeIDE_1.13.0\STM32CubeIDE\plugins\com.st.stm32cube.common.mx_6.9.0.202307051724\\db\/mcu/
2023-10-23 00:07:55,223 [INFO] ApiDb:274 - Set plugin database path to: D:\STM32CubeIDE_1.13.0\STM32CubeIDE\plugins\com.st.stm32cube.common.mx_6.9.0.202307051724\\db\/plugins/boardmanager/
2023-10-23 00:07:55,223 [WARN] ApiDb:259 - Overriding images path with different value:  => D:\STM32CubeIDE_1.13.0\STM32CubeIDE\plugins\com.st.stm32cube.common.mx_6.9.0.202307051724\\db\/plugins/mcufinder/images/
2023-10-23 00:07:55,239 [INFO] ApiDb:250 - Set database path to: C:\Users\66405\.stmcufinder\plugins\mcufinder//mcu/
2023-10-23 00:07:55,241 [INFO] DbMcusAds:125 - Set database path to: C:\Users\66405\.stmcufinder\plugins\mcufinder//mcu/
2023-10-23 00:07:55,243 [INFO] CrossReferenceDbSqlite:203 - Set database path to: C:\Users\66405\.stmcufinder\plugins\mcufinder//mcu/cs/
2023-10-23 00:07:55,368 [INFO] RulesReader:64 - Compatibility file has been processed (293 Rules)
2023-10-23 00:07:55,478 [INFO] DbMcusXml:78 - Set database path to: D:\STM32CubeIDE_1.13.0\STM32CubeIDE\plugins\com.st.stm32cube.common.mx_6.9.0.202307051724\\db\/mcu/
2023-10-23 00:07:55,478 [INFO] ApiDb:274 - Set plugin database path to: D:\STM32CubeIDE_1.13.0\STM32CubeIDE\plugins\com.st.stm32cube.common.mx_6.9.0.202307051724\\db\/plugins/boardmanager/
2023-10-23 00:07:55,478 [INFO] ApiDb:261 - Set plugin images path to: D:\STM32CubeIDE_1.13.0\STM32CubeIDE\plugins\com.st.stm32cube.common.mx_6.9.0.202307051724\\db\/plugins/mcufinder/images/
2023-10-23 00:07:55,478 [WARN] DbFile:41 - Overriding database path with different value: C:\Users\66405\.stmcufinder\plugins\mcufinder/ => C:\Users\66405\.stmcufinder\plugins\mcufinder
2023-10-23 00:07:55,478 [INFO] ApiDb:250 - Set database path to: C:\Users\66405\.stmcufinder\plugins\mcufinder//mcu/
2023-10-23 00:07:55,478 [WARN] DbFile:41 - Overriding database path with different value: C:\Users\66405\.stmcufinder\plugins\mcufinder/ => C:\Users\66405\.stmcufinder\plugins\mcufinder
2023-10-23 00:07:55,478 [INFO] DbMcusAds:125 - Set database path to: C:\Users\66405\.stmcufinder\plugins\mcufinder//mcu/
2023-10-23 00:07:55,478 [WARN] DbFile:41 - Overriding database path with different value: C:\Users\66405\.stmcufinder\plugins\mcufinder/ => C:\Users\66405\.stmcufinder\plugins\mcufinder
2023-10-23 00:07:55,478 [WARN] DbFile:41 - Overriding database path with different value: C:\Users\66405\.stmcufinder\plugins\mcufinder/ => C:\Users\66405\.stmcufinder\plugins\mcufinder
2023-10-23 00:07:55,479 [INFO] CrossReferenceDbSqlite:203 - Set database path to: C:\Users\66405\.stmcufinder\plugins\mcufinder//mcu/cs/
2023-10-23 00:07:55,574 [INFO] MainPanel:262 - HeapMemory: 268435456
2023-10-23 00:07:55,682 [INFO] DbMcusXml:78 - Set database path to: D:\STM32CubeIDE_1.13.0\STM32CubeIDE\plugins\com.st.stm32cube.common.mx_6.9.0.202307051724\\db\/mcu/
2023-10-23 00:07:55,682 [INFO] ApiDb:274 - Set plugin database path to: D:\STM32CubeIDE_1.13.0\STM32CubeIDE\plugins\com.st.stm32cube.common.mx_6.9.0.202307051724\\db\/plugins/boardmanager/
2023-10-23 00:07:55,682 [INFO] ApiDb:261 - Set plugin images path to: D:\STM32CubeIDE_1.13.0\STM32CubeIDE\plugins\com.st.stm32cube.common.mx_6.9.0.202307051724\\db\/plugins/mcufinder/images/
2023-10-23 00:07:55,683 [WARN] DbFile:41 - Overriding database path with different value: C:\Users\66405\.stmcufinder\plugins\mcufinder/ => C:\Users\66405\.stmcufinder\plugins\mcufinder
2023-10-23 00:07:55,683 [INFO] ApiDb:250 - Set database path to: C:\Users\66405\.stmcufinder\plugins\mcufinder//mcu/
2023-10-23 00:07:55,683 [WARN] DbFile:41 - Overriding database path with different value: C:\Users\66405\.stmcufinder\plugins\mcufinder/ => C:\Users\66405\.stmcufinder\plugins\mcufinder
2023-10-23 00:07:55,683 [INFO] DbMcusAds:125 - Set database path to: C:\Users\66405\.stmcufinder\plugins\mcufinder//mcu/
2023-10-23 00:07:55,683 [WARN] DbFile:41 - Overriding database path with different value: C:\Users\66405\.stmcufinder\plugins\mcufinder/ => C:\Users\66405\.stmcufinder\plugins\mcufinder
2023-10-23 00:07:55,683 [WARN] DbFile:41 - Overriding database path with different value: C:\Users\66405\.stmcufinder\plugins\mcufinder/ => C:\Users\66405\.stmcufinder\plugins\mcufinder
2023-10-23 00:07:55,683 [INFO] CrossReferenceDbSqlite:203 - Set database path to: C:\Users\66405\.stmcufinder\plugins\mcufinder//mcu/cs/
2023-10-23 00:07:55,704 [INFO] ApplicationProperties:184 - Using Application install path: D:\STM32CubeIDE_1.13.0\STM32CubeIDE\plugins\com.st.stm32cube.common.mx_6.9.0.202307051724
2023-10-23 00:07:55,706 [INFO] PluginManage:196 - Search for loadable plugins [exclusion list=, ]
2023-10-23 00:07:55,707 [INFO] PluginManage:310 - Check plugin analytics
2023-10-23 00:07:55,893 [INFO] AnalyticsPlugin:253 - Accepted Software Licenses: 
2023-10-23 00:07:55,893 [INFO] AnalyticsPlugin:255 - Accepted CMSIS Pack Licenses: 
2023-10-23 00:07:55,893 [INFO] AnalyticsPlugin:257 - Accepted Firmware Licenses: FW.L4.1.18.0
2023-10-23 00:07:55,896 [INFO] PluginManage:359 - Loaded plugin analytics (category:tool,tabindex:-1)
2023-10-23 00:07:55,896 [INFO] PluginManage:310 - Check plugin cadmodel
2023-10-23 00:07:55,902 [INFO] CADModel:105 - Init CAD model plugin
2023-10-23 00:07:55,903 [INFO] PluginManage:359 - Loaded plugin cadmodel (category:power,tabindex:5)
2023-10-23 00:07:55,903 [INFO] PluginManage:310 - Check plugin clock
2023-10-23 00:07:55,915 [INFO] PluginManage:359 - Loaded plugin clock (category:base,tabindex:2)
2023-10-23 00:07:55,916 [INFO] PluginManage:310 - Check plugin ddr
2023-10-23 00:07:55,920 [INFO] PluginManage:359 - Loaded plugin ddr (category:tool,tabindex:6)
2023-10-23 00:07:55,920 [INFO] PluginManage:310 - Check plugin filemanager
2023-10-23 00:07:56,091 [INFO] PluginManage:359 - Loaded plugin filemanager (category:base,tabindex:10)
2023-10-23 00:07:56,092 [INFO] PluginManage:310 - Check plugin ipmanager
2023-10-23 00:07:56,101 [INFO] PluginManage:359 - Loaded plugin ipmanager (category:base,tabindex:5)
2023-10-23 00:07:56,102 [INFO] PluginManage:310 - Check plugin lpbam
2023-10-23 00:07:56,111 [INFO] PluginManage:359 - Loaded plugin lpbam (category:base,tabindex:0)
2023-10-23 00:07:56,111 [INFO] PluginManage:310 - Check plugin memorymap
2023-10-23 00:07:56,127 [INFO] PluginManage:359 - Loaded plugin memorymap (category:base,tabindex:4)
2023-10-23 00:07:56,128 [INFO] PluginManage:310 - Check plugin pinoutandconfiguration
2023-10-23 00:07:56,136 [INFO] PluginManage:359 - Loaded plugin pinoutandconfiguration (category:base,tabindex:1)
2023-10-23 00:07:56,137 [INFO] PluginManage:310 - Check plugin pinoutconfig
2023-10-23 00:07:56,239 [WARN] SupportedApi:132 - Cannot load RTOS API schema: s4s-elt-must-match.1: The content of 'definitions' must match (annotation?, (simpleType | complexType)?, (unique | key | keyref)*)). A problem was found starting at: attribute.
2023-10-23 00:07:56,391 [INFO] PluginManage:359 - Loaded plugin pinoutconfig (category:base,tabindex:0)
2023-10-23 00:07:56,391 [INFO] PluginManage:310 - Check plugin power
2023-10-23 00:07:56,408 [INFO] PluginManage:359 - Loaded plugin power (category:power,tabindex:4)
2023-10-23 00:07:56,408 [INFO] PluginManage:310 - Check plugin projectmanager
2023-10-23 00:07:56,426 [INFO] PluginManage:359 - Loaded plugin projectmanager (category:projectmanager,tabindex:3)
2023-10-23 00:07:56,426 [INFO] PluginManage:310 - Check plugin thirdparty
2023-10-23 00:07:56,580 [INFO] PluginManage:359 - Loaded plugin thirdparty (category:base,tabindex:-1)
2023-10-23 00:07:56,580 [WARN] IntegrityCheckThread:84 - waiting for thirdparty lock release [integrity check]
2023-10-23 00:07:56,580 [INFO] PluginManage:310 - Check plugin tools
2023-10-23 00:07:56,580 [INFO] IntegrityCheckThread:86 - entering critical section [integrity check]
2023-10-23 00:07:56,581 [INFO] ThirdPartyUpdaterWithRetryManager:70 - Updater plugin not ready yet. [1/15]
2023-10-23 00:07:56,583 [INFO] PluginManage:359 - Loaded plugin tools (category:base,tabindex:7)
2023-10-23 00:07:56,584 [INFO] PluginManage:310 - Check plugin tutovideos
2023-10-23 00:07:56,785 [INFO] PluginManage:359 - Loaded plugin tutovideos (category:base,tabindex:-1)
2023-10-23 00:07:56,785 [INFO] PluginManage:310 - Check plugin updater
2023-10-23 00:07:56,800 [INFO] PluginManage:359 - Loaded plugin updater (category:base,tabindex:12)
2023-10-23 00:07:56,800 [INFO] PluginManage:310 - Check plugin userauth
2023-10-23 00:07:56,806 [INFO] UserAuth:113 - Init User Auth plugin
2023-10-23 00:07:56,806 [INFO] PluginManage:359 - Loaded plugin userauth (category:base,tabindex:14)
2023-10-23 00:07:56,807 [INFO] PluginManage:283 - PluginManage : Loaded plugins [17]
2023-10-23 00:07:57,055 [INFO] PinOutPanel:1499 - setPackage(No Configuration,No Configuration)
2023-10-23 00:07:57,184 [INFO] CADModel:165 - CPN selected for project level
2023-10-23 00:07:57,184 [INFO] CADModel:114 - Register for checkConnection events
2023-10-23 00:07:57,207 [INFO] IPUIPlugin:80 - create IPUIPlugin
2023-10-23 00:07:57,208 [INFO] PluginManager:220 - loadIPPluginJar : add adc
2023-10-23 00:07:57,211 [INFO] IPUIPlugin:80 - create IPUIPlugin
2023-10-23 00:07:57,211 [INFO] PluginManager:220 - loadIPPluginJar : add aes
2023-10-23 00:07:57,215 [INFO] IPUIPlugin:80 - create IPUIPlugin
2023-10-23 00:07:57,215 [INFO] PluginManager:220 - loadIPPluginJar : add can
2023-10-23 00:07:57,217 [INFO] IPUIPlugin:80 - create IPUIPlugin
2023-10-23 00:07:57,217 [INFO] PluginManager:220 - loadIPPluginJar : add comp
2023-10-23 00:07:57,221 [INFO] IPUIPlugin:80 - create IPUIPlugin
2023-10-23 00:07:57,221 [INFO] PluginManager:220 - loadIPPluginJar : add cryp
2023-10-23 00:07:57,224 [INFO] IPUIPlugin:80 - create IPUIPlugin
2023-10-23 00:07:57,224 [INFO] PluginManager:220 - loadIPPluginJar : add dfsdm
2023-10-23 00:07:57,232 [INFO] IPUIPlugin:80 - create IPUIPlugin
2023-10-23 00:07:57,233 [INFO] PluginManager:220 - loadIPPluginJar : add dma
2023-10-23 00:07:57,235 [INFO] IPUIPlugin:80 - create IPUIPlugin
2023-10-23 00:07:57,236 [INFO] PluginManager:220 - loadIPPluginJar : add dma3
2023-10-23 00:07:57,237 [INFO] IPUIPlugin:80 - create IPUIPlugin
2023-10-23 00:07:57,238 [INFO] PluginManager:220 - loadIPPluginJar : add fatfs
2023-10-23 00:07:57,243 [INFO] IPUIPlugin:80 - create IPUIPlugin
2023-10-23 00:07:57,243 [INFO] PluginManager:220 - loadIPPluginJar : add fmc
2023-10-23 00:07:57,249 [INFO] IPUIPlugin:80 - create IPUIPlugin
2023-10-23 00:07:57,249 [INFO] PluginManager:220 - loadIPPluginJar : add freertos
2023-10-23 00:07:57,251 [INFO] IPUIPlugin:80 - create IPUIPlugin
2023-10-23 00:07:57,252 [INFO] PluginManager:220 - loadIPPluginJar : add genericplugin
2023-10-23 00:07:57,255 [INFO] IPUIPlugin:80 - create IPUIPlugin
2023-10-23 00:07:57,255 [INFO] PluginManager:220 - loadIPPluginJar : add gfxmmu
2023-10-23 00:07:57,260 [INFO] IPUIPlugin:80 - create IPUIPlugin
2023-10-23 00:07:57,260 [INFO] PluginManager:220 - loadIPPluginJar : add gic
2023-10-23 00:07:57,265 [INFO] IPUIPlugin:80 - create IPUIPlugin
2023-10-23 00:07:57,265 [INFO] PluginManager:220 - loadIPPluginJar : add gpio
2023-10-23 00:07:57,269 [INFO] IPUIPlugin:80 - create IPUIPlugin
2023-10-23 00:07:57,269 [INFO] PluginManager:220 - loadIPPluginJar : add gtzc
2023-10-23 00:07:57,273 [INFO] IPUIPlugin:80 - create IPUIPlugin
2023-10-23 00:07:57,273 [INFO] PluginManager:220 - loadIPPluginJar : add hash
2023-10-23 00:07:57,276 [INFO] IPUIPlugin:80 - create IPUIPlugin
2023-10-23 00:07:57,277 [INFO] PluginManager:220 - loadIPPluginJar : add i2c
2023-10-23 00:07:57,279 [INFO] IPUIPlugin:80 - create IPUIPlugin
2023-10-23 00:07:57,279 [INFO] PluginManager:220 - loadIPPluginJar : add i2s
2023-10-23 00:07:57,283 [INFO] IPUIPlugin:80 - create IPUIPlugin
2023-10-23 00:07:57,283 [INFO] PluginManager:220 - loadIPPluginJar : add i3c
2023-10-23 00:07:57,287 [INFO] IPUIPlugin:80 - create IPUIPlugin
2023-10-23 00:07:57,287 [INFO] PluginManager:220 - loadIPPluginJar : add ipddr
2023-10-23 00:07:57,295 [INFO] IPUIPlugin:80 - create IPUIPlugin
2023-10-23 00:07:57,296 [INFO] PluginManager:220 - loadIPPluginJar : add linkedlist
2023-10-23 00:07:57,299 [INFO] IPUIPlugin:80 - create IPUIPlugin
2023-10-23 00:07:57,299 [INFO] PluginManager:220 - loadIPPluginJar : add lorawan
2023-10-23 00:07:57,301 [INFO] IPUIPlugin:80 - create IPUIPlugin
2023-10-23 00:07:57,302 [INFO] PluginManager:220 - loadIPPluginJar : add ltdc
2023-10-23 00:07:57,309 [INFO] IPUIPlugin:80 - create IPUIPlugin
2023-10-23 00:07:57,309 [INFO] PluginManager:220 - loadIPPluginJar : add mdma
2023-10-23 00:07:57,313 [INFO] IPUIPlugin:80 - create IPUIPlugin
2023-10-23 00:07:57,314 [INFO] PluginManager:220 - loadIPPluginJar : add nvic
2023-10-23 00:07:57,318 [INFO] IPUIPlugin:80 - create IPUIPlugin
2023-10-23 00:07:57,318 [INFO] PluginManager:220 - loadIPPluginJar : add opamp
2023-10-23 00:07:57,323 [INFO] IPUIPlugin:80 - create IPUIPlugin
2023-10-23 00:07:57,323 [INFO] PluginManager:220 - loadIPPluginJar : add openamp
2023-10-23 00:07:57,327 [INFO] IPUIPlugin:80 - create IPUIPlugin
2023-10-23 00:07:57,328 [INFO] PluginManager:220 - loadIPPluginJar : add pdm2pcm
2023-10-23 00:07:57,334 [INFO] IPUIPlugin:80 - create IPUIPlugin
2023-10-23 00:07:57,338 [INFO] PluginManager:220 - loadIPPluginJar : add plateformsettings
2023-10-23 00:07:57,340 [INFO] IPUIPlugin:80 - create IPUIPlugin
2023-10-23 00:07:57,340 [INFO] PluginManager:220 - loadIPPluginJar : add quadspi
2023-10-23 00:07:57,345 [INFO] IPUIPlugin:80 - create IPUIPlugin
2023-10-23 00:07:57,345 [INFO] PluginManager:220 - loadIPPluginJar : add resmgrutility
2023-10-23 00:07:57,349 [INFO] IPUIPlugin:80 - create IPUIPlugin
2023-10-23 00:07:57,349 [INFO] PluginManager:220 - loadIPPluginJar : add sai
2023-10-23 00:07:57,352 [INFO] IPUIPlugin:80 - create IPUIPlugin
2023-10-23 00:07:57,352 [INFO] PluginManager:220 - loadIPPluginJar : add spi
2023-10-23 00:07:57,358 [INFO] IPUIPlugin:80 - create IPUIPlugin
2023-10-23 00:07:57,358 [INFO] PluginManager:220 - loadIPPluginJar : add stm32_wpan
2023-10-23 00:07:57,361 [INFO] IPUIPlugin:80 - create IPUIPlugin
2023-10-23 00:07:57,361 [INFO] PluginManager:220 - loadIPPluginJar : add tim
2023-10-23 00:07:57,364 [INFO] IPUIPlugin:80 - create IPUIPlugin
2023-10-23 00:07:57,365 [INFO] PluginManager:220 - loadIPPluginJar : add touchsensing
2023-10-23 00:07:57,367 [INFO] IPUIPlugin:80 - create IPUIPlugin
2023-10-23 00:07:57,368 [INFO] PluginManager:220 - loadIPPluginJar : add tracer_emb
2023-10-23 00:07:57,371 [INFO] IPUIPlugin:80 - create IPUIPlugin
2023-10-23 00:07:57,371 [INFO] PluginManager:220 - loadIPPluginJar : add ts
2023-10-23 00:07:57,374 [INFO] IPUIPlugin:80 - create IPUIPlugin
2023-10-23 00:07:57,374 [INFO] PluginManager:220 - loadIPPluginJar : add tsc
2023-10-23 00:07:57,376 [INFO] IPUIPlugin:80 - create IPUIPlugin
2023-10-23 00:07:57,377 [INFO] PluginManager:220 - loadIPPluginJar : add ucpd
2023-10-23 00:07:57,380 [INFO] IPUIPlugin:80 - create IPUIPlugin
2023-10-23 00:07:57,380 [INFO] PluginManager:220 - loadIPPluginJar : add usart
2023-10-23 00:07:57,384 [INFO] IPUIPlugin:80 - create IPUIPlugin
2023-10-23 00:07:57,384 [INFO] PluginManager:220 - loadIPPluginJar : add usbx
2023-10-23 00:07:57,525 [INFO] CADModel:165 - CPN selected for project level
2023-10-23 00:07:57,525 [INFO] CADModel:114 - Register for checkConnection events
2023-10-23 00:07:57,526 [FATAL] Updater:308 - Updater called before beeing initialized
2023-10-23 00:07:57,526 [ERROR] CADModel:125 - Updater not yet initialized, retry later 
2023-10-23 00:07:57,689 [INFO] CADModel:165 - CPN selected for project level
2023-10-23 00:07:57,689 [INFO] CADModel:114 - Register for checkConnection events
2023-10-23 00:07:57,689 [FATAL] Updater:308 - Updater called before beeing initialized
2023-10-23 00:07:57,689 [ERROR] CADModel:125 - Updater not yet initialized, retry later 
2023-10-23 00:07:57,693 [FATAL] Updater:308 - Updater called before beeing initialized
2023-10-23 00:07:57,844 [FATAL] Updater:308 - Updater called before beeing initialized
2023-10-23 00:07:57,850 [INFO] DbMcusAds:53 - JSON generation date=Tue Mar 07 08:50:55 GMT 2023 (1678179055114)
2023-10-23 00:07:57,850 [FATAL] Updater:308 - Updater called before beeing initialized
2023-10-23 00:07:57,893 [WARN] DetailPanel:346 - Failed to get advertising image, set to default
2023-10-23 00:07:58,010 [FATAL] Updater:308 - Updater called before beeing initialized
2023-10-23 00:07:58,012 [FATAL] Updater:308 - Updater called before beeing initialized
2023-10-23 00:07:58,012 [FATAL] Updater:308 - Updater called before beeing initialized
2023-10-23 00:07:58,013 [WARN] DetailPanel:346 - Failed to get advertising image, set to default
2023-10-23 00:07:58,014 [FATAL] Updater:308 - Updater called before beeing initialized
2023-10-23 00:07:58,065 [ERROR] Updater:1120 - MainUpdater not yet initialized. External WinMGr cannot be set.
2023-10-23 00:07:58,068 [INFO] Updater:1056 - Updater Version found : 6.9.0
2023-10-23 00:07:58,092 [INFO] ApplicationProperties:184 - Using Application install path: D:\STM32CubeIDE_1.13.0\STM32CubeIDE\plugins\com.st.stm32cube.common.mx_6.9.0.202307051724
2023-10-23 00:07:58,270 [INFO] MainUpdater:2868 - connection check result : 10
2023-10-23 00:07:58,271 [INFO] MainUpdater:3562 - Updater definition file requires update
2023-10-23 00:07:58,273 [INFO] MainUpdater:285 - Updater Check For Update Now.
2023-10-23 00:07:58,273 [INFO] MicroXplorer:498 - Change Database Version : DB.6.0.90
2023-10-23 00:07:58,279 [INFO] McuFinderGlobals:63 - Set McuFinder mode to 2 (CubeIDE integrated)
2023-10-23 00:07:58,363 [INFO] ServerAccessManage:473 - Download File updaters.zip
2023-10-23 00:07:58,417 [INFO] FileExtend:240 - Unzip File : updaters.zip
2023-10-23 00:07:58,417 [INFO] FileExtend:255 - Standard Zip Deflate
2023-10-23 00:07:59,302 [INFO] ServerAccessManage:473 - Download File PacksControlFlags.xml
2023-10-23 00:07:59,394 [INFO] ServerAccessManage:473 - Download File cubemx.pidx
2023-10-23 00:07:59,582 [WARN] MainUpdater:1189 - Updater busy. Cannot search thirdparties
2023-10-23 00:07:59,582 [INFO] ThirdPartyUpdaterWithRetryManager:96 - Updater plugin is busy. [1/15]
2023-10-23 00:08:00,039 [INFO] ServerAccessManage:473 - Download File STMicroelectronics.X-CUBE-MEMS1.pdsc
2023-10-23 00:08:02,533 [ERROR] ServerAccessManage:1096 - Problem, Http access forbiden
2023-10-23 00:08:02,534 [ERROR] ServerAccessManage:651 - Problem, Http access forbiden : RoweBots.I-CUBE-UNISONRTOS.pdsc.
2023-10-23 00:08:02,585 [WARN] MainUpdater:1189 - Updater busy. Cannot search thirdparties
2023-10-23 00:08:02,585 [INFO] ThirdPartyUpdaterWithRetryManager:96 - Updater plugin is busy. [2/15]
2023-10-23 00:08:02,742 [WARN] PackLoader:240 - Cannot read IP mode file for STMicroelectronics.X-CUBE-MEMS1.10.0.0
2023-10-23 00:08:02,796 [INFO] CheckServerUpdateThread:120 - End of CheckServer Thread
2023-10-23 00:08:02,894 [INFO] PopulateThirdPartyThread:66 - Ending populate Thread
2023-10-23 00:08:02,895 [INFO] ThirdParty:1030 - CMSIS Pack Vendor :STMicroelectronics X-CUBE-MEMS1 10.0.0
2023-10-23 00:08:02,896 [INFO] LoadServerUpdatesThread:373 - End of LoadServerUpdate Thread
2023-10-23 00:08:05,788 [WARN] PackLoader:240 - Cannot read IP mode file for STMicroelectronics.X-CUBE-SMBUS.2.1.0
2023-10-23 00:08:05,804 [WARN] PackLoader:240 - Cannot read IP mode file for STMicroelectronics.X-CUBE-AZRTOS-F7.1.1.0
2023-10-23 00:08:05,817 [WARN] PackLoader:240 - Cannot read IP mode file for STMicroelectronics.FP-SNS-MOTENV1.4.3.2
2023-10-23 00:08:05,825 [WARN] PackLoader:240 - Cannot read IP mode file for STMicroelectronics.X-CUBE-BLE1.6.2.4
2023-10-23 00:08:05,831 [WARN] PackLoader:240 - Cannot read IP mode file for STMicroelectronics.FP-SNS-FLIGHT1.5.0.2
2023-10-23 00:08:05,838 [WARN] PackLoader:240 - Cannot read IP mode file for STMicroelectronics.X-CUBE-DISPLAY.3.0.0
2023-10-23 00:08:05,846 [WARN] PackLoader:240 - Cannot read IP mode file for STMicroelectronics.X-CUBE-BLE1.7.0.0
2023-10-23 00:08:05,852 [WARN] PackLoader:240 - Cannot read IP mode file for emotas.I-CUBE-CANOPEN.1.3.0
2023-10-23 00:08:05,857 [WARN] PackLoader:240 - Cannot read IP mode file for STMicroelectronics.X-CUBE-TOUCHGFX.4.22.0
2023-10-23 00:08:05,860 [WARN] PackLoader:240 - Cannot read IP mode file for STMicroelectronics.X-CUBE-TOUCHGFX.4.22.1
2023-10-23 00:08:05,866 [WARN] PackLoader:240 - Cannot read IP mode file for STMicroelectronics.FP-SNS-SMARTAG2.1.2.0
2023-10-23 00:08:05,875 [INFO] LogOutputStream:77 - [STDOUT_REDIRECT] 1 : Invalid condition id : UX_CORESTACK_Condition cause : null
2023-10-23 00:08:05,876 [INFO] LogOutputStream:77 - [STDOUT_REDIRECT] 1 : Invalid condition id : UX_CORESTACK_Condition cause : null
2023-10-23 00:08:05,877 [INFO] LogOutputStream:77 - [STDOUT_REDIRECT] 1 : Invalid condition id : UX_CORESTACK_Condition cause : null
2023-10-23 00:08:05,878 [INFO] LogOutputStream:77 - [STDOUT_REDIRECT] 1 : Invalid condition id : UX_CORESTACK_Condition cause : null
2023-10-23 00:08:05,879 [INFO] LogOutputStream:77 - [STDOUT_REDIRECT] 1 : Invalid condition id : UX_CORESTACK_Condition cause : null
2023-10-23 00:08:05,884 [WARN] PackLoader:240 - Cannot read IP mode file for STMicroelectronics.X-CUBE-AZRTOS-WL.2.0.0
2023-10-23 00:08:05,892 [WARN] PackLoader:240 - Cannot read IP mode file for WES.I-CUBE-Cesium.1.3.0
2023-10-23 00:08:05,896 [WARN] PackLoader:240 - Cannot read IP mode file for STMicroelectronics.X-CUBE-BLE2.3.3.0
2023-10-23 00:08:05,903 [WARN] PackLoader:240 - Cannot read IP mode file for STMicroelectronics.X-CUBE-ALGOBUILD.1.3.0
2023-10-23 00:08:05,920 [WARN] PackLoader:240 - Cannot read IP mode file for STMicroelectronics.X-CUBE-AZRTOS-G0.1.1.0
2023-10-23 00:08:05,928 [WARN] PackLoader:240 - Cannot read IP mode file for STMicroelectronics.X-CUBE-NFC4.3.0.0
2023-10-23 00:08:05,934 [WARN] PackLoader:240 - Cannot read IP mode file for STMicroelectronics.FP-ATR-SIGFOX1.3.2.0
2023-10-23 00:08:05,963 [WARN] PackLoader:240 - Cannot read IP mode file for SEGGER.I-CUBE-embOS.1.3.1
2023-10-23 00:08:06,004 [WARN] PackLoader:240 - Cannot read IP mode file for STMicroelectronics.X-CUBE-GNSS1.6.0.0
2023-10-23 00:08:06,020 [WARN] PackLoader:240 - Cannot read IP mode file for STMicroelectronics.X-CUBE-AZRTOS-F4.1.1.0
2023-10-23 00:08:06,027 [WARN] PackLoader:240 - Cannot read IP mode file for wolfSSL.I-CUBE-wolfSSL.5.6.3
2023-10-23 00:08:06,042 [WARN] PackLoader:240 - Cannot read IP mode file for STMicroelectronics.X-CUBE-AZRTOS-L5.2.0.0
2023-10-23 00:08:06,080 [WARN] PackLoader:240 - Cannot read IP mode file for STMicroelectronics.X-CUBE-MEMS1.9.6.0
2023-10-23 00:08:06,208 [WARN] PackLoader:240 - Cannot read IP mode file for ITTIA_DB.I-CUBE-ITTIADB.8.8.0
2023-10-23 00:08:06,215 [WARN] PackLoader:240 - Cannot read IP mode file for STMicroelectronics.X-CUBE-BLEMGR.2.0.0
2023-10-23 00:08:06,228 [WARN] ConditionMgr:438 - getConditionDescription Invalid condition id : UX DEVICE CLASS RTOS Condition cause : null
2023-10-23 00:08:06,229 [WARN] ConditionMgr:438 - getConditionDescription Invalid condition id : UX DEVICE CLASS RTOS Condition cause : null
2023-10-23 00:08:06,231 [WARN] PackLoader:240 - Cannot read IP mode file for STMicroelectronics.X-CUBE-AZRTOS-H7.3.1.0
2023-10-23 00:08:06,232 [WARN] ConditionMgr:1039 - genDependencies : Invalid condition id : UX DEVICE CLASS RTOS Condition cause : null
2023-10-23 00:08:06,232 [WARN] ConditionMgr:1039 - genDependencies : Invalid condition id : UX DEVICE CLASS RTOS Condition cause : null
2023-10-23 00:08:06,233 [WARN] ConditionMgr:1039 - genDependencies : Invalid condition id : UX DEVICE CLASS RTOS Condition cause : null
2023-10-23 00:08:06,233 [WARN] ConditionMgr:1039 - genDependencies : Invalid condition id : UX DEVICE CLASS RTOS Condition cause : null
2023-10-23 00:08:06,233 [WARN] ConditionMgr:1039 - genDependencies : Invalid condition id : UX DEVICE CLASS RTOS Condition cause : null
2023-10-23 00:08:06,239 [WARN] PackLoader:240 - Cannot read IP mode file for STMicroelectronics.X-CUBE-NFC7.1.0.1
2023-10-23 00:08:06,246 [WARN] PackLoader:240 - Cannot read IP mode file for STMicroelectronics.X-CUBE-NFC6.3.0.0
2023-10-23 00:08:06,252 [WARN] PackLoader:240 - Cannot read IP mode file for STMicroelectronics.X-CUBE-EEPRMA1.4.1.0
2023-10-23 00:08:06,256 [WARN] PackLoader:240 - Cannot read IP mode file for STMicroelectronics.X-CUBE-AI.8.1.0
2023-10-23 00:08:06,268 [WARN] ConditionMgr:438 - getConditionDescription Invalid condition id : LAN8742 Phy interface Condition cause : null
2023-10-23 00:08:06,269 [WARN] PackLoader:240 - Cannot read IP mode file for STMicroelectronics.X-CUBE-AZRTOS-L4.2.0.0
2023-10-23 00:08:06,270 [WARN] ConditionMgr:1039 - genDependencies : Invalid condition id : LAN8742 Phy interface Condition cause : null
2023-10-23 00:08:06,270 [WARN] ConditionMgr:1039 - genDependencies : Invalid condition id : LAN8742 Phy interface Condition cause : null
2023-10-23 00:08:06,271 [WARN] ConditionMgr:1039 - genDependencies : Invalid condition id : LAN8742 Phy interface Condition cause : null
2023-10-23 00:08:06,277 [WARN] PackLoader:240 - Cannot read IP mode file for STMicroelectronics.X-CUBE-SFXS2LP1.4.0.0
2023-10-23 00:08:06,283 [WARN] PackLoader:240 - Cannot read IP mode file for STMicroelectronics.X-CUBE-ISPU.1.1.0
2023-10-23 00:08:06,295 [WARN] ConditionMgr:438 - getConditionDescription Invalid condition id : UX DEVICE CLASS RTOS Condition cause : null
2023-10-23 00:08:06,295 [WARN] ConditionMgr:438 - getConditionDescription Invalid condition id : UX DEVICE CLASS RTOS Condition cause : null
2023-10-23 00:08:06,297 [WARN] PackLoader:240 - Cannot read IP mode file for STMicroelectronics.X-CUBE-AZRTOS-WB.2.0.0
2023-10-23 00:08:06,298 [WARN] ConditionMgr:1039 - genDependencies : Invalid condition id : UX DEVICE CLASS RTOS Condition cause : null
2023-10-23 00:08:06,299 [WARN] ConditionMgr:1039 - genDependencies : Invalid condition id : UX DEVICE CLASS RTOS Condition cause : null
2023-10-23 00:08:06,299 [WARN] ConditionMgr:1039 - genDependencies : Invalid condition id : UX DEVICE CLASS RTOS Condition cause : null
2023-10-23 00:08:06,299 [WARN] ConditionMgr:1039 - genDependencies : Invalid condition id : UX DEVICE CLASS RTOS Condition cause : null
2023-10-23 00:08:06,299 [WARN] ConditionMgr:1039 - genDependencies : Invalid condition id : UX DEVICE CLASS RTOS Condition cause : null
2023-10-23 00:08:06,304 [WARN] PackLoader:240 - Cannot read IP mode file for STMicroelectronics.X-CUBE-FREERTOS.1.0.1
2023-10-23 00:08:06,316 [WARN] PackLoader:240 - Cannot read IP mode file for STMicroelectronics.X-CUBE-AZRTOS-L5.1.1.0
2023-10-23 00:08:06,323 [WARN] PackLoader:240 - Cannot read IP mode file for STMicroelectronics.X-CUBE-AI.8.0.1
2023-10-23 00:08:06,332 [WARN] PackLoader:240 - Cannot read IP mode file for STMicroelectronics.X-CUBE-SUBG2.5.0.0
2023-10-23 00:08:06,346 [WARN] PackLoader:240 - Cannot read IP mode file for STMicroelectronics.X-CUBE-TOF1.3.3.1
2023-10-23 00:08:06,361 [WARN] PackLoader:240 - Cannot read IP mode file for STMicroelectronics.X-CUBE-AZRTOS-G4.2.0.0
2023-10-23 00:08:06,373 [WARN] PackLoader:240 - Cannot read IP mode file for Infineon.AIROC-Wi-Fi-Bluetooth-STM32.1.5.1
2023-10-23 00:08:06,404 [WARN] PackLoader:240 - Cannot read IP mode file for STMicroelectronics.X-CUBE-MEMS1.10.0.0
2023-10-23 00:08:06,492 [WARN] PackLoader:240 - Cannot read IP mode file for STMicroelectronics.X-CUBE-FREERTOS.1.1.0
2023-10-23 00:08:06,499 [WARN] PackLoader:240 - Cannot read IP mode file for portGmbH.I-Cube-SoM-uGOAL.1.1.0
2023-10-23 00:08:06,505 [WARN] PackLoader:240 - Cannot read IP mode file for STMicroelectronics.X-CUBE-ALS.1.0.1
2023-10-23 00:08:06,514 [WARN] PackLoader:240 - Cannot read IP mode file for STMicroelectronics.X-CUBE-AZRTOS-WB.1.1.0
2023-10-23 00:08:06,520 [WARN] PackLoader:240 - Cannot read IP mode file for STMicroelectronics.FP-ATR-ASTRA1.2.0.0
2023-10-23 00:08:06,520 [INFO] ThirdParty:978 - Integrity check success = true
2023-10-23 00:08:06,520 [INFO] IntegrityCheckThread:100 - exiting critical section [integrity check]
2023-10-23 00:08:06,520 [INFO] IntegrityCheckThread:103 - End integrity checks thread
2023-10-23 00:08:19,111 [ERROR] LogOutputStream:75 - [STDERR_REDIRECT] SLF4J: Failed to load class "org.slf4j.impl.StaticLoggerBinder".
2023-10-23 00:08:19,111 [ERROR] LogOutputStream:75 - [STDERR_REDIRECT] SLF4J: Defaulting to no-operation (NOP) logger implementation
2023-10-23 00:08:19,112 [ERROR] LogOutputStream:75 - [STDERR_REDIRECT] SLF4J: See http://www.slf4j.org/codes.html#StaticLoggerBinder for further details.
2023-10-23 03:03:50,706 [INFO] McuFinderGlobals:63 - Set McuFinder mode to 2 (CubeIDE integrated)
2023-10-23 03:03:50,714 [INFO] MainUpdater:2868 - connection check result : 10
2023-10-23 03:03:50,715 [INFO] MainUpdater:2868 - connection check result : 10
2023-10-23 03:03:50,763 [INFO] MicroXplorer:468 - Change Database Path : 
2023-10-23 03:03:50,764 [INFO] MicroXplorer:498 - Change Database Version : DB.6.0.90
2023-10-23 03:03:50,767 [WARN] ThirdParty:871 - waiting for thirdparty lock release [close project]
2023-10-23 03:03:50,767 [INFO] ThirdParty:873 - entering critical section [close project]
2023-10-23 03:03:50,769 [INFO] ThirdParty:883 - exiting critical section [close project]
2023-10-23 03:03:50,771 [INFO] PinOutPanel:1499 - setPackage(No Configuration,No Configuration)
2023-10-23 03:03:50,781 [INFO] UtilMem:75 - Begin LoadConfig() Used Memory: 525606768 Bytes (865075200)
2023-10-23 03:03:50,782 [INFO] MicroXplorer:468 - Change Database Path : 
2023-10-23 03:03:50,782 [INFO] MicroXplorer:498 - Change Database Version : DB.6.0.90
2023-10-23 03:03:50,783 [INFO] OpenFileManager:308 - Change cursor
2023-10-23 03:03:50,819 [INFO] Mcu:1946 - Initializing MCU STM32L476R(C-E-G)Tx STM32L476RGTx STM32L476RGT3
2023-10-23 03:03:53,159 [INFO] Context:659 - Trying to add GPIOservice into a context  which must be forbidden
2023-10-23 03:03:53,869 [INFO] RtosManager:555 - Registered RTOS mode: class=CMSIS, group=RTOS, mode=CMSIS_V1, owner=FREERTOS
2023-10-23 03:03:53,869 [INFO] RtosManager:555 - Registered RTOS mode: class=CMSIS, group=RTOS2, mode=CMSIS_V2, owner=FREERTOS
2023-10-23 03:03:53,869 [INFO] RtosManager:555 - Registered RTOS mode: class=RTOS, group=Core, mode=CMSIS_V1, owner=FREERTOS
2023-10-23 03:03:53,869 [INFO] RtosManager:555 - Registered RTOS mode: class=RTOS, group=Core, mode=CMSIS_V2, owner=FREERTOS
2023-10-23 03:03:53,870 [WARN] ModelIntegratedComponent:184 - Missing modes for component STMicroelectronics:FreeRTOS:0.0.1:STMicroelectronics:RTOS:FreeRTOS:Core:::10.2.0:
2023-10-23 03:03:53,880 [WARN] ModelIntegratedComponent:63 - No mode defined for component null
2023-10-23 03:03:53,880 [WARN] ModelIntegratedComponent:63 - No mode defined for component null
2023-10-23 03:03:53,880 [WARN] ModelIntegratedComponent:63 - No mode defined for component null
2023-10-23 03:03:53,880 [WARN] ModelIntegratedComponent:63 - No mode defined for component null
2023-10-23 03:03:53,880 [WARN] ModelIntegratedComponent:63 - No mode defined for component null
2023-10-23 03:03:53,880 [WARN] ModelIntegratedComponent:63 - No mode defined for component null
2023-10-23 03:03:53,880 [WARN] ModelIntegratedComponent:63 - No mode defined for component null
2023-10-23 03:03:53,880 [WARN] ModelIntegratedComponent:63 - No mode defined for component null
2023-10-23 03:03:53,880 [WARN] ModelIntegratedComponent:63 - No mode defined for component null
2023-10-23 03:03:53,880 [WARN] ModelIntegratedComponent:63 - No mode defined for component null
2023-10-23 03:03:53,881 [WARN] ModelIntegratedComponent:63 - No mode defined for component null
2023-10-23 03:03:53,881 [WARN] ModelIntegratedComponent:63 - No mode defined for component null
2023-10-23 03:03:53,881 [WARN] ModelIntegratedComponent:63 - No mode defined for component null
2023-10-23 03:03:53,881 [WARN] ModelIntegratedComponent:63 - No mode defined for component null
2023-10-23 03:03:53,881 [WARN] ModelIntegratedComponent:63 - No mode defined for component null
2023-10-23 03:03:53,881 [WARN] ModelIntegratedComponent:63 - No mode defined for component null
2023-10-23 03:03:53,881 [WARN] ModelIntegratedComponent:63 - No mode defined for component null
2023-10-23 03:03:53,881 [WARN] ModelIntegratedComponent:63 - No mode defined for component null
2023-10-23 03:03:53,881 [WARN] ModelIntegratedComponent:63 - No mode defined for component null
2023-10-23 03:03:53,881 [WARN] ModelIntegratedComponent:63 - No mode defined for component null
2023-10-23 03:03:53,881 [WARN] ModelIntegratedComponent:63 - No mode defined for component null
2023-10-23 03:03:53,881 [WARN] ModelIntegratedComponent:63 - No mode defined for component null
2023-10-23 03:03:53,881 [WARN] ModelIntegratedComponent:63 - No mode defined for component null
2023-10-23 03:03:53,881 [WARN] ModelIntegratedComponent:63 - No mode defined for component null
2023-10-23 03:03:53,881 [WARN] ModelIntegratedComponent:63 - No mode defined for component null
2023-10-23 03:03:53,881 [WARN] ModelIntegratedComponent:63 - No mode defined for component null
2023-10-23 03:03:53,881 [WARN] ModelIntegratedComponent:63 - No mode defined for component null
2023-10-23 03:03:53,881 [WARN] ModelIntegratedComponent:63 - No mode defined for component null
2023-10-23 03:03:53,881 [WARN] ModelIntegratedComponent:63 - No mode defined for component null
2023-10-23 03:03:53,881 [WARN] ModelIntegratedComponent:63 - No mode defined for component null
2023-10-23 03:03:53,881 [WARN] ModelIntegratedComponent:63 - No mode defined for component null
2023-10-23 03:03:53,881 [WARN] ModelIntegratedComponent:63 - No mode defined for component null
2023-10-23 03:03:53,881 [WARN] ModelIntegratedComponent:63 - No mode defined for component null
2023-10-23 03:03:53,952 [INFO] ThirdPartyModel:298 - Start build external matchings
2023-10-23 03:03:54,378 [INFO] ThirdPartyModel:316 - End build external matchings
2023-10-23 03:03:54,398 [INFO] ImportTextPane:194 - (OptionalMessage_ERROR) IP (RCC) : Invalid parameter (FamilyName)
2023-10-23 03:03:54,401 [INFO] ImportTextPane:194 - (OptionalMessage_ERROR) IP (RCC) : Parameter (RNGFreq_Value) has invalid value (64000000)
2023-10-23 03:03:54,402 [INFO] ImportTextPane:194 - (OptionalMessage_ERROR) IP (RCC) : Parameter (SDMMCFreq_Value) has invalid value (64000000)
2023-10-23 03:03:54,402 [INFO] ImportTextPane:194 - (OptionalMessage_ERROR) IP (RCC) : Parameter (USBFreq_Value) has invalid value (64000000)
2023-10-23 03:03:54,892 [INFO] UtilMem:75 - End LoadConfig() Used Memory: 838595528 Bytes (1073741824)
2023-10-23 03:03:54,979 [INFO] ApiDb:581 - Connected to CubeFinder SQLite database (C:\Users\66405\.stmcufinder\plugins\mcufinder\mcu\cube-finder-db.db)
2023-10-23 03:03:55,057 [INFO] ApiDb:668 - CubeFinder database Data Model version=2.1
2023-10-23 03:03:55,057 [INFO] ApiDb:669 - CubeFinder database Configuration version=3.0.37
2023-10-23 03:03:55,059 [INFO] ApiDb:670 - CubeFinder database generation date=2023-06-26 (1687786131)
2023-10-23 03:03:55,059 [INFO] ApiDb:671 - CubeFinder database FW Pack versions=[FP-ATR-ASTRA1_V2.0.0, FP-SNS-FLIGHT1_V5.0.1, FP-SNS-MOTENV1_V4.3.1, STM32Cube_FW_C0_V1.1.0, STM32Cube_FW_F4_V1.27.1, STM32Cube_FW_F7_V1.17.0, STM32Cube_FW_G0_V1.6.1, STM32Cube_FW_G4_V1.5.1, STM32Cube_FW_H5_V0.5.1, STM32Cube_FW_H5_V1.1.0, STM32Cube_FW_H7_V1.11.0, STM32Cube_FW_L0_V1.12.2, STM32Cube_FW_L5_V1.5.0, STM32Cube_FW_U5_V1.3.0, STM32Cube_FW_U5_V1.3.0RC4, STM32Cube_FW_WBA_V1.0.0RC1, STM32Cube_FW_WBA_V1.1.0, STM32Cube_FW_WBA_V1.1.0RC1, STM32Cube_FW_WB_V1.15.0RC1, STM32Cube_FW_WB_V1.16.0, STM32Cube_FW_WB_V1.16.0RC2, STM32Cube_FW_WB_V1.17.0, STM32Cube_FW_WL_V1.3.0, X-CUBE-ALGOBUILD_V1.3.0, X-CUBE-ALS_V1.0.1, X-CUBE-AZRTOS-F4_V1.1.0, X-CUBE-AZRTOS-F7_V1.1.0, X-CUBE-AZRTOS-G0_V1.1.0, X-CUBE-AZRTOS-G4_V2.0.0, X-CUBE-AZRTOS-H7_V3.1.0, X-CUBE-AZRTOS-L4_V1.0.0, X-CUBE-AZRTOS-L4_V2.0.0, X-CUBE-AZRTOS-L5_V1.1.0, X-CUBE-AZRTOS-WB_V1.1.0, X-CUBE-AZRTOS-WL_V2.0.0, X-CUBE-BLE1_V6.2.4, X-CUBE-BLE2_V3.3.0, X-CUBE-BLEMGR_V2.0.0, X-CUBE-EEPRMA1_V4.1.0, X-CUBE-FREERTOS_V1.0.1, X-CUBE-GNSS1_V6.0.0, X-CUBE-MEMS1_V9.1.0, X-CUBE-MEMS1_V9.4.0, X-CUBE-MEMS1_V9.6.0, X-CUBE-NFC4_V3.0.0, X-CUBE-NFC7_V1.0.0, X-CUBE-SFXS2LP1_V4.0.0, X-CUBE-SUBG2_V5.0.0]
2023-10-23 03:03:57,290 [INFO] ApiDb:240 - Found 323 in-development CPN: [B-G473E-ZEST1S, B-WB1M-WPAN1, B-WL5M-SUBG1, NUCLEO-C031C6, NUCLEO-H503RB, NUCLEO-H563ZI, NUCLEO-U545RE-Q, NUCLEO-U5A5ZJ-Q, NUCLEO-WBA52CG, STEVAL-PROTEUS1, STEVAL-SMARTAG2, STEVAL-STWINBX1, STM320518-EVAL, STM32C0116-DK, STM32C011D6Y3TR, STM32C011D6Y6TR, STM32C011F4P3, STM32C011F4P6, STM32C011F4U3, STM32C011F4U6TR, STM32C011F6P3, STM32C011F6P6, STM32C011F6U3, STM32C011F6U6TR, STM32C011J4M3, STM32C011J4M6, STM32C011J6M3, STM32C011J6M6, STM32C0316-DK, STM32C031C4T3, STM32C031C4T6, STM32C031C4U3, STM32C031C4U6, STM32C031C6T3, STM32C031C6T6, STM32C031C6U3, STM32C031C6U6, STM32C031F4P3, STM32C031F4P6, STM32C031F6P3, STM32C031F6P6, STM32C031G4U3, STM32C031G4U6, STM32C031G6U3, STM32C031G6U6, STM32C031K4T3, STM32C031K4T6, STM32C031K4U3, STM32C031K4U6, STM32C031K6T3, STM32C031K6T6, STM32C031K6U3, STM32C031K6U6, STM32G071K8TXN, STM32G071K8UXN, STM32G081GBU6N, STM32G081KBT6N, STM32G081KBUXN, STM32G0B1CCT6N, STM32G0B1KCT6, STM32G0B1NEY6TR, STM32G0B1RCT6N, STM32G0C1CCT6, STM32G0C1CCT6N, STM32G0C1CCU6N, STM32G0C1CET6N, STM32G0C1CEU6N, STM32G0C1KCT6, STM32G0C1NEY6TR, STM32G0C1RCI6N, STM32G0C1RCT6N, STM32G0C1REI6N, STM32G0C1RET6N, STM32G0C1VCI6, STM32G0C1VEI6, STM32G471CCT6, STM32G471CCU6, STM32G471CET3, STM32G471CET6, STM32G471CEU3, STM32G471CEU6, STM32G471MCT6, STM32G471MET3, STM32G471MET6, STM32G471MEY6TR, STM32G471QCT6, STM32G471QET3, STM32G471RCT6, STM32G471RET3, STM32G471RET6, STM32G471VCH6, STM32G471VCI6, STM32G471VCT6, STM32G471VEH3, STM32G471VEH6, STM32G471VEI3, STM32G471VEI6, STM32G471VET3, STM32G471VET6, STM32G474CCT6, STM32H503CBT6, STM32H503CBU6, STM32H503EBY6TR, STM32H503KBU6, STM32H503RBT6, STM32H562AGI6, STM32H562AII6, STM32H562IGK6, STM32H562IGT6, STM32H562IIK6, STM32H562IIT6, STM32H562RGT6, STM32H562RGV6, STM32H562RIT6, STM32H562RIV6, STM32H562VGT6, STM32H562VIT6, STM32H562ZGT6, STM32H562ZIT6, STM32H563AGI6, STM32H563AII3Q, STM32H563AII6, STM32H563IGK6, STM32H563IGT6, STM32H563IIK3Q, STM32H563IIK6, STM32H563IIT3Q, STM32H563IIT6, STM32H563MIY3QTR, STM32H563RGT6, STM32H563RGV6, STM32H563RIT6, STM32H563RIV6, STM32H563VGT6, STM32H563VIT3Q, STM32H563VIT6, STM32H563ZGT6, STM32H563ZIT3Q, STM32H563ZIT6, STM32H573AII3Q, STM32H573AII6, STM32H573I-DK, STM32H573IIK3Q, STM32H573IIK6, STM32H573IIT3Q, STM32H573IIT6, STM32H573MIY3QTR, STM32H573RIT6, STM32H573RIV6, STM32H573VIT3Q, STM32H573VIT6, STM32H573ZIT3Q, STM32H573ZIT6, STM32L4R5QGI6STR, STM32MP131AAE3, STM32MP131AAF3, STM32MP131AAG3, STM32MP131CAE3, STM32MP131CAF3, STM32MP131CAG3, STM32MP131DAE7, STM32MP131DAF7, STM32MP131DAG7, STM32MP131FAE7, STM32MP131FAF7, STM32MP131FAG7, STM32MP133AAE3, STM32MP133AAF3, STM32MP133AAG3, STM32MP133CAE3, STM32MP133CAF3, STM32MP133CAG3, STM32MP133DAE7, STM32MP133DAF7, STM32MP133DAG7, STM32MP133FAE7, STM32MP133FAF7, STM32MP133FAG7, STM32MP135AAE3, STM32MP135AAF3, STM32MP135AAG3, STM32MP135CAE3, STM32MP135CAF3, STM32MP135CAG3, STM32MP135DAE7, STM32MP135DAF7, STM32MP135DAG7, STM32MP135F-DK, STM32MP135FAE7, STM32MP135FAF7, STM32MP135FAF7T, STM32MP135FAF7U, STM32MP135FAG7, STM32U535CBT6, STM32U535CBT6Q, STM32U535CBU6, STM32U535CBU6Q, STM32U535CCT6, STM32U535CCT6Q, STM32U535CCU6, STM32U535CCU6Q, STM32U535CET6, STM32U535CET6Q, STM32U535CEU6, STM32U535CEU6Q, STM32U535JEY6QTR, STM32U535NCY6QTR, STM32U535NEY6QTR, STM32U535RBI6, STM32U535RBI6Q, STM32U535RBT6, STM32U535RBT6Q, STM32U535RCI6, STM32U535RCI6Q, STM32U535RCT6, STM32U535RCT6Q, STM32U535REI6, STM32U535REI6Q, STM32U535RET6, STM32U535RET6Q, STM32U535VCI6, STM32U535VCI6Q, STM32U535VCT6, STM32U535VCT6Q, STM32U535VEI6, STM32U535VEI6Q, STM32U535VET6, STM32U535VET6Q, STM32U545CET6, STM32U545CET6Q, STM32U545CEU6, STM32U545CEU6Q, STM32U545JEY6QTR, STM32U545NEY6QTR, STM32U545REI6, STM32U545REI6Q, STM32U545RET6, STM32U545RET6Q, STM32U545VEI6, STM32U545VEI6Q, STM32U545VET6, STM32U545VET6Q, STM32U595AIH6, STM32U595AIH6Q, STM32U595AJH6, STM32U595AJH6Q, STM32U595QII6, STM32U595QII6Q, STM32U595QJI6, STM32U595QJI6Q, STM32U595RIT6, STM32U595RIT6Q, STM32U595RJT6, STM32U595RJT6Q, STM32U595VIT6, STM32U595VIT6Q, STM32U595VJT6, STM32U595VJT6Q, STM32U595ZIT6, STM32U595ZIT6Q, STM32U595ZIY6QTR, STM32U595ZJT6, STM32U595ZJT6Q, STM32U595ZJY6QTR, STM32U599BJY6QTR, STM32U599NIH6Q, STM32U599NJH6Q, STM32U599VIT6Q, STM32U599VJT6, STM32U599VJT6Q, STM32U599ZIT6Q, STM32U599ZIY6QTR, STM32U599ZJT6Q, STM32U599ZJY6QTR, STM32U5A5AJH6, STM32U5A5AJH6Q, STM32U5A5QJI6, STM32U5A5QJI6Q, STM32U5A5RJT6, STM32U5A5RJT6Q, STM32U5A5VJT6, STM32U5A5VJT6Q, STM32U5A5ZJT6, STM32U5A5ZJT6Q, STM32U5A5ZJY6QTR, STM32U5A9BJY6QTR, STM32U5A9J-DK, STM32U5A9NJH6Q, STM32U5A9VJT6Q, STM32U5A9ZJT6Q, STM32U5A9ZJY6QTR, STM32U5F7VIT6, STM32U5F7VIT6Q, STM32U5F7VJT6, STM32U5F7VJT6Q, STM32U5F9BJY6QTR, STM32U5F9NJH6Q, STM32U5F9VIT6Q, STM32U5F9VJT6Q, STM32U5F9ZIJ6QTR, STM32U5F9ZIT6Q, STM32U5F9ZJJ6QTR, STM32U5F9ZJT6Q, STM32U5G7VJT6, STM32U5G7VJT6Q, STM32U5G9BJY6QTR, STM32U5G9J-DK1, STM32U5G9J-DK2, STM32U5G9NJH6Q, STM32U5G9VJT6Q, STM32U5G9ZJJ6QTR, STM32U5G9ZJT6Q, STM32WB1MMCH6, STM32WBA52CEU6, STM32WBA52CEU6T, STM32WBA52CGU6, STM32WBA52CGU6T, STM32WBA52KEU6, STM32WBA52KEU6T, STM32WBA52KGU6, STM32WBA52KGU6T, STM32WL5MOCH6, STM32WL5MOCH6TR]
2023-10-23 03:03:57,294 [INFO] DbMcus:217 - Found 3848 MCUs, 3848 are supported
2023-10-23 03:03:57,296 [INFO] ApiDb:423 - Load user favorites file C:\Users\66405/.stm32cubeide/favorites.mcus.txt: 0 item(s)
2023-10-23 03:03:57,296 [INFO] ApiDb:427 - User favorites MCUs=[]
2023-10-23 03:03:57,296 [INFO] DbMcus:223 - Set 0 / 0 favorites MCUs
2023-10-23 03:03:57,687 [WARN] ThirdParty:833 - waiting for thirdparty lock release [change project]
2023-10-23 03:03:57,687 [INFO] ThirdParty:835 - entering critical section [change project]
2023-10-23 03:03:57,687 [INFO] ThirdParty:1030 - CMSIS Pack Vendor :STMicroelectronics X-CUBE-ISPU 1.1.0
2023-10-23 03:03:57,687 [INFO] ThirdParty:1030 - CMSIS Pack Vendor :STMicroelectronics USBPD 4.1
2023-10-23 03:03:57,688 [INFO] ThirdParty:1030 - CMSIS Pack Vendor :STMicroelectronics X-CUBE-GNSS1 6.0.0
2023-10-23 03:03:57,688 [INFO] ThirdParty:1030 - CMSIS Pack Vendor :STMicroelectronics USB_HOST 2.0.0
2023-10-23 03:03:57,688 [INFO] ThirdParty:1030 - CMSIS Pack Vendor :STMicroelectronics X-CUBE-AZRTOS-F4 1.1.0
2023-10-23 03:03:57,688 [INFO] ThirdParty:1030 - CMSIS Pack Vendor :STMicroelectronics LIBJPEG 8.0.0
2023-10-23 03:03:57,688 [INFO] ThirdParty:1030 - CMSIS Pack Vendor :wolfSSL I-CUBE-wolfSSL 5.6.3
2023-10-23 03:03:57,688 [INFO] ThirdParty:1030 - CMSIS Pack Vendor :STMicroelectronics X-CUBE-SMBUS 2.1.0
2023-10-23 03:03:57,688 [INFO] ThirdParty:1030 - CMSIS Pack Vendor :STMicroelectronics USB_DEVICE 3.0.0
2023-10-23 03:03:57,688 [INFO] ThirdParty:1030 - CMSIS Pack Vendor :STMicroelectronics X-CUBE-AZRTOS-WB 2.0.0
2023-10-23 03:03:57,688 [INFO] ThirdParty:1030 - CMSIS Pack Vendor :STMicroelectronics X-CUBE-FREERTOS 1.0.1
2023-10-23 03:03:57,688 [INFO] ThirdParty:1030 - CMSIS Pack Vendor :STMicroelectronics X-CUBE-AZRTOS-F7 1.1.0
2023-10-23 03:03:57,688 [INFO] ThirdParty:1030 - CMSIS Pack Vendor :STMicroelectronics X-CUBE-AZRTOS-L5 2.0.0
2023-10-23 03:03:57,688 [INFO] ThirdParty:1030 - CMSIS Pack Vendor :STMicroelectronics USB_DEVICE 2.0.0
2023-10-23 03:03:57,688 [INFO] ThirdParty:1030 - CMSIS Pack Vendor :STMicroelectronics X-CUBE-MEMS1 9.6.0
2023-10-23 03:03:57,688 [INFO] ThirdParty:1030 - CMSIS Pack Vendor :ITTIA_DB I-CUBE-ITTIADB 8.8.0
2023-10-23 03:03:57,688 [INFO] ThirdParty:1030 - CMSIS Pack Vendor :STMicroelectronics FP-SNS-MOTENV1 4.3.2
2023-10-23 03:03:57,688 [INFO] ThirdParty:1030 - CMSIS Pack Vendor :STMicroelectronics X-CUBE-ALGOBUILD 1.3.0
2023-10-23 03:03:57,688 [INFO] ThirdParty:1030 - CMSIS Pack Vendor :STMicroelectronics X-CUBE-BLE1 6.2.4
2023-10-23 03:03:57,688 [INFO] ThirdParty:1030 - CMSIS Pack Vendor :STMicroelectronics X-CUBE-AZRTOS-L5 1.1.0
2023-10-23 03:03:57,688 [INFO] ThirdParty:1030 - CMSIS Pack Vendor :STMicroelectronics FreeRTOS 0.0.1
2023-10-23 03:03:57,688 [INFO] ThirdParty:1030 - CMSIS Pack Vendor :STMicroelectronics X-CUBE-AZRTOS-G0 1.1.0
2023-10-23 03:03:57,688 [INFO] ThirdParty:1030 - CMSIS Pack Vendor :STMicroelectronics X-CUBE-BLEMGR 2.0.0
2023-10-23 03:03:57,688 [INFO] ThirdParty:1030 - CMSIS Pack Vendor :STMicroelectronics X-CUBE-AI 8.0.1
2023-10-23 03:03:57,688 [INFO] ThirdParty:1030 - CMSIS Pack Vendor :STMicroelectronics X-CUBE-NFC4 3.0.0
2023-10-23 03:03:57,688 [INFO] ThirdParty:1030 - CMSIS Pack Vendor :STMicroelectronics X-CUBE-SUBG2 5.0.0
2023-10-23 03:03:57,688 [INFO] ThirdParty:1030 - CMSIS Pack Vendor :STMicroelectronics STM32_WPAN 1.0.0
2023-10-23 03:03:57,688 [INFO] ThirdParty:1030 - CMSIS Pack Vendor :STMicroelectronics lwIP 2.0.3
2023-10-23 03:03:57,688 [INFO] ThirdParty:1030 - CMSIS Pack Vendor :STMicroelectronics FP-SNS-FLIGHT1 5.0.2
2023-10-23 03:03:57,689 [INFO] ThirdParty:1030 - CMSIS Pack Vendor :STMicroelectronics USB_HOST 1.0.0
2023-10-23 03:03:57,689 [INFO] ThirdParty:1030 - CMSIS Pack Vendor :STMicroelectronics X-CUBE-TOF1 3.3.1
2023-10-23 03:03:57,689 [INFO] ThirdParty:1030 - CMSIS Pack Vendor :STMicroelectronics X-CUBE-AZRTOS-G4 2.0.0
2023-10-23 03:03:57,689 [INFO] ThirdParty:1030 - CMSIS Pack Vendor :STMicroelectronics PDM2PCM 3.1.0
2023-10-23 03:03:57,689 [INFO] ThirdParty:1030 - CMSIS Pack Vendor :STMicroelectronics X-CUBE-AZRTOS-H7 3.1.0
2023-10-23 03:03:57,689 [INFO] ThirdParty:1030 - CMSIS Pack Vendor :Infineon AIROC-Wi-Fi-Bluetooth-STM32 1.5.1
2023-10-23 03:03:57,689 [INFO] ThirdParty:1030 - CMSIS Pack Vendor :STMicroelectronics PDM2PCM 3.3.0
2023-10-23 03:03:57,689 [INFO] ThirdParty:1030 - CMSIS Pack Vendor :STMicroelectronics X-CUBE-DISPLAY 3.0.0
2023-10-23 03:03:57,689 [INFO] ThirdParty:1030 - CMSIS Pack Vendor :STMicroelectronics X-CUBE-BLE1 7.0.0
2023-10-23 03:03:57,689 [INFO] ThirdParty:1030 - CMSIS Pack Vendor :STMicroelectronics FP-ATR-SIGFOX1 3.2.0
2023-10-23 03:03:57,689 [INFO] ThirdParty:1030 - CMSIS Pack Vendor :STMicroelectronics HAL Drivers 0.0.0
2023-10-23 03:03:57,689 [INFO] ThirdParty:1030 - CMSIS Pack Vendor :STMicroelectronics MBEDTLS 2.16.2
2023-10-23 03:03:57,689 [INFO] ThirdParty:1030 - CMSIS Pack Vendor :emotas I-CUBE-CANOPEN 1.3.0
2023-10-23 03:03:57,689 [INFO] ThirdParty:1030 - CMSIS Pack Vendor :STMicroelectronics X-CUBE-MEMS1 10.0.0
2023-10-23 03:03:57,689 [INFO] ThirdParty:1030 - CMSIS Pack Vendor :STMicroelectronics X-CUBE-FREERTOS 1.1.0
2023-10-23 03:03:57,689 [INFO] ThirdParty:1030 - CMSIS Pack Vendor :STMicroelectronics X-CUBE-TOUCHGFX 4.22.0
2023-10-23 03:03:57,689 [INFO] ThirdParty:1030 - CMSIS Pack Vendor :STMicroelectronics X-CUBE-NFC7 1.0.1
2023-10-23 03:03:57,689 [INFO] ThirdParty:1030 - CMSIS Pack Vendor :STMicroelectronics MBEDTLS 2.14.1
2023-10-23 03:03:57,689 [INFO] ThirdParty:1030 - CMSIS Pack Vendor :STMicroelectronics X-CUBE-TOUCHGFX 4.22.1
2023-10-23 03:03:57,689 [INFO] ThirdParty:1030 - CMSIS Pack Vendor :STMicroelectronics X-CUBE-NFC6 3.0.0
2023-10-23 03:03:57,689 [INFO] ThirdParty:1030 - CMSIS Pack Vendor :STMicroelectronics X-CUBE-EEPRMA1 4.1.0
2023-10-23 03:03:57,690 [INFO] ThirdParty:1030 - CMSIS Pack Vendor :portGmbH I-Cube-SoM-uGOAL 1.1.0
2023-10-23 03:03:57,690 [INFO] ThirdParty:1030 - CMSIS Pack Vendor :STMicroelectronics X-CUBE-ALS 1.0.1
2023-10-23 03:03:57,690 [INFO] ThirdParty:1030 - CMSIS Pack Vendor :STMicroelectronics ThreadX 1.0.0
2023-10-23 03:03:57,690 [INFO] ThirdParty:1030 - CMSIS Pack Vendor :STMicroelectronics FP-SNS-SMARTAG2 1.2.0
2023-10-23 03:03:57,690 [INFO] ThirdParty:1030 - CMSIS Pack Vendor :STMicroelectronics X-CUBE-AZRTOS-WB 1.1.0
2023-10-23 03:03:57,690 [INFO] ThirdParty:1030 - CMSIS Pack Vendor :STMicroelectronics X-CUBE-AZRTOS-WL 2.0.0
2023-10-23 03:03:57,690 [INFO] ThirdParty:1030 - CMSIS Pack Vendor :SEGGER I-CUBE-embOS 1.3.1
2023-10-23 03:03:57,690 [INFO] ThirdParty:1030 - CMSIS Pack Vendor :STMicroelectronics USB_DEVICE 1.0.0
2023-10-23 03:03:57,690 [INFO] ThirdParty:1030 - CMSIS Pack Vendor :STMicroelectronics X-CUBE-AI 8.1.0
2023-10-23 03:03:57,690 [INFO] ThirdParty:1030 - CMSIS Pack Vendor :STMicroelectronics X-CUBE-AZRTOS-L4 2.0.0
2023-10-23 03:03:57,690 [INFO] ThirdParty:1030 - CMSIS Pack Vendor :STMicroelectronics ThreadX 0.0.2
2023-10-23 03:03:57,690 [INFO] ThirdParty:1030 - CMSIS Pack Vendor :WES I-CUBE-Cesium 1.3.0
2023-10-23 03:03:57,690 [INFO] ThirdParty:1030 - CMSIS Pack Vendor :STMicroelectronics FP-ATR-ASTRA1 2.0.0
2023-10-23 03:03:57,690 [INFO] ThirdParty:1030 - CMSIS Pack Vendor :STMicroelectronics lwIP 2.1.2
2023-10-23 03:03:57,690 [INFO] ThirdParty:1030 - CMSIS Pack Vendor :STMicroelectronics X-CUBE-SFXS2LP1 4.0.0
2023-10-23 03:03:57,690 [INFO] ThirdParty:1030 - CMSIS Pack Vendor :STMicroelectronics X-CUBE-BLE2 3.3.0
2023-10-23 03:03:57,690 [INFO] ThirdParty:1030 - CMSIS Pack Vendor :STMicroelectronics PDM2PCM 3.2.0
2023-10-23 03:03:57,690 [INFO] ThirdParty:841 - exiting critical section [change project]
2023-10-23 03:03:58,329 [INFO] PinOutPanel:1499 - setPackage(No Configuration,No Configuration)
2023-10-23 03:03:58,330 [INFO] PinOutPanel:1499 - setPackage(STM32L476RGTx,LQFP64)
2023-10-23 03:03:59,064 [INFO] UtilMem:75 - Before build in PCC Used Memory: 919703672 Bytes (1073741824)
2023-10-23 03:03:59,492 [INFO] MainUpdater:2868 - connection check result : 10
2023-10-23 03:03:59,492 [INFO] MainUpdater:2868 - connection check result : 10
2023-10-23 03:03:59,505 [INFO] MicroXplorer:468 - Change Database Path : 
2023-10-23 03:03:59,505 [INFO] MicroXplorer:498 - Change Database Version : DB.6.0.90
2023-10-23 03:03:59,505 [WARN] ThirdParty:871 - waiting for thirdparty lock release [close project]
2023-10-23 03:03:59,506 [INFO] ThirdParty:873 - entering critical section [close project]
2023-10-23 03:03:59,506 [INFO] ThirdParty:883 - exiting critical section [close project]
2023-10-23 03:03:59,508 [INFO] PinOutPanel:1499 - setPackage(No Configuration,No Configuration)
2023-10-23 03:03:59,509 [INFO] UtilMem:75 - Begin LoadConfig() Used Memory: 541867176 Bytes (1073741824)
2023-10-23 03:03:59,510 [INFO] MicroXplorer:468 - Change Database Path : 
2023-10-23 03:03:59,511 [INFO] MicroXplorer:498 - Change Database Version : DB.6.0.90
2023-10-23 03:03:59,511 [INFO] OpenFileManager:308 - Change cursor
2023-10-23 03:03:59,518 [INFO] Mcu:1946 - Initializing MCU STM32L476R(C-E-G)Tx STM32L476RGTx STM32L476RGT3
2023-10-23 03:04:01,313 [INFO] Context:659 - Trying to add GPIOservice into a context  which must be forbidden
2023-10-23 03:04:01,763 [INFO] RtosManager:555 - Registered RTOS mode: class=CMSIS, group=RTOS, mode=CMSIS_V1, owner=FREERTOS
2023-10-23 03:04:01,763 [INFO] RtosManager:555 - Registered RTOS mode: class=CMSIS, group=RTOS2, mode=CMSIS_V2, owner=FREERTOS
2023-10-23 03:04:01,763 [INFO] RtosManager:555 - Registered RTOS mode: class=RTOS, group=Core, mode=CMSIS_V1, owner=FREERTOS
2023-10-23 03:04:01,763 [INFO] RtosManager:555 - Registered RTOS mode: class=RTOS, group=Core, mode=CMSIS_V2, owner=FREERTOS
2023-10-23 03:04:01,763 [WARN] ModelIntegratedComponent:184 - Missing modes for component STMicroelectronics:FreeRTOS:0.0.1:STMicroelectronics:RTOS:FreeRTOS:Core:::10.2.0:
2023-10-23 03:04:01,771 [WARN] ModelIntegratedComponent:63 - No mode defined for component null
2023-10-23 03:04:01,771 [WARN] ModelIntegratedComponent:63 - No mode defined for component null
2023-10-23 03:04:01,771 [WARN] ModelIntegratedComponent:63 - No mode defined for component null
2023-10-23 03:04:01,771 [WARN] ModelIntegratedComponent:63 - No mode defined for component null
2023-10-23 03:04:01,771 [WARN] ModelIntegratedComponent:63 - No mode defined for component null
2023-10-23 03:04:01,771 [WARN] ModelIntegratedComponent:63 - No mode defined for component null
2023-10-23 03:04:01,771 [WARN] ModelIntegratedComponent:63 - No mode defined for component null
2023-10-23 03:04:01,772 [WARN] ModelIntegratedComponent:63 - No mode defined for component null
2023-10-23 03:04:01,772 [WARN] ModelIntegratedComponent:63 - No mode defined for component null
2023-10-23 03:04:01,772 [WARN] ModelIntegratedComponent:63 - No mode defined for component null
2023-10-23 03:04:01,772 [WARN] ModelIntegratedComponent:63 - No mode defined for component null
2023-10-23 03:04:01,772 [WARN] ModelIntegratedComponent:63 - No mode defined for component null
2023-10-23 03:04:01,772 [WARN] ModelIntegratedComponent:63 - No mode defined for component null
2023-10-23 03:04:01,772 [WARN] ModelIntegratedComponent:63 - No mode defined for component null
2023-10-23 03:04:01,772 [WARN] ModelIntegratedComponent:63 - No mode defined for component null
2023-10-23 03:04:01,772 [WARN] ModelIntegratedComponent:63 - No mode defined for component null
2023-10-23 03:04:01,772 [WARN] ModelIntegratedComponent:63 - No mode defined for component null
2023-10-23 03:04:01,772 [WARN] ModelIntegratedComponent:63 - No mode defined for component null
2023-10-23 03:04:01,772 [WARN] ModelIntegratedComponent:63 - No mode defined for component null
2023-10-23 03:04:01,772 [WARN] ModelIntegratedComponent:63 - No mode defined for component null
2023-10-23 03:04:01,772 [WARN] ModelIntegratedComponent:63 - No mode defined for component null
2023-10-23 03:04:01,772 [WARN] ModelIntegratedComponent:63 - No mode defined for component null
2023-10-23 03:04:01,772 [WARN] ModelIntegratedComponent:63 - No mode defined for component null
2023-10-23 03:04:01,772 [WARN] ModelIntegratedComponent:63 - No mode defined for component null
2023-10-23 03:04:01,772 [WARN] ModelIntegratedComponent:63 - No mode defined for component null
2023-10-23 03:04:01,772 [WARN] ModelIntegratedComponent:63 - No mode defined for component null
2023-10-23 03:04:01,772 [WARN] ModelIntegratedComponent:63 - No mode defined for component null
2023-10-23 03:04:01,772 [WARN] ModelIntegratedComponent:63 - No mode defined for component null
2023-10-23 03:04:01,772 [WARN] ModelIntegratedComponent:63 - No mode defined for component null
2023-10-23 03:04:01,772 [WARN] ModelIntegratedComponent:63 - No mode defined for component null
2023-10-23 03:04:01,773 [WARN] ModelIntegratedComponent:63 - No mode defined for component null
2023-10-23 03:04:01,773 [WARN] ModelIntegratedComponent:63 - No mode defined for component null
2023-10-23 03:04:01,773 [WARN] ModelIntegratedComponent:63 - No mode defined for component null
2023-10-23 03:04:01,857 [INFO] ThirdPartyModel:298 - Start build external matchings
2023-10-23 03:04:02,372 [INFO] ThirdPartyModel:316 - End build external matchings
2023-10-23 03:04:02,384 [INFO] ImportTextPane:194 - (OptionalMessage_ERROR) IP (RCC) : Invalid parameter (FamilyName)
2023-10-23 03:04:02,386 [INFO] ImportTextPane:194 - (OptionalMessage_ERROR) IP (RCC) : Parameter (RNGFreq_Value) has invalid value (64000000)
2023-10-23 03:04:02,386 [INFO] ImportTextPane:194 - (OptionalMessage_ERROR) IP (RCC) : Parameter (SDMMCFreq_Value) has invalid value (64000000)
2023-10-23 03:04:02,386 [INFO] ImportTextPane:194 - (OptionalMessage_ERROR) IP (RCC) : Parameter (USBFreq_Value) has invalid value (64000000)
2023-10-23 03:04:02,857 [INFO] UtilMem:75 - End LoadConfig() Used Memory: 907893696 Bytes (1073741824)
2023-10-23 03:04:02,860 [WARN] ThirdParty:833 - waiting for thirdparty lock release [change project]
2023-10-23 03:04:02,861 [INFO] ThirdParty:835 - entering critical section [change project]
2023-10-23 03:04:02,861 [INFO] ThirdParty:1030 - CMSIS Pack Vendor :STMicroelectronics X-CUBE-ISPU 1.1.0
2023-10-23 03:04:02,861 [INFO] ThirdParty:1030 - CMSIS Pack Vendor :STMicroelectronics USBPD 4.1
2023-10-23 03:04:02,861 [INFO] ThirdParty:1030 - CMSIS Pack Vendor :STMicroelectronics X-CUBE-GNSS1 6.0.0
2023-10-23 03:04:02,861 [INFO] ThirdParty:1030 - CMSIS Pack Vendor :STMicroelectronics USB_HOST 2.0.0
2023-10-23 03:04:02,861 [INFO] ThirdParty:1030 - CMSIS Pack Vendor :STMicroelectronics X-CUBE-AZRTOS-F4 1.1.0
2023-10-23 03:04:02,861 [INFO] ThirdParty:1030 - CMSIS Pack Vendor :STMicroelectronics LIBJPEG 8.0.0
2023-10-23 03:04:02,861 [INFO] ThirdParty:1030 - CMSIS Pack Vendor :wolfSSL I-CUBE-wolfSSL 5.6.3
2023-10-23 03:04:02,861 [INFO] ThirdParty:1030 - CMSIS Pack Vendor :STMicroelectronics X-CUBE-SMBUS 2.1.0
2023-10-23 03:04:02,861 [INFO] ThirdParty:1030 - CMSIS Pack Vendor :STMicroelectronics USB_DEVICE 3.0.0
2023-10-23 03:04:02,861 [INFO] ThirdParty:1030 - CMSIS Pack Vendor :STMicroelectronics X-CUBE-AZRTOS-WB 2.0.0
2023-10-23 03:04:02,861 [INFO] ThirdParty:1030 - CMSIS Pack Vendor :STMicroelectronics X-CUBE-FREERTOS 1.0.1
2023-10-23 03:04:02,861 [INFO] ThirdParty:1030 - CMSIS Pack Vendor :STMicroelectronics X-CUBE-AZRTOS-F7 1.1.0
2023-10-23 03:04:02,861 [INFO] ThirdParty:1030 - CMSIS Pack Vendor :STMicroelectronics X-CUBE-AZRTOS-L5 2.0.0
2023-10-23 03:04:02,861 [INFO] ThirdParty:1030 - CMSIS Pack Vendor :STMicroelectronics USB_DEVICE 2.0.0
2023-10-23 03:04:02,861 [INFO] ThirdParty:1030 - CMSIS Pack Vendor :STMicroelectronics X-CUBE-MEMS1 9.6.0
2023-10-23 03:04:02,861 [INFO] ThirdParty:1030 - CMSIS Pack Vendor :ITTIA_DB I-CUBE-ITTIADB 8.8.0
2023-10-23 03:04:02,861 [INFO] ThirdParty:1030 - CMSIS Pack Vendor :STMicroelectronics FP-SNS-MOTENV1 4.3.2
2023-10-23 03:04:02,861 [INFO] ThirdParty:1030 - CMSIS Pack Vendor :STMicroelectronics X-CUBE-ALGOBUILD 1.3.0
2023-10-23 03:04:02,861 [INFO] ThirdParty:1030 - CMSIS Pack Vendor :STMicroelectronics X-CUBE-BLE1 6.2.4
2023-10-23 03:04:02,861 [INFO] ThirdParty:1030 - CMSIS Pack Vendor :STMicroelectronics X-CUBE-AZRTOS-L5 1.1.0
2023-10-23 03:04:02,861 [INFO] ThirdParty:1030 - CMSIS Pack Vendor :STMicroelectronics FreeRTOS 0.0.1
2023-10-23 03:04:02,861 [INFO] ThirdParty:1030 - CMSIS Pack Vendor :STMicroelectronics X-CUBE-AZRTOS-G0 1.1.0
2023-10-23 03:04:02,861 [INFO] ThirdParty:1030 - CMSIS Pack Vendor :STMicroelectronics X-CUBE-BLEMGR 2.0.0
2023-10-23 03:04:02,861 [INFO] ThirdParty:1030 - CMSIS Pack Vendor :STMicroelectronics X-CUBE-AI 8.0.1
2023-10-23 03:04:02,861 [INFO] ThirdParty:1030 - CMSIS Pack Vendor :STMicroelectronics X-CUBE-NFC4 3.0.0
2023-10-23 03:04:02,861 [INFO] ThirdParty:1030 - CMSIS Pack Vendor :STMicroelectronics X-CUBE-SUBG2 5.0.0
2023-10-23 03:04:02,861 [INFO] ThirdParty:1030 - CMSIS Pack Vendor :STMicroelectronics STM32_WPAN 1.0.0
2023-10-23 03:04:02,862 [INFO] ThirdParty:1030 - CMSIS Pack Vendor :STMicroelectronics lwIP 2.0.3
2023-10-23 03:04:02,862 [INFO] ThirdParty:1030 - CMSIS Pack Vendor :STMicroelectronics FP-SNS-FLIGHT1 5.0.2
2023-10-23 03:04:02,862 [INFO] ThirdParty:1030 - CMSIS Pack Vendor :STMicroelectronics USB_HOST 1.0.0
2023-10-23 03:04:02,862 [INFO] ThirdParty:1030 - CMSIS Pack Vendor :STMicroelectronics X-CUBE-TOF1 3.3.1
2023-10-23 03:04:02,862 [INFO] ThirdParty:1030 - CMSIS Pack Vendor :STMicroelectronics X-CUBE-AZRTOS-G4 2.0.0
2023-10-23 03:04:02,862 [INFO] ThirdParty:1030 - CMSIS Pack Vendor :STMicroelectronics PDM2PCM 3.1.0
2023-10-23 03:04:02,862 [INFO] ThirdParty:1030 - CMSIS Pack Vendor :STMicroelectronics X-CUBE-AZRTOS-H7 3.1.0
2023-10-23 03:04:02,862 [INFO] ThirdParty:1030 - CMSIS Pack Vendor :Infineon AIROC-Wi-Fi-Bluetooth-STM32 1.5.1
2023-10-23 03:04:02,862 [INFO] ThirdParty:1030 - CMSIS Pack Vendor :STMicroelectronics PDM2PCM 3.3.0
2023-10-23 03:04:02,862 [INFO] ThirdParty:1030 - CMSIS Pack Vendor :STMicroelectronics X-CUBE-DISPLAY 3.0.0
2023-10-23 03:04:02,862 [INFO] ThirdParty:1030 - CMSIS Pack Vendor :STMicroelectronics X-CUBE-BLE1 7.0.0
2023-10-23 03:04:02,862 [INFO] ThirdParty:1030 - CMSIS Pack Vendor :STMicroelectronics FP-ATR-SIGFOX1 3.2.0
2023-10-23 03:04:02,862 [INFO] ThirdParty:1030 - CMSIS Pack Vendor :STMicroelectronics HAL Drivers 0.0.0
2023-10-23 03:04:02,862 [INFO] ThirdParty:1030 - CMSIS Pack Vendor :STMicroelectronics MBEDTLS 2.16.2
2023-10-23 03:04:02,862 [INFO] ThirdParty:1030 - CMSIS Pack Vendor :emotas I-CUBE-CANOPEN 1.3.0
2023-10-23 03:04:02,862 [INFO] ThirdParty:1030 - CMSIS Pack Vendor :STMicroelectronics X-CUBE-MEMS1 10.0.0
2023-10-23 03:04:02,862 [INFO] ThirdParty:1030 - CMSIS Pack Vendor :STMicroelectronics X-CUBE-FREERTOS 1.1.0
2023-10-23 03:04:02,862 [INFO] ThirdParty:1030 - CMSIS Pack Vendor :STMicroelectronics X-CUBE-TOUCHGFX 4.22.0
2023-10-23 03:04:02,862 [INFO] ThirdParty:1030 - CMSIS Pack Vendor :STMicroelectronics X-CUBE-NFC7 1.0.1
2023-10-23 03:04:02,863 [INFO] ThirdParty:1030 - CMSIS Pack Vendor :STMicroelectronics MBEDTLS 2.14.1
2023-10-23 03:04:02,863 [INFO] ThirdParty:1030 - CMSIS Pack Vendor :STMicroelectronics X-CUBE-TOUCHGFX 4.22.1
2023-10-23 03:04:02,863 [INFO] ThirdParty:1030 - CMSIS Pack Vendor :STMicroelectronics X-CUBE-NFC6 3.0.0
2023-10-23 03:04:02,863 [INFO] ThirdParty:1030 - CMSIS Pack Vendor :STMicroelectronics X-CUBE-EEPRMA1 4.1.0
2023-10-23 03:04:02,863 [INFO] ThirdParty:1030 - CMSIS Pack Vendor :portGmbH I-Cube-SoM-uGOAL 1.1.0
2023-10-23 03:04:02,863 [INFO] ThirdParty:1030 - CMSIS Pack Vendor :STMicroelectronics X-CUBE-ALS 1.0.1
2023-10-23 03:04:02,863 [INFO] ThirdParty:1030 - CMSIS Pack Vendor :STMicroelectronics ThreadX 1.0.0
2023-10-23 03:04:02,863 [INFO] ThirdParty:1030 - CMSIS Pack Vendor :STMicroelectronics FP-SNS-SMARTAG2 1.2.0
2023-10-23 03:04:02,863 [INFO] ThirdParty:1030 - CMSIS Pack Vendor :STMicroelectronics X-CUBE-AZRTOS-WB 1.1.0
2023-10-23 03:04:02,863 [INFO] ThirdParty:1030 - CMSIS Pack Vendor :STMicroelectronics X-CUBE-AZRTOS-WL 2.0.0
2023-10-23 03:04:02,863 [INFO] ThirdParty:1030 - CMSIS Pack Vendor :SEGGER I-CUBE-embOS 1.3.1
2023-10-23 03:04:02,863 [INFO] ThirdParty:1030 - CMSIS Pack Vendor :STMicroelectronics USB_DEVICE 1.0.0
2023-10-23 03:04:02,863 [INFO] ThirdParty:1030 - CMSIS Pack Vendor :STMicroelectronics X-CUBE-AI 8.1.0
2023-10-23 03:04:02,863 [INFO] ThirdParty:1030 - CMSIS Pack Vendor :STMicroelectronics X-CUBE-AZRTOS-L4 2.0.0
2023-10-23 03:04:02,863 [INFO] ThirdParty:1030 - CMSIS Pack Vendor :STMicroelectronics ThreadX 0.0.2
2023-10-23 03:04:02,863 [INFO] ThirdParty:1030 - CMSIS Pack Vendor :WES I-CUBE-Cesium 1.3.0
2023-10-23 03:04:02,863 [INFO] ThirdParty:1030 - CMSIS Pack Vendor :STMicroelectronics FP-ATR-ASTRA1 2.0.0
2023-10-23 03:04:02,863 [INFO] ThirdParty:1030 - CMSIS Pack Vendor :STMicroelectronics lwIP 2.1.2
2023-10-23 03:04:02,863 [INFO] ThirdParty:1030 - CMSIS Pack Vendor :STMicroelectronics X-CUBE-SFXS2LP1 4.0.0
2023-10-23 03:04:02,863 [INFO] ThirdParty:1030 - CMSIS Pack Vendor :STMicroelectronics X-CUBE-BLE2 3.3.0
2023-10-23 03:04:02,863 [INFO] ThirdParty:1030 - CMSIS Pack Vendor :STMicroelectronics PDM2PCM 3.2.0
2023-10-23 03:04:02,863 [INFO] ThirdParty:841 - exiting critical section [change project]
2023-10-23 03:04:03,342 [INFO] PinOutPanel:1499 - setPackage(No Configuration,No Configuration)
2023-10-23 03:04:03,343 [INFO] PinOutPanel:1499 - setPackage(STM32L476RGTx,LQFP64)
2023-10-23 03:04:03,732 [INFO] UtilMem:75 - Before build in PCC Used Memory: 923595760 Bytes (1073741824)
2023-10-23 03:04:04,154 [INFO] UtilMem:75 - After build in PCC Used Memory: 617808248 Bytes (1073741824)
2023-10-23 03:04:04,182 [INFO] IPUIPlugin:80 - create IPUIPlugin
2023-10-23 03:04:04,183 [INFO] IPUIPlugin:80 - create IPUIPlugin
2023-10-23 03:04:04,183 [INFO] IPUIPlugin:80 - create IPUIPlugin
2023-10-23 03:04:04,183 [INFO] IPUIPlugin:80 - create IPUIPlugin
2023-10-23 03:04:04,183 [INFO] IPUIPlugin:80 - create IPUIPlugin
2023-10-23 03:04:04,183 [INFO] IPUIPlugin:80 - create IPUIPlugin
2023-10-23 03:04:04,183 [INFO] IPUIPlugin:80 - create IPUIPlugin
2023-10-23 03:04:04,183 [INFO] IPUIPlugin:80 - create IPUIPlugin
2023-10-23 03:04:04,183 [INFO] IPUIPlugin:80 - create IPUIPlugin
2023-10-23 03:04:04,183 [INFO] IPUIPlugin:80 - create IPUIPlugin
2023-10-23 03:04:04,183 [INFO] IPUIPlugin:80 - create IPUIPlugin
2023-10-23 03:04:04,183 [INFO] IPUIPlugin:80 - create IPUIPlugin
2023-10-23 03:04:04,183 [INFO] IPUIPlugin:80 - create IPUIPlugin
2023-10-23 03:04:04,183 [INFO] IPUIPlugin:80 - create IPUIPlugin
2023-10-23 03:04:04,184 [INFO] IPUIPlugin:80 - create IPUIPlugin
2023-10-23 03:04:04,184 [INFO] IPUIPlugin:80 - create IPUIPlugin
2023-10-23 03:04:04,184 [INFO] IPUIPlugin:80 - create IPUIPlugin
2023-10-23 03:04:04,184 [INFO] IPUIPlugin:80 - create IPUIPlugin
2023-10-23 03:04:04,184 [INFO] IPUIPlugin:80 - create IPUIPlugin
2023-10-23 03:04:04,184 [INFO] IPUIPlugin:80 - create IPUIPlugin
2023-10-23 03:04:04,184 [INFO] IPUIPlugin:80 - create IPUIPlugin
2023-10-23 03:04:04,184 [INFO] IPUIPlugin:80 - create IPUIPlugin
2023-10-23 03:04:04,185 [INFO] IPUIPlugin:80 - create IPUIPlugin
2023-10-23 03:04:04,185 [INFO] IPUIPlugin:80 - create IPUIPlugin
2023-10-23 03:04:04,185 [INFO] IPUIPlugin:80 - create IPUIPlugin
2023-10-23 03:04:04,185 [INFO] IPUIPlugin:80 - create IPUIPlugin
2023-10-23 03:04:04,185 [INFO] IPUIPlugin:80 - create IPUIPlugin
2023-10-23 03:04:04,185 [INFO] IPUIPlugin:80 - create IPUIPlugin
2023-10-23 03:04:04,185 [INFO] IPUIPlugin:80 - create IPUIPlugin
2023-10-23 03:04:04,186 [INFO] IPUIPlugin:80 - create IPUIPlugin
2023-10-23 03:04:04,186 [INFO] IPUIPlugin:80 - create IPUIPlugin
2023-10-23 03:04:04,186 [INFO] IPUIPlugin:80 - create IPUIPlugin
2023-10-23 03:04:04,186 [INFO] IPUIPlugin:80 - create IPUIPlugin
2023-10-23 03:04:04,186 [INFO] IPUIPlugin:80 - create IPUIPlugin
2023-10-23 03:04:04,186 [INFO] IPUIPlugin:80 - create IPUIPlugin
2023-10-23 03:04:04,186 [INFO] IPUIPlugin:80 - create IPUIPlugin
2023-10-23 03:04:04,187 [INFO] IPUIPlugin:80 - create IPUIPlugin
2023-10-23 03:04:04,187 [INFO] IPUIPlugin:80 - create IPUIPlugin
2023-10-23 03:04:04,187 [INFO] IPUIPlugin:80 - create IPUIPlugin
2023-10-23 03:04:04,187 [INFO] IPUIPlugin:80 - create IPUIPlugin
2023-10-23 03:04:04,187 [INFO] IPUIPlugin:80 - create IPUIPlugin
2023-10-23 03:04:04,187 [INFO] IPUIPlugin:80 - create IPUIPlugin
2023-10-23 03:04:04,188 [INFO] IPUIPlugin:80 - create IPUIPlugin
2023-10-23 03:04:04,188 [INFO] IPUIPlugin:80 - create IPUIPlugin
2023-10-23 03:04:04,188 [INFO] IPUIPlugin:80 - create IPUIPlugin
2023-10-23 03:04:04,188 [INFO] IPUIPlugin:80 - create IPUIPlugin
2023-10-23 03:04:04,188 [INFO] IPUIPlugin:80 - create IPUIPlugin
2023-10-23 03:04:04,188 [INFO] IPUIPlugin:80 - create IPUIPlugin
2023-10-23 03:04:04,189 [INFO] IPUIPlugin:80 - create IPUIPlugin
2023-10-23 03:04:04,189 [INFO] IPUIPlugin:80 - create IPUIPlugin
2023-10-23 03:04:04,189 [INFO] IPUIPlugin:80 - create IPUIPlugin
2023-10-23 03:04:04,190 [INFO] IPUIPlugin:80 - create IPUIPlugin
2023-10-23 03:04:04,190 [INFO] IPUIPlugin:80 - create IPUIPlugin
2023-10-23 03:04:04,191 [INFO] IPUIPlugin:80 - create IPUIPlugin
2023-10-23 03:04:04,191 [INFO] IPUIPlugin:80 - create IPUIPlugin
2023-10-23 03:04:04,191 [INFO] IPUIPlugin:80 - create IPUIPlugin
2023-10-23 03:04:04,192 [INFO] IPUIPlugin:80 - create IPUIPlugin
2023-10-23 03:04:04,192 [INFO] IPUIPlugin:80 - create IPUIPlugin
2023-10-23 03:04:04,193 [INFO] IPUIPlugin:80 - create IPUIPlugin
2023-10-23 03:04:04,410 [INFO] CADModel:165 - CPN selected for project levelSTM32L476RGT3
2023-10-23 03:04:04,410 [INFO] CADModel:114 - Register for checkConnection events
2023-10-23 03:04:04,412 [INFO] OpenFileManager:328 - Restore cursor
2023-10-23 03:04:05,163 [FATAL] ProcessBarDialog:168 - ProcessBarDialog action 4
java.util.concurrent.ExecutionException: java.lang.NullPointerException: Cannot invoke "com.st.microxplorer.plugins.power.mcu.sequencetable.AbstractSequenceTable.getRowCount()" because the return value of "com.st.microxplorer.plugins.power.gui.PowerPanel.getSequenceTable()" is null
	at java.util.concurrent.FutureTask.report(FutureTask.java:122) ~[?:?]
	at java.util.concurrent.FutureTask.get(FutureTask.java:191) ~[?:?]
	at javax.swing.SwingWorker.get(SwingWorker.java:613) ~[?:?]
	at com.st.microxplorer.util.ProcessBarDialog$1.done(ProcessBarDialog.java:164) ~[STM32CubeMX.jar:?]
	at javax.swing.SwingWorker$5.run(SwingWorker.java:750) ~[?:?]
	at javax.swing.SwingWorker$DoSubmitAccumulativeRunnable.run(SwingWorker.java:848) ~[?:?]
	at sun.swing.AccumulativeRunnable.run(AccumulativeRunnable.java:112) ~[?:?]
	at javax.swing.SwingWorker$DoSubmitAccumulativeRunnable.actionPerformed(SwingWorker.java:858) ~[?:?]
	at javax.swing.Timer.fireActionPerformed(Timer.java:311) ~[?:?]
	at javax.swing.Timer$DoPostEvent.run(Timer.java:243) ~[?:?]
	at java.awt.event.InvocationEvent.dispatch(InvocationEvent.java:318) ~[?:?]
	at java.awt.EventQueue.dispatchEventImpl(EventQueue.java:771) ~[?:?]
	at java.awt.EventQueue$4.run(EventQueue.java:722) ~[?:?]
	at java.awt.EventQueue$4.run(EventQueue.java:716) ~[?:?]
	at java.security.AccessController.doPrivileged(AccessController.java:399) ~[?:?]
	at java.security.ProtectionDomain$JavaSecurityAccessImpl.doIntersectionPrivilege(ProtectionDomain.java:86) ~[?:?]
	at java.awt.EventQueue.dispatchEvent(EventQueue.java:741) ~[?:?]
	at java.awt.EventDispatchThread.pumpOneEventForFilters(EventDispatchThread.java:203) ~[?:?]
	at java.awt.EventDispatchThread.pumpEventsForFilter(EventDispatchThread.java:124) ~[?:?]
	at java.awt.EventDispatchThread.pumpEventsForFilter(EventDispatchThread.java:117) ~[?:?]
	at java.awt.WaitDispatchSupport$2.run(WaitDispatchSupport.java:191) ~[?:?]
	at java.awt.WaitDispatchSupport$4.run(WaitDispatchSupport.java:236) ~[?:?]
	at java.awt.WaitDispatchSupport$4.run(WaitDispatchSupport.java:234) ~[?:?]
	at java.security.AccessController.doPrivileged(AccessController.java:318) ~[?:?]
	at java.awt.WaitDispatchSupport.enter(WaitDispatchSupport.java:234) ~[?:?]
	at java.awt.Dialog.show(Dialog.java:1080) ~[?:?]
	at java.awt.Component.show(Component.java:1728) ~[?:?]
	at java.awt.Component.setVisible(Component.java:1675) ~[?:?]
	at java.awt.Window.setVisible(Window.java:1036) ~[?:?]
	at java.awt.Dialog.setVisible(Dialog.java:1016) ~[?:?]
	at com.st.microxplorer.util.ProcessBarDialog.doAction(ProcessBarDialog.java:173) ~[STM32CubeMX.jar:?]
	at com.st.microxplorer.mxsystem.MxSystem.completeLoadConfig(MxSystem.java:829) ~[STM32CubeMX.jar:?]
	at com.st.microxplorer.plugins.filemanager.engine.OpenFileManager.LoadConfig(OpenFileManager.java:320) ~[filemanager.jar:?]
	at com.st.microxplorer.plugins.filemanager.engine.OpenFileManager.loadConfigurationFile(OpenFileManager.java:246) ~[filemanager.jar:?]
	at com.st.microxplorer.plugins.filemanager.engine.MainFileManager.userLoadConfig(MainFileManager.java:285) ~[filemanager.jar:?]
	at com.st.microxplorer.plugins.filemanager.FileManagerView.getSpecificTask(FileManagerView.java:246) ~[filemanager.jar:?]
	at com.st.stm32cube.common.mx.editor.CubeMxEditor.getMxTabbedPaneInstance(CubeMxEditor.java:1184) ~[com.st.stm32cube.common.mx_6.9.0.202307051724/:?]
	at com.st.stm32cube.common.mx.editor.CubeMxEditor$12$1.createSwingComponent(CubeMxEditor.java:1065) ~[com.st.stm32cube.common.mx_6.9.0.202307051724/:?]
	at com.st.stm32cube.common.mx.oss.core.awtswtbridge.EmbeddedSwingComposite.doComponentCreation(EmbeddedSwingComposite.java:492) ~[com.st.stm32cube.common.mx.oss_6.9.0.202307051724/:?]
	at com.st.stm32cube.common.mx.oss.core.awtswtbridge.EmbeddedSwingComposite$4.run(EmbeddedSwingComposite.java:291) ~[com.st.stm32cube.common.mx.oss_6.9.0.202307051724/:?]
	at com.st.stm32cube.common.mx.oss.core.awtswtbridge.AwtEnvironment$2.run(AwtEnvironment.java:166) ~[com.st.stm32cube.common.mx.oss_6.9.0.202307051724/:?]
	at java.awt.event.InvocationEvent.dispatch(InvocationEvent.java:318) ~[?:?]
	at java.awt.EventQueue.dispatchEventImpl(EventQueue.java:771) ~[?:?]
	at java.awt.EventQueue$4.run(EventQueue.java:722) ~[?:?]
	at java.awt.EventQueue$4.run(EventQueue.java:716) ~[?:?]
	at java.security.AccessController.doPrivileged(AccessController.java:399) ~[?:?]
	at java.security.ProtectionDomain$JavaSecurityAccessImpl.doIntersectionPrivilege(ProtectionDomain.java:86) ~[?:?]
	at java.awt.EventQueue.dispatchEvent(EventQueue.java:741) ~[?:?]
	at java.awt.EventDispatchThread.pumpOneEventForFilters(EventDispatchThread.java:203) ~[?:?]
	at java.awt.EventDispatchThread.pumpEventsForFilter(EventDispatchThread.java:124) ~[?:?]
	at java.awt.EventDispatchThread.pumpEventsForHierarchy(EventDispatchThread.java:113) ~[?:?]
	at java.awt.EventDispatchThread.pumpEvents(EventDispatchThread.java:109) ~[?:?]
	at java.awt.EventDispatchThread.pumpEvents(EventDispatchThread.java:101) ~[?:?]
	at java.awt.EventDispatchThread.run(EventDispatchThread.java:90) ~[?:?]
Caused by: java.lang.NullPointerException: Cannot invoke "com.st.microxplorer.plugins.power.mcu.sequencetable.AbstractSequenceTable.getRowCount()" because the return value of "com.st.microxplorer.plugins.power.gui.PowerPanel.getSequenceTable()" is null
	at com.st.microxplorer.plugins.power.gui.PowerPanel.handleVddChangedEvent(PowerPanel.java:361) ~[?:?]
	at com.st.microxplorer.plugins.power.gui.PowerPanel.propertyChange(PowerPanel.java:279) ~[?:?]
	at java.beans.PropertyChangeSupport.fire(PropertyChangeSupport.java:343) ~[?:?]
	at java.beans.PropertyChangeSupport.firePropertyChange(PropertyChangeSupport.java:335) ~[?:?]
	at java.beans.PropertyChangeSupport.firePropertyChange(PropertyChangeSupport.java:268) ~[?:?]
	at com.st.microxplorer.plugins.power.gui.parameterpanel.PowerParameterPanel.propagateVddChangedEvent(PowerParameterPanel.java:875) ~[?:?]
	at com.st.microxplorer.plugins.power.gui.parameterpanel.PowerParameterPanel$5.itemStateChanged(PowerParameterPanel.java:766) ~[?:?]
	at javax.swing.JComboBox.fireItemStateChanged(JComboBox.java:1257) ~[?:?]
	at javax.swing.JComboBox.selectedItemChanged(JComboBox.java:1318) ~[?:?]
	at javax.swing.JComboBox.contentsChanged(JComboBox.java:1365) ~[?:?]
	at javax.swing.AbstractListModel.fireContentsChanged(AbstractListModel.java:127) ~[?:?]
	at javax.swing.DefaultComboBoxModel.setSelectedItem(DefaultComboBoxModel.java:94) ~[?:?]
	at javax.swing.JComboBox.setSelectedItem(JComboBox.java:609) ~[?:?]
	at javax.swing.JComboBox.setSelectedIndex(JComboBox.java:654) ~[?:?]
	at com.st.microxplorer.plugins.power.gui.parameterpanel.PowerParameterPanel.updateVddBoxAndPanelTitle(PowerParameterPanel.java:1348) ~[?:?]
	at com.st.microxplorer.plugins.power.gui.parameterpanel.PowerParameterPanel.updateVddBox(PowerParameterPanel.java:1416) ~[?:?]
	at com.st.microxplorer.plugins.power.gui.parameterpanel.PowerParameterPanel.buildSubPanels(PowerParameterPanel.java:255) ~[?:?]
	at com.st.microxplorer.plugins.power.gui.parameterpanel.PowerParameterPanel.<init>(PowerParameterPanel.java:178) ~[?:?]
	at com.st.microxplorer.plugins.power.gui.PowerPanel.build(PowerPanel.java:165) ~[?:?]
	at com.st.microxplorer.plugins.power.PowerPluginView.propertyChange(PowerPluginView.java:142) ~[?:?]
	at java.beans.PropertyChangeSupport.fire(PropertyChangeSupport.java:343) ~[?:?]
	at java.beans.PropertyChangeSupport.firePropertyChange(PropertyChangeSupport.java:335) ~[?:?]
	at java.beans.PropertyChangeSupport.firePropertyChange(PropertyChangeSupport.java:268) ~[?:?]
	at com.st.microxplorer.util.MXPropertyChangeSupport.firePropertyChange(MXPropertyChangeSupport.java:54) ~[STM32CubeMX.jar:?]
	at com.st.microxplorer.mxsystem.MxSystem.swingWorkerCompleteLoadConfig(MxSystem.java:835) ~[STM32CubeMX.jar:?]
	at com.st.microxplorer.util.ProcessBarDialog.performAction(ProcessBarDialog.java:95) ~[STM32CubeMX.jar:?]
	at com.st.microxplorer.util.ProcessBarDialog$1.doInBackground(ProcessBarDialog.java:157) ~[STM32CubeMX.jar:?]
	at com.st.microxplorer.util.ProcessBarDialog$1.doInBackground(ProcessBarDialog.java:154) ~[STM32CubeMX.jar:?]
	at javax.swing.SwingWorker$1.call(SwingWorker.java:304) ~[?:?]
	at java.util.concurrent.FutureTask.run(FutureTask.java:264) ~[?:?]
	at javax.swing.SwingWorker.run(SwingWorker.java:343) ~[?:?]
	at java.util.concurrent.ThreadPoolExecutor.runWorker(ThreadPoolExecutor.java:1136) ~[?:?]
	at java.util.concurrent.ThreadPoolExecutor$Worker.run(ThreadPoolExecutor.java:635) ~[?:?]
	at java.lang.Thread.run(Thread.java:833) ~[?:?]
2023-10-23 03:04:05,184 [INFO] OpenFileManager:328 - Restore cursor
2023-10-23 03:04:05,425 [ERROR] LogOutputStream:75 - [STDERR_REDIRECT] Exception in thread "AWT-EventQueue-0" java.lang.NullPointerException: Cannot invoke "com.st.stm32cube.common.mx.oss.core.awtswtbridge.EmbeddedSwingComposite$AwtContext.setContentPane(java.awt.Container)" because "this.awtContext" is null
2023-10-23 03:04:05,427 [ERROR] LogOutputStream:75 - [STDERR_REDIRECT] 	at com.st.stm32cube.common.mx.oss.core.awtswtbridge.EmbeddedSwingComposite.doComponentCreation(EmbeddedSwingComposite.java:494)
2023-10-23 03:04:05,428 [ERROR] LogOutputStream:75 - [STDERR_REDIRECT] 	at com.st.stm32cube.common.mx.oss.core.awtswtbridge.EmbeddedSwingComposite$4.run(EmbeddedSwingComposite.java:291)
2023-10-23 03:04:05,429 [ERROR] LogOutputStream:75 - [STDERR_REDIRECT] 	at com.st.stm32cube.common.mx.oss.core.awtswtbridge.AwtEnvironment$2.run(AwtEnvironment.java:166)
2023-10-23 03:04:05,430 [ERROR] LogOutputStream:75 - [STDERR_REDIRECT] 	at java.desktop/java.awt.event.InvocationEvent.dispatch(InvocationEvent.java:318)
2023-10-23 03:04:05,432 [ERROR] LogOutputStream:75 - [STDERR_REDIRECT] 	at java.desktop/java.awt.EventQueue.dispatchEventImpl(EventQueue.java:771)
2023-10-23 03:04:05,432 [ERROR] LogOutputStream:75 - [STDERR_REDIRECT] 	at java.desktop/java.awt.EventQueue$4.run(EventQueue.java:722)
2023-10-23 03:04:05,433 [ERROR] LogOutputStream:75 - [STDERR_REDIRECT] 	at java.desktop/java.awt.EventQueue$4.run(EventQueue.java:716)
2023-10-23 03:04:05,434 [ERROR] LogOutputStream:75 - [STDERR_REDIRECT] 	at java.base/java.security.AccessController.doPrivileged(AccessController.java:399)
2023-10-23 03:04:05,437 [ERROR] LogOutputStream:75 - [STDERR_REDIRECT] 	at java.base/java.security.ProtectionDomain$JavaSecurityAccessImpl.doIntersectionPrivilege(ProtectionDomain.java:86)
2023-10-23 03:04:05,438 [ERROR] LogOutputStream:75 - [STDERR_REDIRECT] 	at java.desktop/java.awt.EventQueue.dispatchEvent(EventQueue.java:741)
2023-10-23 03:04:05,440 [ERROR] LogOutputStream:75 - [STDERR_REDIRECT] 	at java.desktop/java.awt.EventDispatchThread.pumpOneEventForFilters(EventDispatchThread.java:203)
2023-10-23 03:04:05,441 [ERROR] LogOutputStream:75 - [STDERR_REDIRECT] 	at java.desktop/java.awt.EventDispatchThread.pumpEventsForFilter(EventDispatchThread.java:124)
2023-10-23 03:04:05,442 [ERROR] LogOutputStream:75 - [STDERR_REDIRECT] 	at java.desktop/java.awt.EventDispatchThread.pumpEventsForHierarchy(EventDispatchThread.java:113)
2023-10-23 03:04:05,443 [ERROR] LogOutputStream:75 - [STDERR_REDIRECT] 	at java.desktop/java.awt.EventDispatchThread.pumpEvents(EventDispatchThread.java:109)
2023-10-23 03:04:05,444 [ERROR] LogOutputStream:75 - [STDERR_REDIRECT] 	at java.desktop/java.awt.EventDispatchThread.pumpEvents(EventDispatchThread.java:101)
2023-10-23 03:04:05,445 [ERROR] LogOutputStream:75 - [STDERR_REDIRECT] 	at java.desktop/java.awt.EventDispatchThread.run(EventDispatchThread.java:90)
2023-10-23 03:04:19,774 [INFO] MainUpdater:2868 - connection check result : 10
2023-10-23 03:04:19,774 [INFO] MainUpdater:2868 - connection check result : 10
2023-10-23 03:04:20,020 [INFO] MicroXplorer:468 - Change Database Path : 
2023-10-23 03:04:20,020 [INFO] MicroXplorer:498 - Change Database Version : DB.6.0.90
2023-10-23 03:04:20,038 [WARN] ThirdParty:871 - waiting for thirdparty lock release [close project]
2023-10-23 03:04:20,038 [INFO] ThirdParty:873 - entering critical section [close project]
2023-10-23 03:04:20,039 [INFO] ThirdParty:883 - exiting critical section [close project]
2023-10-23 03:04:20,040 [INFO] PinOutPanel:1499 - setPackage(No Configuration,No Configuration)
2023-10-23 03:04:20,048 [INFO] UtilMem:75 - Begin LoadConfig() Used Memory: 723840120 Bytes (1073741824)
2023-10-23 03:04:20,048 [INFO] MicroXplorer:468 - Change Database Path : 
2023-10-23 03:04:20,049 [INFO] MicroXplorer:498 - Change Database Version : DB.6.0.90
2023-10-23 03:04:20,049 [INFO] OpenFileManager:308 - Change cursor
2023-10-23 03:04:20,055 [INFO] Mcu:1946 - Initializing MCU STM32L476R(C-E-G)Tx STM32L476RGTx STM32L476RGT3
2023-10-23 03:04:21,423 [INFO] Context:659 - Trying to add GPIOservice into a context  which must be forbidden
2023-10-23 03:04:21,788 [INFO] RtosManager:555 - Registered RTOS mode: class=CMSIS, group=RTOS, mode=CMSIS_V1, owner=FREERTOS
2023-10-23 03:04:21,788 [INFO] RtosManager:555 - Registered RTOS mode: class=CMSIS, group=RTOS2, mode=CMSIS_V2, owner=FREERTOS
2023-10-23 03:04:21,788 [INFO] RtosManager:555 - Registered RTOS mode: class=RTOS, group=Core, mode=CMSIS_V1, owner=FREERTOS
2023-10-23 03:04:21,789 [INFO] RtosManager:555 - Registered RTOS mode: class=RTOS, group=Core, mode=CMSIS_V2, owner=FREERTOS
2023-10-23 03:04:21,789 [WARN] ModelIntegratedComponent:184 - Missing modes for component STMicroelectronics:FreeRTOS:0.0.1:STMicroelectronics:RTOS:FreeRTOS:Core:::10.2.0:
2023-10-23 03:04:21,801 [WARN] ModelIntegratedComponent:63 - No mode defined for component null
2023-10-23 03:04:21,802 [WARN] ModelIntegratedComponent:63 - No mode defined for component null
2023-10-23 03:04:21,802 [WARN] ModelIntegratedComponent:63 - No mode defined for component null
2023-10-23 03:04:21,802 [WARN] ModelIntegratedComponent:63 - No mode defined for component null
2023-10-23 03:04:21,802 [WARN] ModelIntegratedComponent:63 - No mode defined for component null
2023-10-23 03:04:21,802 [WARN] ModelIntegratedComponent:63 - No mode defined for component null
2023-10-23 03:04:21,802 [WARN] ModelIntegratedComponent:63 - No mode defined for component null
2023-10-23 03:04:21,802 [WARN] ModelIntegratedComponent:63 - No mode defined for component null
2023-10-23 03:04:21,802 [WARN] ModelIntegratedComponent:63 - No mode defined for component null
2023-10-23 03:04:21,802 [WARN] ModelIntegratedComponent:63 - No mode defined for component null
2023-10-23 03:04:21,802 [WARN] ModelIntegratedComponent:63 - No mode defined for component null
2023-10-23 03:04:21,802 [WARN] ModelIntegratedComponent:63 - No mode defined for component null
2023-10-23 03:04:21,802 [WARN] ModelIntegratedComponent:63 - No mode defined for component null
2023-10-23 03:04:21,802 [WARN] ModelIntegratedComponent:63 - No mode defined for component null
2023-10-23 03:04:21,802 [WARN] ModelIntegratedComponent:63 - No mode defined for component null
2023-10-23 03:04:21,802 [WARN] ModelIntegratedComponent:63 - No mode defined for component null
2023-10-23 03:04:21,802 [WARN] ModelIntegratedComponent:63 - No mode defined for component null
2023-10-23 03:04:21,802 [WARN] ModelIntegratedComponent:63 - No mode defined for component null
2023-10-23 03:04:21,802 [WARN] ModelIntegratedComponent:63 - No mode defined for component null
2023-10-23 03:04:21,803 [WARN] ModelIntegratedComponent:63 - No mode defined for component null
2023-10-23 03:04:21,803 [WARN] ModelIntegratedComponent:63 - No mode defined for component null
2023-10-23 03:04:21,803 [WARN] ModelIntegratedComponent:63 - No mode defined for component null
2023-10-23 03:04:21,803 [WARN] ModelIntegratedComponent:63 - No mode defined for component null
2023-10-23 03:04:21,803 [WARN] ModelIntegratedComponent:63 - No mode defined for component null
2023-10-23 03:04:21,803 [WARN] ModelIntegratedComponent:63 - No mode defined for component null
2023-10-23 03:04:21,803 [WARN] ModelIntegratedComponent:63 - No mode defined for component null
2023-10-23 03:04:21,803 [WARN] ModelIntegratedComponent:63 - No mode defined for component null
2023-10-23 03:04:21,803 [WARN] ModelIntegratedComponent:63 - No mode defined for component null
2023-10-23 03:04:21,803 [WARN] ModelIntegratedComponent:63 - No mode defined for component null
2023-10-23 03:04:21,803 [WARN] ModelIntegratedComponent:63 - No mode defined for component null
2023-10-23 03:04:21,803 [WARN] ModelIntegratedComponent:63 - No mode defined for component null
2023-10-23 03:04:21,803 [WARN] ModelIntegratedComponent:63 - No mode defined for component null
2023-10-23 03:04:21,803 [WARN] ModelIntegratedComponent:63 - No mode defined for component null
2023-10-23 03:04:21,883 [INFO] ThirdPartyModel:298 - Start build external matchings
2023-10-23 03:04:22,315 [INFO] ThirdPartyModel:316 - End build external matchings
2023-10-23 03:04:22,323 [INFO] ImportTextPane:194 - (OptionalMessage_ERROR) IP (RCC) : Invalid parameter (FamilyName)
2023-10-23 03:04:22,324 [INFO] ImportTextPane:194 - (OptionalMessage_ERROR) IP (RCC) : Parameter (RNGFreq_Value) has invalid value (64000000)
2023-10-23 03:04:22,324 [INFO] ImportTextPane:194 - (OptionalMessage_ERROR) IP (RCC) : Parameter (SDMMCFreq_Value) has invalid value (64000000)
2023-10-23 03:04:22,324 [INFO] ImportTextPane:194 - (OptionalMessage_ERROR) IP (RCC) : Parameter (USBFreq_Value) has invalid value (64000000)
2023-10-23 03:04:22,655 [INFO] UtilMem:75 - End LoadConfig() Used Memory: 881160864 Bytes (1073741824)
2023-10-23 03:04:22,704 [WARN] ThirdParty:833 - waiting for thirdparty lock release [change project]
2023-10-23 03:04:22,704 [INFO] ThirdParty:835 - entering critical section [change project]
2023-10-23 03:04:22,704 [INFO] ThirdParty:1030 - CMSIS Pack Vendor :STMicroelectronics X-CUBE-ISPU 1.1.0
2023-10-23 03:04:22,704 [INFO] ThirdParty:1030 - CMSIS Pack Vendor :STMicroelectronics USBPD 4.1
2023-10-23 03:04:22,704 [INFO] ThirdParty:1030 - CMSIS Pack Vendor :STMicroelectronics X-CUBE-GNSS1 6.0.0
2023-10-23 03:04:22,704 [INFO] ThirdParty:1030 - CMSIS Pack Vendor :STMicroelectronics USB_HOST 2.0.0
2023-10-23 03:04:22,704 [INFO] ThirdParty:1030 - CMSIS Pack Vendor :STMicroelectronics X-CUBE-AZRTOS-F4 1.1.0
2023-10-23 03:04:22,704 [INFO] ThirdParty:1030 - CMSIS Pack Vendor :STMicroelectronics LIBJPEG 8.0.0
2023-10-23 03:04:22,704 [INFO] ThirdParty:1030 - CMSIS Pack Vendor :wolfSSL I-CUBE-wolfSSL 5.6.3
2023-10-23 03:04:22,704 [INFO] ThirdParty:1030 - CMSIS Pack Vendor :STMicroelectronics X-CUBE-SMBUS 2.1.0
2023-10-23 03:04:22,704 [INFO] ThirdParty:1030 - CMSIS Pack Vendor :STMicroelectronics USB_DEVICE 3.0.0
2023-10-23 03:04:22,704 [INFO] ThirdParty:1030 - CMSIS Pack Vendor :STMicroelectronics X-CUBE-AZRTOS-WB 2.0.0
2023-10-23 03:04:22,704 [INFO] ThirdParty:1030 - CMSIS Pack Vendor :STMicroelectronics X-CUBE-FREERTOS 1.0.1
2023-10-23 03:04:22,704 [INFO] ThirdParty:1030 - CMSIS Pack Vendor :STMicroelectronics X-CUBE-AZRTOS-F7 1.1.0
2023-10-23 03:04:22,704 [INFO] ThirdParty:1030 - CMSIS Pack Vendor :STMicroelectronics X-CUBE-AZRTOS-L5 2.0.0
2023-10-23 03:04:22,704 [INFO] ThirdParty:1030 - CMSIS Pack Vendor :STMicroelectronics USB_DEVICE 2.0.0
2023-10-23 03:04:22,704 [INFO] ThirdParty:1030 - CMSIS Pack Vendor :STMicroelectronics X-CUBE-MEMS1 9.6.0
2023-10-23 03:04:22,704 [INFO] ThirdParty:1030 - CMSIS Pack Vendor :ITTIA_DB I-CUBE-ITTIADB 8.8.0
2023-10-23 03:04:22,704 [INFO] ThirdParty:1030 - CMSIS Pack Vendor :STMicroelectronics FP-SNS-MOTENV1 4.3.2
2023-10-23 03:04:22,704 [INFO] ThirdParty:1030 - CMSIS Pack Vendor :STMicroelectronics X-CUBE-ALGOBUILD 1.3.0
2023-10-23 03:04:22,704 [INFO] ThirdParty:1030 - CMSIS Pack Vendor :STMicroelectronics X-CUBE-BLE1 6.2.4
2023-10-23 03:04:22,704 [INFO] ThirdParty:1030 - CMSIS Pack Vendor :STMicroelectronics X-CUBE-AZRTOS-L5 1.1.0
2023-10-23 03:04:22,704 [INFO] ThirdParty:1030 - CMSIS Pack Vendor :STMicroelectronics FreeRTOS 0.0.1
2023-10-23 03:04:22,704 [INFO] ThirdParty:1030 - CMSIS Pack Vendor :STMicroelectronics X-CUBE-AZRTOS-G0 1.1.0
2023-10-23 03:04:22,704 [INFO] ThirdParty:1030 - CMSIS Pack Vendor :STMicroelectronics X-CUBE-BLEMGR 2.0.0
2023-10-23 03:04:22,704 [INFO] ThirdParty:1030 - CMSIS Pack Vendor :STMicroelectronics X-CUBE-AI 8.0.1
2023-10-23 03:04:22,704 [INFO] ThirdParty:1030 - CMSIS Pack Vendor :STMicroelectronics X-CUBE-NFC4 3.0.0
2023-10-23 03:04:22,704 [INFO] ThirdParty:1030 - CMSIS Pack Vendor :STMicroelectronics X-CUBE-SUBG2 5.0.0
2023-10-23 03:04:22,704 [INFO] ThirdParty:1030 - CMSIS Pack Vendor :STMicroelectronics STM32_WPAN 1.0.0
2023-10-23 03:04:22,704 [INFO] ThirdParty:1030 - CMSIS Pack Vendor :STMicroelectronics lwIP 2.0.3
2023-10-23 03:04:22,704 [INFO] ThirdParty:1030 - CMSIS Pack Vendor :STMicroelectronics FP-SNS-FLIGHT1 5.0.2
2023-10-23 03:04:22,704 [INFO] ThirdParty:1030 - CMSIS Pack Vendor :STMicroelectronics USB_HOST 1.0.0
2023-10-23 03:04:22,705 [INFO] ThirdParty:1030 - CMSIS Pack Vendor :STMicroelectronics X-CUBE-TOF1 3.3.1
2023-10-23 03:04:22,705 [INFO] ThirdParty:1030 - CMSIS Pack Vendor :STMicroelectronics X-CUBE-AZRTOS-G4 2.0.0
2023-10-23 03:04:22,705 [INFO] ThirdParty:1030 - CMSIS Pack Vendor :STMicroelectronics PDM2PCM 3.1.0
2023-10-23 03:04:22,705 [INFO] ThirdParty:1030 - CMSIS Pack Vendor :STMicroelectronics X-CUBE-AZRTOS-H7 3.1.0
2023-10-23 03:04:22,705 [INFO] ThirdParty:1030 - CMSIS Pack Vendor :Infineon AIROC-Wi-Fi-Bluetooth-STM32 1.5.1
2023-10-23 03:04:22,705 [INFO] ThirdParty:1030 - CMSIS Pack Vendor :STMicroelectronics PDM2PCM 3.3.0
2023-10-23 03:04:22,705 [INFO] ThirdParty:1030 - CMSIS Pack Vendor :STMicroelectronics X-CUBE-DISPLAY 3.0.0
2023-10-23 03:04:22,705 [INFO] ThirdParty:1030 - CMSIS Pack Vendor :STMicroelectronics X-CUBE-BLE1 7.0.0
2023-10-23 03:04:22,705 [INFO] ThirdParty:1030 - CMSIS Pack Vendor :STMicroelectronics FP-ATR-SIGFOX1 3.2.0
2023-10-23 03:04:22,705 [INFO] ThirdParty:1030 - CMSIS Pack Vendor :STMicroelectronics HAL Drivers 0.0.0
2023-10-23 03:04:22,705 [INFO] ThirdParty:1030 - CMSIS Pack Vendor :STMicroelectronics MBEDTLS 2.16.2
2023-10-23 03:04:22,705 [INFO] ThirdParty:1030 - CMSIS Pack Vendor :emotas I-CUBE-CANOPEN 1.3.0
2023-10-23 03:04:22,705 [INFO] ThirdParty:1030 - CMSIS Pack Vendor :STMicroelectronics X-CUBE-MEMS1 10.0.0
2023-10-23 03:04:22,705 [INFO] ThirdParty:1030 - CMSIS Pack Vendor :STMicroelectronics X-CUBE-FREERTOS 1.1.0
2023-10-23 03:04:22,705 [INFO] ThirdParty:1030 - CMSIS Pack Vendor :STMicroelectronics X-CUBE-TOUCHGFX 4.22.0
2023-10-23 03:04:22,705 [INFO] ThirdParty:1030 - CMSIS Pack Vendor :STMicroelectronics X-CUBE-NFC7 1.0.1
2023-10-23 03:04:22,705 [INFO] ThirdParty:1030 - CMSIS Pack Vendor :STMicroelectronics MBEDTLS 2.14.1
2023-10-23 03:04:22,705 [INFO] ThirdParty:1030 - CMSIS Pack Vendor :STMicroelectronics X-CUBE-TOUCHGFX 4.22.1
2023-10-23 03:04:22,705 [INFO] ThirdParty:1030 - CMSIS Pack Vendor :STMicroelectronics X-CUBE-NFC6 3.0.0
2023-10-23 03:04:22,705 [INFO] ThirdParty:1030 - CMSIS Pack Vendor :STMicroelectronics X-CUBE-EEPRMA1 4.1.0
2023-10-23 03:04:22,705 [INFO] ThirdParty:1030 - CMSIS Pack Vendor :portGmbH I-Cube-SoM-uGOAL 1.1.0
2023-10-23 03:04:22,705 [INFO] ThirdParty:1030 - CMSIS Pack Vendor :STMicroelectronics X-CUBE-ALS 1.0.1
2023-10-23 03:04:22,705 [INFO] ThirdParty:1030 - CMSIS Pack Vendor :STMicroelectronics ThreadX 1.0.0
2023-10-23 03:04:22,705 [INFO] ThirdParty:1030 - CMSIS Pack Vendor :STMicroelectronics FP-SNS-SMARTAG2 1.2.0
2023-10-23 03:04:22,705 [INFO] ThirdParty:1030 - CMSIS Pack Vendor :STMicroelectronics X-CUBE-AZRTOS-WB 1.1.0
2023-10-23 03:04:22,705 [INFO] ThirdParty:1030 - CMSIS Pack Vendor :STMicroelectronics X-CUBE-AZRTOS-WL 2.0.0
2023-10-23 03:04:22,705 [INFO] ThirdParty:1030 - CMSIS Pack Vendor :SEGGER I-CUBE-embOS 1.3.1
2023-10-23 03:04:22,705 [INFO] ThirdParty:1030 - CMSIS Pack Vendor :STMicroelectronics USB_DEVICE 1.0.0
2023-10-23 03:04:22,705 [INFO] ThirdParty:1030 - CMSIS Pack Vendor :STMicroelectronics X-CUBE-AI 8.1.0
2023-10-23 03:04:22,705 [INFO] ThirdParty:1030 - CMSIS Pack Vendor :STMicroelectronics X-CUBE-AZRTOS-L4 2.0.0
2023-10-23 03:04:22,705 [INFO] ThirdParty:1030 - CMSIS Pack Vendor :STMicroelectronics ThreadX 0.0.2
2023-10-23 03:04:22,705 [INFO] ThirdParty:1030 - CMSIS Pack Vendor :WES I-CUBE-Cesium 1.3.0
2023-10-23 03:04:22,705 [INFO] ThirdParty:1030 - CMSIS Pack Vendor :STMicroelectronics FP-ATR-ASTRA1 2.0.0
2023-10-23 03:04:22,705 [INFO] ThirdParty:1030 - CMSIS Pack Vendor :STMicroelectronics lwIP 2.1.2
2023-10-23 03:04:22,705 [INFO] ThirdParty:1030 - CMSIS Pack Vendor :STMicroelectronics X-CUBE-SFXS2LP1 4.0.0
2023-10-23 03:04:22,705 [INFO] ThirdParty:1030 - CMSIS Pack Vendor :STMicroelectronics X-CUBE-BLE2 3.3.0
2023-10-23 03:04:22,705 [INFO] ThirdParty:1030 - CMSIS Pack Vendor :STMicroelectronics PDM2PCM 3.2.0
2023-10-23 03:04:22,705 [INFO] ThirdParty:841 - exiting critical section [change project]
2023-10-23 03:04:22,920 [INFO] PinOutPanel:1499 - setPackage(No Configuration,No Configuration)
2023-10-23 03:04:22,921 [INFO] PinOutPanel:1499 - setPackage(STM32L476RGTx,LQFP64)
2023-10-23 03:04:23,343 [INFO] UtilMem:75 - Before build in PCC Used Memory: 730381432 Bytes (1073741824)
2023-10-23 03:04:23,634 [INFO] UtilMem:75 - After build in PCC Used Memory: 809546872 Bytes (1073741824)
2023-10-23 03:04:23,653 [INFO] IPUIPlugin:80 - create IPUIPlugin
2023-10-23 03:04:23,653 [INFO] IPUIPlugin:80 - create IPUIPlugin
2023-10-23 03:04:23,654 [INFO] IPUIPlugin:80 - create IPUIPlugin
2023-10-23 03:04:23,654 [INFO] IPUIPlugin:80 - create IPUIPlugin
2023-10-23 03:04:23,654 [INFO] IPUIPlugin:80 - create IPUIPlugin
2023-10-23 03:04:23,654 [INFO] IPUIPlugin:80 - create IPUIPlugin
2023-10-23 03:04:23,654 [INFO] IPUIPlugin:80 - create IPUIPlugin
2023-10-23 03:04:23,654 [INFO] IPUIPlugin:80 - create IPUIPlugin
2023-10-23 03:04:23,654 [INFO] IPUIPlugin:80 - create IPUIPlugin
2023-10-23 03:04:23,654 [INFO] IPUIPlugin:80 - create IPUIPlugin
2023-10-23 03:04:23,654 [INFO] IPUIPlugin:80 - create IPUIPlugin
2023-10-23 03:04:23,654 [INFO] IPUIPlugin:80 - create IPUIPlugin
2023-10-23 03:04:23,654 [INFO] IPUIPlugin:80 - create IPUIPlugin
2023-10-23 03:04:23,654 [INFO] IPUIPlugin:80 - create IPUIPlugin
2023-10-23 03:04:23,654 [INFO] IPUIPlugin:80 - create IPUIPlugin
2023-10-23 03:04:23,654 [INFO] IPUIPlugin:80 - create IPUIPlugin
2023-10-23 03:04:23,655 [INFO] IPUIPlugin:80 - create IPUIPlugin
2023-10-23 03:04:23,655 [INFO] IPUIPlugin:80 - create IPUIPlugin
2023-10-23 03:04:23,655 [INFO] IPUIPlugin:80 - create IPUIPlugin
2023-10-23 03:04:23,655 [INFO] IPUIPlugin:80 - create IPUIPlugin
2023-10-23 03:04:23,655 [INFO] IPUIPlugin:80 - create IPUIPlugin
2023-10-23 03:04:23,655 [INFO] IPUIPlugin:80 - create IPUIPlugin
2023-10-23 03:04:23,656 [INFO] IPUIPlugin:80 - create IPUIPlugin
2023-10-23 03:04:23,656 [INFO] IPUIPlugin:80 - create IPUIPlugin
2023-10-23 03:04:23,656 [INFO] IPUIPlugin:80 - create IPUIPlugin
2023-10-23 03:04:23,656 [INFO] IPUIPlugin:80 - create IPUIPlugin
2023-10-23 03:04:23,656 [INFO] IPUIPlugin:80 - create IPUIPlugin
2023-10-23 03:04:23,656 [INFO] IPUIPlugin:80 - create IPUIPlugin
2023-10-23 03:04:23,656 [INFO] IPUIPlugin:80 - create IPUIPlugin
2023-10-23 03:04:23,657 [INFO] IPUIPlugin:80 - create IPUIPlugin
2023-10-23 03:04:23,657 [INFO] IPUIPlugin:80 - create IPUIPlugin
2023-10-23 03:04:23,657 [INFO] IPUIPlugin:80 - create IPUIPlugin
2023-10-23 03:04:23,657 [INFO] IPUIPlugin:80 - create IPUIPlugin
2023-10-23 03:04:23,657 [INFO] IPUIPlugin:80 - create IPUIPlugin
2023-10-23 03:04:23,657 [INFO] IPUIPlugin:80 - create IPUIPlugin
2023-10-23 03:04:23,657 [INFO] IPUIPlugin:80 - create IPUIPlugin
2023-10-23 03:04:23,658 [INFO] IPUIPlugin:80 - create IPUIPlugin
2023-10-23 03:04:23,658 [INFO] IPUIPlugin:80 - create IPUIPlugin
2023-10-23 03:04:23,658 [INFO] IPUIPlugin:80 - create IPUIPlugin
2023-10-23 03:04:23,658 [INFO] IPUIPlugin:80 - create IPUIPlugin
2023-10-23 03:04:23,658 [INFO] IPUIPlugin:80 - create IPUIPlugin
2023-10-23 03:04:23,659 [INFO] IPUIPlugin:80 - create IPUIPlugin
2023-10-23 03:04:23,659 [INFO] IPUIPlugin:80 - create IPUIPlugin
2023-10-23 03:04:23,659 [INFO] IPUIPlugin:80 - create IPUIPlugin
2023-10-23 03:04:23,659 [INFO] IPUIPlugin:80 - create IPUIPlugin
2023-10-23 03:04:23,659 [INFO] IPUIPlugin:80 - create IPUIPlugin
2023-10-23 03:04:23,660 [INFO] IPUIPlugin:80 - create IPUIPlugin
2023-10-23 03:04:23,660 [INFO] IPUIPlugin:80 - create IPUIPlugin
2023-10-23 03:04:23,660 [INFO] IPUIPlugin:80 - create IPUIPlugin
2023-10-23 03:04:23,660 [INFO] IPUIPlugin:80 - create IPUIPlugin
2023-10-23 03:04:23,660 [INFO] IPUIPlugin:80 - create IPUIPlugin
2023-10-23 03:04:23,661 [INFO] IPUIPlugin:80 - create IPUIPlugin
2023-10-23 03:04:23,661 [INFO] IPUIPlugin:80 - create IPUIPlugin
2023-10-23 03:04:23,661 [INFO] IPUIPlugin:80 - create IPUIPlugin
2023-10-23 03:04:23,661 [INFO] IPUIPlugin:80 - create IPUIPlugin
2023-10-23 03:04:23,661 [INFO] IPUIPlugin:80 - create IPUIPlugin
2023-10-23 03:04:23,662 [INFO] IPUIPlugin:80 - create IPUIPlugin
2023-10-23 03:04:23,662 [INFO] IPUIPlugin:80 - create IPUIPlugin
2023-10-23 03:04:23,662 [INFO] IPUIPlugin:80 - create IPUIPlugin
2023-10-23 03:04:23,708 [INFO] CADModel:165 - CPN selected for project levelSTM32L476RGT3
2023-10-23 03:04:23,708 [INFO] CADModel:114 - Register for checkConnection events
2023-10-23 03:04:23,766 [INFO] OpenFileManager:328 - Restore cursor
